2026-02-25 14:27:34,211 - lg_cotrain - INFO - === Optuna study: hurricane_florence_2018 budget=50 seed=2 | target=10 trials, 0 replayed, 10 new ===
2026-02-25 14:27:34,211 - lg_cotrain - INFO - --- Trial 1/10 ---
2026-02-25 14:27:34,734 - lg_cotrain - INFO - Starting LG-CoTrain: event=hurricane_florence_2018, budget=50, seed_set=2
2026-02-25 14:27:34,784 - lg_cotrain - INFO - Detected 9 classes for event hurricane_florence_2018: ['caution_and_advice', 'displaced_people_and_evacuations', 'infrastructure_and_utility_damage', 'injured_or_dead_people', 'not_humanitarian', 'other_relevant_information', 'requests_or_urgent_needs', 'rescue_volunteering_or_donation_effort', 'sympathy_and_support']
2026-02-25 14:27:34,792 - lg_cotrain - INFO - D_l1: 219, D_l2: 219, D_LG: 3946
2026-02-25 14:27:34,795 - lg_cotrain - INFO - === Phase 1: Weight Generation ===
2026-02-25 14:27:51,483 - lg_cotrain - INFO - Phase 1 epoch 1/7: mean_prob1=0.1206, mean_prob2=0.1163
2026-02-25 14:28:07,285 - lg_cotrain - INFO - Phase 1 epoch 2/7: mean_prob1=0.1208, mean_prob2=0.1167
2026-02-25 14:28:23,765 - lg_cotrain - INFO - Phase 1 epoch 3/7: mean_prob1=0.1196, mean_prob2=0.1156
2026-02-25 14:28:39,803 - lg_cotrain - INFO - Phase 1 epoch 4/7: mean_prob1=0.1212, mean_prob2=0.1159
2026-02-25 14:28:55,516 - lg_cotrain - INFO - Phase 1 epoch 5/7: mean_prob1=0.1250, mean_prob2=0.1211
2026-02-25 14:29:11,985 - lg_cotrain - INFO - Phase 1 epoch 6/7: mean_prob1=0.1310, mean_prob2=0.1234
2026-02-25 14:29:28,090 - lg_cotrain - INFO - Phase 1 epoch 7/7: mean_prob1=0.1357, mean_prob2=0.1247
2026-02-25 14:29:28,090 - lg_cotrain - INFO - === Phase 2: Co-Training ===
2026-02-25 14:29:29,066 - lg_cotrain - INFO - LR scheduler: total_steps_1=958, warmup=248; total_steps_2=958, warmup=248
2026-02-25 14:29:29,067 - lg_cotrain - INFO - Phase 1 done -> seeded Phase 2 trackers. lambda1: mean=0.1357, range=[0.0460, 0.2408]
2026-02-25 14:29:29,067 - lg_cotrain - INFO - Phase 1 done -> seeded Phase 2 trackers. lambda2: mean=0.1247, range=[0.0325, 0.3072]
2026-02-25 14:30:21,689 - lg_cotrain - INFO - Phase 2 epoch 1/9: loss1=0.2588, loss2=0.3026, dev_macro_f1=0.1319, dev_err=67.92%
2026-02-25 14:31:14,008 - lg_cotrain - INFO - Phase 2 epoch 2/9: loss1=0.1908, loss2=0.3334, dev_macro_f1=0.2165, dev_err=48.83%
2026-02-25 14:32:05,684 - lg_cotrain - INFO - Phase 2 epoch 3/9: loss1=0.1386, loss2=0.2919, dev_macro_f1=0.3012, dev_err=42.41%
2026-02-25 14:32:57,415 - lg_cotrain - INFO - Phase 2 epoch 4/9: loss1=0.0741, loss2=0.2042, dev_macro_f1=0.5002, dev_err=30.52%
2026-02-25 14:33:49,172 - lg_cotrain - INFO - Phase 2 epoch 5/9: loss1=0.0413, loss2=0.1530, dev_macro_f1=0.5892, dev_err=25.67%
2026-02-25 14:34:41,301 - lg_cotrain - INFO - Phase 2 epoch 6/9: loss1=0.0231, loss2=0.1087, dev_macro_f1=0.6006, dev_err=25.35%
2026-02-25 14:35:35,599 - lg_cotrain - INFO - Phase 2 epoch 7/9: loss1=0.0179, loss2=0.0782, dev_macro_f1=0.6114, dev_err=24.26%
2026-02-25 14:36:30,120 - lg_cotrain - INFO - Phase 2 epoch 8/9: loss1=0.0166, loss2=0.0653, dev_macro_f1=0.6131, dev_err=24.26%
2026-02-25 14:37:24,553 - lg_cotrain - INFO - Phase 2 epoch 9/9: loss1=0.0143, loss2=0.0543, dev_macro_f1=0.6228, dev_err=23.79%
2026-02-25 14:37:24,553 - lg_cotrain - INFO - === Phase 3: Fine-Tuning ===
2026-02-25 14:37:28,840 - lg_cotrain - INFO - Phase 3 epoch 1: dev_macro_f1=0.6350, dev_err=23.79%, es_counter1=0, es_counter2=0
2026-02-25 14:37:33,125 - lg_cotrain - INFO - Phase 3 epoch 2: dev_macro_f1=0.6625, dev_err=24.26%, es_counter1=0, es_counter2=0
2026-02-25 14:37:37,414 - lg_cotrain - INFO - Phase 3 epoch 3: dev_macro_f1=0.6702, dev_err=23.63%, es_counter1=0, es_counter2=0
2026-02-25 14:37:41,699 - lg_cotrain - INFO - Phase 3 epoch 4: dev_macro_f1=0.6878, dev_err=21.75%, es_counter1=0, es_counter2=0
2026-02-25 14:37:45,971 - lg_cotrain - INFO - Phase 3 epoch 5: dev_macro_f1=0.6749, dev_err=22.85%, es_counter1=1, es_counter2=1
2026-02-25 14:37:50,224 - lg_cotrain - INFO - Phase 3 epoch 6: dev_macro_f1=0.6604, dev_err=24.41%, es_counter1=2, es_counter2=2
2026-02-25 14:37:54,481 - lg_cotrain - INFO - Phase 3 epoch 7: dev_macro_f1=0.6595, dev_err=24.57%, es_counter1=3, es_counter2=3
2026-02-25 14:37:58,748 - lg_cotrain - INFO - Phase 3 epoch 8: dev_macro_f1=0.6681, dev_err=23.79%, es_counter1=4, es_counter2=4
2026-02-25 14:38:03,024 - lg_cotrain - INFO - Phase 3 epoch 9: dev_macro_f1=0.6742, dev_err=23.32%, es_counter1=5, es_counter2=5
2026-02-25 14:38:07,321 - lg_cotrain - INFO - Phase 3 epoch 10: dev_macro_f1=0.6702, dev_err=23.94%, es_counter1=6, es_counter2=6
2026-02-25 14:38:11,576 - lg_cotrain - INFO - Phase 3 epoch 11: dev_macro_f1=0.6650, dev_err=24.73%, es_counter1=7, es_counter2=7
2026-02-25 14:38:15,980 - lg_cotrain - INFO - Phase 3 epoch 12: dev_macro_f1=0.6638, dev_err=24.73%, es_counter1=8, es_counter2=8
2026-02-25 14:38:15,980 - lg_cotrain - INFO - Early stopping at epoch 12
2026-02-25 14:38:15,991 - lg_cotrain - INFO - === Final Evaluation ===
2026-02-25 14:38:22,350 - lg_cotrain - INFO - Results saved to C:\Users\anhtr\AppData\Local\Temp\tmp_lqxii3g\hurricane_florence_2018\50_set2\metrics.json
2026-02-25 14:38:22,352 - lg_cotrain - INFO - Test error rate: 22.32%, Test macro-F1: 0.6745, Test ECE: 0.0671
2026-02-25 14:38:22,364 - lg_cotrain - INFO - --- Trial 1/10 done: dev_macro_f1=0.6878 ---
2026-02-25 14:38:22,365 - lg_cotrain - INFO - --- Trial 2/10 ---
2026-02-25 14:38:22,866 - lg_cotrain - INFO - Starting LG-CoTrain: event=hurricane_florence_2018, budget=50, seed_set=2
2026-02-25 14:38:22,902 - lg_cotrain - INFO - Detected 9 classes for event hurricane_florence_2018: ['caution_and_advice', 'displaced_people_and_evacuations', 'infrastructure_and_utility_damage', 'injured_or_dead_people', 'not_humanitarian', 'other_relevant_information', 'requests_or_urgent_needs', 'rescue_volunteering_or_donation_effort', 'sympathy_and_support']
2026-02-25 14:38:22,910 - lg_cotrain - INFO - D_l1: 219, D_l2: 219, D_LG: 3946
2026-02-25 14:38:22,912 - lg_cotrain - INFO - === Phase 1: Weight Generation ===
2026-02-25 14:38:44,084 - lg_cotrain - INFO - Phase 1 epoch 1/7: mean_prob1=0.0931, mean_prob2=0.1128
2026-02-25 14:39:04,057 - lg_cotrain - INFO - Phase 1 epoch 2/7: mean_prob1=0.1271, mean_prob2=0.1258
2026-02-25 14:39:24,060 - lg_cotrain - INFO - Phase 1 epoch 3/7: mean_prob1=0.1037, mean_prob2=0.0917
2026-02-25 14:39:43,969 - lg_cotrain - INFO - Phase 1 epoch 4/7: mean_prob1=0.1461, mean_prob2=0.1322
2026-02-25 14:40:03,102 - lg_cotrain - INFO - Phase 1 epoch 5/7: mean_prob1=0.1316, mean_prob2=0.1351
2026-02-25 14:40:22,381 - lg_cotrain - INFO - Phase 1 epoch 6/7: mean_prob1=0.1197, mean_prob2=0.1198
2026-02-25 14:40:41,686 - lg_cotrain - INFO - Phase 1 epoch 7/7: mean_prob1=0.1214, mean_prob2=0.1388
2026-02-25 14:40:41,686 - lg_cotrain - INFO - === Phase 2: Co-Training ===
2026-02-25 14:40:42,691 - lg_cotrain - INFO - LR scheduler: total_steps_1=12680, warmup=1506; total_steps_2=12680, warmup=1506
2026-02-25 14:40:42,691 - lg_cotrain - INFO - Phase 1 done -> seeded Phase 2 trackers. lambda1: mean=0.1214, range=[0.0507, 0.2149]
2026-02-25 14:40:42,691 - lg_cotrain - INFO - Phase 1 done -> seeded Phase 2 trackers. lambda2: mean=0.1388, range=[0.0283, 0.1849]
2026-02-25 14:41:56,802 - lg_cotrain - INFO - Phase 2 epoch 1/20: loss1=0.1687, loss2=0.1591, dev_macro_f1=0.3122, dev_err=51.02%
2026-02-25 14:43:14,981 - lg_cotrain - INFO - Phase 2 epoch 2/20: loss1=0.2112, loss2=0.8964, dev_macro_f1=0.0425, dev_err=76.37%
2026-02-25 14:44:34,616 - lg_cotrain - INFO - Phase 2 epoch 3/20: loss1=0.1792, loss2=0.7772, dev_macro_f1=0.0385, dev_err=79.03%
2026-02-25 14:45:53,125 - lg_cotrain - INFO - Phase 2 epoch 4/20: loss1=0.1696, loss2=0.7160, dev_macro_f1=0.0425, dev_err=76.37%
2026-02-25 14:47:11,450 - lg_cotrain - INFO - Phase 2 epoch 5/20: loss1=0.1743, loss2=0.6651, dev_macro_f1=0.0425, dev_err=76.37%
2026-02-25 14:48:27,516 - lg_cotrain - INFO - Phase 2 epoch 6/20: loss1=0.1762, loss2=0.6295, dev_macro_f1=0.0425, dev_err=76.37%
2026-02-25 14:49:44,349 - lg_cotrain - INFO - Phase 2 epoch 7/20: loss1=0.1785, loss2=0.6002, dev_macro_f1=0.0425, dev_err=76.37%
2026-02-25 14:51:02,492 - lg_cotrain - INFO - Phase 2 epoch 8/20: loss1=0.1794, loss2=0.5775, dev_macro_f1=0.0425, dev_err=76.37%
2026-02-25 14:52:22,298 - lg_cotrain - INFO - Phase 2 epoch 9/20: loss1=0.1820, loss2=0.5598, dev_macro_f1=0.0425, dev_err=76.37%
2026-02-25 14:53:40,454 - lg_cotrain - INFO - Phase 2 epoch 10/20: loss1=0.1844, loss2=0.5430, dev_macro_f1=0.0425, dev_err=76.37%
2026-02-25 14:54:59,496 - lg_cotrain - INFO - Phase 2 epoch 11/20: loss1=0.1858, loss2=0.5296, dev_macro_f1=0.0425, dev_err=76.37%
2026-02-25 14:56:18,123 - lg_cotrain - INFO - Phase 2 epoch 12/20: loss1=0.1870, loss2=0.5176, dev_macro_f1=0.0425, dev_err=76.37%
2026-02-25 14:57:34,213 - lg_cotrain - INFO - Phase 2 epoch 13/20: loss1=0.1950, loss2=0.5083, dev_macro_f1=0.0425, dev_err=76.37%
2026-02-25 14:58:49,348 - lg_cotrain - INFO - Phase 2 epoch 14/20: loss1=0.1909, loss2=0.4995, dev_macro_f1=0.0425, dev_err=76.37%
2026-02-25 15:00:04,527 - lg_cotrain - INFO - Phase 2 epoch 15/20: loss1=0.1913, loss2=0.4915, dev_macro_f1=0.0425, dev_err=76.37%
2026-02-25 15:01:19,505 - lg_cotrain - INFO - Phase 2 epoch 16/20: loss1=0.1922, loss2=0.4831, dev_macro_f1=0.0425, dev_err=76.37%
2026-02-25 15:02:34,568 - lg_cotrain - INFO - Phase 2 epoch 17/20: loss1=0.1929, loss2=0.4759, dev_macro_f1=0.0425, dev_err=76.37%
2026-02-25 15:03:49,933 - lg_cotrain - INFO - Phase 2 epoch 18/20: loss1=0.1931, loss2=0.4700, dev_macro_f1=0.0425, dev_err=76.37%
2026-02-25 15:05:06,220 - lg_cotrain - INFO - Phase 2 epoch 19/20: loss1=0.1938, loss2=0.4642, dev_macro_f1=0.0425, dev_err=76.37%
2026-02-25 15:06:22,356 - lg_cotrain - INFO - Phase 2 epoch 20/20: loss1=0.1944, loss2=0.4584, dev_macro_f1=0.0425, dev_err=76.37%
2026-02-25 15:06:22,356 - lg_cotrain - INFO - === Phase 3: Fine-Tuning ===
2026-02-25 15:06:28,077 - lg_cotrain - INFO - Phase 3 epoch 1: dev_macro_f1=0.0109, dev_err=94.84%, es_counter1=0, es_counter2=0
2026-02-25 15:06:33,777 - lg_cotrain - INFO - Phase 3 epoch 2: dev_macro_f1=0.0017, dev_err=99.22%, es_counter1=1, es_counter2=1
2026-02-25 15:06:39,601 - lg_cotrain - INFO - Phase 3 epoch 3: dev_macro_f1=0.0425, dev_err=76.37%, es_counter1=0, es_counter2=0
2026-02-25 15:06:45,303 - lg_cotrain - INFO - Phase 3 epoch 4: dev_macro_f1=0.0205, dev_err=89.83%, es_counter1=1, es_counter2=1
2026-02-25 15:06:51,025 - lg_cotrain - INFO - Phase 3 epoch 5: dev_macro_f1=0.0425, dev_err=76.37%, es_counter1=2, es_counter2=2
2026-02-25 15:06:56,812 - lg_cotrain - INFO - Phase 3 epoch 6: dev_macro_f1=0.0100, dev_err=95.31%, es_counter1=3, es_counter2=3
2026-02-25 15:07:02,530 - lg_cotrain - INFO - Phase 3 epoch 7: dev_macro_f1=0.0205, dev_err=89.83%, es_counter1=4, es_counter2=4
2026-02-25 15:07:08,201 - lg_cotrain - INFO - Phase 3 epoch 8: dev_macro_f1=0.0155, dev_err=92.49%, es_counter1=5, es_counter2=5
2026-02-25 15:07:13,901 - lg_cotrain - INFO - Phase 3 epoch 9: dev_macro_f1=0.0425, dev_err=76.37%, es_counter1=6, es_counter2=6
2026-02-25 15:07:19,618 - lg_cotrain - INFO - Phase 3 epoch 10: dev_macro_f1=0.0425, dev_err=76.37%, es_counter1=7, es_counter2=7
2026-02-25 15:07:25,312 - lg_cotrain - INFO - Phase 3 epoch 11: dev_macro_f1=0.0205, dev_err=89.83%, es_counter1=8, es_counter2=8
2026-02-25 15:07:25,312 - lg_cotrain - INFO - Early stopping at epoch 11
2026-02-25 15:07:25,326 - lg_cotrain - INFO - === Final Evaluation ===
2026-02-25 15:07:32,794 - lg_cotrain - INFO - Results saved to C:\Users\anhtr\AppData\Local\Temp\tmpmwulk16z\hurricane_florence_2018\50_set2\metrics.json
2026-02-25 15:07:32,795 - lg_cotrain - INFO - Test error rate: 76.39%, Test macro-F1: 0.0424, Test ECE: 0.0561
2026-02-25 15:07:32,807 - lg_cotrain - INFO - --- Trial 2/10 done: dev_macro_f1=0.0425 ---
2026-02-25 15:07:32,808 - lg_cotrain - INFO - --- Trial 3/10 ---
2026-02-25 15:07:33,314 - lg_cotrain - INFO - Starting LG-CoTrain: event=hurricane_florence_2018, budget=50, seed_set=2
2026-02-25 15:07:33,346 - lg_cotrain - INFO - Detected 9 classes for event hurricane_florence_2018: ['caution_and_advice', 'displaced_people_and_evacuations', 'infrastructure_and_utility_damage', 'injured_or_dead_people', 'not_humanitarian', 'other_relevant_information', 'requests_or_urgent_needs', 'rescue_volunteering_or_donation_effort', 'sympathy_and_support']
2026-02-25 15:07:33,352 - lg_cotrain - INFO - D_l1: 219, D_l2: 219, D_LG: 3946
2026-02-25 15:07:33,354 - lg_cotrain - INFO - === Phase 1: Weight Generation ===
2026-02-25 15:07:51,016 - lg_cotrain - INFO - Phase 1 epoch 1/7: mean_prob1=0.1136, mean_prob2=0.1183
2026-02-25 15:08:08,067 - lg_cotrain - INFO - Phase 1 epoch 2/7: mean_prob1=0.1310, mean_prob2=0.1135
2026-02-25 15:08:24,897 - lg_cotrain - INFO - Phase 1 epoch 3/7: mean_prob1=0.1875, mean_prob2=0.1175
2026-02-25 15:08:41,821 - lg_cotrain - INFO - Phase 1 epoch 4/7: mean_prob1=0.2964, mean_prob2=0.1280
2026-02-25 15:08:58,900 - lg_cotrain - INFO - Phase 1 epoch 5/7: mean_prob1=0.4026, mean_prob2=0.1982
2026-02-25 15:09:15,867 - lg_cotrain - INFO - Phase 1 epoch 6/7: mean_prob1=0.4813, mean_prob2=0.3010
2026-02-25 15:09:32,721 - lg_cotrain - INFO - Phase 1 epoch 7/7: mean_prob1=0.5561, mean_prob2=0.4429
2026-02-25 15:09:32,721 - lg_cotrain - INFO - === Phase 2: Co-Training ===
2026-02-25 15:09:33,712 - lg_cotrain - INFO - LR scheduler: total_steps_1=1816, warmup=320; total_steps_2=1816, warmup=320
2026-02-25 15:09:33,713 - lg_cotrain - INFO - Phase 1 done -> seeded Phase 2 trackers. lambda1: mean=0.5561, range=[0.0015, 0.9802]
2026-02-25 15:09:33,713 - lg_cotrain - INFO - Phase 1 done -> seeded Phase 2 trackers. lambda2: mean=0.4429, range=[0.0037, 0.9294]
2026-02-25 15:10:31,113 - lg_cotrain - INFO - Phase 2 epoch 1/9: loss1=0.6098, loss2=0.7969, dev_macro_f1=0.6327, dev_err=22.69%
2026-02-25 15:11:28,426 - lg_cotrain - INFO - Phase 2 epoch 2/9: loss1=0.0766, loss2=0.2807, dev_macro_f1=0.6222, dev_err=23.79%
2026-02-25 15:12:25,556 - lg_cotrain - INFO - Phase 2 epoch 3/9: loss1=0.0986, loss2=0.2260, dev_macro_f1=0.6292, dev_err=23.16%
2026-02-25 15:13:22,672 - lg_cotrain - INFO - Phase 2 epoch 4/9: loss1=0.0911, loss2=0.1483, dev_macro_f1=0.6216, dev_err=23.63%
2026-02-25 15:14:19,644 - lg_cotrain - INFO - Phase 2 epoch 5/9: loss1=0.0550, loss2=0.1030, dev_macro_f1=0.6371, dev_err=22.07%
2026-02-25 15:15:16,648 - lg_cotrain - INFO - Phase 2 epoch 6/9: loss1=0.0512, loss2=0.1052, dev_macro_f1=0.6114, dev_err=24.73%
2026-02-25 15:16:13,620 - lg_cotrain - INFO - Phase 2 epoch 7/9: loss1=0.0390, loss2=0.0401, dev_macro_f1=0.6174, dev_err=23.47%
2026-02-25 15:17:10,554 - lg_cotrain - INFO - Phase 2 epoch 8/9: loss1=0.0268, loss2=0.0324, dev_macro_f1=0.6148, dev_err=23.94%
2026-02-25 15:18:07,518 - lg_cotrain - INFO - Phase 2 epoch 9/9: loss1=0.0245, loss2=0.0191, dev_macro_f1=0.6159, dev_err=24.10%
2026-02-25 15:18:07,518 - lg_cotrain - INFO - === Phase 3: Fine-Tuning ===
2026-02-25 15:18:11,920 - lg_cotrain - INFO - Phase 3 epoch 1: dev_macro_f1=0.6136, dev_err=27.23%, es_counter1=0, es_counter2=0
2026-02-25 15:18:16,331 - lg_cotrain - INFO - Phase 3 epoch 2: dev_macro_f1=0.6748, dev_err=26.60%, es_counter1=0, es_counter2=0
2026-02-25 15:18:20,723 - lg_cotrain - INFO - Phase 3 epoch 3: dev_macro_f1=0.6632, dev_err=21.75%, es_counter1=1, es_counter2=1
2026-02-25 15:18:25,115 - lg_cotrain - INFO - Phase 3 epoch 4: dev_macro_f1=0.6662, dev_err=24.73%, es_counter1=2, es_counter2=2
2026-02-25 15:18:29,548 - lg_cotrain - INFO - Phase 3 epoch 5: dev_macro_f1=0.6821, dev_err=24.57%, es_counter1=0, es_counter2=0
2026-02-25 15:18:33,982 - lg_cotrain - INFO - Phase 3 epoch 6: dev_macro_f1=0.6851, dev_err=24.41%, es_counter1=0, es_counter2=0
2026-02-25 15:18:38,420 - lg_cotrain - INFO - Phase 3 epoch 7: dev_macro_f1=0.6852, dev_err=24.57%, es_counter1=0, es_counter2=0
2026-02-25 15:18:42,847 - lg_cotrain - INFO - Phase 3 epoch 8: dev_macro_f1=0.6846, dev_err=24.57%, es_counter1=1, es_counter2=1
2026-02-25 15:18:47,272 - lg_cotrain - INFO - Phase 3 epoch 9: dev_macro_f1=0.6901, dev_err=25.04%, es_counter1=0, es_counter2=0
2026-02-25 15:18:51,673 - lg_cotrain - INFO - Phase 3 epoch 10: dev_macro_f1=0.6873, dev_err=25.35%, es_counter1=1, es_counter2=1
2026-02-25 15:18:56,141 - lg_cotrain - INFO - Phase 3 epoch 11: dev_macro_f1=0.6816, dev_err=25.82%, es_counter1=2, es_counter2=2
2026-02-25 15:19:00,530 - lg_cotrain - INFO - Phase 3 epoch 12: dev_macro_f1=0.6840, dev_err=25.51%, es_counter1=3, es_counter2=3
2026-02-25 15:19:04,925 - lg_cotrain - INFO - Phase 3 epoch 13: dev_macro_f1=0.6860, dev_err=25.20%, es_counter1=4, es_counter2=4
2026-02-25 15:19:09,340 - lg_cotrain - INFO - Phase 3 epoch 14: dev_macro_f1=0.6915, dev_err=24.73%, es_counter1=0, es_counter2=0
2026-02-25 15:19:13,720 - lg_cotrain - INFO - Phase 3 epoch 15: dev_macro_f1=0.6913, dev_err=24.57%, es_counter1=1, es_counter2=1
2026-02-25 15:19:18,124 - lg_cotrain - INFO - Phase 3 epoch 16: dev_macro_f1=0.6945, dev_err=24.26%, es_counter1=0, es_counter2=0
2026-02-25 15:19:22,512 - lg_cotrain - INFO - Phase 3 epoch 17: dev_macro_f1=0.6959, dev_err=24.10%, es_counter1=0, es_counter2=0
2026-02-25 15:19:26,916 - lg_cotrain - INFO - Phase 3 epoch 18: dev_macro_f1=0.6968, dev_err=23.94%, es_counter1=0, es_counter2=0
2026-02-25 15:19:31,331 - lg_cotrain - INFO - Phase 3 epoch 19: dev_macro_f1=0.6987, dev_err=23.79%, es_counter1=0, es_counter2=0
2026-02-25 15:19:35,728 - lg_cotrain - INFO - Phase 3 epoch 20: dev_macro_f1=0.6942, dev_err=24.10%, es_counter1=1, es_counter2=1
2026-02-25 15:19:40,127 - lg_cotrain - INFO - Phase 3 epoch 21: dev_macro_f1=0.6933, dev_err=24.26%, es_counter1=2, es_counter2=2
2026-02-25 15:19:44,508 - lg_cotrain - INFO - Phase 3 epoch 22: dev_macro_f1=0.6951, dev_err=24.10%, es_counter1=3, es_counter2=3
2026-02-25 15:19:48,871 - lg_cotrain - INFO - Phase 3 epoch 23: dev_macro_f1=0.6981, dev_err=23.94%, es_counter1=4, es_counter2=4
2026-02-25 15:19:53,250 - lg_cotrain - INFO - Phase 3 epoch 24: dev_macro_f1=0.6981, dev_err=23.94%, es_counter1=5, es_counter2=5
2026-02-25 15:19:53,251 - lg_cotrain - INFO - Early stopping at epoch 24
2026-02-25 15:19:53,263 - lg_cotrain - INFO - === Final Evaluation ===
2026-02-25 15:19:59,637 - lg_cotrain - INFO - Results saved to C:\Users\anhtr\AppData\Local\Temp\tmpdr6766y3\hurricane_florence_2018\50_set2\metrics.json
2026-02-25 15:19:59,638 - lg_cotrain - INFO - Test error rate: 26.51%, Test macro-F1: 0.6686, Test ECE: 0.1115
2026-02-25 15:19:59,650 - lg_cotrain - INFO - --- Trial 3/10 done: dev_macro_f1=0.6987 ---
2026-02-25 15:19:59,650 - lg_cotrain - INFO - --- Trial 4/10 ---
2026-02-25 15:20:00,137 - lg_cotrain - INFO - Starting LG-CoTrain: event=hurricane_florence_2018, budget=50, seed_set=2
2026-02-25 15:20:00,168 - lg_cotrain - INFO - Detected 9 classes for event hurricane_florence_2018: ['caution_and_advice', 'displaced_people_and_evacuations', 'infrastructure_and_utility_damage', 'injured_or_dead_people', 'not_humanitarian', 'other_relevant_information', 'requests_or_urgent_needs', 'rescue_volunteering_or_donation_effort', 'sympathy_and_support']
2026-02-25 15:20:00,175 - lg_cotrain - INFO - D_l1: 219, D_l2: 219, D_LG: 3946
2026-02-25 15:20:00,176 - lg_cotrain - INFO - === Phase 1: Weight Generation ===
2026-02-25 15:20:18,365 - lg_cotrain - INFO - Phase 1 epoch 1/7: mean_prob1=0.1228, mean_prob2=0.1183
2026-02-25 15:20:35,677 - lg_cotrain - INFO - Phase 1 epoch 2/7: mean_prob1=0.1827, mean_prob2=0.1164
2026-02-25 15:20:52,932 - lg_cotrain - INFO - Phase 1 epoch 3/7: mean_prob1=0.2678, mean_prob2=0.1163
2026-02-25 15:21:10,151 - lg_cotrain - INFO - Phase 1 epoch 4/7: mean_prob1=0.3255, mean_prob2=0.1109
2026-02-25 15:21:27,448 - lg_cotrain - INFO - Phase 1 epoch 5/7: mean_prob1=0.4593, mean_prob2=0.1181
2026-02-25 15:21:44,776 - lg_cotrain - INFO - Phase 1 epoch 6/7: mean_prob1=0.4174, mean_prob2=0.1378
2026-02-25 15:22:02,046 - lg_cotrain - INFO - Phase 1 epoch 7/7: mean_prob1=0.4974, mean_prob2=0.2736
2026-02-25 15:22:02,047 - lg_cotrain - INFO - === Phase 2: Co-Training ===
2026-02-25 15:22:03,120 - lg_cotrain - INFO - LR scheduler: total_steps_1=5352, warmup=1411; total_steps_2=5352, warmup=1411
2026-02-25 15:22:03,120 - lg_cotrain - INFO - Phase 1 done -> seeded Phase 2 trackers. lambda1: mean=0.4974, range=[0.0003, 0.9845]
2026-02-25 15:22:03,121 - lg_cotrain - INFO - Phase 1 done -> seeded Phase 2 trackers. lambda2: mean=0.2736, range=[0.0047, 0.9281]
2026-02-25 15:23:05,118 - lg_cotrain - INFO - Phase 2 epoch 1/16: loss1=0.3881, loss2=0.7345, dev_macro_f1=0.6239, dev_err=24.41%
2026-02-25 15:24:07,264 - lg_cotrain - INFO - Phase 2 epoch 2/16: loss1=0.0636, loss2=0.2658, dev_macro_f1=0.5741, dev_err=28.95%
2026-02-25 15:25:09,381 - lg_cotrain - INFO - Phase 2 epoch 3/16: loss1=0.0625, loss2=0.1745, dev_macro_f1=0.6397, dev_err=23.16%
2026-02-25 15:26:11,501 - lg_cotrain - INFO - Phase 2 epoch 4/16: loss1=0.0711, loss2=0.2288, dev_macro_f1=0.6188, dev_err=24.41%
2026-02-25 15:27:13,609 - lg_cotrain - INFO - Phase 2 epoch 5/16: loss1=0.1213, loss2=0.2899, dev_macro_f1=0.5883, dev_err=29.73%
2026-02-25 15:28:17,297 - lg_cotrain - INFO - Phase 2 epoch 6/16: loss1=0.2501, loss2=0.2708, dev_macro_f1=0.5987, dev_err=27.86%
2026-02-25 15:29:19,483 - lg_cotrain - INFO - Phase 2 epoch 7/16: loss1=0.6769, loss2=0.2590, dev_macro_f1=0.6074, dev_err=26.29%
2026-02-25 15:30:22,169 - lg_cotrain - INFO - Phase 2 epoch 8/16: loss1=0.8659, loss2=0.1443, dev_macro_f1=0.6253, dev_err=25.98%
2026-02-25 15:31:24,943 - lg_cotrain - INFO - Phase 2 epoch 9/16: loss1=0.8975, loss2=0.0981, dev_macro_f1=0.6259, dev_err=25.20%
2026-02-25 15:32:28,571 - lg_cotrain - INFO - Phase 2 epoch 10/16: loss1=0.9386, loss2=0.0646, dev_macro_f1=0.6274, dev_err=24.41%
2026-02-25 15:33:32,212 - lg_cotrain - INFO - Phase 2 epoch 11/16: loss1=0.9743, loss2=0.0362, dev_macro_f1=0.6278, dev_err=24.88%
2026-02-25 15:34:36,146 - lg_cotrain - INFO - Phase 2 epoch 12/16: loss1=1.0095, loss2=0.0267, dev_macro_f1=0.6317, dev_err=25.35%
2026-02-25 15:35:40,000 - lg_cotrain - INFO - Phase 2 epoch 13/16: loss1=1.0356, loss2=0.0454, dev_macro_f1=0.6145, dev_err=26.29%
2026-02-25 15:36:45,120 - lg_cotrain - INFO - Phase 2 epoch 14/16: loss1=1.0614, loss2=0.0217, dev_macro_f1=0.6060, dev_err=27.23%
2026-02-25 15:37:50,844 - lg_cotrain - INFO - Phase 2 epoch 15/16: loss1=1.0892, loss2=0.0204, dev_macro_f1=0.6217, dev_err=25.82%
2026-02-25 15:38:56,476 - lg_cotrain - INFO - Phase 2 epoch 16/16: loss1=1.1120, loss2=0.0226, dev_macro_f1=0.6269, dev_err=25.51%
2026-02-25 15:38:56,478 - lg_cotrain - INFO - === Phase 3: Fine-Tuning ===
2026-02-25 15:39:01,472 - lg_cotrain - INFO - Phase 3 epoch 1: dev_macro_f1=0.5447, dev_err=33.96%, es_counter1=0, es_counter2=0
2026-02-25 15:39:06,589 - lg_cotrain - INFO - Phase 3 epoch 2: dev_macro_f1=0.5523, dev_err=48.51%, es_counter1=0, es_counter2=0
2026-02-25 15:39:11,737 - lg_cotrain - INFO - Phase 3 epoch 3: dev_macro_f1=0.6301, dev_err=27.86%, es_counter1=0, es_counter2=0
2026-02-25 15:39:16,749 - lg_cotrain - INFO - Phase 3 epoch 4: dev_macro_f1=0.5989, dev_err=38.81%, es_counter1=1, es_counter2=1
2026-02-25 15:39:21,770 - lg_cotrain - INFO - Phase 3 epoch 5: dev_macro_f1=0.6278, dev_err=29.42%, es_counter1=2, es_counter2=2
2026-02-25 15:39:26,748 - lg_cotrain - INFO - Phase 3 epoch 6: dev_macro_f1=0.6243, dev_err=32.39%, es_counter1=3, es_counter2=3
2026-02-25 15:39:31,747 - lg_cotrain - INFO - Phase 3 epoch 7: dev_macro_f1=0.6111, dev_err=38.18%, es_counter1=4, es_counter2=4
2026-02-25 15:39:36,817 - lg_cotrain - INFO - Phase 3 epoch 8: dev_macro_f1=0.6343, dev_err=29.11%, es_counter1=0, es_counter2=0
2026-02-25 15:39:41,876 - lg_cotrain - INFO - Phase 3 epoch 9: dev_macro_f1=0.6080, dev_err=36.31%, es_counter1=1, es_counter2=1
2026-02-25 15:39:46,910 - lg_cotrain - INFO - Phase 3 epoch 10: dev_macro_f1=0.6321, dev_err=29.42%, es_counter1=2, es_counter2=2
2026-02-25 15:39:51,919 - lg_cotrain - INFO - Phase 3 epoch 11: dev_macro_f1=0.6367, dev_err=32.08%, es_counter1=0, es_counter2=0
2026-02-25 15:39:56,901 - lg_cotrain - INFO - Phase 3 epoch 12: dev_macro_f1=0.6323, dev_err=31.92%, es_counter1=1, es_counter2=1
2026-02-25 15:40:01,924 - lg_cotrain - INFO - Phase 3 epoch 13: dev_macro_f1=0.6391, dev_err=31.92%, es_counter1=0, es_counter2=0
2026-02-25 15:40:06,922 - lg_cotrain - INFO - Phase 3 epoch 14: dev_macro_f1=0.6391, dev_err=30.67%, es_counter1=0, es_counter2=0
2026-02-25 15:40:11,912 - lg_cotrain - INFO - Phase 3 epoch 15: dev_macro_f1=0.6428, dev_err=31.30%, es_counter1=0, es_counter2=0
2026-02-25 15:40:16,907 - lg_cotrain - INFO - Phase 3 epoch 16: dev_macro_f1=0.6366, dev_err=32.08%, es_counter1=1, es_counter2=1
2026-02-25 15:40:21,904 - lg_cotrain - INFO - Phase 3 epoch 17: dev_macro_f1=0.6358, dev_err=31.61%, es_counter1=2, es_counter2=2
2026-02-25 15:40:26,885 - lg_cotrain - INFO - Phase 3 epoch 18: dev_macro_f1=0.6428, dev_err=28.48%, es_counter1=3, es_counter2=3
2026-02-25 15:40:31,865 - lg_cotrain - INFO - Phase 3 epoch 19: dev_macro_f1=0.6188, dev_err=32.39%, es_counter1=4, es_counter2=4
2026-02-25 15:40:36,861 - lg_cotrain - INFO - Phase 3 epoch 20: dev_macro_f1=0.6260, dev_err=33.49%, es_counter1=5, es_counter2=5
2026-02-25 15:40:41,879 - lg_cotrain - INFO - Phase 3 epoch 21: dev_macro_f1=0.6508, dev_err=31.30%, es_counter1=0, es_counter2=0
2026-02-25 15:40:46,857 - lg_cotrain - INFO - Phase 3 epoch 22: dev_macro_f1=0.6481, dev_err=31.46%, es_counter1=1, es_counter2=1
2026-02-25 15:40:51,824 - lg_cotrain - INFO - Phase 3 epoch 23: dev_macro_f1=0.6391, dev_err=32.08%, es_counter1=2, es_counter2=2
2026-02-25 15:40:56,808 - lg_cotrain - INFO - Phase 3 epoch 24: dev_macro_f1=0.6503, dev_err=30.52%, es_counter1=3, es_counter2=3
2026-02-25 15:41:01,804 - lg_cotrain - INFO - Phase 3 epoch 25: dev_macro_f1=0.6377, dev_err=32.24%, es_counter1=4, es_counter2=4
2026-02-25 15:41:06,805 - lg_cotrain - INFO - Phase 3 epoch 26: dev_macro_f1=0.6224, dev_err=34.27%, es_counter1=5, es_counter2=5
2026-02-25 15:41:11,779 - lg_cotrain - INFO - Phase 3 epoch 27: dev_macro_f1=0.6291, dev_err=33.65%, es_counter1=6, es_counter2=6
2026-02-25 15:41:16,744 - lg_cotrain - INFO - Phase 3 epoch 28: dev_macro_f1=0.6290, dev_err=33.80%, es_counter1=7, es_counter2=7
2026-02-25 15:41:21,712 - lg_cotrain - INFO - Phase 3 epoch 29: dev_macro_f1=0.6279, dev_err=33.96%, es_counter1=8, es_counter2=8
2026-02-25 15:41:26,672 - lg_cotrain - INFO - Phase 3 epoch 30: dev_macro_f1=0.6264, dev_err=33.96%, es_counter1=9, es_counter2=9
2026-02-25 15:41:26,673 - lg_cotrain - INFO - Early stopping at epoch 30
2026-02-25 15:41:26,681 - lg_cotrain - INFO - === Final Evaluation ===
2026-02-25 15:41:33,644 - lg_cotrain - INFO - Results saved to C:\Users\anhtr\AppData\Local\Temp\tmpm2gulxdb\hurricane_florence_2018\50_set2\metrics.json
2026-02-25 15:41:33,645 - lg_cotrain - INFO - Test error rate: 32.23%, Test macro-F1: 0.6452, Test ECE: 0.1760
2026-02-25 15:41:33,657 - lg_cotrain - INFO - --- Trial 4/10 done: dev_macro_f1=0.6508 ---
2026-02-25 15:41:33,657 - lg_cotrain - INFO - --- Trial 5/10 ---
2026-02-25 15:41:34,168 - lg_cotrain - INFO - Starting LG-CoTrain: event=hurricane_florence_2018, budget=50, seed_set=2
2026-02-25 15:41:34,199 - lg_cotrain - INFO - Detected 9 classes for event hurricane_florence_2018: ['caution_and_advice', 'displaced_people_and_evacuations', 'infrastructure_and_utility_damage', 'injured_or_dead_people', 'not_humanitarian', 'other_relevant_information', 'requests_or_urgent_needs', 'rescue_volunteering_or_donation_effort', 'sympathy_and_support']
2026-02-25 15:41:34,206 - lg_cotrain - INFO - D_l1: 219, D_l2: 219, D_LG: 3946
2026-02-25 15:41:34,207 - lg_cotrain - INFO - === Phase 1: Weight Generation ===
2026-02-25 15:41:51,337 - lg_cotrain - INFO - Phase 1 epoch 1/7: mean_prob1=0.1208, mean_prob2=0.1144
2026-02-25 15:42:07,715 - lg_cotrain - INFO - Phase 1 epoch 2/7: mean_prob1=0.1200, mean_prob2=0.1179
2026-02-25 15:42:23,879 - lg_cotrain - INFO - Phase 1 epoch 3/7: mean_prob1=0.1226, mean_prob2=0.1221
2026-02-25 15:42:40,009 - lg_cotrain - INFO - Phase 1 epoch 4/7: mean_prob1=0.1300, mean_prob2=0.1195
2026-02-25 15:42:56,167 - lg_cotrain - INFO - Phase 1 epoch 5/7: mean_prob1=0.1370, mean_prob2=0.1266
2026-02-25 15:43:12,373 - lg_cotrain - INFO - Phase 1 epoch 6/7: mean_prob1=0.1472, mean_prob2=0.1390
2026-02-25 15:43:28,679 - lg_cotrain - INFO - Phase 1 epoch 7/7: mean_prob1=0.1587, mean_prob2=0.1429
2026-02-25 15:43:28,679 - lg_cotrain - INFO - === Phase 2: Co-Training ===
2026-02-25 15:43:29,677 - lg_cotrain - INFO - LR scheduler: total_steps_1=1330, warmup=123; total_steps_2=1330, warmup=123
2026-02-25 15:43:29,678 - lg_cotrain - INFO - Phase 1 done -> seeded Phase 2 trackers. lambda1: mean=0.1587, range=[0.0353, 0.3174]
2026-02-25 15:43:29,678 - lg_cotrain - INFO - Phase 1 done -> seeded Phase 2 trackers. lambda2: mean=0.1429, range=[0.0303, 0.3588]
2026-02-25 15:44:22,635 - lg_cotrain - INFO - Phase 2 epoch 1/15: loss1=0.2838, loss2=0.3406, dev_macro_f1=0.2030, dev_err=52.58%
2026-02-25 15:45:15,535 - lg_cotrain - INFO - Phase 2 epoch 2/15: loss1=0.1508, loss2=0.2870, dev_macro_f1=0.4819, dev_err=31.14%
2026-02-25 15:46:07,286 - lg_cotrain - INFO - Phase 2 epoch 3/15: loss1=0.0566, loss2=0.1682, dev_macro_f1=0.5995, dev_err=24.73%
2026-02-25 15:46:59,074 - lg_cotrain - INFO - Phase 2 epoch 4/15: loss1=0.0269, loss2=0.1207, dev_macro_f1=0.6093, dev_err=24.26%
2026-02-25 15:47:52,224 - lg_cotrain - INFO - Phase 2 epoch 5/15: loss1=0.0167, loss2=0.0852, dev_macro_f1=0.6112, dev_err=24.57%
2026-02-25 15:48:45,424 - lg_cotrain - INFO - Phase 2 epoch 6/15: loss1=0.0142, loss2=0.0569, dev_macro_f1=0.6203, dev_err=24.26%
2026-02-25 15:49:38,318 - lg_cotrain - INFO - Phase 2 epoch 7/15: loss1=0.0171, loss2=0.0449, dev_macro_f1=0.6309, dev_err=23.32%
2026-02-25 15:50:30,641 - lg_cotrain - INFO - Phase 2 epoch 8/15: loss1=0.0097, loss2=0.0281, dev_macro_f1=0.6273, dev_err=24.26%
2026-02-25 15:51:22,531 - lg_cotrain - INFO - Phase 2 epoch 9/15: loss1=0.0080, loss2=0.0203, dev_macro_f1=0.6258, dev_err=24.57%
2026-02-25 15:52:14,825 - lg_cotrain - INFO - Phase 2 epoch 10/15: loss1=0.0076, loss2=0.0156, dev_macro_f1=0.6281, dev_err=25.20%
2026-02-25 15:53:07,842 - lg_cotrain - INFO - Phase 2 epoch 11/15: loss1=0.0053, loss2=0.0131, dev_macro_f1=0.6447, dev_err=23.47%
2026-02-25 15:54:01,830 - lg_cotrain - INFO - Phase 2 epoch 12/15: loss1=0.0056, loss2=0.0108, dev_macro_f1=0.6476, dev_err=23.16%
2026-02-25 15:54:55,151 - lg_cotrain - INFO - Phase 2 epoch 13/15: loss1=0.0055, loss2=0.0093, dev_macro_f1=0.6565, dev_err=23.32%
2026-02-25 15:55:48,925 - lg_cotrain - INFO - Phase 2 epoch 14/15: loss1=0.0047, loss2=0.0081, dev_macro_f1=0.6544, dev_err=23.32%
2026-02-25 15:56:42,955 - lg_cotrain - INFO - Phase 2 epoch 15/15: loss1=0.0048, loss2=0.0079, dev_macro_f1=0.6623, dev_err=22.38%
2026-02-25 15:56:42,955 - lg_cotrain - INFO - === Phase 3: Fine-Tuning ===
2026-02-25 15:56:47,203 - lg_cotrain - INFO - Phase 3 epoch 1: dev_macro_f1=0.6611, dev_err=23.79%, es_counter1=0, es_counter2=0
2026-02-25 15:56:51,532 - lg_cotrain - INFO - Phase 3 epoch 2: dev_macro_f1=0.6568, dev_err=25.67%, es_counter1=1, es_counter2=1
2026-02-25 15:56:55,757 - lg_cotrain - INFO - Phase 3 epoch 3: dev_macro_f1=0.6537, dev_err=26.45%, es_counter1=2, es_counter2=2
2026-02-25 15:56:59,964 - lg_cotrain - INFO - Phase 3 epoch 4: dev_macro_f1=0.6789, dev_err=23.16%, es_counter1=0, es_counter2=0
2026-02-25 15:57:04,233 - lg_cotrain - INFO - Phase 3 epoch 5: dev_macro_f1=0.6810, dev_err=22.38%, es_counter1=0, es_counter2=0
2026-02-25 15:57:08,493 - lg_cotrain - INFO - Phase 3 epoch 6: dev_macro_f1=0.6834, dev_err=22.22%, es_counter1=0, es_counter2=0
2026-02-25 15:57:12,613 - lg_cotrain - INFO - Phase 3 epoch 7: dev_macro_f1=0.7056, dev_err=22.22%, es_counter1=0, es_counter2=0
2026-02-25 15:57:16,734 - lg_cotrain - INFO - Phase 3 epoch 8: dev_macro_f1=0.6969, dev_err=22.69%, es_counter1=1, es_counter2=1
2026-02-25 15:57:20,857 - lg_cotrain - INFO - Phase 3 epoch 9: dev_macro_f1=0.6787, dev_err=23.63%, es_counter1=2, es_counter2=2
2026-02-25 15:57:24,963 - lg_cotrain - INFO - Phase 3 epoch 10: dev_macro_f1=0.6973, dev_err=23.79%, es_counter1=3, es_counter2=3
2026-02-25 15:57:29,188 - lg_cotrain - INFO - Phase 3 epoch 11: dev_macro_f1=0.6996, dev_err=23.79%, es_counter1=4, es_counter2=4
2026-02-25 15:57:33,433 - lg_cotrain - INFO - Phase 3 epoch 12: dev_macro_f1=0.6915, dev_err=23.63%, es_counter1=5, es_counter2=5
2026-02-25 15:57:37,512 - lg_cotrain - INFO - Phase 3 epoch 13: dev_macro_f1=0.6899, dev_err=23.94%, es_counter1=6, es_counter2=6
2026-02-25 15:57:41,596 - lg_cotrain - INFO - Phase 3 epoch 14: dev_macro_f1=0.6875, dev_err=24.41%, es_counter1=7, es_counter2=7
2026-02-25 15:57:45,690 - lg_cotrain - INFO - Phase 3 epoch 15: dev_macro_f1=0.6845, dev_err=25.35%, es_counter1=8, es_counter2=8
2026-02-25 15:57:45,691 - lg_cotrain - INFO - Early stopping at epoch 15
2026-02-25 15:57:45,699 - lg_cotrain - INFO - === Final Evaluation ===
2026-02-25 15:57:51,932 - lg_cotrain - INFO - Results saved to C:\Users\anhtr\AppData\Local\Temp\tmp_yuu_zvo\hurricane_florence_2018\50_set2\metrics.json
2026-02-25 15:57:51,932 - lg_cotrain - INFO - Test error rate: 25.06%, Test macro-F1: 0.6570, Test ECE: 0.0602
2026-02-25 15:57:51,943 - lg_cotrain - INFO - --- Trial 5/10 done: dev_macro_f1=0.7056 ---
2026-02-25 15:57:51,944 - lg_cotrain - INFO - --- Trial 6/10 ---
2026-02-25 15:57:52,486 - lg_cotrain - INFO - Starting LG-CoTrain: event=hurricane_florence_2018, budget=50, seed_set=2
2026-02-25 15:57:52,517 - lg_cotrain - INFO - Detected 9 classes for event hurricane_florence_2018: ['caution_and_advice', 'displaced_people_and_evacuations', 'infrastructure_and_utility_damage', 'injured_or_dead_people', 'not_humanitarian', 'other_relevant_information', 'requests_or_urgent_needs', 'rescue_volunteering_or_donation_effort', 'sympathy_and_support']
2026-02-25 15:57:52,523 - lg_cotrain - INFO - D_l1: 219, D_l2: 219, D_LG: 3946
2026-02-25 15:57:52,524 - lg_cotrain - INFO - === Phase 1: Weight Generation ===
2026-02-25 15:58:11,468 - lg_cotrain - INFO - Phase 1 epoch 1/7: mean_prob1=0.0952, mean_prob2=0.1135
2026-02-25 15:58:29,413 - lg_cotrain - INFO - Phase 1 epoch 2/7: mean_prob1=0.1193, mean_prob2=0.1189
2026-02-25 15:58:47,270 - lg_cotrain - INFO - Phase 1 epoch 3/7: mean_prob1=0.1172, mean_prob2=0.1018
2026-02-25 15:59:05,803 - lg_cotrain - INFO - Phase 1 epoch 4/7: mean_prob1=0.1238, mean_prob2=0.1199
2026-02-25 15:59:23,607 - lg_cotrain - INFO - Phase 1 epoch 5/7: mean_prob1=0.1129, mean_prob2=0.1181
2026-02-25 15:59:42,044 - lg_cotrain - INFO - Phase 1 epoch 6/7: mean_prob1=0.1096, mean_prob2=0.1138
2026-02-25 15:59:59,888 - lg_cotrain - INFO - Phase 1 epoch 7/7: mean_prob1=0.1219, mean_prob2=0.1089
2026-02-25 15:59:59,888 - lg_cotrain - INFO - === Phase 2: Co-Training ===
2026-02-25 16:00:00,927 - lg_cotrain - INFO - LR scheduler: total_steps_1=4858, warmup=907; total_steps_2=4858, warmup=907
2026-02-25 16:00:00,929 - lg_cotrain - INFO - Phase 1 done -> seeded Phase 2 trackers. lambda1: mean=0.1219, range=[0.0742, 0.1384]
2026-02-25 16:00:00,929 - lg_cotrain - INFO - Phase 1 done -> seeded Phase 2 trackers. lambda2: mean=0.1089, range=[0.1015, 0.1423]
2026-02-25 16:01:05,439 - lg_cotrain - INFO - Phase 2 epoch 1/14: loss1=0.1316, loss2=0.1489, dev_macro_f1=0.6060, dev_err=25.82%
2026-02-25 16:02:11,581 - lg_cotrain - INFO - Phase 2 epoch 2/14: loss1=0.0716, loss2=0.7331, dev_macro_f1=0.5294, dev_err=31.61%
2026-02-25 16:03:14,980 - lg_cotrain - INFO - Phase 2 epoch 3/14: loss1=0.0627, loss2=1.4852, dev_macro_f1=0.0425, dev_err=76.37%
2026-02-25 16:04:17,371 - lg_cotrain - INFO - Phase 2 epoch 4/14: loss1=0.0663, loss2=1.3404, dev_macro_f1=0.0425, dev_err=76.37%
2026-02-25 16:05:20,811 - lg_cotrain - INFO - Phase 2 epoch 5/14: loss1=0.0585, loss2=1.2208, dev_macro_f1=0.0425, dev_err=76.37%
2026-02-25 16:06:23,515 - lg_cotrain - INFO - Phase 2 epoch 6/14: loss1=0.0601, loss2=1.1345, dev_macro_f1=0.0425, dev_err=76.37%
2026-02-25 16:07:25,947 - lg_cotrain - INFO - Phase 2 epoch 7/14: loss1=0.0644, loss2=1.0631, dev_macro_f1=0.0425, dev_err=76.37%
2026-02-25 16:08:29,719 - lg_cotrain - INFO - Phase 2 epoch 8/14: loss1=0.0651, loss2=1.0069, dev_macro_f1=0.0425, dev_err=76.37%
2026-02-25 16:09:34,495 - lg_cotrain - INFO - Phase 2 epoch 9/14: loss1=0.0681, loss2=0.9598, dev_macro_f1=0.0425, dev_err=76.37%
2026-02-25 16:10:39,361 - lg_cotrain - INFO - Phase 2 epoch 10/14: loss1=0.0711, loss2=0.9178, dev_macro_f1=0.0425, dev_err=76.37%
2026-02-25 16:11:44,944 - lg_cotrain - INFO - Phase 2 epoch 11/14: loss1=0.0729, loss2=0.8855, dev_macro_f1=0.0425, dev_err=76.37%
2026-02-25 16:12:50,148 - lg_cotrain - INFO - Phase 2 epoch 12/14: loss1=0.0771, loss2=0.8510, dev_macro_f1=0.0425, dev_err=76.37%
2026-02-25 16:13:53,537 - lg_cotrain - INFO - Phase 2 epoch 13/14: loss1=0.0801, loss2=0.8292, dev_macro_f1=0.0425, dev_err=76.37%
2026-02-25 16:14:55,873 - lg_cotrain - INFO - Phase 2 epoch 14/14: loss1=0.0813, loss2=0.8035, dev_macro_f1=0.0425, dev_err=76.37%
2026-02-25 16:14:55,873 - lg_cotrain - INFO - === Phase 3: Fine-Tuning ===
2026-02-25 16:15:00,635 - lg_cotrain - INFO - Phase 3 epoch 1: dev_macro_f1=0.0017, dev_err=99.22%, es_counter1=0, es_counter2=0
2026-02-25 16:15:05,397 - lg_cotrain - INFO - Phase 3 epoch 2: dev_macro_f1=0.0100, dev_err=95.31%, es_counter1=0, es_counter2=0
2026-02-25 16:15:10,169 - lg_cotrain - INFO - Phase 3 epoch 3: dev_macro_f1=0.0155, dev_err=92.49%, es_counter1=0, es_counter2=0
2026-02-25 16:15:14,908 - lg_cotrain - INFO - Phase 3 epoch 4: dev_macro_f1=0.0100, dev_err=95.31%, es_counter1=1, es_counter2=1
2026-02-25 16:15:19,684 - lg_cotrain - INFO - Phase 3 epoch 5: dev_macro_f1=0.0155, dev_err=92.49%, es_counter1=2, es_counter2=2
2026-02-25 16:15:24,530 - lg_cotrain - INFO - Phase 3 epoch 6: dev_macro_f1=0.0100, dev_err=95.31%, es_counter1=3, es_counter2=3
2026-02-25 16:15:29,310 - lg_cotrain - INFO - Phase 3 epoch 7: dev_macro_f1=0.0205, dev_err=89.83%, es_counter1=0, es_counter2=0
2026-02-25 16:15:34,403 - lg_cotrain - INFO - Phase 3 epoch 8: dev_macro_f1=0.0321, dev_err=83.10%, es_counter1=0, es_counter2=0
2026-02-25 16:15:39,286 - lg_cotrain - INFO - Phase 3 epoch 9: dev_macro_f1=0.0109, dev_err=94.84%, es_counter1=1, es_counter2=1
2026-02-25 16:15:44,085 - lg_cotrain - INFO - Phase 3 epoch 10: dev_macro_f1=0.0205, dev_err=89.83%, es_counter1=2, es_counter2=2
2026-02-25 16:15:48,820 - lg_cotrain - INFO - Phase 3 epoch 11: dev_macro_f1=0.0100, dev_err=95.31%, es_counter1=3, es_counter2=3
2026-02-25 16:15:53,575 - lg_cotrain - INFO - Phase 3 epoch 12: dev_macro_f1=0.0385, dev_err=79.03%, es_counter1=0, es_counter2=0
2026-02-25 16:15:58,431 - lg_cotrain - INFO - Phase 3 epoch 13: dev_macro_f1=0.0205, dev_err=89.83%, es_counter1=1, es_counter2=1
2026-02-25 16:16:03,157 - lg_cotrain - INFO - Phase 3 epoch 14: dev_macro_f1=0.0155, dev_err=92.49%, es_counter1=2, es_counter2=2
2026-02-25 16:16:07,923 - lg_cotrain - INFO - Phase 3 epoch 15: dev_macro_f1=0.0205, dev_err=89.83%, es_counter1=3, es_counter2=3
2026-02-25 16:16:12,774 - lg_cotrain - INFO - Phase 3 epoch 16: dev_macro_f1=0.0425, dev_err=76.37%, es_counter1=0, es_counter2=0
2026-02-25 16:16:17,575 - lg_cotrain - INFO - Phase 3 epoch 17: dev_macro_f1=0.0321, dev_err=83.10%, es_counter1=1, es_counter2=1
2026-02-25 16:16:22,615 - lg_cotrain - INFO - Phase 3 epoch 18: dev_macro_f1=0.0155, dev_err=92.49%, es_counter1=2, es_counter2=2
2026-02-25 16:16:27,490 - lg_cotrain - INFO - Phase 3 epoch 19: dev_macro_f1=0.0205, dev_err=89.83%, es_counter1=3, es_counter2=3
2026-02-25 16:16:32,344 - lg_cotrain - INFO - Phase 3 epoch 20: dev_macro_f1=0.0100, dev_err=95.31%, es_counter1=4, es_counter2=4
2026-02-25 16:16:37,128 - lg_cotrain - INFO - Phase 3 epoch 21: dev_macro_f1=0.0321, dev_err=83.10%, es_counter1=5, es_counter2=5
2026-02-25 16:16:41,953 - lg_cotrain - INFO - Phase 3 epoch 22: dev_macro_f1=0.0205, dev_err=89.83%, es_counter1=6, es_counter2=6
2026-02-25 16:16:41,953 - lg_cotrain - INFO - Early stopping at epoch 22
2026-02-25 16:16:41,968 - lg_cotrain - INFO - === Final Evaluation ===
2026-02-25 16:16:48,652 - lg_cotrain - INFO - Results saved to C:\Users\anhtr\AppData\Local\Temp\tmptxh7yhnq\hurricane_florence_2018\50_set2\metrics.json
2026-02-25 16:16:48,652 - lg_cotrain - INFO - Test error rate: 76.39%, Test macro-F1: 0.0424, Test ECE: 0.1106
2026-02-25 16:16:48,664 - lg_cotrain - INFO - --- Trial 6/10 done: dev_macro_f1=0.0425 ---
2026-02-25 16:16:48,664 - lg_cotrain - INFO - --- Trial 7/10 ---
2026-02-25 16:16:49,212 - lg_cotrain - INFO - Starting LG-CoTrain: event=hurricane_florence_2018, budget=50, seed_set=2
2026-02-25 16:16:49,243 - lg_cotrain - INFO - Detected 9 classes for event hurricane_florence_2018: ['caution_and_advice', 'displaced_people_and_evacuations', 'infrastructure_and_utility_damage', 'injured_or_dead_people', 'not_humanitarian', 'other_relevant_information', 'requests_or_urgent_needs', 'rescue_volunteering_or_donation_effort', 'sympathy_and_support']
2026-02-25 16:16:49,253 - lg_cotrain - INFO - D_l1: 219, D_l2: 219, D_LG: 3946
2026-02-25 16:16:49,254 - lg_cotrain - INFO - === Phase 1: Weight Generation ===
2026-02-25 16:17:09,997 - lg_cotrain - INFO - Phase 1 epoch 1/7: mean_prob1=0.1183, mean_prob2=0.1229
2026-02-25 16:17:30,178 - lg_cotrain - INFO - Phase 1 epoch 2/7: mean_prob1=0.1394, mean_prob2=0.1355
2026-02-25 16:17:50,374 - lg_cotrain - INFO - Phase 1 epoch 3/7: mean_prob1=0.1771, mean_prob2=0.1776
2026-02-25 16:18:11,027 - lg_cotrain - INFO - Phase 1 epoch 4/7: mean_prob1=0.2232, mean_prob2=0.2503
2026-02-25 16:18:31,040 - lg_cotrain - INFO - Phase 1 epoch 5/7: mean_prob1=0.2801, mean_prob2=0.3529
2026-02-25 16:18:51,256 - lg_cotrain - INFO - Phase 1 epoch 6/7: mean_prob1=0.3129, mean_prob2=0.3864
2026-02-25 16:19:11,683 - lg_cotrain - INFO - Phase 1 epoch 7/7: mean_prob1=0.3452, mean_prob2=0.4576
2026-02-25 16:19:11,683 - lg_cotrain - INFO - === Phase 2: Co-Training ===
2026-02-25 16:19:12,704 - lg_cotrain - INFO - LR scheduler: total_steps_1=7740, warmup=966; total_steps_2=7740, warmup=966
2026-02-25 16:19:12,704 - lg_cotrain - INFO - Phase 1 done -> seeded Phase 2 trackers. lambda1: mean=0.3452, range=[0.0076, 0.8790]
2026-02-25 16:19:12,704 - lg_cotrain - INFO - Phase 1 done -> seeded Phase 2 trackers. lambda2: mean=0.4576, range=[0.0069, 0.9205]
2026-02-25 16:20:30,072 - lg_cotrain - INFO - Phase 2 epoch 1/10: loss1=0.7081, loss2=0.5798, dev_macro_f1=0.6124, dev_err=24.41%
2026-02-25 16:21:47,102 - lg_cotrain - INFO - Phase 2 epoch 2/10: loss1=0.1091, loss2=0.2236, dev_macro_f1=0.6149, dev_err=24.26%
2026-02-25 16:23:05,427 - lg_cotrain - INFO - Phase 2 epoch 3/10: loss1=0.0460, loss2=0.1409, dev_macro_f1=0.6343, dev_err=22.38%
2026-02-25 16:24:23,090 - lg_cotrain - INFO - Phase 2 epoch 4/10: loss1=0.0305, loss2=0.0992, dev_macro_f1=0.6509, dev_err=22.22%
2026-02-25 16:25:38,335 - lg_cotrain - INFO - Phase 2 epoch 5/10: loss1=0.0234, loss2=0.0529, dev_macro_f1=0.6706, dev_err=21.44%
2026-02-25 16:26:53,459 - lg_cotrain - INFO - Phase 2 epoch 6/10: loss1=0.0191, loss2=0.0457, dev_macro_f1=0.6656, dev_err=22.07%
2026-02-25 16:28:10,273 - lg_cotrain - INFO - Phase 2 epoch 7/10: loss1=0.0196, loss2=0.0319, dev_macro_f1=0.6767, dev_err=20.50%
2026-02-25 16:29:28,566 - lg_cotrain - INFO - Phase 2 epoch 8/10: loss1=0.0142, loss2=0.0226, dev_macro_f1=0.6664, dev_err=22.38%
2026-02-25 16:30:45,885 - lg_cotrain - INFO - Phase 2 epoch 9/10: loss1=0.0146, loss2=0.0119, dev_macro_f1=0.6518, dev_err=22.69%
2026-02-25 16:32:01,965 - lg_cotrain - INFO - Phase 2 epoch 10/10: loss1=0.0080, loss2=0.0096, dev_macro_f1=0.6678, dev_err=21.28%
2026-02-25 16:32:01,965 - lg_cotrain - INFO - === Phase 3: Fine-Tuning ===
2026-02-25 16:32:07,672 - lg_cotrain - INFO - Phase 3 epoch 1: dev_macro_f1=0.6563, dev_err=25.04%, es_counter1=0, es_counter2=0
2026-02-25 16:32:13,711 - lg_cotrain - INFO - Phase 3 epoch 2: dev_macro_f1=0.6830, dev_err=22.69%, es_counter1=0, es_counter2=0
2026-02-25 16:32:19,646 - lg_cotrain - INFO - Phase 3 epoch 3: dev_macro_f1=0.6978, dev_err=22.22%, es_counter1=0, es_counter2=0
2026-02-25 16:32:25,537 - lg_cotrain - INFO - Phase 3 epoch 4: dev_macro_f1=0.6879, dev_err=23.16%, es_counter1=1, es_counter2=1
2026-02-25 16:32:31,508 - lg_cotrain - INFO - Phase 3 epoch 5: dev_macro_f1=0.6949, dev_err=23.47%, es_counter1=2, es_counter2=2
2026-02-25 16:32:37,522 - lg_cotrain - INFO - Phase 3 epoch 6: dev_macro_f1=0.6898, dev_err=23.47%, es_counter1=3, es_counter2=3
2026-02-25 16:32:43,468 - lg_cotrain - INFO - Phase 3 epoch 7: dev_macro_f1=0.6908, dev_err=23.63%, es_counter1=4, es_counter2=4
2026-02-25 16:32:49,364 - lg_cotrain - INFO - Phase 3 epoch 8: dev_macro_f1=0.6935, dev_err=23.47%, es_counter1=5, es_counter2=5
2026-02-25 16:32:55,394 - lg_cotrain - INFO - Phase 3 epoch 9: dev_macro_f1=0.7027, dev_err=23.16%, es_counter1=0, es_counter2=0
2026-02-25 16:33:01,201 - lg_cotrain - INFO - Phase 3 epoch 10: dev_macro_f1=0.7063, dev_err=22.38%, es_counter1=0, es_counter2=0
2026-02-25 16:33:07,061 - lg_cotrain - INFO - Phase 3 epoch 11: dev_macro_f1=0.6985, dev_err=23.79%, es_counter1=1, es_counter2=1
2026-02-25 16:33:12,927 - lg_cotrain - INFO - Phase 3 epoch 12: dev_macro_f1=0.7040, dev_err=22.85%, es_counter1=2, es_counter2=2
2026-02-25 16:33:18,924 - lg_cotrain - INFO - Phase 3 epoch 13: dev_macro_f1=0.7030, dev_err=23.00%, es_counter1=3, es_counter2=3
2026-02-25 16:33:24,726 - lg_cotrain - INFO - Phase 3 epoch 14: dev_macro_f1=0.7021, dev_err=23.16%, es_counter1=4, es_counter2=4
2026-02-25 16:33:30,575 - lg_cotrain - INFO - Phase 3 epoch 15: dev_macro_f1=0.7002, dev_err=23.32%, es_counter1=5, es_counter2=5
2026-02-25 16:33:36,480 - lg_cotrain - INFO - Phase 3 epoch 16: dev_macro_f1=0.7023, dev_err=23.00%, es_counter1=6, es_counter2=6
2026-02-25 16:33:36,481 - lg_cotrain - INFO - Early stopping at epoch 16
2026-02-25 16:33:36,490 - lg_cotrain - INFO - === Final Evaluation ===
2026-02-25 16:33:44,215 - lg_cotrain - INFO - Results saved to C:\Users\anhtr\AppData\Local\Temp\tmpgt8_3_vq\hurricane_florence_2018\50_set2\metrics.json
2026-02-25 16:33:44,215 - lg_cotrain - INFO - Test error rate: 24.58%, Test macro-F1: 0.6866, Test ECE: 0.1041
2026-02-25 16:33:44,227 - lg_cotrain - INFO - --- Trial 7/10 done: dev_macro_f1=0.7063 ---
2026-02-25 16:33:44,228 - lg_cotrain - INFO - --- Trial 8/10 ---
2026-02-25 16:33:44,803 - lg_cotrain - INFO - Starting LG-CoTrain: event=hurricane_florence_2018, budget=50, seed_set=2
2026-02-25 16:33:44,840 - lg_cotrain - INFO - Detected 9 classes for event hurricane_florence_2018: ['caution_and_advice', 'displaced_people_and_evacuations', 'infrastructure_and_utility_damage', 'injured_or_dead_people', 'not_humanitarian', 'other_relevant_information', 'requests_or_urgent_needs', 'rescue_volunteering_or_donation_effort', 'sympathy_and_support']
2026-02-25 16:33:44,847 - lg_cotrain - INFO - D_l1: 219, D_l2: 219, D_LG: 3946
2026-02-25 16:33:44,850 - lg_cotrain - INFO - === Phase 1: Weight Generation ===
2026-02-25 16:34:02,940 - lg_cotrain - INFO - Phase 1 epoch 1/7: mean_prob1=0.1193, mean_prob2=0.1176
2026-02-25 16:34:20,245 - lg_cotrain - INFO - Phase 1 epoch 2/7: mean_prob1=0.1442, mean_prob2=0.1174
2026-02-25 16:34:37,468 - lg_cotrain - INFO - Phase 1 epoch 3/7: mean_prob1=0.1671, mean_prob2=0.1208
2026-02-25 16:34:54,742 - lg_cotrain - INFO - Phase 1 epoch 4/7: mean_prob1=0.2065, mean_prob2=0.1213
2026-02-25 16:35:12,107 - lg_cotrain - INFO - Phase 1 epoch 5/7: mean_prob1=0.2708, mean_prob2=0.1686
2026-02-25 16:35:29,249 - lg_cotrain - INFO - Phase 1 epoch 6/7: mean_prob1=0.3215, mean_prob2=0.2335
2026-02-25 16:35:46,592 - lg_cotrain - INFO - Phase 1 epoch 7/7: mean_prob1=0.3744, mean_prob2=0.3195
2026-02-25 16:35:46,592 - lg_cotrain - INFO - === Phase 2: Co-Training ===
2026-02-25 16:35:47,773 - lg_cotrain - INFO - LR scheduler: total_steps_1=2808, warmup=537; total_steps_2=2808, warmup=537
2026-02-25 16:35:47,774 - lg_cotrain - INFO - Phase 1 done -> seeded Phase 2 trackers. lambda1: mean=0.3744, range=[0.0063, 0.8767]
2026-02-25 16:35:47,775 - lg_cotrain - INFO - Phase 1 done -> seeded Phase 2 trackers. lambda2: mean=0.3195, range=[0.0070, 0.8601]
2026-02-25 16:36:47,210 - lg_cotrain - INFO - Phase 2 epoch 1/17: loss1=0.5868, loss2=0.7467, dev_macro_f1=0.3118, dev_err=43.97%
2026-02-25 16:37:46,763 - lg_cotrain - INFO - Phase 2 epoch 2/17: loss1=0.1219, loss2=0.3104, dev_macro_f1=0.6171, dev_err=23.79%
2026-02-25 16:38:46,137 - lg_cotrain - INFO - Phase 2 epoch 3/17: loss1=0.0441, loss2=0.1651, dev_macro_f1=0.6241, dev_err=23.47%
2026-02-25 16:39:45,425 - lg_cotrain - INFO - Phase 2 epoch 4/17: loss1=0.0347, loss2=0.1508, dev_macro_f1=0.6154, dev_err=24.41%
2026-02-25 16:40:45,028 - lg_cotrain - INFO - Phase 2 epoch 5/17: loss1=0.0341, loss2=0.1393, dev_macro_f1=0.6262, dev_err=22.85%
2026-02-25 16:41:44,349 - lg_cotrain - INFO - Phase 2 epoch 6/17: loss1=0.0348, loss2=0.0738, dev_macro_f1=0.6416, dev_err=22.07%
2026-02-25 16:42:43,666 - lg_cotrain - INFO - Phase 2 epoch 7/17: loss1=0.0224, loss2=0.0444, dev_macro_f1=0.6265, dev_err=23.47%
2026-02-25 16:43:43,289 - lg_cotrain - INFO - Phase 2 epoch 8/17: loss1=0.0322, loss2=0.0271, dev_macro_f1=0.6278, dev_err=23.79%
2026-02-25 16:44:44,474 - lg_cotrain - INFO - Phase 2 epoch 9/17: loss1=0.0147, loss2=0.0219, dev_macro_f1=0.6454, dev_err=22.22%
2026-02-25 16:45:43,807 - lg_cotrain - INFO - Phase 2 epoch 10/17: loss1=0.0097, loss2=0.0270, dev_macro_f1=0.6364, dev_err=22.22%
2026-02-25 16:46:42,466 - lg_cotrain - INFO - Phase 2 epoch 11/17: loss1=0.0097, loss2=0.0347, dev_macro_f1=0.6452, dev_err=22.85%
2026-02-25 16:47:41,059 - lg_cotrain - INFO - Phase 2 epoch 12/17: loss1=0.0123, loss2=0.0254, dev_macro_f1=0.6491, dev_err=22.38%
2026-02-25 16:48:39,598 - lg_cotrain - INFO - Phase 2 epoch 13/17: loss1=0.0098, loss2=0.0090, dev_macro_f1=0.6525, dev_err=22.85%
2026-02-25 16:49:38,318 - lg_cotrain - INFO - Phase 2 epoch 14/17: loss1=0.0095, loss2=0.0058, dev_macro_f1=0.6542, dev_err=23.00%
2026-02-25 16:50:35,656 - lg_cotrain - INFO - Phase 2 epoch 15/17: loss1=0.0046, loss2=0.0150, dev_macro_f1=0.6396, dev_err=23.94%
2026-02-25 16:51:34,170 - lg_cotrain - INFO - Phase 2 epoch 16/17: loss1=0.0029, loss2=0.0119, dev_macro_f1=0.6521, dev_err=23.16%
2026-02-25 16:52:31,734 - lg_cotrain - INFO - Phase 2 epoch 17/17: loss1=0.0040, loss2=0.0037, dev_macro_f1=0.6677, dev_err=22.22%
2026-02-25 16:52:31,735 - lg_cotrain - INFO - === Phase 3: Fine-Tuning ===
2026-02-25 16:52:36,196 - lg_cotrain - INFO - Phase 3 epoch 1: dev_macro_f1=0.6596, dev_err=26.13%, es_counter1=0, es_counter2=0
2026-02-25 16:52:40,641 - lg_cotrain - INFO - Phase 3 epoch 2: dev_macro_f1=0.6525, dev_err=30.20%, es_counter1=1, es_counter2=1
2026-02-25 16:52:45,217 - lg_cotrain - INFO - Phase 3 epoch 3: dev_macro_f1=0.6919, dev_err=22.07%, es_counter1=0, es_counter2=0
2026-02-25 16:52:49,877 - lg_cotrain - INFO - Phase 3 epoch 4: dev_macro_f1=0.6717, dev_err=22.07%, es_counter1=1, es_counter2=1
2026-02-25 16:52:54,297 - lg_cotrain - INFO - Phase 3 epoch 5: dev_macro_f1=0.6838, dev_err=22.54%, es_counter1=2, es_counter2=2
2026-02-25 16:52:58,841 - lg_cotrain - INFO - Phase 3 epoch 6: dev_macro_f1=0.7046, dev_err=23.47%, es_counter1=0, es_counter2=0
2026-02-25 16:53:03,537 - lg_cotrain - INFO - Phase 3 epoch 7: dev_macro_f1=0.7023, dev_err=23.79%, es_counter1=1, es_counter2=1
2026-02-25 16:53:08,251 - lg_cotrain - INFO - Phase 3 epoch 8: dev_macro_f1=0.7022, dev_err=23.47%, es_counter1=2, es_counter2=2
2026-02-25 16:53:13,062 - lg_cotrain - INFO - Phase 3 epoch 9: dev_macro_f1=0.7129, dev_err=22.54%, es_counter1=0, es_counter2=0
2026-02-25 16:53:17,673 - lg_cotrain - INFO - Phase 3 epoch 10: dev_macro_f1=0.7016, dev_err=23.47%, es_counter1=1, es_counter2=1
2026-02-25 16:53:22,443 - lg_cotrain - INFO - Phase 3 epoch 11: dev_macro_f1=0.6985, dev_err=24.26%, es_counter1=2, es_counter2=2
2026-02-25 16:53:27,103 - lg_cotrain - INFO - Phase 3 epoch 12: dev_macro_f1=0.6948, dev_err=25.04%, es_counter1=3, es_counter2=3
2026-02-25 16:53:31,826 - lg_cotrain - INFO - Phase 3 epoch 13: dev_macro_f1=0.7065, dev_err=24.26%, es_counter1=4, es_counter2=4
2026-02-25 16:53:31,826 - lg_cotrain - INFO - Early stopping at epoch 13
2026-02-25 16:53:31,837 - lg_cotrain - INFO - === Final Evaluation ===
2026-02-25 16:53:38,608 - lg_cotrain - INFO - Results saved to C:\Users\anhtr\AppData\Local\Temp\tmpnrra57hw\hurricane_florence_2018\50_set2\metrics.json
2026-02-25 16:53:38,608 - lg_cotrain - INFO - Test error rate: 24.90%, Test macro-F1: 0.6707, Test ECE: 0.0711
2026-02-25 16:53:38,620 - lg_cotrain - INFO - --- Trial 8/10 done: dev_macro_f1=0.7129 ---
2026-02-25 16:53:38,621 - lg_cotrain - INFO - --- Trial 9/10 ---
2026-02-25 16:53:39,124 - lg_cotrain - INFO - Starting LG-CoTrain: event=hurricane_florence_2018, budget=50, seed_set=2
2026-02-25 16:53:39,164 - lg_cotrain - INFO - Detected 9 classes for event hurricane_florence_2018: ['caution_and_advice', 'displaced_people_and_evacuations', 'infrastructure_and_utility_damage', 'injured_or_dead_people', 'not_humanitarian', 'other_relevant_information', 'requests_or_urgent_needs', 'rescue_volunteering_or_donation_effort', 'sympathy_and_support']
2026-02-25 16:53:39,172 - lg_cotrain - INFO - D_l1: 219, D_l2: 219, D_LG: 3946
2026-02-25 16:53:39,173 - lg_cotrain - INFO - === Phase 1: Weight Generation ===
2026-02-25 16:53:56,612 - lg_cotrain - INFO - Phase 1 epoch 1/7: mean_prob1=0.1199, mean_prob2=0.1138
2026-02-25 16:54:12,996 - lg_cotrain - INFO - Phase 1 epoch 2/7: mean_prob1=0.1225, mean_prob2=0.1163
2026-02-25 16:54:29,428 - lg_cotrain - INFO - Phase 1 epoch 3/7: mean_prob1=0.1252, mean_prob2=0.1193
2026-02-25 16:54:45,681 - lg_cotrain - INFO - Phase 1 epoch 4/7: mean_prob1=0.1382, mean_prob2=0.1197
2026-02-25 16:55:02,072 - lg_cotrain - INFO - Phase 1 epoch 5/7: mean_prob1=0.1488, mean_prob2=0.1304
2026-02-25 16:55:18,400 - lg_cotrain - INFO - Phase 1 epoch 6/7: mean_prob1=0.1624, mean_prob2=0.1495
2026-02-25 16:55:34,834 - lg_cotrain - INFO - Phase 1 epoch 7/7: mean_prob1=0.1690, mean_prob2=0.1473
2026-02-25 16:55:34,835 - lg_cotrain - INFO - === Phase 2: Co-Training ===
2026-02-25 16:55:35,936 - lg_cotrain - INFO - LR scheduler: total_steps_1=1206, warmup=135; total_steps_2=1206, warmup=135
2026-02-25 16:55:35,936 - lg_cotrain - INFO - Phase 1 done -> seeded Phase 2 trackers. lambda1: mean=0.1690, range=[0.0286, 0.3575]
2026-02-25 16:55:35,936 - lg_cotrain - INFO - Phase 1 done -> seeded Phase 2 trackers. lambda2: mean=0.1473, range=[0.0295, 0.3773]
2026-02-25 16:56:30,012 - lg_cotrain - INFO - Phase 2 epoch 1/13: loss1=0.2880, loss2=0.3574, dev_macro_f1=0.2101, dev_err=55.87%
2026-02-25 16:57:24,795 - lg_cotrain - INFO - Phase 2 epoch 2/13: loss1=0.1322, loss2=0.2783, dev_macro_f1=0.5685, dev_err=27.07%
2026-02-25 16:58:20,176 - lg_cotrain - INFO - Phase 2 epoch 3/13: loss1=0.0455, loss2=0.1552, dev_macro_f1=0.6127, dev_err=24.10%
2026-02-25 16:59:15,526 - lg_cotrain - INFO - Phase 2 epoch 4/13: loss1=0.0231, loss2=0.1123, dev_macro_f1=0.6304, dev_err=22.69%
2026-02-25 17:00:10,341 - lg_cotrain - INFO - Phase 2 epoch 5/13: loss1=0.0144, loss2=0.0673, dev_macro_f1=0.6241, dev_err=23.63%
2026-02-25 17:01:05,146 - lg_cotrain - INFO - Phase 2 epoch 6/13: loss1=0.0090, loss2=0.0448, dev_macro_f1=0.6392, dev_err=23.16%
2026-02-25 17:01:59,621 - lg_cotrain - INFO - Phase 2 epoch 7/13: loss1=0.0168, loss2=0.0293, dev_macro_f1=0.6428, dev_err=22.22%
2026-02-25 17:02:53,895 - lg_cotrain - INFO - Phase 2 epoch 8/13: loss1=0.0145, loss2=0.0214, dev_macro_f1=0.6494, dev_err=22.38%
2026-02-25 17:03:48,525 - lg_cotrain - INFO - Phase 2 epoch 9/13: loss1=0.0136, loss2=0.0210, dev_macro_f1=0.6333, dev_err=24.26%
2026-02-25 17:04:43,317 - lg_cotrain - INFO - Phase 2 epoch 10/13: loss1=0.0110, loss2=0.0167, dev_macro_f1=0.6497, dev_err=23.00%
2026-02-25 17:05:36,867 - lg_cotrain - INFO - Phase 2 epoch 11/13: loss1=0.0048, loss2=0.0152, dev_macro_f1=0.6537, dev_err=22.38%
2026-02-25 17:06:31,561 - lg_cotrain - INFO - Phase 2 epoch 12/13: loss1=0.0047, loss2=0.0113, dev_macro_f1=0.6607, dev_err=22.69%
2026-02-25 17:07:27,276 - lg_cotrain - INFO - Phase 2 epoch 13/13: loss1=0.0049, loss2=0.0081, dev_macro_f1=0.6576, dev_err=23.47%
2026-02-25 17:07:27,276 - lg_cotrain - INFO - === Phase 3: Fine-Tuning ===
2026-02-25 17:07:31,404 - lg_cotrain - INFO - Phase 3 epoch 1: dev_macro_f1=0.6734, dev_err=21.75%, es_counter1=0, es_counter2=0
2026-02-25 17:07:35,915 - lg_cotrain - INFO - Phase 3 epoch 2: dev_macro_f1=0.6758, dev_err=22.22%, es_counter1=0, es_counter2=0
2026-02-25 17:07:40,263 - lg_cotrain - INFO - Phase 3 epoch 3: dev_macro_f1=0.6843, dev_err=21.91%, es_counter1=0, es_counter2=0
2026-02-25 17:07:44,528 - lg_cotrain - INFO - Phase 3 epoch 4: dev_macro_f1=0.6888, dev_err=21.44%, es_counter1=0, es_counter2=0
2026-02-25 17:07:48,813 - lg_cotrain - INFO - Phase 3 epoch 5: dev_macro_f1=0.6908, dev_err=21.60%, es_counter1=0, es_counter2=0
2026-02-25 17:07:53,073 - lg_cotrain - INFO - Phase 3 epoch 6: dev_macro_f1=0.6916, dev_err=21.60%, es_counter1=0, es_counter2=0
2026-02-25 17:07:57,350 - lg_cotrain - INFO - Phase 3 epoch 7: dev_macro_f1=0.6896, dev_err=21.91%, es_counter1=1, es_counter2=1
2026-02-25 17:08:01,595 - lg_cotrain - INFO - Phase 3 epoch 8: dev_macro_f1=0.6804, dev_err=23.63%, es_counter1=2, es_counter2=2
2026-02-25 17:08:05,830 - lg_cotrain - INFO - Phase 3 epoch 9: dev_macro_f1=0.6820, dev_err=23.63%, es_counter1=3, es_counter2=3
2026-02-25 17:08:10,063 - lg_cotrain - INFO - Phase 3 epoch 10: dev_macro_f1=0.6768, dev_err=24.41%, es_counter1=4, es_counter2=4
2026-02-25 17:08:10,064 - lg_cotrain - INFO - Early stopping at epoch 10
2026-02-25 17:08:10,074 - lg_cotrain - INFO - === Final Evaluation ===
2026-02-25 17:08:16,382 - lg_cotrain - INFO - Results saved to C:\Users\anhtr\AppData\Local\Temp\tmpc4od9n5w\hurricane_florence_2018\50_set2\metrics.json
2026-02-25 17:08:16,382 - lg_cotrain - INFO - Test error rate: 24.01%, Test macro-F1: 0.6866, Test ECE: 0.0749
2026-02-25 17:08:16,391 - lg_cotrain - INFO - --- Trial 9/10 done: dev_macro_f1=0.6916 ---
2026-02-25 17:08:16,391 - lg_cotrain - INFO - --- Trial 10/10 ---
2026-02-25 17:08:16,875 - lg_cotrain - INFO - Starting LG-CoTrain: event=hurricane_florence_2018, budget=50, seed_set=2
2026-02-25 17:08:16,906 - lg_cotrain - INFO - Detected 9 classes for event hurricane_florence_2018: ['caution_and_advice', 'displaced_people_and_evacuations', 'infrastructure_and_utility_damage', 'injured_or_dead_people', 'not_humanitarian', 'other_relevant_information', 'requests_or_urgent_needs', 'rescue_volunteering_or_donation_effort', 'sympathy_and_support']
2026-02-25 17:08:16,912 - lg_cotrain - INFO - D_l1: 219, D_l2: 219, D_LG: 3946
2026-02-25 17:08:16,913 - lg_cotrain - INFO - === Phase 1: Weight Generation ===
2026-02-25 17:08:38,190 - lg_cotrain - INFO - Phase 1 epoch 1/7: mean_prob1=0.1089, mean_prob2=0.1127
2026-02-25 17:08:58,925 - lg_cotrain - INFO - Phase 1 epoch 2/7: mean_prob1=0.1164, mean_prob2=0.1247
2026-02-25 17:09:18,693 - lg_cotrain - INFO - Phase 1 epoch 3/7: mean_prob1=0.1067, mean_prob2=0.0889
2026-02-25 17:09:39,012 - lg_cotrain - INFO - Phase 1 epoch 4/7: mean_prob1=0.1381, mean_prob2=0.0979
2026-02-25 17:09:59,112 - lg_cotrain - INFO - Phase 1 epoch 5/7: mean_prob1=0.1187, mean_prob2=0.1351
2026-02-25 17:10:18,940 - lg_cotrain - INFO - Phase 1 epoch 6/7: mean_prob1=0.1067, mean_prob2=0.1128
2026-02-25 17:10:38,707 - lg_cotrain - INFO - Phase 1 epoch 7/7: mean_prob1=0.1206, mean_prob2=0.1305
2026-02-25 17:10:38,707 - lg_cotrain - INFO - === Phase 2: Co-Training ===
2026-02-25 17:10:39,799 - lg_cotrain - INFO - LR scheduler: total_steps_1=10210, warmup=2391; total_steps_2=10210, warmup=2391
2026-02-25 17:10:39,800 - lg_cotrain - INFO - Phase 1 done -> seeded Phase 2 trackers. lambda1: mean=0.1206, range=[0.0635, 0.1594]
2026-02-25 17:10:39,801 - lg_cotrain - INFO - Phase 1 done -> seeded Phase 2 trackers. lambda2: mean=0.1305, range=[0.0476, 0.1943]
2026-02-25 17:11:56,011 - lg_cotrain - INFO - Phase 2 epoch 1/15: loss1=0.1461, loss2=0.1403, dev_macro_f1=0.5873, dev_err=25.51%
2026-02-25 17:13:11,490 - lg_cotrain - INFO - Phase 2 epoch 2/15: loss1=0.1268, loss2=1.0949, dev_macro_f1=0.0719, dev_err=73.87%
2026-02-25 17:14:31,790 - lg_cotrain - INFO - Phase 2 epoch 3/15: loss1=0.1194, loss2=0.9544, dev_macro_f1=0.0544, dev_err=75.43%
2026-02-25 17:15:49,401 - lg_cotrain - INFO - Phase 2 epoch 4/15: loss1=0.0994, loss2=0.8615, dev_macro_f1=0.0600, dev_err=74.96%
2026-02-25 17:17:06,983 - lg_cotrain - INFO - Phase 2 epoch 5/15: loss1=0.0955, loss2=0.7943, dev_macro_f1=0.0582, dev_err=75.12%
2026-02-25 17:18:21,083 - lg_cotrain - INFO - Phase 2 epoch 6/15: loss1=0.0937, loss2=0.7838, dev_macro_f1=0.0425, dev_err=76.37%
2026-02-25 17:19:35,835 - lg_cotrain - INFO - Phase 2 epoch 7/15: loss1=0.0765, loss2=0.7450, dev_macro_f1=0.0425, dev_err=76.37%
2026-02-25 17:20:51,249 - lg_cotrain - INFO - Phase 2 epoch 8/15: loss1=0.0781, loss2=0.7058, dev_macro_f1=0.0425, dev_err=76.37%
2026-02-25 17:22:05,688 - lg_cotrain - INFO - Phase 2 epoch 9/15: loss1=0.0841, loss2=0.6687, dev_macro_f1=0.0425, dev_err=76.37%
2026-02-25 17:23:19,892 - lg_cotrain - INFO - Phase 2 epoch 10/15: loss1=0.0876, loss2=0.6362, dev_macro_f1=0.0425, dev_err=76.37%
2026-02-25 17:24:33,955 - lg_cotrain - INFO - Phase 2 epoch 11/15: loss1=0.0876, loss2=0.6169, dev_macro_f1=0.0425, dev_err=76.37%
2026-02-25 17:25:48,728 - lg_cotrain - INFO - Phase 2 epoch 12/15: loss1=0.0907, loss2=0.5991, dev_macro_f1=0.0425, dev_err=76.37%
2026-02-25 17:27:06,346 - lg_cotrain - INFO - Phase 2 epoch 13/15: loss1=0.0938, loss2=0.5834, dev_macro_f1=0.0425, dev_err=76.37%
2026-02-25 17:28:24,355 - lg_cotrain - INFO - Phase 2 epoch 14/15: loss1=0.0945, loss2=0.5696, dev_macro_f1=0.0425, dev_err=76.37%
2026-02-25 17:29:38,190 - lg_cotrain - INFO - Phase 2 epoch 15/15: loss1=0.0964, loss2=0.5572, dev_macro_f1=0.0425, dev_err=76.37%
2026-02-25 17:29:38,191 - lg_cotrain - INFO - === Phase 3: Fine-Tuning ===
2026-02-25 17:29:44,274 - lg_cotrain - INFO - Phase 3 epoch 1: dev_macro_f1=0.0425, dev_err=76.37%, es_counter1=0, es_counter2=0
2026-02-25 17:29:50,100 - lg_cotrain - INFO - Phase 3 epoch 2: dev_macro_f1=0.0100, dev_err=95.31%, es_counter1=1, es_counter2=1
2026-02-25 17:29:55,896 - lg_cotrain - INFO - Phase 3 epoch 3: dev_macro_f1=0.0205, dev_err=89.83%, es_counter1=2, es_counter2=2
2026-02-25 17:30:01,699 - lg_cotrain - INFO - Phase 3 epoch 4: dev_macro_f1=0.0385, dev_err=79.03%, es_counter1=3, es_counter2=3
2026-02-25 17:30:07,711 - lg_cotrain - INFO - Phase 3 epoch 5: dev_macro_f1=0.0385, dev_err=79.03%, es_counter1=4, es_counter2=4
2026-02-25 17:30:13,484 - lg_cotrain - INFO - Phase 3 epoch 6: dev_macro_f1=0.0155, dev_err=92.49%, es_counter1=5, es_counter2=5
2026-02-25 17:30:19,371 - lg_cotrain - INFO - Phase 3 epoch 7: dev_macro_f1=0.0100, dev_err=95.31%, es_counter1=6, es_counter2=6
2026-02-25 17:30:25,267 - lg_cotrain - INFO - Phase 3 epoch 8: dev_macro_f1=0.0425, dev_err=76.37%, es_counter1=7, es_counter2=7
2026-02-25 17:30:31,080 - lg_cotrain - INFO - Phase 3 epoch 9: dev_macro_f1=0.0205, dev_err=89.83%, es_counter1=8, es_counter2=8
2026-02-25 17:30:36,903 - lg_cotrain - INFO - Phase 3 epoch 10: dev_macro_f1=0.0425, dev_err=76.37%, es_counter1=9, es_counter2=9
2026-02-25 17:30:42,751 - lg_cotrain - INFO - Phase 3 epoch 11: dev_macro_f1=0.0100, dev_err=95.31%, es_counter1=10, es_counter2=10
2026-02-25 17:30:42,751 - lg_cotrain - INFO - Early stopping at epoch 11
2026-02-25 17:30:42,761 - lg_cotrain - INFO - === Final Evaluation ===
2026-02-25 17:30:50,372 - lg_cotrain - INFO - Results saved to C:\Users\anhtr\AppData\Local\Temp\tmpv0718_us\hurricane_florence_2018\50_set2\metrics.json
2026-02-25 17:30:50,373 - lg_cotrain - INFO - Test error rate: 76.39%, Test macro-F1: 0.0424, Test ECE: 0.0905
2026-02-25 17:30:50,385 - lg_cotrain - INFO - --- Trial 10/10 done: dev_macro_f1=0.0425 ---
