2026-02-23 21:28:58,729 - lg_cotrain - INFO - === Optuna study: cyclone_idai_2019 budget=10 seed=1 | target=10 trials, 0 replayed, 10 new ===
2026-02-23 21:28:58,729 - lg_cotrain - INFO - --- Trial 1/10 ---
2026-02-23 21:28:59,321 - lg_cotrain - INFO - Starting LG-CoTrain: event=cyclone_idai_2019, budget=10, seed_set=1
2026-02-23 21:28:59,371 - lg_cotrain - INFO - Detected 10 classes for event cyclone_idai_2019: ['caution_and_advice', 'displaced_people_and_evacuations', 'infrastructure_and_utility_damage', 'injured_or_dead_people', 'missing_or_found_people', 'not_humanitarian', 'other_relevant_information', 'requests_or_urgent_needs', 'rescue_volunteering_or_donation_effort', 'sympathy_and_support']
2026-02-23 21:28:59,377 - lg_cotrain - INFO - D_l1: 50, D_l2: 50, D_LG: 2653
2026-02-23 21:28:59,378 - lg_cotrain - INFO - === Phase 1: Weight Generation ===
2026-02-23 21:29:11,551 - lg_cotrain - INFO - Phase 1 epoch 1/7: mean_prob1=0.0983, mean_prob2=0.0864
2026-02-23 21:29:22,356 - lg_cotrain - INFO - Phase 1 epoch 2/7: mean_prob1=0.0944, mean_prob2=0.0899
2026-02-23 21:29:33,053 - lg_cotrain - INFO - Phase 1 epoch 3/7: mean_prob1=0.0856, mean_prob2=0.1033
2026-02-23 21:29:43,548 - lg_cotrain - INFO - Phase 1 epoch 4/7: mean_prob1=0.0995, mean_prob2=0.1108
2026-02-23 21:29:54,148 - lg_cotrain - INFO - Phase 1 epoch 5/7: mean_prob1=0.1241, mean_prob2=0.1166
2026-02-23 21:30:05,041 - lg_cotrain - INFO - Phase 1 epoch 6/7: mean_prob1=0.1336, mean_prob2=0.1263
2026-02-23 21:30:15,555 - lg_cotrain - INFO - Phase 1 epoch 7/7: mean_prob1=0.1606, mean_prob2=0.1174
2026-02-23 21:30:15,555 - lg_cotrain - INFO - === Phase 2: Co-Training ===
2026-02-23 21:30:16,583 - lg_cotrain - INFO - LR scheduler: total_steps_1=1728, warmup=497; total_steps_2=1728, warmup=497
2026-02-23 21:30:16,583 - lg_cotrain - INFO - Phase 1 done -> seeded Phase 2 trackers. lambda1: mean=0.1606, range=[0.0162, 0.2750]
2026-02-23 21:30:16,583 - lg_cotrain - INFO - Phase 1 done -> seeded Phase 2 trackers. lambda2: mean=0.1174, range=[0.0063, 0.5366]
2026-02-23 21:30:58,460 - lg_cotrain - INFO - Phase 2 epoch 1/8: loss1=0.1648, loss2=0.2056, dev_macro_f1=0.2971, dev_err=30.92%
2026-02-23 21:31:40,788 - lg_cotrain - INFO - Phase 2 epoch 2/8: loss1=0.0645, loss2=0.2443, dev_macro_f1=0.3492, dev_err=28.43%
2026-02-23 21:32:24,944 - lg_cotrain - INFO - Phase 2 epoch 3/8: loss1=0.0770, loss2=0.3757, dev_macro_f1=0.2839, dev_err=31.17%
2026-02-23 21:33:08,019 - lg_cotrain - INFO - Phase 2 epoch 4/8: loss1=0.0657, loss2=0.6675, dev_macro_f1=0.2526, dev_err=34.16%
2026-02-23 21:33:51,184 - lg_cotrain - INFO - Phase 2 epoch 5/8: loss1=0.0419, loss2=0.8792, dev_macro_f1=0.2979, dev_err=29.93%
2026-02-23 21:34:37,054 - lg_cotrain - INFO - Phase 2 epoch 6/8: loss1=0.0216, loss2=0.9015, dev_macro_f1=0.3253, dev_err=28.68%
2026-02-23 21:35:24,424 - lg_cotrain - INFO - Phase 2 epoch 7/8: loss1=0.0120, loss2=0.9363, dev_macro_f1=0.3433, dev_err=27.93%
2026-02-23 21:36:08,988 - lg_cotrain - INFO - Phase 2 epoch 8/8: loss1=0.0085, loss2=0.9760, dev_macro_f1=0.3448, dev_err=28.93%
2026-02-23 21:36:08,988 - lg_cotrain - INFO - === Phase 3: Fine-Tuning ===
2026-02-23 21:36:11,157 - lg_cotrain - INFO - Phase 3 epoch 1: dev_macro_f1=0.3293, dev_err=38.90%, es_counter1=0, es_counter2=0
2026-02-23 21:36:13,287 - lg_cotrain - INFO - Phase 3 epoch 2: dev_macro_f1=0.2694, dev_err=42.64%, es_counter1=1, es_counter2=1
2026-02-23 21:36:15,433 - lg_cotrain - INFO - Phase 3 epoch 3: dev_macro_f1=0.3099, dev_err=45.89%, es_counter1=2, es_counter2=2
2026-02-23 21:36:17,556 - lg_cotrain - INFO - Phase 3 epoch 4: dev_macro_f1=0.3188, dev_err=41.90%, es_counter1=3, es_counter2=3
2026-02-23 21:36:19,677 - lg_cotrain - INFO - Phase 3 epoch 5: dev_macro_f1=0.3057, dev_err=42.39%, es_counter1=4, es_counter2=4
2026-02-23 21:36:21,795 - lg_cotrain - INFO - Phase 3 epoch 6: dev_macro_f1=0.3187, dev_err=43.89%, es_counter1=5, es_counter2=5
2026-02-23 21:36:23,936 - lg_cotrain - INFO - Phase 3 epoch 7: dev_macro_f1=0.3158, dev_err=49.88%, es_counter1=6, es_counter2=6
2026-02-23 21:36:26,064 - lg_cotrain - INFO - Phase 3 epoch 8: dev_macro_f1=0.3129, dev_err=50.37%, es_counter1=7, es_counter2=7
2026-02-23 21:36:26,064 - lg_cotrain - INFO - Early stopping at epoch 8
2026-02-23 21:36:26,073 - lg_cotrain - INFO - === Final Evaluation ===
2026-02-23 21:36:30,406 - lg_cotrain - INFO - Results saved to C:\Users\anhtr\AppData\Local\Temp\tmpqpzyy0ob\cyclone_idai_2019\10_set1\metrics.json
2026-02-23 21:36:30,406 - lg_cotrain - INFO - Test error rate: 38.51%, Test macro-F1: 0.3456, Test ECE: 0.2343
2026-02-23 21:36:30,418 - lg_cotrain - INFO - --- Trial 1/10 done: dev_macro_f1=0.3293 ---
2026-02-23 21:36:30,419 - lg_cotrain - INFO - --- Trial 2/10 ---
2026-02-23 21:36:30,980 - lg_cotrain - INFO - Starting LG-CoTrain: event=cyclone_idai_2019, budget=10, seed_set=1
2026-02-23 21:36:31,002 - lg_cotrain - INFO - Detected 10 classes for event cyclone_idai_2019: ['caution_and_advice', 'displaced_people_and_evacuations', 'infrastructure_and_utility_damage', 'injured_or_dead_people', 'missing_or_found_people', 'not_humanitarian', 'other_relevant_information', 'requests_or_urgent_needs', 'rescue_volunteering_or_donation_effort', 'sympathy_and_support']
2026-02-23 21:36:31,010 - lg_cotrain - INFO - D_l1: 50, D_l2: 50, D_LG: 2653
2026-02-23 21:36:31,011 - lg_cotrain - INFO - === Phase 1: Weight Generation ===
2026-02-23 21:36:43,963 - lg_cotrain - INFO - Phase 1 epoch 1/7: mean_prob1=0.1049, mean_prob2=0.0997
2026-02-23 21:36:55,913 - lg_cotrain - INFO - Phase 1 epoch 2/7: mean_prob1=0.1081, mean_prob2=0.1870
2026-02-23 21:37:07,850 - lg_cotrain - INFO - Phase 1 epoch 3/7: mean_prob1=0.0709, mean_prob2=0.1028
2026-02-23 21:37:19,815 - lg_cotrain - INFO - Phase 1 epoch 4/7: mean_prob1=0.1432, mean_prob2=0.0860
2026-02-23 21:37:31,938 - lg_cotrain - INFO - Phase 1 epoch 5/7: mean_prob1=0.0834, mean_prob2=0.0878
2026-02-23 21:37:43,939 - lg_cotrain - INFO - Phase 1 epoch 6/7: mean_prob1=0.1016, mean_prob2=0.1104
2026-02-23 21:37:55,848 - lg_cotrain - INFO - Phase 1 epoch 7/7: mean_prob1=0.0886, mean_prob2=0.0953
2026-02-23 21:37:55,848 - lg_cotrain - INFO - === Phase 2: Co-Training ===
2026-02-23 21:37:56,890 - lg_cotrain - INFO - LR scheduler: total_steps_1=3024, warmup=749; total_steps_2=3024, warmup=749
2026-02-23 21:37:56,890 - lg_cotrain - INFO - Phase 1 done -> seeded Phase 2 trackers. lambda1: mean=0.0886, range=[0.0626, 0.1653]
2026-02-23 21:37:56,891 - lg_cotrain - INFO - Phase 1 done -> seeded Phase 2 trackers. lambda2: mean=0.0953, range=[0.0772, 0.1470]
2026-02-23 21:38:46,970 - lg_cotrain - INFO - Phase 2 epoch 1/7: loss1=0.1518, loss2=0.1369, dev_macro_f1=0.0645, dev_err=52.37%
2026-02-23 21:39:37,333 - lg_cotrain - INFO - Phase 2 epoch 2/7: loss1=0.0987, loss2=0.2758, dev_macro_f1=0.0645, dev_err=52.37%
2026-02-23 21:40:28,580 - lg_cotrain - INFO - Phase 2 epoch 3/7: loss1=0.0691, loss2=0.3080, dev_macro_f1=0.0645, dev_err=52.37%
2026-02-23 21:41:20,011 - lg_cotrain - INFO - Phase 2 epoch 4/7: loss1=0.0534, loss2=0.2926, dev_macro_f1=0.0645, dev_err=52.37%
2026-02-23 21:42:10,982 - lg_cotrain - INFO - Phase 2 epoch 5/7: loss1=0.0459, loss2=0.2748, dev_macro_f1=0.0645, dev_err=52.37%
2026-02-23 21:43:00,644 - lg_cotrain - INFO - Phase 2 epoch 6/7: loss1=0.0407, loss2=0.2591, dev_macro_f1=0.0645, dev_err=52.37%
2026-02-23 21:43:50,167 - lg_cotrain - INFO - Phase 2 epoch 7/7: loss1=0.0322, loss2=0.2460, dev_macro_f1=0.0645, dev_err=52.37%
2026-02-23 21:43:50,167 - lg_cotrain - INFO - === Phase 3: Fine-Tuning ===
2026-02-23 21:43:52,447 - lg_cotrain - INFO - Phase 3 epoch 1: dev_macro_f1=0.0645, dev_err=52.37%, es_counter1=0, es_counter2=0
2026-02-23 21:43:54,756 - lg_cotrain - INFO - Phase 3 epoch 2: dev_macro_f1=0.0198, dev_err=89.03%, es_counter1=1, es_counter2=1
2026-02-23 21:43:57,140 - lg_cotrain - INFO - Phase 3 epoch 3: dev_macro_f1=0.0198, dev_err=89.03%, es_counter1=2, es_counter2=2
2026-02-23 21:43:59,593 - lg_cotrain - INFO - Phase 3 epoch 4: dev_macro_f1=0.0010, dev_err=99.50%, es_counter1=3, es_counter2=3
2026-02-23 21:44:01,957 - lg_cotrain - INFO - Phase 3 epoch 5: dev_macro_f1=0.0186, dev_err=89.78%, es_counter1=4, es_counter2=4
2026-02-23 21:44:04,256 - lg_cotrain - INFO - Phase 3 epoch 6: dev_macro_f1=0.0165, dev_err=91.02%, es_counter1=5, es_counter2=5
2026-02-23 21:44:06,565 - lg_cotrain - INFO - Phase 3 epoch 7: dev_macro_f1=0.0039, dev_err=98.00%, es_counter1=6, es_counter2=6
2026-02-23 21:44:08,926 - lg_cotrain - INFO - Phase 3 epoch 8: dev_macro_f1=0.0029, dev_err=98.50%, es_counter1=7, es_counter2=7
2026-02-23 21:44:11,195 - lg_cotrain - INFO - Phase 3 epoch 9: dev_macro_f1=0.0198, dev_err=89.03%, es_counter1=8, es_counter2=8
2026-02-23 21:44:13,505 - lg_cotrain - INFO - Phase 3 epoch 10: dev_macro_f1=0.0010, dev_err=99.50%, es_counter1=9, es_counter2=9
2026-02-23 21:44:13,506 - lg_cotrain - INFO - Early stopping at epoch 10
2026-02-23 21:44:13,514 - lg_cotrain - INFO - === Final Evaluation ===
2026-02-23 21:44:18,014 - lg_cotrain - INFO - Results saved to C:\Users\anhtr\AppData\Local\Temp\tmpzixgnbqn\cyclone_idai_2019\10_set1\metrics.json
2026-02-23 21:44:18,015 - lg_cotrain - INFO - Test error rate: 52.50%, Test macro-F1: 0.0644, Test ECE: 0.2787
2026-02-23 21:44:18,023 - lg_cotrain - INFO - --- Trial 2/10 done: dev_macro_f1=0.0645 ---
2026-02-23 21:44:18,023 - lg_cotrain - INFO - --- Trial 3/10 ---
2026-02-23 21:44:18,595 - lg_cotrain - INFO - Starting LG-CoTrain: event=cyclone_idai_2019, budget=10, seed_set=1
2026-02-23 21:44:18,620 - lg_cotrain - INFO - Detected 10 classes for event cyclone_idai_2019: ['caution_and_advice', 'displaced_people_and_evacuations', 'infrastructure_and_utility_damage', 'injured_or_dead_people', 'missing_or_found_people', 'not_humanitarian', 'other_relevant_information', 'requests_or_urgent_needs', 'rescue_volunteering_or_donation_effort', 'sympathy_and_support']
2026-02-23 21:44:18,627 - lg_cotrain - INFO - D_l1: 50, D_l2: 50, D_LG: 2653
2026-02-23 21:44:18,628 - lg_cotrain - INFO - === Phase 1: Weight Generation ===
2026-02-23 21:44:31,114 - lg_cotrain - INFO - Phase 1 epoch 1/7: mean_prob1=0.0940, mean_prob2=0.0886
2026-02-23 21:44:42,737 - lg_cotrain - INFO - Phase 1 epoch 2/7: mean_prob1=0.1028, mean_prob2=0.1109
2026-02-23 21:44:54,414 - lg_cotrain - INFO - Phase 1 epoch 3/7: mean_prob1=0.1292, mean_prob2=0.1040
2026-02-23 21:45:06,115 - lg_cotrain - INFO - Phase 1 epoch 4/7: mean_prob1=0.1248, mean_prob2=0.1290
2026-02-23 21:45:18,046 - lg_cotrain - INFO - Phase 1 epoch 5/7: mean_prob1=0.1251, mean_prob2=0.1366
2026-02-23 21:45:29,870 - lg_cotrain - INFO - Phase 1 epoch 6/7: mean_prob1=0.1379, mean_prob2=0.1725
2026-02-23 21:45:41,729 - lg_cotrain - INFO - Phase 1 epoch 7/7: mean_prob1=0.1605, mean_prob2=0.1651
2026-02-23 21:45:41,730 - lg_cotrain - INFO - === Phase 2: Co-Training ===
2026-02-23 21:45:42,736 - lg_cotrain - INFO - LR scheduler: total_steps_1=6676, warmup=200; total_steps_2=6676, warmup=200
2026-02-23 21:45:42,736 - lg_cotrain - INFO - Phase 1 done -> seeded Phase 2 trackers. lambda1: mean=0.1605, range=[0.0155, 0.4325]
2026-02-23 21:45:42,737 - lg_cotrain - INFO - Phase 1 done -> seeded Phase 2 trackers. lambda2: mean=0.1651, range=[0.0142, 0.5085]
2026-02-23 21:46:33,135 - lg_cotrain - INFO - Phase 2 epoch 1/18: loss1=0.1874, loss2=0.1670, dev_macro_f1=0.2888, dev_err=33.42%
2026-02-23 21:47:23,236 - lg_cotrain - INFO - Phase 2 epoch 2/18: loss1=0.0556, loss2=0.2744, dev_macro_f1=0.3395, dev_err=29.18%
2026-02-23 21:48:12,512 - lg_cotrain - INFO - Phase 2 epoch 3/18: loss1=0.0352, loss2=0.2058, dev_macro_f1=0.3566, dev_err=29.93%
2026-02-23 21:49:02,251 - lg_cotrain - INFO - Phase 2 epoch 4/18: loss1=0.0357, loss2=0.1493, dev_macro_f1=0.3917, dev_err=27.93%
2026-02-23 21:49:51,763 - lg_cotrain - INFO - Phase 2 epoch 5/18: loss1=0.0376, loss2=0.0990, dev_macro_f1=0.3861, dev_err=29.18%
2026-02-23 21:50:41,434 - lg_cotrain - INFO - Phase 2 epoch 6/18: loss1=0.0223, loss2=0.0730, dev_macro_f1=0.4188, dev_err=28.93%
2026-02-23 21:51:30,756 - lg_cotrain - INFO - Phase 2 epoch 7/18: loss1=0.0146, loss2=0.0859, dev_macro_f1=0.4614, dev_err=27.68%
2026-02-23 21:52:20,349 - lg_cotrain - INFO - Phase 2 epoch 8/18: loss1=0.0192, loss2=0.0373, dev_macro_f1=0.5030, dev_err=25.44%
2026-02-23 21:53:10,429 - lg_cotrain - INFO - Phase 2 epoch 9/18: loss1=0.0238, loss2=0.0180, dev_macro_f1=0.5011, dev_err=26.43%
2026-02-23 21:54:01,614 - lg_cotrain - INFO - Phase 2 epoch 10/18: loss1=0.0134, loss2=0.0291, dev_macro_f1=0.5311, dev_err=24.94%
2026-02-23 21:54:53,258 - lg_cotrain - INFO - Phase 2 epoch 11/18: loss1=0.0079, loss2=0.0379, dev_macro_f1=0.5227, dev_err=24.94%
2026-02-23 21:55:44,860 - lg_cotrain - INFO - Phase 2 epoch 12/18: loss1=0.0081, loss2=0.0345, dev_macro_f1=0.5389, dev_err=24.44%
2026-02-23 21:56:36,654 - lg_cotrain - INFO - Phase 2 epoch 13/18: loss1=0.0058, loss2=0.0100, dev_macro_f1=0.5213, dev_err=25.94%
2026-02-23 21:57:30,564 - lg_cotrain - INFO - Phase 2 epoch 14/18: loss1=0.0062, loss2=0.0071, dev_macro_f1=0.5187, dev_err=25.44%
2026-02-23 21:58:21,507 - lg_cotrain - INFO - Phase 2 epoch 15/18: loss1=0.0083, loss2=0.0054, dev_macro_f1=0.5302, dev_err=25.69%
2026-02-23 21:59:11,482 - lg_cotrain - INFO - Phase 2 epoch 16/18: loss1=0.0037, loss2=0.0031, dev_macro_f1=0.4992, dev_err=26.43%
2026-02-23 22:00:01,284 - lg_cotrain - INFO - Phase 2 epoch 17/18: loss1=0.0029, loss2=0.0027, dev_macro_f1=0.5119, dev_err=26.93%
2026-02-23 22:00:51,856 - lg_cotrain - INFO - Phase 2 epoch 18/18: loss1=0.0024, loss2=0.0024, dev_macro_f1=0.5175, dev_err=26.68%
2026-02-23 22:00:51,856 - lg_cotrain - INFO - === Phase 3: Fine-Tuning ===
2026-02-23 22:00:54,179 - lg_cotrain - INFO - Phase 3 epoch 1: dev_macro_f1=0.5057, dev_err=29.18%, es_counter1=0, es_counter2=0
2026-02-23 22:00:56,499 - lg_cotrain - INFO - Phase 3 epoch 2: dev_macro_f1=0.5331, dev_err=31.92%, es_counter1=0, es_counter2=0
2026-02-23 22:00:58,805 - lg_cotrain - INFO - Phase 3 epoch 3: dev_macro_f1=0.4818, dev_err=37.41%, es_counter1=1, es_counter2=1
2026-02-23 22:01:01,114 - lg_cotrain - INFO - Phase 3 epoch 4: dev_macro_f1=0.4502, dev_err=40.15%, es_counter1=2, es_counter2=2
2026-02-23 22:01:03,415 - lg_cotrain - INFO - Phase 3 epoch 5: dev_macro_f1=0.4647, dev_err=38.65%, es_counter1=3, es_counter2=3
2026-02-23 22:01:05,719 - lg_cotrain - INFO - Phase 3 epoch 6: dev_macro_f1=0.4712, dev_err=38.15%, es_counter1=4, es_counter2=4
2026-02-23 22:01:08,128 - lg_cotrain - INFO - Phase 3 epoch 7: dev_macro_f1=0.4944, dev_err=37.16%, es_counter1=5, es_counter2=5
2026-02-23 22:01:10,465 - lg_cotrain - INFO - Phase 3 epoch 8: dev_macro_f1=0.5015, dev_err=36.66%, es_counter1=6, es_counter2=6
2026-02-23 22:01:12,789 - lg_cotrain - INFO - Phase 3 epoch 9: dev_macro_f1=0.4937, dev_err=36.41%, es_counter1=7, es_counter2=7
2026-02-23 22:01:12,789 - lg_cotrain - INFO - Early stopping at epoch 9
2026-02-23 22:01:12,804 - lg_cotrain - INFO - === Final Evaluation ===
2026-02-23 22:01:17,631 - lg_cotrain - INFO - Results saved to C:\Users\anhtr\AppData\Local\Temp\tmp4mdd34l8\cyclone_idai_2019\10_set1\metrics.json
2026-02-23 22:01:17,631 - lg_cotrain - INFO - Test error rate: 28.63%, Test macro-F1: 0.5537, Test ECE: 0.1146
2026-02-23 22:01:17,640 - lg_cotrain - INFO - --- Trial 3/10 done: dev_macro_f1=0.5331 ---
2026-02-23 22:01:17,641 - lg_cotrain - INFO - --- Trial 4/10 ---
2026-02-23 22:01:18,205 - lg_cotrain - INFO - Starting LG-CoTrain: event=cyclone_idai_2019, budget=10, seed_set=1
2026-02-23 22:01:18,233 - lg_cotrain - INFO - Detected 10 classes for event cyclone_idai_2019: ['caution_and_advice', 'displaced_people_and_evacuations', 'infrastructure_and_utility_damage', 'injured_or_dead_people', 'missing_or_found_people', 'not_humanitarian', 'other_relevant_information', 'requests_or_urgent_needs', 'rescue_volunteering_or_donation_effort', 'sympathy_and_support']
2026-02-23 22:01:18,241 - lg_cotrain - INFO - D_l1: 50, D_l2: 50, D_LG: 2653
2026-02-23 22:01:18,242 - lg_cotrain - INFO - === Phase 1: Weight Generation ===
2026-02-23 22:01:29,787 - lg_cotrain - INFO - Phase 1 epoch 1/7: mean_prob1=0.0932, mean_prob2=0.1046
2026-02-23 22:01:40,290 - lg_cotrain - INFO - Phase 1 epoch 2/7: mean_prob1=0.1036, mean_prob2=0.1035
2026-02-23 22:01:50,868 - lg_cotrain - INFO - Phase 1 epoch 3/7: mean_prob1=0.0936, mean_prob2=0.1186
2026-02-23 22:02:01,510 - lg_cotrain - INFO - Phase 1 epoch 4/7: mean_prob1=0.0875, mean_prob2=0.1103
2026-02-23 22:02:12,264 - lg_cotrain - INFO - Phase 1 epoch 5/7: mean_prob1=0.0933, mean_prob2=0.0975
2026-02-23 22:02:23,338 - lg_cotrain - INFO - Phase 1 epoch 6/7: mean_prob1=0.1023, mean_prob2=0.0942
2026-02-23 22:02:34,066 - lg_cotrain - INFO - Phase 1 epoch 7/7: mean_prob1=0.1124, mean_prob2=0.0904
2026-02-23 22:02:34,067 - lg_cotrain - INFO - === Phase 2: Co-Training ===
2026-02-23 22:02:35,107 - lg_cotrain - INFO - LR scheduler: total_steps_1=2724, warmup=235; total_steps_2=2724, warmup=235
2026-02-23 22:02:35,107 - lg_cotrain - INFO - Phase 1 done -> seeded Phase 2 trackers. lambda1: mean=0.1124, range=[0.0641, 0.1733]
2026-02-23 22:02:35,108 - lg_cotrain - INFO - Phase 1 done -> seeded Phase 2 trackers. lambda2: mean=0.0904, range=[0.0625, 0.1872]
2026-02-23 22:03:17,264 - lg_cotrain - INFO - Phase 2 epoch 1/14: loss1=0.1237, loss2=0.1471, dev_macro_f1=0.2825, dev_err=31.17%
2026-02-23 22:03:58,606 - lg_cotrain - INFO - Phase 2 epoch 2/14: loss1=0.1293, loss2=0.6948, dev_macro_f1=0.0645, dev_err=52.37%
2026-02-23 22:04:39,907 - lg_cotrain - INFO - Phase 2 epoch 3/14: loss1=0.0664, loss2=0.6062, dev_macro_f1=0.0645, dev_err=52.37%
2026-02-23 22:05:21,148 - lg_cotrain - INFO - Phase 2 epoch 4/14: loss1=0.0354, loss2=0.5721, dev_macro_f1=0.0645, dev_err=52.37%
2026-02-23 22:06:02,353 - lg_cotrain - INFO - Phase 2 epoch 5/14: loss1=0.0305, loss2=0.5320, dev_macro_f1=0.0645, dev_err=52.37%
2026-02-23 22:06:44,631 - lg_cotrain - INFO - Phase 2 epoch 6/14: loss1=0.0276, loss2=0.4936, dev_macro_f1=0.0645, dev_err=52.37%
2026-02-23 22:07:27,709 - lg_cotrain - INFO - Phase 2 epoch 7/14: loss1=0.0230, loss2=0.4671, dev_macro_f1=0.0645, dev_err=52.37%
2026-02-23 22:08:10,862 - lg_cotrain - INFO - Phase 2 epoch 8/14: loss1=0.0204, loss2=0.4389, dev_macro_f1=0.0645, dev_err=52.37%
2026-02-23 22:08:54,001 - lg_cotrain - INFO - Phase 2 epoch 9/14: loss1=0.0187, loss2=0.4193, dev_macro_f1=0.0645, dev_err=52.37%
2026-02-23 22:09:37,359 - lg_cotrain - INFO - Phase 2 epoch 10/14: loss1=0.0181, loss2=0.3987, dev_macro_f1=0.0645, dev_err=52.37%
2026-02-23 22:10:20,650 - lg_cotrain - INFO - Phase 2 epoch 11/14: loss1=0.0180, loss2=0.3814, dev_macro_f1=0.0645, dev_err=52.37%
2026-02-23 22:11:03,032 - lg_cotrain - INFO - Phase 2 epoch 12/14: loss1=0.0185, loss2=0.3693, dev_macro_f1=0.0645, dev_err=52.37%
2026-02-23 22:11:45,461 - lg_cotrain - INFO - Phase 2 epoch 13/14: loss1=0.0173, loss2=0.3554, dev_macro_f1=0.0645, dev_err=52.37%
2026-02-23 22:12:30,946 - lg_cotrain - INFO - Phase 2 epoch 14/14: loss1=0.0168, loss2=0.3431, dev_macro_f1=0.0645, dev_err=52.37%
2026-02-23 22:12:30,947 - lg_cotrain - INFO - === Phase 3: Fine-Tuning ===
2026-02-23 22:12:33,183 - lg_cotrain - INFO - Phase 3 epoch 1: dev_macro_f1=0.0645, dev_err=52.37%, es_counter1=0, es_counter2=0
2026-02-23 22:12:35,400 - lg_cotrain - INFO - Phase 3 epoch 2: dev_macro_f1=0.0010, dev_err=99.50%, es_counter1=1, es_counter2=1
2026-02-23 22:12:37,611 - lg_cotrain - INFO - Phase 3 epoch 3: dev_macro_f1=0.0010, dev_err=99.50%, es_counter1=2, es_counter2=2
2026-02-23 22:12:39,834 - lg_cotrain - INFO - Phase 3 epoch 4: dev_macro_f1=0.0039, dev_err=98.00%, es_counter1=3, es_counter2=3
2026-02-23 22:12:42,053 - lg_cotrain - INFO - Phase 3 epoch 5: dev_macro_f1=0.0039, dev_err=98.00%, es_counter1=4, es_counter2=4
2026-02-23 22:12:44,240 - lg_cotrain - INFO - Phase 3 epoch 6: dev_macro_f1=0.0072, dev_err=96.26%, es_counter1=5, es_counter2=5
2026-02-23 22:12:46,591 - lg_cotrain - INFO - Phase 3 epoch 7: dev_macro_f1=0.0198, dev_err=89.03%, es_counter1=6, es_counter2=6
2026-02-23 22:12:46,591 - lg_cotrain - INFO - Early stopping at epoch 7
2026-02-23 22:12:46,602 - lg_cotrain - INFO - === Final Evaluation ===
2026-02-23 22:12:50,904 - lg_cotrain - INFO - Results saved to C:\Users\anhtr\AppData\Local\Temp\tmpfumx0h3c\cyclone_idai_2019\10_set1\metrics.json
2026-02-23 22:12:50,904 - lg_cotrain - INFO - Test error rate: 52.50%, Test macro-F1: 0.0644, Test ECE: 0.3804
2026-02-23 22:12:50,917 - lg_cotrain - INFO - --- Trial 4/10 done: dev_macro_f1=0.0645 ---
2026-02-23 22:12:50,918 - lg_cotrain - INFO - --- Trial 5/10 ---
2026-02-23 22:12:51,501 - lg_cotrain - INFO - Starting LG-CoTrain: event=cyclone_idai_2019, budget=10, seed_set=1
2026-02-23 22:12:51,524 - lg_cotrain - INFO - Detected 10 classes for event cyclone_idai_2019: ['caution_and_advice', 'displaced_people_and_evacuations', 'infrastructure_and_utility_damage', 'injured_or_dead_people', 'missing_or_found_people', 'not_humanitarian', 'other_relevant_information', 'requests_or_urgent_needs', 'rescue_volunteering_or_donation_effort', 'sympathy_and_support']
2026-02-23 22:12:51,528 - lg_cotrain - INFO - D_l1: 50, D_l2: 50, D_LG: 2653
2026-02-23 22:12:51,529 - lg_cotrain - INFO - === Phase 1: Weight Generation ===
2026-02-23 22:13:02,481 - lg_cotrain - INFO - Phase 1 epoch 1/7: mean_prob1=0.0963, mean_prob2=0.1068
2026-02-23 22:13:12,393 - lg_cotrain - INFO - Phase 1 epoch 2/7: mean_prob1=0.1021, mean_prob2=0.1068
2026-02-23 22:13:22,382 - lg_cotrain - INFO - Phase 1 epoch 3/7: mean_prob1=0.1083, mean_prob2=0.1104
2026-02-23 22:13:32,706 - lg_cotrain - INFO - Phase 1 epoch 4/7: mean_prob1=0.1134, mean_prob2=0.1226
2026-02-23 22:13:42,987 - lg_cotrain - INFO - Phase 1 epoch 5/7: mean_prob1=0.1175, mean_prob2=0.1253
2026-02-23 22:13:53,355 - lg_cotrain - INFO - Phase 1 epoch 6/7: mean_prob1=0.1227, mean_prob2=0.1234
2026-02-23 22:14:03,334 - lg_cotrain - INFO - Phase 1 epoch 7/7: mean_prob1=0.1279, mean_prob2=0.1206
2026-02-23 22:14:03,334 - lg_cotrain - INFO - === Phase 2: Co-Training ===
2026-02-23 22:14:04,449 - lg_cotrain - INFO - LR scheduler: total_steps_1=604, warmup=174; total_steps_2=604, warmup=174
2026-02-23 22:14:04,450 - lg_cotrain - INFO - Phase 1 done -> seeded Phase 2 trackers. lambda1: mean=0.1279, range=[0.0247, 0.2494]
2026-02-23 22:14:04,450 - lg_cotrain - INFO - Phase 1 done -> seeded Phase 2 trackers. lambda2: mean=0.1206, range=[0.0288, 0.3435]
2026-02-23 22:14:39,479 - lg_cotrain - INFO - Phase 2 epoch 1/12: loss1=0.2566, loss2=0.2765, dev_macro_f1=0.0645, dev_err=52.37%
2026-02-23 22:15:14,640 - lg_cotrain - INFO - Phase 2 epoch 2/12: loss1=0.1210, loss2=0.2365, dev_macro_f1=0.1840, dev_err=42.14%
2026-02-23 22:15:49,603 - lg_cotrain - INFO - Phase 2 epoch 3/12: loss1=0.0689, loss2=0.1718, dev_macro_f1=0.2794, dev_err=32.17%
2026-02-23 22:16:24,787 - lg_cotrain - INFO - Phase 2 epoch 4/12: loss1=0.0311, loss2=0.1241, dev_macro_f1=0.3133, dev_err=29.43%
2026-02-23 22:17:00,267 - lg_cotrain - INFO - Phase 2 epoch 5/12: loss1=0.0202, loss2=0.0981, dev_macro_f1=0.3014, dev_err=31.17%
2026-02-23 22:17:36,652 - lg_cotrain - INFO - Phase 2 epoch 6/12: loss1=0.0210, loss2=0.0718, dev_macro_f1=0.3371, dev_err=28.18%
2026-02-23 22:18:15,197 - lg_cotrain - INFO - Phase 2 epoch 7/12: loss1=0.0128, loss2=0.0514, dev_macro_f1=0.3284, dev_err=28.93%
2026-02-23 22:18:52,619 - lg_cotrain - INFO - Phase 2 epoch 8/12: loss1=0.0186, loss2=0.0428, dev_macro_f1=0.3847, dev_err=26.68%
2026-02-23 22:19:28,613 - lg_cotrain - INFO - Phase 2 epoch 9/12: loss1=0.0154, loss2=0.0312, dev_macro_f1=0.3895, dev_err=27.18%
2026-02-23 22:20:04,683 - lg_cotrain - INFO - Phase 2 epoch 10/12: loss1=0.0121, loss2=0.0233, dev_macro_f1=0.3968, dev_err=27.18%
2026-02-23 22:20:40,216 - lg_cotrain - INFO - Phase 2 epoch 11/12: loss1=0.0119, loss2=0.0198, dev_macro_f1=0.4111, dev_err=26.68%
2026-02-23 22:21:15,178 - lg_cotrain - INFO - Phase 2 epoch 12/12: loss1=0.0139, loss2=0.0174, dev_macro_f1=0.4297, dev_err=25.44%
2026-02-23 22:21:15,178 - lg_cotrain - INFO - === Phase 3: Fine-Tuning ===
2026-02-23 22:21:16,950 - lg_cotrain - INFO - Phase 3 epoch 1: dev_macro_f1=0.4421, dev_err=24.94%, es_counter1=0, es_counter2=0
2026-02-23 22:21:18,719 - lg_cotrain - INFO - Phase 3 epoch 2: dev_macro_f1=0.4781, dev_err=24.19%, es_counter1=0, es_counter2=0
2026-02-23 22:21:20,490 - lg_cotrain - INFO - Phase 3 epoch 3: dev_macro_f1=0.4796, dev_err=25.19%, es_counter1=0, es_counter2=0
2026-02-23 22:21:22,260 - lg_cotrain - INFO - Phase 3 epoch 4: dev_macro_f1=0.5051, dev_err=25.94%, es_counter1=0, es_counter2=0
2026-02-23 22:21:24,004 - lg_cotrain - INFO - Phase 3 epoch 5: dev_macro_f1=0.4491, dev_err=33.92%, es_counter1=1, es_counter2=1
2026-02-23 22:21:25,761 - lg_cotrain - INFO - Phase 3 epoch 6: dev_macro_f1=0.4162, dev_err=39.65%, es_counter1=2, es_counter2=2
2026-02-23 22:21:27,524 - lg_cotrain - INFO - Phase 3 epoch 7: dev_macro_f1=0.4040, dev_err=43.14%, es_counter1=3, es_counter2=3
2026-02-23 22:21:29,285 - lg_cotrain - INFO - Phase 3 epoch 8: dev_macro_f1=0.4258, dev_err=44.64%, es_counter1=4, es_counter2=4
2026-02-23 22:21:31,044 - lg_cotrain - INFO - Phase 3 epoch 9: dev_macro_f1=0.4217, dev_err=44.89%, es_counter1=5, es_counter2=5
2026-02-23 22:21:31,044 - lg_cotrain - INFO - Early stopping at epoch 9
2026-02-23 22:21:31,057 - lg_cotrain - INFO - === Final Evaluation ===
2026-02-23 22:21:34,882 - lg_cotrain - INFO - Results saved to C:\Users\anhtr\AppData\Local\Temp\tmpxknvepbh\cyclone_idai_2019\10_set1\metrics.json
2026-02-23 22:21:34,882 - lg_cotrain - INFO - Test error rate: 25.16%, Test macro-F1: 0.5162, Test ECE: 0.0413
2026-02-23 22:21:34,891 - lg_cotrain - INFO - --- Trial 5/10 done: dev_macro_f1=0.5051 ---
2026-02-23 22:21:34,891 - lg_cotrain - INFO - --- Trial 6/10 ---
2026-02-23 22:21:35,460 - lg_cotrain - INFO - Starting LG-CoTrain: event=cyclone_idai_2019, budget=10, seed_set=1
2026-02-23 22:21:35,485 - lg_cotrain - INFO - Detected 10 classes for event cyclone_idai_2019: ['caution_and_advice', 'displaced_people_and_evacuations', 'infrastructure_and_utility_damage', 'injured_or_dead_people', 'missing_or_found_people', 'not_humanitarian', 'other_relevant_information', 'requests_or_urgent_needs', 'rescue_volunteering_or_donation_effort', 'sympathy_and_support']
2026-02-23 22:21:35,493 - lg_cotrain - INFO - D_l1: 50, D_l2: 50, D_LG: 2653
2026-02-23 22:21:35,494 - lg_cotrain - INFO - === Phase 1: Weight Generation ===
2026-02-23 22:21:46,259 - lg_cotrain - INFO - Phase 1 epoch 1/7: mean_prob1=0.0929, mean_prob2=0.0840
2026-02-23 22:21:55,725 - lg_cotrain - INFO - Phase 1 epoch 2/7: mean_prob1=0.0976, mean_prob2=0.0892
2026-02-23 22:22:05,296 - lg_cotrain - INFO - Phase 1 epoch 3/7: mean_prob1=0.1046, mean_prob2=0.0958
2026-02-23 22:22:15,258 - lg_cotrain - INFO - Phase 1 epoch 4/7: mean_prob1=0.1197, mean_prob2=0.1008
2026-02-23 22:22:24,901 - lg_cotrain - INFO - Phase 1 epoch 5/7: mean_prob1=0.1524, mean_prob2=0.1038
2026-02-23 22:22:34,895 - lg_cotrain - INFO - Phase 1 epoch 6/7: mean_prob1=0.0991, mean_prob2=0.1242
2026-02-23 22:22:44,830 - lg_cotrain - INFO - Phase 1 epoch 7/7: mean_prob1=0.1392, mean_prob2=0.0916
2026-02-23 22:22:44,830 - lg_cotrain - INFO - === Phase 2: Co-Training ===
2026-02-23 22:22:45,862 - lg_cotrain - INFO - LR scheduler: total_steps_1=814, warmup=56; total_steps_2=814, warmup=56
2026-02-23 22:22:45,863 - lg_cotrain - INFO - Phase 1 done -> seeded Phase 2 trackers. lambda1: mean=0.1392, range=[0.0301, 0.4317]
2026-02-23 22:22:45,863 - lg_cotrain - INFO - Phase 1 done -> seeded Phase 2 trackers. lambda2: mean=0.0916, range=[0.0315, 0.2046]
2026-02-23 22:23:22,216 - lg_cotrain - INFO - Phase 2 epoch 1/17: loss1=0.1408, loss2=0.2091, dev_macro_f1=0.2840, dev_err=32.17%
2026-02-23 22:23:58,550 - lg_cotrain - INFO - Phase 2 epoch 2/17: loss1=0.0528, loss2=0.3196, dev_macro_f1=0.2917, dev_err=30.17%
2026-02-23 22:24:35,049 - lg_cotrain - INFO - Phase 2 epoch 3/17: loss1=0.0451, loss2=0.4079, dev_macro_f1=0.3077, dev_err=30.17%
2026-02-23 22:25:11,212 - lg_cotrain - INFO - Phase 2 epoch 4/17: loss1=0.1171, loss2=0.5596, dev_macro_f1=0.2202, dev_err=36.91%
2026-02-23 22:25:47,219 - lg_cotrain - INFO - Phase 2 epoch 5/17: loss1=0.1992, loss2=0.5939, dev_macro_f1=0.1284, dev_err=47.38%
2026-02-23 22:26:23,286 - lg_cotrain - INFO - Phase 2 epoch 6/17: loss1=0.1526, loss2=0.8255, dev_macro_f1=0.0645, dev_err=52.37%
2026-02-23 22:26:59,127 - lg_cotrain - INFO - Phase 2 epoch 7/17: loss1=0.1056, loss2=0.7251, dev_macro_f1=0.1081, dev_err=49.38%
2026-02-23 22:27:36,783 - lg_cotrain - INFO - Phase 2 epoch 8/17: loss1=0.0917, loss2=0.6559, dev_macro_f1=0.0645, dev_err=52.37%
2026-02-23 22:28:13,885 - lg_cotrain - INFO - Phase 2 epoch 9/17: loss1=0.0864, loss2=0.6754, dev_macro_f1=0.0645, dev_err=52.37%
2026-02-23 22:28:51,370 - lg_cotrain - INFO - Phase 2 epoch 10/17: loss1=0.0757, loss2=0.6322, dev_macro_f1=0.0957, dev_err=50.37%
2026-02-23 22:29:27,699 - lg_cotrain - INFO - Phase 2 epoch 11/17: loss1=0.0696, loss2=0.6093, dev_macro_f1=0.1349, dev_err=46.63%
2026-02-23 22:30:03,167 - lg_cotrain - INFO - Phase 2 epoch 12/17: loss1=0.0640, loss2=0.5840, dev_macro_f1=0.0995, dev_err=50.12%
2026-02-23 22:30:39,569 - lg_cotrain - INFO - Phase 2 epoch 13/17: loss1=0.0655, loss2=0.5575, dev_macro_f1=0.0995, dev_err=50.12%
2026-02-23 22:31:15,968 - lg_cotrain - INFO - Phase 2 epoch 14/17: loss1=0.0664, loss2=0.5438, dev_macro_f1=0.0995, dev_err=50.12%
2026-02-23 22:31:52,282 - lg_cotrain - INFO - Phase 2 epoch 15/17: loss1=0.0684, loss2=0.5266, dev_macro_f1=0.0995, dev_err=50.12%
2026-02-23 22:32:28,311 - lg_cotrain - INFO - Phase 2 epoch 16/17: loss1=0.0710, loss2=0.5103, dev_macro_f1=0.0995, dev_err=50.12%
2026-02-23 22:33:04,576 - lg_cotrain - INFO - Phase 2 epoch 17/17: loss1=0.0748, loss2=0.4983, dev_macro_f1=0.0855, dev_err=51.12%
2026-02-23 22:33:04,576 - lg_cotrain - INFO - === Phase 3: Fine-Tuning ===
2026-02-23 22:33:06,521 - lg_cotrain - INFO - Phase 3 epoch 1: dev_macro_f1=0.0855, dev_err=51.12%, es_counter1=0, es_counter2=0
2026-02-23 22:33:08,432 - lg_cotrain - INFO - Phase 3 epoch 2: dev_macro_f1=0.0855, dev_err=51.12%, es_counter1=1, es_counter2=1
2026-02-23 22:33:10,365 - lg_cotrain - INFO - Phase 3 epoch 3: dev_macro_f1=0.0855, dev_err=51.12%, es_counter1=2, es_counter2=2
2026-02-23 22:33:12,272 - lg_cotrain - INFO - Phase 3 epoch 4: dev_macro_f1=0.0855, dev_err=51.12%, es_counter1=3, es_counter2=3
2026-02-23 22:33:14,219 - lg_cotrain - INFO - Phase 3 epoch 5: dev_macro_f1=0.1349, dev_err=46.63%, es_counter1=0, es_counter2=0
2026-02-23 22:33:16,139 - lg_cotrain - INFO - Phase 3 epoch 6: dev_macro_f1=0.1349, dev_err=46.63%, es_counter1=1, es_counter2=1
2026-02-23 22:33:18,088 - lg_cotrain - INFO - Phase 3 epoch 7: dev_macro_f1=0.1349, dev_err=46.63%, es_counter1=2, es_counter2=2
2026-02-23 22:33:19,979 - lg_cotrain - INFO - Phase 3 epoch 8: dev_macro_f1=0.1349, dev_err=46.63%, es_counter1=3, es_counter2=3
2026-02-23 22:33:21,892 - lg_cotrain - INFO - Phase 3 epoch 9: dev_macro_f1=0.1349, dev_err=46.63%, es_counter1=4, es_counter2=4
2026-02-23 22:33:23,792 - lg_cotrain - INFO - Phase 3 epoch 10: dev_macro_f1=0.1349, dev_err=46.63%, es_counter1=5, es_counter2=5
2026-02-23 22:33:23,792 - lg_cotrain - INFO - Early stopping at epoch 10
2026-02-23 22:33:23,806 - lg_cotrain - INFO - === Final Evaluation ===
2026-02-23 22:33:27,999 - lg_cotrain - INFO - Results saved to C:\Users\anhtr\AppData\Local\Temp\tmpin_gsxyv\cyclone_idai_2019\10_set1\metrics.json
2026-02-23 22:33:27,999 - lg_cotrain - INFO - Test error rate: 49.42%, Test macro-F1: 0.1100, Test ECE: 0.2859
2026-02-23 22:33:28,007 - lg_cotrain - INFO - --- Trial 6/10 done: dev_macro_f1=0.1349 ---
2026-02-23 22:33:28,007 - lg_cotrain - INFO - --- Trial 7/10 ---
2026-02-23 22:33:28,590 - lg_cotrain - INFO - Starting LG-CoTrain: event=cyclone_idai_2019, budget=10, seed_set=1
2026-02-23 22:33:28,619 - lg_cotrain - INFO - Detected 10 classes for event cyclone_idai_2019: ['caution_and_advice', 'displaced_people_and_evacuations', 'infrastructure_and_utility_damage', 'injured_or_dead_people', 'missing_or_found_people', 'not_humanitarian', 'other_relevant_information', 'requests_or_urgent_needs', 'rescue_volunteering_or_donation_effort', 'sympathy_and_support']
2026-02-23 22:33:28,624 - lg_cotrain - INFO - D_l1: 50, D_l2: 50, D_LG: 2653
2026-02-23 22:33:28,626 - lg_cotrain - INFO - === Phase 1: Weight Generation ===
2026-02-23 22:33:40,470 - lg_cotrain - INFO - Phase 1 epoch 1/7: mean_prob1=0.1001, mean_prob2=0.0906
2026-02-23 22:33:51,076 - lg_cotrain - INFO - Phase 1 epoch 2/7: mean_prob1=0.1062, mean_prob2=0.1026
2026-02-23 22:34:01,227 - lg_cotrain - INFO - Phase 1 epoch 3/7: mean_prob1=0.1114, mean_prob2=0.1140
2026-02-23 22:34:10,815 - lg_cotrain - INFO - Phase 1 epoch 4/7: mean_prob1=0.1166, mean_prob2=0.1209
2026-02-23 22:34:20,491 - lg_cotrain - INFO - Phase 1 epoch 5/7: mean_prob1=0.1234, mean_prob2=0.1216
2026-02-23 22:34:30,194 - lg_cotrain - INFO - Phase 1 epoch 6/7: mean_prob1=0.1326, mean_prob2=0.1218
2026-02-23 22:34:40,025 - lg_cotrain - INFO - Phase 1 epoch 7/7: mean_prob1=0.1346, mean_prob2=0.1216
2026-02-23 22:34:40,026 - lg_cotrain - INFO - === Phase 2: Co-Training ===
2026-02-23 22:34:41,062 - lg_cotrain - INFO - LR scheduler: total_steps_1=814, warmup=154; total_steps_2=814, warmup=154
2026-02-23 22:34:41,063 - lg_cotrain - INFO - Phase 1 done -> seeded Phase 2 trackers. lambda1: mean=0.1346, range=[0.0222, 0.2536]
2026-02-23 22:34:41,064 - lg_cotrain - INFO - Phase 1 done -> seeded Phase 2 trackers. lambda2: mean=0.1216, range=[0.0219, 0.3449]
2026-02-23 22:35:15,622 - lg_cotrain - INFO - Phase 2 epoch 1/17: loss1=0.2410, loss2=0.2682, dev_macro_f1=0.0645, dev_err=52.37%
2026-02-23 22:35:50,665 - lg_cotrain - INFO - Phase 2 epoch 2/17: loss1=0.0909, loss2=0.2194, dev_macro_f1=0.1951, dev_err=37.66%
2026-02-23 22:36:25,305 - lg_cotrain - INFO - Phase 2 epoch 3/17: loss1=0.0436, loss2=0.1482, dev_macro_f1=0.2950, dev_err=31.92%
2026-02-23 22:37:00,096 - lg_cotrain - INFO - Phase 2 epoch 4/17: loss1=0.0224, loss2=0.1438, dev_macro_f1=0.3495, dev_err=26.93%
2026-02-23 22:37:35,040 - lg_cotrain - INFO - Phase 2 epoch 5/17: loss1=0.0181, loss2=0.1187, dev_macro_f1=0.3162, dev_err=30.67%
2026-02-23 22:38:09,563 - lg_cotrain - INFO - Phase 2 epoch 6/17: loss1=0.0099, loss2=0.0925, dev_macro_f1=0.3317, dev_err=28.43%
2026-02-23 22:38:44,151 - lg_cotrain - INFO - Phase 2 epoch 7/17: loss1=0.0097, loss2=0.0673, dev_macro_f1=0.3398, dev_err=27.68%
2026-02-23 22:39:18,779 - lg_cotrain - INFO - Phase 2 epoch 8/17: loss1=0.0156, loss2=0.0515, dev_macro_f1=0.3461, dev_err=28.93%
2026-02-23 22:39:53,717 - lg_cotrain - INFO - Phase 2 epoch 9/17: loss1=0.0266, loss2=0.0265, dev_macro_f1=0.3843, dev_err=26.68%
2026-02-23 22:40:28,421 - lg_cotrain - INFO - Phase 2 epoch 10/17: loss1=0.0207, loss2=0.0201, dev_macro_f1=0.3605, dev_err=26.68%
2026-02-23 22:41:04,284 - lg_cotrain - INFO - Phase 2 epoch 11/17: loss1=0.0184, loss2=0.0152, dev_macro_f1=0.3976, dev_err=27.68%
2026-02-23 22:41:40,755 - lg_cotrain - INFO - Phase 2 epoch 12/17: loss1=0.0104, loss2=0.0111, dev_macro_f1=0.3989, dev_err=25.94%
2026-02-23 22:42:15,989 - lg_cotrain - INFO - Phase 2 epoch 13/17: loss1=0.0082, loss2=0.0084, dev_macro_f1=0.4056, dev_err=26.43%
2026-02-23 22:42:50,679 - lg_cotrain - INFO - Phase 2 epoch 14/17: loss1=0.0080, loss2=0.0070, dev_macro_f1=0.4294, dev_err=25.19%
2026-02-23 22:43:25,223 - lg_cotrain - INFO - Phase 2 epoch 15/17: loss1=0.0116, loss2=0.0063, dev_macro_f1=0.4064, dev_err=26.43%
2026-02-23 22:44:00,470 - lg_cotrain - INFO - Phase 2 epoch 16/17: loss1=0.0126, loss2=0.0052, dev_macro_f1=0.4515, dev_err=25.19%
2026-02-23 22:44:35,188 - lg_cotrain - INFO - Phase 2 epoch 17/17: loss1=0.0114, loss2=0.0046, dev_macro_f1=0.4521, dev_err=25.69%
2026-02-23 22:44:35,188 - lg_cotrain - INFO - === Phase 3: Fine-Tuning ===
2026-02-23 22:44:36,954 - lg_cotrain - INFO - Phase 3 epoch 1: dev_macro_f1=0.4687, dev_err=25.94%, es_counter1=0, es_counter2=0
2026-02-23 22:44:38,719 - lg_cotrain - INFO - Phase 3 epoch 2: dev_macro_f1=0.4790, dev_err=25.94%, es_counter1=0, es_counter2=0
2026-02-23 22:44:40,480 - lg_cotrain - INFO - Phase 3 epoch 3: dev_macro_f1=0.4880, dev_err=25.94%, es_counter1=0, es_counter2=0
2026-02-23 22:44:42,251 - lg_cotrain - INFO - Phase 3 epoch 4: dev_macro_f1=0.4976, dev_err=27.18%, es_counter1=0, es_counter2=0
2026-02-23 22:44:43,998 - lg_cotrain - INFO - Phase 3 epoch 5: dev_macro_f1=0.4806, dev_err=32.67%, es_counter1=1, es_counter2=1
2026-02-23 22:44:45,752 - lg_cotrain - INFO - Phase 3 epoch 6: dev_macro_f1=0.4508, dev_err=38.90%, es_counter1=2, es_counter2=2
2026-02-23 22:44:47,506 - lg_cotrain - INFO - Phase 3 epoch 7: dev_macro_f1=0.4330, dev_err=41.65%, es_counter1=3, es_counter2=3
2026-02-23 22:44:49,252 - lg_cotrain - INFO - Phase 3 epoch 8: dev_macro_f1=0.4199, dev_err=43.14%, es_counter1=4, es_counter2=4
2026-02-23 22:44:51,000 - lg_cotrain - INFO - Phase 3 epoch 9: dev_macro_f1=0.4255, dev_err=42.64%, es_counter1=5, es_counter2=5
2026-02-23 22:44:52,759 - lg_cotrain - INFO - Phase 3 epoch 10: dev_macro_f1=0.4358, dev_err=41.15%, es_counter1=6, es_counter2=6
2026-02-23 22:44:54,527 - lg_cotrain - INFO - Phase 3 epoch 11: dev_macro_f1=0.4358, dev_err=40.15%, es_counter1=7, es_counter2=7
2026-02-23 22:44:56,276 - lg_cotrain - INFO - Phase 3 epoch 12: dev_macro_f1=0.4441, dev_err=39.15%, es_counter1=8, es_counter2=8
2026-02-23 22:44:56,277 - lg_cotrain - INFO - Early stopping at epoch 12
2026-02-23 22:44:56,286 - lg_cotrain - INFO - === Final Evaluation ===
2026-02-23 22:45:00,106 - lg_cotrain - INFO - Results saved to C:\Users\anhtr\AppData\Local\Temp\tmp_8053a58\cyclone_idai_2019\10_set1\metrics.json
2026-02-23 22:45:00,106 - lg_cotrain - INFO - Test error rate: 25.93%, Test macro-F1: 0.5407, Test ECE: 0.0755
2026-02-23 22:45:00,116 - lg_cotrain - INFO - --- Trial 7/10 done: dev_macro_f1=0.4976 ---
2026-02-23 22:45:00,117 - lg_cotrain - INFO - --- Trial 8/10 ---
2026-02-23 22:45:00,691 - lg_cotrain - INFO - Starting LG-CoTrain: event=cyclone_idai_2019, budget=10, seed_set=1
2026-02-23 22:45:00,713 - lg_cotrain - INFO - Detected 10 classes for event cyclone_idai_2019: ['caution_and_advice', 'displaced_people_and_evacuations', 'infrastructure_and_utility_damage', 'injured_or_dead_people', 'missing_or_found_people', 'not_humanitarian', 'other_relevant_information', 'requests_or_urgent_needs', 'rescue_volunteering_or_donation_effort', 'sympathy_and_support']
2026-02-23 22:45:00,718 - lg_cotrain - INFO - D_l1: 50, D_l2: 50, D_LG: 2653
2026-02-23 22:45:00,719 - lg_cotrain - INFO - === Phase 1: Weight Generation ===
2026-02-23 22:45:12,183 - lg_cotrain - INFO - Phase 1 epoch 1/7: mean_prob1=0.1043, mean_prob2=0.1037
2026-02-23 22:45:22,696 - lg_cotrain - INFO - Phase 1 epoch 2/7: mean_prob1=0.0879, mean_prob2=0.0840
2026-02-23 22:45:33,278 - lg_cotrain - INFO - Phase 1 epoch 3/7: mean_prob1=0.0849, mean_prob2=0.1033
2026-02-23 22:45:43,755 - lg_cotrain - INFO - Phase 1 epoch 4/7: mean_prob1=0.0893, mean_prob2=0.0823
2026-02-23 22:45:54,269 - lg_cotrain - INFO - Phase 1 epoch 5/7: mean_prob1=0.0919, mean_prob2=0.0891
2026-02-23 22:46:04,850 - lg_cotrain - INFO - Phase 1 epoch 6/7: mean_prob1=0.0982, mean_prob2=0.0959
2026-02-23 22:46:15,355 - lg_cotrain - INFO - Phase 1 epoch 7/7: mean_prob1=0.1052, mean_prob2=0.0935
2026-02-23 22:46:15,355 - lg_cotrain - INFO - === Phase 2: Co-Training ===
2026-02-23 22:46:16,349 - lg_cotrain - INFO - LR scheduler: total_steps_1=2060, warmup=471; total_steps_2=2060, warmup=471
2026-02-23 22:46:16,350 - lg_cotrain - INFO - Phase 1 done -> seeded Phase 2 trackers. lambda1: mean=0.1052, range=[0.0655, 0.1696]
2026-02-23 22:46:16,351 - lg_cotrain - INFO - Phase 1 done -> seeded Phase 2 trackers. lambda2: mean=0.0935, range=[0.0594, 0.1526]
2026-02-23 22:46:57,896 - lg_cotrain - INFO - Phase 2 epoch 1/10: loss1=0.1321, loss2=0.1405, dev_macro_f1=0.3303, dev_err=27.68%
2026-02-23 22:47:39,368 - lg_cotrain - INFO - Phase 2 epoch 2/10: loss1=0.0857, loss2=0.5648, dev_macro_f1=0.0645, dev_err=52.37%
2026-02-23 22:48:20,869 - lg_cotrain - INFO - Phase 2 epoch 3/10: loss1=0.0651, loss2=0.6189, dev_macro_f1=0.0645, dev_err=52.37%
2026-02-23 22:49:02,464 - lg_cotrain - INFO - Phase 2 epoch 4/10: loss1=0.0322, loss2=0.5801, dev_macro_f1=0.0645, dev_err=52.37%
2026-02-23 22:49:45,667 - lg_cotrain - INFO - Phase 2 epoch 5/10: loss1=0.0255, loss2=0.5357, dev_macro_f1=0.0645, dev_err=52.37%
2026-02-23 22:50:30,100 - lg_cotrain - INFO - Phase 2 epoch 6/10: loss1=0.0238, loss2=0.4978, dev_macro_f1=0.0645, dev_err=52.37%
2026-02-23 22:51:15,498 - lg_cotrain - INFO - Phase 2 epoch 7/10: loss1=0.0192, loss2=0.4723, dev_macro_f1=0.0645, dev_err=52.37%
2026-02-23 22:51:57,886 - lg_cotrain - INFO - Phase 2 epoch 8/10: loss1=0.0171, loss2=0.4448, dev_macro_f1=0.0645, dev_err=52.37%
2026-02-23 22:52:40,112 - lg_cotrain - INFO - Phase 2 epoch 9/10: loss1=0.0152, loss2=0.4222, dev_macro_f1=0.0645, dev_err=52.37%
2026-02-23 22:53:21,614 - lg_cotrain - INFO - Phase 2 epoch 10/10: loss1=0.0146, loss2=0.4022, dev_macro_f1=0.0645, dev_err=52.37%
2026-02-23 22:53:21,614 - lg_cotrain - INFO - === Phase 3: Fine-Tuning ===
2026-02-23 22:53:23,687 - lg_cotrain - INFO - Phase 3 epoch 1: dev_macro_f1=0.0645, dev_err=52.37%, es_counter1=0, es_counter2=0
2026-02-23 22:53:25,739 - lg_cotrain - INFO - Phase 3 epoch 2: dev_macro_f1=0.0645, dev_err=52.37%, es_counter1=1, es_counter2=1
2026-02-23 22:53:27,791 - lg_cotrain - INFO - Phase 3 epoch 3: dev_macro_f1=0.0165, dev_err=91.02%, es_counter1=2, es_counter2=2
2026-02-23 22:53:29,838 - lg_cotrain - INFO - Phase 3 epoch 4: dev_macro_f1=0.0645, dev_err=52.37%, es_counter1=3, es_counter2=3
2026-02-23 22:53:31,886 - lg_cotrain - INFO - Phase 3 epoch 5: dev_macro_f1=0.0029, dev_err=98.50%, es_counter1=4, es_counter2=4
2026-02-23 22:53:34,055 - lg_cotrain - INFO - Phase 3 epoch 6: dev_macro_f1=0.0198, dev_err=89.03%, es_counter1=5, es_counter2=5
2026-02-23 22:53:34,055 - lg_cotrain - INFO - Early stopping at epoch 6
2026-02-23 22:53:34,067 - lg_cotrain - INFO - === Final Evaluation ===
2026-02-23 22:53:38,619 - lg_cotrain - INFO - Results saved to C:\Users\anhtr\AppData\Local\Temp\tmp55dgzmdm\cyclone_idai_2019\10_set1\metrics.json
2026-02-23 22:53:38,619 - lg_cotrain - INFO - Test error rate: 52.50%, Test macro-F1: 0.0644, Test ECE: 0.2148
2026-02-23 22:53:38,629 - lg_cotrain - INFO - --- Trial 8/10 done: dev_macro_f1=0.0645 ---
2026-02-23 22:53:38,629 - lg_cotrain - INFO - --- Trial 9/10 ---
2026-02-23 22:53:39,230 - lg_cotrain - INFO - Starting LG-CoTrain: event=cyclone_idai_2019, budget=10, seed_set=1
2026-02-23 22:53:39,257 - lg_cotrain - INFO - Detected 10 classes for event cyclone_idai_2019: ['caution_and_advice', 'displaced_people_and_evacuations', 'infrastructure_and_utility_damage', 'injured_or_dead_people', 'missing_or_found_people', 'not_humanitarian', 'other_relevant_information', 'requests_or_urgent_needs', 'rescue_volunteering_or_donation_effort', 'sympathy_and_support']
2026-02-23 22:53:39,264 - lg_cotrain - INFO - D_l1: 50, D_l2: 50, D_LG: 2653
2026-02-23 22:53:39,266 - lg_cotrain - INFO - === Phase 1: Weight Generation ===
2026-02-23 22:53:51,358 - lg_cotrain - INFO - Phase 1 epoch 1/7: mean_prob1=0.0970, mean_prob2=0.0825
2026-02-23 22:54:02,006 - lg_cotrain - INFO - Phase 1 epoch 2/7: mean_prob1=0.0886, mean_prob2=0.1155
2026-02-23 22:54:12,754 - lg_cotrain - INFO - Phase 1 epoch 3/7: mean_prob1=0.0914, mean_prob2=0.0873
2026-02-23 22:54:23,457 - lg_cotrain - INFO - Phase 1 epoch 4/7: mean_prob1=0.0884, mean_prob2=0.0822
2026-02-23 22:54:34,017 - lg_cotrain - INFO - Phase 1 epoch 5/7: mean_prob1=0.1002, mean_prob2=0.0692
2026-02-23 22:54:44,642 - lg_cotrain - INFO - Phase 1 epoch 6/7: mean_prob1=0.1281, mean_prob2=0.1127
2026-02-23 22:54:55,212 - lg_cotrain - INFO - Phase 1 epoch 7/7: mean_prob1=0.1353, mean_prob2=0.1239
2026-02-23 22:54:55,212 - lg_cotrain - INFO - === Phase 2: Co-Training ===
2026-02-23 22:54:56,190 - lg_cotrain - INFO - LR scheduler: total_steps_1=1860, warmup=308; total_steps_2=1860, warmup=308
2026-02-23 22:54:56,190 - lg_cotrain - INFO - Phase 1 done -> seeded Phase 2 trackers. lambda1: mean=0.1353, range=[0.0216, 0.5618]
2026-02-23 22:54:56,190 - lg_cotrain - INFO - Phase 1 done -> seeded Phase 2 trackers. lambda2: mean=0.1239, range=[0.0735, 0.1557]
2026-02-23 22:55:34,576 - lg_cotrain - INFO - Phase 2 epoch 1/20: loss1=0.1658, loss2=0.1927, dev_macro_f1=0.3536, dev_err=25.69%
2026-02-23 22:56:12,418 - lg_cotrain - INFO - Phase 2 epoch 2/20: loss1=0.0679, loss2=0.2940, dev_macro_f1=0.2977, dev_err=29.93%
2026-02-23 22:56:50,183 - lg_cotrain - INFO - Phase 2 epoch 3/20: loss1=0.0816, loss2=0.6257, dev_macro_f1=0.0645, dev_err=52.37%
2026-02-23 22:57:27,807 - lg_cotrain - INFO - Phase 2 epoch 4/20: loss1=0.1109, loss2=0.8293, dev_macro_f1=0.0645, dev_err=52.37%
2026-02-23 22:58:05,362 - lg_cotrain - INFO - Phase 2 epoch 5/20: loss1=0.0460, loss2=0.7899, dev_macro_f1=0.0645, dev_err=52.37%
2026-02-23 22:58:42,848 - lg_cotrain - INFO - Phase 2 epoch 6/20: loss1=0.0221, loss2=0.7436, dev_macro_f1=0.0645, dev_err=52.37%
2026-02-23 22:59:20,444 - lg_cotrain - INFO - Phase 2 epoch 7/20: loss1=0.0122, loss2=0.7054, dev_macro_f1=0.0645, dev_err=52.37%
2026-02-23 22:59:58,012 - lg_cotrain - INFO - Phase 2 epoch 8/20: loss1=0.0121, loss2=0.6620, dev_macro_f1=0.0645, dev_err=52.37%
2026-02-23 23:00:35,583 - lg_cotrain - INFO - Phase 2 epoch 9/20: loss1=0.0119, loss2=0.6341, dev_macro_f1=0.0645, dev_err=52.37%
2026-02-23 23:01:13,136 - lg_cotrain - INFO - Phase 2 epoch 10/20: loss1=0.0119, loss2=0.6070, dev_macro_f1=0.0645, dev_err=52.37%
2026-02-23 23:01:50,670 - lg_cotrain - INFO - Phase 2 epoch 11/20: loss1=0.0121, loss2=0.5810, dev_macro_f1=0.0645, dev_err=52.37%
2026-02-23 23:02:28,241 - lg_cotrain - INFO - Phase 2 epoch 12/20: loss1=0.0126, loss2=0.5611, dev_macro_f1=0.0645, dev_err=52.37%
2026-02-23 23:03:06,215 - lg_cotrain - INFO - Phase 2 epoch 13/20: loss1=0.0117, loss2=0.5420, dev_macro_f1=0.0645, dev_err=52.37%
2026-02-23 23:03:44,354 - lg_cotrain - INFO - Phase 2 epoch 14/20: loss1=0.0117, loss2=0.5241, dev_macro_f1=0.0645, dev_err=52.37%
2026-02-23 23:04:22,534 - lg_cotrain - INFO - Phase 2 epoch 15/20: loss1=0.0116, loss2=0.5074, dev_macro_f1=0.0645, dev_err=52.37%
2026-02-23 23:05:01,742 - lg_cotrain - INFO - Phase 2 epoch 16/20: loss1=0.0116, loss2=0.4929, dev_macro_f1=0.0645, dev_err=52.37%
2026-02-23 23:05:41,479 - lg_cotrain - INFO - Phase 2 epoch 17/20: loss1=0.0113, loss2=0.4795, dev_macro_f1=0.0645, dev_err=52.37%
2026-02-23 23:06:21,045 - lg_cotrain - INFO - Phase 2 epoch 18/20: loss1=0.0111, loss2=0.4676, dev_macro_f1=0.0645, dev_err=52.37%
2026-02-23 23:07:00,480 - lg_cotrain - INFO - Phase 2 epoch 19/20: loss1=0.0111, loss2=0.4548, dev_macro_f1=0.0645, dev_err=52.37%
2026-02-23 23:07:40,027 - lg_cotrain - INFO - Phase 2 epoch 20/20: loss1=0.0107, loss2=0.4444, dev_macro_f1=0.0645, dev_err=52.37%
2026-02-23 23:07:40,028 - lg_cotrain - INFO - === Phase 3: Fine-Tuning ===
2026-02-23 23:07:42,019 - lg_cotrain - INFO - Phase 3 epoch 1: dev_macro_f1=0.0645, dev_err=52.37%, es_counter1=0, es_counter2=0
2026-02-23 23:07:43,982 - lg_cotrain - INFO - Phase 3 epoch 2: dev_macro_f1=0.0645, dev_err=52.37%, es_counter1=1, es_counter2=1
2026-02-23 23:07:45,952 - lg_cotrain - INFO - Phase 3 epoch 3: dev_macro_f1=0.0645, dev_err=52.37%, es_counter1=2, es_counter2=2
2026-02-23 23:07:47,927 - lg_cotrain - INFO - Phase 3 epoch 4: dev_macro_f1=0.0645, dev_err=52.37%, es_counter1=3, es_counter2=3
2026-02-23 23:07:49,887 - lg_cotrain - INFO - Phase 3 epoch 5: dev_macro_f1=0.0165, dev_err=91.02%, es_counter1=4, es_counter2=4
2026-02-23 23:07:51,854 - lg_cotrain - INFO - Phase 3 epoch 6: dev_macro_f1=0.0165, dev_err=91.02%, es_counter1=5, es_counter2=5
2026-02-23 23:07:53,801 - lg_cotrain - INFO - Phase 3 epoch 7: dev_macro_f1=0.0186, dev_err=89.78%, es_counter1=6, es_counter2=6
2026-02-23 23:07:53,801 - lg_cotrain - INFO - Early stopping at epoch 7
2026-02-23 23:07:53,808 - lg_cotrain - INFO - === Final Evaluation ===
2026-02-23 23:07:57,963 - lg_cotrain - INFO - Results saved to C:\Users\anhtr\AppData\Local\Temp\tmp0iuvgdnc\cyclone_idai_2019\10_set1\metrics.json
2026-02-23 23:07:57,963 - lg_cotrain - INFO - Test error rate: 52.50%, Test macro-F1: 0.0644, Test ECE: 0.4181
2026-02-23 23:07:57,976 - lg_cotrain - INFO - --- Trial 9/10 done: dev_macro_f1=0.0645 ---
2026-02-23 23:07:57,976 - lg_cotrain - INFO - --- Trial 10/10 ---
2026-02-23 23:07:58,755 - lg_cotrain - INFO - Starting LG-CoTrain: event=cyclone_idai_2019, budget=10, seed_set=1
2026-02-23 23:07:58,804 - lg_cotrain - INFO - Detected 10 classes for event cyclone_idai_2019: ['caution_and_advice', 'displaced_people_and_evacuations', 'infrastructure_and_utility_damage', 'injured_or_dead_people', 'missing_or_found_people', 'not_humanitarian', 'other_relevant_information', 'requests_or_urgent_needs', 'rescue_volunteering_or_donation_effort', 'sympathy_and_support']
2026-02-23 23:07:58,811 - lg_cotrain - INFO - D_l1: 50, D_l2: 50, D_LG: 2653
2026-02-23 23:07:58,812 - lg_cotrain - INFO - === Phase 1: Weight Generation ===
2026-02-23 23:08:11,884 - lg_cotrain - INFO - Phase 1 epoch 1/7: mean_prob1=0.1218, mean_prob2=0.0795
2026-02-23 23:08:23,829 - lg_cotrain - INFO - Phase 1 epoch 2/7: mean_prob1=0.0710, mean_prob2=0.0974
2026-02-23 23:08:35,869 - lg_cotrain - INFO - Phase 1 epoch 3/7: mean_prob1=0.1074, mean_prob2=0.1251
2026-02-23 23:08:47,775 - lg_cotrain - INFO - Phase 1 epoch 4/7: mean_prob1=0.0916, mean_prob2=0.0931
2026-02-23 23:08:59,727 - lg_cotrain - INFO - Phase 1 epoch 5/7: mean_prob1=0.0827, mean_prob2=0.0865
2026-02-23 23:09:11,722 - lg_cotrain - INFO - Phase 1 epoch 6/7: mean_prob1=0.0951, mean_prob2=0.1034
2026-02-23 23:09:23,844 - lg_cotrain - INFO - Phase 1 epoch 7/7: mean_prob1=0.1236, mean_prob2=0.0971
2026-02-23 23:09:23,844 - lg_cotrain - INFO - === Phase 2: Co-Training ===
2026-02-23 23:09:24,878 - lg_cotrain - INFO - LR scheduler: total_steps_1=7340, warmup=331; total_steps_2=7340, warmup=331
2026-02-23 23:09:24,878 - lg_cotrain - INFO - Phase 1 done -> seeded Phase 2 trackers. lambda1: mean=0.1236, range=[0.0740, 0.1609]
2026-02-23 23:09:24,879 - lg_cotrain - INFO - Phase 1 done -> seeded Phase 2 trackers. lambda2: mean=0.0971, range=[0.0646, 0.1403]
2026-02-23 23:10:17,357 - lg_cotrain - INFO - Phase 2 epoch 1/20: loss1=0.1691, loss2=0.1743, dev_macro_f1=0.0645, dev_err=52.37%
2026-02-23 23:11:06,779 - lg_cotrain - INFO - Phase 2 epoch 2/20: loss1=0.0630, loss2=0.3060, dev_macro_f1=0.0645, dev_err=52.37%
2026-02-23 23:11:56,357 - lg_cotrain - INFO - Phase 2 epoch 3/20: loss1=0.0349, loss2=0.2908, dev_macro_f1=0.0645, dev_err=52.37%
2026-02-23 23:12:46,649 - lg_cotrain - INFO - Phase 2 epoch 4/20: loss1=0.0336, loss2=0.2792, dev_macro_f1=0.0645, dev_err=52.37%
2026-02-23 23:13:37,768 - lg_cotrain - INFO - Phase 2 epoch 5/20: loss1=0.0268, loss2=0.2555, dev_macro_f1=0.0645, dev_err=52.37%
2026-02-23 23:14:28,675 - lg_cotrain - INFO - Phase 2 epoch 6/20: loss1=0.0198, loss2=0.2379, dev_macro_f1=0.0645, dev_err=52.37%
2026-02-23 23:15:18,563 - lg_cotrain - INFO - Phase 2 epoch 7/20: loss1=0.0174, loss2=0.2238, dev_macro_f1=0.0645, dev_err=52.37%
2026-02-23 23:16:11,080 - lg_cotrain - INFO - Phase 2 epoch 8/20: loss1=0.0149, loss2=0.2092, dev_macro_f1=0.0645, dev_err=52.37%
2026-02-23 23:17:02,605 - lg_cotrain - INFO - Phase 2 epoch 9/20: loss1=0.0124, loss2=0.1982, dev_macro_f1=0.0645, dev_err=52.37%
2026-02-23 23:17:54,367 - lg_cotrain - INFO - Phase 2 epoch 10/20: loss1=0.0120, loss2=0.1877, dev_macro_f1=0.0645, dev_err=52.37%
2026-02-23 23:18:46,165 - lg_cotrain - INFO - Phase 2 epoch 11/20: loss1=0.0119, loss2=0.1792, dev_macro_f1=0.0645, dev_err=52.37%
2026-02-23 23:19:37,025 - lg_cotrain - INFO - Phase 2 epoch 12/20: loss1=0.0132, loss2=0.1733, dev_macro_f1=0.0645, dev_err=52.37%
2026-02-23 23:20:30,321 - lg_cotrain - INFO - Phase 2 epoch 13/20: loss1=0.0124, loss2=0.1659, dev_macro_f1=0.0645, dev_err=52.37%
2026-02-23 23:21:23,189 - lg_cotrain - INFO - Phase 2 epoch 14/20: loss1=0.0121, loss2=0.1601, dev_macro_f1=0.0645, dev_err=52.37%
2026-02-23 23:22:14,546 - lg_cotrain - INFO - Phase 2 epoch 15/20: loss1=0.0114, loss2=0.1549, dev_macro_f1=0.0645, dev_err=52.37%
2026-02-23 23:23:06,066 - lg_cotrain - INFO - Phase 2 epoch 16/20: loss1=0.0114, loss2=0.1507, dev_macro_f1=0.0645, dev_err=52.37%
2026-02-23 23:23:58,825 - lg_cotrain - INFO - Phase 2 epoch 17/20: loss1=0.0109, loss2=0.1456, dev_macro_f1=0.0645, dev_err=52.37%
2026-02-23 23:24:48,632 - lg_cotrain - INFO - Phase 2 epoch 18/20: loss1=0.0106, loss2=0.1415, dev_macro_f1=0.0645, dev_err=52.37%
2026-02-23 23:25:38,101 - lg_cotrain - INFO - Phase 2 epoch 19/20: loss1=0.0102, loss2=0.1379, dev_macro_f1=0.0645, dev_err=52.37%
2026-02-23 23:26:27,653 - lg_cotrain - INFO - Phase 2 epoch 20/20: loss1=0.0097, loss2=0.1344, dev_macro_f1=0.0645, dev_err=52.37%
2026-02-23 23:26:27,653 - lg_cotrain - INFO - === Phase 3: Fine-Tuning ===
2026-02-23 23:26:30,055 - lg_cotrain - INFO - Phase 3 epoch 1: dev_macro_f1=0.0645, dev_err=52.37%, es_counter1=0, es_counter2=0
2026-02-23 23:26:32,393 - lg_cotrain - INFO - Phase 3 epoch 2: dev_macro_f1=0.0010, dev_err=99.50%, es_counter1=1, es_counter2=1
2026-02-23 23:26:34,677 - lg_cotrain - INFO - Phase 3 epoch 3: dev_macro_f1=0.0039, dev_err=98.00%, es_counter1=2, es_counter2=2
2026-02-23 23:26:36,946 - lg_cotrain - INFO - Phase 3 epoch 4: dev_macro_f1=0.0072, dev_err=96.26%, es_counter1=3, es_counter2=3
2026-02-23 23:26:39,221 - lg_cotrain - INFO - Phase 3 epoch 5: dev_macro_f1=0.0198, dev_err=89.03%, es_counter1=4, es_counter2=4
2026-02-23 23:26:41,505 - lg_cotrain - INFO - Phase 3 epoch 6: dev_macro_f1=0.0645, dev_err=52.37%, es_counter1=5, es_counter2=5
2026-02-23 23:26:43,788 - lg_cotrain - INFO - Phase 3 epoch 7: dev_macro_f1=0.0029, dev_err=98.50%, es_counter1=6, es_counter2=6
2026-02-23 23:26:46,066 - lg_cotrain - INFO - Phase 3 epoch 8: dev_macro_f1=0.0029, dev_err=98.50%, es_counter1=7, es_counter2=7
2026-02-23 23:26:48,358 - lg_cotrain - INFO - Phase 3 epoch 9: dev_macro_f1=0.0645, dev_err=52.37%, es_counter1=8, es_counter2=8
2026-02-23 23:26:50,633 - lg_cotrain - INFO - Phase 3 epoch 10: dev_macro_f1=0.0039, dev_err=98.00%, es_counter1=9, es_counter2=9
2026-02-23 23:26:50,633 - lg_cotrain - INFO - Early stopping at epoch 10
2026-02-23 23:26:50,641 - lg_cotrain - INFO - === Final Evaluation ===
2026-02-23 23:26:55,168 - lg_cotrain - INFO - Results saved to C:\Users\anhtr\AppData\Local\Temp\tmpcook08vr\cyclone_idai_2019\10_set1\metrics.json
2026-02-23 23:26:55,168 - lg_cotrain - INFO - Test error rate: 52.50%, Test macro-F1: 0.0644, Test ECE: 0.0760
2026-02-23 23:26:55,179 - lg_cotrain - INFO - --- Trial 10/10 done: dev_macro_f1=0.0645 ---
