2026-02-24 12:59:35,421 - lg_cotrain - INFO - === Optuna study: hurricane_dorian_2019 budget=10 seed=3 | target=10 trials, 0 replayed, 10 new ===
2026-02-24 12:59:35,421 - lg_cotrain - INFO - --- Trial 1/10 ---
2026-02-24 12:59:36,006 - lg_cotrain - INFO - Starting LG-CoTrain: event=hurricane_dorian_2019, budget=10, seed_set=3
2026-02-24 12:59:36,067 - lg_cotrain - INFO - Detected 9 classes for event hurricane_dorian_2019: ['caution_and_advice', 'displaced_people_and_evacuations', 'infrastructure_and_utility_damage', 'injured_or_dead_people', 'not_humanitarian', 'other_relevant_information', 'requests_or_urgent_needs', 'rescue_volunteering_or_donation_effort', 'sympathy_and_support']
2026-02-24 12:59:36,077 - lg_cotrain - INFO - D_l1: 45, D_l2: 45, D_LG: 5239
2026-02-24 12:59:36,079 - lg_cotrain - INFO - === Phase 1: Weight Generation ===
2026-02-24 12:59:56,741 - lg_cotrain - INFO - Phase 1 epoch 1/7: mean_prob1=0.1386, mean_prob2=0.1487
2026-02-24 13:00:16,323 - lg_cotrain - INFO - Phase 1 epoch 2/7: mean_prob1=0.1144, mean_prob2=0.1097
2026-02-24 13:00:36,033 - lg_cotrain - INFO - Phase 1 epoch 3/7: mean_prob1=0.1166, mean_prob2=0.0999
2026-02-24 13:00:55,565 - lg_cotrain - INFO - Phase 1 epoch 4/7: mean_prob1=0.1053, mean_prob2=0.1146
2026-02-24 13:01:15,067 - lg_cotrain - INFO - Phase 1 epoch 5/7: mean_prob1=0.1051, mean_prob2=0.1130
2026-02-24 13:01:34,567 - lg_cotrain - INFO - Phase 1 epoch 6/7: mean_prob1=0.1096, mean_prob2=0.1089
2026-02-24 13:01:54,191 - lg_cotrain - INFO - Phase 1 epoch 7/7: mean_prob1=0.1139, mean_prob2=0.1136
2026-02-24 13:01:54,191 - lg_cotrain - INFO - === Phase 2: Co-Training ===
2026-02-24 13:01:55,210 - lg_cotrain - INFO - LR scheduler: total_steps_1=5840, warmup=1298; total_steps_2=5840, warmup=1298
2026-02-24 13:01:55,211 - lg_cotrain - INFO - Phase 1 done -> seeded Phase 2 trackers. lambda1: mean=0.1139, range=[0.0921, 0.1519]
2026-02-24 13:01:55,211 - lg_cotrain - INFO - Phase 1 done -> seeded Phase 2 trackers. lambda2: mean=0.1136, range=[0.0840, 0.1407]
2026-02-24 13:03:20,632 - lg_cotrain - INFO - Phase 2 epoch 1/8: loss1=0.1677, loss2=0.1381, dev_macro_f1=0.2979, dev_err=55.41%
2026-02-24 13:04:45,904 - lg_cotrain - INFO - Phase 2 epoch 2/8: loss1=0.1902, loss2=0.3122, dev_macro_f1=0.0340, dev_err=81.96%
2026-02-24 13:06:11,189 - lg_cotrain - INFO - Phase 2 epoch 3/8: loss1=0.1203, loss2=0.3406, dev_macro_f1=0.0340, dev_err=81.96%
2026-02-24 13:07:36,644 - lg_cotrain - INFO - Phase 2 epoch 4/8: loss1=0.1074, loss2=0.3821, dev_macro_f1=0.0340, dev_err=81.96%
2026-02-24 13:09:01,905 - lg_cotrain - INFO - Phase 2 epoch 5/8: loss1=0.1060, loss2=0.3898, dev_macro_f1=0.0340, dev_err=81.96%
2026-02-24 13:10:27,126 - lg_cotrain - INFO - Phase 2 epoch 6/8: loss1=0.1018, loss2=0.3879, dev_macro_f1=0.0340, dev_err=81.96%
2026-02-24 13:11:52,460 - lg_cotrain - INFO - Phase 2 epoch 7/8: loss1=0.1014, loss2=0.3812, dev_macro_f1=0.0340, dev_err=81.96%
2026-02-24 13:13:17,762 - lg_cotrain - INFO - Phase 2 epoch 8/8: loss1=0.1002, loss2=0.3757, dev_macro_f1=0.0340, dev_err=81.96%
2026-02-24 13:13:17,762 - lg_cotrain - INFO - === Phase 3: Fine-Tuning ===
2026-02-24 13:13:20,972 - lg_cotrain - INFO - Phase 3 epoch 1: dev_macro_f1=0.0340, dev_err=81.96%, es_counter1=0, es_counter2=0
2026-02-24 13:13:24,173 - lg_cotrain - INFO - Phase 3 epoch 2: dev_macro_f1=0.0340, dev_err=81.96%, es_counter1=1, es_counter2=1
2026-02-24 13:13:27,373 - lg_cotrain - INFO - Phase 3 epoch 3: dev_macro_f1=0.0017, dev_err=99.23%, es_counter1=2, es_counter2=2
2026-02-24 13:13:30,585 - lg_cotrain - INFO - Phase 3 epoch 4: dev_macro_f1=0.0050, dev_err=97.68%, es_counter1=3, es_counter2=3
2026-02-24 13:13:33,787 - lg_cotrain - INFO - Phase 3 epoch 5: dev_macro_f1=0.0215, dev_err=89.30%, es_counter1=4, es_counter2=4
2026-02-24 13:13:36,992 - lg_cotrain - INFO - Phase 3 epoch 6: dev_macro_f1=0.0256, dev_err=86.98%, es_counter1=5, es_counter2=5
2026-02-24 13:13:40,191 - lg_cotrain - INFO - Phase 3 epoch 7: dev_macro_f1=0.0256, dev_err=86.98%, es_counter1=6, es_counter2=6
2026-02-24 13:13:40,192 - lg_cotrain - INFO - Early stopping at epoch 7
2026-02-24 13:13:40,201 - lg_cotrain - INFO - === Final Evaluation ===
2026-02-24 13:13:47,971 - lg_cotrain - INFO - Results saved to C:\Users\anhtr\AppData\Local\Temp\tmp2gdux4d_\hurricane_dorian_2019\10_set3\metrics.json
2026-02-24 13:13:47,972 - lg_cotrain - INFO - Test error rate: 82.03%, Test macro-F1: 0.0339, Test ECE: 0.2805
2026-02-24 13:13:47,980 - lg_cotrain - INFO - --- Trial 1/10 done: dev_macro_f1=0.0340 ---
2026-02-24 13:13:47,980 - lg_cotrain - INFO - --- Trial 2/10 ---
2026-02-24 13:13:48,569 - lg_cotrain - INFO - Starting LG-CoTrain: event=hurricane_dorian_2019, budget=10, seed_set=3
2026-02-24 13:13:48,600 - lg_cotrain - INFO - Detected 9 classes for event hurricane_dorian_2019: ['caution_and_advice', 'displaced_people_and_evacuations', 'infrastructure_and_utility_damage', 'injured_or_dead_people', 'not_humanitarian', 'other_relevant_information', 'requests_or_urgent_needs', 'rescue_volunteering_or_donation_effort', 'sympathy_and_support']
2026-02-24 13:13:48,607 - lg_cotrain - INFO - D_l1: 45, D_l2: 45, D_LG: 5239
2026-02-24 13:13:48,608 - lg_cotrain - INFO - === Phase 1: Weight Generation ===
2026-02-24 13:14:09,354 - lg_cotrain - INFO - Phase 1 epoch 1/7: mean_prob1=0.1145, mean_prob2=0.1220
2026-02-24 13:14:29,084 - lg_cotrain - INFO - Phase 1 epoch 2/7: mean_prob1=0.1159, mean_prob2=0.1275
2026-02-24 13:14:48,811 - lg_cotrain - INFO - Phase 1 epoch 3/7: mean_prob1=0.1320, mean_prob2=0.1390
2026-02-24 13:15:08,532 - lg_cotrain - INFO - Phase 1 epoch 4/7: mean_prob1=0.1423, mean_prob2=0.1417
2026-02-24 13:15:28,288 - lg_cotrain - INFO - Phase 1 epoch 5/7: mean_prob1=0.1854, mean_prob2=0.1788
2026-02-24 13:15:48,079 - lg_cotrain - INFO - Phase 1 epoch 6/7: mean_prob1=0.1874, mean_prob2=0.1302
2026-02-24 13:16:07,884 - lg_cotrain - INFO - Phase 1 epoch 7/7: mean_prob1=0.2407, mean_prob2=0.1999
2026-02-24 13:16:07,885 - lg_cotrain - INFO - === Phase 2: Co-Training ===
2026-02-24 13:16:08,926 - lg_cotrain - INFO - LR scheduler: total_steps_1=7805, warmup=82; total_steps_2=7805, warmup=82
2026-02-24 13:16:08,926 - lg_cotrain - INFO - Phase 1 done -> seeded Phase 2 trackers. lambda1: mean=0.2407, range=[0.0197, 0.7357]
2026-02-24 13:16:08,926 - lg_cotrain - INFO - Phase 1 done -> seeded Phase 2 trackers. lambda2: mean=0.1999, range=[0.0095, 0.7169]
2026-02-24 13:17:34,523 - lg_cotrain - INFO - Phase 2 epoch 1/11: loss1=0.1545, loss2=0.1693, dev_macro_f1=0.5252, dev_err=37.89%
2026-02-24 13:19:00,008 - lg_cotrain - INFO - Phase 2 epoch 2/11: loss1=0.0434, loss2=0.3005, dev_macro_f1=0.5082, dev_err=40.46%
2026-02-24 13:20:25,523 - lg_cotrain - INFO - Phase 2 epoch 3/11: loss1=0.0438, loss2=0.1993, dev_macro_f1=0.5481, dev_err=38.79%
2026-02-24 13:21:51,003 - lg_cotrain - INFO - Phase 2 epoch 4/11: loss1=0.0435, loss2=0.1153, dev_macro_f1=0.4931, dev_err=38.92%
2026-02-24 13:23:16,345 - lg_cotrain - INFO - Phase 2 epoch 5/11: loss1=0.0280, loss2=0.0676, dev_macro_f1=0.5159, dev_err=40.21%
2026-02-24 13:24:41,770 - lg_cotrain - INFO - Phase 2 epoch 6/11: loss1=0.0153, loss2=0.0668, dev_macro_f1=0.5514, dev_err=38.66%
2026-02-24 13:26:07,360 - lg_cotrain - INFO - Phase 2 epoch 7/11: loss1=0.0128, loss2=0.0269, dev_macro_f1=0.5521, dev_err=39.18%
2026-02-24 13:27:33,020 - lg_cotrain - INFO - Phase 2 epoch 8/11: loss1=0.0087, loss2=0.0201, dev_macro_f1=0.5535, dev_err=39.05%
2026-02-24 13:28:58,557 - lg_cotrain - INFO - Phase 2 epoch 9/11: loss1=0.0117, loss2=0.0105, dev_macro_f1=0.5660, dev_err=39.56%
2026-02-24 13:30:24,123 - lg_cotrain - INFO - Phase 2 epoch 10/11: loss1=0.0062, loss2=0.0062, dev_macro_f1=0.5500, dev_err=39.56%
2026-02-24 13:31:49,695 - lg_cotrain - INFO - Phase 2 epoch 11/11: loss1=0.0030, loss2=0.0032, dev_macro_f1=0.5670, dev_err=38.92%
2026-02-24 13:31:49,695 - lg_cotrain - INFO - === Phase 3: Fine-Tuning ===
2026-02-24 13:31:52,931 - lg_cotrain - INFO - Phase 3 epoch 1: dev_macro_f1=0.5669, dev_err=39.18%, es_counter1=0, es_counter2=0
2026-02-24 13:31:56,156 - lg_cotrain - INFO - Phase 3 epoch 2: dev_macro_f1=0.5488, dev_err=39.82%, es_counter1=1, es_counter2=1
2026-02-24 13:31:59,396 - lg_cotrain - INFO - Phase 3 epoch 3: dev_macro_f1=0.5551, dev_err=40.08%, es_counter1=2, es_counter2=2
2026-02-24 13:32:02,640 - lg_cotrain - INFO - Phase 3 epoch 4: dev_macro_f1=0.5381, dev_err=40.46%, es_counter1=3, es_counter2=3
2026-02-24 13:32:05,905 - lg_cotrain - INFO - Phase 3 epoch 5: dev_macro_f1=0.5386, dev_err=40.85%, es_counter1=4, es_counter2=4
2026-02-24 13:32:09,153 - lg_cotrain - INFO - Phase 3 epoch 6: dev_macro_f1=0.5396, dev_err=41.11%, es_counter1=5, es_counter2=5
2026-02-24 13:32:12,416 - lg_cotrain - INFO - Phase 3 epoch 7: dev_macro_f1=0.5424, dev_err=41.11%, es_counter1=6, es_counter2=6
2026-02-24 13:32:15,689 - lg_cotrain - INFO - Phase 3 epoch 8: dev_macro_f1=0.5430, dev_err=41.24%, es_counter1=7, es_counter2=7
2026-02-24 13:32:18,961 - lg_cotrain - INFO - Phase 3 epoch 9: dev_macro_f1=0.5462, dev_err=41.75%, es_counter1=8, es_counter2=8
2026-02-24 13:32:22,209 - lg_cotrain - INFO - Phase 3 epoch 10: dev_macro_f1=0.5505, dev_err=41.49%, es_counter1=9, es_counter2=9
2026-02-24 13:32:25,472 - lg_cotrain - INFO - Phase 3 epoch 11: dev_macro_f1=0.5503, dev_err=41.49%, es_counter1=10, es_counter2=10
2026-02-24 13:32:25,473 - lg_cotrain - INFO - Early stopping at epoch 11
2026-02-24 13:32:25,482 - lg_cotrain - INFO - === Final Evaluation ===
2026-02-24 13:32:33,422 - lg_cotrain - INFO - Results saved to C:\Users\anhtr\AppData\Local\Temp\tmphr85hp6b\hurricane_dorian_2019\10_set3\metrics.json
2026-02-24 13:32:33,423 - lg_cotrain - INFO - Test error rate: 38.06%, Test macro-F1: 0.5505, Test ECE: 0.2843
2026-02-24 13:32:33,431 - lg_cotrain - INFO - --- Trial 2/10 done: dev_macro_f1=0.5669 ---
2026-02-24 13:32:33,431 - lg_cotrain - INFO - --- Trial 3/10 ---
2026-02-24 13:32:34,013 - lg_cotrain - INFO - Starting LG-CoTrain: event=hurricane_dorian_2019, budget=10, seed_set=3
2026-02-24 13:32:34,053 - lg_cotrain - INFO - Detected 9 classes for event hurricane_dorian_2019: ['caution_and_advice', 'displaced_people_and_evacuations', 'infrastructure_and_utility_damage', 'injured_or_dead_people', 'not_humanitarian', 'other_relevant_information', 'requests_or_urgent_needs', 'rescue_volunteering_or_donation_effort', 'sympathy_and_support']
2026-02-24 13:32:34,060 - lg_cotrain - INFO - D_l1: 45, D_l2: 45, D_LG: 5239
2026-02-24 13:32:34,061 - lg_cotrain - INFO - === Phase 1: Weight Generation ===
2026-02-24 13:32:53,620 - lg_cotrain - INFO - Phase 1 epoch 1/7: mean_prob1=0.0929, mean_prob2=0.1278
2026-02-24 13:33:12,129 - lg_cotrain - INFO - Phase 1 epoch 2/7: mean_prob1=0.1196, mean_prob2=0.1286
2026-02-24 13:33:30,693 - lg_cotrain - INFO - Phase 1 epoch 3/7: mean_prob1=0.1515, mean_prob2=0.1258
2026-02-24 13:33:49,284 - lg_cotrain - INFO - Phase 1 epoch 4/7: mean_prob1=0.1591, mean_prob2=0.1294
2026-02-24 13:34:07,888 - lg_cotrain - INFO - Phase 1 epoch 5/7: mean_prob1=0.1837, mean_prob2=0.1354
2026-02-24 13:34:26,429 - lg_cotrain - INFO - Phase 1 epoch 6/7: mean_prob1=0.1947, mean_prob2=0.1517
2026-02-24 13:34:44,910 - lg_cotrain - INFO - Phase 1 epoch 7/7: mean_prob1=0.2162, mean_prob2=0.1610
2026-02-24 13:34:44,911 - lg_cotrain - INFO - === Phase 2: Co-Training ===
2026-02-24 13:34:45,951 - lg_cotrain - INFO - LR scheduler: total_steps_1=6204, warmup=1083; total_steps_2=6204, warmup=1083
2026-02-24 13:34:45,951 - lg_cotrain - INFO - Phase 1 done -> seeded Phase 2 trackers. lambda1: mean=0.2162, range=[0.0201, 0.7669]
2026-02-24 13:34:45,951 - lg_cotrain - INFO - Phase 1 done -> seeded Phase 2 trackers. lambda2: mean=0.1610, range=[0.0176, 0.5855]
2026-02-24 13:35:59,829 - lg_cotrain - INFO - Phase 2 epoch 1/18: loss1=0.2235, loss2=0.2736, dev_macro_f1=0.4713, dev_err=37.50%
2026-02-24 13:37:13,685 - lg_cotrain - INFO - Phase 2 epoch 2/18: loss1=0.0520, loss2=0.2411, dev_macro_f1=0.4583, dev_err=38.79%
2026-02-24 13:38:27,534 - lg_cotrain - INFO - Phase 2 epoch 3/18: loss1=0.0604, loss2=0.2155, dev_macro_f1=0.4960, dev_err=38.40%
2026-02-24 13:39:41,590 - lg_cotrain - INFO - Phase 2 epoch 4/18: loss1=0.0726, loss2=0.2129, dev_macro_f1=0.4778, dev_err=40.46%
2026-02-24 13:40:55,486 - lg_cotrain - INFO - Phase 2 epoch 5/18: loss1=0.0519, loss2=0.1540, dev_macro_f1=0.4831, dev_err=40.08%
2026-02-24 13:42:09,273 - lg_cotrain - INFO - Phase 2 epoch 6/18: loss1=0.0402, loss2=0.0934, dev_macro_f1=0.5034, dev_err=37.89%
2026-02-24 13:43:23,211 - lg_cotrain - INFO - Phase 2 epoch 7/18: loss1=0.0299, loss2=0.0863, dev_macro_f1=0.5135, dev_err=39.95%
2026-02-24 13:44:37,138 - lg_cotrain - INFO - Phase 2 epoch 8/18: loss1=0.0255, loss2=0.0599, dev_macro_f1=0.5210, dev_err=38.79%
2026-02-24 13:45:51,122 - lg_cotrain - INFO - Phase 2 epoch 9/18: loss1=0.0353, loss2=0.0362, dev_macro_f1=0.5221, dev_err=39.56%
2026-02-24 13:47:04,942 - lg_cotrain - INFO - Phase 2 epoch 10/18: loss1=0.0183, loss2=0.0241, dev_macro_f1=0.5161, dev_err=39.18%
2026-02-24 13:48:18,832 - lg_cotrain - INFO - Phase 2 epoch 11/18: loss1=0.0143, loss2=0.0525, dev_macro_f1=0.5251, dev_err=38.27%
2026-02-24 13:49:32,892 - lg_cotrain - INFO - Phase 2 epoch 12/18: loss1=0.0149, loss2=0.0186, dev_macro_f1=0.4947, dev_err=39.18%
2026-02-24 13:50:46,894 - lg_cotrain - INFO - Phase 2 epoch 13/18: loss1=0.0107, loss2=0.0162, dev_macro_f1=0.4909, dev_err=40.21%
2026-02-24 13:52:00,824 - lg_cotrain - INFO - Phase 2 epoch 14/18: loss1=0.0054, loss2=0.0095, dev_macro_f1=0.5221, dev_err=40.46%
2026-02-24 13:53:14,578 - lg_cotrain - INFO - Phase 2 epoch 15/18: loss1=0.0055, loss2=0.0075, dev_macro_f1=0.4949, dev_err=40.08%
2026-02-24 13:54:28,699 - lg_cotrain - INFO - Phase 2 epoch 16/18: loss1=0.0058, loss2=0.0033, dev_macro_f1=0.5430, dev_err=39.56%
2026-02-24 13:55:42,390 - lg_cotrain - INFO - Phase 2 epoch 17/18: loss1=0.0060, loss2=0.0015, dev_macro_f1=0.5221, dev_err=39.95%
2026-02-24 13:56:56,039 - lg_cotrain - INFO - Phase 2 epoch 18/18: loss1=0.0053, loss2=0.0013, dev_macro_f1=0.5319, dev_err=40.34%
2026-02-24 13:56:56,039 - lg_cotrain - INFO - === Phase 3: Fine-Tuning ===
2026-02-24 13:56:59,019 - lg_cotrain - INFO - Phase 3 epoch 1: dev_macro_f1=0.5700, dev_err=39.95%, es_counter1=0, es_counter2=0
2026-02-24 13:57:01,984 - lg_cotrain - INFO - Phase 3 epoch 2: dev_macro_f1=0.5712, dev_err=40.21%, es_counter1=0, es_counter2=0
2026-02-24 13:57:04,931 - lg_cotrain - INFO - Phase 3 epoch 3: dev_macro_f1=0.5628, dev_err=40.59%, es_counter1=1, es_counter2=1
2026-02-24 13:57:07,881 - lg_cotrain - INFO - Phase 3 epoch 4: dev_macro_f1=0.5584, dev_err=40.59%, es_counter1=2, es_counter2=2
2026-02-24 13:57:10,827 - lg_cotrain - INFO - Phase 3 epoch 5: dev_macro_f1=0.5595, dev_err=40.34%, es_counter1=3, es_counter2=3
2026-02-24 13:57:13,795 - lg_cotrain - INFO - Phase 3 epoch 6: dev_macro_f1=0.5756, dev_err=39.95%, es_counter1=0, es_counter2=0
2026-02-24 13:57:16,751 - lg_cotrain - INFO - Phase 3 epoch 7: dev_macro_f1=0.5752, dev_err=39.95%, es_counter1=1, es_counter2=1
2026-02-24 13:57:19,696 - lg_cotrain - INFO - Phase 3 epoch 8: dev_macro_f1=0.5603, dev_err=40.08%, es_counter1=2, es_counter2=2
2026-02-24 13:57:22,630 - lg_cotrain - INFO - Phase 3 epoch 9: dev_macro_f1=0.5561, dev_err=40.46%, es_counter1=3, es_counter2=3
2026-02-24 13:57:25,572 - lg_cotrain - INFO - Phase 3 epoch 10: dev_macro_f1=0.5544, dev_err=40.46%, es_counter1=4, es_counter2=4
2026-02-24 13:57:28,542 - lg_cotrain - INFO - Phase 3 epoch 11: dev_macro_f1=0.5543, dev_err=40.59%, es_counter1=5, es_counter2=5
2026-02-24 13:57:31,479 - lg_cotrain - INFO - Phase 3 epoch 12: dev_macro_f1=0.5547, dev_err=40.46%, es_counter1=6, es_counter2=6
2026-02-24 13:57:34,434 - lg_cotrain - INFO - Phase 3 epoch 13: dev_macro_f1=0.5527, dev_err=40.72%, es_counter1=7, es_counter2=7
2026-02-24 13:57:37,379 - lg_cotrain - INFO - Phase 3 epoch 14: dev_macro_f1=0.5514, dev_err=40.85%, es_counter1=8, es_counter2=8
2026-02-24 13:57:37,379 - lg_cotrain - INFO - Early stopping at epoch 14
2026-02-24 13:57:37,387 - lg_cotrain - INFO - === Final Evaluation ===
2026-02-24 13:57:44,742 - lg_cotrain - INFO - Results saved to C:\Users\anhtr\AppData\Local\Temp\tmp0ktgufhn\hurricane_dorian_2019\10_set3\metrics.json
2026-02-24 13:57:44,743 - lg_cotrain - INFO - Test error rate: 36.67%, Test macro-F1: 0.5911, Test ECE: 0.2278
2026-02-24 13:57:44,753 - lg_cotrain - INFO - --- Trial 3/10 done: dev_macro_f1=0.5756 ---
2026-02-24 13:57:44,753 - lg_cotrain - INFO - --- Trial 4/10 ---
2026-02-24 13:57:45,350 - lg_cotrain - INFO - Starting LG-CoTrain: event=hurricane_dorian_2019, budget=10, seed_set=3
2026-02-24 13:57:45,381 - lg_cotrain - INFO - Detected 9 classes for event hurricane_dorian_2019: ['caution_and_advice', 'displaced_people_and_evacuations', 'infrastructure_and_utility_damage', 'injured_or_dead_people', 'not_humanitarian', 'other_relevant_information', 'requests_or_urgent_needs', 'rescue_volunteering_or_donation_effort', 'sympathy_and_support']
2026-02-24 13:57:45,388 - lg_cotrain - INFO - D_l1: 45, D_l2: 45, D_LG: 5239
2026-02-24 13:57:45,389 - lg_cotrain - INFO - === Phase 1: Weight Generation ===
2026-02-24 13:58:02,688 - lg_cotrain - INFO - Phase 1 epoch 1/7: mean_prob1=0.1398, mean_prob2=0.1278
2026-02-24 13:58:18,821 - lg_cotrain - INFO - Phase 1 epoch 2/7: mean_prob1=0.0894, mean_prob2=0.1192
2026-02-24 13:58:34,967 - lg_cotrain - INFO - Phase 1 epoch 3/7: mean_prob1=0.1241, mean_prob2=0.1151
2026-02-24 13:58:51,136 - lg_cotrain - INFO - Phase 1 epoch 4/7: mean_prob1=0.1615, mean_prob2=0.1130
2026-02-24 13:59:07,352 - lg_cotrain - INFO - Phase 1 epoch 5/7: mean_prob1=0.1219, mean_prob2=0.1231
2026-02-24 13:59:23,512 - lg_cotrain - INFO - Phase 1 epoch 6/7: mean_prob1=0.1529, mean_prob2=0.1326
2026-02-24 13:59:39,654 - lg_cotrain - INFO - Phase 1 epoch 7/7: mean_prob1=0.2254, mean_prob2=0.1129
2026-02-24 13:59:39,654 - lg_cotrain - INFO - === Phase 2: Co-Training ===
2026-02-24 13:59:40,659 - lg_cotrain - INFO - LR scheduler: total_steps_1=920, warmup=81; total_steps_2=920, warmup=81
2026-02-24 13:59:40,660 - lg_cotrain - INFO - Phase 1 done -> seeded Phase 2 trackers. lambda1: mean=0.2254, range=[0.0170, 0.7283]
2026-02-24 13:59:40,660 - lg_cotrain - INFO - Phase 1 done -> seeded Phase 2 trackers. lambda2: mean=0.1129, range=[0.0189, 0.5706]
2026-02-24 14:00:41,197 - lg_cotrain - INFO - Phase 2 epoch 1/10: loss1=0.1389, loss2=0.2309, dev_macro_f1=0.4958, dev_err=40.46%
2026-02-24 14:01:41,761 - lg_cotrain - INFO - Phase 2 epoch 2/10: loss1=0.0566, loss2=0.3709, dev_macro_f1=0.4863, dev_err=41.37%
2026-02-24 14:02:43,789 - lg_cotrain - INFO - Phase 2 epoch 3/10: loss1=0.0446, loss2=1.1741, dev_macro_f1=0.4471, dev_err=41.62%
2026-02-24 14:03:44,698 - lg_cotrain - INFO - Phase 2 epoch 4/10: loss1=0.0296, loss2=1.4971, dev_macro_f1=0.4203, dev_err=45.49%
2026-02-24 14:04:46,154 - lg_cotrain - INFO - Phase 2 epoch 5/10: loss1=0.0308, loss2=1.5683, dev_macro_f1=0.4379, dev_err=43.56%
2026-02-24 14:05:46,945 - lg_cotrain - INFO - Phase 2 epoch 6/10: loss1=0.0212, loss2=1.5958, dev_macro_f1=0.3283, dev_err=55.28%
2026-02-24 14:06:47,890 - lg_cotrain - INFO - Phase 2 epoch 7/10: loss1=0.0160, loss2=1.5923, dev_macro_f1=0.2827, dev_err=55.67%
2026-02-24 14:07:50,050 - lg_cotrain - INFO - Phase 2 epoch 8/10: loss1=0.0121, loss2=1.6042, dev_macro_f1=0.3315, dev_err=51.68%
2026-02-24 14:08:51,189 - lg_cotrain - INFO - Phase 2 epoch 9/10: loss1=0.0098, loss2=1.6052, dev_macro_f1=0.3659, dev_err=49.10%
2026-02-24 14:09:51,953 - lg_cotrain - INFO - Phase 2 epoch 10/10: loss1=0.0084, loss2=1.6034, dev_macro_f1=0.3606, dev_err=50.52%
2026-02-24 14:09:51,953 - lg_cotrain - INFO - === Phase 3: Fine-Tuning ===
2026-02-24 14:09:54,562 - lg_cotrain - INFO - Phase 3 epoch 1: dev_macro_f1=0.4183, dev_err=44.72%, es_counter1=0, es_counter2=0
2026-02-24 14:09:57,192 - lg_cotrain - INFO - Phase 3 epoch 2: dev_macro_f1=0.4416, dev_err=41.24%, es_counter1=0, es_counter2=0
2026-02-24 14:09:59,748 - lg_cotrain - INFO - Phase 3 epoch 3: dev_macro_f1=0.4134, dev_err=44.97%, es_counter1=1, es_counter2=1
2026-02-24 14:10:02,329 - lg_cotrain - INFO - Phase 3 epoch 4: dev_macro_f1=0.3877, dev_err=48.71%, es_counter1=2, es_counter2=2
2026-02-24 14:10:04,903 - lg_cotrain - INFO - Phase 3 epoch 5: dev_macro_f1=0.4099, dev_err=45.49%, es_counter1=3, es_counter2=3
2026-02-24 14:10:07,472 - lg_cotrain - INFO - Phase 3 epoch 6: dev_macro_f1=0.4166, dev_err=44.33%, es_counter1=4, es_counter2=4
2026-02-24 14:10:10,122 - lg_cotrain - INFO - Phase 3 epoch 7: dev_macro_f1=0.3811, dev_err=47.29%, es_counter1=5, es_counter2=5
2026-02-24 14:10:12,668 - lg_cotrain - INFO - Phase 3 epoch 8: dev_macro_f1=0.3692, dev_err=47.68%, es_counter1=6, es_counter2=6
2026-02-24 14:10:15,220 - lg_cotrain - INFO - Phase 3 epoch 9: dev_macro_f1=0.4181, dev_err=43.94%, es_counter1=7, es_counter2=7
2026-02-24 14:10:17,769 - lg_cotrain - INFO - Phase 3 epoch 10: dev_macro_f1=0.4331, dev_err=42.53%, es_counter1=8, es_counter2=8
2026-02-24 14:10:20,347 - lg_cotrain - INFO - Phase 3 epoch 11: dev_macro_f1=0.4456, dev_err=41.88%, es_counter1=0, es_counter2=0
2026-02-24 14:10:22,916 - lg_cotrain - INFO - Phase 3 epoch 12: dev_macro_f1=0.4523, dev_err=42.65%, es_counter1=0, es_counter2=0
2026-02-24 14:10:25,470 - lg_cotrain - INFO - Phase 3 epoch 13: dev_macro_f1=0.4517, dev_err=43.69%, es_counter1=1, es_counter2=1
2026-02-24 14:10:28,058 - lg_cotrain - INFO - Phase 3 epoch 14: dev_macro_f1=0.4552, dev_err=44.07%, es_counter1=0, es_counter2=0
2026-02-24 14:10:30,698 - lg_cotrain - INFO - Phase 3 epoch 15: dev_macro_f1=0.4499, dev_err=45.49%, es_counter1=1, es_counter2=1
2026-02-24 14:10:33,279 - lg_cotrain - INFO - Phase 3 epoch 16: dev_macro_f1=0.4574, dev_err=45.49%, es_counter1=0, es_counter2=0
2026-02-24 14:10:35,904 - lg_cotrain - INFO - Phase 3 epoch 17: dev_macro_f1=0.4631, dev_err=45.62%, es_counter1=0, es_counter2=0
2026-02-24 14:10:38,512 - lg_cotrain - INFO - Phase 3 epoch 18: dev_macro_f1=0.4622, dev_err=45.75%, es_counter1=1, es_counter2=1
2026-02-24 14:10:41,144 - lg_cotrain - INFO - Phase 3 epoch 19: dev_macro_f1=0.4795, dev_err=45.88%, es_counter1=0, es_counter2=0
2026-02-24 14:10:43,699 - lg_cotrain - INFO - Phase 3 epoch 20: dev_macro_f1=0.4731, dev_err=46.78%, es_counter1=1, es_counter2=1
2026-02-24 14:10:46,297 - lg_cotrain - INFO - Phase 3 epoch 21: dev_macro_f1=0.4750, dev_err=46.91%, es_counter1=2, es_counter2=2
2026-02-24 14:10:48,856 - lg_cotrain - INFO - Phase 3 epoch 22: dev_macro_f1=0.4731, dev_err=47.94%, es_counter1=3, es_counter2=3
2026-02-24 14:10:51,407 - lg_cotrain - INFO - Phase 3 epoch 23: dev_macro_f1=0.4637, dev_err=49.36%, es_counter1=4, es_counter2=4
2026-02-24 14:10:54,059 - lg_cotrain - INFO - Phase 3 epoch 24: dev_macro_f1=0.4554, dev_err=50.90%, es_counter1=5, es_counter2=5
2026-02-24 14:10:56,661 - lg_cotrain - INFO - Phase 3 epoch 25: dev_macro_f1=0.4490, dev_err=51.80%, es_counter1=6, es_counter2=6
2026-02-24 14:10:59,214 - lg_cotrain - INFO - Phase 3 epoch 26: dev_macro_f1=0.4590, dev_err=50.77%, es_counter1=7, es_counter2=7
2026-02-24 14:11:01,794 - lg_cotrain - INFO - Phase 3 epoch 27: dev_macro_f1=0.4591, dev_err=50.64%, es_counter1=8, es_counter2=8
2026-02-24 14:11:04,343 - lg_cotrain - INFO - Phase 3 epoch 28: dev_macro_f1=0.4638, dev_err=49.87%, es_counter1=9, es_counter2=9
2026-02-24 14:11:06,902 - lg_cotrain - INFO - Phase 3 epoch 29: dev_macro_f1=0.4449, dev_err=51.42%, es_counter1=10, es_counter2=10
2026-02-24 14:11:06,902 - lg_cotrain - INFO - Early stopping at epoch 29
2026-02-24 14:11:06,912 - lg_cotrain - INFO - === Final Evaluation ===
2026-02-24 14:11:13,380 - lg_cotrain - INFO - Results saved to C:\Users\anhtr\AppData\Local\Temp\tmp6uppez6j\hurricane_dorian_2019\10_set3\metrics.json
2026-02-24 14:11:13,381 - lg_cotrain - INFO - Test error rate: 46.49%, Test macro-F1: 0.4733, Test ECE: 0.1211
2026-02-24 14:11:13,391 - lg_cotrain - INFO - --- Trial 4/10 done: dev_macro_f1=0.4795 ---
2026-02-24 14:11:13,391 - lg_cotrain - INFO - --- Trial 5/10 ---
2026-02-24 14:11:13,978 - lg_cotrain - INFO - Starting LG-CoTrain: event=hurricane_dorian_2019, budget=10, seed_set=3
2026-02-24 14:11:14,011 - lg_cotrain - INFO - Detected 9 classes for event hurricane_dorian_2019: ['caution_and_advice', 'displaced_people_and_evacuations', 'infrastructure_and_utility_damage', 'injured_or_dead_people', 'not_humanitarian', 'other_relevant_information', 'requests_or_urgent_needs', 'rescue_volunteering_or_donation_effort', 'sympathy_and_support']
2026-02-24 14:11:14,017 - lg_cotrain - INFO - D_l1: 45, D_l2: 45, D_LG: 5239
2026-02-24 14:11:14,018 - lg_cotrain - INFO - === Phase 1: Weight Generation ===
2026-02-24 14:11:33,700 - lg_cotrain - INFO - Phase 1 epoch 1/7: mean_prob1=0.1524, mean_prob2=0.1175
2026-02-24 14:11:52,013 - lg_cotrain - INFO - Phase 1 epoch 2/7: mean_prob1=0.1220, mean_prob2=0.1107
2026-02-24 14:12:10,193 - lg_cotrain - INFO - Phase 1 epoch 3/7: mean_prob1=0.1133, mean_prob2=0.1194
2026-02-24 14:12:28,450 - lg_cotrain - INFO - Phase 1 epoch 4/7: mean_prob1=0.1089, mean_prob2=0.1086
2026-02-24 14:12:46,698 - lg_cotrain - INFO - Phase 1 epoch 5/7: mean_prob1=0.1095, mean_prob2=0.1040
2026-02-24 14:13:05,003 - lg_cotrain - INFO - Phase 1 epoch 6/7: mean_prob1=0.1090, mean_prob2=0.1067
2026-02-24 14:13:23,492 - lg_cotrain - INFO - Phase 1 epoch 7/7: mean_prob1=0.1101, mean_prob2=0.0964
2026-02-24 14:13:23,492 - lg_cotrain - INFO - === Phase 2: Co-Training ===
2026-02-24 14:13:24,517 - lg_cotrain - INFO - LR scheduler: total_steps_1=2924, warmup=762; total_steps_2=2924, warmup=762
2026-02-24 14:13:24,519 - lg_cotrain - INFO - Phase 1 done -> seeded Phase 2 trackers. lambda1: mean=0.1101, range=[0.0931, 0.1385]
2026-02-24 14:13:24,519 - lg_cotrain - INFO - Phase 1 done -> seeded Phase 2 trackers. lambda2: mean=0.0964, range=[0.0348, 0.2340]
2026-02-24 14:14:39,164 - lg_cotrain - INFO - Phase 2 epoch 1/8: loss1=0.1191, loss2=0.1273, dev_macro_f1=0.4188, dev_err=44.46%
2026-02-24 14:15:56,422 - lg_cotrain - INFO - Phase 2 epoch 2/8: loss1=0.0667, loss2=0.9565, dev_macro_f1=0.4050, dev_err=47.55%
2026-02-24 14:17:10,839 - lg_cotrain - INFO - Phase 2 epoch 3/8: loss1=0.0624, loss2=1.3078, dev_macro_f1=0.0340, dev_err=81.96%
2026-02-24 14:18:28,222 - lg_cotrain - INFO - Phase 2 epoch 4/8: loss1=0.0637, loss2=1.1772, dev_macro_f1=0.0340, dev_err=81.96%
2026-02-24 14:19:43,395 - lg_cotrain - INFO - Phase 2 epoch 5/8: loss1=0.0622, loss2=1.0821, dev_macro_f1=0.0340, dev_err=81.96%
2026-02-24 14:20:58,318 - lg_cotrain - INFO - Phase 2 epoch 6/8: loss1=0.0619, loss2=1.0077, dev_macro_f1=0.0340, dev_err=81.96%
2026-02-24 14:22:13,990 - lg_cotrain - INFO - Phase 2 epoch 7/8: loss1=0.0634, loss2=0.9480, dev_macro_f1=0.0340, dev_err=81.96%
2026-02-24 14:23:27,371 - lg_cotrain - INFO - Phase 2 epoch 8/8: loss1=0.0642, loss2=0.8991, dev_macro_f1=0.0340, dev_err=81.96%
2026-02-24 14:23:27,371 - lg_cotrain - INFO - === Phase 3: Fine-Tuning ===
2026-02-24 14:23:30,309 - lg_cotrain - INFO - Phase 3 epoch 1: dev_macro_f1=0.0340, dev_err=81.96%, es_counter1=0, es_counter2=0
2026-02-24 14:23:33,220 - lg_cotrain - INFO - Phase 3 epoch 2: dev_macro_f1=0.0340, dev_err=81.96%, es_counter1=1, es_counter2=1
2026-02-24 14:23:36,145 - lg_cotrain - INFO - Phase 3 epoch 3: dev_macro_f1=0.0340, dev_err=81.96%, es_counter1=2, es_counter2=2
2026-02-24 14:23:39,059 - lg_cotrain - INFO - Phase 3 epoch 4: dev_macro_f1=0.0340, dev_err=81.96%, es_counter1=3, es_counter2=3
2026-02-24 14:23:41,977 - lg_cotrain - INFO - Phase 3 epoch 5: dev_macro_f1=0.0340, dev_err=81.96%, es_counter1=4, es_counter2=4
2026-02-24 14:23:44,898 - lg_cotrain - INFO - Phase 3 epoch 6: dev_macro_f1=0.0340, dev_err=81.96%, es_counter1=5, es_counter2=5
2026-02-24 14:23:47,815 - lg_cotrain - INFO - Phase 3 epoch 7: dev_macro_f1=0.0340, dev_err=81.96%, es_counter1=6, es_counter2=6
2026-02-24 14:23:50,737 - lg_cotrain - INFO - Phase 3 epoch 8: dev_macro_f1=0.0017, dev_err=99.23%, es_counter1=7, es_counter2=7
2026-02-24 14:23:53,658 - lg_cotrain - INFO - Phase 3 epoch 9: dev_macro_f1=0.0340, dev_err=81.96%, es_counter1=8, es_counter2=8
2026-02-24 14:23:56,588 - lg_cotrain - INFO - Phase 3 epoch 10: dev_macro_f1=0.0340, dev_err=81.96%, es_counter1=9, es_counter2=9
2026-02-24 14:23:56,588 - lg_cotrain - INFO - Early stopping at epoch 10
2026-02-24 14:23:56,596 - lg_cotrain - INFO - === Final Evaluation ===
2026-02-24 14:24:03,864 - lg_cotrain - INFO - Results saved to C:\Users\anhtr\AppData\Local\Temp\tmpmbbse3yl\hurricane_dorian_2019\10_set3\metrics.json
2026-02-24 14:24:03,865 - lg_cotrain - INFO - Test error rate: 82.03%, Test macro-F1: 0.0339, Test ECE: 0.3898
2026-02-24 14:24:03,874 - lg_cotrain - INFO - --- Trial 5/10 done: dev_macro_f1=0.0340 ---
2026-02-24 14:24:03,874 - lg_cotrain - INFO - --- Trial 6/10 ---
2026-02-24 14:24:04,441 - lg_cotrain - INFO - Starting LG-CoTrain: event=hurricane_dorian_2019, budget=10, seed_set=3
2026-02-24 14:24:04,482 - lg_cotrain - INFO - Detected 9 classes for event hurricane_dorian_2019: ['caution_and_advice', 'displaced_people_and_evacuations', 'infrastructure_and_utility_damage', 'injured_or_dead_people', 'not_humanitarian', 'other_relevant_information', 'requests_or_urgent_needs', 'rescue_volunteering_or_donation_effort', 'sympathy_and_support']
2026-02-24 14:24:04,493 - lg_cotrain - INFO - D_l1: 45, D_l2: 45, D_LG: 5239
2026-02-24 14:24:04,495 - lg_cotrain - INFO - === Phase 1: Weight Generation ===
2026-02-24 14:24:21,613 - lg_cotrain - INFO - Phase 1 epoch 1/7: mean_prob1=0.1324, mean_prob2=0.1304
2026-02-24 14:24:37,925 - lg_cotrain - INFO - Phase 1 epoch 2/7: mean_prob1=0.1034, mean_prob2=0.1157
2026-02-24 14:24:54,321 - lg_cotrain - INFO - Phase 1 epoch 3/7: mean_prob1=0.1244, mean_prob2=0.1048
2026-02-24 14:25:10,529 - lg_cotrain - INFO - Phase 1 epoch 4/7: mean_prob1=0.1234, mean_prob2=0.1080
2026-02-24 14:25:26,780 - lg_cotrain - INFO - Phase 1 epoch 5/7: mean_prob1=0.1018, mean_prob2=0.1053
2026-02-24 14:25:43,168 - lg_cotrain - INFO - Phase 1 epoch 6/7: mean_prob1=0.0965, mean_prob2=0.1032
2026-02-24 14:25:59,645 - lg_cotrain - INFO - Phase 1 epoch 7/7: mean_prob1=0.1117, mean_prob2=0.1056
2026-02-24 14:25:59,645 - lg_cotrain - INFO - === Phase 2: Co-Training ===
2026-02-24 14:26:00,613 - lg_cotrain - INFO - LR scheduler: total_steps_1=510, warmup=69; total_steps_2=510, warmup=69
2026-02-24 14:26:00,613 - lg_cotrain - INFO - Phase 1 done -> seeded Phase 2 trackers. lambda1: mean=0.1117, range=[0.0452, 0.2673]
2026-02-24 14:26:00,614 - lg_cotrain - INFO - Phase 1 done -> seeded Phase 2 trackers. lambda2: mean=0.1056, range=[0.0550, 0.1487]
2026-02-24 14:27:02,722 - lg_cotrain - INFO - Phase 2 epoch 1/5: loss1=0.1525, loss2=0.1653, dev_macro_f1=0.0592, dev_err=80.67%
2026-02-24 14:28:03,797 - lg_cotrain - INFO - Phase 2 epoch 2/5: loss1=0.1361, loss2=0.3094, dev_macro_f1=0.0340, dev_err=81.96%
2026-02-24 14:29:04,942 - lg_cotrain - INFO - Phase 2 epoch 3/5: loss1=0.1341, loss2=0.3608, dev_macro_f1=0.0340, dev_err=81.96%
2026-02-24 14:30:06,944 - lg_cotrain - INFO - Phase 2 epoch 4/5: loss1=0.1377, loss2=0.3668, dev_macro_f1=0.0340, dev_err=81.96%
2026-02-24 14:31:08,252 - lg_cotrain - INFO - Phase 2 epoch 5/5: loss1=0.1463, loss2=0.3709, dev_macro_f1=0.0340, dev_err=81.96%
2026-02-24 14:31:08,253 - lg_cotrain - INFO - === Phase 3: Fine-Tuning ===
2026-02-24 14:31:10,944 - lg_cotrain - INFO - Phase 3 epoch 1: dev_macro_f1=0.0340, dev_err=81.96%, es_counter1=0, es_counter2=0
2026-02-24 14:31:13,547 - lg_cotrain - INFO - Phase 3 epoch 2: dev_macro_f1=0.0340, dev_err=81.96%, es_counter1=1, es_counter2=1
2026-02-24 14:31:16,112 - lg_cotrain - INFO - Phase 3 epoch 3: dev_macro_f1=0.0340, dev_err=81.96%, es_counter1=2, es_counter2=2
2026-02-24 14:31:18,699 - lg_cotrain - INFO - Phase 3 epoch 4: dev_macro_f1=0.0340, dev_err=81.96%, es_counter1=3, es_counter2=3
2026-02-24 14:31:21,386 - lg_cotrain - INFO - Phase 3 epoch 5: dev_macro_f1=0.0340, dev_err=81.96%, es_counter1=4, es_counter2=4
2026-02-24 14:31:24,010 - lg_cotrain - INFO - Phase 3 epoch 6: dev_macro_f1=0.0017, dev_err=99.23%, es_counter1=5, es_counter2=5
2026-02-24 14:31:26,538 - lg_cotrain - INFO - Phase 3 epoch 7: dev_macro_f1=0.0017, dev_err=99.23%, es_counter1=6, es_counter2=6
2026-02-24 14:31:29,069 - lg_cotrain - INFO - Phase 3 epoch 8: dev_macro_f1=0.0050, dev_err=97.68%, es_counter1=7, es_counter2=7
2026-02-24 14:31:31,591 - lg_cotrain - INFO - Phase 3 epoch 9: dev_macro_f1=0.0256, dev_err=86.98%, es_counter1=8, es_counter2=8
2026-02-24 14:31:31,591 - lg_cotrain - INFO - Early stopping at epoch 9
2026-02-24 14:31:31,601 - lg_cotrain - INFO - === Final Evaluation ===
2026-02-24 14:31:38,054 - lg_cotrain - INFO - Results saved to C:\Users\anhtr\AppData\Local\Temp\tmphh_1tzqx\hurricane_dorian_2019\10_set3\metrics.json
2026-02-24 14:31:38,054 - lg_cotrain - INFO - Test error rate: 82.03%, Test macro-F1: 0.0339, Test ECE: 0.3165
2026-02-24 14:31:38,065 - lg_cotrain - INFO - --- Trial 6/10 done: dev_macro_f1=0.0340 ---
2026-02-24 14:31:38,065 - lg_cotrain - INFO - --- Trial 7/10 ---
2026-02-24 14:31:38,651 - lg_cotrain - INFO - Starting LG-CoTrain: event=hurricane_dorian_2019, budget=10, seed_set=3
2026-02-24 14:31:38,690 - lg_cotrain - INFO - Detected 9 classes for event hurricane_dorian_2019: ['caution_and_advice', 'displaced_people_and_evacuations', 'infrastructure_and_utility_damage', 'injured_or_dead_people', 'not_humanitarian', 'other_relevant_information', 'requests_or_urgent_needs', 'rescue_volunteering_or_donation_effort', 'sympathy_and_support']
2026-02-24 14:31:38,697 - lg_cotrain - INFO - D_l1: 45, D_l2: 45, D_LG: 5239
2026-02-24 14:31:38,698 - lg_cotrain - INFO - === Phase 1: Weight Generation ===
2026-02-24 14:31:56,722 - lg_cotrain - INFO - Phase 1 epoch 1/7: mean_prob1=0.1008, mean_prob2=0.1197
2026-02-24 14:32:13,732 - lg_cotrain - INFO - Phase 1 epoch 2/7: mean_prob1=0.1156, mean_prob2=0.1225
2026-02-24 14:32:30,717 - lg_cotrain - INFO - Phase 1 epoch 3/7: mean_prob1=0.1252, mean_prob2=0.1172
2026-02-24 14:32:48,172 - lg_cotrain - INFO - Phase 1 epoch 4/7: mean_prob1=0.1243, mean_prob2=0.1156
2026-02-24 14:33:05,295 - lg_cotrain - INFO - Phase 1 epoch 5/7: mean_prob1=0.1222, mean_prob2=0.1173
2026-02-24 14:33:22,901 - lg_cotrain - INFO - Phase 1 epoch 6/7: mean_prob1=0.1286, mean_prob2=0.1202
2026-02-24 14:33:39,944 - lg_cotrain - INFO - Phase 1 epoch 7/7: mean_prob1=0.1384, mean_prob2=0.1229
2026-02-24 14:33:39,945 - lg_cotrain - INFO - === Phase 2: Co-Training ===
2026-02-24 14:33:40,923 - lg_cotrain - INFO - LR scheduler: total_steps_1=2496, warmup=143; total_steps_2=2496, warmup=143
2026-02-24 14:33:40,923 - lg_cotrain - INFO - Phase 1 done -> seeded Phase 2 trackers. lambda1: mean=0.1384, range=[0.0556, 0.3152]
2026-02-24 14:33:40,923 - lg_cotrain - INFO - Phase 1 done -> seeded Phase 2 trackers. lambda2: mean=0.1229, range=[0.0269, 0.3226]
2026-02-24 14:34:48,802 - lg_cotrain - INFO - Phase 2 epoch 1/14: loss1=0.1933, loss2=0.2044, dev_macro_f1=0.4509, dev_err=40.46%
2026-02-24 14:35:56,545 - lg_cotrain - INFO - Phase 2 epoch 2/14: loss1=0.0537, loss2=0.1688, dev_macro_f1=0.4674, dev_err=38.14%
2026-02-24 14:37:02,279 - lg_cotrain - INFO - Phase 2 epoch 3/14: loss1=0.0280, loss2=0.1354, dev_macro_f1=0.4654, dev_err=38.53%
2026-02-24 14:38:07,877 - lg_cotrain - INFO - Phase 2 epoch 4/14: loss1=0.0192, loss2=0.0798, dev_macro_f1=0.4559, dev_err=40.08%
2026-02-24 14:39:16,037 - lg_cotrain - INFO - Phase 2 epoch 5/14: loss1=0.0210, loss2=0.0556, dev_macro_f1=0.4599, dev_err=39.43%
2026-02-24 14:40:23,129 - lg_cotrain - INFO - Phase 2 epoch 6/14: loss1=0.0140, loss2=0.0391, dev_macro_f1=0.4649, dev_err=39.05%
2026-02-24 14:41:28,824 - lg_cotrain - INFO - Phase 2 epoch 7/14: loss1=0.0104, loss2=0.0257, dev_macro_f1=0.4591, dev_err=39.56%
2026-02-24 14:42:34,459 - lg_cotrain - INFO - Phase 2 epoch 8/14: loss1=0.0118, loss2=0.0165, dev_macro_f1=0.4595, dev_err=39.82%
2026-02-24 14:43:40,071 - lg_cotrain - INFO - Phase 2 epoch 9/14: loss1=0.0084, loss2=0.0116, dev_macro_f1=0.4685, dev_err=38.92%
2026-02-24 14:44:45,698 - lg_cotrain - INFO - Phase 2 epoch 10/14: loss1=0.0056, loss2=0.0129, dev_macro_f1=0.4697, dev_err=38.92%
2026-02-24 14:45:51,279 - lg_cotrain - INFO - Phase 2 epoch 11/14: loss1=0.0057, loss2=0.0094, dev_macro_f1=0.5017, dev_err=38.92%
2026-02-24 14:46:57,097 - lg_cotrain - INFO - Phase 2 epoch 12/14: loss1=0.0046, loss2=0.0067, dev_macro_f1=0.4994, dev_err=39.30%
2026-02-24 14:48:05,527 - lg_cotrain - INFO - Phase 2 epoch 13/14: loss1=0.0044, loss2=0.0059, dev_macro_f1=0.5031, dev_err=38.92%
2026-02-24 14:49:12,230 - lg_cotrain - INFO - Phase 2 epoch 14/14: loss1=0.0041, loss2=0.0058, dev_macro_f1=0.5016, dev_err=39.18%
2026-02-24 14:49:12,230 - lg_cotrain - INFO - === Phase 3: Fine-Tuning ===
2026-02-24 14:49:14,996 - lg_cotrain - INFO - Phase 3 epoch 1: dev_macro_f1=0.5027, dev_err=39.05%, es_counter1=0, es_counter2=0
2026-02-24 14:49:17,953 - lg_cotrain - INFO - Phase 3 epoch 2: dev_macro_f1=0.5052, dev_err=38.92%, es_counter1=0, es_counter2=0
2026-02-24 14:49:20,846 - lg_cotrain - INFO - Phase 3 epoch 3: dev_macro_f1=0.5493, dev_err=38.92%, es_counter1=0, es_counter2=0
2026-02-24 14:49:23,593 - lg_cotrain - INFO - Phase 3 epoch 4: dev_macro_f1=0.5480, dev_err=39.30%, es_counter1=1, es_counter2=1
2026-02-24 14:49:26,308 - lg_cotrain - INFO - Phase 3 epoch 5: dev_macro_f1=0.5462, dev_err=39.82%, es_counter1=2, es_counter2=2
2026-02-24 14:49:29,011 - lg_cotrain - INFO - Phase 3 epoch 6: dev_macro_f1=0.5490, dev_err=39.69%, es_counter1=3, es_counter2=3
2026-02-24 14:49:31,723 - lg_cotrain - INFO - Phase 3 epoch 7: dev_macro_f1=0.5319, dev_err=40.21%, es_counter1=4, es_counter2=4
2026-02-24 14:49:31,723 - lg_cotrain - INFO - Early stopping at epoch 7
2026-02-24 14:49:31,734 - lg_cotrain - INFO - === Final Evaluation ===
2026-02-24 14:49:38,505 - lg_cotrain - INFO - Results saved to C:\Users\anhtr\AppData\Local\Temp\tmp8csipfbq\hurricane_dorian_2019\10_set3\metrics.json
2026-02-24 14:49:38,506 - lg_cotrain - INFO - Test error rate: 38.40%, Test macro-F1: 0.5313, Test ECE: 0.3006
2026-02-24 14:49:38,518 - lg_cotrain - INFO - --- Trial 7/10 done: dev_macro_f1=0.5493 ---
2026-02-24 14:49:38,518 - lg_cotrain - INFO - --- Trial 8/10 ---
2026-02-24 14:49:39,079 - lg_cotrain - INFO - Starting LG-CoTrain: event=hurricane_dorian_2019, budget=10, seed_set=3
2026-02-24 14:49:39,114 - lg_cotrain - INFO - Detected 9 classes for event hurricane_dorian_2019: ['caution_and_advice', 'displaced_people_and_evacuations', 'infrastructure_and_utility_damage', 'injured_or_dead_people', 'not_humanitarian', 'other_relevant_information', 'requests_or_urgent_needs', 'rescue_volunteering_or_donation_effort', 'sympathy_and_support']
2026-02-24 14:49:39,122 - lg_cotrain - INFO - D_l1: 45, D_l2: 45, D_LG: 5239
2026-02-24 14:49:39,123 - lg_cotrain - INFO - === Phase 1: Weight Generation ===
2026-02-24 14:49:57,115 - lg_cotrain - INFO - Phase 1 epoch 1/7: mean_prob1=0.1165, mean_prob2=0.1264
2026-02-24 14:50:13,994 - lg_cotrain - INFO - Phase 1 epoch 2/7: mean_prob1=0.1066, mean_prob2=0.1089
2026-02-24 14:50:30,889 - lg_cotrain - INFO - Phase 1 epoch 3/7: mean_prob1=0.1033, mean_prob2=0.1062
2026-02-24 14:50:48,511 - lg_cotrain - INFO - Phase 1 epoch 4/7: mean_prob1=0.0995, mean_prob2=0.1108
2026-02-24 14:51:06,920 - lg_cotrain - INFO - Phase 1 epoch 5/7: mean_prob1=0.1008, mean_prob2=0.1113
2026-02-24 14:51:25,161 - lg_cotrain - INFO - Phase 1 epoch 6/7: mean_prob1=0.1056, mean_prob2=0.1134
2026-02-24 14:51:42,360 - lg_cotrain - INFO - Phase 1 epoch 7/7: mean_prob1=0.1038, mean_prob2=0.1165
2026-02-24 14:51:42,360 - lg_cotrain - INFO - === Phase 2: Co-Training ===
2026-02-24 14:51:43,379 - lg_cotrain - INFO - LR scheduler: total_steps_1=2988, warmup=70; total_steps_2=2988, warmup=70
2026-02-24 14:51:43,379 - lg_cotrain - INFO - Phase 1 done -> seeded Phase 2 trackers. lambda1: mean=0.1038, range=[0.0371, 0.2293]
2026-02-24 14:51:43,379 - lg_cotrain - INFO - Phase 1 done -> seeded Phase 2 trackers. lambda2: mean=0.1165, range=[0.0713, 0.1527]
2026-02-24 14:52:50,787 - lg_cotrain - INFO - Phase 2 epoch 1/17: loss1=0.1971, loss2=0.1748, dev_macro_f1=0.0340, dev_err=81.96%
2026-02-24 14:53:58,241 - lg_cotrain - INFO - Phase 2 epoch 2/17: loss1=0.1919, loss2=0.3637, dev_macro_f1=0.0340, dev_err=81.96%
2026-02-24 14:55:05,811 - lg_cotrain - INFO - Phase 2 epoch 3/17: loss1=0.1676, loss2=0.3703, dev_macro_f1=0.0340, dev_err=81.96%
2026-02-24 14:56:11,440 - lg_cotrain - INFO - Phase 2 epoch 4/17: loss1=0.1702, loss2=0.3692, dev_macro_f1=0.0229, dev_err=88.53%
2026-02-24 14:57:17,141 - lg_cotrain - INFO - Phase 2 epoch 5/17: loss1=0.1690, loss2=0.3670, dev_macro_f1=0.0340, dev_err=81.96%
2026-02-24 14:58:22,745 - lg_cotrain - INFO - Phase 2 epoch 6/17: loss1=0.1732, loss2=0.3678, dev_macro_f1=0.0340, dev_err=81.96%
2026-02-24 14:59:28,487 - lg_cotrain - INFO - Phase 2 epoch 7/17: loss1=0.1735, loss2=0.3648, dev_macro_f1=0.0340, dev_err=81.96%
2026-02-24 15:00:34,563 - lg_cotrain - INFO - Phase 2 epoch 8/17: loss1=0.1717, loss2=0.3646, dev_macro_f1=0.0340, dev_err=81.96%
2026-02-24 15:01:41,515 - lg_cotrain - INFO - Phase 2 epoch 9/17: loss1=0.1676, loss2=0.3668, dev_macro_f1=0.0340, dev_err=81.96%
2026-02-24 15:02:48,619 - lg_cotrain - INFO - Phase 2 epoch 10/17: loss1=0.1659, loss2=0.3633, dev_macro_f1=0.0340, dev_err=81.96%
2026-02-24 15:03:54,174 - lg_cotrain - INFO - Phase 2 epoch 11/17: loss1=0.1664, loss2=0.3605, dev_macro_f1=0.0340, dev_err=81.96%
2026-02-24 15:05:01,342 - lg_cotrain - INFO - Phase 2 epoch 12/17: loss1=0.1662, loss2=0.3573, dev_macro_f1=0.0340, dev_err=81.96%
2026-02-24 15:06:11,583 - lg_cotrain - INFO - Phase 2 epoch 13/17: loss1=0.1670, loss2=0.3550, dev_macro_f1=0.0340, dev_err=81.96%
2026-02-24 15:07:21,293 - lg_cotrain - INFO - Phase 2 epoch 14/17: loss1=0.1659, loss2=0.3524, dev_macro_f1=0.0340, dev_err=81.96%
2026-02-24 15:08:26,670 - lg_cotrain - INFO - Phase 2 epoch 15/17: loss1=0.1657, loss2=0.3497, dev_macro_f1=0.0340, dev_err=81.96%
2026-02-24 15:09:33,404 - lg_cotrain - INFO - Phase 2 epoch 16/17: loss1=0.1659, loss2=0.3470, dev_macro_f1=0.0340, dev_err=81.96%
2026-02-24 15:10:39,641 - lg_cotrain - INFO - Phase 2 epoch 17/17: loss1=0.1659, loss2=0.3444, dev_macro_f1=0.0340, dev_err=81.96%
2026-02-24 15:10:39,641 - lg_cotrain - INFO - === Phase 3: Fine-Tuning ===
2026-02-24 15:10:42,359 - lg_cotrain - INFO - Phase 3 epoch 1: dev_macro_f1=0.0340, dev_err=81.96%, es_counter1=0, es_counter2=0
2026-02-24 15:10:45,085 - lg_cotrain - INFO - Phase 3 epoch 2: dev_macro_f1=0.0340, dev_err=81.96%, es_counter1=1, es_counter2=1
2026-02-24 15:10:47,784 - lg_cotrain - INFO - Phase 3 epoch 3: dev_macro_f1=0.0340, dev_err=81.96%, es_counter1=2, es_counter2=2
2026-02-24 15:10:50,482 - lg_cotrain - INFO - Phase 3 epoch 4: dev_macro_f1=0.0340, dev_err=81.96%, es_counter1=3, es_counter2=3
2026-02-24 15:10:53,193 - lg_cotrain - INFO - Phase 3 epoch 5: dev_macro_f1=0.0340, dev_err=81.96%, es_counter1=4, es_counter2=4
2026-02-24 15:10:55,905 - lg_cotrain - INFO - Phase 3 epoch 6: dev_macro_f1=0.0340, dev_err=81.96%, es_counter1=5, es_counter2=5
2026-02-24 15:10:58,634 - lg_cotrain - INFO - Phase 3 epoch 7: dev_macro_f1=0.0017, dev_err=99.23%, es_counter1=6, es_counter2=6
2026-02-24 15:11:01,332 - lg_cotrain - INFO - Phase 3 epoch 8: dev_macro_f1=0.0340, dev_err=81.96%, es_counter1=7, es_counter2=7
2026-02-24 15:11:04,043 - lg_cotrain - INFO - Phase 3 epoch 9: dev_macro_f1=0.0017, dev_err=99.23%, es_counter1=8, es_counter2=8
2026-02-24 15:11:06,742 - lg_cotrain - INFO - Phase 3 epoch 10: dev_macro_f1=0.0050, dev_err=97.68%, es_counter1=9, es_counter2=9
2026-02-24 15:11:06,742 - lg_cotrain - INFO - Early stopping at epoch 10
2026-02-24 15:11:06,751 - lg_cotrain - INFO - === Final Evaluation ===
2026-02-24 15:11:13,505 - lg_cotrain - INFO - Results saved to C:\Users\anhtr\AppData\Local\Temp\tmpygo2fu2e\hurricane_dorian_2019\10_set3\metrics.json
2026-02-24 15:11:13,505 - lg_cotrain - INFO - Test error rate: 82.03%, Test macro-F1: 0.0339, Test ECE: 0.3448
2026-02-24 15:11:13,515 - lg_cotrain - INFO - --- Trial 8/10 done: dev_macro_f1=0.0340 ---
2026-02-24 15:11:13,515 - lg_cotrain - INFO - --- Trial 9/10 ---
2026-02-24 15:11:14,074 - lg_cotrain - INFO - Starting LG-CoTrain: event=hurricane_dorian_2019, budget=10, seed_set=3
2026-02-24 15:11:14,115 - lg_cotrain - INFO - Detected 9 classes for event hurricane_dorian_2019: ['caution_and_advice', 'displaced_people_and_evacuations', 'infrastructure_and_utility_damage', 'injured_or_dead_people', 'not_humanitarian', 'other_relevant_information', 'requests_or_urgent_needs', 'rescue_volunteering_or_donation_effort', 'sympathy_and_support']
2026-02-24 15:11:14,123 - lg_cotrain - INFO - D_l1: 45, D_l2: 45, D_LG: 5239
2026-02-24 15:11:14,124 - lg_cotrain - INFO - === Phase 1: Weight Generation ===
2026-02-24 15:11:35,044 - lg_cotrain - INFO - Phase 1 epoch 1/7: mean_prob1=0.0961, mean_prob2=0.1148
2026-02-24 15:11:54,858 - lg_cotrain - INFO - Phase 1 epoch 2/7: mean_prob1=0.1025, mean_prob2=0.1188
2026-02-24 15:12:14,936 - lg_cotrain - INFO - Phase 1 epoch 3/7: mean_prob1=0.1159, mean_prob2=0.1221
2026-02-24 15:12:34,775 - lg_cotrain - INFO - Phase 1 epoch 4/7: mean_prob1=0.1222, mean_prob2=0.1204
2026-02-24 15:12:54,582 - lg_cotrain - INFO - Phase 1 epoch 5/7: mean_prob1=0.1188, mean_prob2=0.1187
2026-02-24 15:13:14,321 - lg_cotrain - INFO - Phase 1 epoch 6/7: mean_prob1=0.1125, mean_prob2=0.1224
2026-02-24 15:13:34,124 - lg_cotrain - INFO - Phase 1 epoch 7/7: mean_prob1=0.1173, mean_prob2=0.1203
2026-02-24 15:13:34,124 - lg_cotrain - INFO - === Phase 2: Co-Training ===
2026-02-24 15:13:35,120 - lg_cotrain - INFO - LR scheduler: total_steps_1=8460, warmup=207; total_steps_2=8460, warmup=207
2026-02-24 15:13:35,120 - lg_cotrain - INFO - Phase 1 done -> seeded Phase 2 trackers. lambda1: mean=0.1173, range=[0.0492, 0.2734]
2026-02-24 15:13:35,120 - lg_cotrain - INFO - Phase 1 done -> seeded Phase 2 trackers. lambda2: mean=0.1203, range=[0.0288, 0.3216]
2026-02-24 15:15:00,847 - lg_cotrain - INFO - Phase 2 epoch 1/12: loss1=0.1676, loss2=0.1532, dev_macro_f1=0.4699, dev_err=37.89%
2026-02-24 15:16:26,645 - lg_cotrain - INFO - Phase 2 epoch 2/12: loss1=0.0565, loss2=0.1584, dev_macro_f1=0.4608, dev_err=38.92%
2026-02-24 15:17:52,163 - lg_cotrain - INFO - Phase 2 epoch 3/12: loss1=0.0338, loss2=0.1155, dev_macro_f1=0.4676, dev_err=38.66%
2026-02-24 15:19:19,403 - lg_cotrain - INFO - Phase 2 epoch 4/12: loss1=0.0233, loss2=0.0831, dev_macro_f1=0.4658, dev_err=38.66%
2026-02-24 15:20:47,448 - lg_cotrain - INFO - Phase 2 epoch 5/12: loss1=0.0161, loss2=0.0503, dev_macro_f1=0.4640, dev_err=39.05%
2026-02-24 15:22:15,203 - lg_cotrain - INFO - Phase 2 epoch 6/12: loss1=0.0133, loss2=0.0385, dev_macro_f1=0.4650, dev_err=39.18%
2026-02-24 15:23:40,923 - lg_cotrain - INFO - Phase 2 epoch 7/12: loss1=0.0106, loss2=0.0247, dev_macro_f1=0.4554, dev_err=40.72%
2026-02-24 15:25:07,275 - lg_cotrain - INFO - Phase 2 epoch 8/12: loss1=0.0079, loss2=0.0185, dev_macro_f1=0.4674, dev_err=39.30%
2026-02-24 15:26:33,202 - lg_cotrain - INFO - Phase 2 epoch 9/12: loss1=0.0059, loss2=0.0151, dev_macro_f1=0.4650, dev_err=39.95%
2026-02-24 15:27:58,844 - lg_cotrain - INFO - Phase 2 epoch 10/12: loss1=0.0073, loss2=0.0109, dev_macro_f1=0.4965, dev_err=40.08%
2026-02-24 15:29:24,484 - lg_cotrain - INFO - Phase 2 epoch 11/12: loss1=0.0061, loss2=0.0097, dev_macro_f1=0.4971, dev_err=40.08%
2026-02-24 15:30:56,268 - lg_cotrain - INFO - Phase 2 epoch 12/12: loss1=0.0050, loss2=0.0085, dev_macro_f1=0.5219, dev_err=39.82%
2026-02-24 15:30:56,268 - lg_cotrain - INFO - === Phase 3: Fine-Tuning ===
2026-02-24 15:31:00,122 - lg_cotrain - INFO - Phase 3 epoch 1: dev_macro_f1=0.5248, dev_err=39.43%, es_counter1=0, es_counter2=0
2026-02-24 15:31:03,973 - lg_cotrain - INFO - Phase 3 epoch 2: dev_macro_f1=0.5298, dev_err=39.05%, es_counter1=0, es_counter2=0
2026-02-24 15:31:07,311 - lg_cotrain - INFO - Phase 3 epoch 3: dev_macro_f1=0.5307, dev_err=39.18%, es_counter1=0, es_counter2=0
2026-02-24 15:31:10,760 - lg_cotrain - INFO - Phase 3 epoch 4: dev_macro_f1=0.5330, dev_err=39.05%, es_counter1=0, es_counter2=0
2026-02-24 15:31:14,429 - lg_cotrain - INFO - Phase 3 epoch 5: dev_macro_f1=0.5351, dev_err=38.92%, es_counter1=0, es_counter2=0
2026-02-24 15:31:17,891 - lg_cotrain - INFO - Phase 3 epoch 6: dev_macro_f1=0.5343, dev_err=39.18%, es_counter1=1, es_counter2=1
2026-02-24 15:31:21,239 - lg_cotrain - INFO - Phase 3 epoch 7: dev_macro_f1=0.5363, dev_err=39.05%, es_counter1=0, es_counter2=0
2026-02-24 15:31:24,618 - lg_cotrain - INFO - Phase 3 epoch 8: dev_macro_f1=0.5358, dev_err=39.18%, es_counter1=1, es_counter2=1
2026-02-24 15:31:27,986 - lg_cotrain - INFO - Phase 3 epoch 9: dev_macro_f1=0.5501, dev_err=38.79%, es_counter1=0, es_counter2=0
2026-02-24 15:31:31,269 - lg_cotrain - INFO - Phase 3 epoch 10: dev_macro_f1=0.5504, dev_err=38.79%, es_counter1=0, es_counter2=0
2026-02-24 15:31:34,614 - lg_cotrain - INFO - Phase 3 epoch 11: dev_macro_f1=0.5381, dev_err=39.05%, es_counter1=1, es_counter2=1
2026-02-24 15:31:38,024 - lg_cotrain - INFO - Phase 3 epoch 12: dev_macro_f1=0.5400, dev_err=38.79%, es_counter1=2, es_counter2=2
2026-02-24 15:31:41,331 - lg_cotrain - INFO - Phase 3 epoch 13: dev_macro_f1=0.5488, dev_err=39.18%, es_counter1=3, es_counter2=3
2026-02-24 15:31:45,217 - lg_cotrain - INFO - Phase 3 epoch 14: dev_macro_f1=0.5446, dev_err=39.18%, es_counter1=4, es_counter2=4
2026-02-24 15:31:49,068 - lg_cotrain - INFO - Phase 3 epoch 15: dev_macro_f1=0.5428, dev_err=39.30%, es_counter1=5, es_counter2=5
2026-02-24 15:31:52,927 - lg_cotrain - INFO - Phase 3 epoch 16: dev_macro_f1=0.5396, dev_err=39.43%, es_counter1=6, es_counter2=6
2026-02-24 15:31:56,817 - lg_cotrain - INFO - Phase 3 epoch 17: dev_macro_f1=0.5398, dev_err=39.30%, es_counter1=7, es_counter2=7
2026-02-24 15:31:56,817 - lg_cotrain - INFO - Early stopping at epoch 17
2026-02-24 15:31:56,829 - lg_cotrain - INFO - === Final Evaluation ===
2026-02-24 15:32:06,152 - lg_cotrain - INFO - Results saved to C:\Users\anhtr\AppData\Local\Temp\tmphfhy1evc\hurricane_dorian_2019\10_set3\metrics.json
2026-02-24 15:32:06,152 - lg_cotrain - INFO - Test error rate: 37.40%, Test macro-F1: 0.5479, Test ECE: 0.2641
2026-02-24 15:32:06,166 - lg_cotrain - INFO - --- Trial 9/10 done: dev_macro_f1=0.5504 ---
2026-02-24 15:32:06,166 - lg_cotrain - INFO - --- Trial 10/10 ---
2026-02-24 15:32:06,768 - lg_cotrain - INFO - Starting LG-CoTrain: event=hurricane_dorian_2019, budget=10, seed_set=3
2026-02-24 15:32:06,813 - lg_cotrain - INFO - Detected 9 classes for event hurricane_dorian_2019: ['caution_and_advice', 'displaced_people_and_evacuations', 'infrastructure_and_utility_damage', 'injured_or_dead_people', 'not_humanitarian', 'other_relevant_information', 'requests_or_urgent_needs', 'rescue_volunteering_or_donation_effort', 'sympathy_and_support']
2026-02-24 15:32:06,822 - lg_cotrain - INFO - D_l1: 45, D_l2: 45, D_LG: 5239
2026-02-24 15:32:06,823 - lg_cotrain - INFO - === Phase 1: Weight Generation ===
2026-02-24 15:32:29,718 - lg_cotrain - INFO - Phase 1 epoch 1/7: mean_prob1=0.1148, mean_prob2=0.1307
2026-02-24 15:32:51,295 - lg_cotrain - INFO - Phase 1 epoch 2/7: mean_prob1=0.0996, mean_prob2=0.0993
2026-02-24 15:33:13,625 - lg_cotrain - INFO - Phase 1 epoch 3/7: mean_prob1=0.1194, mean_prob2=0.1095
2026-02-24 15:33:35,991 - lg_cotrain - INFO - Phase 1 epoch 4/7: mean_prob1=0.1157, mean_prob2=0.1315
2026-02-24 15:33:58,332 - lg_cotrain - INFO - Phase 1 epoch 5/7: mean_prob1=0.1063, mean_prob2=0.1077
2026-02-24 15:34:20,882 - lg_cotrain - INFO - Phase 1 epoch 6/7: mean_prob1=0.1029, mean_prob2=0.1076
2026-02-24 15:34:43,240 - lg_cotrain - INFO - Phase 1 epoch 7/7: mean_prob1=0.1119, mean_prob2=0.1149
2026-02-24 15:34:43,240 - lg_cotrain - INFO - === Phase 2: Co-Training ===
2026-02-24 15:34:44,376 - lg_cotrain - INFO - LR scheduler: total_steps_1=5185, warmup=1039; total_steps_2=5185, warmup=1039
2026-02-24 15:34:44,377 - lg_cotrain - INFO - Phase 1 done -> seeded Phase 2 trackers. lambda1: mean=0.1119, range=[0.0723, 0.1591]
2026-02-24 15:34:44,377 - lg_cotrain - INFO - Phase 1 done -> seeded Phase 2 trackers. lambda2: mean=0.1149, range=[0.0730, 0.1584]
2026-02-24 15:36:23,357 - lg_cotrain - INFO - Phase 2 epoch 1/7: loss1=0.1773, loss2=0.1737, dev_macro_f1=0.0820, dev_err=83.89%
2026-02-24 15:37:59,117 - lg_cotrain - INFO - Phase 2 epoch 2/7: loss1=0.1755, loss2=0.3117, dev_macro_f1=0.0936, dev_err=77.32%
2026-02-24 15:39:33,132 - lg_cotrain - INFO - Phase 2 epoch 3/7: loss1=0.1621, loss2=0.3295, dev_macro_f1=0.0936, dev_err=77.32%
2026-02-24 15:41:00,091 - lg_cotrain - INFO - Phase 2 epoch 4/7: loss1=0.1717, loss2=0.3365, dev_macro_f1=0.0340, dev_err=81.96%
2026-02-24 15:42:25,569 - lg_cotrain - INFO - Phase 2 epoch 5/7: loss1=0.1535, loss2=0.3558, dev_macro_f1=0.0340, dev_err=81.96%
2026-02-24 15:43:51,322 - lg_cotrain - INFO - Phase 2 epoch 6/7: loss1=0.1488, loss2=0.3562, dev_macro_f1=0.0340, dev_err=81.96%
2026-02-24 15:45:17,089 - lg_cotrain - INFO - Phase 2 epoch 7/7: loss1=0.1489, loss2=0.3602, dev_macro_f1=0.0340, dev_err=81.96%
2026-02-24 15:45:17,090 - lg_cotrain - INFO - === Phase 3: Fine-Tuning ===
2026-02-24 15:45:20,327 - lg_cotrain - INFO - Phase 3 epoch 1: dev_macro_f1=0.0340, dev_err=81.96%, es_counter1=0, es_counter2=0
2026-02-24 15:45:23,550 - lg_cotrain - INFO - Phase 3 epoch 2: dev_macro_f1=0.0340, dev_err=81.96%, es_counter1=1, es_counter2=1
2026-02-24 15:45:26,761 - lg_cotrain - INFO - Phase 3 epoch 3: dev_macro_f1=0.0050, dev_err=97.68%, es_counter1=2, es_counter2=2
2026-02-24 15:45:30,009 - lg_cotrain - INFO - Phase 3 epoch 4: dev_macro_f1=0.0212, dev_err=89.43%, es_counter1=3, es_counter2=3
2026-02-24 15:45:33,236 - lg_cotrain - INFO - Phase 3 epoch 5: dev_macro_f1=0.0354, dev_err=81.06%, es_counter1=0, es_counter2=0
2026-02-24 15:45:36,447 - lg_cotrain - INFO - Phase 3 epoch 6: dev_macro_f1=0.0215, dev_err=89.30%, es_counter1=1, es_counter2=1
2026-02-24 15:45:39,672 - lg_cotrain - INFO - Phase 3 epoch 7: dev_macro_f1=0.0256, dev_err=86.98%, es_counter1=2, es_counter2=2
2026-02-24 15:45:42,912 - lg_cotrain - INFO - Phase 3 epoch 8: dev_macro_f1=0.0256, dev_err=86.98%, es_counter1=3, es_counter2=3
2026-02-24 15:45:46,141 - lg_cotrain - INFO - Phase 3 epoch 9: dev_macro_f1=0.0256, dev_err=86.98%, es_counter1=4, es_counter2=4
2026-02-24 15:45:49,365 - lg_cotrain - INFO - Phase 3 epoch 10: dev_macro_f1=0.0212, dev_err=89.43%, es_counter1=5, es_counter2=5
2026-02-24 15:45:52,570 - lg_cotrain - INFO - Phase 3 epoch 11: dev_macro_f1=0.0212, dev_err=89.43%, es_counter1=6, es_counter2=6
2026-02-24 15:45:55,771 - lg_cotrain - INFO - Phase 3 epoch 12: dev_macro_f1=0.0354, dev_err=81.06%, es_counter1=7, es_counter2=7
2026-02-24 15:45:58,975 - lg_cotrain - INFO - Phase 3 epoch 13: dev_macro_f1=0.0340, dev_err=81.96%, es_counter1=8, es_counter2=8
2026-02-24 15:46:02,190 - lg_cotrain - INFO - Phase 3 epoch 14: dev_macro_f1=0.0340, dev_err=81.96%, es_counter1=9, es_counter2=9
2026-02-24 15:46:02,190 - lg_cotrain - INFO - Early stopping at epoch 14
2026-02-24 15:46:02,200 - lg_cotrain - INFO - === Final Evaluation ===
2026-02-24 15:46:09,957 - lg_cotrain - INFO - Results saved to C:\Users\anhtr\AppData\Local\Temp\tmpcer8uwc_\hurricane_dorian_2019\10_set3\metrics.json
2026-02-24 15:46:09,957 - lg_cotrain - INFO - Test error rate: 81.03%, Test macro-F1: 0.0354, Test ECE: 0.0595
2026-02-24 15:46:09,966 - lg_cotrain - INFO - --- Trial 10/10 done: dev_macro_f1=0.0354 ---
