2026-02-25 15:03:11,069 - lg_cotrain - INFO - === Optuna study: hurricane_florence_2018 budget=50 seed=3 | target=10 trials, 0 replayed, 10 new ===
2026-02-25 15:03:11,069 - lg_cotrain - INFO - --- Trial 1/10 ---
2026-02-25 15:03:11,557 - lg_cotrain - INFO - Starting LG-CoTrain: event=hurricane_florence_2018, budget=50, seed_set=3
2026-02-25 15:03:11,615 - lg_cotrain - INFO - Detected 9 classes for event hurricane_florence_2018: ['caution_and_advice', 'displaced_people_and_evacuations', 'infrastructure_and_utility_damage', 'injured_or_dead_people', 'not_humanitarian', 'other_relevant_information', 'requests_or_urgent_needs', 'rescue_volunteering_or_donation_effort', 'sympathy_and_support']
2026-02-25 15:03:11,624 - lg_cotrain - INFO - D_l1: 219, D_l2: 219, D_LG: 3946
2026-02-25 15:03:11,626 - lg_cotrain - INFO - === Phase 1: Weight Generation ===
2026-02-25 15:03:28,651 - lg_cotrain - INFO - Phase 1 epoch 1/7: mean_prob1=0.1188, mean_prob2=0.1173
2026-02-25 15:03:44,818 - lg_cotrain - INFO - Phase 1 epoch 2/7: mean_prob1=0.1445, mean_prob2=0.1188
2026-02-25 15:04:01,108 - lg_cotrain - INFO - Phase 1 epoch 3/7: mean_prob1=0.1751, mean_prob2=0.1343
2026-02-25 15:04:17,374 - lg_cotrain - INFO - Phase 1 epoch 4/7: mean_prob1=0.2612, mean_prob2=0.1630
2026-02-25 15:04:33,561 - lg_cotrain - INFO - Phase 1 epoch 5/7: mean_prob1=0.3336, mean_prob2=0.2282
2026-02-25 15:04:49,850 - lg_cotrain - INFO - Phase 1 epoch 6/7: mean_prob1=0.4395, mean_prob2=0.3550
2026-02-25 15:05:06,749 - lg_cotrain - INFO - Phase 1 epoch 7/7: mean_prob1=0.4577, mean_prob2=0.4314
2026-02-25 15:05:06,749 - lg_cotrain - INFO - === Phase 2: Co-Training ===
2026-02-25 15:05:07,797 - lg_cotrain - INFO - LR scheduler: total_steps_1=2635, warmup=249; total_steps_2=2635, warmup=249
2026-02-25 15:05:07,797 - lg_cotrain - INFO - Phase 1 done -> seeded Phase 2 trackers. lambda1: mean=0.4577, range=[0.0037, 0.9531]
2026-02-25 15:05:07,797 - lg_cotrain - INFO - Phase 1 done -> seeded Phase 2 trackers. lambda2: mean=0.4314, range=[0.0037, 0.9264]
2026-02-25 15:06:05,633 - lg_cotrain - INFO - Phase 2 epoch 1/5: loss1=0.4807, loss2=0.5414, dev_macro_f1=0.6295, dev_err=23.47%
2026-02-25 15:07:03,792 - lg_cotrain - INFO - Phase 2 epoch 2/5: loss1=0.0691, loss2=0.2474, dev_macro_f1=0.6190, dev_err=24.10%
2026-02-25 15:08:01,447 - lg_cotrain - INFO - Phase 2 epoch 3/5: loss1=0.0422, loss2=0.1461, dev_macro_f1=0.6395, dev_err=22.69%
2026-02-25 15:08:59,222 - lg_cotrain - INFO - Phase 2 epoch 4/5: loss1=0.0291, loss2=0.0851, dev_macro_f1=0.6477, dev_err=21.60%
2026-02-25 15:09:56,317 - lg_cotrain - INFO - Phase 2 epoch 5/5: loss1=0.0211, loss2=0.0539, dev_macro_f1=0.6562, dev_err=21.91%
2026-02-25 15:09:56,318 - lg_cotrain - INFO - === Phase 3: Fine-Tuning ===
2026-02-25 15:10:00,628 - lg_cotrain - INFO - Phase 3 epoch 1: dev_macro_f1=0.6634, dev_err=23.94%, es_counter1=0, es_counter2=0
2026-02-25 15:10:04,928 - lg_cotrain - INFO - Phase 3 epoch 2: dev_macro_f1=0.6705, dev_err=28.64%, es_counter1=0, es_counter2=0
2026-02-25 15:10:09,251 - lg_cotrain - INFO - Phase 3 epoch 3: dev_macro_f1=0.6965, dev_err=23.63%, es_counter1=0, es_counter2=0
2026-02-25 15:10:13,558 - lg_cotrain - INFO - Phase 3 epoch 4: dev_macro_f1=0.6985, dev_err=24.41%, es_counter1=0, es_counter2=0
2026-02-25 15:10:17,861 - lg_cotrain - INFO - Phase 3 epoch 5: dev_macro_f1=0.6748, dev_err=27.07%, es_counter1=1, es_counter2=1
2026-02-25 15:10:22,182 - lg_cotrain - INFO - Phase 3 epoch 6: dev_macro_f1=0.7016, dev_err=23.16%, es_counter1=0, es_counter2=0
2026-02-25 15:10:26,488 - lg_cotrain - INFO - Phase 3 epoch 7: dev_macro_f1=0.6969, dev_err=25.98%, es_counter1=1, es_counter2=1
2026-02-25 15:10:30,783 - lg_cotrain - INFO - Phase 3 epoch 8: dev_macro_f1=0.6962, dev_err=25.04%, es_counter1=2, es_counter2=2
2026-02-25 15:10:35,102 - lg_cotrain - INFO - Phase 3 epoch 9: dev_macro_f1=0.7019, dev_err=24.10%, es_counter1=0, es_counter2=0
2026-02-25 15:10:39,420 - lg_cotrain - INFO - Phase 3 epoch 10: dev_macro_f1=0.7065, dev_err=23.63%, es_counter1=0, es_counter2=0
2026-02-25 15:10:43,703 - lg_cotrain - INFO - Phase 3 epoch 11: dev_macro_f1=0.7046, dev_err=23.79%, es_counter1=1, es_counter2=1
2026-02-25 15:10:47,987 - lg_cotrain - INFO - Phase 3 epoch 12: dev_macro_f1=0.7040, dev_err=23.79%, es_counter1=2, es_counter2=2
2026-02-25 15:10:52,261 - lg_cotrain - INFO - Phase 3 epoch 13: dev_macro_f1=0.7040, dev_err=23.79%, es_counter1=3, es_counter2=3
2026-02-25 15:10:56,556 - lg_cotrain - INFO - Phase 3 epoch 14: dev_macro_f1=0.7006, dev_err=24.57%, es_counter1=4, es_counter2=4
2026-02-25 15:11:00,848 - lg_cotrain - INFO - Phase 3 epoch 15: dev_macro_f1=0.6968, dev_err=24.73%, es_counter1=5, es_counter2=5
2026-02-25 15:11:05,128 - lg_cotrain - INFO - Phase 3 epoch 16: dev_macro_f1=0.6999, dev_err=24.10%, es_counter1=6, es_counter2=6
2026-02-25 15:11:09,412 - lg_cotrain - INFO - Phase 3 epoch 17: dev_macro_f1=0.6992, dev_err=24.41%, es_counter1=7, es_counter2=7
2026-02-25 15:11:09,412 - lg_cotrain - INFO - Early stopping at epoch 17
2026-02-25 15:11:09,421 - lg_cotrain - INFO - === Final Evaluation ===
2026-02-25 15:11:15,524 - lg_cotrain - INFO - Results saved to C:\Users\anhtr\AppData\Local\Temp\tmpkzvemk0y\hurricane_florence_2018\50_set3\metrics.json
2026-02-25 15:11:15,524 - lg_cotrain - INFO - Test error rate: 25.54%, Test macro-F1: 0.6827, Test ECE: 0.1043
2026-02-25 15:11:15,535 - lg_cotrain - INFO - --- Trial 1/10 done: dev_macro_f1=0.7065 ---
2026-02-25 15:11:15,536 - lg_cotrain - INFO - --- Trial 2/10 ---
2026-02-25 15:11:16,063 - lg_cotrain - INFO - Starting LG-CoTrain: event=hurricane_florence_2018, budget=50, seed_set=3
2026-02-25 15:11:16,096 - lg_cotrain - INFO - Detected 9 classes for event hurricane_florence_2018: ['caution_and_advice', 'displaced_people_and_evacuations', 'infrastructure_and_utility_damage', 'injured_or_dead_people', 'not_humanitarian', 'other_relevant_information', 'requests_or_urgent_needs', 'rescue_volunteering_or_donation_effort', 'sympathy_and_support']
2026-02-25 15:11:16,105 - lg_cotrain - INFO - D_l1: 219, D_l2: 219, D_LG: 3946
2026-02-25 15:11:16,107 - lg_cotrain - INFO - === Phase 1: Weight Generation ===
2026-02-25 15:11:32,973 - lg_cotrain - INFO - Phase 1 epoch 1/7: mean_prob1=0.1108, mean_prob2=0.1163
2026-02-25 15:11:48,733 - lg_cotrain - INFO - Phase 1 epoch 2/7: mean_prob1=0.1210, mean_prob2=0.1430
2026-02-25 15:12:04,505 - lg_cotrain - INFO - Phase 1 epoch 3/7: mean_prob1=0.1501, mean_prob2=0.1655
2026-02-25 15:12:20,472 - lg_cotrain - INFO - Phase 1 epoch 4/7: mean_prob1=0.1777, mean_prob2=0.1945
2026-02-25 15:12:36,262 - lg_cotrain - INFO - Phase 1 epoch 5/7: mean_prob1=0.2320, mean_prob2=0.2133
2026-02-25 15:12:52,066 - lg_cotrain - INFO - Phase 1 epoch 6/7: mean_prob1=0.2869, mean_prob2=0.2779
2026-02-25 15:13:07,881 - lg_cotrain - INFO - Phase 1 epoch 7/7: mean_prob1=0.3563, mean_prob2=0.2991
2026-02-25 15:13:07,881 - lg_cotrain - INFO - === Phase 2: Co-Training ===
2026-02-25 15:13:08,870 - lg_cotrain - INFO - LR scheduler: total_steps_1=5352, warmup=1143; total_steps_2=5352, warmup=1143
2026-02-25 15:13:08,871 - lg_cotrain - INFO - Phase 1 done -> seeded Phase 2 trackers. lambda1: mean=0.3563, range=[0.0102, 0.8432]
2026-02-25 15:13:08,871 - lg_cotrain - INFO - Phase 1 done -> seeded Phase 2 trackers. lambda2: mean=0.2991, range=[0.0074, 0.6831]
2026-02-25 15:14:04,798 - lg_cotrain - INFO - Phase 2 epoch 1/16: loss1=0.5617, loss2=0.7058, dev_macro_f1=0.3368, dev_err=43.82%
2026-02-25 15:15:00,888 - lg_cotrain - INFO - Phase 2 epoch 2/16: loss1=0.1923, loss2=0.3709, dev_macro_f1=0.6014, dev_err=24.10%
2026-02-25 15:15:56,866 - lg_cotrain - INFO - Phase 2 epoch 3/16: loss1=0.0974, loss2=0.1782, dev_macro_f1=0.6255, dev_err=23.00%
2026-02-25 15:16:52,846 - lg_cotrain - INFO - Phase 2 epoch 4/16: loss1=0.0490, loss2=0.1372, dev_macro_f1=0.6295, dev_err=22.85%
2026-02-25 15:17:48,960 - lg_cotrain - INFO - Phase 2 epoch 5/16: loss1=0.0359, loss2=0.1156, dev_macro_f1=0.6333, dev_err=22.85%
2026-02-25 15:18:44,983 - lg_cotrain - INFO - Phase 2 epoch 6/16: loss1=0.0247, loss2=0.0615, dev_macro_f1=0.6448, dev_err=22.85%
2026-02-25 15:19:41,006 - lg_cotrain - INFO - Phase 2 epoch 7/16: loss1=0.0208, loss2=0.0445, dev_macro_f1=0.6561, dev_err=21.75%
2026-02-25 15:20:37,156 - lg_cotrain - INFO - Phase 2 epoch 8/16: loss1=0.0283, loss2=0.0273, dev_macro_f1=0.6514, dev_err=22.85%
2026-02-25 15:21:33,275 - lg_cotrain - INFO - Phase 2 epoch 9/16: loss1=0.0174, loss2=0.0175, dev_macro_f1=0.6538, dev_err=21.91%
2026-02-25 15:22:29,178 - lg_cotrain - INFO - Phase 2 epoch 10/16: loss1=0.0106, loss2=0.0304, dev_macro_f1=0.6487, dev_err=22.85%
2026-02-25 15:23:25,192 - lg_cotrain - INFO - Phase 2 epoch 11/16: loss1=0.0068, loss2=0.0352, dev_macro_f1=0.6369, dev_err=23.47%
2026-02-25 15:24:21,256 - lg_cotrain - INFO - Phase 2 epoch 12/16: loss1=0.0110, loss2=0.0191, dev_macro_f1=0.6486, dev_err=23.79%
2026-02-25 15:25:17,186 - lg_cotrain - INFO - Phase 2 epoch 13/16: loss1=0.0082, loss2=0.0099, dev_macro_f1=0.6438, dev_err=23.16%
2026-02-25 15:26:13,179 - lg_cotrain - INFO - Phase 2 epoch 14/16: loss1=0.0097, loss2=0.0064, dev_macro_f1=0.6525, dev_err=23.16%
2026-02-25 15:27:09,124 - lg_cotrain - INFO - Phase 2 epoch 15/16: loss1=0.0050, loss2=0.0048, dev_macro_f1=0.6510, dev_err=23.47%
2026-02-25 15:28:07,203 - lg_cotrain - INFO - Phase 2 epoch 16/16: loss1=0.0077, loss2=0.0046, dev_macro_f1=0.6497, dev_err=22.54%
2026-02-25 15:28:07,203 - lg_cotrain - INFO - === Phase 3: Fine-Tuning ===
2026-02-25 15:28:11,586 - lg_cotrain - INFO - Phase 3 epoch 1: dev_macro_f1=0.6352, dev_err=27.39%, es_counter1=0, es_counter2=0
2026-02-25 15:28:15,973 - lg_cotrain - INFO - Phase 3 epoch 2: dev_macro_f1=0.6515, dev_err=25.67%, es_counter1=0, es_counter2=0
2026-02-25 15:28:20,300 - lg_cotrain - INFO - Phase 3 epoch 3: dev_macro_f1=0.6725, dev_err=23.94%, es_counter1=0, es_counter2=0
2026-02-25 15:28:24,610 - lg_cotrain - INFO - Phase 3 epoch 4: dev_macro_f1=0.6765, dev_err=23.47%, es_counter1=0, es_counter2=0
2026-02-25 15:28:28,900 - lg_cotrain - INFO - Phase 3 epoch 5: dev_macro_f1=0.6695, dev_err=24.57%, es_counter1=1, es_counter2=1
2026-02-25 15:28:33,206 - lg_cotrain - INFO - Phase 3 epoch 6: dev_macro_f1=0.6715, dev_err=24.41%, es_counter1=2, es_counter2=2
2026-02-25 15:28:37,527 - lg_cotrain - INFO - Phase 3 epoch 7: dev_macro_f1=0.6887, dev_err=23.79%, es_counter1=0, es_counter2=0
2026-02-25 15:28:41,842 - lg_cotrain - INFO - Phase 3 epoch 8: dev_macro_f1=0.6888, dev_err=24.10%, es_counter1=0, es_counter2=0
2026-02-25 15:28:46,148 - lg_cotrain - INFO - Phase 3 epoch 9: dev_macro_f1=0.6943, dev_err=24.57%, es_counter1=0, es_counter2=0
2026-02-25 15:28:50,466 - lg_cotrain - INFO - Phase 3 epoch 10: dev_macro_f1=0.6991, dev_err=23.47%, es_counter1=0, es_counter2=0
2026-02-25 15:28:54,747 - lg_cotrain - INFO - Phase 3 epoch 11: dev_macro_f1=0.6892, dev_err=23.94%, es_counter1=1, es_counter2=1
2026-02-25 15:28:59,070 - lg_cotrain - INFO - Phase 3 epoch 12: dev_macro_f1=0.6887, dev_err=23.63%, es_counter1=2, es_counter2=2
2026-02-25 15:29:03,395 - lg_cotrain - INFO - Phase 3 epoch 13: dev_macro_f1=0.7016, dev_err=23.16%, es_counter1=0, es_counter2=0
2026-02-25 15:29:07,718 - lg_cotrain - INFO - Phase 3 epoch 14: dev_macro_f1=0.6977, dev_err=23.94%, es_counter1=1, es_counter2=1
2026-02-25 15:29:12,030 - lg_cotrain - INFO - Phase 3 epoch 15: dev_macro_f1=0.6969, dev_err=23.79%, es_counter1=2, es_counter2=2
2026-02-25 15:29:16,372 - lg_cotrain - INFO - Phase 3 epoch 16: dev_macro_f1=0.7084, dev_err=23.16%, es_counter1=0, es_counter2=0
2026-02-25 15:29:20,681 - lg_cotrain - INFO - Phase 3 epoch 17: dev_macro_f1=0.7076, dev_err=23.16%, es_counter1=1, es_counter2=1
2026-02-25 15:29:24,977 - lg_cotrain - INFO - Phase 3 epoch 18: dev_macro_f1=0.7060, dev_err=23.32%, es_counter1=2, es_counter2=2
2026-02-25 15:29:29,302 - lg_cotrain - INFO - Phase 3 epoch 19: dev_macro_f1=0.7034, dev_err=23.63%, es_counter1=3, es_counter2=3
2026-02-25 15:29:33,626 - lg_cotrain - INFO - Phase 3 epoch 20: dev_macro_f1=0.6991, dev_err=23.94%, es_counter1=4, es_counter2=4
2026-02-25 15:29:37,919 - lg_cotrain - INFO - Phase 3 epoch 21: dev_macro_f1=0.7004, dev_err=23.79%, es_counter1=5, es_counter2=5
2026-02-25 15:29:42,222 - lg_cotrain - INFO - Phase 3 epoch 22: dev_macro_f1=0.7004, dev_err=23.79%, es_counter1=6, es_counter2=6
2026-02-25 15:29:42,222 - lg_cotrain - INFO - Early stopping at epoch 22
2026-02-25 15:29:42,238 - lg_cotrain - INFO - === Final Evaluation ===
2026-02-25 15:29:48,335 - lg_cotrain - INFO - Results saved to C:\Users\anhtr\AppData\Local\Temp\tmpthuosdcw\hurricane_florence_2018\50_set3\metrics.json
2026-02-25 15:29:48,335 - lg_cotrain - INFO - Test error rate: 26.19%, Test macro-F1: 0.6732, Test ECE: 0.1168
2026-02-25 15:29:48,346 - lg_cotrain - INFO - --- Trial 2/10 done: dev_macro_f1=0.7084 ---
2026-02-25 15:29:48,347 - lg_cotrain - INFO - --- Trial 3/10 ---
2026-02-25 15:29:48,848 - lg_cotrain - INFO - Starting LG-CoTrain: event=hurricane_florence_2018, budget=50, seed_set=3
2026-02-25 15:29:48,878 - lg_cotrain - INFO - Detected 9 classes for event hurricane_florence_2018: ['caution_and_advice', 'displaced_people_and_evacuations', 'infrastructure_and_utility_damage', 'injured_or_dead_people', 'not_humanitarian', 'other_relevant_information', 'requests_or_urgent_needs', 'rescue_volunteering_or_donation_effort', 'sympathy_and_support']
2026-02-25 15:29:48,884 - lg_cotrain - INFO - D_l1: 219, D_l2: 219, D_LG: 3946
2026-02-25 15:29:48,885 - lg_cotrain - INFO - === Phase 1: Weight Generation ===
2026-02-25 15:30:06,201 - lg_cotrain - INFO - Phase 1 epoch 1/7: mean_prob1=0.1236, mean_prob2=0.1108
2026-02-25 15:30:22,279 - lg_cotrain - INFO - Phase 1 epoch 2/7: mean_prob1=0.1379, mean_prob2=0.1181
2026-02-25 15:30:38,194 - lg_cotrain - INFO - Phase 1 epoch 3/7: mean_prob1=0.1972, mean_prob2=0.1531
2026-02-25 15:30:54,135 - lg_cotrain - INFO - Phase 1 epoch 4/7: mean_prob1=0.2968, mean_prob2=0.2308
2026-02-25 15:31:10,332 - lg_cotrain - INFO - Phase 1 epoch 5/7: mean_prob1=0.3883, mean_prob2=0.4047
2026-02-25 15:31:26,509 - lg_cotrain - INFO - Phase 1 epoch 6/7: mean_prob1=0.4799, mean_prob2=0.3861
2026-02-25 15:31:42,805 - lg_cotrain - INFO - Phase 1 epoch 7/7: mean_prob1=0.4942, mean_prob2=0.5027
2026-02-25 15:31:42,805 - lg_cotrain - INFO - === Phase 2: Co-Training ===
2026-02-25 15:31:43,807 - lg_cotrain - INFO - LR scheduler: total_steps_1=4364, warmup=157; total_steps_2=4364, warmup=157
2026-02-25 15:31:43,808 - lg_cotrain - INFO - Phase 1 done -> seeded Phase 2 trackers. lambda1: mean=0.4942, range=[0.0008, 0.9890]
2026-02-25 15:31:43,808 - lg_cotrain - INFO - Phase 1 done -> seeded Phase 2 trackers. lambda2: mean=0.5027, range=[0.0010, 0.9844]
2026-02-25 15:32:41,344 - lg_cotrain - INFO - Phase 2 epoch 1/12: loss1=0.4420, loss2=0.4239, dev_macro_f1=0.5781, dev_err=28.48%
2026-02-25 15:33:38,713 - lg_cotrain - INFO - Phase 2 epoch 2/12: loss1=0.0709, loss2=0.4055, dev_macro_f1=0.5722, dev_err=28.95%
2026-02-25 15:34:36,155 - lg_cotrain - INFO - Phase 2 epoch 3/12: loss1=0.0744, loss2=0.2761, dev_macro_f1=0.6138, dev_err=25.20%
2026-02-25 15:35:33,538 - lg_cotrain - INFO - Phase 2 epoch 4/12: loss1=0.0513, loss2=0.1840, dev_macro_f1=0.6254, dev_err=23.94%
2026-02-25 15:36:29,591 - lg_cotrain - INFO - Phase 2 epoch 5/12: loss1=0.0724, loss2=0.1074, dev_macro_f1=0.6406, dev_err=22.54%
2026-02-25 15:37:25,573 - lg_cotrain - INFO - Phase 2 epoch 6/12: loss1=0.0486, loss2=0.0864, dev_macro_f1=0.6354, dev_err=23.47%
2026-02-25 15:38:21,550 - lg_cotrain - INFO - Phase 2 epoch 7/12: loss1=0.0830, loss2=0.0822, dev_macro_f1=0.6266, dev_err=23.63%
2026-02-25 15:39:17,588 - lg_cotrain - INFO - Phase 2 epoch 8/12: loss1=0.0275, loss2=0.0454, dev_macro_f1=0.6539, dev_err=22.85%
2026-02-25 15:40:13,570 - lg_cotrain - INFO - Phase 2 epoch 9/12: loss1=0.0302, loss2=0.0419, dev_macro_f1=0.6348, dev_err=23.94%
2026-02-25 15:41:09,630 - lg_cotrain - INFO - Phase 2 epoch 10/12: loss1=0.0331, loss2=0.0329, dev_macro_f1=0.6308, dev_err=24.10%
2026-02-25 15:42:05,660 - lg_cotrain - INFO - Phase 2 epoch 11/12: loss1=0.0235, loss2=0.0364, dev_macro_f1=0.6439, dev_err=23.16%
2026-02-25 15:43:01,573 - lg_cotrain - INFO - Phase 2 epoch 12/12: loss1=0.0143, loss2=0.0190, dev_macro_f1=0.6494, dev_err=22.38%
2026-02-25 15:43:01,573 - lg_cotrain - INFO - === Phase 3: Fine-Tuning ===
2026-02-25 15:43:05,880 - lg_cotrain - INFO - Phase 3 epoch 1: dev_macro_f1=0.6348, dev_err=25.98%, es_counter1=0, es_counter2=0
2026-02-25 15:43:10,177 - lg_cotrain - INFO - Phase 3 epoch 2: dev_macro_f1=0.6462, dev_err=25.51%, es_counter1=0, es_counter2=0
2026-02-25 15:43:14,479 - lg_cotrain - INFO - Phase 3 epoch 3: dev_macro_f1=0.6527, dev_err=25.35%, es_counter1=0, es_counter2=0
2026-02-25 15:43:18,774 - lg_cotrain - INFO - Phase 3 epoch 4: dev_macro_f1=0.6677, dev_err=26.92%, es_counter1=0, es_counter2=0
2026-02-25 15:43:23,059 - lg_cotrain - INFO - Phase 3 epoch 5: dev_macro_f1=0.6441, dev_err=28.79%, es_counter1=1, es_counter2=1
2026-02-25 15:43:27,529 - lg_cotrain - INFO - Phase 3 epoch 6: dev_macro_f1=0.6332, dev_err=31.14%, es_counter1=2, es_counter2=2
2026-02-25 15:43:31,811 - lg_cotrain - INFO - Phase 3 epoch 7: dev_macro_f1=0.6361, dev_err=31.46%, es_counter1=3, es_counter2=3
2026-02-25 15:43:36,083 - lg_cotrain - INFO - Phase 3 epoch 8: dev_macro_f1=0.6353, dev_err=29.11%, es_counter1=4, es_counter2=4
2026-02-25 15:43:36,083 - lg_cotrain - INFO - Early stopping at epoch 8
2026-02-25 15:43:36,094 - lg_cotrain - INFO - === Final Evaluation ===
2026-02-25 15:43:42,327 - lg_cotrain - INFO - Results saved to C:\Users\anhtr\AppData\Local\Temp\tmp1okb9v7t\hurricane_florence_2018\50_set3\metrics.json
2026-02-25 15:43:42,328 - lg_cotrain - INFO - Test error rate: 27.40%, Test macro-F1: 0.6585, Test ECE: 0.0629
2026-02-25 15:43:42,339 - lg_cotrain - INFO - --- Trial 3/10 done: dev_macro_f1=0.6677 ---
2026-02-25 15:43:42,339 - lg_cotrain - INFO - --- Trial 4/10 ---
2026-02-25 15:43:42,854 - lg_cotrain - INFO - Starting LG-CoTrain: event=hurricane_florence_2018, budget=50, seed_set=3
2026-02-25 15:43:42,891 - lg_cotrain - INFO - Detected 9 classes for event hurricane_florence_2018: ['caution_and_advice', 'displaced_people_and_evacuations', 'infrastructure_and_utility_damage', 'injured_or_dead_people', 'not_humanitarian', 'other_relevant_information', 'requests_or_urgent_needs', 'rescue_volunteering_or_donation_effort', 'sympathy_and_support']
2026-02-25 15:43:42,901 - lg_cotrain - INFO - D_l1: 219, D_l2: 219, D_LG: 3946
2026-02-25 15:43:42,902 - lg_cotrain - INFO - === Phase 1: Weight Generation ===
2026-02-25 15:43:57,817 - lg_cotrain - INFO - Phase 1 epoch 1/7: mean_prob1=0.1181, mean_prob2=0.1239
2026-02-25 15:44:11,782 - lg_cotrain - INFO - Phase 1 epoch 2/7: mean_prob1=0.1215, mean_prob2=0.1258
2026-02-25 15:44:25,476 - lg_cotrain - INFO - Phase 1 epoch 3/7: mean_prob1=0.1277, mean_prob2=0.1336
2026-02-25 15:44:39,388 - lg_cotrain - INFO - Phase 1 epoch 4/7: mean_prob1=0.1351, mean_prob2=0.1483
2026-02-25 15:44:53,174 - lg_cotrain - INFO - Phase 1 epoch 5/7: mean_prob1=0.1432, mean_prob2=0.1454
2026-02-25 15:45:06,970 - lg_cotrain - INFO - Phase 1 epoch 6/7: mean_prob1=0.1541, mean_prob2=0.1638
2026-02-25 15:45:21,033 - lg_cotrain - INFO - Phase 1 epoch 7/7: mean_prob1=0.1672, mean_prob2=0.1827
2026-02-25 15:45:21,033 - lg_cotrain - INFO - === Phase 2: Co-Training ===
2026-02-25 15:45:22,000 - lg_cotrain - INFO - LR scheduler: total_steps_1=1144, warmup=101; total_steps_2=1144, warmup=101
2026-02-25 15:45:22,001 - lg_cotrain - INFO - Phase 1 done -> seeded Phase 2 trackers. lambda1: mean=0.1672, range=[0.0340, 0.3517]
2026-02-25 15:45:22,001 - lg_cotrain - INFO - Phase 1 done -> seeded Phase 2 trackers. lambda2: mean=0.1827, range=[0.0185, 0.4199]
2026-02-25 15:46:08,130 - lg_cotrain - INFO - Phase 2 epoch 1/12: loss1=0.3405, loss2=0.3176, dev_macro_f1=0.2629, dev_err=46.95%
2026-02-25 15:46:54,557 - lg_cotrain - INFO - Phase 2 epoch 2/12: loss1=0.1497, loss2=0.2147, dev_macro_f1=0.6072, dev_err=24.73%
2026-02-25 15:47:41,021 - lg_cotrain - INFO - Phase 2 epoch 3/12: loss1=0.0489, loss2=0.1313, dev_macro_f1=0.6355, dev_err=22.22%
2026-02-25 15:48:27,704 - lg_cotrain - INFO - Phase 2 epoch 4/12: loss1=0.0297, loss2=0.0758, dev_macro_f1=0.6287, dev_err=23.47%
2026-02-25 15:49:14,122 - lg_cotrain - INFO - Phase 2 epoch 5/12: loss1=0.0168, loss2=0.0648, dev_macro_f1=0.6169, dev_err=24.88%
2026-02-25 15:50:00,311 - lg_cotrain - INFO - Phase 2 epoch 6/12: loss1=0.0149, loss2=0.0466, dev_macro_f1=0.6197, dev_err=24.57%
2026-02-25 15:50:46,661 - lg_cotrain - INFO - Phase 2 epoch 7/12: loss1=0.0149, loss2=0.0390, dev_macro_f1=0.6410, dev_err=22.69%
2026-02-25 15:51:33,135 - lg_cotrain - INFO - Phase 2 epoch 8/12: loss1=0.0104, loss2=0.0248, dev_macro_f1=0.6391, dev_err=22.69%
2026-02-25 15:52:20,313 - lg_cotrain - INFO - Phase 2 epoch 9/12: loss1=0.0137, loss2=0.0168, dev_macro_f1=0.6347, dev_err=23.63%
2026-02-25 15:53:07,660 - lg_cotrain - INFO - Phase 2 epoch 10/12: loss1=0.0094, loss2=0.0143, dev_macro_f1=0.6403, dev_err=23.47%
2026-02-25 15:53:55,102 - lg_cotrain - INFO - Phase 2 epoch 11/12: loss1=0.0094, loss2=0.0107, dev_macro_f1=0.6447, dev_err=23.16%
2026-02-25 15:54:41,811 - lg_cotrain - INFO - Phase 2 epoch 12/12: loss1=0.0057, loss2=0.0109, dev_macro_f1=0.6491, dev_err=22.85%
2026-02-25 15:54:41,812 - lg_cotrain - INFO - === Phase 3: Fine-Tuning ===
2026-02-25 15:54:45,423 - lg_cotrain - INFO - Phase 3 epoch 1: dev_macro_f1=0.6518, dev_err=25.35%, es_counter1=0, es_counter2=0
2026-02-25 15:54:49,023 - lg_cotrain - INFO - Phase 3 epoch 2: dev_macro_f1=0.6498, dev_err=28.95%, es_counter1=1, es_counter2=1
2026-02-25 15:54:52,639 - lg_cotrain - INFO - Phase 3 epoch 3: dev_macro_f1=0.6617, dev_err=25.82%, es_counter1=0, es_counter2=0
2026-02-25 15:54:56,279 - lg_cotrain - INFO - Phase 3 epoch 4: dev_macro_f1=0.6841, dev_err=22.07%, es_counter1=0, es_counter2=0
2026-02-25 15:54:59,886 - lg_cotrain - INFO - Phase 3 epoch 5: dev_macro_f1=0.6967, dev_err=22.54%, es_counter1=0, es_counter2=0
2026-02-25 15:55:03,478 - lg_cotrain - INFO - Phase 3 epoch 6: dev_macro_f1=0.6927, dev_err=21.91%, es_counter1=1, es_counter2=1
2026-02-25 15:55:07,071 - lg_cotrain - INFO - Phase 3 epoch 7: dev_macro_f1=0.6765, dev_err=23.16%, es_counter1=2, es_counter2=2
2026-02-25 15:55:10,728 - lg_cotrain - INFO - Phase 3 epoch 8: dev_macro_f1=0.6869, dev_err=24.41%, es_counter1=3, es_counter2=3
2026-02-25 15:55:14,413 - lg_cotrain - INFO - Phase 3 epoch 9: dev_macro_f1=0.6976, dev_err=23.47%, es_counter1=0, es_counter2=0
2026-02-25 15:55:18,041 - lg_cotrain - INFO - Phase 3 epoch 10: dev_macro_f1=0.7028, dev_err=23.79%, es_counter1=0, es_counter2=0
2026-02-25 15:55:21,644 - lg_cotrain - INFO - Phase 3 epoch 11: dev_macro_f1=0.6982, dev_err=24.57%, es_counter1=1, es_counter2=1
2026-02-25 15:55:25,238 - lg_cotrain - INFO - Phase 3 epoch 12: dev_macro_f1=0.6957, dev_err=24.73%, es_counter1=2, es_counter2=2
2026-02-25 15:55:28,848 - lg_cotrain - INFO - Phase 3 epoch 13: dev_macro_f1=0.6879, dev_err=25.67%, es_counter1=3, es_counter2=3
2026-02-25 15:55:32,478 - lg_cotrain - INFO - Phase 3 epoch 14: dev_macro_f1=0.6924, dev_err=25.20%, es_counter1=4, es_counter2=4
2026-02-25 15:55:36,119 - lg_cotrain - INFO - Phase 3 epoch 15: dev_macro_f1=0.7030, dev_err=24.10%, es_counter1=0, es_counter2=0
2026-02-25 15:55:39,757 - lg_cotrain - INFO - Phase 3 epoch 16: dev_macro_f1=0.7037, dev_err=23.94%, es_counter1=0, es_counter2=0
2026-02-25 15:55:43,408 - lg_cotrain - INFO - Phase 3 epoch 17: dev_macro_f1=0.7024, dev_err=24.10%, es_counter1=1, es_counter2=1
2026-02-25 15:55:47,029 - lg_cotrain - INFO - Phase 3 epoch 18: dev_macro_f1=0.7029, dev_err=24.10%, es_counter1=2, es_counter2=2
2026-02-25 15:55:50,645 - lg_cotrain - INFO - Phase 3 epoch 19: dev_macro_f1=0.7013, dev_err=24.41%, es_counter1=3, es_counter2=3
2026-02-25 15:55:54,262 - lg_cotrain - INFO - Phase 3 epoch 20: dev_macro_f1=0.7004, dev_err=24.57%, es_counter1=4, es_counter2=4
2026-02-25 15:55:58,001 - lg_cotrain - INFO - Phase 3 epoch 21: dev_macro_f1=0.7004, dev_err=24.57%, es_counter1=5, es_counter2=5
2026-02-25 15:56:01,706 - lg_cotrain - INFO - Phase 3 epoch 22: dev_macro_f1=0.6987, dev_err=24.73%, es_counter1=6, es_counter2=6
2026-02-25 15:56:05,425 - lg_cotrain - INFO - Phase 3 epoch 23: dev_macro_f1=0.7016, dev_err=24.41%, es_counter1=7, es_counter2=7
2026-02-25 15:56:09,222 - lg_cotrain - INFO - Phase 3 epoch 24: dev_macro_f1=0.7016, dev_err=24.41%, es_counter1=8, es_counter2=8
2026-02-25 15:56:13,070 - lg_cotrain - INFO - Phase 3 epoch 25: dev_macro_f1=0.7035, dev_err=24.10%, es_counter1=9, es_counter2=9
2026-02-25 15:56:16,752 - lg_cotrain - INFO - Phase 3 epoch 26: dev_macro_f1=0.7055, dev_err=23.79%, es_counter1=0, es_counter2=0
2026-02-25 15:56:20,432 - lg_cotrain - INFO - Phase 3 epoch 27: dev_macro_f1=0.7079, dev_err=23.63%, es_counter1=0, es_counter2=0
2026-02-25 15:56:24,063 - lg_cotrain - INFO - Phase 3 epoch 28: dev_macro_f1=0.7055, dev_err=23.94%, es_counter1=1, es_counter2=1
2026-02-25 15:56:27,877 - lg_cotrain - INFO - Phase 3 epoch 29: dev_macro_f1=0.7042, dev_err=24.10%, es_counter1=2, es_counter2=2
2026-02-25 15:56:31,858 - lg_cotrain - INFO - Phase 3 epoch 30: dev_macro_f1=0.7031, dev_err=24.26%, es_counter1=3, es_counter2=3
2026-02-25 15:56:35,707 - lg_cotrain - INFO - Phase 3 epoch 31: dev_macro_f1=0.7040, dev_err=24.10%, es_counter1=4, es_counter2=4
2026-02-25 15:56:39,473 - lg_cotrain - INFO - Phase 3 epoch 32: dev_macro_f1=0.7031, dev_err=24.26%, es_counter1=5, es_counter2=5
2026-02-25 15:56:43,147 - lg_cotrain - INFO - Phase 3 epoch 33: dev_macro_f1=0.7031, dev_err=24.26%, es_counter1=6, es_counter2=6
2026-02-25 15:56:46,944 - lg_cotrain - INFO - Phase 3 epoch 34: dev_macro_f1=0.7050, dev_err=23.94%, es_counter1=7, es_counter2=7
2026-02-25 15:56:50,903 - lg_cotrain - INFO - Phase 3 epoch 35: dev_macro_f1=0.7042, dev_err=24.10%, es_counter1=8, es_counter2=8
2026-02-25 15:56:54,764 - lg_cotrain - INFO - Phase 3 epoch 36: dev_macro_f1=0.7021, dev_err=24.26%, es_counter1=9, es_counter2=9
2026-02-25 15:56:58,582 - lg_cotrain - INFO - Phase 3 epoch 37: dev_macro_f1=0.7011, dev_err=24.41%, es_counter1=10, es_counter2=10
2026-02-25 15:56:58,582 - lg_cotrain - INFO - Early stopping at epoch 37
2026-02-25 15:56:58,591 - lg_cotrain - INFO - === Final Evaluation ===
2026-02-25 15:57:04,046 - lg_cotrain - INFO - Results saved to C:\Users\anhtr\AppData\Local\Temp\tmptjobnfob\hurricane_florence_2018\50_set3\metrics.json
2026-02-25 15:57:04,046 - lg_cotrain - INFO - Test error rate: 26.43%, Test macro-F1: 0.6689, Test ECE: 0.1058
2026-02-25 15:57:04,058 - lg_cotrain - INFO - --- Trial 4/10 done: dev_macro_f1=0.7079 ---
2026-02-25 15:57:04,058 - lg_cotrain - INFO - --- Trial 5/10 ---
2026-02-25 15:57:04,746 - lg_cotrain - INFO - Starting LG-CoTrain: event=hurricane_florence_2018, budget=50, seed_set=3
2026-02-25 15:57:04,782 - lg_cotrain - INFO - Detected 9 classes for event hurricane_florence_2018: ['caution_and_advice', 'displaced_people_and_evacuations', 'infrastructure_and_utility_damage', 'injured_or_dead_people', 'not_humanitarian', 'other_relevant_information', 'requests_or_urgent_needs', 'rescue_volunteering_or_donation_effort', 'sympathy_and_support']
2026-02-25 15:57:04,790 - lg_cotrain - INFO - D_l1: 219, D_l2: 219, D_LG: 3946
2026-02-25 15:57:04,790 - lg_cotrain - INFO - === Phase 1: Weight Generation ===
2026-02-25 15:57:19,761 - lg_cotrain - INFO - Phase 1 epoch 1/7: mean_prob1=0.1143, mean_prob2=0.1271
2026-02-25 15:57:34,138 - lg_cotrain - INFO - Phase 1 epoch 2/7: mean_prob1=0.1163, mean_prob2=0.1228
2026-02-25 15:57:48,129 - lg_cotrain - INFO - Phase 1 epoch 3/7: mean_prob1=0.1241, mean_prob2=0.1246
2026-02-25 15:58:02,471 - lg_cotrain - INFO - Phase 1 epoch 4/7: mean_prob1=0.1303, mean_prob2=0.1385
2026-02-25 15:58:17,315 - lg_cotrain - INFO - Phase 1 epoch 5/7: mean_prob1=0.1304, mean_prob2=0.1388
2026-02-25 15:58:31,972 - lg_cotrain - INFO - Phase 1 epoch 6/7: mean_prob1=0.1385, mean_prob2=0.1305
2026-02-25 15:58:46,429 - lg_cotrain - INFO - Phase 1 epoch 7/7: mean_prob1=0.1421, mean_prob2=0.1493
2026-02-25 15:58:46,429 - lg_cotrain - INFO - === Phase 2: Co-Training ===
2026-02-25 15:58:47,679 - lg_cotrain - INFO - LR scheduler: total_steps_1=1082, warmup=260; total_steps_2=1082, warmup=260
2026-02-25 15:58:47,679 - lg_cotrain - INFO - Phase 1 done -> seeded Phase 2 trackers. lambda1: mean=0.1421, range=[0.0507, 0.2734]
2026-02-25 15:58:47,680 - lg_cotrain - INFO - Phase 1 done -> seeded Phase 2 trackers. lambda2: mean=0.1493, range=[0.0246, 0.3578]
2026-02-25 15:59:36,488 - lg_cotrain - INFO - Phase 2 epoch 1/11: loss1=0.3142, loss2=0.3034, dev_macro_f1=0.1691, dev_err=59.62%
2026-02-25 16:00:24,200 - lg_cotrain - INFO - Phase 2 epoch 2/11: loss1=0.1868, loss2=0.2989, dev_macro_f1=0.2545, dev_err=43.82%
2026-02-25 16:01:12,288 - lg_cotrain - INFO - Phase 2 epoch 3/11: loss1=0.1265, loss2=0.2112, dev_macro_f1=0.4769, dev_err=32.24%
2026-02-25 16:02:01,380 - lg_cotrain - INFO - Phase 2 epoch 4/11: loss1=0.0800, loss2=0.1412, dev_macro_f1=0.5935, dev_err=25.20%
2026-02-25 16:02:48,083 - lg_cotrain - INFO - Phase 2 epoch 5/11: loss1=0.0434, loss2=0.1027, dev_macro_f1=0.6142, dev_err=24.26%
2026-02-25 16:03:35,351 - lg_cotrain - INFO - Phase 2 epoch 6/11: loss1=0.0276, loss2=0.0728, dev_macro_f1=0.6124, dev_err=24.26%
2026-02-25 16:04:21,827 - lg_cotrain - INFO - Phase 2 epoch 7/11: loss1=0.0202, loss2=0.0563, dev_macro_f1=0.6229, dev_err=23.00%
2026-02-25 16:05:10,190 - lg_cotrain - INFO - Phase 2 epoch 8/11: loss1=0.0154, loss2=0.0379, dev_macro_f1=0.6151, dev_err=24.41%
2026-02-25 16:05:57,233 - lg_cotrain - INFO - Phase 2 epoch 9/11: loss1=0.0123, loss2=0.0292, dev_macro_f1=0.6262, dev_err=23.16%
2026-02-25 16:06:44,394 - lg_cotrain - INFO - Phase 2 epoch 10/11: loss1=0.0162, loss2=0.0292, dev_macro_f1=0.6237, dev_err=23.47%
2026-02-25 16:07:31,197 - lg_cotrain - INFO - Phase 2 epoch 11/11: loss1=0.0133, loss2=0.0192, dev_macro_f1=0.6298, dev_err=23.32%
2026-02-25 16:07:31,197 - lg_cotrain - INFO - === Phase 3: Fine-Tuning ===
2026-02-25 16:07:34,870 - lg_cotrain - INFO - Phase 3 epoch 1: dev_macro_f1=0.6351, dev_err=26.45%, es_counter1=0, es_counter2=0
2026-02-25 16:07:38,596 - lg_cotrain - INFO - Phase 3 epoch 2: dev_macro_f1=0.6485, dev_err=27.39%, es_counter1=0, es_counter2=0
2026-02-25 16:07:42,359 - lg_cotrain - INFO - Phase 3 epoch 3: dev_macro_f1=0.6660, dev_err=24.88%, es_counter1=0, es_counter2=0
2026-02-25 16:07:46,151 - lg_cotrain - INFO - Phase 3 epoch 4: dev_macro_f1=0.6752, dev_err=22.54%, es_counter1=0, es_counter2=0
2026-02-25 16:07:49,807 - lg_cotrain - INFO - Phase 3 epoch 5: dev_macro_f1=0.6630, dev_err=23.79%, es_counter1=1, es_counter2=1
2026-02-25 16:07:53,576 - lg_cotrain - INFO - Phase 3 epoch 6: dev_macro_f1=0.6730, dev_err=23.79%, es_counter1=2, es_counter2=2
2026-02-25 16:07:57,335 - lg_cotrain - INFO - Phase 3 epoch 7: dev_macro_f1=0.6562, dev_err=23.94%, es_counter1=3, es_counter2=3
2026-02-25 16:08:00,989 - lg_cotrain - INFO - Phase 3 epoch 8: dev_macro_f1=0.6724, dev_err=23.00%, es_counter1=4, es_counter2=4
2026-02-25 16:08:04,751 - lg_cotrain - INFO - Phase 3 epoch 9: dev_macro_f1=0.6864, dev_err=24.26%, es_counter1=0, es_counter2=0
2026-02-25 16:08:08,354 - lg_cotrain - INFO - Phase 3 epoch 10: dev_macro_f1=0.6873, dev_err=24.41%, es_counter1=0, es_counter2=0
2026-02-25 16:08:12,108 - lg_cotrain - INFO - Phase 3 epoch 11: dev_macro_f1=0.6746, dev_err=25.04%, es_counter1=1, es_counter2=1
2026-02-25 16:08:15,718 - lg_cotrain - INFO - Phase 3 epoch 12: dev_macro_f1=0.6758, dev_err=24.88%, es_counter1=2, es_counter2=2
2026-02-25 16:08:19,486 - lg_cotrain - INFO - Phase 3 epoch 13: dev_macro_f1=0.6747, dev_err=25.04%, es_counter1=3, es_counter2=3
2026-02-25 16:08:23,074 - lg_cotrain - INFO - Phase 3 epoch 14: dev_macro_f1=0.6747, dev_err=25.20%, es_counter1=4, es_counter2=4
2026-02-25 16:08:26,734 - lg_cotrain - INFO - Phase 3 epoch 15: dev_macro_f1=0.6804, dev_err=25.20%, es_counter1=5, es_counter2=5
2026-02-25 16:08:30,553 - lg_cotrain - INFO - Phase 3 epoch 16: dev_macro_f1=0.6781, dev_err=25.67%, es_counter1=6, es_counter2=6
2026-02-25 16:08:34,246 - lg_cotrain - INFO - Phase 3 epoch 17: dev_macro_f1=0.6824, dev_err=25.04%, es_counter1=7, es_counter2=7
2026-02-25 16:08:34,246 - lg_cotrain - INFO - Early stopping at epoch 17
2026-02-25 16:08:34,257 - lg_cotrain - INFO - === Final Evaluation ===
2026-02-25 16:08:39,745 - lg_cotrain - INFO - Results saved to C:\Users\anhtr\AppData\Local\Temp\tmp5_ieh4xp\hurricane_florence_2018\50_set3\metrics.json
2026-02-25 16:08:39,746 - lg_cotrain - INFO - Test error rate: 26.19%, Test macro-F1: 0.6646, Test ECE: 0.0536
2026-02-25 16:08:39,758 - lg_cotrain - INFO - --- Trial 5/10 done: dev_macro_f1=0.6873 ---
2026-02-25 16:08:39,758 - lg_cotrain - INFO - --- Trial 6/10 ---
2026-02-25 16:08:40,274 - lg_cotrain - INFO - Starting LG-CoTrain: event=hurricane_florence_2018, budget=50, seed_set=3
2026-02-25 16:08:40,303 - lg_cotrain - INFO - Detected 9 classes for event hurricane_florence_2018: ['caution_and_advice', 'displaced_people_and_evacuations', 'infrastructure_and_utility_damage', 'injured_or_dead_people', 'not_humanitarian', 'other_relevant_information', 'requests_or_urgent_needs', 'rescue_volunteering_or_donation_effort', 'sympathy_and_support']
2026-02-25 16:08:40,309 - lg_cotrain - INFO - D_l1: 219, D_l2: 219, D_LG: 3946
2026-02-25 16:08:40,310 - lg_cotrain - INFO - === Phase 1: Weight Generation ===
2026-02-25 16:08:57,074 - lg_cotrain - INFO - Phase 1 epoch 1/7: mean_prob1=0.1266, mean_prob2=0.1342
2026-02-25 16:09:12,911 - lg_cotrain - INFO - Phase 1 epoch 2/7: mean_prob1=0.1037, mean_prob2=0.1038
2026-02-25 16:09:29,195 - lg_cotrain - INFO - Phase 1 epoch 3/7: mean_prob1=0.1149, mean_prob2=0.1176
2026-02-25 16:09:45,072 - lg_cotrain - INFO - Phase 1 epoch 4/7: mean_prob1=0.1159, mean_prob2=0.1125
2026-02-25 16:10:00,922 - lg_cotrain - INFO - Phase 1 epoch 5/7: mean_prob1=0.1119, mean_prob2=0.1209
2026-02-25 16:10:17,081 - lg_cotrain - INFO - Phase 1 epoch 6/7: mean_prob1=0.1136, mean_prob2=0.1186
2026-02-25 16:10:33,046 - lg_cotrain - INFO - Phase 1 epoch 7/7: mean_prob1=0.1189, mean_prob2=0.1133
2026-02-25 16:10:33,046 - lg_cotrain - INFO - === Phase 2: Co-Training ===
2026-02-25 16:10:34,219 - lg_cotrain - INFO - LR scheduler: total_steps_1=6340, warmup=898; total_steps_2=6340, warmup=898
2026-02-25 16:10:34,219 - lg_cotrain - INFO - Phase 1 done -> seeded Phase 2 trackers. lambda1: mean=0.1189, range=[0.0750, 0.1414]
2026-02-25 16:10:34,219 - lg_cotrain - INFO - Phase 1 done -> seeded Phase 2 trackers. lambda2: mean=0.1133, range=[0.0499, 0.2024]
2026-02-25 16:11:31,995 - lg_cotrain - INFO - Phase 2 epoch 1/20: loss1=0.1330, loss2=0.1330, dev_macro_f1=0.5937, dev_err=24.88%
2026-02-25 16:12:29,348 - lg_cotrain - INFO - Phase 2 epoch 2/20: loss1=0.1087, loss2=1.2203, dev_macro_f1=0.0425, dev_err=76.37%
2026-02-25 16:13:26,854 - lg_cotrain - INFO - Phase 2 epoch 3/20: loss1=0.0967, loss2=1.1732, dev_macro_f1=0.0385, dev_err=79.03%
2026-02-25 16:14:23,465 - lg_cotrain - INFO - Phase 2 epoch 4/20: loss1=0.0691, loss2=1.0564, dev_macro_f1=0.0321, dev_err=83.10%
2026-02-25 16:15:19,859 - lg_cotrain - INFO - Phase 2 epoch 5/20: loss1=0.0623, loss2=0.9764, dev_macro_f1=0.0385, dev_err=79.03%
2026-02-25 16:16:17,007 - lg_cotrain - INFO - Phase 2 epoch 6/20: loss1=0.0598, loss2=0.8998, dev_macro_f1=0.0385, dev_err=79.03%
2026-02-25 16:17:14,657 - lg_cotrain - INFO - Phase 2 epoch 7/20: loss1=0.0618, loss2=0.8498, dev_macro_f1=0.0385, dev_err=79.03%
2026-02-25 16:18:12,117 - lg_cotrain - INFO - Phase 2 epoch 8/20: loss1=0.0644, loss2=0.8125, dev_macro_f1=0.0385, dev_err=79.03%
2026-02-25 16:19:09,240 - lg_cotrain - INFO - Phase 2 epoch 9/20: loss1=0.0667, loss2=0.7749, dev_macro_f1=0.0385, dev_err=79.03%
2026-02-25 16:20:06,433 - lg_cotrain - INFO - Phase 2 epoch 10/20: loss1=0.0705, loss2=0.7480, dev_macro_f1=0.0385, dev_err=79.03%
2026-02-25 16:21:03,053 - lg_cotrain - INFO - Phase 2 epoch 11/20: loss1=0.0728, loss2=0.7254, dev_macro_f1=0.0385, dev_err=79.03%
2026-02-25 16:21:59,834 - lg_cotrain - INFO - Phase 2 epoch 12/20: loss1=0.0763, loss2=0.7029, dev_macro_f1=0.0321, dev_err=83.10%
2026-02-25 16:22:57,682 - lg_cotrain - INFO - Phase 2 epoch 13/20: loss1=0.0796, loss2=0.6861, dev_macro_f1=0.0385, dev_err=79.03%
2026-02-25 16:23:55,286 - lg_cotrain - INFO - Phase 2 epoch 14/20: loss1=0.0832, loss2=0.6681, dev_macro_f1=0.0425, dev_err=76.37%
2026-02-25 16:24:53,176 - lg_cotrain - INFO - Phase 2 epoch 15/20: loss1=0.0864, loss2=0.6564, dev_macro_f1=0.0385, dev_err=79.03%
2026-02-25 16:25:49,570 - lg_cotrain - INFO - Phase 2 epoch 16/20: loss1=0.0889, loss2=0.6399, dev_macro_f1=0.0385, dev_err=79.03%
2026-02-25 16:26:46,875 - lg_cotrain - INFO - Phase 2 epoch 17/20: loss1=0.0914, loss2=0.6269, dev_macro_f1=0.0385, dev_err=79.03%
2026-02-25 16:27:43,359 - lg_cotrain - INFO - Phase 2 epoch 18/20: loss1=0.0933, loss2=0.6155, dev_macro_f1=0.0385, dev_err=79.03%
2026-02-25 16:28:40,355 - lg_cotrain - INFO - Phase 2 epoch 19/20: loss1=0.0961, loss2=0.6060, dev_macro_f1=0.0385, dev_err=79.03%
2026-02-25 16:29:38,797 - lg_cotrain - INFO - Phase 2 epoch 20/20: loss1=0.0985, loss2=0.5955, dev_macro_f1=0.0385, dev_err=79.03%
2026-02-25 16:29:38,797 - lg_cotrain - INFO - === Phase 3: Fine-Tuning ===
2026-02-25 16:29:43,246 - lg_cotrain - INFO - Phase 3 epoch 1: dev_macro_f1=0.0205, dev_err=89.83%, es_counter1=0, es_counter2=0
2026-02-25 16:29:47,635 - lg_cotrain - INFO - Phase 3 epoch 2: dev_macro_f1=0.0321, dev_err=83.10%, es_counter1=0, es_counter2=0
2026-02-25 16:29:52,067 - lg_cotrain - INFO - Phase 3 epoch 3: dev_macro_f1=0.0205, dev_err=89.83%, es_counter1=1, es_counter2=1
2026-02-25 16:29:56,446 - lg_cotrain - INFO - Phase 3 epoch 4: dev_macro_f1=0.0205, dev_err=89.83%, es_counter1=2, es_counter2=2
2026-02-25 16:30:00,934 - lg_cotrain - INFO - Phase 3 epoch 5: dev_macro_f1=0.0205, dev_err=89.83%, es_counter1=3, es_counter2=3
2026-02-25 16:30:05,237 - lg_cotrain - INFO - Phase 3 epoch 6: dev_macro_f1=0.0017, dev_err=99.22%, es_counter1=4, es_counter2=4
2026-02-25 16:30:09,479 - lg_cotrain - INFO - Phase 3 epoch 7: dev_macro_f1=0.0155, dev_err=92.49%, es_counter1=5, es_counter2=5
2026-02-25 16:30:13,741 - lg_cotrain - INFO - Phase 3 epoch 8: dev_macro_f1=0.0321, dev_err=83.10%, es_counter1=6, es_counter2=6
2026-02-25 16:30:18,012 - lg_cotrain - INFO - Phase 3 epoch 9: dev_macro_f1=0.0205, dev_err=89.83%, es_counter1=7, es_counter2=7
2026-02-25 16:30:22,281 - lg_cotrain - INFO - Phase 3 epoch 10: dev_macro_f1=0.0100, dev_err=95.31%, es_counter1=8, es_counter2=8
2026-02-25 16:30:26,541 - lg_cotrain - INFO - Phase 3 epoch 11: dev_macro_f1=0.0155, dev_err=92.49%, es_counter1=9, es_counter2=9
2026-02-25 16:30:31,106 - lg_cotrain - INFO - Phase 3 epoch 12: dev_macro_f1=0.0385, dev_err=79.03%, es_counter1=0, es_counter2=0
2026-02-25 16:30:35,416 - lg_cotrain - INFO - Phase 3 epoch 13: dev_macro_f1=0.0425, dev_err=76.37%, es_counter1=0, es_counter2=0
2026-02-25 16:30:39,744 - lg_cotrain - INFO - Phase 3 epoch 14: dev_macro_f1=0.0321, dev_err=83.10%, es_counter1=1, es_counter2=1
2026-02-25 16:30:44,147 - lg_cotrain - INFO - Phase 3 epoch 15: dev_macro_f1=0.0109, dev_err=94.84%, es_counter1=2, es_counter2=2
2026-02-25 16:30:48,423 - lg_cotrain - INFO - Phase 3 epoch 16: dev_macro_f1=0.0321, dev_err=83.10%, es_counter1=3, es_counter2=3
2026-02-25 16:30:52,677 - lg_cotrain - INFO - Phase 3 epoch 17: dev_macro_f1=0.0425, dev_err=76.37%, es_counter1=4, es_counter2=4
2026-02-25 16:30:56,940 - lg_cotrain - INFO - Phase 3 epoch 18: dev_macro_f1=0.0109, dev_err=94.84%, es_counter1=5, es_counter2=5
2026-02-25 16:31:01,229 - lg_cotrain - INFO - Phase 3 epoch 19: dev_macro_f1=0.0100, dev_err=95.31%, es_counter1=6, es_counter2=6
2026-02-25 16:31:05,620 - lg_cotrain - INFO - Phase 3 epoch 20: dev_macro_f1=0.0155, dev_err=92.49%, es_counter1=7, es_counter2=7
2026-02-25 16:31:09,896 - lg_cotrain - INFO - Phase 3 epoch 21: dev_macro_f1=0.0109, dev_err=94.84%, es_counter1=8, es_counter2=8
2026-02-25 16:31:14,166 - lg_cotrain - INFO - Phase 3 epoch 22: dev_macro_f1=0.0205, dev_err=89.83%, es_counter1=9, es_counter2=9
2026-02-25 16:31:18,428 - lg_cotrain - INFO - Phase 3 epoch 23: dev_macro_f1=0.0425, dev_err=76.37%, es_counter1=10, es_counter2=10
2026-02-25 16:31:18,428 - lg_cotrain - INFO - Early stopping at epoch 23
2026-02-25 16:31:18,440 - lg_cotrain - INFO - === Final Evaluation ===
2026-02-25 16:31:24,543 - lg_cotrain - INFO - Results saved to C:\Users\anhtr\AppData\Local\Temp\tmpstwr76w2\hurricane_florence_2018\50_set3\metrics.json
2026-02-25 16:31:24,544 - lg_cotrain - INFO - Test error rate: 76.39%, Test macro-F1: 0.0424, Test ECE: 0.1137
2026-02-25 16:31:24,556 - lg_cotrain - INFO - --- Trial 6/10 done: dev_macro_f1=0.0425 ---
2026-02-25 16:31:24,556 - lg_cotrain - INFO - --- Trial 7/10 ---
2026-02-25 16:31:25,073 - lg_cotrain - INFO - Starting LG-CoTrain: event=hurricane_florence_2018, budget=50, seed_set=3
2026-02-25 16:31:25,102 - lg_cotrain - INFO - Detected 9 classes for event hurricane_florence_2018: ['caution_and_advice', 'displaced_people_and_evacuations', 'infrastructure_and_utility_damage', 'injured_or_dead_people', 'not_humanitarian', 'other_relevant_information', 'requests_or_urgent_needs', 'rescue_volunteering_or_donation_effort', 'sympathy_and_support']
2026-02-25 16:31:25,108 - lg_cotrain - INFO - D_l1: 219, D_l2: 219, D_LG: 3946
2026-02-25 16:31:25,110 - lg_cotrain - INFO - === Phase 1: Weight Generation ===
2026-02-25 16:31:42,519 - lg_cotrain - INFO - Phase 1 epoch 1/7: mean_prob1=0.1157, mean_prob2=0.1104
2026-02-25 16:31:59,120 - lg_cotrain - INFO - Phase 1 epoch 2/7: mean_prob1=0.1144, mean_prob2=0.1103
2026-02-25 16:32:15,480 - lg_cotrain - INFO - Phase 1 epoch 3/7: mean_prob1=0.1154, mean_prob2=0.1171
2026-02-25 16:32:31,950 - lg_cotrain - INFO - Phase 1 epoch 4/7: mean_prob1=0.1120, mean_prob2=0.1157
2026-02-25 16:32:48,429 - lg_cotrain - INFO - Phase 1 epoch 5/7: mean_prob1=0.1135, mean_prob2=0.1126
2026-02-25 16:33:04,762 - lg_cotrain - INFO - Phase 1 epoch 6/7: mean_prob1=0.1106, mean_prob2=0.1185
2026-02-25 16:33:21,019 - lg_cotrain - INFO - Phase 1 epoch 7/7: mean_prob1=0.1152, mean_prob2=0.1106
2026-02-25 16:33:21,019 - lg_cotrain - INFO - === Phase 2: Co-Training ===
2026-02-25 16:33:22,090 - lg_cotrain - INFO - LR scheduler: total_steps_1=5352, warmup=1051; total_steps_2=5352, warmup=1051
2026-02-25 16:33:22,091 - lg_cotrain - INFO - Phase 1 done -> seeded Phase 2 trackers. lambda1: mean=0.1152, range=[0.0840, 0.1301]
2026-02-25 16:33:22,091 - lg_cotrain - INFO - Phase 1 done -> seeded Phase 2 trackers. lambda2: mean=0.1106, range=[0.0955, 0.1365]
2026-02-25 16:34:19,510 - lg_cotrain - INFO - Phase 2 epoch 1/16: loss1=0.1583, loss2=0.1543, dev_macro_f1=0.6184, dev_err=24.41%
2026-02-25 16:35:16,971 - lg_cotrain - INFO - Phase 2 epoch 2/16: loss1=0.0551, loss2=0.2721, dev_macro_f1=0.6213, dev_err=23.00%
2026-02-25 16:36:13,738 - lg_cotrain - INFO - Phase 2 epoch 3/16: loss1=0.0846, loss2=0.3335, dev_macro_f1=0.5958, dev_err=25.82%
2026-02-25 16:37:11,303 - lg_cotrain - INFO - Phase 2 epoch 4/16: loss1=0.3979, loss2=0.3428, dev_macro_f1=0.5776, dev_err=28.64%
2026-02-25 16:38:08,316 - lg_cotrain - INFO - Phase 2 epoch 5/16: loss1=0.6176, loss2=0.3254, dev_macro_f1=0.5197, dev_err=35.68%
2026-02-25 16:39:05,054 - lg_cotrain - INFO - Phase 2 epoch 6/16: loss1=0.6560, loss2=0.2154, dev_macro_f1=0.5538, dev_err=33.49%
2026-02-25 16:40:02,206 - lg_cotrain - INFO - Phase 2 epoch 7/16: loss1=0.7261, loss2=0.1175, dev_macro_f1=0.5621, dev_err=29.58%
2026-02-25 16:40:59,515 - lg_cotrain - INFO - Phase 2 epoch 8/16: loss1=0.7685, loss2=0.0754, dev_macro_f1=0.5804, dev_err=27.70%
2026-02-25 16:41:56,594 - lg_cotrain - INFO - Phase 2 epoch 9/16: loss1=0.8146, loss2=0.2246, dev_macro_f1=0.1984, dev_err=54.15%
2026-02-25 16:42:53,109 - lg_cotrain - INFO - Phase 2 epoch 10/16: loss1=0.7050, loss2=1.1720, dev_macro_f1=0.0385, dev_err=79.03%
2026-02-25 16:43:50,727 - lg_cotrain - INFO - Phase 2 epoch 11/16: loss1=0.5646, loss2=1.1331, dev_macro_f1=0.0611, dev_err=74.49%
2026-02-25 16:44:50,073 - lg_cotrain - INFO - Phase 2 epoch 12/16: loss1=0.4669, loss2=1.0502, dev_macro_f1=0.0645, dev_err=79.50%
2026-02-25 16:45:46,814 - lg_cotrain - INFO - Phase 2 epoch 13/16: loss1=0.3915, loss2=1.0518, dev_macro_f1=0.0425, dev_err=76.37%
2026-02-25 16:46:44,621 - lg_cotrain - INFO - Phase 2 epoch 14/16: loss1=0.3268, loss2=1.0272, dev_macro_f1=0.0425, dev_err=76.37%
2026-02-25 16:47:42,189 - lg_cotrain - INFO - Phase 2 epoch 15/16: loss1=0.2756, loss2=0.9969, dev_macro_f1=0.0425, dev_err=76.37%
2026-02-25 16:48:39,772 - lg_cotrain - INFO - Phase 2 epoch 16/16: loss1=0.2324, loss2=0.9703, dev_macro_f1=0.0425, dev_err=76.37%
2026-02-25 16:48:39,772 - lg_cotrain - INFO - === Phase 3: Fine-Tuning ===
2026-02-25 16:48:44,344 - lg_cotrain - INFO - Phase 3 epoch 1: dev_macro_f1=0.0205, dev_err=89.83%, es_counter1=0, es_counter2=0
2026-02-25 16:48:48,689 - lg_cotrain - INFO - Phase 3 epoch 2: dev_macro_f1=0.0205, dev_err=89.83%, es_counter1=1, es_counter2=1
2026-02-25 16:48:53,010 - lg_cotrain - INFO - Phase 3 epoch 3: dev_macro_f1=0.0109, dev_err=94.84%, es_counter1=2, es_counter2=2
2026-02-25 16:48:57,351 - lg_cotrain - INFO - Phase 3 epoch 4: dev_macro_f1=0.0205, dev_err=89.83%, es_counter1=3, es_counter2=3
2026-02-25 16:49:01,770 - lg_cotrain - INFO - Phase 3 epoch 5: dev_macro_f1=0.0109, dev_err=94.84%, es_counter1=4, es_counter2=4
2026-02-25 16:49:01,770 - lg_cotrain - INFO - Early stopping at epoch 5
2026-02-25 16:49:01,781 - lg_cotrain - INFO - === Final Evaluation ===
2026-02-25 16:49:07,764 - lg_cotrain - INFO - Results saved to C:\Users\anhtr\AppData\Local\Temp\tmpycf9x_hi\hurricane_florence_2018\50_set3\metrics.json
2026-02-25 16:49:07,764 - lg_cotrain - INFO - Test error rate: 89.85%, Test macro-F1: 0.0205, Test ECE: 0.0667
2026-02-25 16:49:07,775 - lg_cotrain - INFO - --- Trial 7/10 done: dev_macro_f1=0.0205 ---
2026-02-25 16:49:07,775 - lg_cotrain - INFO - --- Trial 8/10 ---
2026-02-25 16:49:08,284 - lg_cotrain - INFO - Starting LG-CoTrain: event=hurricane_florence_2018, budget=50, seed_set=3
2026-02-25 16:49:08,314 - lg_cotrain - INFO - Detected 9 classes for event hurricane_florence_2018: ['caution_and_advice', 'displaced_people_and_evacuations', 'infrastructure_and_utility_damage', 'injured_or_dead_people', 'not_humanitarian', 'other_relevant_information', 'requests_or_urgent_needs', 'rescue_volunteering_or_donation_effort', 'sympathy_and_support']
2026-02-25 16:49:08,321 - lg_cotrain - INFO - D_l1: 219, D_l2: 219, D_LG: 3946
2026-02-25 16:49:08,322 - lg_cotrain - INFO - === Phase 1: Weight Generation ===
2026-02-25 16:49:27,330 - lg_cotrain - INFO - Phase 1 epoch 1/7: mean_prob1=0.1221, mean_prob2=0.1473
2026-02-25 16:49:45,111 - lg_cotrain - INFO - Phase 1 epoch 2/7: mean_prob1=0.1849, mean_prob2=0.2032
2026-02-25 16:50:02,918 - lg_cotrain - INFO - Phase 1 epoch 3/7: mean_prob1=0.3339, mean_prob2=0.2949
2026-02-25 16:50:20,257 - lg_cotrain - INFO - Phase 1 epoch 4/7: mean_prob1=0.4467, mean_prob2=0.3746
2026-02-25 16:50:37,583 - lg_cotrain - INFO - Phase 1 epoch 5/7: mean_prob1=0.5144, mean_prob2=0.4241
2026-02-25 16:50:55,616 - lg_cotrain - INFO - Phase 1 epoch 6/7: mean_prob1=0.5317, mean_prob2=0.4804
2026-02-25 16:51:13,260 - lg_cotrain - INFO - Phase 1 epoch 7/7: mean_prob1=0.5570, mean_prob2=0.5161
2026-02-25 16:51:13,260 - lg_cotrain - INFO - === Phase 2: Co-Training ===
2026-02-25 16:51:14,271 - lg_cotrain - INFO - LR scheduler: total_steps_1=6258, warmup=137; total_steps_2=6258, warmup=137
2026-02-25 16:51:14,272 - lg_cotrain - INFO - Phase 1 done -> seeded Phase 2 trackers. lambda1: mean=0.5570, range=[0.0018, 0.9820]
2026-02-25 16:51:14,272 - lg_cotrain - INFO - Phase 1 done -> seeded Phase 2 trackers. lambda2: mean=0.5161, range=[0.0008, 0.9741]
2026-02-25 16:52:19,764 - lg_cotrain - INFO - Phase 2 epoch 1/7: loss1=0.3994, loss2=0.4285, dev_macro_f1=0.6283, dev_err=22.85%
2026-02-25 16:53:26,912 - lg_cotrain - INFO - Phase 2 epoch 2/7: loss1=0.0581, loss2=0.2625, dev_macro_f1=0.6353, dev_err=23.16%
2026-02-25 16:54:35,259 - lg_cotrain - INFO - Phase 2 epoch 3/7: loss1=0.0405, loss2=0.1337, dev_macro_f1=0.6417, dev_err=22.07%
2026-02-25 16:55:42,604 - lg_cotrain - INFO - Phase 2 epoch 4/7: loss1=0.0417, loss2=0.0700, dev_macro_f1=0.6400, dev_err=23.63%
2026-02-25 16:56:49,320 - lg_cotrain - INFO - Phase 2 epoch 5/7: loss1=0.0295, loss2=0.0469, dev_macro_f1=0.6477, dev_err=23.16%
2026-02-25 16:57:57,189 - lg_cotrain - INFO - Phase 2 epoch 6/7: loss1=0.0235, loss2=0.0386, dev_macro_f1=0.6401, dev_err=23.63%
2026-02-25 16:59:06,712 - lg_cotrain - INFO - Phase 2 epoch 7/7: loss1=0.0156, loss2=0.0272, dev_macro_f1=0.6605, dev_err=22.07%
2026-02-25 16:59:06,713 - lg_cotrain - INFO - === Phase 3: Fine-Tuning ===
2026-02-25 16:59:12,020 - lg_cotrain - INFO - Phase 3 epoch 1: dev_macro_f1=0.6399, dev_err=29.58%, es_counter1=0, es_counter2=0
2026-02-25 16:59:17,205 - lg_cotrain - INFO - Phase 3 epoch 2: dev_macro_f1=0.6739, dev_err=24.57%, es_counter1=0, es_counter2=0
2026-02-25 16:59:22,368 - lg_cotrain - INFO - Phase 3 epoch 3: dev_macro_f1=0.6615, dev_err=28.17%, es_counter1=1, es_counter2=1
2026-02-25 16:59:27,275 - lg_cotrain - INFO - Phase 3 epoch 4: dev_macro_f1=0.6545, dev_err=28.95%, es_counter1=2, es_counter2=2
2026-02-25 16:59:32,194 - lg_cotrain - INFO - Phase 3 epoch 5: dev_macro_f1=0.6632, dev_err=27.23%, es_counter1=3, es_counter2=3
2026-02-25 16:59:37,277 - lg_cotrain - INFO - Phase 3 epoch 6: dev_macro_f1=0.6663, dev_err=26.60%, es_counter1=4, es_counter2=4
2026-02-25 16:59:42,645 - lg_cotrain - INFO - Phase 3 epoch 7: dev_macro_f1=0.6720, dev_err=26.13%, es_counter1=5, es_counter2=5
2026-02-25 16:59:47,971 - lg_cotrain - INFO - Phase 3 epoch 8: dev_macro_f1=0.6679, dev_err=26.60%, es_counter1=6, es_counter2=6
2026-02-25 16:59:53,411 - lg_cotrain - INFO - Phase 3 epoch 9: dev_macro_f1=0.6686, dev_err=26.60%, es_counter1=7, es_counter2=7
2026-02-25 16:59:58,452 - lg_cotrain - INFO - Phase 3 epoch 10: dev_macro_f1=0.6711, dev_err=26.29%, es_counter1=8, es_counter2=8
2026-02-25 17:00:03,379 - lg_cotrain - INFO - Phase 3 epoch 11: dev_macro_f1=0.6686, dev_err=26.60%, es_counter1=9, es_counter2=9
2026-02-25 17:00:08,475 - lg_cotrain - INFO - Phase 3 epoch 12: dev_macro_f1=0.6686, dev_err=26.60%, es_counter1=10, es_counter2=10
2026-02-25 17:00:08,476 - lg_cotrain - INFO - Early stopping at epoch 12
2026-02-25 17:00:08,486 - lg_cotrain - INFO - === Final Evaluation ===
2026-02-25 17:00:15,007 - lg_cotrain - INFO - Results saved to C:\Users\anhtr\AppData\Local\Temp\tmp11kpuk2p\hurricane_florence_2018\50_set3\metrics.json
2026-02-25 17:00:15,007 - lg_cotrain - INFO - Test error rate: 24.66%, Test macro-F1: 0.6784, Test ECE: 0.0382
2026-02-25 17:00:15,018 - lg_cotrain - INFO - --- Trial 8/10 done: dev_macro_f1=0.6739 ---
2026-02-25 17:00:15,019 - lg_cotrain - INFO - --- Trial 9/10 ---
2026-02-25 17:00:15,515 - lg_cotrain - INFO - Starting LG-CoTrain: event=hurricane_florence_2018, budget=50, seed_set=3
2026-02-25 17:00:15,549 - lg_cotrain - INFO - Detected 9 classes for event hurricane_florence_2018: ['caution_and_advice', 'displaced_people_and_evacuations', 'infrastructure_and_utility_damage', 'injured_or_dead_people', 'not_humanitarian', 'other_relevant_information', 'requests_or_urgent_needs', 'rescue_volunteering_or_donation_effort', 'sympathy_and_support']
2026-02-25 17:00:15,556 - lg_cotrain - INFO - D_l1: 219, D_l2: 219, D_LG: 3946
2026-02-25 17:00:15,557 - lg_cotrain - INFO - === Phase 1: Weight Generation ===
2026-02-25 17:00:33,038 - lg_cotrain - INFO - Phase 1 epoch 1/7: mean_prob1=0.1115, mean_prob2=0.1264
2026-02-25 17:00:49,352 - lg_cotrain - INFO - Phase 1 epoch 2/7: mean_prob1=0.1221, mean_prob2=0.1308
2026-02-25 17:01:05,726 - lg_cotrain - INFO - Phase 1 epoch 3/7: mean_prob1=0.1403, mean_prob2=0.1418
2026-02-25 17:01:21,826 - lg_cotrain - INFO - Phase 1 epoch 4/7: mean_prob1=0.1547, mean_prob2=0.1590
2026-02-25 17:01:37,829 - lg_cotrain - INFO - Phase 1 epoch 5/7: mean_prob1=0.1747, mean_prob2=0.1715
2026-02-25 17:01:54,362 - lg_cotrain - INFO - Phase 1 epoch 6/7: mean_prob1=0.1995, mean_prob2=0.1928
2026-02-25 17:02:10,146 - lg_cotrain - INFO - Phase 1 epoch 7/7: mean_prob1=0.2419, mean_prob2=0.2202
2026-02-25 17:02:10,146 - lg_cotrain - INFO - === Phase 2: Co-Training ===
2026-02-25 17:02:11,276 - lg_cotrain - INFO - LR scheduler: total_steps_1=3623, warmup=663; total_steps_2=3623, warmup=663
2026-02-25 17:02:11,277 - lg_cotrain - INFO - Phase 1 done -> seeded Phase 2 trackers. lambda1: mean=0.2419, range=[0.0215, 0.5323]
2026-02-25 17:02:11,277 - lg_cotrain - INFO - Phase 1 done -> seeded Phase 2 trackers. lambda2: mean=0.2202, range=[0.0105, 0.4905]
2026-02-25 17:03:09,123 - lg_cotrain - INFO - Phase 2 epoch 1/9: loss1=0.4017, loss2=0.4624, dev_macro_f1=0.3516, dev_err=43.04%
2026-02-25 17:04:07,520 - lg_cotrain - INFO - Phase 2 epoch 2/9: loss1=0.1564, loss2=0.2488, dev_macro_f1=0.6268, dev_err=22.38%
2026-02-25 17:05:04,491 - lg_cotrain - INFO - Phase 2 epoch 3/9: loss1=0.0605, loss2=0.1568, dev_macro_f1=0.6238, dev_err=23.00%
2026-02-25 17:06:01,430 - lg_cotrain - INFO - Phase 2 epoch 4/9: loss1=0.0349, loss2=0.1048, dev_macro_f1=0.6342, dev_err=22.38%
2026-02-25 17:06:59,596 - lg_cotrain - INFO - Phase 2 epoch 5/9: loss1=0.0247, loss2=0.0699, dev_macro_f1=0.6309, dev_err=24.10%
2026-02-25 17:07:56,829 - lg_cotrain - INFO - Phase 2 epoch 6/9: loss1=0.0193, loss2=0.0489, dev_macro_f1=0.6448, dev_err=22.38%
2026-02-25 17:08:54,999 - lg_cotrain - INFO - Phase 2 epoch 7/9: loss1=0.0117, loss2=0.0271, dev_macro_f1=0.6530, dev_err=22.07%
2026-02-25 17:09:53,938 - lg_cotrain - INFO - Phase 2 epoch 8/9: loss1=0.0101, loss2=0.0197, dev_macro_f1=0.6346, dev_err=23.79%
2026-02-25 17:10:51,628 - lg_cotrain - INFO - Phase 2 epoch 9/9: loss1=0.0094, loss2=0.0208, dev_macro_f1=0.6415, dev_err=23.32%
2026-02-25 17:10:51,628 - lg_cotrain - INFO - === Phase 3: Fine-Tuning ===
2026-02-25 17:10:56,058 - lg_cotrain - INFO - Phase 3 epoch 1: dev_macro_f1=0.6441, dev_err=28.17%, es_counter1=0, es_counter2=0
2026-02-25 17:11:00,472 - lg_cotrain - INFO - Phase 3 epoch 2: dev_macro_f1=0.6640, dev_err=23.00%, es_counter1=0, es_counter2=0
2026-02-25 17:11:05,033 - lg_cotrain - INFO - Phase 3 epoch 3: dev_macro_f1=0.6789, dev_err=22.38%, es_counter1=0, es_counter2=0
2026-02-25 17:11:09,577 - lg_cotrain - INFO - Phase 3 epoch 4: dev_macro_f1=0.6896, dev_err=21.28%, es_counter1=0, es_counter2=0
2026-02-25 17:11:14,162 - lg_cotrain - INFO - Phase 3 epoch 5: dev_macro_f1=0.6930, dev_err=22.07%, es_counter1=0, es_counter2=0
2026-02-25 17:11:18,571 - lg_cotrain - INFO - Phase 3 epoch 6: dev_macro_f1=0.6912, dev_err=23.32%, es_counter1=1, es_counter2=1
2026-02-25 17:11:22,975 - lg_cotrain - INFO - Phase 3 epoch 7: dev_macro_f1=0.6807, dev_err=23.47%, es_counter1=2, es_counter2=2
2026-02-25 17:11:27,449 - lg_cotrain - INFO - Phase 3 epoch 8: dev_macro_f1=0.6960, dev_err=23.63%, es_counter1=0, es_counter2=0
2026-02-25 17:11:32,155 - lg_cotrain - INFO - Phase 3 epoch 9: dev_macro_f1=0.6960, dev_err=23.00%, es_counter1=1, es_counter2=1
2026-02-25 17:11:36,555 - lg_cotrain - INFO - Phase 3 epoch 10: dev_macro_f1=0.6861, dev_err=23.00%, es_counter1=2, es_counter2=2
2026-02-25 17:11:40,887 - lg_cotrain - INFO - Phase 3 epoch 11: dev_macro_f1=0.6829, dev_err=23.79%, es_counter1=3, es_counter2=3
2026-02-25 17:11:45,609 - lg_cotrain - INFO - Phase 3 epoch 12: dev_macro_f1=0.6843, dev_err=24.26%, es_counter1=4, es_counter2=4
2026-02-25 17:11:50,078 - lg_cotrain - INFO - Phase 3 epoch 13: dev_macro_f1=0.6927, dev_err=23.32%, es_counter1=5, es_counter2=5
2026-02-25 17:11:54,508 - lg_cotrain - INFO - Phase 3 epoch 14: dev_macro_f1=0.6880, dev_err=23.00%, es_counter1=6, es_counter2=6
2026-02-25 17:11:58,880 - lg_cotrain - INFO - Phase 3 epoch 15: dev_macro_f1=0.6952, dev_err=23.00%, es_counter1=7, es_counter2=7
2026-02-25 17:11:58,881 - lg_cotrain - INFO - Early stopping at epoch 15
2026-02-25 17:11:58,891 - lg_cotrain - INFO - === Final Evaluation ===
2026-02-25 17:12:05,187 - lg_cotrain - INFO - Results saved to C:\Users\anhtr\AppData\Local\Temp\tmpdo_w55nd\hurricane_florence_2018\50_set3\metrics.json
2026-02-25 17:12:05,187 - lg_cotrain - INFO - Test error rate: 25.22%, Test macro-F1: 0.6823, Test ECE: 0.0715
2026-02-25 17:12:05,198 - lg_cotrain - INFO - --- Trial 9/10 done: dev_macro_f1=0.6960 ---
2026-02-25 17:12:05,198 - lg_cotrain - INFO - --- Trial 10/10 ---
2026-02-25 17:12:05,716 - lg_cotrain - INFO - Starting LG-CoTrain: event=hurricane_florence_2018, budget=50, seed_set=3
2026-02-25 17:12:05,746 - lg_cotrain - INFO - Detected 9 classes for event hurricane_florence_2018: ['caution_and_advice', 'displaced_people_and_evacuations', 'infrastructure_and_utility_damage', 'injured_or_dead_people', 'not_humanitarian', 'other_relevant_information', 'requests_or_urgent_needs', 'rescue_volunteering_or_donation_effort', 'sympathy_and_support']
2026-02-25 17:12:05,752 - lg_cotrain - INFO - D_l1: 219, D_l2: 219, D_LG: 3946
2026-02-25 17:12:05,753 - lg_cotrain - INFO - === Phase 1: Weight Generation ===
2026-02-25 17:12:21,258 - lg_cotrain - INFO - Phase 1 epoch 1/7: mean_prob1=0.1267, mean_prob2=0.1156
2026-02-25 17:12:35,344 - lg_cotrain - INFO - Phase 1 epoch 2/7: mean_prob1=0.1144, mean_prob2=0.1129
2026-02-25 17:12:49,584 - lg_cotrain - INFO - Phase 1 epoch 3/7: mean_prob1=0.1472, mean_prob2=0.1135
2026-02-25 17:13:04,070 - lg_cotrain - INFO - Phase 1 epoch 4/7: mean_prob1=0.1090, mean_prob2=0.1170
2026-02-25 17:13:18,206 - lg_cotrain - INFO - Phase 1 epoch 5/7: mean_prob1=0.1711, mean_prob2=0.1191
2026-02-25 17:13:32,529 - lg_cotrain - INFO - Phase 1 epoch 6/7: mean_prob1=0.2481, mean_prob2=0.1424
2026-02-25 17:13:46,608 - lg_cotrain - INFO - Phase 1 epoch 7/7: mean_prob1=0.2613, mean_prob2=0.2089
2026-02-25 17:13:46,608 - lg_cotrain - INFO - === Phase 2: Co-Training ===
2026-02-25 17:13:47,641 - lg_cotrain - INFO - LR scheduler: total_steps_1=896, warmup=103; total_steps_2=896, warmup=103
2026-02-25 17:13:47,641 - lg_cotrain - INFO - Phase 1 done -> seeded Phase 2 trackers. lambda1: mean=0.2613, range=[0.0037, 0.9335]
2026-02-25 17:13:47,642 - lg_cotrain - INFO - Phase 1 done -> seeded Phase 2 trackers. lambda2: mean=0.2089, range=[0.0065, 0.8475]
2026-02-25 17:14:35,649 - lg_cotrain - INFO - Phase 2 epoch 1/8: loss1=0.2753, loss2=0.3448, dev_macro_f1=0.6172, dev_err=23.94%
2026-02-25 17:15:23,486 - lg_cotrain - INFO - Phase 2 epoch 2/8: loss1=0.0830, loss2=0.3967, dev_macro_f1=0.5804, dev_err=28.17%
2026-02-25 17:16:11,256 - lg_cotrain - INFO - Phase 2 epoch 3/8: loss1=0.0650, loss2=0.3234, dev_macro_f1=0.5885, dev_err=27.70%
2026-02-25 17:16:58,824 - lg_cotrain - INFO - Phase 2 epoch 4/8: loss1=0.0723, loss2=0.2458, dev_macro_f1=0.5963, dev_err=27.54%
2026-02-25 17:17:45,943 - lg_cotrain - INFO - Phase 2 epoch 5/8: loss1=0.0694, loss2=0.1614, dev_macro_f1=0.6104, dev_err=24.57%
2026-02-25 17:18:32,372 - lg_cotrain - INFO - Phase 2 epoch 6/8: loss1=0.0548, loss2=0.0803, dev_macro_f1=0.6155, dev_err=24.88%
2026-02-25 17:19:19,545 - lg_cotrain - INFO - Phase 2 epoch 7/8: loss1=0.0293, loss2=0.0644, dev_macro_f1=0.6129, dev_err=25.51%
2026-02-25 17:20:07,033 - lg_cotrain - INFO - Phase 2 epoch 8/8: loss1=0.0223, loss2=0.0381, dev_macro_f1=0.6286, dev_err=23.79%
2026-02-25 17:20:07,034 - lg_cotrain - INFO - === Phase 3: Fine-Tuning ===
2026-02-25 17:20:10,772 - lg_cotrain - INFO - Phase 3 epoch 1: dev_macro_f1=0.6253, dev_err=29.11%, es_counter1=0, es_counter2=0
2026-02-25 17:20:14,506 - lg_cotrain - INFO - Phase 3 epoch 2: dev_macro_f1=0.6299, dev_err=29.73%, es_counter1=0, es_counter2=0
2026-02-25 17:20:18,200 - lg_cotrain - INFO - Phase 3 epoch 3: dev_macro_f1=0.6043, dev_err=36.78%, es_counter1=1, es_counter2=1
2026-02-25 17:20:21,915 - lg_cotrain - INFO - Phase 3 epoch 4: dev_macro_f1=0.6371, dev_err=27.86%, es_counter1=0, es_counter2=0
2026-02-25 17:20:25,587 - lg_cotrain - INFO - Phase 3 epoch 5: dev_macro_f1=0.6357, dev_err=29.11%, es_counter1=1, es_counter2=1
2026-02-25 17:20:29,571 - lg_cotrain - INFO - Phase 3 epoch 6: dev_macro_f1=0.6414, dev_err=35.05%, es_counter1=0, es_counter2=0
2026-02-25 17:20:33,405 - lg_cotrain - INFO - Phase 3 epoch 7: dev_macro_f1=0.6273, dev_err=37.25%, es_counter1=1, es_counter2=1
2026-02-25 17:20:37,459 - lg_cotrain - INFO - Phase 3 epoch 8: dev_macro_f1=0.6406, dev_err=33.18%, es_counter1=2, es_counter2=2
2026-02-25 17:20:41,184 - lg_cotrain - INFO - Phase 3 epoch 9: dev_macro_f1=0.6209, dev_err=37.09%, es_counter1=3, es_counter2=3
2026-02-25 17:20:44,819 - lg_cotrain - INFO - Phase 3 epoch 10: dev_macro_f1=0.6413, dev_err=28.17%, es_counter1=4, es_counter2=4
2026-02-25 17:20:48,574 - lg_cotrain - INFO - Phase 3 epoch 11: dev_macro_f1=0.6163, dev_err=39.12%, es_counter1=5, es_counter2=5
2026-02-25 17:20:52,294 - lg_cotrain - INFO - Phase 3 epoch 12: dev_macro_f1=0.6537, dev_err=30.05%, es_counter1=0, es_counter2=0
2026-02-25 17:20:56,017 - lg_cotrain - INFO - Phase 3 epoch 13: dev_macro_f1=0.6568, dev_err=29.58%, es_counter1=0, es_counter2=0
2026-02-25 17:20:59,663 - lg_cotrain - INFO - Phase 3 epoch 14: dev_macro_f1=0.6288, dev_err=36.15%, es_counter1=1, es_counter2=1
2026-02-25 17:21:03,330 - lg_cotrain - INFO - Phase 3 epoch 15: dev_macro_f1=0.6012, dev_err=41.16%, es_counter1=2, es_counter2=2
2026-02-25 17:21:06,981 - lg_cotrain - INFO - Phase 3 epoch 16: dev_macro_f1=0.6057, dev_err=37.87%, es_counter1=3, es_counter2=3
2026-02-25 17:21:10,608 - lg_cotrain - INFO - Phase 3 epoch 17: dev_macro_f1=0.6243, dev_err=35.21%, es_counter1=4, es_counter2=4
2026-02-25 17:21:14,379 - lg_cotrain - INFO - Phase 3 epoch 18: dev_macro_f1=0.6225, dev_err=36.62%, es_counter1=5, es_counter2=5
2026-02-25 17:21:18,053 - lg_cotrain - INFO - Phase 3 epoch 19: dev_macro_f1=0.6352, dev_err=35.37%, es_counter1=6, es_counter2=6
2026-02-25 17:21:21,671 - lg_cotrain - INFO - Phase 3 epoch 20: dev_macro_f1=0.6181, dev_err=38.50%, es_counter1=7, es_counter2=7
2026-02-25 17:21:25,338 - lg_cotrain - INFO - Phase 3 epoch 21: dev_macro_f1=0.6095, dev_err=40.06%, es_counter1=8, es_counter2=8
2026-02-25 17:21:28,916 - lg_cotrain - INFO - Phase 3 epoch 22: dev_macro_f1=0.6281, dev_err=34.43%, es_counter1=9, es_counter2=9
2026-02-25 17:21:32,510 - lg_cotrain - INFO - Phase 3 epoch 23: dev_macro_f1=0.6249, dev_err=33.02%, es_counter1=10, es_counter2=10
2026-02-25 17:21:32,511 - lg_cotrain - INFO - Early stopping at epoch 23
2026-02-25 17:21:32,522 - lg_cotrain - INFO - === Final Evaluation ===
2026-02-25 17:21:37,860 - lg_cotrain - INFO - Results saved to C:\Users\anhtr\AppData\Local\Temp\tmp92tupicp\hurricane_florence_2018\50_set3\metrics.json
2026-02-25 17:21:37,860 - lg_cotrain - INFO - Test error rate: 28.53%, Test macro-F1: 0.6598, Test ECE: 0.1120
2026-02-25 17:21:37,873 - lg_cotrain - INFO - --- Trial 10/10 done: dev_macro_f1=0.6568 ---
