2026-02-23 19:52:31,493 - lg_cotrain - INFO - === Optuna study: cyclone_idai_2019 budget=5 seed=2 | target=10 trials, 0 replayed, 10 new ===
2026-02-23 19:52:31,493 - lg_cotrain - INFO - --- Trial 1/10 ---
2026-02-23 19:52:32,076 - lg_cotrain - INFO - Starting LG-CoTrain: event=cyclone_idai_2019, budget=5, seed_set=2
2026-02-23 19:52:32,121 - lg_cotrain - INFO - Detected 10 classes for event cyclone_idai_2019: ['caution_and_advice', 'displaced_people_and_evacuations', 'infrastructure_and_utility_damage', 'injured_or_dead_people', 'missing_or_found_people', 'not_humanitarian', 'other_relevant_information', 'requests_or_urgent_needs', 'rescue_volunteering_or_donation_effort', 'sympathy_and_support']
2026-02-23 19:52:32,121 - lg_cotrain - INFO - D_l1: 30, D_l2: 20, D_LG: 2703
2026-02-23 19:52:32,121 - lg_cotrain - INFO - === Phase 1: Weight Generation ===
2026-02-23 19:52:43,473 - lg_cotrain - INFO - Phase 1 epoch 1/7: mean_prob1=0.1066, mean_prob2=0.1226
2026-02-23 19:52:53,712 - lg_cotrain - INFO - Phase 1 epoch 2/7: mean_prob1=0.1081, mean_prob2=0.1103
2026-02-23 19:53:03,935 - lg_cotrain - INFO - Phase 1 epoch 3/7: mean_prob1=0.1082, mean_prob2=0.1050
2026-02-23 19:53:14,170 - lg_cotrain - INFO - Phase 1 epoch 4/7: mean_prob1=0.1048, mean_prob2=0.1003
2026-02-23 19:53:24,458 - lg_cotrain - INFO - Phase 1 epoch 5/7: mean_prob1=0.1015, mean_prob2=0.1048
2026-02-23 19:53:34,705 - lg_cotrain - INFO - Phase 1 epoch 6/7: mean_prob1=0.0989, mean_prob2=0.1120
2026-02-23 19:53:44,948 - lg_cotrain - INFO - Phase 1 epoch 7/7: mean_prob1=0.1054, mean_prob2=0.1132
2026-02-23 19:53:44,948 - lg_cotrain - INFO - === Phase 2: Co-Training ===
2026-02-23 19:53:45,962 - lg_cotrain - INFO - LR scheduler: total_steps_1=7160, warmup=2087; total_steps_2=7060, warmup=2058
2026-02-23 19:53:45,963 - lg_cotrain - INFO - Phase 1 done -> seeded Phase 2 trackers. lambda1: mean=0.1054, range=[0.0310, 0.2359]
2026-02-23 19:53:45,963 - lg_cotrain - INFO - Phase 1 done -> seeded Phase 2 trackers. lambda2: mean=0.1132, range=[0.0250, 0.2669]
2026-02-23 19:54:30,302 - lg_cotrain - INFO - Phase 2 epoch 1/20: loss1=0.2239, loss2=0.2078, dev_macro_f1=0.0645, dev_err=52.37%
2026-02-23 19:55:14,663 - lg_cotrain - INFO - Phase 2 epoch 2/20: loss1=0.1023, loss2=0.2137, dev_macro_f1=0.2788, dev_err=30.92%
2026-02-23 19:55:59,129 - lg_cotrain - INFO - Phase 2 epoch 3/20: loss1=0.0544, loss2=0.2055, dev_macro_f1=0.3103, dev_err=29.68%
2026-02-23 19:56:43,762 - lg_cotrain - INFO - Phase 2 epoch 4/20: loss1=0.0275, loss2=0.1438, dev_macro_f1=0.3282, dev_err=29.18%
2026-02-23 19:57:28,272 - lg_cotrain - INFO - Phase 2 epoch 5/20: loss1=0.0174, loss2=0.1041, dev_macro_f1=0.3463, dev_err=27.18%
2026-02-23 19:58:12,695 - lg_cotrain - INFO - Phase 2 epoch 6/20: loss1=0.0186, loss2=0.1029, dev_macro_f1=0.3456, dev_err=29.43%
2026-02-23 19:58:57,192 - lg_cotrain - INFO - Phase 2 epoch 7/20: loss1=0.0204, loss2=0.0896, dev_macro_f1=0.3659, dev_err=26.93%
2026-02-23 19:59:41,572 - lg_cotrain - INFO - Phase 2 epoch 8/20: loss1=0.0085, loss2=0.0503, dev_macro_f1=0.3929, dev_err=26.18%
2026-02-23 20:00:26,090 - lg_cotrain - INFO - Phase 2 epoch 9/20: loss1=0.0145, loss2=0.0576, dev_macro_f1=0.3864, dev_err=27.43%
2026-02-23 20:01:10,540 - lg_cotrain - INFO - Phase 2 epoch 10/20: loss1=0.0185, loss2=0.0359, dev_macro_f1=0.4500, dev_err=26.93%
2026-02-23 20:01:54,885 - lg_cotrain - INFO - Phase 2 epoch 11/20: loss1=0.0106, loss2=0.0168, dev_macro_f1=0.4523, dev_err=26.68%
2026-02-23 20:02:39,353 - lg_cotrain - INFO - Phase 2 epoch 12/20: loss1=0.0132, loss2=0.0179, dev_macro_f1=0.4233, dev_err=26.68%
2026-02-23 20:03:23,832 - lg_cotrain - INFO - Phase 2 epoch 13/20: loss1=0.0067, loss2=0.0094, dev_macro_f1=0.4700, dev_err=25.69%
2026-02-23 20:04:08,312 - lg_cotrain - INFO - Phase 2 epoch 14/20: loss1=0.0048, loss2=0.0082, dev_macro_f1=0.4737, dev_err=26.43%
2026-02-23 20:04:52,877 - lg_cotrain - INFO - Phase 2 epoch 15/20: loss1=0.0051, loss2=0.0100, dev_macro_f1=0.5120, dev_err=25.19%
2026-02-23 20:05:37,526 - lg_cotrain - INFO - Phase 2 epoch 16/20: loss1=0.0048, loss2=0.0056, dev_macro_f1=0.4855, dev_err=25.69%
2026-02-23 20:06:21,937 - lg_cotrain - INFO - Phase 2 epoch 17/20: loss1=0.0064, loss2=0.0045, dev_macro_f1=0.5029, dev_err=26.43%
2026-02-23 20:07:06,657 - lg_cotrain - INFO - Phase 2 epoch 18/20: loss1=0.0050, loss2=0.0069, dev_macro_f1=0.5163, dev_err=25.69%
2026-02-23 20:07:51,472 - lg_cotrain - INFO - Phase 2 epoch 19/20: loss1=0.0057, loss2=0.0045, dev_macro_f1=0.4798, dev_err=26.93%
2026-02-23 20:08:35,970 - lg_cotrain - INFO - Phase 2 epoch 20/20: loss1=0.0060, loss2=0.0038, dev_macro_f1=0.5031, dev_err=26.93%
2026-02-23 20:08:35,970 - lg_cotrain - INFO - === Phase 3: Fine-Tuning ===
2026-02-23 20:08:37,715 - lg_cotrain - INFO - Phase 3 epoch 1: dev_macro_f1=0.5001, dev_err=27.43%, es_counter1=0, es_counter2=0
2026-02-23 20:08:39,482 - lg_cotrain - INFO - Phase 3 epoch 2: dev_macro_f1=0.5085, dev_err=27.18%, es_counter1=0, es_counter2=0
2026-02-23 20:08:41,236 - lg_cotrain - INFO - Phase 3 epoch 3: dev_macro_f1=0.5136, dev_err=26.93%, es_counter1=0, es_counter2=0
2026-02-23 20:08:42,950 - lg_cotrain - INFO - Phase 3 epoch 4: dev_macro_f1=0.5103, dev_err=26.68%, es_counter1=1, es_counter2=1
2026-02-23 20:08:44,716 - lg_cotrain - INFO - Phase 3 epoch 5: dev_macro_f1=0.5146, dev_err=26.43%, es_counter1=0, es_counter2=0
2026-02-23 20:08:46,497 - lg_cotrain - INFO - Phase 3 epoch 6: dev_macro_f1=0.5176, dev_err=26.43%, es_counter1=0, es_counter2=0
2026-02-23 20:08:48,280 - lg_cotrain - INFO - Phase 3 epoch 7: dev_macro_f1=0.5236, dev_err=26.43%, es_counter1=0, es_counter2=0
2026-02-23 20:08:50,031 - lg_cotrain - INFO - Phase 3 epoch 8: dev_macro_f1=0.5236, dev_err=26.18%, es_counter1=1, es_counter2=1
2026-02-23 20:08:51,779 - lg_cotrain - INFO - Phase 3 epoch 9: dev_macro_f1=0.5136, dev_err=26.43%, es_counter1=2, es_counter2=2
2026-02-23 20:08:53,512 - lg_cotrain - INFO - Phase 3 epoch 10: dev_macro_f1=0.5089, dev_err=27.18%, es_counter1=3, es_counter2=3
2026-02-23 20:08:55,252 - lg_cotrain - INFO - Phase 3 epoch 11: dev_macro_f1=0.5084, dev_err=27.43%, es_counter1=4, es_counter2=4
2026-02-23 20:08:56,981 - lg_cotrain - INFO - Phase 3 epoch 12: dev_macro_f1=0.4985, dev_err=28.18%, es_counter1=5, es_counter2=5
2026-02-23 20:08:58,698 - lg_cotrain - INFO - Phase 3 epoch 13: dev_macro_f1=0.4988, dev_err=28.43%, es_counter1=6, es_counter2=6
2026-02-23 20:09:00,416 - lg_cotrain - INFO - Phase 3 epoch 14: dev_macro_f1=0.4962, dev_err=28.43%, es_counter1=7, es_counter2=7
2026-02-23 20:09:02,123 - lg_cotrain - INFO - Phase 3 epoch 15: dev_macro_f1=0.4975, dev_err=28.18%, es_counter1=8, es_counter2=8
2026-02-23 20:09:03,845 - lg_cotrain - INFO - Phase 3 epoch 16: dev_macro_f1=0.4978, dev_err=28.43%, es_counter1=9, es_counter2=9
2026-02-23 20:09:05,572 - lg_cotrain - INFO - Phase 3 epoch 17: dev_macro_f1=0.4970, dev_err=28.68%, es_counter1=10, es_counter2=10
2026-02-23 20:09:05,573 - lg_cotrain - INFO - Early stopping at epoch 17
2026-02-23 20:09:05,581 - lg_cotrain - INFO - === Final Evaluation ===
2026-02-23 20:09:09,674 - lg_cotrain - INFO - Results saved to C:\Users\anhtr\AppData\Local\Temp\tmpluunpk_s\cyclone_idai_2019\5_set2\metrics.json
2026-02-23 20:09:09,674 - lg_cotrain - INFO - Test error rate: 21.69%, Test macro-F1: 0.5683, Test ECE: 0.1211
2026-02-23 20:09:09,686 - lg_cotrain - INFO - --- Trial 1/10 done: dev_macro_f1=0.5236 ---
2026-02-23 20:09:09,686 - lg_cotrain - INFO - --- Trial 2/10 ---
2026-02-23 20:09:10,270 - lg_cotrain - INFO - Starting LG-CoTrain: event=cyclone_idai_2019, budget=5, seed_set=2
2026-02-23 20:09:10,293 - lg_cotrain - INFO - Detected 10 classes for event cyclone_idai_2019: ['caution_and_advice', 'displaced_people_and_evacuations', 'infrastructure_and_utility_damage', 'injured_or_dead_people', 'missing_or_found_people', 'not_humanitarian', 'other_relevant_information', 'requests_or_urgent_needs', 'rescue_volunteering_or_donation_effort', 'sympathy_and_support']
2026-02-23 20:09:10,301 - lg_cotrain - INFO - D_l1: 30, D_l2: 20, D_LG: 2703
2026-02-23 20:09:10,302 - lg_cotrain - INFO - === Phase 1: Weight Generation ===
2026-02-23 20:09:20,841 - lg_cotrain - INFO - Phase 1 epoch 1/7: mean_prob1=0.1078, mean_prob2=0.1093
2026-02-23 20:09:30,420 - lg_cotrain - INFO - Phase 1 epoch 2/7: mean_prob1=0.1111, mean_prob2=0.1008
2026-02-23 20:09:40,096 - lg_cotrain - INFO - Phase 1 epoch 3/7: mean_prob1=0.1113, mean_prob2=0.1170
2026-02-23 20:09:49,792 - lg_cotrain - INFO - Phase 1 epoch 4/7: mean_prob1=0.1042, mean_prob2=0.0884
2026-02-23 20:09:59,359 - lg_cotrain - INFO - Phase 1 epoch 5/7: mean_prob1=0.1093, mean_prob2=0.1028
2026-02-23 20:10:08,886 - lg_cotrain - INFO - Phase 1 epoch 6/7: mean_prob1=0.1247, mean_prob2=0.1098
2026-02-23 20:10:18,483 - lg_cotrain - INFO - Phase 1 epoch 7/7: mean_prob1=0.1295, mean_prob2=0.1054
2026-02-23 20:10:18,483 - lg_cotrain - INFO - === Phase 2: Co-Training ===
2026-02-23 20:10:19,467 - lg_cotrain - INFO - LR scheduler: total_steps_1=1214, warmup=258; total_steps_2=1214, warmup=258
2026-02-23 20:10:19,469 - lg_cotrain - INFO - Phase 1 done -> seeded Phase 2 trackers. lambda1: mean=0.1295, range=[0.0216, 0.3159]
2026-02-23 20:10:19,469 - lg_cotrain - INFO - Phase 1 done -> seeded Phase 2 trackers. lambda2: mean=0.1054, range=[0.0179, 0.3423]
2026-02-23 20:10:57,623 - lg_cotrain - INFO - Phase 2 epoch 1/6: loss1=0.1543, loss2=0.1706, dev_macro_f1=0.3041, dev_err=29.68%
2026-02-23 20:11:35,704 - lg_cotrain - INFO - Phase 2 epoch 2/6: loss1=0.0398, loss2=0.2388, dev_macro_f1=0.3644, dev_err=27.18%
2026-02-23 20:12:13,779 - lg_cotrain - INFO - Phase 2 epoch 3/6: loss1=0.0302, loss2=0.2069, dev_macro_f1=0.4230, dev_err=26.43%
2026-02-23 20:12:51,732 - lg_cotrain - INFO - Phase 2 epoch 4/6: loss1=0.0225, loss2=0.1254, dev_macro_f1=0.4324, dev_err=27.18%
2026-02-23 20:13:29,755 - lg_cotrain - INFO - Phase 2 epoch 5/6: loss1=0.0135, loss2=0.0749, dev_macro_f1=0.4691, dev_err=26.18%
2026-02-23 20:14:07,762 - lg_cotrain - INFO - Phase 2 epoch 6/6: loss1=0.0078, loss2=0.0423, dev_macro_f1=0.4767, dev_err=25.44%
2026-02-23 20:14:07,762 - lg_cotrain - INFO - === Phase 3: Fine-Tuning ===
2026-02-23 20:14:09,375 - lg_cotrain - INFO - Phase 3 epoch 1: dev_macro_f1=0.4843, dev_err=25.19%, es_counter1=0, es_counter2=0
2026-02-23 20:14:10,981 - lg_cotrain - INFO - Phase 3 epoch 2: dev_macro_f1=0.4882, dev_err=26.43%, es_counter1=0, es_counter2=0
2026-02-23 20:14:12,559 - lg_cotrain - INFO - Phase 3 epoch 3: dev_macro_f1=0.4664, dev_err=27.68%, es_counter1=1, es_counter2=1
2026-02-23 20:14:14,159 - lg_cotrain - INFO - Phase 3 epoch 4: dev_macro_f1=0.4920, dev_err=26.93%, es_counter1=0, es_counter2=0
2026-02-23 20:14:15,751 - lg_cotrain - INFO - Phase 3 epoch 5: dev_macro_f1=0.5078, dev_err=26.43%, es_counter1=0, es_counter2=0
2026-02-23 20:14:17,325 - lg_cotrain - INFO - Phase 3 epoch 6: dev_macro_f1=0.5003, dev_err=27.68%, es_counter1=1, es_counter2=1
2026-02-23 20:14:18,901 - lg_cotrain - INFO - Phase 3 epoch 7: dev_macro_f1=0.5003, dev_err=27.18%, es_counter1=2, es_counter2=2
2026-02-23 20:14:20,485 - lg_cotrain - INFO - Phase 3 epoch 8: dev_macro_f1=0.5003, dev_err=27.93%, es_counter1=3, es_counter2=3
2026-02-23 20:14:22,075 - lg_cotrain - INFO - Phase 3 epoch 9: dev_macro_f1=0.4935, dev_err=28.18%, es_counter1=4, es_counter2=4
2026-02-23 20:14:23,653 - lg_cotrain - INFO - Phase 3 epoch 10: dev_macro_f1=0.5043, dev_err=27.68%, es_counter1=5, es_counter2=5
2026-02-23 20:14:25,210 - lg_cotrain - INFO - Phase 3 epoch 11: dev_macro_f1=0.4991, dev_err=27.68%, es_counter1=6, es_counter2=6
2026-02-23 20:14:26,779 - lg_cotrain - INFO - Phase 3 epoch 12: dev_macro_f1=0.5008, dev_err=27.43%, es_counter1=7, es_counter2=7
2026-02-23 20:14:28,371 - lg_cotrain - INFO - Phase 3 epoch 13: dev_macro_f1=0.5053, dev_err=27.43%, es_counter1=8, es_counter2=8
2026-02-23 20:14:29,937 - lg_cotrain - INFO - Phase 3 epoch 14: dev_macro_f1=0.5055, dev_err=27.18%, es_counter1=9, es_counter2=9
2026-02-23 20:14:31,546 - lg_cotrain - INFO - Phase 3 epoch 15: dev_macro_f1=0.5662, dev_err=26.68%, es_counter1=0, es_counter2=0
2026-02-23 20:14:33,117 - lg_cotrain - INFO - Phase 3 epoch 16: dev_macro_f1=0.5614, dev_err=26.93%, es_counter1=1, es_counter2=1
2026-02-23 20:14:34,707 - lg_cotrain - INFO - Phase 3 epoch 17: dev_macro_f1=0.5571, dev_err=26.68%, es_counter1=2, es_counter2=2
2026-02-23 20:14:36,305 - lg_cotrain - INFO - Phase 3 epoch 18: dev_macro_f1=0.5461, dev_err=26.93%, es_counter1=3, es_counter2=3
2026-02-23 20:14:37,889 - lg_cotrain - INFO - Phase 3 epoch 19: dev_macro_f1=0.5411, dev_err=27.43%, es_counter1=4, es_counter2=4
2026-02-23 20:14:39,478 - lg_cotrain - INFO - Phase 3 epoch 20: dev_macro_f1=0.5390, dev_err=27.68%, es_counter1=5, es_counter2=5
2026-02-23 20:14:41,068 - lg_cotrain - INFO - Phase 3 epoch 21: dev_macro_f1=0.5390, dev_err=27.68%, es_counter1=6, es_counter2=6
2026-02-23 20:14:42,638 - lg_cotrain - INFO - Phase 3 epoch 22: dev_macro_f1=0.5383, dev_err=27.68%, es_counter1=7, es_counter2=7
2026-02-23 20:14:44,233 - lg_cotrain - INFO - Phase 3 epoch 23: dev_macro_f1=0.5378, dev_err=27.93%, es_counter1=8, es_counter2=8
2026-02-23 20:14:45,819 - lg_cotrain - INFO - Phase 3 epoch 24: dev_macro_f1=0.5471, dev_err=27.68%, es_counter1=9, es_counter2=9
2026-02-23 20:14:47,391 - lg_cotrain - INFO - Phase 3 epoch 25: dev_macro_f1=0.5516, dev_err=27.18%, es_counter1=10, es_counter2=10
2026-02-23 20:14:47,391 - lg_cotrain - INFO - Early stopping at epoch 25
2026-02-23 20:14:47,406 - lg_cotrain - INFO - === Final Evaluation ===
2026-02-23 20:14:51,251 - lg_cotrain - INFO - Results saved to C:\Users\anhtr\AppData\Local\Temp\tmp9omkgtvf\cyclone_idai_2019\5_set2\metrics.json
2026-02-23 20:14:51,251 - lg_cotrain - INFO - Test error rate: 23.88%, Test macro-F1: 0.6053, Test ECE: 0.0805
2026-02-23 20:14:51,262 - lg_cotrain - INFO - --- Trial 2/10 done: dev_macro_f1=0.5662 ---
2026-02-23 20:14:51,262 - lg_cotrain - INFO - --- Trial 3/10 ---
2026-02-23 20:14:51,857 - lg_cotrain - INFO - Starting LG-CoTrain: event=cyclone_idai_2019, budget=5, seed_set=2
2026-02-23 20:14:51,886 - lg_cotrain - INFO - Detected 10 classes for event cyclone_idai_2019: ['caution_and_advice', 'displaced_people_and_evacuations', 'infrastructure_and_utility_damage', 'injured_or_dead_people', 'missing_or_found_people', 'not_humanitarian', 'other_relevant_information', 'requests_or_urgent_needs', 'rescue_volunteering_or_donation_effort', 'sympathy_and_support']
2026-02-23 20:14:51,893 - lg_cotrain - INFO - D_l1: 30, D_l2: 20, D_LG: 2703
2026-02-23 20:14:51,894 - lg_cotrain - INFO - === Phase 1: Weight Generation ===
2026-02-23 20:15:01,417 - lg_cotrain - INFO - Phase 1 epoch 1/7: mean_prob1=0.1080, mean_prob2=0.1255
2026-02-23 20:15:09,751 - lg_cotrain - INFO - Phase 1 epoch 2/7: mean_prob1=0.1075, mean_prob2=0.1230
2026-02-23 20:15:18,187 - lg_cotrain - INFO - Phase 1 epoch 3/7: mean_prob1=0.1069, mean_prob2=0.1206
2026-02-23 20:15:26,606 - lg_cotrain - INFO - Phase 1 epoch 4/7: mean_prob1=0.1061, mean_prob2=0.1181
2026-02-23 20:15:35,028 - lg_cotrain - INFO - Phase 1 epoch 5/7: mean_prob1=0.1049, mean_prob2=0.1174
2026-02-23 20:15:43,448 - lg_cotrain - INFO - Phase 1 epoch 6/7: mean_prob1=0.1039, mean_prob2=0.1181
2026-02-23 20:15:51,799 - lg_cotrain - INFO - Phase 1 epoch 7/7: mean_prob1=0.1028, mean_prob2=0.1191
2026-02-23 20:15:51,799 - lg_cotrain - INFO - === Phase 2: Co-Training ===
2026-02-23 20:15:52,770 - lg_cotrain - INFO - LR scheduler: total_steps_1=401, warmup=112; total_steps_2=401, warmup=112
2026-02-23 20:15:52,770 - lg_cotrain - INFO - Phase 1 done -> seeded Phase 2 trackers. lambda1: mean=0.1028, range=[0.0591, 0.1809]
2026-02-23 20:15:52,771 - lg_cotrain - INFO - Phase 1 done -> seeded Phase 2 trackers. lambda2: mean=0.1191, range=[0.0388, 0.1916]
2026-02-23 20:16:24,120 - lg_cotrain - INFO - Phase 2 epoch 1/7: loss1=0.2681, loss2=0.2226, dev_macro_f1=0.0700, dev_err=52.12%
2026-02-23 20:16:55,396 - lg_cotrain - INFO - Phase 2 epoch 2/7: loss1=0.1791, loss2=0.2220, dev_macro_f1=0.0645, dev_err=52.37%
2026-02-23 20:17:26,726 - lg_cotrain - INFO - Phase 2 epoch 3/7: loss1=0.1066, loss2=0.2124, dev_macro_f1=0.2151, dev_err=39.65%
2026-02-23 20:17:58,013 - lg_cotrain - INFO - Phase 2 epoch 4/7: loss1=0.0757, loss2=0.2071, dev_macro_f1=0.2788, dev_err=31.67%
2026-02-23 20:18:29,368 - lg_cotrain - INFO - Phase 2 epoch 5/7: loss1=0.0542, loss2=0.1886, dev_macro_f1=0.3065, dev_err=29.18%
2026-02-23 20:19:00,747 - lg_cotrain - INFO - Phase 2 epoch 6/7: loss1=0.0418, loss2=0.1687, dev_macro_f1=0.3256, dev_err=27.93%
2026-02-23 20:19:32,103 - lg_cotrain - INFO - Phase 2 epoch 7/7: loss1=0.0361, loss2=0.1521, dev_macro_f1=0.3239, dev_err=28.43%
2026-02-23 20:19:32,104 - lg_cotrain - INFO - === Phase 3: Fine-Tuning ===
2026-02-23 20:19:33,490 - lg_cotrain - INFO - Phase 3 epoch 1: dev_macro_f1=0.3246, dev_err=28.68%, es_counter1=0, es_counter2=0
2026-02-23 20:19:34,998 - lg_cotrain - INFO - Phase 3 epoch 2: dev_macro_f1=0.3277, dev_err=28.18%, es_counter1=0, es_counter2=0
2026-02-23 20:19:36,389 - lg_cotrain - INFO - Phase 3 epoch 3: dev_macro_f1=0.3317, dev_err=27.93%, es_counter1=0, es_counter2=0
2026-02-23 20:19:37,770 - lg_cotrain - INFO - Phase 3 epoch 4: dev_macro_f1=0.3383, dev_err=27.68%, es_counter1=0, es_counter2=0
2026-02-23 20:19:39,111 - lg_cotrain - INFO - Phase 3 epoch 5: dev_macro_f1=0.3353, dev_err=28.18%, es_counter1=1, es_counter2=1
2026-02-23 20:19:40,489 - lg_cotrain - INFO - Phase 3 epoch 6: dev_macro_f1=0.3390, dev_err=28.43%, es_counter1=0, es_counter2=0
2026-02-23 20:19:41,833 - lg_cotrain - INFO - Phase 3 epoch 7: dev_macro_f1=0.3348, dev_err=29.18%, es_counter1=1, es_counter2=1
2026-02-23 20:19:43,192 - lg_cotrain - INFO - Phase 3 epoch 8: dev_macro_f1=0.3356, dev_err=29.68%, es_counter1=2, es_counter2=2
2026-02-23 20:19:44,559 - lg_cotrain - INFO - Phase 3 epoch 9: dev_macro_f1=0.3406, dev_err=29.68%, es_counter1=0, es_counter2=0
2026-02-23 20:19:45,913 - lg_cotrain - INFO - Phase 3 epoch 10: dev_macro_f1=0.3323, dev_err=31.67%, es_counter1=1, es_counter2=1
2026-02-23 20:19:47,273 - lg_cotrain - INFO - Phase 3 epoch 11: dev_macro_f1=0.3293, dev_err=32.17%, es_counter1=2, es_counter2=2
2026-02-23 20:19:48,630 - lg_cotrain - INFO - Phase 3 epoch 12: dev_macro_f1=0.3349, dev_err=31.42%, es_counter1=3, es_counter2=3
2026-02-23 20:19:49,979 - lg_cotrain - INFO - Phase 3 epoch 13: dev_macro_f1=0.3378, dev_err=30.92%, es_counter1=4, es_counter2=4
2026-02-23 20:19:51,332 - lg_cotrain - INFO - Phase 3 epoch 14: dev_macro_f1=0.3369, dev_err=30.92%, es_counter1=5, es_counter2=5
2026-02-23 20:19:51,332 - lg_cotrain - INFO - Early stopping at epoch 14
2026-02-23 20:19:51,347 - lg_cotrain - INFO - === Final Evaluation ===
2026-02-23 20:19:54,673 - lg_cotrain - INFO - Results saved to C:\Users\anhtr\AppData\Local\Temp\tmp1jtpc2gq\cyclone_idai_2019\5_set2\metrics.json
2026-02-23 20:19:54,673 - lg_cotrain - INFO - Test error rate: 29.65%, Test macro-F1: 0.3410, Test ECE: 0.1475
2026-02-23 20:19:54,684 - lg_cotrain - INFO - --- Trial 3/10 done: dev_macro_f1=0.3406 ---
2026-02-23 20:19:54,684 - lg_cotrain - INFO - --- Trial 4/10 ---
2026-02-23 20:19:55,270 - lg_cotrain - INFO - Starting LG-CoTrain: event=cyclone_idai_2019, budget=5, seed_set=2
2026-02-23 20:19:55,328 - lg_cotrain - INFO - Detected 10 classes for event cyclone_idai_2019: ['caution_and_advice', 'displaced_people_and_evacuations', 'infrastructure_and_utility_damage', 'injured_or_dead_people', 'missing_or_found_people', 'not_humanitarian', 'other_relevant_information', 'requests_or_urgent_needs', 'rescue_volunteering_or_donation_effort', 'sympathy_and_support']
2026-02-23 20:19:55,335 - lg_cotrain - INFO - D_l1: 30, D_l2: 20, D_LG: 2703
2026-02-23 20:19:55,336 - lg_cotrain - INFO - === Phase 1: Weight Generation ===
2026-02-23 20:20:04,714 - lg_cotrain - INFO - Phase 1 epoch 1/7: mean_prob1=0.1011, mean_prob2=0.0945
2026-02-23 20:20:13,080 - lg_cotrain - INFO - Phase 1 epoch 2/7: mean_prob1=0.1001, mean_prob2=0.1057
2026-02-23 20:20:21,462 - lg_cotrain - INFO - Phase 1 epoch 3/7: mean_prob1=0.1243, mean_prob2=0.1284
2026-02-23 20:20:29,809 - lg_cotrain - INFO - Phase 1 epoch 4/7: mean_prob1=0.1067, mean_prob2=0.0714
2026-02-23 20:20:38,186 - lg_cotrain - INFO - Phase 1 epoch 5/7: mean_prob1=0.1170, mean_prob2=0.0970
2026-02-23 20:20:46,584 - lg_cotrain - INFO - Phase 1 epoch 6/7: mean_prob1=0.1242, mean_prob2=0.1222
2026-02-23 20:20:54,952 - lg_cotrain - INFO - Phase 1 epoch 7/7: mean_prob1=0.1379, mean_prob2=0.1338
2026-02-23 20:20:54,953 - lg_cotrain - INFO - === Phase 2: Co-Training ===
2026-02-23 20:20:55,966 - lg_cotrain - INFO - LR scheduler: total_steps_1=530, warmup=124; total_steps_2=530, warmup=124
2026-02-23 20:20:55,966 - lg_cotrain - INFO - Phase 1 done -> seeded Phase 2 trackers. lambda1: mean=0.1379, range=[0.0268, 0.4933]
2026-02-23 20:20:55,966 - lg_cotrain - INFO - Phase 1 done -> seeded Phase 2 trackers. lambda2: mean=0.1338, range=[0.0171, 0.4371]
2026-02-23 20:21:27,300 - lg_cotrain - INFO - Phase 2 epoch 1/10: loss1=0.2141, loss2=0.2268, dev_macro_f1=0.2091, dev_err=36.41%
2026-02-23 20:21:58,649 - lg_cotrain - INFO - Phase 2 epoch 2/10: loss1=0.0522, loss2=0.2022, dev_macro_f1=0.3383, dev_err=26.93%
2026-02-23 20:22:30,003 - lg_cotrain - INFO - Phase 2 epoch 3/10: loss1=0.0297, loss2=0.2183, dev_macro_f1=0.3028, dev_err=31.67%
2026-02-23 20:23:01,341 - lg_cotrain - INFO - Phase 2 epoch 4/10: loss1=0.0354, loss2=0.2265, dev_macro_f1=0.3231, dev_err=28.68%
2026-02-23 20:23:32,670 - lg_cotrain - INFO - Phase 2 epoch 5/10: loss1=0.0529, loss2=0.1868, dev_macro_f1=0.3382, dev_err=27.18%
2026-02-23 20:24:04,053 - lg_cotrain - INFO - Phase 2 epoch 6/10: loss1=0.0640, loss2=0.1742, dev_macro_f1=0.3436, dev_err=27.68%
2026-02-23 20:24:35,379 - lg_cotrain - INFO - Phase 2 epoch 7/10: loss1=0.0473, loss2=0.0913, dev_macro_f1=0.3339, dev_err=26.93%
2026-02-23 20:25:06,732 - lg_cotrain - INFO - Phase 2 epoch 8/10: loss1=0.0479, loss2=0.0490, dev_macro_f1=0.3474, dev_err=27.43%
2026-02-23 20:25:38,080 - lg_cotrain - INFO - Phase 2 epoch 9/10: loss1=0.0425, loss2=0.0417, dev_macro_f1=0.3418, dev_err=27.18%
2026-02-23 20:26:09,395 - lg_cotrain - INFO - Phase 2 epoch 10/10: loss1=0.0243, loss2=0.0361, dev_macro_f1=0.3355, dev_err=27.68%
2026-02-23 20:26:09,395 - lg_cotrain - INFO - === Phase 3: Fine-Tuning ===
2026-02-23 20:26:10,759 - lg_cotrain - INFO - Phase 3 epoch 1: dev_macro_f1=0.3491, dev_err=26.68%, es_counter1=0, es_counter2=0
2026-02-23 20:26:12,138 - lg_cotrain - INFO - Phase 3 epoch 2: dev_macro_f1=0.3608, dev_err=28.68%, es_counter1=0, es_counter2=0
2026-02-23 20:26:13,515 - lg_cotrain - INFO - Phase 3 epoch 3: dev_macro_f1=0.3949, dev_err=29.93%, es_counter1=0, es_counter2=0
2026-02-23 20:26:14,871 - lg_cotrain - INFO - Phase 3 epoch 4: dev_macro_f1=0.3791, dev_err=35.16%, es_counter1=1, es_counter2=1
2026-02-23 20:26:16,231 - lg_cotrain - INFO - Phase 3 epoch 5: dev_macro_f1=0.3905, dev_err=39.90%, es_counter1=2, es_counter2=2
2026-02-23 20:26:17,609 - lg_cotrain - INFO - Phase 3 epoch 6: dev_macro_f1=0.4116, dev_err=42.64%, es_counter1=0, es_counter2=0
2026-02-23 20:26:18,983 - lg_cotrain - INFO - Phase 3 epoch 7: dev_macro_f1=0.4456, dev_err=40.40%, es_counter1=0, es_counter2=0
2026-02-23 20:26:20,363 - lg_cotrain - INFO - Phase 3 epoch 8: dev_macro_f1=0.4545, dev_err=37.91%, es_counter1=0, es_counter2=0
2026-02-23 20:26:21,717 - lg_cotrain - INFO - Phase 3 epoch 9: dev_macro_f1=0.4535, dev_err=35.91%, es_counter1=1, es_counter2=1
2026-02-23 20:26:23,083 - lg_cotrain - INFO - Phase 3 epoch 10: dev_macro_f1=0.4562, dev_err=33.67%, es_counter1=0, es_counter2=0
2026-02-23 20:26:24,439 - lg_cotrain - INFO - Phase 3 epoch 11: dev_macro_f1=0.4379, dev_err=32.92%, es_counter1=1, es_counter2=1
2026-02-23 20:26:25,785 - lg_cotrain - INFO - Phase 3 epoch 12: dev_macro_f1=0.4271, dev_err=32.92%, es_counter1=2, es_counter2=2
2026-02-23 20:26:27,175 - lg_cotrain - INFO - Phase 3 epoch 13: dev_macro_f1=0.4595, dev_err=30.92%, es_counter1=0, es_counter2=0
2026-02-23 20:26:28,570 - lg_cotrain - INFO - Phase 3 epoch 14: dev_macro_f1=0.4679, dev_err=31.17%, es_counter1=0, es_counter2=0
2026-02-23 20:26:29,951 - lg_cotrain - INFO - Phase 3 epoch 15: dev_macro_f1=0.4784, dev_err=30.17%, es_counter1=0, es_counter2=0
2026-02-23 20:26:31,315 - lg_cotrain - INFO - Phase 3 epoch 16: dev_macro_f1=0.4630, dev_err=30.67%, es_counter1=1, es_counter2=1
2026-02-23 20:26:32,670 - lg_cotrain - INFO - Phase 3 epoch 17: dev_macro_f1=0.4545, dev_err=30.67%, es_counter1=2, es_counter2=2
2026-02-23 20:26:34,025 - lg_cotrain - INFO - Phase 3 epoch 18: dev_macro_f1=0.4566, dev_err=30.67%, es_counter1=3, es_counter2=3
2026-02-23 20:26:35,387 - lg_cotrain - INFO - Phase 3 epoch 19: dev_macro_f1=0.4551, dev_err=30.42%, es_counter1=4, es_counter2=4
2026-02-23 20:26:36,741 - lg_cotrain - INFO - Phase 3 epoch 20: dev_macro_f1=0.4629, dev_err=30.17%, es_counter1=5, es_counter2=5
2026-02-23 20:26:38,086 - lg_cotrain - INFO - Phase 3 epoch 21: dev_macro_f1=0.4705, dev_err=29.93%, es_counter1=6, es_counter2=6
2026-02-23 20:26:39,446 - lg_cotrain - INFO - Phase 3 epoch 22: dev_macro_f1=0.4632, dev_err=30.67%, es_counter1=7, es_counter2=7
2026-02-23 20:26:40,804 - lg_cotrain - INFO - Phase 3 epoch 23: dev_macro_f1=0.4601, dev_err=31.17%, es_counter1=8, es_counter2=8
2026-02-23 20:26:40,804 - lg_cotrain - INFO - Early stopping at epoch 23
2026-02-23 20:26:40,816 - lg_cotrain - INFO - === Final Evaluation ===
2026-02-23 20:26:44,166 - lg_cotrain - INFO - Results saved to C:\Users\anhtr\AppData\Local\Temp\tmptimf9gm9\cyclone_idai_2019\5_set2\metrics.json
2026-02-23 20:26:44,167 - lg_cotrain - INFO - Test error rate: 30.94%, Test macro-F1: 0.4476, Test ECE: 0.1073
2026-02-23 20:26:44,177 - lg_cotrain - INFO - --- Trial 4/10 done: dev_macro_f1=0.4784 ---
2026-02-23 20:26:44,177 - lg_cotrain - INFO - --- Trial 5/10 ---
2026-02-23 20:26:44,734 - lg_cotrain - INFO - Starting LG-CoTrain: event=cyclone_idai_2019, budget=5, seed_set=2
2026-02-23 20:26:44,764 - lg_cotrain - INFO - Detected 10 classes for event cyclone_idai_2019: ['caution_and_advice', 'displaced_people_and_evacuations', 'infrastructure_and_utility_damage', 'injured_or_dead_people', 'missing_or_found_people', 'not_humanitarian', 'other_relevant_information', 'requests_or_urgent_needs', 'rescue_volunteering_or_donation_effort', 'sympathy_and_support']
2026-02-23 20:26:44,770 - lg_cotrain - INFO - D_l1: 30, D_l2: 20, D_LG: 2703
2026-02-23 20:26:44,771 - lg_cotrain - INFO - === Phase 1: Weight Generation ===
2026-02-23 20:26:54,080 - lg_cotrain - INFO - Phase 1 epoch 1/7: mean_prob1=0.1025, mean_prob2=0.0942
2026-02-23 20:27:02,468 - lg_cotrain - INFO - Phase 1 epoch 2/7: mean_prob1=0.0938, mean_prob2=0.0944
2026-02-23 20:27:10,862 - lg_cotrain - INFO - Phase 1 epoch 3/7: mean_prob1=0.1076, mean_prob2=0.1029
2026-02-23 20:27:19,266 - lg_cotrain - INFO - Phase 1 epoch 4/7: mean_prob1=0.0749, mean_prob2=0.1087
2026-02-23 20:27:27,634 - lg_cotrain - INFO - Phase 1 epoch 5/7: mean_prob1=0.0804, mean_prob2=0.1295
2026-02-23 20:27:35,993 - lg_cotrain - INFO - Phase 1 epoch 6/7: mean_prob1=0.1104, mean_prob2=0.0716
2026-02-23 20:27:44,418 - lg_cotrain - INFO - Phase 1 epoch 7/7: mean_prob1=0.0814, mean_prob2=0.1068
2026-02-23 20:27:44,419 - lg_cotrain - INFO - === Phase 2: Co-Training ===
2026-02-23 20:27:45,405 - lg_cotrain - INFO - LR scheduler: total_steps_1=702, warmup=170; total_steps_2=702, warmup=170
2026-02-23 20:27:45,405 - lg_cotrain - INFO - Phase 1 done -> seeded Phase 2 trackers. lambda1: mean=0.0814, range=[0.0368, 0.2119]
2026-02-23 20:27:45,405 - lg_cotrain - INFO - Phase 1 done -> seeded Phase 2 trackers. lambda2: mean=0.1068, range=[0.0347, 0.2288]
2026-02-23 20:28:16,967 - lg_cotrain - INFO - Phase 2 epoch 1/14: loss1=0.1547, loss2=0.1351, dev_macro_f1=0.3196, dev_err=28.18%
2026-02-23 20:28:48,540 - lg_cotrain - INFO - Phase 2 epoch 2/14: loss1=0.0699, loss2=0.2996, dev_macro_f1=0.2633, dev_err=33.42%
2026-02-23 20:29:20,121 - lg_cotrain - INFO - Phase 2 epoch 3/14: loss1=0.1047, loss2=0.7238, dev_macro_f1=0.0645, dev_err=52.37%
2026-02-23 20:29:51,389 - lg_cotrain - INFO - Phase 2 epoch 4/14: loss1=0.0597, loss2=0.8173, dev_macro_f1=0.0645, dev_err=52.37%
2026-02-23 20:30:22,715 - lg_cotrain - INFO - Phase 2 epoch 5/14: loss1=0.0361, loss2=0.7645, dev_macro_f1=0.0686, dev_err=52.12%
2026-02-23 20:30:53,914 - lg_cotrain - INFO - Phase 2 epoch 6/14: loss1=0.0112, loss2=0.6979, dev_macro_f1=0.0645, dev_err=52.37%
2026-02-23 20:31:25,217 - lg_cotrain - INFO - Phase 2 epoch 7/14: loss1=0.0076, loss2=0.6552, dev_macro_f1=0.0645, dev_err=52.37%
2026-02-23 20:31:56,670 - lg_cotrain - INFO - Phase 2 epoch 8/14: loss1=0.0077, loss2=0.6165, dev_macro_f1=0.0645, dev_err=52.37%
2026-02-23 20:32:27,904 - lg_cotrain - INFO - Phase 2 epoch 9/14: loss1=0.0067, loss2=0.5870, dev_macro_f1=0.0645, dev_err=52.37%
2026-02-23 20:32:59,170 - lg_cotrain - INFO - Phase 2 epoch 10/14: loss1=0.0069, loss2=0.5634, dev_macro_f1=0.0645, dev_err=52.37%
2026-02-23 20:33:30,585 - lg_cotrain - INFO - Phase 2 epoch 11/14: loss1=0.0070, loss2=0.5504, dev_macro_f1=0.0645, dev_err=52.37%
2026-02-23 20:34:01,865 - lg_cotrain - INFO - Phase 2 epoch 12/14: loss1=0.0064, loss2=0.5214, dev_macro_f1=0.0645, dev_err=52.37%
2026-02-23 20:34:33,154 - lg_cotrain - INFO - Phase 2 epoch 13/14: loss1=0.0064, loss2=0.4941, dev_macro_f1=0.0645, dev_err=52.37%
2026-02-23 20:35:04,419 - lg_cotrain - INFO - Phase 2 epoch 14/14: loss1=0.0065, loss2=0.4818, dev_macro_f1=0.0645, dev_err=52.37%
2026-02-23 20:35:04,419 - lg_cotrain - INFO - === Phase 3: Fine-Tuning ===
2026-02-23 20:35:05,816 - lg_cotrain - INFO - Phase 3 epoch 1: dev_macro_f1=0.0645, dev_err=52.37%, es_counter1=0, es_counter2=0
2026-02-23 20:35:07,164 - lg_cotrain - INFO - Phase 3 epoch 2: dev_macro_f1=0.0645, dev_err=52.37%, es_counter1=1, es_counter2=1
2026-02-23 20:35:08,516 - lg_cotrain - INFO - Phase 3 epoch 3: dev_macro_f1=0.0645, dev_err=52.37%, es_counter1=2, es_counter2=2
2026-02-23 20:35:09,903 - lg_cotrain - INFO - Phase 3 epoch 4: dev_macro_f1=0.0686, dev_err=52.12%, es_counter1=0, es_counter2=0
2026-02-23 20:35:11,266 - lg_cotrain - INFO - Phase 3 epoch 5: dev_macro_f1=0.0686, dev_err=52.12%, es_counter1=1, es_counter2=1
2026-02-23 20:35:12,629 - lg_cotrain - INFO - Phase 3 epoch 6: dev_macro_f1=0.0050, dev_err=99.25%, es_counter1=2, es_counter2=2
2026-02-23 20:35:13,972 - lg_cotrain - INFO - Phase 3 epoch 7: dev_macro_f1=0.0050, dev_err=99.25%, es_counter1=3, es_counter2=3
2026-02-23 20:35:15,313 - lg_cotrain - INFO - Phase 3 epoch 8: dev_macro_f1=0.0084, dev_err=97.51%, es_counter1=4, es_counter2=4
2026-02-23 20:35:16,659 - lg_cotrain - INFO - Phase 3 epoch 9: dev_macro_f1=0.0079, dev_err=97.76%, es_counter1=5, es_counter2=5
2026-02-23 20:35:17,998 - lg_cotrain - INFO - Phase 3 epoch 10: dev_macro_f1=0.0214, dev_err=88.03%, es_counter1=6, es_counter2=6
2026-02-23 20:35:19,338 - lg_cotrain - INFO - Phase 3 epoch 11: dev_macro_f1=0.0039, dev_err=98.00%, es_counter1=7, es_counter2=7
2026-02-23 20:35:19,339 - lg_cotrain - INFO - Early stopping at epoch 11
2026-02-23 20:35:19,347 - lg_cotrain - INFO - === Final Evaluation ===
2026-02-23 20:35:22,660 - lg_cotrain - INFO - Results saved to C:\Users\anhtr\AppData\Local\Temp\tmpd61s97bm\cyclone_idai_2019\5_set2\metrics.json
2026-02-23 20:35:22,660 - lg_cotrain - INFO - Test error rate: 52.25%, Test macro-F1: 0.0686, Test ECE: 0.1818
2026-02-23 20:35:22,673 - lg_cotrain - INFO - --- Trial 5/10 done: dev_macro_f1=0.0686 ---
2026-02-23 20:35:22,674 - lg_cotrain - INFO - --- Trial 6/10 ---
2026-02-23 20:35:23,221 - lg_cotrain - INFO - Starting LG-CoTrain: event=cyclone_idai_2019, budget=5, seed_set=2
2026-02-23 20:35:23,246 - lg_cotrain - INFO - Detected 10 classes for event cyclone_idai_2019: ['caution_and_advice', 'displaced_people_and_evacuations', 'infrastructure_and_utility_damage', 'injured_or_dead_people', 'missing_or_found_people', 'not_humanitarian', 'other_relevant_information', 'requests_or_urgent_needs', 'rescue_volunteering_or_donation_effort', 'sympathy_and_support']
2026-02-23 20:35:23,252 - lg_cotrain - INFO - D_l1: 30, D_l2: 20, D_LG: 2703
2026-02-23 20:35:23,253 - lg_cotrain - INFO - === Phase 1: Weight Generation ===
2026-02-23 20:35:34,533 - lg_cotrain - INFO - Phase 1 epoch 1/7: mean_prob1=0.1052, mean_prob2=0.1106
2026-02-23 20:35:44,794 - lg_cotrain - INFO - Phase 1 epoch 2/7: mean_prob1=0.1000, mean_prob2=0.0833
2026-02-23 20:35:55,156 - lg_cotrain - INFO - Phase 1 epoch 3/7: mean_prob1=0.0966, mean_prob2=0.1014
2026-02-23 20:36:05,720 - lg_cotrain - INFO - Phase 1 epoch 4/7: mean_prob1=0.1066, mean_prob2=0.1138
2026-02-23 20:36:16,021 - lg_cotrain - INFO - Phase 1 epoch 5/7: mean_prob1=0.1176, mean_prob2=0.0976
2026-02-23 20:36:26,325 - lg_cotrain - INFO - Phase 1 epoch 6/7: mean_prob1=0.1000, mean_prob2=0.0891
2026-02-23 20:36:36,648 - lg_cotrain - INFO - Phase 1 epoch 7/7: mean_prob1=0.1062, mean_prob2=0.0783
2026-02-23 20:36:36,649 - lg_cotrain - INFO - === Phase 2: Co-Training ===
2026-02-23 20:36:37,678 - lg_cotrain - INFO - LR scheduler: total_steps_1=2090, warmup=353; total_steps_2=1990, warmup=336
2026-02-23 20:36:37,679 - lg_cotrain - INFO - Phase 1 done -> seeded Phase 2 trackers. lambda1: mean=0.1062, range=[0.0323, 0.3354]
2026-02-23 20:36:37,679 - lg_cotrain - INFO - Phase 1 done -> seeded Phase 2 trackers. lambda2: mean=0.0783, range=[0.0189, 0.2963]
2026-02-23 20:37:22,014 - lg_cotrain - INFO - Phase 2 epoch 1/5: loss1=0.1281, loss2=0.1600, dev_macro_f1=0.3534, dev_err=26.68%
2026-02-23 20:38:06,304 - lg_cotrain - INFO - Phase 2 epoch 2/5: loss1=0.0422, loss2=0.2018, dev_macro_f1=0.4424, dev_err=26.68%
2026-02-23 20:38:50,664 - lg_cotrain - INFO - Phase 2 epoch 3/5: loss1=0.0333, loss2=0.1851, dev_macro_f1=0.4586, dev_err=26.18%
2026-02-23 20:39:34,948 - lg_cotrain - INFO - Phase 2 epoch 4/5: loss1=0.0142, loss2=0.0928, dev_macro_f1=0.4793, dev_err=26.93%
2026-02-23 20:40:19,320 - lg_cotrain - INFO - Phase 2 epoch 5/5: loss1=0.0096, loss2=0.0423, dev_macro_f1=0.5220, dev_err=24.44%
2026-02-23 20:40:19,320 - lg_cotrain - INFO - === Phase 3: Fine-Tuning ===
2026-02-23 20:40:21,069 - lg_cotrain - INFO - Phase 3 epoch 1: dev_macro_f1=0.5061, dev_err=25.69%, es_counter1=0, es_counter2=0
2026-02-23 20:40:22,824 - lg_cotrain - INFO - Phase 3 epoch 2: dev_macro_f1=0.5270, dev_err=25.94%, es_counter1=0, es_counter2=0
2026-02-23 20:40:24,550 - lg_cotrain - INFO - Phase 3 epoch 3: dev_macro_f1=0.5197, dev_err=26.43%, es_counter1=1, es_counter2=1
2026-02-23 20:40:26,267 - lg_cotrain - INFO - Phase 3 epoch 4: dev_macro_f1=0.5356, dev_err=25.69%, es_counter1=0, es_counter2=0
2026-02-23 20:40:28,037 - lg_cotrain - INFO - Phase 3 epoch 5: dev_macro_f1=0.5409, dev_err=26.18%, es_counter1=0, es_counter2=0
2026-02-23 20:40:29,784 - lg_cotrain - INFO - Phase 3 epoch 6: dev_macro_f1=0.5498, dev_err=25.69%, es_counter1=0, es_counter2=0
2026-02-23 20:40:31,506 - lg_cotrain - INFO - Phase 3 epoch 7: dev_macro_f1=0.5294, dev_err=27.68%, es_counter1=1, es_counter2=1
2026-02-23 20:40:33,222 - lg_cotrain - INFO - Phase 3 epoch 8: dev_macro_f1=0.5275, dev_err=27.68%, es_counter1=2, es_counter2=2
2026-02-23 20:40:34,937 - lg_cotrain - INFO - Phase 3 epoch 9: dev_macro_f1=0.5290, dev_err=27.18%, es_counter1=3, es_counter2=3
2026-02-23 20:40:36,642 - lg_cotrain - INFO - Phase 3 epoch 10: dev_macro_f1=0.5219, dev_err=27.18%, es_counter1=4, es_counter2=4
2026-02-23 20:40:38,375 - lg_cotrain - INFO - Phase 3 epoch 11: dev_macro_f1=0.5745, dev_err=26.93%, es_counter1=0, es_counter2=0
2026-02-23 20:40:40,119 - lg_cotrain - INFO - Phase 3 epoch 12: dev_macro_f1=0.5756, dev_err=26.68%, es_counter1=0, es_counter2=0
2026-02-23 20:40:41,862 - lg_cotrain - INFO - Phase 3 epoch 13: dev_macro_f1=0.5758, dev_err=26.68%, es_counter1=0, es_counter2=0
2026-02-23 20:40:43,591 - lg_cotrain - INFO - Phase 3 epoch 14: dev_macro_f1=0.5758, dev_err=26.68%, es_counter1=1, es_counter2=1
2026-02-23 20:40:45,334 - lg_cotrain - INFO - Phase 3 epoch 15: dev_macro_f1=0.5809, dev_err=26.43%, es_counter1=0, es_counter2=0
2026-02-23 20:40:47,052 - lg_cotrain - INFO - Phase 3 epoch 16: dev_macro_f1=0.5809, dev_err=26.43%, es_counter1=1, es_counter2=1
2026-02-23 20:40:48,764 - lg_cotrain - INFO - Phase 3 epoch 17: dev_macro_f1=0.5809, dev_err=26.43%, es_counter1=2, es_counter2=2
2026-02-23 20:40:50,496 - lg_cotrain - INFO - Phase 3 epoch 18: dev_macro_f1=0.5807, dev_err=26.68%, es_counter1=3, es_counter2=3
2026-02-23 20:40:52,211 - lg_cotrain - INFO - Phase 3 epoch 19: dev_macro_f1=0.5795, dev_err=26.93%, es_counter1=4, es_counter2=4
2026-02-23 20:40:53,940 - lg_cotrain - INFO - Phase 3 epoch 20: dev_macro_f1=0.5795, dev_err=26.93%, es_counter1=5, es_counter2=5
2026-02-23 20:40:53,940 - lg_cotrain - INFO - Early stopping at epoch 20
2026-02-23 20:40:53,950 - lg_cotrain - INFO - === Final Evaluation ===
2026-02-23 20:40:58,105 - lg_cotrain - INFO - Results saved to C:\Users\anhtr\AppData\Local\Temp\tmprsf30_vx\cyclone_idai_2019\5_set2\metrics.json
2026-02-23 20:40:58,105 - lg_cotrain - INFO - Test error rate: 25.93%, Test macro-F1: 0.5709, Test ECE: 0.0783
2026-02-23 20:40:58,113 - lg_cotrain - INFO - --- Trial 6/10 done: dev_macro_f1=0.5809 ---
2026-02-23 20:40:58,114 - lg_cotrain - INFO - --- Trial 7/10 ---
2026-02-23 20:40:58,711 - lg_cotrain - INFO - Starting LG-CoTrain: event=cyclone_idai_2019, budget=5, seed_set=2
2026-02-23 20:40:58,732 - lg_cotrain - INFO - Detected 10 classes for event cyclone_idai_2019: ['caution_and_advice', 'displaced_people_and_evacuations', 'infrastructure_and_utility_damage', 'injured_or_dead_people', 'missing_or_found_people', 'not_humanitarian', 'other_relevant_information', 'requests_or_urgent_needs', 'rescue_volunteering_or_donation_effort', 'sympathy_and_support']
2026-02-23 20:40:58,740 - lg_cotrain - INFO - D_l1: 30, D_l2: 20, D_LG: 2703
2026-02-23 20:40:58,741 - lg_cotrain - INFO - === Phase 1: Weight Generation ===
2026-02-23 20:41:10,226 - lg_cotrain - INFO - Phase 1 epoch 1/7: mean_prob1=0.1024, mean_prob2=0.1007
2026-02-23 20:41:20,475 - lg_cotrain - INFO - Phase 1 epoch 2/7: mean_prob1=0.0908, mean_prob2=0.1117
2026-02-23 20:41:30,812 - lg_cotrain - INFO - Phase 1 epoch 3/7: mean_prob1=0.1108, mean_prob2=0.1410
2026-02-23 20:41:41,079 - lg_cotrain - INFO - Phase 1 epoch 4/7: mean_prob1=0.0919, mean_prob2=0.1151
2026-02-23 20:41:51,590 - lg_cotrain - INFO - Phase 1 epoch 5/7: mean_prob1=0.1278, mean_prob2=0.1352
2026-02-23 20:42:01,972 - lg_cotrain - INFO - Phase 1 epoch 6/7: mean_prob1=0.0922, mean_prob2=0.1718
2026-02-23 20:42:12,264 - lg_cotrain - INFO - Phase 1 epoch 7/7: mean_prob1=0.2019, mean_prob2=0.1044
2026-02-23 20:42:12,264 - lg_cotrain - INFO - === Phase 2: Co-Training ===
2026-02-23 20:42:13,254 - lg_cotrain - INFO - LR scheduler: total_steps_1=5132, warmup=352; total_steps_2=5032, warmup=345
2026-02-23 20:42:13,255 - lg_cotrain - INFO - Phase 1 done -> seeded Phase 2 trackers. lambda1: mean=0.2019, range=[0.0128, 0.6794]
2026-02-23 20:42:13,255 - lg_cotrain - INFO - Phase 1 done -> seeded Phase 2 trackers. lambda2: mean=0.1044, range=[0.0103, 0.4989]
2026-02-23 20:42:59,655 - lg_cotrain - INFO - Phase 2 epoch 1/14: loss1=0.1443, loss2=0.2011, dev_macro_f1=0.2408, dev_err=33.92%
2026-02-23 20:43:44,406 - lg_cotrain - INFO - Phase 2 epoch 2/14: loss1=0.0914, loss2=0.5860, dev_macro_f1=0.0645, dev_err=52.37%
2026-02-23 20:44:28,867 - lg_cotrain - INFO - Phase 2 epoch 3/14: loss1=0.0740, loss2=0.5793, dev_macro_f1=0.0645, dev_err=52.37%
2026-02-23 20:45:13,208 - lg_cotrain - INFO - Phase 2 epoch 4/14: loss1=0.0610, loss2=0.5325, dev_macro_f1=0.0645, dev_err=52.37%
2026-02-23 20:45:57,543 - lg_cotrain - INFO - Phase 2 epoch 5/14: loss1=0.0497, loss2=0.5069, dev_macro_f1=0.0645, dev_err=52.37%
2026-02-23 20:46:41,820 - lg_cotrain - INFO - Phase 2 epoch 6/14: loss1=0.0452, loss2=0.4772, dev_macro_f1=0.0645, dev_err=52.37%
2026-02-23 20:47:25,964 - lg_cotrain - INFO - Phase 2 epoch 7/14: loss1=0.0388, loss2=0.4535, dev_macro_f1=0.0645, dev_err=52.37%
2026-02-23 20:48:10,695 - lg_cotrain - INFO - Phase 2 epoch 8/14: loss1=0.0406, loss2=0.4306, dev_macro_f1=0.0645, dev_err=52.37%
2026-02-23 20:48:55,701 - lg_cotrain - INFO - Phase 2 epoch 9/14: loss1=0.0350, loss2=0.4111, dev_macro_f1=0.0645, dev_err=52.37%
2026-02-23 20:49:43,267 - lg_cotrain - INFO - Phase 2 epoch 10/14: loss1=0.0327, loss2=0.3927, dev_macro_f1=0.0645, dev_err=52.37%
2026-02-23 20:50:28,420 - lg_cotrain - INFO - Phase 2 epoch 11/14: loss1=0.0296, loss2=0.3795, dev_macro_f1=0.0645, dev_err=52.37%
2026-02-23 20:51:12,812 - lg_cotrain - INFO - Phase 2 epoch 12/14: loss1=0.0272, loss2=0.3654, dev_macro_f1=0.0645, dev_err=52.37%
2026-02-23 20:51:57,438 - lg_cotrain - INFO - Phase 2 epoch 13/14: loss1=0.0261, loss2=0.3519, dev_macro_f1=0.0645, dev_err=52.37%
2026-02-23 20:52:42,083 - lg_cotrain - INFO - Phase 2 epoch 14/14: loss1=0.0250, loss2=0.3414, dev_macro_f1=0.0645, dev_err=52.37%
2026-02-23 20:52:42,085 - lg_cotrain - INFO - === Phase 3: Fine-Tuning ===
2026-02-23 20:52:43,822 - lg_cotrain - INFO - Phase 3 epoch 1: dev_macro_f1=0.0645, dev_err=52.37%, es_counter1=0, es_counter2=0
2026-02-23 20:52:45,528 - lg_cotrain - INFO - Phase 3 epoch 2: dev_macro_f1=0.0645, dev_err=52.37%, es_counter1=1, es_counter2=1
2026-02-23 20:52:47,244 - lg_cotrain - INFO - Phase 3 epoch 3: dev_macro_f1=0.0645, dev_err=52.37%, es_counter1=2, es_counter2=2
2026-02-23 20:52:48,961 - lg_cotrain - INFO - Phase 3 epoch 4: dev_macro_f1=0.0645, dev_err=52.37%, es_counter1=3, es_counter2=3
2026-02-23 20:52:50,673 - lg_cotrain - INFO - Phase 3 epoch 5: dev_macro_f1=0.0645, dev_err=52.37%, es_counter1=4, es_counter2=4
2026-02-23 20:52:52,390 - lg_cotrain - INFO - Phase 3 epoch 6: dev_macro_f1=0.0645, dev_err=52.37%, es_counter1=5, es_counter2=5
2026-02-23 20:52:54,090 - lg_cotrain - INFO - Phase 3 epoch 7: dev_macro_f1=0.0645, dev_err=52.37%, es_counter1=6, es_counter2=6
2026-02-23 20:52:55,787 - lg_cotrain - INFO - Phase 3 epoch 8: dev_macro_f1=0.0645, dev_err=52.37%, es_counter1=7, es_counter2=7
2026-02-23 20:52:55,788 - lg_cotrain - INFO - Early stopping at epoch 8
2026-02-23 20:52:55,796 - lg_cotrain - INFO - === Final Evaluation ===
2026-02-23 20:53:00,201 - lg_cotrain - INFO - Results saved to C:\Users\anhtr\AppData\Local\Temp\tmp0mv6uno7\cyclone_idai_2019\5_set2\metrics.json
2026-02-23 20:53:00,202 - lg_cotrain - INFO - Test error rate: 52.50%, Test macro-F1: 0.0644, Test ECE: 0.4464
2026-02-23 20:53:00,211 - lg_cotrain - INFO - --- Trial 7/10 done: dev_macro_f1=0.0645 ---
2026-02-23 20:53:00,211 - lg_cotrain - INFO - --- Trial 8/10 ---
2026-02-23 20:53:00,773 - lg_cotrain - INFO - Starting LG-CoTrain: event=cyclone_idai_2019, budget=5, seed_set=2
2026-02-23 20:53:00,797 - lg_cotrain - INFO - Detected 10 classes for event cyclone_idai_2019: ['caution_and_advice', 'displaced_people_and_evacuations', 'infrastructure_and_utility_damage', 'injured_or_dead_people', 'missing_or_found_people', 'not_humanitarian', 'other_relevant_information', 'requests_or_urgent_needs', 'rescue_volunteering_or_donation_effort', 'sympathy_and_support']
2026-02-23 20:53:00,805 - lg_cotrain - INFO - D_l1: 30, D_l2: 20, D_LG: 2703
2026-02-23 20:53:00,805 - lg_cotrain - INFO - === Phase 1: Weight Generation ===
2026-02-23 20:53:11,826 - lg_cotrain - INFO - Phase 1 epoch 1/7: mean_prob1=0.0898, mean_prob2=0.0673
2026-02-23 20:53:21,424 - lg_cotrain - INFO - Phase 1 epoch 2/7: mean_prob1=0.0831, mean_prob2=0.0978
2026-02-23 20:53:30,964 - lg_cotrain - INFO - Phase 1 epoch 3/7: mean_prob1=0.0931, mean_prob2=0.0813
2026-02-23 20:53:40,656 - lg_cotrain - INFO - Phase 1 epoch 4/7: mean_prob1=0.1106, mean_prob2=0.0936
2026-02-23 20:53:50,069 - lg_cotrain - INFO - Phase 1 epoch 5/7: mean_prob1=0.1103, mean_prob2=0.0723
2026-02-23 20:53:59,597 - lg_cotrain - INFO - Phase 1 epoch 6/7: mean_prob1=0.0944, mean_prob2=0.0710
2026-02-23 20:54:09,130 - lg_cotrain - INFO - Phase 1 epoch 7/7: mean_prob1=0.1020, mean_prob2=0.0742
2026-02-23 20:54:09,130 - lg_cotrain - INFO - === Phase 2: Co-Training ===
2026-02-23 20:54:10,215 - lg_cotrain - INFO - LR scheduler: total_steps_1=3411, warmup=209; total_steps_2=3411, warmup=209
2026-02-23 20:54:10,215 - lg_cotrain - INFO - Phase 1 done -> seeded Phase 2 trackers. lambda1: mean=0.1020, range=[0.0535, 0.1349]
2026-02-23 20:54:10,215 - lg_cotrain - INFO - Phase 1 done -> seeded Phase 2 trackers. lambda2: mean=0.0742, range=[0.0533, 0.2557]
2026-02-23 20:54:48,362 - lg_cotrain - INFO - Phase 2 epoch 1/19: loss1=0.1406, loss2=0.1513, dev_macro_f1=0.0645, dev_err=52.37%
2026-02-23 20:55:26,342 - lg_cotrain - INFO - Phase 2 epoch 2/19: loss1=0.0631, loss2=0.2582, dev_macro_f1=0.0645, dev_err=52.37%
2026-02-23 20:56:04,348 - lg_cotrain - INFO - Phase 2 epoch 3/19: loss1=0.0480, loss2=0.3175, dev_macro_f1=0.0645, dev_err=52.37%
2026-02-23 20:56:42,292 - lg_cotrain - INFO - Phase 2 epoch 4/19: loss1=0.0550, loss2=0.2874, dev_macro_f1=0.0645, dev_err=52.37%
2026-02-23 20:57:20,283 - lg_cotrain - INFO - Phase 2 epoch 5/19: loss1=0.0400, loss2=0.2753, dev_macro_f1=0.0645, dev_err=52.37%
2026-02-23 20:57:58,290 - lg_cotrain - INFO - Phase 2 epoch 6/19: loss1=0.0338, loss2=0.2603, dev_macro_f1=0.0645, dev_err=52.37%
2026-02-23 20:58:36,252 - lg_cotrain - INFO - Phase 2 epoch 7/19: loss1=0.0290, loss2=0.2464, dev_macro_f1=0.0645, dev_err=52.37%
2026-02-23 20:59:14,184 - lg_cotrain - INFO - Phase 2 epoch 8/19: loss1=0.0308, loss2=0.2349, dev_macro_f1=0.0645, dev_err=52.37%
2026-02-23 20:59:52,122 - lg_cotrain - INFO - Phase 2 epoch 9/19: loss1=0.0262, loss2=0.2217, dev_macro_f1=0.0645, dev_err=52.37%
2026-02-23 21:00:30,161 - lg_cotrain - INFO - Phase 2 epoch 10/19: loss1=0.0223, loss2=0.2135, dev_macro_f1=0.0645, dev_err=52.37%
2026-02-23 21:01:08,073 - lg_cotrain - INFO - Phase 2 epoch 11/19: loss1=0.0173, loss2=0.2071, dev_macro_f1=0.0645, dev_err=52.37%
2026-02-23 21:01:46,011 - lg_cotrain - INFO - Phase 2 epoch 12/19: loss1=0.0162, loss2=0.1969, dev_macro_f1=0.0645, dev_err=52.37%
2026-02-23 21:02:23,949 - lg_cotrain - INFO - Phase 2 epoch 13/19: loss1=0.0142, loss2=0.1890, dev_macro_f1=0.0645, dev_err=52.37%
2026-02-23 21:03:01,776 - lg_cotrain - INFO - Phase 2 epoch 14/19: loss1=0.0127, loss2=0.1833, dev_macro_f1=0.0645, dev_err=52.37%
2026-02-23 21:03:39,724 - lg_cotrain - INFO - Phase 2 epoch 15/19: loss1=0.0112, loss2=0.1778, dev_macro_f1=0.0645, dev_err=52.37%
2026-02-23 21:04:17,623 - lg_cotrain - INFO - Phase 2 epoch 16/19: loss1=0.0097, loss2=0.1721, dev_macro_f1=0.0645, dev_err=52.37%
2026-02-23 21:04:55,582 - lg_cotrain - INFO - Phase 2 epoch 17/19: loss1=0.0089, loss2=0.1671, dev_macro_f1=0.0645, dev_err=52.37%
2026-02-23 21:05:33,465 - lg_cotrain - INFO - Phase 2 epoch 18/19: loss1=0.0083, loss2=0.1632, dev_macro_f1=0.0645, dev_err=52.37%
2026-02-23 21:06:11,394 - lg_cotrain - INFO - Phase 2 epoch 19/19: loss1=0.0076, loss2=0.1586, dev_macro_f1=0.0645, dev_err=52.37%
2026-02-23 21:06:11,395 - lg_cotrain - INFO - === Phase 3: Fine-Tuning ===
2026-02-23 21:06:12,982 - lg_cotrain - INFO - Phase 3 epoch 1: dev_macro_f1=0.0645, dev_err=52.37%, es_counter1=0, es_counter2=0
2026-02-23 21:06:14,546 - lg_cotrain - INFO - Phase 3 epoch 2: dev_macro_f1=0.0645, dev_err=52.37%, es_counter1=1, es_counter2=1
2026-02-23 21:06:16,102 - lg_cotrain - INFO - Phase 3 epoch 3: dev_macro_f1=0.0645, dev_err=52.37%, es_counter1=2, es_counter2=2
2026-02-23 21:06:17,667 - lg_cotrain - INFO - Phase 3 epoch 4: dev_macro_f1=0.0645, dev_err=52.37%, es_counter1=3, es_counter2=3
2026-02-23 21:06:19,234 - lg_cotrain - INFO - Phase 3 epoch 5: dev_macro_f1=0.0645, dev_err=52.37%, es_counter1=4, es_counter2=4
2026-02-23 21:06:20,799 - lg_cotrain - INFO - Phase 3 epoch 6: dev_macro_f1=0.0039, dev_err=98.00%, es_counter1=5, es_counter2=5
2026-02-23 21:06:22,359 - lg_cotrain - INFO - Phase 3 epoch 7: dev_macro_f1=0.0010, dev_err=99.50%, es_counter1=6, es_counter2=6
2026-02-23 21:06:22,359 - lg_cotrain - INFO - Early stopping at epoch 7
2026-02-23 21:06:22,372 - lg_cotrain - INFO - === Final Evaluation ===
2026-02-23 21:06:26,145 - lg_cotrain - INFO - Results saved to C:\Users\anhtr\AppData\Local\Temp\tmpvxqtb8p4\cyclone_idai_2019\5_set2\metrics.json
2026-02-23 21:06:26,145 - lg_cotrain - INFO - Test error rate: 52.50%, Test macro-F1: 0.0644, Test ECE: 0.4875
2026-02-23 21:06:26,154 - lg_cotrain - INFO - --- Trial 8/10 done: dev_macro_f1=0.0645 ---
2026-02-23 21:06:26,154 - lg_cotrain - INFO - --- Trial 9/10 ---
2026-02-23 21:06:26,719 - lg_cotrain - INFO - Starting LG-CoTrain: event=cyclone_idai_2019, budget=5, seed_set=2
2026-02-23 21:06:26,746 - lg_cotrain - INFO - Detected 10 classes for event cyclone_idai_2019: ['caution_and_advice', 'displaced_people_and_evacuations', 'infrastructure_and_utility_damage', 'injured_or_dead_people', 'missing_or_found_people', 'not_humanitarian', 'other_relevant_information', 'requests_or_urgent_needs', 'rescue_volunteering_or_donation_effort', 'sympathy_and_support']
2026-02-23 21:06:26,753 - lg_cotrain - INFO - D_l1: 30, D_l2: 20, D_LG: 2703
2026-02-23 21:06:26,755 - lg_cotrain - INFO - === Phase 1: Weight Generation ===
2026-02-23 21:06:36,482 - lg_cotrain - INFO - Phase 1 epoch 1/7: mean_prob1=0.1074, mean_prob2=0.1213
2026-02-23 21:06:45,202 - lg_cotrain - INFO - Phase 1 epoch 2/7: mean_prob1=0.1056, mean_prob2=0.1169
2026-02-23 21:06:53,958 - lg_cotrain - INFO - Phase 1 epoch 3/7: mean_prob1=0.1037, mean_prob2=0.1155
2026-02-23 21:07:02,667 - lg_cotrain - INFO - Phase 1 epoch 4/7: mean_prob1=0.1019, mean_prob2=0.1113
2026-02-23 21:07:11,370 - lg_cotrain - INFO - Phase 1 epoch 5/7: mean_prob1=0.1016, mean_prob2=0.1053
2026-02-23 21:07:20,088 - lg_cotrain - INFO - Phase 1 epoch 6/7: mean_prob1=0.1011, mean_prob2=0.1017
2026-02-23 21:07:28,848 - lg_cotrain - INFO - Phase 1 epoch 7/7: mean_prob1=0.1016, mean_prob2=0.1045
2026-02-23 21:07:28,849 - lg_cotrain - INFO - === Phase 2: Co-Training ===
2026-02-23 21:07:29,885 - lg_cotrain - INFO - LR scheduler: total_steps_1=1120, warmup=234; total_steps_2=1120, warmup=234
2026-02-23 21:07:29,886 - lg_cotrain - INFO - Phase 1 done -> seeded Phase 2 trackers. lambda1: mean=0.1016, range=[0.0495, 0.2045]
2026-02-23 21:07:29,886 - lg_cotrain - INFO - Phase 1 done -> seeded Phase 2 trackers. lambda2: mean=0.1045, range=[0.0240, 0.2669]
2026-02-23 21:08:03,642 - lg_cotrain - INFO - Phase 2 epoch 1/12: loss1=0.2147, loss2=0.2014, dev_macro_f1=0.0645, dev_err=52.37%
2026-02-23 21:08:37,454 - lg_cotrain - INFO - Phase 2 epoch 2/12: loss1=0.1000, loss2=0.2137, dev_macro_f1=0.2961, dev_err=29.43%
2026-02-23 21:09:11,257 - lg_cotrain - INFO - Phase 2 epoch 3/12: loss1=0.0488, loss2=0.1951, dev_macro_f1=0.3206, dev_err=29.43%
2026-02-23 21:09:44,994 - lg_cotrain - INFO - Phase 2 epoch 4/12: loss1=0.0218, loss2=0.1366, dev_macro_f1=0.3324, dev_err=27.43%
2026-02-23 21:10:18,766 - lg_cotrain - INFO - Phase 2 epoch 5/12: loss1=0.0124, loss2=0.0895, dev_macro_f1=0.3396, dev_err=27.93%
2026-02-23 21:10:52,525 - lg_cotrain - INFO - Phase 2 epoch 6/12: loss1=0.0094, loss2=0.0649, dev_macro_f1=0.3480, dev_err=26.93%
2026-02-23 21:11:26,328 - lg_cotrain - INFO - Phase 2 epoch 7/12: loss1=0.0098, loss2=0.0493, dev_macro_f1=0.3467, dev_err=27.93%
2026-02-23 21:12:00,164 - lg_cotrain - INFO - Phase 2 epoch 8/12: loss1=0.0095, loss2=0.0382, dev_macro_f1=0.3741, dev_err=27.18%
2026-02-23 21:12:34,201 - lg_cotrain - INFO - Phase 2 epoch 9/12: loss1=0.0142, loss2=0.0311, dev_macro_f1=0.4050, dev_err=26.18%
2026-02-23 21:13:07,918 - lg_cotrain - INFO - Phase 2 epoch 10/12: loss1=0.0076, loss2=0.0252, dev_macro_f1=0.4080, dev_err=26.18%
2026-02-23 21:13:41,685 - lg_cotrain - INFO - Phase 2 epoch 11/12: loss1=0.0079, loss2=0.0216, dev_macro_f1=0.4103, dev_err=25.19%
2026-02-23 21:14:15,915 - lg_cotrain - INFO - Phase 2 epoch 12/12: loss1=0.0088, loss2=0.0200, dev_macro_f1=0.4056, dev_err=25.94%
2026-02-23 21:14:15,915 - lg_cotrain - INFO - === Phase 3: Fine-Tuning ===
2026-02-23 21:14:17,341 - lg_cotrain - INFO - Phase 3 epoch 1: dev_macro_f1=0.4039, dev_err=26.43%, es_counter1=0, es_counter2=0
2026-02-23 21:14:18,747 - lg_cotrain - INFO - Phase 3 epoch 2: dev_macro_f1=0.4534, dev_err=25.69%, es_counter1=0, es_counter2=0
2026-02-23 21:14:20,175 - lg_cotrain - INFO - Phase 3 epoch 3: dev_macro_f1=0.4898, dev_err=25.19%, es_counter1=0, es_counter2=0
2026-02-23 21:14:21,618 - lg_cotrain - INFO - Phase 3 epoch 4: dev_macro_f1=0.4919, dev_err=24.94%, es_counter1=0, es_counter2=0
2026-02-23 21:14:23,027 - lg_cotrain - INFO - Phase 3 epoch 5: dev_macro_f1=0.4853, dev_err=25.44%, es_counter1=1, es_counter2=1
2026-02-23 21:14:24,446 - lg_cotrain - INFO - Phase 3 epoch 6: dev_macro_f1=0.4762, dev_err=25.94%, es_counter1=2, es_counter2=2
2026-02-23 21:14:25,851 - lg_cotrain - INFO - Phase 3 epoch 7: dev_macro_f1=0.4709, dev_err=26.43%, es_counter1=3, es_counter2=3
2026-02-23 21:14:27,266 - lg_cotrain - INFO - Phase 3 epoch 8: dev_macro_f1=0.4655, dev_err=26.43%, es_counter1=4, es_counter2=4
2026-02-23 21:14:28,677 - lg_cotrain - INFO - Phase 3 epoch 9: dev_macro_f1=0.4729, dev_err=26.68%, es_counter1=5, es_counter2=5
2026-02-23 21:14:30,074 - lg_cotrain - INFO - Phase 3 epoch 10: dev_macro_f1=0.4885, dev_err=26.43%, es_counter1=6, es_counter2=6
2026-02-23 21:14:31,478 - lg_cotrain - INFO - Phase 3 epoch 11: dev_macro_f1=0.4873, dev_err=27.18%, es_counter1=7, es_counter2=7
2026-02-23 21:14:32,879 - lg_cotrain - INFO - Phase 3 epoch 12: dev_macro_f1=0.4895, dev_err=27.18%, es_counter1=8, es_counter2=8
2026-02-23 21:14:32,879 - lg_cotrain - INFO - Early stopping at epoch 12
2026-02-23 21:14:32,890 - lg_cotrain - INFO - === Final Evaluation ===
2026-02-23 21:14:36,361 - lg_cotrain - INFO - Results saved to C:\Users\anhtr\AppData\Local\Temp\tmpcja9x53a\cyclone_idai_2019\5_set2\metrics.json
2026-02-23 21:14:36,361 - lg_cotrain - INFO - Test error rate: 22.34%, Test macro-F1: 0.4878, Test ECE: 0.1148
2026-02-23 21:14:36,370 - lg_cotrain - INFO - --- Trial 9/10 done: dev_macro_f1=0.4919 ---
2026-02-23 21:14:36,370 - lg_cotrain - INFO - --- Trial 10/10 ---
2026-02-23 21:14:37,107 - lg_cotrain - INFO - Starting LG-CoTrain: event=cyclone_idai_2019, budget=5, seed_set=2
2026-02-23 21:14:37,138 - lg_cotrain - INFO - Detected 10 classes for event cyclone_idai_2019: ['caution_and_advice', 'displaced_people_and_evacuations', 'infrastructure_and_utility_damage', 'injured_or_dead_people', 'missing_or_found_people', 'not_humanitarian', 'other_relevant_information', 'requests_or_urgent_needs', 'rescue_volunteering_or_donation_effort', 'sympathy_and_support']
2026-02-23 21:14:37,138 - lg_cotrain - INFO - D_l1: 30, D_l2: 20, D_LG: 2703
2026-02-23 21:14:37,138 - lg_cotrain - INFO - === Phase 1: Weight Generation ===
2026-02-23 21:14:47,608 - lg_cotrain - INFO - Phase 1 epoch 1/7: mean_prob1=0.1096, mean_prob2=0.1170
2026-02-23 21:14:57,132 - lg_cotrain - INFO - Phase 1 epoch 2/7: mean_prob1=0.1064, mean_prob2=0.1051
2026-02-23 21:15:06,646 - lg_cotrain - INFO - Phase 1 epoch 3/7: mean_prob1=0.1034, mean_prob2=0.0977
2026-02-23 21:15:16,343 - lg_cotrain - INFO - Phase 1 epoch 4/7: mean_prob1=0.1004, mean_prob2=0.0943
2026-02-23 21:15:26,281 - lg_cotrain - INFO - Phase 1 epoch 5/7: mean_prob1=0.1025, mean_prob2=0.1014
2026-02-23 21:15:36,801 - lg_cotrain - INFO - Phase 1 epoch 6/7: mean_prob1=0.1054, mean_prob2=0.1085
2026-02-23 21:15:46,556 - lg_cotrain - INFO - Phase 1 epoch 7/7: mean_prob1=0.1087, mean_prob2=0.1137
2026-02-23 21:15:46,557 - lg_cotrain - INFO - === Phase 2: Co-Training ===
2026-02-23 21:15:47,766 - lg_cotrain - INFO - LR scheduler: total_steps_1=2735, warmup=563; total_steps_2=2735, warmup=563
2026-02-23 21:15:47,767 - lg_cotrain - INFO - Phase 1 done -> seeded Phase 2 trackers. lambda1: mean=0.1087, range=[0.0304, 0.2397]
2026-02-23 21:15:47,767 - lg_cotrain - INFO - Phase 1 done -> seeded Phase 2 trackers. lambda2: mean=0.1137, range=[0.0233, 0.2642]
2026-02-23 21:16:26,309 - lg_cotrain - INFO - Phase 2 epoch 1/15: loss1=0.2071, loss2=0.1967, dev_macro_f1=0.1889, dev_err=40.65%
2026-02-23 21:17:04,595 - lg_cotrain - INFO - Phase 2 epoch 2/15: loss1=0.0759, loss2=0.1924, dev_macro_f1=0.3174, dev_err=28.18%
2026-02-23 21:17:43,273 - lg_cotrain - INFO - Phase 2 epoch 3/15: loss1=0.0347, loss2=0.1883, dev_macro_f1=0.3568, dev_err=25.69%
2026-02-23 21:18:21,466 - lg_cotrain - INFO - Phase 2 epoch 4/15: loss1=0.0248, loss2=0.1514, dev_macro_f1=0.3558, dev_err=25.94%
2026-02-23 21:18:59,646 - lg_cotrain - INFO - Phase 2 epoch 5/15: loss1=0.0184, loss2=0.0926, dev_macro_f1=0.4174, dev_err=26.18%
2026-02-23 21:19:37,842 - lg_cotrain - INFO - Phase 2 epoch 6/15: loss1=0.0152, loss2=0.0676, dev_macro_f1=0.3970, dev_err=27.18%
2026-02-23 21:20:16,733 - lg_cotrain - INFO - Phase 2 epoch 7/15: loss1=0.0127, loss2=0.0334, dev_macro_f1=0.4149, dev_err=26.43%
2026-02-23 21:20:54,832 - lg_cotrain - INFO - Phase 2 epoch 8/15: loss1=0.0065, loss2=0.0235, dev_macro_f1=0.4491, dev_err=24.94%
2026-02-23 21:21:33,504 - lg_cotrain - INFO - Phase 2 epoch 9/15: loss1=0.0262, loss2=0.0169, dev_macro_f1=0.4403, dev_err=24.69%
2026-02-23 21:22:11,852 - lg_cotrain - INFO - Phase 2 epoch 10/15: loss1=0.0091, loss2=0.0091, dev_macro_f1=0.5110, dev_err=23.19%
2026-02-23 21:22:50,166 - lg_cotrain - INFO - Phase 2 epoch 11/15: loss1=0.0067, loss2=0.0068, dev_macro_f1=0.5002, dev_err=24.19%
2026-02-23 21:23:28,403 - lg_cotrain - INFO - Phase 2 epoch 12/15: loss1=0.0071, loss2=0.0058, dev_macro_f1=0.4955, dev_err=23.94%
2026-02-23 21:24:06,706 - lg_cotrain - INFO - Phase 2 epoch 13/15: loss1=0.0079, loss2=0.0053, dev_macro_f1=0.5260, dev_err=23.69%
2026-02-23 21:24:45,054 - lg_cotrain - INFO - Phase 2 epoch 14/15: loss1=0.0093, loss2=0.0047, dev_macro_f1=0.5098, dev_err=24.19%
2026-02-23 21:25:23,220 - lg_cotrain - INFO - Phase 2 epoch 15/15: loss1=0.0096, loss2=0.0046, dev_macro_f1=0.5049, dev_err=24.44%
2026-02-23 21:25:23,220 - lg_cotrain - INFO - === Phase 3: Fine-Tuning ===
2026-02-23 21:25:24,824 - lg_cotrain - INFO - Phase 3 epoch 1: dev_macro_f1=0.5000, dev_err=24.94%, es_counter1=0, es_counter2=0
2026-02-23 21:25:26,459 - lg_cotrain - INFO - Phase 3 epoch 2: dev_macro_f1=0.5047, dev_err=24.94%, es_counter1=0, es_counter2=0
2026-02-23 21:25:28,091 - lg_cotrain - INFO - Phase 3 epoch 3: dev_macro_f1=0.5118, dev_err=24.69%, es_counter1=0, es_counter2=0
2026-02-23 21:25:29,675 - lg_cotrain - INFO - Phase 3 epoch 4: dev_macro_f1=0.5061, dev_err=24.94%, es_counter1=1, es_counter2=1
2026-02-23 21:25:31,281 - lg_cotrain - INFO - Phase 3 epoch 5: dev_macro_f1=0.5021, dev_err=25.44%, es_counter1=2, es_counter2=2
2026-02-23 21:25:32,876 - lg_cotrain - INFO - Phase 3 epoch 6: dev_macro_f1=0.5017, dev_err=26.43%, es_counter1=3, es_counter2=3
2026-02-23 21:25:34,461 - lg_cotrain - INFO - Phase 3 epoch 7: dev_macro_f1=0.4971, dev_err=28.18%, es_counter1=4, es_counter2=4
2026-02-23 21:25:36,038 - lg_cotrain - INFO - Phase 3 epoch 8: dev_macro_f1=0.5087, dev_err=28.68%, es_counter1=5, es_counter2=5
2026-02-23 21:25:37,615 - lg_cotrain - INFO - Phase 3 epoch 9: dev_macro_f1=0.5053, dev_err=29.68%, es_counter1=6, es_counter2=6
2026-02-23 21:25:39,197 - lg_cotrain - INFO - Phase 3 epoch 10: dev_macro_f1=0.4945, dev_err=32.67%, es_counter1=7, es_counter2=7
2026-02-23 21:25:39,198 - lg_cotrain - INFO - Early stopping at epoch 10
2026-02-23 21:25:39,207 - lg_cotrain - INFO - === Final Evaluation ===
2026-02-23 21:25:43,049 - lg_cotrain - INFO - Results saved to C:\Users\anhtr\AppData\Local\Temp\tmpknw8llf6\cyclone_idai_2019\5_set2\metrics.json
2026-02-23 21:25:43,049 - lg_cotrain - INFO - Test error rate: 22.72%, Test macro-F1: 0.5323, Test ECE: 0.1354
2026-02-23 21:25:43,058 - lg_cotrain - INFO - --- Trial 10/10 done: dev_macro_f1=0.5118 ---
