2026-02-25 13:16:03,722 - lg_cotrain - INFO - === Optuna study: hurricane_florence_2018 budget=50 seed=1 | target=10 trials, 0 replayed, 10 new ===
2026-02-25 13:16:03,722 - lg_cotrain - INFO - --- Trial 1/10 ---
2026-02-25 13:16:04,187 - lg_cotrain - INFO - Starting LG-CoTrain: event=hurricane_florence_2018, budget=50, seed_set=1
2026-02-25 13:16:04,232 - lg_cotrain - INFO - Detected 9 classes for event hurricane_florence_2018: ['caution_and_advice', 'displaced_people_and_evacuations', 'infrastructure_and_utility_damage', 'injured_or_dead_people', 'not_humanitarian', 'other_relevant_information', 'requests_or_urgent_needs', 'rescue_volunteering_or_donation_effort', 'sympathy_and_support']
2026-02-25 13:16:04,241 - lg_cotrain - INFO - D_l1: 219, D_l2: 219, D_LG: 3946
2026-02-25 13:16:04,243 - lg_cotrain - INFO - === Phase 1: Weight Generation ===
2026-02-25 13:16:19,024 - lg_cotrain - INFO - Phase 1 epoch 1/7: mean_prob1=0.1243, mean_prob2=0.1212
2026-02-25 13:16:32,839 - lg_cotrain - INFO - Phase 1 epoch 2/7: mean_prob1=0.1370, mean_prob2=0.1394
2026-02-25 13:16:46,614 - lg_cotrain - INFO - Phase 1 epoch 3/7: mean_prob1=0.1779, mean_prob2=0.1580
2026-02-25 13:17:00,373 - lg_cotrain - INFO - Phase 1 epoch 4/7: mean_prob1=0.2301, mean_prob2=0.1959
2026-02-25 13:17:14,134 - lg_cotrain - INFO - Phase 1 epoch 5/7: mean_prob1=0.2634, mean_prob2=0.2358
2026-02-25 13:17:29,362 - lg_cotrain - INFO - Phase 1 epoch 6/7: mean_prob1=0.3799, mean_prob2=0.3006
2026-02-25 13:17:43,356 - lg_cotrain - INFO - Phase 1 epoch 7/7: mean_prob1=0.4212, mean_prob2=0.3791
2026-02-25 13:17:43,356 - lg_cotrain - INFO - === Phase 2: Co-Training ===
2026-02-25 13:17:44,341 - lg_cotrain - INFO - LR scheduler: total_steps_1=710, warmup=95; total_steps_2=710, warmup=95
2026-02-25 13:17:44,341 - lg_cotrain - INFO - Phase 1 done -> seeded Phase 2 trackers. lambda1: mean=0.4212, range=[0.0077, 0.8741]
2026-02-25 13:17:44,341 - lg_cotrain - INFO - Phase 1 done -> seeded Phase 2 trackers. lambda2: mean=0.3791, range=[0.0085, 0.8024]
2026-02-25 13:18:30,350 - lg_cotrain - INFO - Phase 2 epoch 1/5: loss1=0.6004, loss2=0.6416, dev_macro_f1=0.6121, dev_err=24.41%
2026-02-25 13:19:16,446 - lg_cotrain - INFO - Phase 2 epoch 2/5: loss1=0.0875, loss2=0.2251, dev_macro_f1=0.6213, dev_err=24.26%
2026-02-25 13:20:03,122 - lg_cotrain - INFO - Phase 2 epoch 3/5: loss1=0.0421, loss2=0.1437, dev_macro_f1=0.6329, dev_err=22.69%
2026-02-25 13:20:49,124 - lg_cotrain - INFO - Phase 2 epoch 4/5: loss1=0.0269, loss2=0.0992, dev_macro_f1=0.6434, dev_err=22.69%
2026-02-25 13:21:35,148 - lg_cotrain - INFO - Phase 2 epoch 5/5: loss1=0.0177, loss2=0.0687, dev_macro_f1=0.6486, dev_err=22.85%
2026-02-25 13:21:35,149 - lg_cotrain - INFO - === Phase 3: Fine-Tuning ===
2026-02-25 13:21:38,743 - lg_cotrain - INFO - Phase 3 epoch 1: dev_macro_f1=0.6347, dev_err=28.33%, es_counter1=0, es_counter2=0
2026-02-25 13:21:42,331 - lg_cotrain - INFO - Phase 3 epoch 2: dev_macro_f1=0.6532, dev_err=26.92%, es_counter1=0, es_counter2=0
2026-02-25 13:21:45,920 - lg_cotrain - INFO - Phase 3 epoch 3: dev_macro_f1=0.6652, dev_err=25.04%, es_counter1=0, es_counter2=0
2026-02-25 13:21:49,512 - lg_cotrain - INFO - Phase 3 epoch 4: dev_macro_f1=0.6804, dev_err=25.51%, es_counter1=0, es_counter2=0
2026-02-25 13:21:53,202 - lg_cotrain - INFO - Phase 3 epoch 5: dev_macro_f1=0.6726, dev_err=27.70%, es_counter1=1, es_counter2=1
2026-02-25 13:21:56,805 - lg_cotrain - INFO - Phase 3 epoch 6: dev_macro_f1=0.6799, dev_err=26.45%, es_counter1=2, es_counter2=2
2026-02-25 13:22:00,411 - lg_cotrain - INFO - Phase 3 epoch 7: dev_macro_f1=0.6878, dev_err=27.23%, es_counter1=0, es_counter2=0
2026-02-25 13:22:04,020 - lg_cotrain - INFO - Phase 3 epoch 8: dev_macro_f1=0.6912, dev_err=26.60%, es_counter1=0, es_counter2=0
2026-02-25 13:22:07,619 - lg_cotrain - INFO - Phase 3 epoch 9: dev_macro_f1=0.6920, dev_err=26.76%, es_counter1=0, es_counter2=0
2026-02-25 13:22:11,213 - lg_cotrain - INFO - Phase 3 epoch 10: dev_macro_f1=0.6885, dev_err=26.76%, es_counter1=1, es_counter2=1
2026-02-25 13:22:14,811 - lg_cotrain - INFO - Phase 3 epoch 11: dev_macro_f1=0.6873, dev_err=26.60%, es_counter1=2, es_counter2=2
2026-02-25 13:22:18,391 - lg_cotrain - INFO - Phase 3 epoch 12: dev_macro_f1=0.6889, dev_err=26.45%, es_counter1=3, es_counter2=3
2026-02-25 13:22:21,974 - lg_cotrain - INFO - Phase 3 epoch 13: dev_macro_f1=0.6888, dev_err=26.45%, es_counter1=4, es_counter2=4
2026-02-25 13:22:25,555 - lg_cotrain - INFO - Phase 3 epoch 14: dev_macro_f1=0.6914, dev_err=26.45%, es_counter1=5, es_counter2=5
2026-02-25 13:22:29,167 - lg_cotrain - INFO - Phase 3 epoch 15: dev_macro_f1=0.6952, dev_err=26.29%, es_counter1=0, es_counter2=0
2026-02-25 13:22:32,756 - lg_cotrain - INFO - Phase 3 epoch 16: dev_macro_f1=0.6903, dev_err=26.76%, es_counter1=1, es_counter2=1
2026-02-25 13:22:36,350 - lg_cotrain - INFO - Phase 3 epoch 17: dev_macro_f1=0.6917, dev_err=26.29%, es_counter1=2, es_counter2=2
2026-02-25 13:22:39,936 - lg_cotrain - INFO - Phase 3 epoch 18: dev_macro_f1=0.6930, dev_err=26.13%, es_counter1=3, es_counter2=3
2026-02-25 13:22:43,550 - lg_cotrain - INFO - Phase 3 epoch 19: dev_macro_f1=0.6952, dev_err=25.98%, es_counter1=0, es_counter2=0
2026-02-25 13:22:47,151 - lg_cotrain - INFO - Phase 3 epoch 20: dev_macro_f1=0.6957, dev_err=26.13%, es_counter1=0, es_counter2=0
2026-02-25 13:22:50,762 - lg_cotrain - INFO - Phase 3 epoch 21: dev_macro_f1=0.6967, dev_err=25.98%, es_counter1=0, es_counter2=0
2026-02-25 13:22:54,342 - lg_cotrain - INFO - Phase 3 epoch 22: dev_macro_f1=0.6967, dev_err=25.98%, es_counter1=1, es_counter2=1
2026-02-25 13:22:57,932 - lg_cotrain - INFO - Phase 3 epoch 23: dev_macro_f1=0.6967, dev_err=25.98%, es_counter1=2, es_counter2=2
2026-02-25 13:23:01,559 - lg_cotrain - INFO - Phase 3 epoch 24: dev_macro_f1=0.6976, dev_err=25.82%, es_counter1=0, es_counter2=0
2026-02-25 13:23:05,150 - lg_cotrain - INFO - Phase 3 epoch 25: dev_macro_f1=0.6976, dev_err=25.82%, es_counter1=1, es_counter2=1
2026-02-25 13:23:08,741 - lg_cotrain - INFO - Phase 3 epoch 26: dev_macro_f1=0.6976, dev_err=25.82%, es_counter1=2, es_counter2=2
2026-02-25 13:23:12,337 - lg_cotrain - INFO - Phase 3 epoch 27: dev_macro_f1=0.6976, dev_err=25.82%, es_counter1=3, es_counter2=3
2026-02-25 13:23:15,913 - lg_cotrain - INFO - Phase 3 epoch 28: dev_macro_f1=0.6976, dev_err=25.82%, es_counter1=4, es_counter2=4
2026-02-25 13:23:19,500 - lg_cotrain - INFO - Phase 3 epoch 29: dev_macro_f1=0.6960, dev_err=25.98%, es_counter1=5, es_counter2=5
2026-02-25 13:23:23,097 - lg_cotrain - INFO - Phase 3 epoch 30: dev_macro_f1=0.6961, dev_err=25.98%, es_counter1=6, es_counter2=6
2026-02-25 13:23:26,686 - lg_cotrain - INFO - Phase 3 epoch 31: dev_macro_f1=0.6961, dev_err=25.98%, es_counter1=7, es_counter2=7
2026-02-25 13:23:30,275 - lg_cotrain - INFO - Phase 3 epoch 32: dev_macro_f1=0.6961, dev_err=25.98%, es_counter1=8, es_counter2=8
2026-02-25 13:23:30,276 - lg_cotrain - INFO - Early stopping at epoch 32
2026-02-25 13:23:30,288 - lg_cotrain - INFO - === Final Evaluation ===
2026-02-25 13:23:35,625 - lg_cotrain - INFO - Results saved to C:\Users\anhtr\AppData\Local\Temp\tmp34laq38t\hurricane_florence_2018\50_set1\metrics.json
2026-02-25 13:23:35,625 - lg_cotrain - INFO - Test error rate: 28.53%, Test macro-F1: 0.6701, Test ECE: 0.1162
2026-02-25 13:23:35,637 - lg_cotrain - INFO - --- Trial 1/10 done: dev_macro_f1=0.6976 ---
2026-02-25 13:23:35,638 - lg_cotrain - INFO - --- Trial 2/10 ---
2026-02-25 13:23:36,171 - lg_cotrain - INFO - Starting LG-CoTrain: event=hurricane_florence_2018, budget=50, seed_set=1
2026-02-25 13:23:36,199 - lg_cotrain - INFO - Detected 9 classes for event hurricane_florence_2018: ['caution_and_advice', 'displaced_people_and_evacuations', 'infrastructure_and_utility_damage', 'injured_or_dead_people', 'not_humanitarian', 'other_relevant_information', 'requests_or_urgent_needs', 'rescue_volunteering_or_donation_effort', 'sympathy_and_support']
2026-02-25 13:23:36,205 - lg_cotrain - INFO - D_l1: 219, D_l2: 219, D_LG: 3946
2026-02-25 13:23:36,206 - lg_cotrain - INFO - === Phase 1: Weight Generation ===
2026-02-25 13:23:51,541 - lg_cotrain - INFO - Phase 1 epoch 1/7: mean_prob1=0.1305, mean_prob2=0.1142
2026-02-25 13:24:05,887 - lg_cotrain - INFO - Phase 1 epoch 2/7: mean_prob1=0.1776, mean_prob2=0.1359
2026-02-25 13:24:20,195 - lg_cotrain - INFO - Phase 1 epoch 3/7: mean_prob1=0.2503, mean_prob2=0.1711
2026-02-25 13:24:34,507 - lg_cotrain - INFO - Phase 1 epoch 4/7: mean_prob1=0.3795, mean_prob2=0.2518
2026-02-25 13:24:48,761 - lg_cotrain - INFO - Phase 1 epoch 5/7: mean_prob1=0.4656, mean_prob2=0.3831
2026-02-25 13:25:03,109 - lg_cotrain - INFO - Phase 1 epoch 6/7: mean_prob1=0.4940, mean_prob2=0.4661
2026-02-25 13:25:17,441 - lg_cotrain - INFO - Phase 1 epoch 7/7: mean_prob1=0.5578, mean_prob2=0.5315
2026-02-25 13:25:17,442 - lg_cotrain - INFO - === Phase 2: Co-Training ===
2026-02-25 13:25:18,524 - lg_cotrain - INFO - LR scheduler: total_steps_1=2188, warmup=512; total_steps_2=2188, warmup=512
2026-02-25 13:25:18,524 - lg_cotrain - INFO - Phase 1 done -> seeded Phase 2 trackers. lambda1: mean=0.5578, range=[0.0013, 0.9651]
2026-02-25 13:25:18,524 - lg_cotrain - INFO - Phase 1 done -> seeded Phase 2 trackers. lambda2: mean=0.5315, range=[0.0020, 0.9581]
2026-02-25 13:26:08,039 - lg_cotrain - INFO - Phase 2 epoch 1/12: loss1=0.8841, loss2=0.8859, dev_macro_f1=0.5550, dev_err=29.42%
2026-02-25 13:26:57,604 - lg_cotrain - INFO - Phase 2 epoch 2/12: loss1=0.1195, loss2=0.2774, dev_macro_f1=0.6257, dev_err=23.94%
2026-02-25 13:27:47,068 - lg_cotrain - INFO - Phase 2 epoch 3/12: loss1=0.0574, loss2=0.1926, dev_macro_f1=0.6437, dev_err=22.07%
2026-02-25 13:28:36,530 - lg_cotrain - INFO - Phase 2 epoch 4/12: loss1=0.0491, loss2=0.1518, dev_macro_f1=0.6273, dev_err=23.00%
2026-02-25 13:29:26,085 - lg_cotrain - INFO - Phase 2 epoch 5/12: loss1=0.0773, loss2=0.1404, dev_macro_f1=0.6410, dev_err=22.07%
2026-02-25 13:30:15,665 - lg_cotrain - INFO - Phase 2 epoch 6/12: loss1=0.0468, loss2=0.0854, dev_macro_f1=0.6458, dev_err=22.07%
2026-02-25 13:31:05,305 - lg_cotrain - INFO - Phase 2 epoch 7/12: loss1=0.0264, loss2=0.0712, dev_macro_f1=0.6528, dev_err=21.91%
2026-02-25 13:31:54,847 - lg_cotrain - INFO - Phase 2 epoch 8/12: loss1=0.0169, loss2=0.0451, dev_macro_f1=0.6356, dev_err=23.47%
2026-02-25 13:32:44,390 - lg_cotrain - INFO - Phase 2 epoch 9/12: loss1=0.0189, loss2=0.0342, dev_macro_f1=0.6370, dev_err=23.63%
2026-02-25 13:33:33,868 - lg_cotrain - INFO - Phase 2 epoch 10/12: loss1=0.0167, loss2=0.0228, dev_macro_f1=0.6516, dev_err=23.47%
2026-02-25 13:34:23,478 - lg_cotrain - INFO - Phase 2 epoch 11/12: loss1=0.0191, loss2=0.0114, dev_macro_f1=0.6443, dev_err=24.10%
2026-02-25 13:35:13,112 - lg_cotrain - INFO - Phase 2 epoch 12/12: loss1=0.0116, loss2=0.0060, dev_macro_f1=0.6400, dev_err=24.10%
2026-02-25 13:35:13,112 - lg_cotrain - INFO - === Phase 3: Fine-Tuning ===
2026-02-25 13:35:16,940 - lg_cotrain - INFO - Phase 3 epoch 1: dev_macro_f1=0.6613, dev_err=25.51%, es_counter1=0, es_counter2=0
2026-02-25 13:35:20,753 - lg_cotrain - INFO - Phase 3 epoch 2: dev_macro_f1=0.6736, dev_err=27.39%, es_counter1=0, es_counter2=0
2026-02-25 13:35:24,560 - lg_cotrain - INFO - Phase 3 epoch 3: dev_macro_f1=0.6709, dev_err=24.73%, es_counter1=1, es_counter2=1
2026-02-25 13:35:28,336 - lg_cotrain - INFO - Phase 3 epoch 4: dev_macro_f1=0.6636, dev_err=26.60%, es_counter1=2, es_counter2=2
2026-02-25 13:35:32,146 - lg_cotrain - INFO - Phase 3 epoch 5: dev_macro_f1=0.6608, dev_err=28.79%, es_counter1=3, es_counter2=3
2026-02-25 13:35:35,951 - lg_cotrain - INFO - Phase 3 epoch 6: dev_macro_f1=0.6694, dev_err=27.07%, es_counter1=4, es_counter2=4
2026-02-25 13:35:39,775 - lg_cotrain - INFO - Phase 3 epoch 7: dev_macro_f1=0.6854, dev_err=24.73%, es_counter1=0, es_counter2=0
2026-02-25 13:35:43,575 - lg_cotrain - INFO - Phase 3 epoch 8: dev_macro_f1=0.6830, dev_err=24.26%, es_counter1=1, es_counter2=1
2026-02-25 13:35:47,370 - lg_cotrain - INFO - Phase 3 epoch 9: dev_macro_f1=0.6781, dev_err=25.98%, es_counter1=2, es_counter2=2
2026-02-25 13:35:51,169 - lg_cotrain - INFO - Phase 3 epoch 10: dev_macro_f1=0.6704, dev_err=27.23%, es_counter1=3, es_counter2=3
2026-02-25 13:35:54,965 - lg_cotrain - INFO - Phase 3 epoch 11: dev_macro_f1=0.6682, dev_err=27.86%, es_counter1=4, es_counter2=4
2026-02-25 13:35:58,775 - lg_cotrain - INFO - Phase 3 epoch 12: dev_macro_f1=0.6686, dev_err=28.17%, es_counter1=5, es_counter2=5
2026-02-25 13:36:02,586 - lg_cotrain - INFO - Phase 3 epoch 13: dev_macro_f1=0.6685, dev_err=28.17%, es_counter1=6, es_counter2=6
2026-02-25 13:36:06,386 - lg_cotrain - INFO - Phase 3 epoch 14: dev_macro_f1=0.6699, dev_err=27.39%, es_counter1=7, es_counter2=7
2026-02-25 13:36:10,183 - lg_cotrain - INFO - Phase 3 epoch 15: dev_macro_f1=0.6677, dev_err=27.39%, es_counter1=8, es_counter2=8
2026-02-25 13:36:13,996 - lg_cotrain - INFO - Phase 3 epoch 16: dev_macro_f1=0.6686, dev_err=27.23%, es_counter1=9, es_counter2=9
2026-02-25 13:36:17,798 - lg_cotrain - INFO - Phase 3 epoch 17: dev_macro_f1=0.6669, dev_err=27.39%, es_counter1=10, es_counter2=10
2026-02-25 13:36:17,798 - lg_cotrain - INFO - Early stopping at epoch 17
2026-02-25 13:36:17,813 - lg_cotrain - INFO - === Final Evaluation ===
2026-02-25 13:36:23,372 - lg_cotrain - INFO - Results saved to C:\Users\anhtr\AppData\Local\Temp\tmptbkwclnd\hurricane_florence_2018\50_set1\metrics.json
2026-02-25 13:36:23,372 - lg_cotrain - INFO - Test error rate: 26.27%, Test macro-F1: 0.6671, Test ECE: 0.0840
2026-02-25 13:36:23,383 - lg_cotrain - INFO - --- Trial 2/10 done: dev_macro_f1=0.6854 ---
2026-02-25 13:36:23,383 - lg_cotrain - INFO - --- Trial 3/10 ---
2026-02-25 13:36:23,894 - lg_cotrain - INFO - Starting LG-CoTrain: event=hurricane_florence_2018, budget=50, seed_set=1
2026-02-25 13:36:23,927 - lg_cotrain - INFO - Detected 9 classes for event hurricane_florence_2018: ['caution_and_advice', 'displaced_people_and_evacuations', 'infrastructure_and_utility_damage', 'injured_or_dead_people', 'not_humanitarian', 'other_relevant_information', 'requests_or_urgent_needs', 'rescue_volunteering_or_donation_effort', 'sympathy_and_support']
2026-02-25 13:36:23,934 - lg_cotrain - INFO - D_l1: 219, D_l2: 219, D_LG: 3946
2026-02-25 13:36:23,936 - lg_cotrain - INFO - === Phase 1: Weight Generation ===
2026-02-25 13:36:39,273 - lg_cotrain - INFO - Phase 1 epoch 1/7: mean_prob1=0.1196, mean_prob2=0.1118
2026-02-25 13:36:53,630 - lg_cotrain - INFO - Phase 1 epoch 2/7: mean_prob1=0.1190, mean_prob2=0.1231
2026-02-25 13:37:07,856 - lg_cotrain - INFO - Phase 1 epoch 3/7: mean_prob1=0.1238, mean_prob2=0.1288
2026-02-25 13:37:22,106 - lg_cotrain - INFO - Phase 1 epoch 4/7: mean_prob1=0.1270, mean_prob2=0.1338
2026-02-25 13:37:36,467 - lg_cotrain - INFO - Phase 1 epoch 5/7: mean_prob1=0.1310, mean_prob2=0.1392
2026-02-25 13:37:50,717 - lg_cotrain - INFO - Phase 1 epoch 6/7: mean_prob1=0.1344, mean_prob2=0.1465
2026-02-25 13:38:04,929 - lg_cotrain - INFO - Phase 1 epoch 7/7: mean_prob1=0.1444, mean_prob2=0.1506
2026-02-25 13:38:04,929 - lg_cotrain - INFO - === Phase 2: Co-Training ===
2026-02-25 13:38:06,063 - lg_cotrain - INFO - LR scheduler: total_steps_1=1692, warmup=52; total_steps_2=1692, warmup=52
2026-02-25 13:38:06,064 - lg_cotrain - INFO - Phase 1 done -> seeded Phase 2 trackers. lambda1: mean=0.1444, range=[0.0434, 0.3229]
2026-02-25 13:38:06,064 - lg_cotrain - INFO - Phase 1 done -> seeded Phase 2 trackers. lambda2: mean=0.1506, range=[0.0207, 0.3820]
2026-02-25 13:38:57,287 - lg_cotrain - INFO - Phase 2 epoch 1/8: loss1=0.2697, loss2=0.2504, dev_macro_f1=0.2782, dev_err=48.51%
2026-02-25 13:39:46,895 - lg_cotrain - INFO - Phase 2 epoch 2/8: loss1=0.1171, loss2=0.1956, dev_macro_f1=0.5992, dev_err=26.29%
2026-02-25 13:40:36,442 - lg_cotrain - INFO - Phase 2 epoch 3/8: loss1=0.0627, loss2=0.1443, dev_macro_f1=0.6278, dev_err=23.32%
2026-02-25 13:41:25,942 - lg_cotrain - INFO - Phase 2 epoch 4/8: loss1=0.0411, loss2=0.1037, dev_macro_f1=0.6340, dev_err=21.91%
2026-02-25 13:42:15,465 - lg_cotrain - INFO - Phase 2 epoch 5/8: loss1=0.0305, loss2=0.0745, dev_macro_f1=0.6294, dev_err=23.00%
2026-02-25 13:43:04,942 - lg_cotrain - INFO - Phase 2 epoch 6/8: loss1=0.0234, loss2=0.0608, dev_macro_f1=0.6293, dev_err=22.54%
2026-02-25 13:43:54,409 - lg_cotrain - INFO - Phase 2 epoch 7/8: loss1=0.0206, loss2=0.0501, dev_macro_f1=0.6275, dev_err=22.85%
2026-02-25 13:44:43,961 - lg_cotrain - INFO - Phase 2 epoch 8/8: loss1=0.0158, loss2=0.0421, dev_macro_f1=0.6245, dev_err=23.47%
2026-02-25 13:44:43,961 - lg_cotrain - INFO - === Phase 3: Fine-Tuning ===
2026-02-25 13:44:47,771 - lg_cotrain - INFO - Phase 3 epoch 1: dev_macro_f1=0.6459, dev_err=22.38%, es_counter1=0, es_counter2=0
2026-02-25 13:44:51,601 - lg_cotrain - INFO - Phase 3 epoch 2: dev_macro_f1=0.6525, dev_err=24.41%, es_counter1=0, es_counter2=0
2026-02-25 13:44:55,417 - lg_cotrain - INFO - Phase 3 epoch 3: dev_macro_f1=0.6604, dev_err=23.94%, es_counter1=0, es_counter2=0
2026-02-25 13:44:59,235 - lg_cotrain - INFO - Phase 3 epoch 4: dev_macro_f1=0.6835, dev_err=20.81%, es_counter1=0, es_counter2=0
2026-02-25 13:45:03,038 - lg_cotrain - INFO - Phase 3 epoch 5: dev_macro_f1=0.6774, dev_err=21.44%, es_counter1=1, es_counter2=1
2026-02-25 13:45:06,832 - lg_cotrain - INFO - Phase 3 epoch 6: dev_macro_f1=0.6762, dev_err=21.60%, es_counter1=2, es_counter2=2
2026-02-25 13:45:10,633 - lg_cotrain - INFO - Phase 3 epoch 7: dev_macro_f1=0.6735, dev_err=21.60%, es_counter1=3, es_counter2=3
2026-02-25 13:45:14,431 - lg_cotrain - INFO - Phase 3 epoch 8: dev_macro_f1=0.6757, dev_err=22.22%, es_counter1=4, es_counter2=4
2026-02-25 13:45:14,431 - lg_cotrain - INFO - Early stopping at epoch 8
2026-02-25 13:45:14,442 - lg_cotrain - INFO - === Final Evaluation ===
2026-02-25 13:45:19,975 - lg_cotrain - INFO - Results saved to C:\Users\anhtr\AppData\Local\Temp\tmp5_9fc3jy\hurricane_florence_2018\50_set1\metrics.json
2026-02-25 13:45:19,975 - lg_cotrain - INFO - Test error rate: 23.85%, Test macro-F1: 0.6594, Test ECE: 0.0315
2026-02-25 13:45:19,985 - lg_cotrain - INFO - --- Trial 3/10 done: dev_macro_f1=0.6835 ---
2026-02-25 13:45:19,985 - lg_cotrain - INFO - --- Trial 4/10 ---
2026-02-25 13:45:20,532 - lg_cotrain - INFO - Starting LG-CoTrain: event=hurricane_florence_2018, budget=50, seed_set=1
2026-02-25 13:45:20,565 - lg_cotrain - INFO - Detected 9 classes for event hurricane_florence_2018: ['caution_and_advice', 'displaced_people_and_evacuations', 'infrastructure_and_utility_damage', 'injured_or_dead_people', 'not_humanitarian', 'other_relevant_information', 'requests_or_urgent_needs', 'rescue_volunteering_or_donation_effort', 'sympathy_and_support']
2026-02-25 13:45:20,571 - lg_cotrain - INFO - D_l1: 219, D_l2: 219, D_LG: 3946
2026-02-25 13:45:20,573 - lg_cotrain - INFO - === Phase 1: Weight Generation ===
2026-02-25 13:45:35,849 - lg_cotrain - INFO - Phase 1 epoch 1/7: mean_prob1=0.1053, mean_prob2=0.1166
2026-02-25 13:45:49,972 - lg_cotrain - INFO - Phase 1 epoch 2/7: mean_prob1=0.1134, mean_prob2=0.1139
2026-02-25 13:46:04,145 - lg_cotrain - INFO - Phase 1 epoch 3/7: mean_prob1=0.1158, mean_prob2=0.1171
2026-02-25 13:46:18,316 - lg_cotrain - INFO - Phase 1 epoch 4/7: mean_prob1=0.1151, mean_prob2=0.1038
2026-02-25 13:46:32,597 - lg_cotrain - INFO - Phase 1 epoch 5/7: mean_prob1=0.1165, mean_prob2=0.1221
2026-02-25 13:46:46,783 - lg_cotrain - INFO - Phase 1 epoch 6/7: mean_prob1=0.1073, mean_prob2=0.1163
2026-02-25 13:47:00,939 - lg_cotrain - INFO - Phase 1 epoch 7/7: mean_prob1=0.1198, mean_prob2=0.1121
2026-02-25 13:47:00,939 - lg_cotrain - INFO - === Phase 2: Co-Training ===
2026-02-25 13:47:01,987 - lg_cotrain - INFO - LR scheduler: total_steps_1=2436, warmup=377; total_steps_2=2436, warmup=377
2026-02-25 13:47:01,987 - lg_cotrain - INFO - Phase 1 done -> seeded Phase 2 trackers. lambda1: mean=0.1198, range=[0.0822, 0.1411]
2026-02-25 13:47:01,987 - lg_cotrain - INFO - Phase 1 done -> seeded Phase 2 trackers. lambda2: mean=0.1121, range=[0.0621, 0.1921]
2026-02-25 13:47:51,570 - lg_cotrain - INFO - Phase 2 epoch 1/14: loss1=0.1437, loss2=0.1458, dev_macro_f1=0.5738, dev_err=30.36%
2026-02-25 13:48:41,117 - lg_cotrain - INFO - Phase 2 epoch 2/14: loss1=0.0737, loss2=0.8699, dev_macro_f1=0.3907, dev_err=46.32%
2026-02-25 13:49:30,337 - lg_cotrain - INFO - Phase 2 epoch 3/14: loss1=0.0906, loss2=1.1466, dev_macro_f1=0.1277, dev_err=62.75%
2026-02-25 13:50:19,531 - lg_cotrain - INFO - Phase 2 epoch 4/14: loss1=0.1266, loss2=1.0618, dev_macro_f1=0.1282, dev_err=62.60%
2026-02-25 13:51:08,714 - lg_cotrain - INFO - Phase 2 epoch 5/14: loss1=0.1266, loss2=0.9508, dev_macro_f1=0.0425, dev_err=76.37%
2026-02-25 13:51:57,923 - lg_cotrain - INFO - Phase 2 epoch 6/14: loss1=0.1321, loss2=0.8840, dev_macro_f1=0.0425, dev_err=76.37%
2026-02-25 13:52:47,151 - lg_cotrain - INFO - Phase 2 epoch 7/14: loss1=0.1385, loss2=0.9379, dev_macro_f1=0.0425, dev_err=76.37%
2026-02-25 13:53:36,323 - lg_cotrain - INFO - Phase 2 epoch 8/14: loss1=0.1294, loss2=0.9618, dev_macro_f1=0.0425, dev_err=76.37%
2026-02-25 13:54:25,479 - lg_cotrain - INFO - Phase 2 epoch 9/14: loss1=0.1218, loss2=0.9089, dev_macro_f1=0.0425, dev_err=76.37%
2026-02-25 13:55:14,798 - lg_cotrain - INFO - Phase 2 epoch 10/14: loss1=0.1337, loss2=0.8701, dev_macro_f1=0.0425, dev_err=76.37%
2026-02-25 13:56:03,979 - lg_cotrain - INFO - Phase 2 epoch 11/14: loss1=0.1139, loss2=0.8420, dev_macro_f1=0.0425, dev_err=76.37%
2026-02-25 13:56:53,127 - lg_cotrain - INFO - Phase 2 epoch 12/14: loss1=0.1104, loss2=0.8158, dev_macro_f1=0.0425, dev_err=76.37%
2026-02-25 13:57:42,693 - lg_cotrain - INFO - Phase 2 epoch 13/14: loss1=0.1086, loss2=0.7880, dev_macro_f1=0.0425, dev_err=76.37%
2026-02-25 13:58:31,861 - lg_cotrain - INFO - Phase 2 epoch 14/14: loss1=0.1082, loss2=0.7672, dev_macro_f1=0.0425, dev_err=76.37%
2026-02-25 13:58:31,861 - lg_cotrain - INFO - === Phase 3: Fine-Tuning ===
2026-02-25 13:58:35,635 - lg_cotrain - INFO - Phase 3 epoch 1: dev_macro_f1=0.0109, dev_err=94.84%, es_counter1=0, es_counter2=0
2026-02-25 13:58:39,391 - lg_cotrain - INFO - Phase 3 epoch 2: dev_macro_f1=0.0017, dev_err=99.22%, es_counter1=1, es_counter2=1
2026-02-25 13:58:43,177 - lg_cotrain - INFO - Phase 3 epoch 3: dev_macro_f1=0.0205, dev_err=89.83%, es_counter1=0, es_counter2=0
2026-02-25 13:58:46,945 - lg_cotrain - INFO - Phase 3 epoch 4: dev_macro_f1=0.0155, dev_err=92.49%, es_counter1=1, es_counter2=1
2026-02-25 13:58:50,699 - lg_cotrain - INFO - Phase 3 epoch 5: dev_macro_f1=0.0100, dev_err=95.31%, es_counter1=2, es_counter2=2
2026-02-25 13:58:54,479 - lg_cotrain - INFO - Phase 3 epoch 6: dev_macro_f1=0.0385, dev_err=79.03%, es_counter1=0, es_counter2=0
2026-02-25 13:58:58,238 - lg_cotrain - INFO - Phase 3 epoch 7: dev_macro_f1=0.0155, dev_err=92.49%, es_counter1=1, es_counter2=1
2026-02-25 13:59:02,012 - lg_cotrain - INFO - Phase 3 epoch 8: dev_macro_f1=0.0425, dev_err=76.37%, es_counter1=0, es_counter2=0
2026-02-25 13:59:05,777 - lg_cotrain - INFO - Phase 3 epoch 9: dev_macro_f1=0.0100, dev_err=95.31%, es_counter1=1, es_counter2=1
2026-02-25 13:59:09,539 - lg_cotrain - INFO - Phase 3 epoch 10: dev_macro_f1=0.0100, dev_err=95.31%, es_counter1=2, es_counter2=2
2026-02-25 13:59:13,314 - lg_cotrain - INFO - Phase 3 epoch 11: dev_macro_f1=0.0205, dev_err=89.83%, es_counter1=3, es_counter2=3
2026-02-25 13:59:17,085 - lg_cotrain - INFO - Phase 3 epoch 12: dev_macro_f1=0.0205, dev_err=89.83%, es_counter1=4, es_counter2=4
2026-02-25 13:59:20,855 - lg_cotrain - INFO - Phase 3 epoch 13: dev_macro_f1=0.0385, dev_err=79.03%, es_counter1=5, es_counter2=5
2026-02-25 13:59:24,629 - lg_cotrain - INFO - Phase 3 epoch 14: dev_macro_f1=0.0205, dev_err=89.83%, es_counter1=6, es_counter2=6
2026-02-25 13:59:28,392 - lg_cotrain - INFO - Phase 3 epoch 15: dev_macro_f1=0.0109, dev_err=94.84%, es_counter1=7, es_counter2=7
2026-02-25 13:59:32,174 - lg_cotrain - INFO - Phase 3 epoch 16: dev_macro_f1=0.0109, dev_err=94.84%, es_counter1=8, es_counter2=8
2026-02-25 13:59:32,174 - lg_cotrain - INFO - Early stopping at epoch 16
2026-02-25 13:59:32,184 - lg_cotrain - INFO - === Final Evaluation ===
2026-02-25 13:59:37,631 - lg_cotrain - INFO - Results saved to C:\Users\anhtr\AppData\Local\Temp\tmpi7q87jbp\hurricane_florence_2018\50_set1\metrics.json
2026-02-25 13:59:37,633 - lg_cotrain - INFO - Test error rate: 76.39%, Test macro-F1: 0.0424, Test ECE: 0.1035
2026-02-25 13:59:37,644 - lg_cotrain - INFO - --- Trial 4/10 done: dev_macro_f1=0.0425 ---
2026-02-25 13:59:37,644 - lg_cotrain - INFO - --- Trial 5/10 ---
2026-02-25 13:59:38,140 - lg_cotrain - INFO - Starting LG-CoTrain: event=hurricane_florence_2018, budget=50, seed_set=1
2026-02-25 13:59:38,169 - lg_cotrain - INFO - Detected 9 classes for event hurricane_florence_2018: ['caution_and_advice', 'displaced_people_and_evacuations', 'infrastructure_and_utility_damage', 'injured_or_dead_people', 'not_humanitarian', 'other_relevant_information', 'requests_or_urgent_needs', 'rescue_volunteering_or_donation_effort', 'sympathy_and_support']
2026-02-25 13:59:38,175 - lg_cotrain - INFO - D_l1: 219, D_l2: 219, D_LG: 3946
2026-02-25 13:59:38,176 - lg_cotrain - INFO - === Phase 1: Weight Generation ===
2026-02-25 13:59:52,812 - lg_cotrain - INFO - Phase 1 epoch 1/7: mean_prob1=0.1123, mean_prob2=0.1144
2026-02-25 14:00:06,636 - lg_cotrain - INFO - Phase 1 epoch 2/7: mean_prob1=0.1391, mean_prob2=0.1527
2026-02-25 14:00:20,360 - lg_cotrain - INFO - Phase 1 epoch 3/7: mean_prob1=0.1752, mean_prob2=0.2321
2026-02-25 14:00:34,071 - lg_cotrain - INFO - Phase 1 epoch 4/7: mean_prob1=0.2202, mean_prob2=0.2955
2026-02-25 14:00:47,826 - lg_cotrain - INFO - Phase 1 epoch 5/7: mean_prob1=0.3393, mean_prob2=0.4678
2026-02-25 14:01:01,576 - lg_cotrain - INFO - Phase 1 epoch 6/7: mean_prob1=0.4095, mean_prob2=0.4646
2026-02-25 14:01:15,314 - lg_cotrain - INFO - Phase 1 epoch 7/7: mean_prob1=0.4446, mean_prob2=0.5307
2026-02-25 14:01:15,314 - lg_cotrain - INFO - === Phase 2: Co-Training ===
2026-02-25 14:01:16,326 - lg_cotrain - INFO - LR scheduler: total_steps_1=772, warmup=16; total_steps_2=772, warmup=16
2026-02-25 14:01:16,326 - lg_cotrain - INFO - Phase 1 done -> seeded Phase 2 trackers. lambda1: mean=0.4446, range=[0.0021, 0.9569]
2026-02-25 14:01:16,326 - lg_cotrain - INFO - Phase 1 done -> seeded Phase 2 trackers. lambda2: mean=0.5307, range=[0.0012, 0.9766]
2026-02-25 14:02:02,404 - lg_cotrain - INFO - Phase 2 epoch 1/6: loss1=0.4705, loss2=0.3594, dev_macro_f1=0.5902, dev_err=28.33%
2026-02-25 14:02:48,525 - lg_cotrain - INFO - Phase 2 epoch 2/6: loss1=0.0767, loss2=0.2461, dev_macro_f1=0.5963, dev_err=26.45%
2026-02-25 14:03:34,671 - lg_cotrain - INFO - Phase 2 epoch 3/6: loss1=0.0649, loss2=0.2033, dev_macro_f1=0.6230, dev_err=23.63%
2026-02-25 14:04:20,687 - lg_cotrain - INFO - Phase 2 epoch 4/6: loss1=0.0488, loss2=0.1701, dev_macro_f1=0.6371, dev_err=22.85%
2026-02-25 14:05:06,813 - lg_cotrain - INFO - Phase 2 epoch 5/6: loss1=0.0286, loss2=0.1382, dev_macro_f1=0.6373, dev_err=22.22%
2026-02-25 14:05:52,839 - lg_cotrain - INFO - Phase 2 epoch 6/6: loss1=0.0128, loss2=0.0837, dev_macro_f1=0.6367, dev_err=23.47%
2026-02-25 14:05:52,839 - lg_cotrain - INFO - === Phase 3: Fine-Tuning ===
2026-02-25 14:05:56,442 - lg_cotrain - INFO - Phase 3 epoch 1: dev_macro_f1=0.6246, dev_err=31.46%, es_counter1=0, es_counter2=0
2026-02-25 14:06:00,037 - lg_cotrain - INFO - Phase 3 epoch 2: dev_macro_f1=0.6510, dev_err=31.92%, es_counter1=0, es_counter2=0
2026-02-25 14:06:03,616 - lg_cotrain - INFO - Phase 3 epoch 3: dev_macro_f1=0.6369, dev_err=26.76%, es_counter1=1, es_counter2=1
2026-02-25 14:06:07,195 - lg_cotrain - INFO - Phase 3 epoch 4: dev_macro_f1=0.6373, dev_err=28.17%, es_counter1=2, es_counter2=2
2026-02-25 14:06:10,768 - lg_cotrain - INFO - Phase 3 epoch 5: dev_macro_f1=0.6484, dev_err=29.89%, es_counter1=3, es_counter2=3
2026-02-25 14:06:14,379 - lg_cotrain - INFO - Phase 3 epoch 6: dev_macro_f1=0.6580, dev_err=29.73%, es_counter1=0, es_counter2=0
2026-02-25 14:06:17,981 - lg_cotrain - INFO - Phase 3 epoch 7: dev_macro_f1=0.6626, dev_err=29.42%, es_counter1=0, es_counter2=0
2026-02-25 14:06:21,564 - lg_cotrain - INFO - Phase 3 epoch 8: dev_macro_f1=0.6602, dev_err=30.05%, es_counter1=1, es_counter2=1
2026-02-25 14:06:25,148 - lg_cotrain - INFO - Phase 3 epoch 9: dev_macro_f1=0.6609, dev_err=30.52%, es_counter1=2, es_counter2=2
2026-02-25 14:06:28,725 - lg_cotrain - INFO - Phase 3 epoch 10: dev_macro_f1=0.6494, dev_err=31.92%, es_counter1=3, es_counter2=3
2026-02-25 14:06:32,329 - lg_cotrain - INFO - Phase 3 epoch 11: dev_macro_f1=0.6629, dev_err=29.42%, es_counter1=0, es_counter2=0
2026-02-25 14:06:35,916 - lg_cotrain - INFO - Phase 3 epoch 12: dev_macro_f1=0.6448, dev_err=28.64%, es_counter1=1, es_counter2=1
2026-02-25 14:06:39,485 - lg_cotrain - INFO - Phase 3 epoch 13: dev_macro_f1=0.6558, dev_err=27.86%, es_counter1=2, es_counter2=2
2026-02-25 14:06:43,118 - lg_cotrain - INFO - Phase 3 epoch 14: dev_macro_f1=0.6657, dev_err=27.86%, es_counter1=0, es_counter2=0
2026-02-25 14:06:46,720 - lg_cotrain - INFO - Phase 3 epoch 15: dev_macro_f1=0.6728, dev_err=27.54%, es_counter1=0, es_counter2=0
2026-02-25 14:06:50,293 - lg_cotrain - INFO - Phase 3 epoch 16: dev_macro_f1=0.6533, dev_err=29.89%, es_counter1=1, es_counter2=1
2026-02-25 14:06:53,879 - lg_cotrain - INFO - Phase 3 epoch 17: dev_macro_f1=0.6525, dev_err=31.30%, es_counter1=2, es_counter2=2
2026-02-25 14:06:57,458 - lg_cotrain - INFO - Phase 3 epoch 18: dev_macro_f1=0.6449, dev_err=33.18%, es_counter1=3, es_counter2=3
2026-02-25 14:07:01,037 - lg_cotrain - INFO - Phase 3 epoch 19: dev_macro_f1=0.6421, dev_err=34.27%, es_counter1=4, es_counter2=4
2026-02-25 14:07:04,613 - lg_cotrain - INFO - Phase 3 epoch 20: dev_macro_f1=0.6539, dev_err=30.83%, es_counter1=5, es_counter2=5
2026-02-25 14:07:08,205 - lg_cotrain - INFO - Phase 3 epoch 21: dev_macro_f1=0.6450, dev_err=30.67%, es_counter1=6, es_counter2=6
2026-02-25 14:07:11,778 - lg_cotrain - INFO - Phase 3 epoch 22: dev_macro_f1=0.6522, dev_err=29.73%, es_counter1=7, es_counter2=7
2026-02-25 14:07:11,779 - lg_cotrain - INFO - Early stopping at epoch 22
2026-02-25 14:07:11,793 - lg_cotrain - INFO - === Final Evaluation ===
2026-02-25 14:07:17,194 - lg_cotrain - INFO - Results saved to C:\Users\anhtr\AppData\Local\Temp\tmpeey1bcev\hurricane_florence_2018\50_set1\metrics.json
2026-02-25 14:07:17,194 - lg_cotrain - INFO - Test error rate: 29.41%, Test macro-F1: 0.6660, Test ECE: 0.1183
2026-02-25 14:07:17,205 - lg_cotrain - INFO - --- Trial 5/10 done: dev_macro_f1=0.6728 ---
2026-02-25 14:07:17,205 - lg_cotrain - INFO - --- Trial 6/10 ---
2026-02-25 14:07:17,717 - lg_cotrain - INFO - Starting LG-CoTrain: event=hurricane_florence_2018, budget=50, seed_set=1
2026-02-25 14:07:17,756 - lg_cotrain - INFO - Detected 9 classes for event hurricane_florence_2018: ['caution_and_advice', 'displaced_people_and_evacuations', 'infrastructure_and_utility_damage', 'injured_or_dead_people', 'not_humanitarian', 'other_relevant_information', 'requests_or_urgent_needs', 'rescue_volunteering_or_donation_effort', 'sympathy_and_support']
2026-02-25 14:07:17,763 - lg_cotrain - INFO - D_l1: 219, D_l2: 219, D_LG: 3946
2026-02-25 14:07:17,764 - lg_cotrain - INFO - === Phase 1: Weight Generation ===
2026-02-25 14:07:34,496 - lg_cotrain - INFO - Phase 1 epoch 1/7: mean_prob1=0.1202, mean_prob2=0.1087
2026-02-25 14:07:50,554 - lg_cotrain - INFO - Phase 1 epoch 2/7: mean_prob1=0.1414, mean_prob2=0.1342
2026-02-25 14:08:06,456 - lg_cotrain - INFO - Phase 1 epoch 3/7: mean_prob1=0.1691, mean_prob2=0.1530
2026-02-25 14:08:22,467 - lg_cotrain - INFO - Phase 1 epoch 4/7: mean_prob1=0.2221, mean_prob2=0.1774
2026-02-25 14:08:38,456 - lg_cotrain - INFO - Phase 1 epoch 5/7: mean_prob1=0.2697, mean_prob2=0.2243
2026-02-25 14:08:54,297 - lg_cotrain - INFO - Phase 1 epoch 6/7: mean_prob1=0.3275, mean_prob2=0.2985
2026-02-25 14:09:10,171 - lg_cotrain - INFO - Phase 1 epoch 7/7: mean_prob1=0.4188, mean_prob2=0.3589
2026-02-25 14:09:10,171 - lg_cotrain - INFO - === Phase 2: Co-Training ===
2026-02-25 14:09:11,379 - lg_cotrain - INFO - LR scheduler: total_steps_1=3623, warmup=299; total_steps_2=3623, warmup=299
2026-02-25 14:09:11,380 - lg_cotrain - INFO - Phase 1 done -> seeded Phase 2 trackers. lambda1: mean=0.4188, range=[0.0063, 0.8581]
2026-02-25 14:09:11,380 - lg_cotrain - INFO - Phase 1 done -> seeded Phase 2 trackers. lambda2: mean=0.3589, range=[0.0066, 0.8272]
2026-02-25 14:10:07,544 - lg_cotrain - INFO - Phase 2 epoch 1/9: loss1=0.5051, loss2=0.5601, dev_macro_f1=0.6195, dev_err=24.73%
2026-02-25 14:11:03,595 - lg_cotrain - INFO - Phase 2 epoch 2/9: loss1=0.0727, loss2=0.2193, dev_macro_f1=0.6219, dev_err=23.79%
2026-02-25 14:11:59,526 - lg_cotrain - INFO - Phase 2 epoch 3/9: loss1=0.0385, loss2=0.1396, dev_macro_f1=0.6339, dev_err=22.85%
2026-02-25 14:12:55,610 - lg_cotrain - INFO - Phase 2 epoch 4/9: loss1=0.0302, loss2=0.0772, dev_macro_f1=0.6394, dev_err=22.85%
2026-02-25 14:13:51,692 - lg_cotrain - INFO - Phase 2 epoch 5/9: loss1=0.0173, loss2=0.0562, dev_macro_f1=0.6550, dev_err=22.85%
2026-02-25 14:14:47,698 - lg_cotrain - INFO - Phase 2 epoch 6/9: loss1=0.0179, loss2=0.0373, dev_macro_f1=0.6531, dev_err=22.54%
2026-02-25 14:15:43,752 - lg_cotrain - INFO - Phase 2 epoch 7/9: loss1=0.0099, loss2=0.0226, dev_macro_f1=0.6670, dev_err=21.44%
2026-02-25 14:16:39,848 - lg_cotrain - INFO - Phase 2 epoch 8/9: loss1=0.0099, loss2=0.0187, dev_macro_f1=0.6562, dev_err=22.69%
2026-02-25 14:17:35,875 - lg_cotrain - INFO - Phase 2 epoch 9/9: loss1=0.0098, loss2=0.0182, dev_macro_f1=0.6545, dev_err=23.00%
2026-02-25 14:17:35,875 - lg_cotrain - INFO - === Phase 3: Fine-Tuning ===
2026-02-25 14:17:40,191 - lg_cotrain - INFO - Phase 3 epoch 1: dev_macro_f1=0.6795, dev_err=24.41%, es_counter1=0, es_counter2=0
2026-02-25 14:17:44,503 - lg_cotrain - INFO - Phase 3 epoch 2: dev_macro_f1=0.6912, dev_err=24.73%, es_counter1=0, es_counter2=0
2026-02-25 14:17:48,812 - lg_cotrain - INFO - Phase 3 epoch 3: dev_macro_f1=0.6965, dev_err=23.32%, es_counter1=0, es_counter2=0
2026-02-25 14:17:53,118 - lg_cotrain - INFO - Phase 3 epoch 4: dev_macro_f1=0.7063, dev_err=22.54%, es_counter1=0, es_counter2=0
2026-02-25 14:17:57,431 - lg_cotrain - INFO - Phase 3 epoch 5: dev_macro_f1=0.7028, dev_err=22.85%, es_counter1=1, es_counter2=1
2026-02-25 14:18:01,722 - lg_cotrain - INFO - Phase 3 epoch 6: dev_macro_f1=0.6982, dev_err=23.32%, es_counter1=2, es_counter2=2
2026-02-25 14:18:06,005 - lg_cotrain - INFO - Phase 3 epoch 7: dev_macro_f1=0.6918, dev_err=25.04%, es_counter1=3, es_counter2=3
2026-02-25 14:18:10,288 - lg_cotrain - INFO - Phase 3 epoch 8: dev_macro_f1=0.6944, dev_err=24.10%, es_counter1=4, es_counter2=4
2026-02-25 14:18:14,599 - lg_cotrain - INFO - Phase 3 epoch 9: dev_macro_f1=0.7074, dev_err=23.00%, es_counter1=0, es_counter2=0
2026-02-25 14:18:18,907 - lg_cotrain - INFO - Phase 3 epoch 10: dev_macro_f1=0.7079, dev_err=23.16%, es_counter1=0, es_counter2=0
2026-02-25 14:18:23,216 - lg_cotrain - INFO - Phase 3 epoch 11: dev_macro_f1=0.7139, dev_err=22.07%, es_counter1=0, es_counter2=0
2026-02-25 14:18:27,504 - lg_cotrain - INFO - Phase 3 epoch 12: dev_macro_f1=0.7129, dev_err=22.22%, es_counter1=1, es_counter2=1
2026-02-25 14:18:31,799 - lg_cotrain - INFO - Phase 3 epoch 13: dev_macro_f1=0.7108, dev_err=22.54%, es_counter1=2, es_counter2=2
2026-02-25 14:18:36,084 - lg_cotrain - INFO - Phase 3 epoch 14: dev_macro_f1=0.7070, dev_err=23.16%, es_counter1=3, es_counter2=3
2026-02-25 14:18:40,370 - lg_cotrain - INFO - Phase 3 epoch 15: dev_macro_f1=0.7096, dev_err=22.69%, es_counter1=4, es_counter2=4
2026-02-25 14:18:44,647 - lg_cotrain - INFO - Phase 3 epoch 16: dev_macro_f1=0.7108, dev_err=22.54%, es_counter1=5, es_counter2=5
2026-02-25 14:18:48,924 - lg_cotrain - INFO - Phase 3 epoch 17: dev_macro_f1=0.7108, dev_err=22.54%, es_counter1=6, es_counter2=6
2026-02-25 14:18:53,204 - lg_cotrain - INFO - Phase 3 epoch 18: dev_macro_f1=0.7098, dev_err=22.69%, es_counter1=7, es_counter2=7
2026-02-25 14:18:57,480 - lg_cotrain - INFO - Phase 3 epoch 19: dev_macro_f1=0.7131, dev_err=22.22%, es_counter1=8, es_counter2=8
2026-02-25 14:19:01,769 - lg_cotrain - INFO - Phase 3 epoch 20: dev_macro_f1=0.7131, dev_err=22.22%, es_counter1=9, es_counter2=9
2026-02-25 14:19:06,056 - lg_cotrain - INFO - Phase 3 epoch 21: dev_macro_f1=0.7100, dev_err=22.69%, es_counter1=10, es_counter2=10
2026-02-25 14:19:06,056 - lg_cotrain - INFO - Early stopping at epoch 21
2026-02-25 14:19:06,072 - lg_cotrain - INFO - === Final Evaluation ===
2026-02-25 14:19:12,149 - lg_cotrain - INFO - Results saved to C:\Users\anhtr\AppData\Local\Temp\tmp46kt8gqz\hurricane_florence_2018\50_set1\metrics.json
2026-02-25 14:19:12,149 - lg_cotrain - INFO - Test error rate: 26.83%, Test macro-F1: 0.6701, Test ECE: 0.1182
2026-02-25 14:19:12,159 - lg_cotrain - INFO - --- Trial 6/10 done: dev_macro_f1=0.7139 ---
2026-02-25 14:19:12,160 - lg_cotrain - INFO - --- Trial 7/10 ---
2026-02-25 14:19:12,656 - lg_cotrain - INFO - Starting LG-CoTrain: event=hurricane_florence_2018, budget=50, seed_set=1
2026-02-25 14:19:12,689 - lg_cotrain - INFO - Detected 9 classes for event hurricane_florence_2018: ['caution_and_advice', 'displaced_people_and_evacuations', 'infrastructure_and_utility_damage', 'injured_or_dead_people', 'not_humanitarian', 'other_relevant_information', 'requests_or_urgent_needs', 'rescue_volunteering_or_donation_effort', 'sympathy_and_support']
2026-02-25 14:19:12,695 - lg_cotrain - INFO - D_l1: 219, D_l2: 219, D_LG: 3946
2026-02-25 14:19:12,697 - lg_cotrain - INFO - === Phase 1: Weight Generation ===
2026-02-25 14:19:27,952 - lg_cotrain - INFO - Phase 1 epoch 1/7: mean_prob1=0.1122, mean_prob2=0.1230
2026-02-25 14:19:42,185 - lg_cotrain - INFO - Phase 1 epoch 2/7: mean_prob1=0.1217, mean_prob2=0.1083
2026-02-25 14:19:56,420 - lg_cotrain - INFO - Phase 1 epoch 3/7: mean_prob1=0.1531, mean_prob2=0.1123
2026-02-25 14:20:10,606 - lg_cotrain - INFO - Phase 1 epoch 4/7: mean_prob1=0.1127, mean_prob2=0.1189
2026-02-25 14:20:24,845 - lg_cotrain - INFO - Phase 1 epoch 5/7: mean_prob1=0.1175, mean_prob2=0.1083
2026-02-25 14:20:38,986 - lg_cotrain - INFO - Phase 1 epoch 6/7: mean_prob1=0.1253, mean_prob2=0.1154
2026-02-25 14:20:53,142 - lg_cotrain - INFO - Phase 1 epoch 7/7: mean_prob1=0.1056, mean_prob2=0.1142
2026-02-25 14:20:53,143 - lg_cotrain - INFO - === Phase 2: Co-Training ===
2026-02-25 14:20:54,232 - lg_cotrain - INFO - LR scheduler: total_steps_1=2560, warmup=317; total_steps_2=2560, warmup=317
2026-02-25 14:20:54,233 - lg_cotrain - INFO - Phase 1 done -> seeded Phase 2 trackers. lambda1: mean=0.1056, range=[0.0474, 0.1787]
2026-02-25 14:20:54,233 - lg_cotrain - INFO - Phase 1 done -> seeded Phase 2 trackers. lambda2: mean=0.1142, range=[0.0769, 0.1283]
2026-02-25 14:21:43,783 - lg_cotrain - INFO - Phase 2 epoch 1/15: loss1=0.1477, loss2=0.1359, dev_macro_f1=0.5758, dev_err=30.83%
2026-02-25 14:22:33,434 - lg_cotrain - INFO - Phase 2 epoch 2/15: loss1=0.0674, loss2=0.5327, dev_macro_f1=0.5632, dev_err=32.24%
2026-02-25 14:23:22,774 - lg_cotrain - INFO - Phase 2 epoch 3/15: loss1=0.2639, loss2=1.2729, dev_macro_f1=0.0321, dev_err=83.10%
2026-02-25 14:24:13,645 - lg_cotrain - INFO - Phase 2 epoch 4/15: loss1=0.1620, loss2=1.4557, dev_macro_f1=0.0385, dev_err=79.03%
2026-02-25 14:25:03,325 - lg_cotrain - INFO - Phase 2 epoch 5/15: loss1=0.0918, loss2=1.3229, dev_macro_f1=0.0385, dev_err=79.03%
2026-02-25 14:25:52,985 - lg_cotrain - INFO - Phase 2 epoch 6/15: loss1=0.0589, loss2=1.2185, dev_macro_f1=0.0425, dev_err=76.37%
2026-02-25 14:26:42,599 - lg_cotrain - INFO - Phase 2 epoch 7/15: loss1=0.0494, loss2=1.1435, dev_macro_f1=0.0321, dev_err=83.10%
2026-02-25 14:27:32,749 - lg_cotrain - INFO - Phase 2 epoch 8/15: loss1=0.0481, loss2=1.0874, dev_macro_f1=0.0385, dev_err=79.03%
2026-02-25 14:28:23,321 - lg_cotrain - INFO - Phase 2 epoch 9/15: loss1=0.0492, loss2=1.0342, dev_macro_f1=0.0321, dev_err=83.10%
2026-02-25 14:29:15,380 - lg_cotrain - INFO - Phase 2 epoch 10/15: loss1=0.0523, loss2=0.9975, dev_macro_f1=0.0385, dev_err=79.03%
2026-02-25 14:30:06,551 - lg_cotrain - INFO - Phase 2 epoch 11/15: loss1=0.0547, loss2=0.9629, dev_macro_f1=0.0321, dev_err=83.10%
2026-02-25 14:30:56,937 - lg_cotrain - INFO - Phase 2 epoch 12/15: loss1=0.0575, loss2=0.9305, dev_macro_f1=0.0385, dev_err=79.03%
2026-02-25 14:31:46,200 - lg_cotrain - INFO - Phase 2 epoch 13/15: loss1=0.0601, loss2=0.9011, dev_macro_f1=0.0321, dev_err=83.10%
2026-02-25 14:32:35,457 - lg_cotrain - INFO - Phase 2 epoch 14/15: loss1=0.0629, loss2=0.8760, dev_macro_f1=0.0385, dev_err=79.03%
2026-02-25 14:33:24,736 - lg_cotrain - INFO - Phase 2 epoch 15/15: loss1=0.0658, loss2=0.8539, dev_macro_f1=0.0321, dev_err=83.10%
2026-02-25 14:33:24,736 - lg_cotrain - INFO - === Phase 3: Fine-Tuning ===
2026-02-25 14:33:28,520 - lg_cotrain - INFO - Phase 3 epoch 1: dev_macro_f1=0.0321, dev_err=83.10%, es_counter1=0, es_counter2=0
2026-02-25 14:33:32,283 - lg_cotrain - INFO - Phase 3 epoch 2: dev_macro_f1=0.0205, dev_err=89.83%, es_counter1=1, es_counter2=1
2026-02-25 14:33:36,053 - lg_cotrain - INFO - Phase 3 epoch 3: dev_macro_f1=0.0205, dev_err=89.83%, es_counter1=2, es_counter2=2
2026-02-25 14:33:39,842 - lg_cotrain - INFO - Phase 3 epoch 4: dev_macro_f1=0.0385, dev_err=79.03%, es_counter1=0, es_counter2=0
2026-02-25 14:33:43,611 - lg_cotrain - INFO - Phase 3 epoch 5: dev_macro_f1=0.0385, dev_err=79.03%, es_counter1=1, es_counter2=1
2026-02-25 14:33:47,378 - lg_cotrain - INFO - Phase 3 epoch 6: dev_macro_f1=0.0321, dev_err=83.10%, es_counter1=2, es_counter2=2
2026-02-25 14:33:51,143 - lg_cotrain - INFO - Phase 3 epoch 7: dev_macro_f1=0.0155, dev_err=92.49%, es_counter1=3, es_counter2=3
2026-02-25 14:33:54,910 - lg_cotrain - INFO - Phase 3 epoch 8: dev_macro_f1=0.0100, dev_err=95.31%, es_counter1=4, es_counter2=4
2026-02-25 14:33:58,668 - lg_cotrain - INFO - Phase 3 epoch 9: dev_macro_f1=0.0205, dev_err=89.83%, es_counter1=5, es_counter2=5
2026-02-25 14:34:02,435 - lg_cotrain - INFO - Phase 3 epoch 10: dev_macro_f1=0.0205, dev_err=89.83%, es_counter1=6, es_counter2=6
2026-02-25 14:34:06,208 - lg_cotrain - INFO - Phase 3 epoch 11: dev_macro_f1=0.0385, dev_err=79.03%, es_counter1=7, es_counter2=7
2026-02-25 14:34:06,208 - lg_cotrain - INFO - Early stopping at epoch 11
2026-02-25 14:34:06,220 - lg_cotrain - INFO - === Final Evaluation ===
2026-02-25 14:34:11,657 - lg_cotrain - INFO - Results saved to C:\Users\anhtr\AppData\Local\Temp\tmplm7oj2vk\hurricane_florence_2018\50_set1\metrics.json
2026-02-25 14:34:11,657 - lg_cotrain - INFO - Test error rate: 79.13%, Test macro-F1: 0.0384, Test ECE: 0.0757
2026-02-25 14:34:11,669 - lg_cotrain - INFO - --- Trial 7/10 done: dev_macro_f1=0.0385 ---
2026-02-25 14:34:11,669 - lg_cotrain - INFO - --- Trial 8/10 ---
2026-02-25 14:34:12,177 - lg_cotrain - INFO - Starting LG-CoTrain: event=hurricane_florence_2018, budget=50, seed_set=1
2026-02-25 14:34:12,206 - lg_cotrain - INFO - Detected 9 classes for event hurricane_florence_2018: ['caution_and_advice', 'displaced_people_and_evacuations', 'infrastructure_and_utility_damage', 'injured_or_dead_people', 'not_humanitarian', 'other_relevant_information', 'requests_or_urgent_needs', 'rescue_volunteering_or_donation_effort', 'sympathy_and_support']
2026-02-25 14:34:12,213 - lg_cotrain - INFO - D_l1: 219, D_l2: 219, D_LG: 3946
2026-02-25 14:34:12,214 - lg_cotrain - INFO - === Phase 1: Weight Generation ===
2026-02-25 14:34:26,850 - lg_cotrain - INFO - Phase 1 epoch 1/7: mean_prob1=0.1114, mean_prob2=0.1194
2026-02-25 14:34:40,704 - lg_cotrain - INFO - Phase 1 epoch 2/7: mean_prob1=0.1265, mean_prob2=0.1097
2026-02-25 14:34:54,444 - lg_cotrain - INFO - Phase 1 epoch 3/7: mean_prob1=0.1103, mean_prob2=0.1113
2026-02-25 14:35:08,176 - lg_cotrain - INFO - Phase 1 epoch 4/7: mean_prob1=0.1183, mean_prob2=0.1194
2026-02-25 14:35:21,899 - lg_cotrain - INFO - Phase 1 epoch 5/7: mean_prob1=0.1218, mean_prob2=0.1156
2026-02-25 14:35:35,724 - lg_cotrain - INFO - Phase 1 epoch 6/7: mean_prob1=0.1123, mean_prob2=0.1140
2026-02-25 14:35:49,452 - lg_cotrain - INFO - Phase 1 epoch 7/7: mean_prob1=0.1109, mean_prob2=0.1102
2026-02-25 14:35:49,453 - lg_cotrain - INFO - === Phase 2: Co-Training ===
2026-02-25 14:35:50,453 - lg_cotrain - INFO - LR scheduler: total_steps_1=834, warmup=143; total_steps_2=834, warmup=143
2026-02-25 14:35:50,453 - lg_cotrain - INFO - Phase 1 done -> seeded Phase 2 trackers. lambda1: mean=0.1109, range=[0.0929, 0.1337]
2026-02-25 14:35:50,454 - lg_cotrain - INFO - Phase 1 done -> seeded Phase 2 trackers. lambda2: mean=0.1102, range=[0.0889, 0.1237]
2026-02-25 14:36:36,677 - lg_cotrain - INFO - Phase 2 epoch 1/7: loss1=0.1520, loss2=0.1501, dev_macro_f1=0.5989, dev_err=25.98%
2026-02-25 14:37:22,991 - lg_cotrain - INFO - Phase 2 epoch 2/7: loss1=0.0575, loss2=0.4094, dev_macro_f1=0.6001, dev_err=26.60%
2026-02-25 14:38:09,206 - lg_cotrain - INFO - Phase 2 epoch 3/7: loss1=0.1337, loss2=0.6963, dev_macro_f1=0.4694, dev_err=33.18%
2026-02-25 14:38:55,632 - lg_cotrain - INFO - Phase 2 epoch 4/7: loss1=0.1394, loss2=1.2990, dev_macro_f1=0.3881, dev_err=47.57%
2026-02-25 14:39:42,218 - lg_cotrain - INFO - Phase 2 epoch 5/7: loss1=0.1798, loss2=1.5181, dev_macro_f1=0.1325, dev_err=62.13%
2026-02-25 14:40:28,638 - lg_cotrain - INFO - Phase 2 epoch 6/7: loss1=0.1226, loss2=1.4449, dev_macro_f1=0.1164, dev_err=66.67%
2026-02-25 14:41:14,782 - lg_cotrain - INFO - Phase 2 epoch 7/7: loss1=0.0834, loss2=1.3710, dev_macro_f1=0.1119, dev_err=70.11%
2026-02-25 14:41:14,782 - lg_cotrain - INFO - === Phase 3: Fine-Tuning ===
2026-02-25 14:41:18,382 - lg_cotrain - INFO - Phase 3 epoch 1: dev_macro_f1=0.0881, dev_err=81.53%, es_counter1=0, es_counter2=0
2026-02-25 14:41:21,960 - lg_cotrain - INFO - Phase 3 epoch 2: dev_macro_f1=0.0249, dev_err=90.14%, es_counter1=1, es_counter2=1
2026-02-25 14:41:25,539 - lg_cotrain - INFO - Phase 3 epoch 3: dev_macro_f1=0.0655, dev_err=87.17%, es_counter1=2, es_counter2=2
2026-02-25 14:41:29,148 - lg_cotrain - INFO - Phase 3 epoch 4: dev_macro_f1=0.1149, dev_err=70.58%, es_counter1=0, es_counter2=0
2026-02-25 14:41:32,732 - lg_cotrain - INFO - Phase 3 epoch 5: dev_macro_f1=0.0321, dev_err=83.10%, es_counter1=1, es_counter2=1
2026-02-25 14:41:36,309 - lg_cotrain - INFO - Phase 3 epoch 6: dev_macro_f1=0.0205, dev_err=89.83%, es_counter1=2, es_counter2=2
2026-02-25 14:41:39,914 - lg_cotrain - INFO - Phase 3 epoch 7: dev_macro_f1=0.0100, dev_err=95.31%, es_counter1=3, es_counter2=3
2026-02-25 14:41:43,507 - lg_cotrain - INFO - Phase 3 epoch 8: dev_macro_f1=0.0425, dev_err=76.37%, es_counter1=4, es_counter2=4
2026-02-25 14:41:47,099 - lg_cotrain - INFO - Phase 3 epoch 9: dev_macro_f1=0.0205, dev_err=89.83%, es_counter1=5, es_counter2=5
2026-02-25 14:41:50,688 - lg_cotrain - INFO - Phase 3 epoch 10: dev_macro_f1=0.0109, dev_err=94.84%, es_counter1=6, es_counter2=6
2026-02-25 14:41:54,288 - lg_cotrain - INFO - Phase 3 epoch 11: dev_macro_f1=0.0205, dev_err=89.83%, es_counter1=7, es_counter2=7
2026-02-25 14:41:57,871 - lg_cotrain - INFO - Phase 3 epoch 12: dev_macro_f1=0.0385, dev_err=79.03%, es_counter1=8, es_counter2=8
2026-02-25 14:42:01,441 - lg_cotrain - INFO - Phase 3 epoch 13: dev_macro_f1=0.0385, dev_err=79.03%, es_counter1=9, es_counter2=9
2026-02-25 14:42:01,441 - lg_cotrain - INFO - Early stopping at epoch 13
2026-02-25 14:42:01,451 - lg_cotrain - INFO - === Final Evaluation ===
2026-02-25 14:42:06,788 - lg_cotrain - INFO - Results saved to C:\Users\anhtr\AppData\Local\Temp\tmpzp6d02vt\hurricane_florence_2018\50_set1\metrics.json
2026-02-25 14:42:06,788 - lg_cotrain - INFO - Test error rate: 70.83%, Test macro-F1: 0.1110, Test ECE: 0.1430
2026-02-25 14:42:06,799 - lg_cotrain - INFO - --- Trial 8/10 done: dev_macro_f1=0.1149 ---
2026-02-25 14:42:06,799 - lg_cotrain - INFO - --- Trial 9/10 ---
2026-02-25 14:42:07,316 - lg_cotrain - INFO - Starting LG-CoTrain: event=hurricane_florence_2018, budget=50, seed_set=1
2026-02-25 14:42:07,352 - lg_cotrain - INFO - Detected 9 classes for event hurricane_florence_2018: ['caution_and_advice', 'displaced_people_and_evacuations', 'infrastructure_and_utility_damage', 'injured_or_dead_people', 'not_humanitarian', 'other_relevant_information', 'requests_or_urgent_needs', 'rescue_volunteering_or_donation_effort', 'sympathy_and_support']
2026-02-25 14:42:07,359 - lg_cotrain - INFO - D_l1: 219, D_l2: 219, D_LG: 3946
2026-02-25 14:42:07,360 - lg_cotrain - INFO - === Phase 1: Weight Generation ===
2026-02-25 14:42:24,140 - lg_cotrain - INFO - Phase 1 epoch 1/7: mean_prob1=0.1015, mean_prob2=0.1242
2026-02-25 14:42:39,943 - lg_cotrain - INFO - Phase 1 epoch 2/7: mean_prob1=0.1195, mean_prob2=0.1105
2026-02-25 14:42:55,796 - lg_cotrain - INFO - Phase 1 epoch 3/7: mean_prob1=0.1194, mean_prob2=0.1139
2026-02-25 14:43:11,844 - lg_cotrain - INFO - Phase 1 epoch 4/7: mean_prob1=0.1037, mean_prob2=0.1123
2026-02-25 14:43:27,683 - lg_cotrain - INFO - Phase 1 epoch 5/7: mean_prob1=0.1114, mean_prob2=0.1101
2026-02-25 14:43:43,493 - lg_cotrain - INFO - Phase 1 epoch 6/7: mean_prob1=0.1169, mean_prob2=0.1168
2026-02-25 14:43:59,303 - lg_cotrain - INFO - Phase 1 epoch 7/7: mean_prob1=0.1099, mean_prob2=0.1144
2026-02-25 14:43:59,304 - lg_cotrain - INFO - === Phase 2: Co-Training ===
2026-02-25 14:44:00,480 - lg_cotrain - INFO - LR scheduler: total_steps_1=3129, warmup=360; total_steps_2=3129, warmup=360
2026-02-25 14:44:00,480 - lg_cotrain - INFO - Phase 1 done -> seeded Phase 2 trackers. lambda1: mean=0.1099, range=[0.0552, 0.1354]
2026-02-25 14:44:00,481 - lg_cotrain - INFO - Phase 1 done -> seeded Phase 2 trackers. lambda2: mean=0.1144, range=[0.0772, 0.1310]
2026-02-25 14:44:56,750 - lg_cotrain - INFO - Phase 2 epoch 1/7: loss1=0.1465, loss2=0.1433, dev_macro_f1=0.4497, dev_err=44.29%
2026-02-25 14:45:53,002 - lg_cotrain - INFO - Phase 2 epoch 2/7: loss1=0.1803, loss2=0.9526, dev_macro_f1=0.0321, dev_err=83.10%
2026-02-25 14:46:48,893 - lg_cotrain - INFO - Phase 2 epoch 3/7: loss1=0.1127, loss2=0.8101, dev_macro_f1=0.0385, dev_err=79.03%
2026-02-25 14:47:44,884 - lg_cotrain - INFO - Phase 2 epoch 4/7: loss1=0.0946, loss2=0.7518, dev_macro_f1=0.0321, dev_err=83.10%
2026-02-25 14:48:40,916 - lg_cotrain - INFO - Phase 2 epoch 5/7: loss1=0.0946, loss2=0.7078, dev_macro_f1=0.0321, dev_err=83.10%
2026-02-25 14:49:37,065 - lg_cotrain - INFO - Phase 2 epoch 6/7: loss1=0.0997, loss2=0.6705, dev_macro_f1=0.0321, dev_err=83.10%
2026-02-25 14:50:33,008 - lg_cotrain - INFO - Phase 2 epoch 7/7: loss1=0.1004, loss2=0.6404, dev_macro_f1=0.0321, dev_err=83.10%
2026-02-25 14:50:33,009 - lg_cotrain - INFO - === Phase 3: Fine-Tuning ===
2026-02-25 14:50:37,304 - lg_cotrain - INFO - Phase 3 epoch 1: dev_macro_f1=0.0205, dev_err=89.83%, es_counter1=0, es_counter2=0
2026-02-25 14:50:41,600 - lg_cotrain - INFO - Phase 3 epoch 2: dev_macro_f1=0.0425, dev_err=76.37%, es_counter1=0, es_counter2=0
2026-02-25 14:50:45,912 - lg_cotrain - INFO - Phase 3 epoch 3: dev_macro_f1=0.0205, dev_err=89.83%, es_counter1=1, es_counter2=1
2026-02-25 14:50:50,219 - lg_cotrain - INFO - Phase 3 epoch 4: dev_macro_f1=0.0100, dev_err=95.31%, es_counter1=2, es_counter2=2
2026-02-25 14:50:54,521 - lg_cotrain - INFO - Phase 3 epoch 5: dev_macro_f1=0.0205, dev_err=89.83%, es_counter1=3, es_counter2=3
2026-02-25 14:50:58,812 - lg_cotrain - INFO - Phase 3 epoch 6: dev_macro_f1=0.0100, dev_err=95.31%, es_counter1=4, es_counter2=4
2026-02-25 14:51:03,103 - lg_cotrain - INFO - Phase 3 epoch 7: dev_macro_f1=0.0385, dev_err=79.03%, es_counter1=5, es_counter2=5
2026-02-25 14:51:03,103 - lg_cotrain - INFO - Early stopping at epoch 7
2026-02-25 14:51:03,117 - lg_cotrain - INFO - === Final Evaluation ===
2026-02-25 14:51:09,164 - lg_cotrain - INFO - Results saved to C:\Users\anhtr\AppData\Local\Temp\tmp8gpslw2t\hurricane_florence_2018\50_set1\metrics.json
2026-02-25 14:51:09,165 - lg_cotrain - INFO - Test error rate: 76.39%, Test macro-F1: 0.0424, Test ECE: 0.0622
2026-02-25 14:51:09,176 - lg_cotrain - INFO - --- Trial 9/10 done: dev_macro_f1=0.0425 ---
2026-02-25 14:51:09,176 - lg_cotrain - INFO - --- Trial 10/10 ---
2026-02-25 14:51:09,676 - lg_cotrain - INFO - Starting LG-CoTrain: event=hurricane_florence_2018, budget=50, seed_set=1
2026-02-25 14:51:09,714 - lg_cotrain - INFO - Detected 9 classes for event hurricane_florence_2018: ['caution_and_advice', 'displaced_people_and_evacuations', 'infrastructure_and_utility_damage', 'injured_or_dead_people', 'not_humanitarian', 'other_relevant_information', 'requests_or_urgent_needs', 'rescue_volunteering_or_donation_effort', 'sympathy_and_support']
2026-02-25 14:51:09,723 - lg_cotrain - INFO - D_l1: 219, D_l2: 219, D_LG: 3946
2026-02-25 14:51:09,725 - lg_cotrain - INFO - === Phase 1: Weight Generation ===
2026-02-25 14:51:26,579 - lg_cotrain - INFO - Phase 1 epoch 1/7: mean_prob1=0.1059, mean_prob2=0.1254
2026-02-25 14:51:42,422 - lg_cotrain - INFO - Phase 1 epoch 2/7: mean_prob1=0.1187, mean_prob2=0.1069
2026-02-25 14:51:58,204 - lg_cotrain - INFO - Phase 1 epoch 3/7: mean_prob1=0.1367, mean_prob2=0.1178
2026-02-25 14:52:14,240 - lg_cotrain - INFO - Phase 1 epoch 4/7: mean_prob1=0.1072, mean_prob2=0.1060
2026-02-25 14:52:30,182 - lg_cotrain - INFO - Phase 1 epoch 5/7: mean_prob1=0.1140, mean_prob2=0.1142
2026-02-25 14:52:46,011 - lg_cotrain - INFO - Phase 1 epoch 6/7: mean_prob1=0.1131, mean_prob2=0.1118
2026-02-25 14:53:01,836 - lg_cotrain - INFO - Phase 1 epoch 7/7: mean_prob1=0.1177, mean_prob2=0.1203
2026-02-25 14:53:01,836 - lg_cotrain - INFO - === Phase 2: Co-Training ===
2026-02-25 14:53:02,838 - lg_cotrain - INFO - LR scheduler: total_steps_1=3870, warmup=320; total_steps_2=3870, warmup=320
2026-02-25 14:53:02,839 - lg_cotrain - INFO - Phase 1 done -> seeded Phase 2 trackers. lambda1: mean=0.1177, range=[0.0757, 0.1595]
2026-02-25 14:53:02,839 - lg_cotrain - INFO - Phase 1 done -> seeded Phase 2 trackers. lambda2: mean=0.1203, range=[0.0827, 0.1499]
2026-02-25 14:53:59,182 - lg_cotrain - INFO - Phase 2 epoch 1/10: loss1=0.1534, loss2=0.1409, dev_macro_f1=0.4946, dev_err=38.03%
2026-02-25 14:54:55,449 - lg_cotrain - INFO - Phase 2 epoch 2/10: loss1=0.2010, loss2=0.4228, dev_macro_f1=0.0425, dev_err=76.37%
2026-02-25 14:55:51,398 - lg_cotrain - INFO - Phase 2 epoch 3/10: loss1=0.0902, loss2=0.4183, dev_macro_f1=0.0385, dev_err=79.03%
2026-02-25 14:56:47,743 - lg_cotrain - INFO - Phase 2 epoch 4/10: loss1=0.0862, loss2=0.4158, dev_macro_f1=0.0385, dev_err=79.03%
2026-02-25 14:57:44,426 - lg_cotrain - INFO - Phase 2 epoch 5/10: loss1=0.0863, loss2=0.4113, dev_macro_f1=0.0425, dev_err=76.37%
2026-02-25 14:58:40,687 - lg_cotrain - INFO - Phase 2 epoch 6/10: loss1=0.0889, loss2=0.3986, dev_macro_f1=0.0425, dev_err=76.37%
2026-02-25 14:59:36,984 - lg_cotrain - INFO - Phase 2 epoch 7/10: loss1=0.0902, loss2=0.3878, dev_macro_f1=0.0385, dev_err=79.03%
2026-02-25 15:00:33,567 - lg_cotrain - INFO - Phase 2 epoch 8/10: loss1=0.0932, loss2=0.3795, dev_macro_f1=0.0385, dev_err=79.03%
2026-02-25 15:01:29,799 - lg_cotrain - INFO - Phase 2 epoch 9/10: loss1=0.0955, loss2=0.3693, dev_macro_f1=0.0385, dev_err=79.03%
2026-02-25 15:02:26,047 - lg_cotrain - INFO - Phase 2 epoch 10/10: loss1=0.0982, loss2=0.3622, dev_macro_f1=0.0425, dev_err=76.37%
2026-02-25 15:02:26,047 - lg_cotrain - INFO - === Phase 3: Fine-Tuning ===
2026-02-25 15:02:30,401 - lg_cotrain - INFO - Phase 3 epoch 1: dev_macro_f1=0.0155, dev_err=92.49%, es_counter1=0, es_counter2=0
2026-02-25 15:02:34,691 - lg_cotrain - INFO - Phase 3 epoch 2: dev_macro_f1=0.0100, dev_err=95.31%, es_counter1=1, es_counter2=1
2026-02-25 15:02:39,026 - lg_cotrain - INFO - Phase 3 epoch 3: dev_macro_f1=0.0155, dev_err=92.49%, es_counter1=2, es_counter2=2
2026-02-25 15:02:43,326 - lg_cotrain - INFO - Phase 3 epoch 4: dev_macro_f1=0.0425, dev_err=76.37%, es_counter1=0, es_counter2=0
2026-02-25 15:02:47,647 - lg_cotrain - INFO - Phase 3 epoch 5: dev_macro_f1=0.0109, dev_err=94.84%, es_counter1=1, es_counter2=1
2026-02-25 15:02:51,949 - lg_cotrain - INFO - Phase 3 epoch 6: dev_macro_f1=0.0205, dev_err=89.83%, es_counter1=2, es_counter2=2
2026-02-25 15:02:56,264 - lg_cotrain - INFO - Phase 3 epoch 7: dev_macro_f1=0.0205, dev_err=89.83%, es_counter1=3, es_counter2=3
2026-02-25 15:03:00,567 - lg_cotrain - INFO - Phase 3 epoch 8: dev_macro_f1=0.0205, dev_err=89.83%, es_counter1=4, es_counter2=4
2026-02-25 15:03:04,863 - lg_cotrain - INFO - Phase 3 epoch 9: dev_macro_f1=0.0385, dev_err=79.03%, es_counter1=5, es_counter2=5
2026-02-25 15:03:04,863 - lg_cotrain - INFO - Early stopping at epoch 9
2026-02-25 15:03:04,873 - lg_cotrain - INFO - === Final Evaluation ===
2026-02-25 15:03:10,953 - lg_cotrain - INFO - Results saved to C:\Users\anhtr\AppData\Local\Temp\tmpfcg3y3kt\hurricane_florence_2018\50_set1\metrics.json
2026-02-25 15:03:10,954 - lg_cotrain - INFO - Test error rate: 76.39%, Test macro-F1: 0.0424, Test ECE: 0.1007
2026-02-25 15:03:10,963 - lg_cotrain - INFO - --- Trial 10/10 done: dev_macro_f1=0.0425 ---
