2026-02-21 23:46:00,314 - lg_cotrain - INFO - === Optuna study: california_wildfires_2018 budget=5 seed=1 | target=10 trials, 0 replayed, 10 new ===
2026-02-21 23:46:00,315 - lg_cotrain - INFO - --- Trial 1/10 ---
2026-02-21 23:46:05,973 - lg_cotrain - INFO - Starting LG-CoTrain: event=california_wildfires_2018, budget=5, seed_set=1
2026-02-21 23:46:06,006 - lg_cotrain - INFO - Detected 10 classes for event california_wildfires_2018: ['caution_and_advice', 'displaced_people_and_evacuations', 'infrastructure_and_utility_damage', 'injured_or_dead_people', 'missing_or_found_people', 'not_humanitarian', 'other_relevant_information', 'requests_or_urgent_needs', 'rescue_volunteering_or_donation_effort', 'sympathy_and_support']
2026-02-21 23:46:06,014 - lg_cotrain - INFO - D_l1: 30, D_l2: 20, D_LG: 5113
2026-02-21 23:46:06,017 - lg_cotrain - INFO - === Phase 1: Weight Generation ===
2026-02-21 23:46:25,750 - lg_cotrain - INFO - Phase 1 epoch 1/7: mean_prob1=0.1043, mean_prob2=0.0923
2026-02-21 23:46:44,722 - lg_cotrain - INFO - Phase 1 epoch 2/7: mean_prob1=0.1044, mean_prob2=0.0952
2026-02-21 23:47:03,855 - lg_cotrain - INFO - Phase 1 epoch 3/7: mean_prob1=0.1053, mean_prob2=0.1035
2026-02-21 23:47:23,132 - lg_cotrain - INFO - Phase 1 epoch 4/7: mean_prob1=0.1064, mean_prob2=0.1101
2026-02-21 23:47:42,257 - lg_cotrain - INFO - Phase 1 epoch 5/7: mean_prob1=0.1068, mean_prob2=0.1127
2026-02-21 23:48:01,647 - lg_cotrain - INFO - Phase 1 epoch 6/7: mean_prob1=0.1040, mean_prob2=0.1156
2026-02-21 23:48:20,923 - lg_cotrain - INFO - Phase 1 epoch 7/7: mean_prob1=0.1031, mean_prob2=0.1220
2026-02-21 23:48:20,925 - lg_cotrain - INFO - Phase 1 done. lambda1: mean=0.1198, range=[0.0521, 0.2673]
2026-02-21 23:48:20,925 - lg_cotrain - INFO - Phase 1 done. lambda2: mean=0.0870, range=[0.0126, 0.3011]
2026-02-21 23:48:20,925 - lg_cotrain - INFO - === Phase 2: Co-Training ===
2026-02-21 23:48:21,886 - lg_cotrain - INFO - LR scheduler: total_steps_1=2120, warmup=188; total_steps_2=2120, warmup=188
2026-02-21 23:49:42,773 - lg_cotrain - INFO - Phase 2 epoch 1/6: loss1=0.1040, loss2=0.1441, dev_macro_f1=0.5390, dev_err=27.39%
2026-02-21 23:51:06,240 - lg_cotrain - INFO - Phase 2 epoch 2/6: loss1=0.0429, loss2=0.2070, dev_macro_f1=0.6049, dev_err=26.46%
2026-02-21 23:52:30,594 - lg_cotrain - INFO - Phase 2 epoch 3/6: loss1=0.0253, loss2=0.1502, dev_macro_f1=0.5816, dev_err=27.26%
2026-02-21 23:53:50,726 - lg_cotrain - INFO - Phase 2 epoch 4/6: loss1=0.0128, loss2=0.0790, dev_macro_f1=0.5894, dev_err=26.73%
2026-02-21 23:55:10,093 - lg_cotrain - INFO - Phase 2 epoch 5/6: loss1=0.0104, loss2=0.0387, dev_macro_f1=0.5947, dev_err=27.26%
2026-02-21 23:56:29,606 - lg_cotrain - INFO - Phase 2 epoch 6/6: loss1=0.0049, loss2=0.0219, dev_macro_f1=0.5930, dev_err=27.39%
2026-02-21 23:56:29,606 - lg_cotrain - INFO - === Phase 3: Fine-Tuning ===
2026-02-21 23:56:32,576 - lg_cotrain - INFO - Phase 3 epoch 1: dev_macro_f1=0.5936, dev_err=27.39%, es_counter1=0, es_counter2=0
2026-02-21 23:56:35,557 - lg_cotrain - INFO - Phase 3 epoch 2: dev_macro_f1=0.5956, dev_err=27.39%, es_counter1=0, es_counter2=0
2026-02-21 23:56:38,532 - lg_cotrain - INFO - Phase 3 epoch 3: dev_macro_f1=0.6137, dev_err=27.26%, es_counter1=0, es_counter2=0
2026-02-21 23:56:41,475 - lg_cotrain - INFO - Phase 3 epoch 4: dev_macro_f1=0.6124, dev_err=27.39%, es_counter1=1, es_counter2=1
2026-02-21 23:56:44,420 - lg_cotrain - INFO - Phase 3 epoch 5: dev_macro_f1=0.6090, dev_err=27.39%, es_counter1=2, es_counter2=2
2026-02-21 23:56:47,367 - lg_cotrain - INFO - Phase 3 epoch 6: dev_macro_f1=0.6010, dev_err=28.06%, es_counter1=3, es_counter2=3
2026-02-21 23:56:50,316 - lg_cotrain - INFO - Phase 3 epoch 7: dev_macro_f1=0.6052, dev_err=27.93%, es_counter1=4, es_counter2=4
2026-02-21 23:56:53,279 - lg_cotrain - INFO - Phase 3 epoch 8: dev_macro_f1=0.6178, dev_err=28.19%, es_counter1=0, es_counter2=0
2026-02-21 23:56:56,219 - lg_cotrain - INFO - Phase 3 epoch 9: dev_macro_f1=0.6102, dev_err=28.99%, es_counter1=1, es_counter2=1
2026-02-21 23:56:59,173 - lg_cotrain - INFO - Phase 3 epoch 10: dev_macro_f1=0.6128, dev_err=29.26%, es_counter1=2, es_counter2=2
2026-02-21 23:57:02,116 - lg_cotrain - INFO - Phase 3 epoch 11: dev_macro_f1=0.6078, dev_err=30.05%, es_counter1=3, es_counter2=3
2026-02-21 23:57:05,052 - lg_cotrain - INFO - Phase 3 epoch 12: dev_macro_f1=0.5920, dev_err=31.38%, es_counter1=4, es_counter2=4
2026-02-21 23:57:07,992 - lg_cotrain - INFO - Phase 3 epoch 13: dev_macro_f1=0.5942, dev_err=31.38%, es_counter1=5, es_counter2=5
2026-02-21 23:57:10,936 - lg_cotrain - INFO - Phase 3 epoch 14: dev_macro_f1=0.5945, dev_err=31.38%, es_counter1=6, es_counter2=6
2026-02-21 23:57:10,936 - lg_cotrain - INFO - Early stopping at epoch 14
2026-02-21 23:57:10,948 - lg_cotrain - INFO - === Final Evaluation ===
2026-02-21 23:57:18,750 - lg_cotrain - INFO - Results saved to C:\Users\anhtr\AppData\Local\Temp\tmpk8d_ohxg\california_wildfires_2018\5_set1\metrics.json
2026-02-21 23:57:18,750 - lg_cotrain - INFO - Test error rate: 27.52%, Test macro-F1: 0.6245, Test ECE: 0.1558
2026-02-21 23:57:18,762 - lg_cotrain - INFO - --- Trial 1/10 done: dev_macro_f1=0.6178 ---
2026-02-21 23:57:18,762 - lg_cotrain - INFO - --- Trial 2/10 ---
2026-02-21 23:57:19,348 - lg_cotrain - INFO - Starting LG-CoTrain: event=california_wildfires_2018, budget=5, seed_set=1
2026-02-21 23:57:19,381 - lg_cotrain - INFO - Detected 10 classes for event california_wildfires_2018: ['caution_and_advice', 'displaced_people_and_evacuations', 'infrastructure_and_utility_damage', 'injured_or_dead_people', 'missing_or_found_people', 'not_humanitarian', 'other_relevant_information', 'requests_or_urgent_needs', 'rescue_volunteering_or_donation_effort', 'sympathy_and_support']
2026-02-21 23:57:19,390 - lg_cotrain - INFO - D_l1: 30, D_l2: 20, D_LG: 5113
2026-02-21 23:57:19,391 - lg_cotrain - INFO - === Phase 1: Weight Generation ===
2026-02-21 23:57:41,416 - lg_cotrain - INFO - Phase 1 epoch 1/7: mean_prob1=0.1080, mean_prob2=0.1036
2026-02-21 23:58:02,552 - lg_cotrain - INFO - Phase 1 epoch 2/7: mean_prob1=0.1049, mean_prob2=0.1074
2026-02-21 23:58:23,765 - lg_cotrain - INFO - Phase 1 epoch 3/7: mean_prob1=0.1016, mean_prob2=0.1157
2026-02-21 23:58:44,724 - lg_cotrain - INFO - Phase 1 epoch 4/7: mean_prob1=0.1015, mean_prob2=0.1197
2026-02-21 23:59:05,712 - lg_cotrain - INFO - Phase 1 epoch 5/7: mean_prob1=0.1059, mean_prob2=0.1205
2026-02-21 23:59:26,820 - lg_cotrain - INFO - Phase 1 epoch 6/7: mean_prob1=0.1109, mean_prob2=0.1191
2026-02-21 23:59:47,806 - lg_cotrain - INFO - Phase 1 epoch 7/7: mean_prob1=0.1184, mean_prob2=0.1327
2026-02-21 23:59:47,807 - lg_cotrain - INFO - Phase 1 done. lambda1: mean=0.1294, range=[0.0408, 0.2527]
2026-02-21 23:59:47,807 - lg_cotrain - INFO - Phase 1 done. lambda2: mean=0.0934, range=[0.0063, 0.2494]
2026-02-21 23:59:47,807 - lg_cotrain - INFO - === Phase 2: Co-Training ===
2026-02-21 23:59:48,911 - lg_cotrain - INFO - LR scheduler: total_steps_1=3600, warmup=265; total_steps_2=3500, warmup=258
2026-02-22 00:01:22,428 - lg_cotrain - INFO - Phase 2 epoch 1/5: loss1=0.0929, loss2=0.1401, dev_macro_f1=0.5833, dev_err=28.06%
2026-02-22 00:02:57,067 - lg_cotrain - INFO - Phase 2 epoch 2/5: loss1=0.0482, loss2=0.2048, dev_macro_f1=0.6116, dev_err=26.73%
2026-02-22 00:04:31,139 - lg_cotrain - INFO - Phase 2 epoch 3/5: loss1=0.0305, loss2=0.1502, dev_macro_f1=0.5944, dev_err=27.26%
2026-02-22 00:06:04,881 - lg_cotrain - INFO - Phase 2 epoch 4/5: loss1=0.0184, loss2=0.0677, dev_macro_f1=0.6192, dev_err=26.46%
2026-02-22 00:07:38,608 - lg_cotrain - INFO - Phase 2 epoch 5/5: loss1=0.0067, loss2=0.0309, dev_macro_f1=0.6209, dev_err=26.20%
2026-02-22 00:07:38,608 - lg_cotrain - INFO - === Phase 3: Fine-Tuning ===
2026-02-22 00:07:41,849 - lg_cotrain - INFO - Phase 3 epoch 1: dev_macro_f1=0.6283, dev_err=26.86%, es_counter1=0, es_counter2=0
2026-02-22 00:07:45,084 - lg_cotrain - INFO - Phase 3 epoch 2: dev_macro_f1=0.6347, dev_err=26.73%, es_counter1=0, es_counter2=0
2026-02-22 00:07:48,356 - lg_cotrain - INFO - Phase 3 epoch 3: dev_macro_f1=0.6402, dev_err=26.73%, es_counter1=0, es_counter2=0
2026-02-22 00:07:51,577 - lg_cotrain - INFO - Phase 3 epoch 4: dev_macro_f1=0.6289, dev_err=27.66%, es_counter1=1, es_counter2=1
2026-02-22 00:07:54,790 - lg_cotrain - INFO - Phase 3 epoch 5: dev_macro_f1=0.6065, dev_err=29.26%, es_counter1=2, es_counter2=2
2026-02-22 00:07:58,026 - lg_cotrain - INFO - Phase 3 epoch 6: dev_macro_f1=0.6259, dev_err=28.19%, es_counter1=3, es_counter2=3
2026-02-22 00:08:01,286 - lg_cotrain - INFO - Phase 3 epoch 7: dev_macro_f1=0.6250, dev_err=28.46%, es_counter1=4, es_counter2=4
2026-02-22 00:08:04,496 - lg_cotrain - INFO - Phase 3 epoch 8: dev_macro_f1=0.6330, dev_err=28.32%, es_counter1=5, es_counter2=5
2026-02-22 00:08:07,717 - lg_cotrain - INFO - Phase 3 epoch 9: dev_macro_f1=0.6267, dev_err=28.99%, es_counter1=6, es_counter2=6
2026-02-22 00:08:10,947 - lg_cotrain - INFO - Phase 3 epoch 10: dev_macro_f1=0.6217, dev_err=29.52%, es_counter1=7, es_counter2=7
2026-02-22 00:08:14,174 - lg_cotrain - INFO - Phase 3 epoch 11: dev_macro_f1=0.6205, dev_err=29.65%, es_counter1=8, es_counter2=8
2026-02-22 00:08:17,369 - lg_cotrain - INFO - Phase 3 epoch 12: dev_macro_f1=0.6276, dev_err=29.39%, es_counter1=9, es_counter2=9
2026-02-22 00:08:20,585 - lg_cotrain - INFO - Phase 3 epoch 13: dev_macro_f1=0.6330, dev_err=29.39%, es_counter1=10, es_counter2=10
2026-02-22 00:08:20,585 - lg_cotrain - INFO - Early stopping at epoch 13
2026-02-22 00:08:20,594 - lg_cotrain - INFO - === Final Evaluation ===
2026-02-22 00:08:29,015 - lg_cotrain - INFO - Results saved to C:\Users\anhtr\AppData\Local\Temp\tmpwu7o1ke1\california_wildfires_2018\5_set1\metrics.json
2026-02-22 00:08:29,016 - lg_cotrain - INFO - Test error rate: 26.69%, Test macro-F1: 0.6318, Test ECE: 0.1585
2026-02-22 00:08:29,026 - lg_cotrain - INFO - --- Trial 2/10 done: dev_macro_f1=0.6402 ---
2026-02-22 00:08:29,026 - lg_cotrain - INFO - --- Trial 3/10 ---
2026-02-22 00:08:29,602 - lg_cotrain - INFO - Starting LG-CoTrain: event=california_wildfires_2018, budget=5, seed_set=1
2026-02-22 00:08:29,634 - lg_cotrain - INFO - Detected 10 classes for event california_wildfires_2018: ['caution_and_advice', 'displaced_people_and_evacuations', 'infrastructure_and_utility_damage', 'injured_or_dead_people', 'missing_or_found_people', 'not_humanitarian', 'other_relevant_information', 'requests_or_urgent_needs', 'rescue_volunteering_or_donation_effort', 'sympathy_and_support']
2026-02-22 00:08:29,640 - lg_cotrain - INFO - D_l1: 30, D_l2: 20, D_LG: 5113
2026-02-22 00:08:29,642 - lg_cotrain - INFO - === Phase 1: Weight Generation ===
2026-02-22 00:08:49,100 - lg_cotrain - INFO - Phase 1 epoch 1/7: mean_prob1=0.0988, mean_prob2=0.0998
2026-02-22 00:09:07,557 - lg_cotrain - INFO - Phase 1 epoch 2/7: mean_prob1=0.1024, mean_prob2=0.0953
2026-02-22 00:09:26,119 - lg_cotrain - INFO - Phase 1 epoch 3/7: mean_prob1=0.1040, mean_prob2=0.0941
2026-02-22 00:09:44,700 - lg_cotrain - INFO - Phase 1 epoch 4/7: mean_prob1=0.1049, mean_prob2=0.1007
2026-02-22 00:10:03,316 - lg_cotrain - INFO - Phase 1 epoch 5/7: mean_prob1=0.1057, mean_prob2=0.1070
2026-02-22 00:10:21,871 - lg_cotrain - INFO - Phase 1 epoch 6/7: mean_prob1=0.1056, mean_prob2=0.1117
2026-02-22 00:10:40,561 - lg_cotrain - INFO - Phase 1 epoch 7/7: mean_prob1=0.1050, mean_prob2=0.1157
2026-02-22 00:10:40,561 - lg_cotrain - INFO - Phase 1 done. lambda1: mean=0.1123, range=[0.0522, 0.2347]
2026-02-22 00:10:40,562 - lg_cotrain - INFO - Phase 1 done. lambda2: mean=0.0879, range=[0.0197, 0.2804]
2026-02-22 00:10:40,562 - lg_cotrain - INFO - === Phase 2: Co-Training ===
2026-02-22 00:10:41,556 - lg_cotrain - INFO - LR scheduler: total_steps_1=1220, warmup=339; total_steps_2=1220, warmup=339
2026-02-22 00:11:54,272 - lg_cotrain - INFO - Phase 2 epoch 1/7: loss1=0.1567, loss2=0.2100, dev_macro_f1=0.3117, dev_err=36.04%
2026-02-22 00:13:07,057 - lg_cotrain - INFO - Phase 2 epoch 2/7: loss1=0.0682, loss2=0.1491, dev_macro_f1=0.5524, dev_err=26.99%
2026-02-22 00:14:19,893 - lg_cotrain - INFO - Phase 2 epoch 3/7: loss1=0.0320, loss2=0.1490, dev_macro_f1=0.5816, dev_err=26.46%
2026-02-22 00:15:32,895 - lg_cotrain - INFO - Phase 2 epoch 4/7: loss1=0.0161, loss2=0.1093, dev_macro_f1=0.5905, dev_err=26.33%
2026-02-22 00:16:45,813 - lg_cotrain - INFO - Phase 2 epoch 5/7: loss1=0.0117, loss2=0.0577, dev_macro_f1=0.6000, dev_err=25.66%
2026-02-22 00:17:59,500 - lg_cotrain - INFO - Phase 2 epoch 6/7: loss1=0.0082, loss2=0.0380, dev_macro_f1=0.6039, dev_err=26.20%
2026-02-22 00:19:11,730 - lg_cotrain - INFO - Phase 2 epoch 7/7: loss1=0.0076, loss2=0.0258, dev_macro_f1=0.5857, dev_err=27.13%
2026-02-22 00:19:11,730 - lg_cotrain - INFO - === Phase 3: Fine-Tuning ===
2026-02-22 00:19:14,550 - lg_cotrain - INFO - Phase 3 epoch 1: dev_macro_f1=0.5841, dev_err=27.13%, es_counter1=0, es_counter2=0
2026-02-22 00:19:17,481 - lg_cotrain - INFO - Phase 3 epoch 2: dev_macro_f1=0.5907, dev_err=26.60%, es_counter1=0, es_counter2=0
2026-02-22 00:19:20,320 - lg_cotrain - INFO - Phase 3 epoch 3: dev_macro_f1=0.5907, dev_err=26.60%, es_counter1=1, es_counter2=1
2026-02-22 00:19:23,155 - lg_cotrain - INFO - Phase 3 epoch 4: dev_macro_f1=0.5953, dev_err=26.60%, es_counter1=0, es_counter2=0
2026-02-22 00:19:26,067 - lg_cotrain - INFO - Phase 3 epoch 5: dev_macro_f1=0.6065, dev_err=25.93%, es_counter1=0, es_counter2=0
2026-02-22 00:19:28,968 - lg_cotrain - INFO - Phase 3 epoch 6: dev_macro_f1=0.6088, dev_err=25.80%, es_counter1=0, es_counter2=0
2026-02-22 00:19:31,777 - lg_cotrain - INFO - Phase 3 epoch 7: dev_macro_f1=0.6088, dev_err=25.80%, es_counter1=1, es_counter2=1
2026-02-22 00:19:34,620 - lg_cotrain - INFO - Phase 3 epoch 8: dev_macro_f1=0.6095, dev_err=25.80%, es_counter1=0, es_counter2=0
2026-02-22 00:19:37,442 - lg_cotrain - INFO - Phase 3 epoch 9: dev_macro_f1=0.6170, dev_err=25.53%, es_counter1=0, es_counter2=0
2026-02-22 00:19:40,271 - lg_cotrain - INFO - Phase 3 epoch 10: dev_macro_f1=0.6159, dev_err=25.66%, es_counter1=1, es_counter2=1
2026-02-22 00:19:43,108 - lg_cotrain - INFO - Phase 3 epoch 11: dev_macro_f1=0.6054, dev_err=26.73%, es_counter1=2, es_counter2=2
2026-02-22 00:19:45,992 - lg_cotrain - INFO - Phase 3 epoch 12: dev_macro_f1=0.5984, dev_err=27.26%, es_counter1=3, es_counter2=3
2026-02-22 00:19:48,812 - lg_cotrain - INFO - Phase 3 epoch 13: dev_macro_f1=0.6007, dev_err=26.99%, es_counter1=4, es_counter2=4
2026-02-22 00:19:51,632 - lg_cotrain - INFO - Phase 3 epoch 14: dev_macro_f1=0.5943, dev_err=27.93%, es_counter1=5, es_counter2=5
2026-02-22 00:19:54,465 - lg_cotrain - INFO - Phase 3 epoch 15: dev_macro_f1=0.5952, dev_err=28.06%, es_counter1=6, es_counter2=6
2026-02-22 00:19:57,247 - lg_cotrain - INFO - Phase 3 epoch 16: dev_macro_f1=0.6002, dev_err=28.46%, es_counter1=7, es_counter2=7
2026-02-22 00:20:00,053 - lg_cotrain - INFO - Phase 3 epoch 17: dev_macro_f1=0.5956, dev_err=28.99%, es_counter1=8, es_counter2=8
2026-02-22 00:20:02,945 - lg_cotrain - INFO - Phase 3 epoch 18: dev_macro_f1=0.5988, dev_err=28.86%, es_counter1=9, es_counter2=9
2026-02-22 00:20:05,765 - lg_cotrain - INFO - Phase 3 epoch 19: dev_macro_f1=0.5932, dev_err=29.39%, es_counter1=10, es_counter2=10
2026-02-22 00:20:05,765 - lg_cotrain - INFO - Early stopping at epoch 19
2026-02-22 00:20:05,774 - lg_cotrain - INFO - === Final Evaluation ===
2026-02-22 00:20:13,424 - lg_cotrain - INFO - Results saved to C:\Users\anhtr\AppData\Local\Temp\tmpb1ad7n9h\california_wildfires_2018\5_set1\metrics.json
2026-02-22 00:20:13,424 - lg_cotrain - INFO - Test error rate: 26.21%, Test macro-F1: 0.6094, Test ECE: 0.1296
2026-02-22 00:20:13,435 - lg_cotrain - INFO - --- Trial 3/10 done: dev_macro_f1=0.6170 ---
2026-02-22 00:20:13,436 - lg_cotrain - INFO - --- Trial 4/10 ---
2026-02-22 00:20:13,994 - lg_cotrain - INFO - Starting LG-CoTrain: event=california_wildfires_2018, budget=5, seed_set=1
2026-02-22 00:20:14,025 - lg_cotrain - INFO - Detected 10 classes for event california_wildfires_2018: ['caution_and_advice', 'displaced_people_and_evacuations', 'infrastructure_and_utility_damage', 'injured_or_dead_people', 'missing_or_found_people', 'not_humanitarian', 'other_relevant_information', 'requests_or_urgent_needs', 'rescue_volunteering_or_donation_effort', 'sympathy_and_support']
2026-02-22 00:20:14,031 - lg_cotrain - INFO - D_l1: 30, D_l2: 20, D_LG: 5113
2026-02-22 00:20:14,033 - lg_cotrain - INFO - === Phase 1: Weight Generation ===
2026-02-22 00:20:36,114 - lg_cotrain - INFO - Phase 1 epoch 1/7: mean_prob1=0.1058, mean_prob2=0.1044
2026-02-22 00:20:57,066 - lg_cotrain - INFO - Phase 1 epoch 2/7: mean_prob1=0.1063, mean_prob2=0.1075
2026-02-22 00:21:18,385 - lg_cotrain - INFO - Phase 1 epoch 3/7: mean_prob1=0.1070, mean_prob2=0.1112
2026-02-22 00:21:39,445 - lg_cotrain - INFO - Phase 1 epoch 4/7: mean_prob1=0.1055, mean_prob2=0.1168
2026-02-22 00:22:00,532 - lg_cotrain - INFO - Phase 1 epoch 5/7: mean_prob1=0.1037, mean_prob2=0.1165
2026-02-22 00:22:21,664 - lg_cotrain - INFO - Phase 1 epoch 6/7: mean_prob1=0.1039, mean_prob2=0.1134
2026-02-22 00:22:42,729 - lg_cotrain - INFO - Phase 1 epoch 7/7: mean_prob1=0.1073, mean_prob2=0.1231
2026-02-22 00:22:42,729 - lg_cotrain - INFO - Phase 1 done. lambda1: mean=0.1165, range=[0.0511, 0.2603]
2026-02-22 00:22:42,730 - lg_cotrain - INFO - Phase 1 done. lambda2: mean=0.0961, range=[0.0163, 0.2504]
2026-02-22 00:22:42,731 - lg_cotrain - INFO - === Phase 2: Co-Training ===
2026-02-22 00:22:43,684 - lg_cotrain - INFO - LR scheduler: total_steps_1=6800, warmup=226; total_steps_2=6700, warmup=222
2026-02-22 00:24:17,182 - lg_cotrain - INFO - Phase 2 epoch 1/10: loss1=0.0967, loss2=0.1245, dev_macro_f1=0.5731, dev_err=28.06%
2026-02-22 00:25:50,724 - lg_cotrain - INFO - Phase 2 epoch 2/10: loss1=0.0458, loss2=0.2117, dev_macro_f1=0.5993, dev_err=27.26%
2026-02-22 00:27:24,239 - lg_cotrain - INFO - Phase 2 epoch 3/10: loss1=0.0293, loss2=0.1583, dev_macro_f1=0.6152, dev_err=25.80%
2026-02-22 00:28:58,242 - lg_cotrain - INFO - Phase 2 epoch 4/10: loss1=0.0204, loss2=0.0944, dev_macro_f1=0.5925, dev_err=27.79%
2026-02-22 00:30:32,470 - lg_cotrain - INFO - Phase 2 epoch 5/10: loss1=0.0179, loss2=0.0605, dev_macro_f1=0.6034, dev_err=27.26%
2026-02-22 00:32:05,771 - lg_cotrain - INFO - Phase 2 epoch 6/10: loss1=0.0117, loss2=0.0316, dev_macro_f1=0.6050, dev_err=26.86%
2026-02-22 00:33:39,047 - lg_cotrain - INFO - Phase 2 epoch 7/10: loss1=0.0085, loss2=0.0170, dev_macro_f1=0.6187, dev_err=27.53%
2026-02-22 00:35:12,181 - lg_cotrain - INFO - Phase 2 epoch 8/10: loss1=0.0058, loss2=0.0090, dev_macro_f1=0.6164, dev_err=27.13%
2026-02-22 00:36:45,314 - lg_cotrain - INFO - Phase 2 epoch 9/10: loss1=0.0025, loss2=0.0057, dev_macro_f1=0.6045, dev_err=27.53%
2026-02-22 00:38:18,616 - lg_cotrain - INFO - Phase 2 epoch 10/10: loss1=0.0021, loss2=0.0043, dev_macro_f1=0.6079, dev_err=27.93%
2026-02-22 00:38:18,617 - lg_cotrain - INFO - === Phase 3: Fine-Tuning ===
2026-02-22 00:38:21,856 - lg_cotrain - INFO - Phase 3 epoch 1: dev_macro_f1=0.6124, dev_err=27.66%, es_counter1=0, es_counter2=0
2026-02-22 00:38:25,083 - lg_cotrain - INFO - Phase 3 epoch 2: dev_macro_f1=0.6174, dev_err=27.53%, es_counter1=0, es_counter2=0
2026-02-22 00:38:28,296 - lg_cotrain - INFO - Phase 3 epoch 3: dev_macro_f1=0.6163, dev_err=27.66%, es_counter1=1, es_counter2=1
2026-02-22 00:38:31,522 - lg_cotrain - INFO - Phase 3 epoch 4: dev_macro_f1=0.6107, dev_err=28.19%, es_counter1=2, es_counter2=2
2026-02-22 00:38:34,736 - lg_cotrain - INFO - Phase 3 epoch 5: dev_macro_f1=0.6057, dev_err=28.72%, es_counter1=3, es_counter2=3
2026-02-22 00:38:37,967 - lg_cotrain - INFO - Phase 3 epoch 6: dev_macro_f1=0.6152, dev_err=28.19%, es_counter1=4, es_counter2=4
2026-02-22 00:38:41,221 - lg_cotrain - INFO - Phase 3 epoch 7: dev_macro_f1=0.6184, dev_err=27.93%, es_counter1=0, es_counter2=0
2026-02-22 00:38:44,428 - lg_cotrain - INFO - Phase 3 epoch 8: dev_macro_f1=0.6136, dev_err=28.46%, es_counter1=1, es_counter2=1
2026-02-22 00:38:47,666 - lg_cotrain - INFO - Phase 3 epoch 9: dev_macro_f1=0.6195, dev_err=28.06%, es_counter1=0, es_counter2=0
2026-02-22 00:38:50,889 - lg_cotrain - INFO - Phase 3 epoch 10: dev_macro_f1=0.6194, dev_err=28.06%, es_counter1=1, es_counter2=1
2026-02-22 00:38:54,124 - lg_cotrain - INFO - Phase 3 epoch 11: dev_macro_f1=0.6186, dev_err=28.06%, es_counter1=2, es_counter2=2
2026-02-22 00:38:57,346 - lg_cotrain - INFO - Phase 3 epoch 12: dev_macro_f1=0.6168, dev_err=28.19%, es_counter1=3, es_counter2=3
2026-02-22 00:39:00,584 - lg_cotrain - INFO - Phase 3 epoch 13: dev_macro_f1=0.6204, dev_err=28.06%, es_counter1=0, es_counter2=0
2026-02-22 00:39:03,819 - lg_cotrain - INFO - Phase 3 epoch 14: dev_macro_f1=0.6195, dev_err=28.19%, es_counter1=1, es_counter2=1
2026-02-22 00:39:07,046 - lg_cotrain - INFO - Phase 3 epoch 15: dev_macro_f1=0.6176, dev_err=28.46%, es_counter1=2, es_counter2=2
2026-02-22 00:39:10,264 - lg_cotrain - INFO - Phase 3 epoch 16: dev_macro_f1=0.6146, dev_err=28.59%, es_counter1=3, es_counter2=3
2026-02-22 00:39:13,499 - lg_cotrain - INFO - Phase 3 epoch 17: dev_macro_f1=0.6138, dev_err=28.72%, es_counter1=4, es_counter2=4
2026-02-22 00:39:16,726 - lg_cotrain - INFO - Phase 3 epoch 18: dev_macro_f1=0.6145, dev_err=28.72%, es_counter1=5, es_counter2=5
2026-02-22 00:39:19,958 - lg_cotrain - INFO - Phase 3 epoch 19: dev_macro_f1=0.6125, dev_err=28.86%, es_counter1=6, es_counter2=6
2026-02-22 00:39:23,188 - lg_cotrain - INFO - Phase 3 epoch 20: dev_macro_f1=0.6125, dev_err=28.86%, es_counter1=7, es_counter2=7
2026-02-22 00:39:26,408 - lg_cotrain - INFO - Phase 3 epoch 21: dev_macro_f1=0.6133, dev_err=28.72%, es_counter1=8, es_counter2=8
2026-02-22 00:39:29,624 - lg_cotrain - INFO - Phase 3 epoch 22: dev_macro_f1=0.6133, dev_err=28.72%, es_counter1=9, es_counter2=9
2026-02-22 00:39:32,852 - lg_cotrain - INFO - Phase 3 epoch 23: dev_macro_f1=0.6133, dev_err=28.72%, es_counter1=10, es_counter2=10
2026-02-22 00:39:32,852 - lg_cotrain - INFO - Early stopping at epoch 23
2026-02-22 00:39:32,861 - lg_cotrain - INFO - === Final Evaluation ===
2026-02-22 00:39:41,285 - lg_cotrain - INFO - Results saved to C:\Users\anhtr\AppData\Local\Temp\tmperr3oxvy\california_wildfires_2018\5_set1\metrics.json
2026-02-22 00:39:41,285 - lg_cotrain - INFO - Test error rate: 28.61%, Test macro-F1: 0.6285, Test ECE: 0.1799
2026-02-22 00:39:41,293 - lg_cotrain - INFO - --- Trial 4/10 done: dev_macro_f1=0.6204 ---
2026-02-22 00:39:41,294 - lg_cotrain - INFO - --- Trial 5/10 ---
2026-02-22 00:39:41,862 - lg_cotrain - INFO - Starting LG-CoTrain: event=california_wildfires_2018, budget=5, seed_set=1
2026-02-22 00:39:41,899 - lg_cotrain - INFO - Detected 10 classes for event california_wildfires_2018: ['caution_and_advice', 'displaced_people_and_evacuations', 'infrastructure_and_utility_damage', 'injured_or_dead_people', 'missing_or_found_people', 'not_humanitarian', 'other_relevant_information', 'requests_or_urgent_needs', 'rescue_volunteering_or_donation_effort', 'sympathy_and_support']
2026-02-22 00:39:41,906 - lg_cotrain - INFO - D_l1: 30, D_l2: 20, D_LG: 5113
2026-02-22 00:39:41,907 - lg_cotrain - INFO - === Phase 1: Weight Generation ===
2026-02-22 00:40:00,236 - lg_cotrain - INFO - Phase 1 epoch 1/7: mean_prob1=0.0977, mean_prob2=0.1035
2026-02-22 00:40:17,659 - lg_cotrain - INFO - Phase 1 epoch 2/7: mean_prob1=0.0988, mean_prob2=0.1010
2026-02-22 00:40:34,991 - lg_cotrain - INFO - Phase 1 epoch 3/7: mean_prob1=0.0998, mean_prob2=0.0990
2026-02-22 00:40:52,307 - lg_cotrain - INFO - Phase 1 epoch 4/7: mean_prob1=0.1008, mean_prob2=0.0991
2026-02-22 00:41:09,624 - lg_cotrain - INFO - Phase 1 epoch 5/7: mean_prob1=0.1019, mean_prob2=0.0995
2026-02-22 00:41:27,074 - lg_cotrain - INFO - Phase 1 epoch 6/7: mean_prob1=0.1027, mean_prob2=0.1008
2026-02-22 00:41:44,463 - lg_cotrain - INFO - Phase 1 epoch 7/7: mean_prob1=0.1033, mean_prob2=0.1024
2026-02-22 00:41:44,464 - lg_cotrain - INFO - Phase 1 done. lambda1: mean=0.1062, range=[0.0515, 0.2249]
2026-02-22 00:41:44,464 - lg_cotrain - INFO - Phase 1 done. lambda2: mean=0.0940, range=[0.0193, 0.2216]
2026-02-22 00:41:44,464 - lg_cotrain - INFO - === Phase 2: Co-Training ===
2026-02-22 00:41:45,501 - lg_cotrain - INFO - LR scheduler: total_steps_1=500, warmup=23; total_steps_2=500, warmup=23
2026-02-22 00:42:51,093 - lg_cotrain - INFO - Phase 2 epoch 1/5: loss1=0.1613, loss2=0.1939, dev_macro_f1=0.2434, dev_err=39.10%
2026-02-22 00:43:56,944 - lg_cotrain - INFO - Phase 2 epoch 2/5: loss1=0.0803, loss2=0.1776, dev_macro_f1=0.3623, dev_err=32.58%
2026-02-22 00:45:02,737 - lg_cotrain - INFO - Phase 2 epoch 3/5: loss1=0.0521, loss2=0.1367, dev_macro_f1=0.4004, dev_err=31.38%
2026-02-22 00:46:08,316 - lg_cotrain - INFO - Phase 2 epoch 4/5: loss1=0.0366, loss2=0.1170, dev_macro_f1=0.4279, dev_err=30.45%
2026-02-22 00:47:13,872 - lg_cotrain - INFO - Phase 2 epoch 5/5: loss1=0.0305, loss2=0.1016, dev_macro_f1=0.4494, dev_err=29.26%
2026-02-22 00:47:13,872 - lg_cotrain - INFO - === Phase 3: Fine-Tuning ===
2026-02-22 00:47:16,543 - lg_cotrain - INFO - Phase 3 epoch 1: dev_macro_f1=0.4482, dev_err=29.52%, es_counter1=0, es_counter2=0
2026-02-22 00:47:19,184 - lg_cotrain - INFO - Phase 3 epoch 2: dev_macro_f1=0.4440, dev_err=29.92%, es_counter1=1, es_counter2=1
2026-02-22 00:47:21,859 - lg_cotrain - INFO - Phase 3 epoch 3: dev_macro_f1=0.4660, dev_err=29.39%, es_counter1=0, es_counter2=0
2026-02-22 00:47:24,506 - lg_cotrain - INFO - Phase 3 epoch 4: dev_macro_f1=0.4645, dev_err=29.39%, es_counter1=1, es_counter2=1
2026-02-22 00:47:27,172 - lg_cotrain - INFO - Phase 3 epoch 5: dev_macro_f1=0.4929, dev_err=29.12%, es_counter1=0, es_counter2=0
2026-02-22 00:47:29,835 - lg_cotrain - INFO - Phase 3 epoch 6: dev_macro_f1=0.5120, dev_err=28.86%, es_counter1=0, es_counter2=0
2026-02-22 00:47:32,494 - lg_cotrain - INFO - Phase 3 epoch 7: dev_macro_f1=0.5135, dev_err=29.12%, es_counter1=0, es_counter2=0
2026-02-22 00:47:35,139 - lg_cotrain - INFO - Phase 3 epoch 8: dev_macro_f1=0.5105, dev_err=29.52%, es_counter1=1, es_counter2=1
2026-02-22 00:47:37,822 - lg_cotrain - INFO - Phase 3 epoch 9: dev_macro_f1=0.5150, dev_err=29.79%, es_counter1=0, es_counter2=0
2026-02-22 00:47:40,506 - lg_cotrain - INFO - Phase 3 epoch 10: dev_macro_f1=0.5311, dev_err=29.26%, es_counter1=0, es_counter2=0
2026-02-22 00:47:43,207 - lg_cotrain - INFO - Phase 3 epoch 11: dev_macro_f1=0.5447, dev_err=29.12%, es_counter1=0, es_counter2=0
2026-02-22 00:47:45,885 - lg_cotrain - INFO - Phase 3 epoch 12: dev_macro_f1=0.5449, dev_err=29.52%, es_counter1=0, es_counter2=0
2026-02-22 00:47:48,594 - lg_cotrain - INFO - Phase 3 epoch 13: dev_macro_f1=0.5487, dev_err=29.65%, es_counter1=0, es_counter2=0
2026-02-22 00:47:51,272 - lg_cotrain - INFO - Phase 3 epoch 14: dev_macro_f1=0.5525, dev_err=29.92%, es_counter1=0, es_counter2=0
2026-02-22 00:47:53,922 - lg_cotrain - INFO - Phase 3 epoch 15: dev_macro_f1=0.5496, dev_err=30.19%, es_counter1=1, es_counter2=1
2026-02-22 00:47:56,555 - lg_cotrain - INFO - Phase 3 epoch 16: dev_macro_f1=0.5518, dev_err=30.05%, es_counter1=2, es_counter2=2
2026-02-22 00:47:59,225 - lg_cotrain - INFO - Phase 3 epoch 17: dev_macro_f1=0.5530, dev_err=30.05%, es_counter1=0, es_counter2=0
2026-02-22 00:48:01,876 - lg_cotrain - INFO - Phase 3 epoch 18: dev_macro_f1=0.5493, dev_err=30.32%, es_counter1=1, es_counter2=1
2026-02-22 00:48:04,536 - lg_cotrain - INFO - Phase 3 epoch 19: dev_macro_f1=0.5559, dev_err=30.19%, es_counter1=0, es_counter2=0
2026-02-22 00:48:07,180 - lg_cotrain - INFO - Phase 3 epoch 20: dev_macro_f1=0.5520, dev_err=30.19%, es_counter1=1, es_counter2=1
2026-02-22 00:48:09,822 - lg_cotrain - INFO - Phase 3 epoch 21: dev_macro_f1=0.5498, dev_err=30.45%, es_counter1=2, es_counter2=2
2026-02-22 00:48:12,463 - lg_cotrain - INFO - Phase 3 epoch 22: dev_macro_f1=0.5470, dev_err=30.45%, es_counter1=3, es_counter2=3
2026-02-22 00:48:15,113 - lg_cotrain - INFO - Phase 3 epoch 23: dev_macro_f1=0.5496, dev_err=30.59%, es_counter1=4, es_counter2=4
2026-02-22 00:48:17,767 - lg_cotrain - INFO - Phase 3 epoch 24: dev_macro_f1=0.5581, dev_err=30.19%, es_counter1=0, es_counter2=0
2026-02-22 00:48:20,433 - lg_cotrain - INFO - Phase 3 epoch 25: dev_macro_f1=0.5602, dev_err=30.19%, es_counter1=0, es_counter2=0
2026-02-22 00:48:23,105 - lg_cotrain - INFO - Phase 3 epoch 26: dev_macro_f1=0.5617, dev_err=30.32%, es_counter1=0, es_counter2=0
2026-02-22 00:48:25,764 - lg_cotrain - INFO - Phase 3 epoch 27: dev_macro_f1=0.5633, dev_err=30.32%, es_counter1=0, es_counter2=0
2026-02-22 00:48:28,402 - lg_cotrain - INFO - Phase 3 epoch 28: dev_macro_f1=0.5629, dev_err=30.45%, es_counter1=1, es_counter2=1
2026-02-22 00:48:31,041 - lg_cotrain - INFO - Phase 3 epoch 29: dev_macro_f1=0.5638, dev_err=30.32%, es_counter1=0, es_counter2=0
2026-02-22 00:48:33,715 - lg_cotrain - INFO - Phase 3 epoch 30: dev_macro_f1=0.5649, dev_err=30.05%, es_counter1=0, es_counter2=0
2026-02-22 00:48:36,392 - lg_cotrain - INFO - Phase 3 epoch 31: dev_macro_f1=0.5684, dev_err=29.52%, es_counter1=0, es_counter2=0
2026-02-22 00:48:39,042 - lg_cotrain - INFO - Phase 3 epoch 32: dev_macro_f1=0.5653, dev_err=29.52%, es_counter1=1, es_counter2=1
2026-02-22 00:48:41,696 - lg_cotrain - INFO - Phase 3 epoch 33: dev_macro_f1=0.5681, dev_err=29.39%, es_counter1=2, es_counter2=2
2026-02-22 00:48:44,344 - lg_cotrain - INFO - Phase 3 epoch 34: dev_macro_f1=0.5711, dev_err=28.99%, es_counter1=0, es_counter2=0
2026-02-22 00:48:47,017 - lg_cotrain - INFO - Phase 3 epoch 35: dev_macro_f1=0.5746, dev_err=28.59%, es_counter1=0, es_counter2=0
2026-02-22 00:48:49,706 - lg_cotrain - INFO - Phase 3 epoch 36: dev_macro_f1=0.5778, dev_err=28.32%, es_counter1=0, es_counter2=0
2026-02-22 00:48:52,363 - lg_cotrain - INFO - Phase 3 epoch 37: dev_macro_f1=0.5771, dev_err=28.46%, es_counter1=1, es_counter2=1
2026-02-22 00:48:55,027 - lg_cotrain - INFO - Phase 3 epoch 38: dev_macro_f1=0.5773, dev_err=28.46%, es_counter1=2, es_counter2=2
2026-02-22 00:48:57,683 - lg_cotrain - INFO - Phase 3 epoch 39: dev_macro_f1=0.5773, dev_err=28.46%, es_counter1=3, es_counter2=3
2026-02-22 00:49:00,360 - lg_cotrain - INFO - Phase 3 epoch 40: dev_macro_f1=0.5787, dev_err=28.32%, es_counter1=0, es_counter2=0
2026-02-22 00:49:03,028 - lg_cotrain - INFO - Phase 3 epoch 41: dev_macro_f1=0.5795, dev_err=28.19%, es_counter1=0, es_counter2=0
2026-02-22 00:49:05,703 - lg_cotrain - INFO - Phase 3 epoch 42: dev_macro_f1=0.5806, dev_err=27.93%, es_counter1=0, es_counter2=0
2026-02-22 00:49:08,347 - lg_cotrain - INFO - Phase 3 epoch 43: dev_macro_f1=0.5758, dev_err=28.06%, es_counter1=1, es_counter2=1
2026-02-22 00:49:10,999 - lg_cotrain - INFO - Phase 3 epoch 44: dev_macro_f1=0.5747, dev_err=28.19%, es_counter1=2, es_counter2=2
2026-02-22 00:49:13,636 - lg_cotrain - INFO - Phase 3 epoch 45: dev_macro_f1=0.5747, dev_err=28.19%, es_counter1=3, es_counter2=3
2026-02-22 00:49:16,268 - lg_cotrain - INFO - Phase 3 epoch 46: dev_macro_f1=0.5747, dev_err=28.19%, es_counter1=4, es_counter2=4
2026-02-22 00:49:18,906 - lg_cotrain - INFO - Phase 3 epoch 47: dev_macro_f1=0.5747, dev_err=28.19%, es_counter1=5, es_counter2=5
2026-02-22 00:49:21,559 - lg_cotrain - INFO - Phase 3 epoch 48: dev_macro_f1=0.5754, dev_err=28.19%, es_counter1=6, es_counter2=6
2026-02-22 00:49:21,559 - lg_cotrain - INFO - Early stopping at epoch 48
2026-02-22 00:49:21,570 - lg_cotrain - INFO - === Final Evaluation ===
2026-02-22 00:49:28,611 - lg_cotrain - INFO - Results saved to C:\Users\anhtr\AppData\Local\Temp\tmp0wqdn6d8\california_wildfires_2018\5_set1\metrics.json
2026-02-22 00:49:28,611 - lg_cotrain - INFO - Test error rate: 28.41%, Test macro-F1: 0.5817, Test ECE: 0.0461
2026-02-22 00:49:28,619 - lg_cotrain - INFO - --- Trial 5/10 done: dev_macro_f1=0.5806 ---
2026-02-22 00:49:28,619 - lg_cotrain - INFO - --- Trial 6/10 ---
2026-02-22 00:49:29,181 - lg_cotrain - INFO - Starting LG-CoTrain: event=california_wildfires_2018, budget=5, seed_set=1
2026-02-22 00:49:29,211 - lg_cotrain - INFO - Detected 10 classes for event california_wildfires_2018: ['caution_and_advice', 'displaced_people_and_evacuations', 'infrastructure_and_utility_damage', 'injured_or_dead_people', 'missing_or_found_people', 'not_humanitarian', 'other_relevant_information', 'requests_or_urgent_needs', 'rescue_volunteering_or_donation_effort', 'sympathy_and_support']
2026-02-22 00:49:29,219 - lg_cotrain - INFO - D_l1: 30, D_l2: 20, D_LG: 5113
2026-02-22 00:49:29,220 - lg_cotrain - INFO - === Phase 1: Weight Generation ===
2026-02-22 00:49:48,520 - lg_cotrain - INFO - Phase 1 epoch 1/7: mean_prob1=0.1016, mean_prob2=0.0905
2026-02-22 00:50:06,919 - lg_cotrain - INFO - Phase 1 epoch 2/7: mean_prob1=0.1076, mean_prob2=0.0952
2026-02-22 00:50:25,369 - lg_cotrain - INFO - Phase 1 epoch 3/7: mean_prob1=0.1085, mean_prob2=0.1065
2026-02-22 00:50:43,769 - lg_cotrain - INFO - Phase 1 epoch 4/7: mean_prob1=0.1087, mean_prob2=0.1163
2026-02-22 00:51:02,116 - lg_cotrain - INFO - Phase 1 epoch 5/7: mean_prob1=0.1073, mean_prob2=0.1238
2026-02-22 00:51:20,512 - lg_cotrain - INFO - Phase 1 epoch 6/7: mean_prob1=0.1058, mean_prob2=0.1271
2026-02-22 00:51:38,960 - lg_cotrain - INFO - Phase 1 epoch 7/7: mean_prob1=0.1073, mean_prob2=0.1261
2026-02-22 00:51:38,960 - lg_cotrain - INFO - Phase 1 done. lambda1: mean=0.1199, range=[0.0514, 0.2613]
2026-02-22 00:51:38,960 - lg_cotrain - INFO - Phase 1 done. lambda2: mean=0.0874, range=[0.0050, 0.2817]
2026-02-22 00:51:38,961 - lg_cotrain - INFO - === Phase 2: Co-Training ===
2026-02-22 00:51:39,920 - lg_cotrain - INFO - LR scheduler: total_steps_1=900, warmup=27; total_steps_2=900, warmup=27
2026-02-22 00:52:52,073 - lg_cotrain - INFO - Phase 2 epoch 1/5: loss1=0.0942, loss2=0.1302, dev_macro_f1=0.5625, dev_err=27.93%
2026-02-22 00:54:04,344 - lg_cotrain - INFO - Phase 2 epoch 2/5: loss1=0.0435, loss2=0.1979, dev_macro_f1=0.5993, dev_err=27.66%
2026-02-22 00:55:16,895 - lg_cotrain - INFO - Phase 2 epoch 3/5: loss1=0.0249, loss2=0.1501, dev_macro_f1=0.6029, dev_err=26.99%
2026-02-22 00:56:29,486 - lg_cotrain - INFO - Phase 2 epoch 4/5: loss1=0.0169, loss2=0.0713, dev_macro_f1=0.5893, dev_err=27.79%
2026-02-22 00:57:41,654 - lg_cotrain - INFO - Phase 2 epoch 5/5: loss1=0.0092, loss2=0.0357, dev_macro_f1=0.6109, dev_err=26.60%
2026-02-22 00:57:41,654 - lg_cotrain - INFO - === Phase 3: Fine-Tuning ===
2026-02-22 00:57:44,475 - lg_cotrain - INFO - Phase 3 epoch 1: dev_macro_f1=0.6064, dev_err=26.99%, es_counter1=0, es_counter2=0
2026-02-22 00:57:47,302 - lg_cotrain - INFO - Phase 3 epoch 2: dev_macro_f1=0.6113, dev_err=26.86%, es_counter1=0, es_counter2=0
2026-02-22 00:57:50,131 - lg_cotrain - INFO - Phase 3 epoch 3: dev_macro_f1=0.6120, dev_err=26.86%, es_counter1=0, es_counter2=0
2026-02-22 00:57:52,950 - lg_cotrain - INFO - Phase 3 epoch 4: dev_macro_f1=0.6123, dev_err=26.99%, es_counter1=0, es_counter2=0
2026-02-22 00:57:55,762 - lg_cotrain - INFO - Phase 3 epoch 5: dev_macro_f1=0.6169, dev_err=26.73%, es_counter1=0, es_counter2=0
2026-02-22 00:57:58,565 - lg_cotrain - INFO - Phase 3 epoch 6: dev_macro_f1=0.6157, dev_err=26.86%, es_counter1=1, es_counter2=1
2026-02-22 00:58:01,381 - lg_cotrain - INFO - Phase 3 epoch 7: dev_macro_f1=0.6115, dev_err=27.39%, es_counter1=2, es_counter2=2
2026-02-22 00:58:04,210 - lg_cotrain - INFO - Phase 3 epoch 8: dev_macro_f1=0.6097, dev_err=27.53%, es_counter1=3, es_counter2=3
2026-02-22 00:58:07,027 - lg_cotrain - INFO - Phase 3 epoch 9: dev_macro_f1=0.5997, dev_err=28.99%, es_counter1=4, es_counter2=4
2026-02-22 00:58:09,843 - lg_cotrain - INFO - Phase 3 epoch 10: dev_macro_f1=0.5959, dev_err=29.12%, es_counter1=5, es_counter2=5
2026-02-22 00:58:12,667 - lg_cotrain - INFO - Phase 3 epoch 11: dev_macro_f1=0.6009, dev_err=29.65%, es_counter1=6, es_counter2=6
2026-02-22 00:58:12,667 - lg_cotrain - INFO - Early stopping at epoch 11
2026-02-22 00:58:12,675 - lg_cotrain - INFO - === Final Evaluation ===
2026-02-22 00:58:20,236 - lg_cotrain - INFO - Results saved to C:\Users\anhtr\AppData\Local\Temp\tmpxtib37ow\california_wildfires_2018\5_set1\metrics.json
2026-02-22 00:58:20,236 - lg_cotrain - INFO - Test error rate: 26.97%, Test macro-F1: 0.6221, Test ECE: 0.1643
2026-02-22 00:58:20,245 - lg_cotrain - INFO - --- Trial 6/10 done: dev_macro_f1=0.6169 ---
2026-02-22 00:58:20,245 - lg_cotrain - INFO - --- Trial 7/10 ---
2026-02-22 00:58:20,822 - lg_cotrain - INFO - Starting LG-CoTrain: event=california_wildfires_2018, budget=5, seed_set=1
2026-02-22 00:58:20,854 - lg_cotrain - INFO - Detected 10 classes for event california_wildfires_2018: ['caution_and_advice', 'displaced_people_and_evacuations', 'infrastructure_and_utility_damage', 'injured_or_dead_people', 'missing_or_found_people', 'not_humanitarian', 'other_relevant_information', 'requests_or_urgent_needs', 'rescue_volunteering_or_donation_effort', 'sympathy_and_support']
2026-02-22 00:58:20,861 - lg_cotrain - INFO - D_l1: 30, D_l2: 20, D_LG: 5113
2026-02-22 00:58:20,861 - lg_cotrain - INFO - === Phase 1: Weight Generation ===
2026-02-22 00:58:42,930 - lg_cotrain - INFO - Phase 1 epoch 1/7: mean_prob1=0.1081, mean_prob2=0.1035
2026-02-22 00:59:03,943 - lg_cotrain - INFO - Phase 1 epoch 2/7: mean_prob1=0.1050, mean_prob2=0.1074
2026-02-22 00:59:25,028 - lg_cotrain - INFO - Phase 1 epoch 3/7: mean_prob1=0.1052, mean_prob2=0.1158
2026-02-22 00:59:46,184 - lg_cotrain - INFO - Phase 1 epoch 4/7: mean_prob1=0.1048, mean_prob2=0.1196
2026-02-22 01:00:07,263 - lg_cotrain - INFO - Phase 1 epoch 5/7: mean_prob1=0.1059, mean_prob2=0.1204
2026-02-22 01:00:28,359 - lg_cotrain - INFO - Phase 1 epoch 6/7: mean_prob1=0.1080, mean_prob2=0.1195
2026-02-22 01:00:49,452 - lg_cotrain - INFO - Phase 1 epoch 7/7: mean_prob1=0.1131, mean_prob2=0.1314
2026-02-22 01:00:49,453 - lg_cotrain - INFO - Phase 1 done. lambda1: mean=0.1277, range=[0.0411, 0.2759]
2026-02-22 01:00:49,453 - lg_cotrain - INFO - Phase 1 done. lambda2: mean=0.0959, range=[0.0152, 0.2484]
2026-02-22 01:00:49,453 - lg_cotrain - INFO - === Phase 2: Co-Training ===
2026-02-22 01:00:50,464 - lg_cotrain - INFO - LR scheduler: total_steps_1=6800, warmup=1831; total_steps_2=6700, warmup=1804
2026-02-22 01:02:24,034 - lg_cotrain - INFO - Phase 2 epoch 1/10: loss1=0.1321, loss2=0.1880, dev_macro_f1=0.4661, dev_err=29.79%
2026-02-22 01:03:58,021 - lg_cotrain - INFO - Phase 2 epoch 2/10: loss1=0.0590, loss2=0.1788, dev_macro_f1=0.5287, dev_err=28.32%
2026-02-22 01:05:31,860 - lg_cotrain - INFO - Phase 2 epoch 3/10: loss1=0.0483, loss2=0.2156, dev_macro_f1=0.5909, dev_err=26.06%
2026-02-22 01:07:05,873 - lg_cotrain - INFO - Phase 2 epoch 4/10: loss1=0.0401, loss2=0.1709, dev_macro_f1=0.6044, dev_err=26.06%
2026-02-22 01:08:39,747 - lg_cotrain - INFO - Phase 2 epoch 5/10: loss1=0.0293, loss2=0.0893, dev_macro_f1=0.5975, dev_err=26.33%
2026-02-22 01:10:13,744 - lg_cotrain - INFO - Phase 2 epoch 6/10: loss1=0.0242, loss2=0.0601, dev_macro_f1=0.6000, dev_err=26.20%
2026-02-22 01:11:47,689 - lg_cotrain - INFO - Phase 2 epoch 7/10: loss1=0.0185, loss2=0.0405, dev_macro_f1=0.6095, dev_err=26.33%
2026-02-22 01:13:21,719 - lg_cotrain - INFO - Phase 2 epoch 8/10: loss1=0.0095, loss2=0.0245, dev_macro_f1=0.6164, dev_err=25.53%
2026-02-22 01:14:55,770 - lg_cotrain - INFO - Phase 2 epoch 9/10: loss1=0.0059, loss2=0.0124, dev_macro_f1=0.6178, dev_err=26.06%
2026-02-22 01:16:30,026 - lg_cotrain - INFO - Phase 2 epoch 10/10: loss1=0.0053, loss2=0.0071, dev_macro_f1=0.6063, dev_err=26.20%
2026-02-22 01:16:30,026 - lg_cotrain - INFO - === Phase 3: Fine-Tuning ===
2026-02-22 01:16:33,293 - lg_cotrain - INFO - Phase 3 epoch 1: dev_macro_f1=0.6046, dev_err=26.20%, es_counter1=0, es_counter2=0
2026-02-22 01:16:36,540 - lg_cotrain - INFO - Phase 3 epoch 2: dev_macro_f1=0.6020, dev_err=26.20%, es_counter1=1, es_counter2=1
2026-02-22 01:16:39,807 - lg_cotrain - INFO - Phase 3 epoch 3: dev_macro_f1=0.6079, dev_err=26.33%, es_counter1=0, es_counter2=0
2026-02-22 01:16:43,082 - lg_cotrain - INFO - Phase 3 epoch 4: dev_macro_f1=0.6123, dev_err=27.39%, es_counter1=0, es_counter2=0
2026-02-22 01:16:46,322 - lg_cotrain - INFO - Phase 3 epoch 5: dev_macro_f1=0.6112, dev_err=28.46%, es_counter1=1, es_counter2=1
2026-02-22 01:16:49,594 - lg_cotrain - INFO - Phase 3 epoch 6: dev_macro_f1=0.6129, dev_err=28.32%, es_counter1=0, es_counter2=0
2026-02-22 01:16:52,876 - lg_cotrain - INFO - Phase 3 epoch 7: dev_macro_f1=0.6193, dev_err=28.59%, es_counter1=0, es_counter2=0
2026-02-22 01:16:56,132 - lg_cotrain - INFO - Phase 3 epoch 8: dev_macro_f1=0.6176, dev_err=28.99%, es_counter1=1, es_counter2=1
2026-02-22 01:16:59,398 - lg_cotrain - INFO - Phase 3 epoch 9: dev_macro_f1=0.6194, dev_err=28.72%, es_counter1=0, es_counter2=0
2026-02-22 01:17:02,678 - lg_cotrain - INFO - Phase 3 epoch 10: dev_macro_f1=0.6205, dev_err=28.72%, es_counter1=0, es_counter2=0
2026-02-22 01:17:05,926 - lg_cotrain - INFO - Phase 3 epoch 11: dev_macro_f1=0.6200, dev_err=28.86%, es_counter1=1, es_counter2=1
2026-02-22 01:17:09,206 - lg_cotrain - INFO - Phase 3 epoch 12: dev_macro_f1=0.6207, dev_err=28.86%, es_counter1=0, es_counter2=0
2026-02-22 01:17:12,496 - lg_cotrain - INFO - Phase 3 epoch 13: dev_macro_f1=0.6216, dev_err=28.72%, es_counter1=0, es_counter2=0
2026-02-22 01:17:15,809 - lg_cotrain - INFO - Phase 3 epoch 14: dev_macro_f1=0.6227, dev_err=28.59%, es_counter1=0, es_counter2=0
2026-02-22 01:17:19,060 - lg_cotrain - INFO - Phase 3 epoch 15: dev_macro_f1=0.6227, dev_err=28.59%, es_counter1=1, es_counter2=1
2026-02-22 01:17:22,315 - lg_cotrain - INFO - Phase 3 epoch 16: dev_macro_f1=0.6217, dev_err=28.72%, es_counter1=2, es_counter2=2
2026-02-22 01:17:25,575 - lg_cotrain - INFO - Phase 3 epoch 17: dev_macro_f1=0.6204, dev_err=28.86%, es_counter1=3, es_counter2=3
2026-02-22 01:17:28,836 - lg_cotrain - INFO - Phase 3 epoch 18: dev_macro_f1=0.6204, dev_err=28.86%, es_counter1=4, es_counter2=4
2026-02-22 01:17:32,125 - lg_cotrain - INFO - Phase 3 epoch 19: dev_macro_f1=0.6228, dev_err=28.72%, es_counter1=0, es_counter2=0
2026-02-22 01:17:35,381 - lg_cotrain - INFO - Phase 3 epoch 20: dev_macro_f1=0.6228, dev_err=28.72%, es_counter1=1, es_counter2=1
2026-02-22 01:17:38,640 - lg_cotrain - INFO - Phase 3 epoch 21: dev_macro_f1=0.6228, dev_err=28.72%, es_counter1=2, es_counter2=2
2026-02-22 01:17:41,902 - lg_cotrain - INFO - Phase 3 epoch 22: dev_macro_f1=0.6228, dev_err=28.72%, es_counter1=3, es_counter2=3
2026-02-22 01:17:45,155 - lg_cotrain - INFO - Phase 3 epoch 23: dev_macro_f1=0.6226, dev_err=28.72%, es_counter1=4, es_counter2=4
2026-02-22 01:17:48,413 - lg_cotrain - INFO - Phase 3 epoch 24: dev_macro_f1=0.6226, dev_err=28.72%, es_counter1=5, es_counter2=5
2026-02-22 01:17:48,413 - lg_cotrain - INFO - Early stopping at epoch 24
2026-02-22 01:17:48,422 - lg_cotrain - INFO - === Final Evaluation ===
2026-02-22 01:17:56,944 - lg_cotrain - INFO - Results saved to C:\Users\anhtr\AppData\Local\Temp\tmpy36poebk\california_wildfires_2018\5_set1\metrics.json
2026-02-22 01:17:56,944 - lg_cotrain - INFO - Test error rate: 28.27%, Test macro-F1: 0.6261, Test ECE: 0.1285
2026-02-22 01:17:56,952 - lg_cotrain - INFO - --- Trial 7/10 done: dev_macro_f1=0.6228 ---
2026-02-22 01:17:56,952 - lg_cotrain - INFO - --- Trial 8/10 ---
2026-02-22 01:17:57,521 - lg_cotrain - INFO - Starting LG-CoTrain: event=california_wildfires_2018, budget=5, seed_set=1
2026-02-22 01:17:57,555 - lg_cotrain - INFO - Detected 10 classes for event california_wildfires_2018: ['caution_and_advice', 'displaced_people_and_evacuations', 'infrastructure_and_utility_damage', 'injured_or_dead_people', 'missing_or_found_people', 'not_humanitarian', 'other_relevant_information', 'requests_or_urgent_needs', 'rescue_volunteering_or_donation_effort', 'sympathy_and_support']
2026-02-22 01:17:57,564 - lg_cotrain - INFO - D_l1: 30, D_l2: 20, D_LG: 5113
2026-02-22 01:17:57,565 - lg_cotrain - INFO - === Phase 1: Weight Generation ===
2026-02-22 01:18:19,677 - lg_cotrain - INFO - Phase 1 epoch 1/7: mean_prob1=0.0950, mean_prob2=0.0943
2026-02-22 01:18:40,792 - lg_cotrain - INFO - Phase 1 epoch 2/7: mean_prob1=0.0993, mean_prob2=0.1087
2026-02-22 01:19:01,878 - lg_cotrain - INFO - Phase 1 epoch 3/7: mean_prob1=0.0953, mean_prob2=0.1192
2026-02-22 01:19:23,136 - lg_cotrain - INFO - Phase 1 epoch 4/7: mean_prob1=0.0953, mean_prob2=0.1270
2026-02-22 01:19:44,289 - lg_cotrain - INFO - Phase 1 epoch 5/7: mean_prob1=0.0948, mean_prob2=0.1231
2026-02-22 01:20:05,426 - lg_cotrain - INFO - Phase 1 epoch 6/7: mean_prob1=0.0951, mean_prob2=0.1449
2026-02-22 01:20:26,563 - lg_cotrain - INFO - Phase 1 epoch 7/7: mean_prob1=0.1005, mean_prob2=0.1742
2026-02-22 01:20:26,564 - lg_cotrain - INFO - Phase 1 done. lambda1: mean=0.1099, range=[0.0691, 0.1913]
2026-02-22 01:20:26,565 - lg_cotrain - INFO - Phase 1 done. lambda2: mean=0.0890, range=[0.0000, 0.2883]
2026-02-22 01:20:26,565 - lg_cotrain - INFO - === Phase 2: Co-Training ===
2026-02-22 01:20:27,623 - lg_cotrain - INFO - LR scheduler: total_steps_1=10640, warmup=2873; total_steps_2=10540, warmup=2846
2026-02-22 01:22:01,515 - lg_cotrain - INFO - Phase 2 epoch 1/16: loss1=0.1219, loss2=0.1634, dev_macro_f1=0.4850, dev_err=29.39%
2026-02-22 01:23:35,478 - lg_cotrain - INFO - Phase 2 epoch 2/16: loss1=0.0672, loss2=0.2190, dev_macro_f1=0.5578, dev_err=29.26%
2026-02-22 01:25:09,700 - lg_cotrain - INFO - Phase 2 epoch 3/16: loss1=0.0650, loss2=0.2515, dev_macro_f1=0.5505, dev_err=27.93%
2026-02-22 01:26:43,431 - lg_cotrain - INFO - Phase 2 epoch 4/16: loss1=0.0836, loss2=0.2607, dev_macro_f1=0.5638, dev_err=27.26%
2026-02-22 01:28:16,908 - lg_cotrain - INFO - Phase 2 epoch 5/16: loss1=0.1276, loss2=0.2597, dev_macro_f1=0.5717, dev_err=28.19%
2026-02-22 01:29:50,309 - lg_cotrain - INFO - Phase 2 epoch 6/16: loss1=0.1182, loss2=0.1809, dev_macro_f1=0.5810, dev_err=27.39%
2026-02-22 01:31:23,781 - lg_cotrain - INFO - Phase 2 epoch 7/16: loss1=0.1122, loss2=0.1705, dev_macro_f1=0.5462, dev_err=28.72%
2026-02-22 01:32:57,360 - lg_cotrain - INFO - Phase 2 epoch 8/16: loss1=0.0797, loss2=0.1169, dev_macro_f1=0.5692, dev_err=28.06%
2026-02-22 01:34:30,821 - lg_cotrain - INFO - Phase 2 epoch 9/16: loss1=0.1301, loss2=0.0669, dev_macro_f1=0.5837, dev_err=27.39%
2026-02-22 01:36:04,622 - lg_cotrain - INFO - Phase 2 epoch 10/16: loss1=0.1169, loss2=0.0582, dev_macro_f1=0.5877, dev_err=27.13%
2026-02-22 01:37:38,337 - lg_cotrain - INFO - Phase 2 epoch 11/16: loss1=0.1740, loss2=0.0274, dev_macro_f1=0.5917, dev_err=26.86%
2026-02-22 01:39:11,909 - lg_cotrain - INFO - Phase 2 epoch 12/16: loss1=0.0942, loss2=0.0280, dev_macro_f1=0.5802, dev_err=27.13%
2026-02-22 01:40:45,440 - lg_cotrain - INFO - Phase 2 epoch 13/16: loss1=0.0611, loss2=0.0271, dev_macro_f1=0.5591, dev_err=28.46%
2026-02-22 01:42:18,968 - lg_cotrain - INFO - Phase 2 epoch 14/16: loss1=0.0526, loss2=0.0079, dev_macro_f1=0.5964, dev_err=27.39%
2026-02-22 01:43:52,546 - lg_cotrain - INFO - Phase 2 epoch 15/16: loss1=0.0455, loss2=0.0077, dev_macro_f1=0.6127, dev_err=26.86%
2026-02-22 01:45:26,101 - lg_cotrain - INFO - Phase 2 epoch 16/16: loss1=0.0394, loss2=0.0053, dev_macro_f1=0.6040, dev_err=27.26%
2026-02-22 01:45:26,101 - lg_cotrain - INFO - === Phase 3: Fine-Tuning ===
2026-02-22 01:45:29,343 - lg_cotrain - INFO - Phase 3 epoch 1: dev_macro_f1=0.5905, dev_err=27.93%, es_counter1=0, es_counter2=0
2026-02-22 01:45:32,589 - lg_cotrain - INFO - Phase 3 epoch 2: dev_macro_f1=0.6013, dev_err=27.53%, es_counter1=0, es_counter2=0
2026-02-22 01:45:35,818 - lg_cotrain - INFO - Phase 3 epoch 3: dev_macro_f1=0.5993, dev_err=27.66%, es_counter1=1, es_counter2=1
2026-02-22 01:45:39,069 - lg_cotrain - INFO - Phase 3 epoch 4: dev_macro_f1=0.5976, dev_err=28.19%, es_counter1=2, es_counter2=2
2026-02-22 01:45:42,328 - lg_cotrain - INFO - Phase 3 epoch 5: dev_macro_f1=0.5840, dev_err=29.39%, es_counter1=3, es_counter2=3
2026-02-22 01:45:45,561 - lg_cotrain - INFO - Phase 3 epoch 6: dev_macro_f1=0.5814, dev_err=29.52%, es_counter1=4, es_counter2=4
2026-02-22 01:45:48,805 - lg_cotrain - INFO - Phase 3 epoch 7: dev_macro_f1=0.5804, dev_err=29.79%, es_counter1=5, es_counter2=5
2026-02-22 01:45:48,805 - lg_cotrain - INFO - Early stopping at epoch 7
2026-02-22 01:45:48,817 - lg_cotrain - INFO - === Final Evaluation ===
2026-02-22 01:45:57,267 - lg_cotrain - INFO - Results saved to C:\Users\anhtr\AppData\Local\Temp\tmp2qgz22et\california_wildfires_2018\5_set1\metrics.json
2026-02-22 01:45:57,267 - lg_cotrain - INFO - Test error rate: 28.13%, Test macro-F1: 0.6038, Test ECE: 0.1816
2026-02-22 01:45:57,276 - lg_cotrain - INFO - --- Trial 8/10 done: dev_macro_f1=0.6013 ---
2026-02-22 01:45:57,276 - lg_cotrain - INFO - --- Trial 9/10 ---
2026-02-22 01:45:57,873 - lg_cotrain - INFO - Starting LG-CoTrain: event=california_wildfires_2018, budget=5, seed_set=1
2026-02-22 01:45:57,904 - lg_cotrain - INFO - Detected 10 classes for event california_wildfires_2018: ['caution_and_advice', 'displaced_people_and_evacuations', 'infrastructure_and_utility_damage', 'injured_or_dead_people', 'missing_or_found_people', 'not_humanitarian', 'other_relevant_information', 'requests_or_urgent_needs', 'rescue_volunteering_or_donation_effort', 'sympathy_and_support']
2026-02-22 01:45:57,911 - lg_cotrain - INFO - D_l1: 30, D_l2: 20, D_LG: 5113
2026-02-22 01:45:57,912 - lg_cotrain - INFO - === Phase 1: Weight Generation ===
2026-02-22 01:46:16,230 - lg_cotrain - INFO - Phase 1 epoch 1/7: mean_prob1=0.1092, mean_prob2=0.0845
2026-02-22 01:46:33,589 - lg_cotrain - INFO - Phase 1 epoch 2/7: mean_prob1=0.1130, mean_prob2=0.0894
2026-02-22 01:46:50,969 - lg_cotrain - INFO - Phase 1 epoch 3/7: mean_prob1=0.1131, mean_prob2=0.1017
2026-02-22 01:47:08,434 - lg_cotrain - INFO - Phase 1 epoch 4/7: mean_prob1=0.1104, mean_prob2=0.1266
2026-02-22 01:47:25,795 - lg_cotrain - INFO - Phase 1 epoch 5/7: mean_prob1=0.1141, mean_prob2=0.1405
2026-02-22 01:47:43,188 - lg_cotrain - INFO - Phase 1 epoch 6/7: mean_prob1=0.1267, mean_prob2=0.1215
2026-02-22 01:48:00,615 - lg_cotrain - INFO - Phase 1 epoch 7/7: mean_prob1=0.1450, mean_prob2=0.1261
2026-02-22 01:48:00,615 - lg_cotrain - INFO - Phase 1 done. lambda1: mean=0.1458, range=[0.0552, 0.4093]
2026-02-22 01:48:00,617 - lg_cotrain - INFO - Phase 1 done. lambda2: mean=0.0734, range=[0.0052, 0.2123]
2026-02-22 01:48:00,617 - lg_cotrain - INFO - === Phase 2: Co-Training ===
2026-02-22 01:48:01,616 - lg_cotrain - INFO - LR scheduler: total_steps_1=1220, warmup=209; total_steps_2=1220, warmup=209
2026-02-22 01:49:07,371 - lg_cotrain - INFO - Phase 2 epoch 1/14: loss1=0.1151, loss2=0.2233, dev_macro_f1=0.4318, dev_err=30.72%
2026-02-22 01:50:13,179 - lg_cotrain - INFO - Phase 2 epoch 2/14: loss1=0.0592, loss2=0.2051, dev_macro_f1=0.5611, dev_err=28.06%
2026-02-22 01:51:18,928 - lg_cotrain - INFO - Phase 2 epoch 3/14: loss1=0.0453, loss2=0.2453, dev_macro_f1=0.5516, dev_err=27.93%
2026-02-22 01:52:24,577 - lg_cotrain - INFO - Phase 2 epoch 4/14: loss1=0.0449, loss2=0.1931, dev_macro_f1=0.5725, dev_err=27.93%
2026-02-22 01:53:30,047 - lg_cotrain - INFO - Phase 2 epoch 5/14: loss1=0.0513, loss2=0.1424, dev_macro_f1=0.5753, dev_err=27.79%
2026-02-22 01:54:35,559 - lg_cotrain - INFO - Phase 2 epoch 6/14: loss1=0.0506, loss2=0.0977, dev_macro_f1=0.5821, dev_err=26.60%
2026-02-22 01:55:41,137 - lg_cotrain - INFO - Phase 2 epoch 7/14: loss1=0.0436, loss2=0.0596, dev_macro_f1=0.5900, dev_err=26.99%
2026-02-22 01:56:46,573 - lg_cotrain - INFO - Phase 2 epoch 8/14: loss1=0.0287, loss2=0.0632, dev_macro_f1=0.5824, dev_err=26.60%
2026-02-22 01:57:52,087 - lg_cotrain - INFO - Phase 2 epoch 9/14: loss1=0.0176, loss2=0.0399, dev_macro_f1=0.6034, dev_err=26.20%
2026-02-22 01:58:57,576 - lg_cotrain - INFO - Phase 2 epoch 10/14: loss1=0.0110, loss2=0.0237, dev_macro_f1=0.5950, dev_err=26.60%
2026-02-22 02:00:03,120 - lg_cotrain - INFO - Phase 2 epoch 11/14: loss1=0.0104, loss2=0.0121, dev_macro_f1=0.5917, dev_err=26.73%
2026-02-22 02:01:08,660 - lg_cotrain - INFO - Phase 2 epoch 12/14: loss1=0.0096, loss2=0.0081, dev_macro_f1=0.6015, dev_err=26.60%
2026-02-22 02:02:14,312 - lg_cotrain - INFO - Phase 2 epoch 13/14: loss1=0.0072, loss2=0.0051, dev_macro_f1=0.6069, dev_err=26.46%
2026-02-22 02:03:19,997 - lg_cotrain - INFO - Phase 2 epoch 14/14: loss1=0.0058, loss2=0.0043, dev_macro_f1=0.6093, dev_err=26.33%
2026-02-22 02:03:19,997 - lg_cotrain - INFO - === Phase 3: Fine-Tuning ===
2026-02-22 02:03:22,673 - lg_cotrain - INFO - Phase 3 epoch 1: dev_macro_f1=0.6063, dev_err=26.60%, es_counter1=0, es_counter2=0
2026-02-22 02:03:25,318 - lg_cotrain - INFO - Phase 3 epoch 2: dev_macro_f1=0.6035, dev_err=26.86%, es_counter1=1, es_counter2=1
2026-02-22 02:03:27,978 - lg_cotrain - INFO - Phase 3 epoch 3: dev_macro_f1=0.5891, dev_err=27.93%, es_counter1=2, es_counter2=2
2026-02-22 02:03:30,625 - lg_cotrain - INFO - Phase 3 epoch 4: dev_macro_f1=0.5860, dev_err=28.86%, es_counter1=3, es_counter2=3
2026-02-22 02:03:33,251 - lg_cotrain - INFO - Phase 3 epoch 5: dev_macro_f1=0.5848, dev_err=30.59%, es_counter1=4, es_counter2=4
2026-02-22 02:03:35,902 - lg_cotrain - INFO - Phase 3 epoch 6: dev_macro_f1=0.5812, dev_err=31.38%, es_counter1=5, es_counter2=5
2026-02-22 02:03:38,541 - lg_cotrain - INFO - Phase 3 epoch 7: dev_macro_f1=0.5760, dev_err=33.91%, es_counter1=6, es_counter2=6
2026-02-22 02:03:41,183 - lg_cotrain - INFO - Phase 3 epoch 8: dev_macro_f1=0.5700, dev_err=35.11%, es_counter1=7, es_counter2=7
2026-02-22 02:03:43,828 - lg_cotrain - INFO - Phase 3 epoch 9: dev_macro_f1=0.5617, dev_err=35.77%, es_counter1=8, es_counter2=8
2026-02-22 02:03:46,459 - lg_cotrain - INFO - Phase 3 epoch 10: dev_macro_f1=0.5649, dev_err=35.24%, es_counter1=9, es_counter2=9
2026-02-22 02:03:49,092 - lg_cotrain - INFO - Phase 3 epoch 11: dev_macro_f1=0.5722, dev_err=34.84%, es_counter1=10, es_counter2=10
2026-02-22 02:03:49,093 - lg_cotrain - INFO - Early stopping at epoch 11
2026-02-22 02:03:49,101 - lg_cotrain - INFO - === Final Evaluation ===
2026-02-22 02:03:56,174 - lg_cotrain - INFO - Results saved to C:\Users\anhtr\AppData\Local\Temp\tmpeave07qo\california_wildfires_2018\5_set1\metrics.json
2026-02-22 02:03:56,174 - lg_cotrain - INFO - Test error rate: 28.20%, Test macro-F1: 0.5842, Test ECE: 0.2042
2026-02-22 02:03:56,182 - lg_cotrain - INFO - --- Trial 9/10 done: dev_macro_f1=0.6063 ---
2026-02-22 02:03:56,183 - lg_cotrain - INFO - --- Trial 10/10 ---
2026-02-22 02:03:56,754 - lg_cotrain - INFO - Starting LG-CoTrain: event=california_wildfires_2018, budget=5, seed_set=1
2026-02-22 02:03:56,797 - lg_cotrain - INFO - Detected 10 classes for event california_wildfires_2018: ['caution_and_advice', 'displaced_people_and_evacuations', 'infrastructure_and_utility_damage', 'injured_or_dead_people', 'missing_or_found_people', 'not_humanitarian', 'other_relevant_information', 'requests_or_urgent_needs', 'rescue_volunteering_or_donation_effort', 'sympathy_and_support']
2026-02-22 02:03:56,805 - lg_cotrain - INFO - D_l1: 30, D_l2: 20, D_LG: 5113
2026-02-22 02:03:56,805 - lg_cotrain - INFO - === Phase 1: Weight Generation ===
2026-02-22 02:04:16,153 - lg_cotrain - INFO - Phase 1 epoch 1/7: mean_prob1=0.1084, mean_prob2=0.0845
2026-02-22 02:04:34,502 - lg_cotrain - INFO - Phase 1 epoch 2/7: mean_prob1=0.1125, mean_prob2=0.0908
2026-02-22 02:04:52,879 - lg_cotrain - INFO - Phase 1 epoch 3/7: mean_prob1=0.1131, mean_prob2=0.1032
2026-02-22 02:05:11,278 - lg_cotrain - INFO - Phase 1 epoch 4/7: mean_prob1=0.1137, mean_prob2=0.1229
2026-02-22 02:05:29,663 - lg_cotrain - INFO - Phase 1 epoch 5/7: mean_prob1=0.1133, mean_prob2=0.1361
2026-02-22 02:05:48,009 - lg_cotrain - INFO - Phase 1 epoch 6/7: mean_prob1=0.1192, mean_prob2=0.1349
2026-02-22 02:06:06,387 - lg_cotrain - INFO - Phase 1 epoch 7/7: mean_prob1=0.1259, mean_prob2=0.1242
2026-02-22 02:06:06,388 - lg_cotrain - INFO - Phase 1 done. lambda1: mean=0.1380, range=[0.0534, 0.3594]
2026-02-22 02:06:06,388 - lg_cotrain - INFO - Phase 1 done. lambda2: mean=0.0778, range=[0.0046, 0.2165]
2026-02-22 02:06:06,388 - lg_cotrain - INFO - === Phase 2: Co-Training ===
2026-02-22 02:06:07,550 - lg_cotrain - INFO - LR scheduler: total_steps_1=2980, warmup=137; total_steps_2=2980, warmup=137
2026-02-22 02:07:19,577 - lg_cotrain - INFO - Phase 2 epoch 1/18: loss1=0.0927, loss2=0.1653, dev_macro_f1=0.5105, dev_err=29.26%
2026-02-22 02:08:31,635 - lg_cotrain - INFO - Phase 2 epoch 2/18: loss1=0.0636, loss2=0.3964, dev_macro_f1=0.5501, dev_err=29.39%
2026-02-22 02:09:43,741 - lg_cotrain - INFO - Phase 2 epoch 3/18: loss1=0.0536, loss2=0.3029, dev_macro_f1=0.5533, dev_err=28.19%
2026-02-22 02:10:55,835 - lg_cotrain - INFO - Phase 2 epoch 4/18: loss1=0.0547, loss2=0.2397, dev_macro_f1=0.5559, dev_err=28.06%
2026-02-22 02:12:07,968 - lg_cotrain - INFO - Phase 2 epoch 5/18: loss1=0.0853, loss2=0.1852, dev_macro_f1=0.5272, dev_err=28.72%
2026-02-22 02:13:20,014 - lg_cotrain - INFO - Phase 2 epoch 6/18: loss1=0.3739, loss2=0.1167, dev_macro_f1=0.5780, dev_err=28.32%
2026-02-22 02:14:32,409 - lg_cotrain - INFO - Phase 2 epoch 7/18: loss1=0.5827, loss2=0.0692, dev_macro_f1=0.5612, dev_err=27.93%
2026-02-22 02:15:44,723 - lg_cotrain - INFO - Phase 2 epoch 8/18: loss1=0.7244, loss2=0.0492, dev_macro_f1=0.5533, dev_err=28.72%
2026-02-22 02:16:56,925 - lg_cotrain - INFO - Phase 2 epoch 9/18: loss1=0.7648, loss2=0.0267, dev_macro_f1=0.5623, dev_err=28.86%
2026-02-22 02:18:08,935 - lg_cotrain - INFO - Phase 2 epoch 10/18: loss1=0.8532, loss2=0.0274, dev_macro_f1=0.5795, dev_err=26.86%
2026-02-22 02:19:21,001 - lg_cotrain - INFO - Phase 2 epoch 11/18: loss1=0.9036, loss2=0.0185, dev_macro_f1=0.5773, dev_err=26.60%
2026-02-22 02:20:33,094 - lg_cotrain - INFO - Phase 2 epoch 12/18: loss1=0.8945, loss2=0.0152, dev_macro_f1=0.5870, dev_err=28.06%
2026-02-22 02:21:45,008 - lg_cotrain - INFO - Phase 2 epoch 13/18: loss1=0.8487, loss2=0.0090, dev_macro_f1=0.6057, dev_err=27.53%
2026-02-22 02:22:57,165 - lg_cotrain - INFO - Phase 2 epoch 14/18: loss1=0.9477, loss2=0.0064, dev_macro_f1=0.5956, dev_err=27.53%
2026-02-22 02:24:09,424 - lg_cotrain - INFO - Phase 2 epoch 15/18: loss1=0.9651, loss2=0.0061, dev_macro_f1=0.6005, dev_err=28.32%
2026-02-22 02:25:21,595 - lg_cotrain - INFO - Phase 2 epoch 16/18: loss1=0.9651, loss2=0.0054, dev_macro_f1=0.6229, dev_err=27.53%
2026-02-22 02:26:33,606 - lg_cotrain - INFO - Phase 2 epoch 17/18: loss1=1.0050, loss2=0.0048, dev_macro_f1=0.6049, dev_err=28.59%
2026-02-22 02:27:45,673 - lg_cotrain - INFO - Phase 2 epoch 18/18: loss1=1.0119, loss2=0.0046, dev_macro_f1=0.6011, dev_err=28.59%
2026-02-22 02:27:45,673 - lg_cotrain - INFO - === Phase 3: Fine-Tuning ===
2026-02-22 02:27:48,480 - lg_cotrain - INFO - Phase 3 epoch 1: dev_macro_f1=0.6000, dev_err=28.72%, es_counter1=0, es_counter2=0
2026-02-22 02:27:51,267 - lg_cotrain - INFO - Phase 3 epoch 2: dev_macro_f1=0.5965, dev_err=28.99%, es_counter1=1, es_counter2=1
2026-02-22 02:27:54,044 - lg_cotrain - INFO - Phase 3 epoch 3: dev_macro_f1=0.5929, dev_err=28.99%, es_counter1=2, es_counter2=2
2026-02-22 02:27:56,837 - lg_cotrain - INFO - Phase 3 epoch 4: dev_macro_f1=0.5898, dev_err=29.12%, es_counter1=3, es_counter2=3
2026-02-22 02:27:59,620 - lg_cotrain - INFO - Phase 3 epoch 5: dev_macro_f1=0.5961, dev_err=28.72%, es_counter1=4, es_counter2=4
2026-02-22 02:28:02,404 - lg_cotrain - INFO - Phase 3 epoch 6: dev_macro_f1=0.5993, dev_err=28.59%, es_counter1=5, es_counter2=5
2026-02-22 02:28:05,185 - lg_cotrain - INFO - Phase 3 epoch 7: dev_macro_f1=0.5974, dev_err=28.86%, es_counter1=6, es_counter2=6
2026-02-22 02:28:07,993 - lg_cotrain - INFO - Phase 3 epoch 8: dev_macro_f1=0.5922, dev_err=29.26%, es_counter1=7, es_counter2=7
2026-02-22 02:28:10,790 - lg_cotrain - INFO - Phase 3 epoch 9: dev_macro_f1=0.5952, dev_err=28.99%, es_counter1=8, es_counter2=8
2026-02-22 02:28:13,576 - lg_cotrain - INFO - Phase 3 epoch 10: dev_macro_f1=0.5883, dev_err=29.52%, es_counter1=9, es_counter2=9
2026-02-22 02:28:16,386 - lg_cotrain - INFO - Phase 3 epoch 11: dev_macro_f1=0.5939, dev_err=29.39%, es_counter1=10, es_counter2=10
2026-02-22 02:28:16,386 - lg_cotrain - INFO - Early stopping at epoch 11
2026-02-22 02:28:16,394 - lg_cotrain - INFO - === Final Evaluation ===
2026-02-22 02:28:23,841 - lg_cotrain - INFO - Results saved to C:\Users\anhtr\AppData\Local\Temp\tmp56rxh39n\california_wildfires_2018\5_set1\metrics.json
2026-02-22 02:28:23,841 - lg_cotrain - INFO - Test error rate: 29.09%, Test macro-F1: 0.5882, Test ECE: 0.1110
2026-02-22 02:28:23,849 - lg_cotrain - INFO - --- Trial 10/10 done: dev_macro_f1=0.6000 ---
