2026-02-28 07:25:01,378 - lg_cotrain - INFO - === Optuna study: hurricane_maria_2017 budget=50 seed=3 | target=10 trials, 0 replayed, 10 new ===
2026-02-28 07:25:01,378 - lg_cotrain - INFO - --- Trial 1/10 ---
2026-02-28 07:25:01,876 - lg_cotrain - INFO - Starting LG-CoTrain: event=hurricane_maria_2017, budget=50, seed_set=3
2026-02-28 07:25:01,924 - lg_cotrain - INFO - Detected 9 classes for event hurricane_maria_2017: ['caution_and_advice', 'displaced_people_and_evacuations', 'infrastructure_and_utility_damage', 'injured_or_dead_people', 'not_humanitarian', 'other_relevant_information', 'requests_or_urgent_needs', 'rescue_volunteering_or_donation_effort', 'sympathy_and_support']
2026-02-28 07:25:01,931 - lg_cotrain - INFO - D_l1: 225, D_l2: 225, D_LG: 4644
2026-02-28 07:25:01,933 - lg_cotrain - INFO - === Phase 1: Weight Generation ===
2026-02-28 07:25:19,297 - lg_cotrain - INFO - Phase 1 epoch 1/7: mean_prob1=0.1080, mean_prob2=0.1467
2026-02-28 07:25:35,792 - lg_cotrain - INFO - Phase 1 epoch 2/7: mean_prob1=0.1157, mean_prob2=0.0914
2026-02-28 07:25:52,211 - lg_cotrain - INFO - Phase 1 epoch 3/7: mean_prob1=0.1036, mean_prob2=0.1032
2026-02-28 07:26:08,484 - lg_cotrain - INFO - Phase 1 epoch 4/7: mean_prob1=0.0933, mean_prob2=0.1017
2026-02-28 07:26:24,736 - lg_cotrain - INFO - Phase 1 epoch 5/7: mean_prob1=0.1098, mean_prob2=0.1094
2026-02-28 07:26:41,063 - lg_cotrain - INFO - Phase 1 epoch 6/7: mean_prob1=0.1195, mean_prob2=0.1160
2026-02-28 07:26:57,441 - lg_cotrain - INFO - Phase 1 epoch 7/7: mean_prob1=0.0885, mean_prob2=0.1193
2026-02-28 07:26:57,441 - lg_cotrain - INFO - === Phase 2: Co-Training ===
2026-02-28 07:26:58,418 - lg_cotrain - INFO - LR scheduler: total_steps_1=1530, warmup=378; total_steps_2=1530, warmup=378
2026-02-28 07:26:58,419 - lg_cotrain - INFO - Phase 1 done -> seeded Phase 2 trackers. lambda1: mean=0.0885, range=[0.0467, 0.1979]
2026-02-28 07:26:58,419 - lg_cotrain - INFO - Phase 1 done -> seeded Phase 2 trackers. lambda2: mean=0.1193, range=[0.0655, 0.1953]
2026-02-28 07:27:56,478 - lg_cotrain - INFO - Phase 2 epoch 1/5: loss1=0.1460, loss2=0.1214, dev_macro_f1=0.5936, dev_err=35.98%
2026-02-28 07:28:54,418 - lg_cotrain - INFO - Phase 2 epoch 2/5: loss1=0.0729, loss2=0.3513, dev_macro_f1=0.5692, dev_err=38.41%
2026-02-28 07:29:52,175 - lg_cotrain - INFO - Phase 2 epoch 3/5: loss1=0.1400, loss2=1.0221, dev_macro_f1=0.0476, dev_err=72.78%
2026-02-28 07:30:49,965 - lg_cotrain - INFO - Phase 2 epoch 4/5: loss1=0.1247, loss2=1.1968, dev_macro_f1=0.0476, dev_err=72.78%
2026-02-28 07:31:47,761 - lg_cotrain - INFO - Phase 2 epoch 5/5: loss1=0.0632, loss2=1.1033, dev_macro_f1=0.0476, dev_err=72.78%
2026-02-28 07:31:47,762 - lg_cotrain - INFO - === Phase 3: Fine-Tuning ===
2026-02-28 07:31:51,954 - lg_cotrain - INFO - Phase 3 epoch 1: dev_macro_f1=0.0089, dev_err=95.82%, es_counter1=0, es_counter2=0
2026-02-28 07:31:56,141 - lg_cotrain - INFO - Phase 3 epoch 2: dev_macro_f1=0.0476, dev_err=72.78%, es_counter1=0, es_counter2=0
2026-02-28 07:32:00,311 - lg_cotrain - INFO - Phase 3 epoch 3: dev_macro_f1=0.0064, dev_err=97.04%, es_counter1=1, es_counter2=1
2026-02-28 07:32:04,480 - lg_cotrain - INFO - Phase 3 epoch 4: dev_macro_f1=0.0189, dev_err=90.70%, es_counter1=2, es_counter2=2
2026-02-28 07:32:08,652 - lg_cotrain - INFO - Phase 3 epoch 5: dev_macro_f1=0.0089, dev_err=95.82%, es_counter1=3, es_counter2=3
2026-02-28 07:32:12,822 - lg_cotrain - INFO - Phase 3 epoch 6: dev_macro_f1=0.0089, dev_err=95.82%, es_counter1=4, es_counter2=4
2026-02-28 07:32:12,822 - lg_cotrain - INFO - Early stopping at epoch 6
2026-02-28 07:32:12,832 - lg_cotrain - INFO - === Final Evaluation ===
2026-02-28 07:32:19,142 - lg_cotrain - INFO - Results saved to C:\Users\anhtr\AppData\Local\Temp\tmpasuam45d\hurricane_maria_2017\50_set3\metrics.json
2026-02-28 07:32:19,143 - lg_cotrain - INFO - Test error rate: 72.88%, Test macro-F1: 0.0474, Test ECE: 0.0965
2026-02-28 07:32:19,153 - lg_cotrain - INFO - --- Trial 1/10 done: dev_macro_f1=0.0476 ---
2026-02-28 07:32:19,153 - lg_cotrain - INFO - --- Trial 2/10 ---
2026-02-28 07:32:19,645 - lg_cotrain - INFO - Starting LG-CoTrain: event=hurricane_maria_2017, budget=50, seed_set=3
2026-02-28 07:32:19,672 - lg_cotrain - INFO - Detected 9 classes for event hurricane_maria_2017: ['caution_and_advice', 'displaced_people_and_evacuations', 'infrastructure_and_utility_damage', 'injured_or_dead_people', 'not_humanitarian', 'other_relevant_information', 'requests_or_urgent_needs', 'rescue_volunteering_or_donation_effort', 'sympathy_and_support']
2026-02-28 07:32:19,679 - lg_cotrain - INFO - D_l1: 225, D_l2: 225, D_LG: 4644
2026-02-28 07:32:19,680 - lg_cotrain - INFO - === Phase 1: Weight Generation ===
2026-02-28 07:32:40,535 - lg_cotrain - INFO - Phase 1 epoch 1/7: mean_prob1=0.1126, mean_prob2=0.1289
2026-02-28 07:33:00,444 - lg_cotrain - INFO - Phase 1 epoch 2/7: mean_prob1=0.1474, mean_prob2=0.2054
2026-02-28 07:33:20,275 - lg_cotrain - INFO - Phase 1 epoch 3/7: mean_prob1=0.1962, mean_prob2=0.3245
2026-02-28 07:33:40,064 - lg_cotrain - INFO - Phase 1 epoch 4/7: mean_prob1=0.3477, mean_prob2=0.4307
2026-02-28 07:34:00,031 - lg_cotrain - INFO - Phase 1 epoch 5/7: mean_prob1=0.4700, mean_prob2=0.5100
2026-02-28 07:34:19,829 - lg_cotrain - INFO - Phase 1 epoch 6/7: mean_prob1=0.5210, mean_prob2=0.5535
2026-02-28 07:34:39,648 - lg_cotrain - INFO - Phase 1 epoch 7/7: mean_prob1=0.5442, mean_prob2=0.5834
2026-02-28 07:34:39,648 - lg_cotrain - INFO - === Phase 2: Co-Training ===
2026-02-28 07:34:40,584 - lg_cotrain - INFO - LR scheduler: total_steps_1=7548, warmup=437; total_steps_2=7548, warmup=437
2026-02-28 07:34:40,585 - lg_cotrain - INFO - Phase 1 done -> seeded Phase 2 trackers. lambda1: mean=0.5442, range=[0.0031, 0.9643]
2026-02-28 07:34:40,585 - lg_cotrain - INFO - Phase 1 done -> seeded Phase 2 trackers. lambda2: mean=0.5834, range=[0.0008, 0.9812]
2026-02-28 07:35:57,134 - lg_cotrain - INFO - Phase 2 epoch 1/8: loss1=0.5080, loss2=0.4786, dev_macro_f1=0.6641, dev_err=29.78%
2026-02-28 07:37:13,385 - lg_cotrain - INFO - Phase 2 epoch 2/8: loss1=0.0750, loss2=0.2822, dev_macro_f1=0.6470, dev_err=31.13%
2026-02-28 07:38:29,789 - lg_cotrain - INFO - Phase 2 epoch 3/8: loss1=0.0523, loss2=0.1786, dev_macro_f1=0.6846, dev_err=27.76%
2026-02-28 07:39:46,508 - lg_cotrain - INFO - Phase 2 epoch 4/8: loss1=0.0336, loss2=0.0936, dev_macro_f1=0.6660, dev_err=28.30%
2026-02-28 07:41:03,327 - lg_cotrain - INFO - Phase 2 epoch 5/8: loss1=0.0291, loss2=0.0650, dev_macro_f1=0.6886, dev_err=27.90%
2026-02-28 07:42:19,785 - lg_cotrain - INFO - Phase 2 epoch 6/8: loss1=0.0339, loss2=0.0444, dev_macro_f1=0.6537, dev_err=30.19%
2026-02-28 07:43:36,358 - lg_cotrain - INFO - Phase 2 epoch 7/8: loss1=0.0279, loss2=0.0226, dev_macro_f1=0.6526, dev_err=31.00%
2026-02-28 07:44:52,832 - lg_cotrain - INFO - Phase 2 epoch 8/8: loss1=0.0207, loss2=0.0251, dev_macro_f1=0.6569, dev_err=30.05%
2026-02-28 07:44:52,833 - lg_cotrain - INFO - === Phase 3: Fine-Tuning ===
2026-02-28 07:44:58,240 - lg_cotrain - INFO - Phase 3 epoch 1: dev_macro_f1=0.6197, dev_err=39.08%, es_counter1=0, es_counter2=0
2026-02-28 07:45:03,635 - lg_cotrain - INFO - Phase 3 epoch 2: dev_macro_f1=0.6621, dev_err=30.46%, es_counter1=0, es_counter2=0
2026-02-28 07:45:09,042 - lg_cotrain - INFO - Phase 3 epoch 3: dev_macro_f1=0.7029, dev_err=27.49%, es_counter1=0, es_counter2=0
2026-02-28 07:45:14,425 - lg_cotrain - INFO - Phase 3 epoch 4: dev_macro_f1=0.6776, dev_err=30.73%, es_counter1=1, es_counter2=1
2026-02-28 07:45:19,816 - lg_cotrain - INFO - Phase 3 epoch 5: dev_macro_f1=0.6862, dev_err=29.51%, es_counter1=2, es_counter2=2
2026-02-28 07:45:25,241 - lg_cotrain - INFO - Phase 3 epoch 6: dev_macro_f1=0.6880, dev_err=29.11%, es_counter1=3, es_counter2=3
2026-02-28 07:45:30,697 - lg_cotrain - INFO - Phase 3 epoch 7: dev_macro_f1=0.6837, dev_err=29.38%, es_counter1=4, es_counter2=4
2026-02-28 07:45:30,697 - lg_cotrain - INFO - Early stopping at epoch 7
2026-02-28 07:45:30,711 - lg_cotrain - INFO - === Final Evaluation ===
2026-02-28 07:45:38,363 - lg_cotrain - INFO - Results saved to C:\Users\anhtr\AppData\Local\Temp\tmptrbtd6k1\hurricane_maria_2017\50_set3\metrics.json
2026-02-28 07:45:38,363 - lg_cotrain - INFO - Test error rate: 30.44%, Test macro-F1: 0.6652, Test ECE: 0.1107
2026-02-28 07:45:38,377 - lg_cotrain - INFO - --- Trial 2/10 done: dev_macro_f1=0.7029 ---
2026-02-28 07:45:38,377 - lg_cotrain - INFO - --- Trial 3/10 ---
2026-02-28 07:45:38,915 - lg_cotrain - INFO - Starting LG-CoTrain: event=hurricane_maria_2017, budget=50, seed_set=3
2026-02-28 07:45:38,944 - lg_cotrain - INFO - Detected 9 classes for event hurricane_maria_2017: ['caution_and_advice', 'displaced_people_and_evacuations', 'infrastructure_and_utility_damage', 'injured_or_dead_people', 'not_humanitarian', 'other_relevant_information', 'requests_or_urgent_needs', 'rescue_volunteering_or_donation_effort', 'sympathy_and_support']
2026-02-28 07:45:38,950 - lg_cotrain - INFO - D_l1: 225, D_l2: 225, D_LG: 4644
2026-02-28 07:45:38,951 - lg_cotrain - INFO - === Phase 1: Weight Generation ===
2026-02-28 07:45:56,557 - lg_cotrain - INFO - Phase 1 epoch 1/7: mean_prob1=0.1087, mean_prob2=0.1512
2026-02-28 07:46:12,977 - lg_cotrain - INFO - Phase 1 epoch 2/7: mean_prob1=0.1146, mean_prob2=0.0961
2026-02-28 07:46:29,409 - lg_cotrain - INFO - Phase 1 epoch 3/7: mean_prob1=0.1014, mean_prob2=0.1070
2026-02-28 07:46:45,815 - lg_cotrain - INFO - Phase 1 epoch 4/7: mean_prob1=0.1046, mean_prob2=0.1094
2026-02-28 07:47:02,288 - lg_cotrain - INFO - Phase 1 epoch 5/7: mean_prob1=0.1159, mean_prob2=0.1704
2026-02-28 07:47:18,712 - lg_cotrain - INFO - Phase 1 epoch 6/7: mean_prob1=0.1106, mean_prob2=0.1069
2026-02-28 07:47:35,036 - lg_cotrain - INFO - Phase 1 epoch 7/7: mean_prob1=0.1056, mean_prob2=0.1215
2026-02-28 07:47:35,037 - lg_cotrain - INFO - === Phase 2: Co-Training ===
2026-02-28 07:47:36,106 - lg_cotrain - INFO - LR scheduler: total_steps_1=2260, warmup=402; total_steps_2=2260, warmup=402
2026-02-28 07:47:36,106 - lg_cotrain - INFO - Phase 1 done -> seeded Phase 2 trackers. lambda1: mean=0.1056, range=[0.0854, 0.1479]
2026-02-28 07:47:36,106 - lg_cotrain - INFO - Phase 1 done -> seeded Phase 2 trackers. lambda2: mean=0.1215, range=[0.0716, 0.2152]
2026-02-28 07:48:34,354 - lg_cotrain - INFO - Phase 2 epoch 1/10: loss1=0.1527, loss2=0.1404, dev_macro_f1=0.6068, dev_err=34.91%
2026-02-28 07:49:32,405 - lg_cotrain - INFO - Phase 2 epoch 2/10: loss1=0.0681, loss2=0.3195, dev_macro_f1=0.6110, dev_err=33.96%
2026-02-28 07:50:30,590 - lg_cotrain - INFO - Phase 2 epoch 3/10: loss1=0.1254, loss2=0.6819, dev_macro_f1=0.3870, dev_err=51.08%
2026-02-28 07:51:28,657 - lg_cotrain - INFO - Phase 2 epoch 4/10: loss1=0.1409, loss2=1.3749, dev_macro_f1=0.0476, dev_err=72.78%
2026-02-28 07:52:26,580 - lg_cotrain - INFO - Phase 2 epoch 5/10: loss1=0.0529, loss2=1.2903, dev_macro_f1=0.1289, dev_err=57.82%
2026-02-28 07:53:24,556 - lg_cotrain - INFO - Phase 2 epoch 6/10: loss1=0.0367, loss2=1.2312, dev_macro_f1=0.0476, dev_err=72.78%
2026-02-28 07:54:22,597 - lg_cotrain - INFO - Phase 2 epoch 7/10: loss1=0.0503, loss2=1.1654, dev_macro_f1=0.0476, dev_err=72.78%
2026-02-28 07:55:20,553 - lg_cotrain - INFO - Phase 2 epoch 8/10: loss1=0.0493, loss2=1.1126, dev_macro_f1=0.0476, dev_err=72.78%
2026-02-28 07:56:18,468 - lg_cotrain - INFO - Phase 2 epoch 9/10: loss1=0.0359, loss2=1.0642, dev_macro_f1=0.1313, dev_err=56.47%
2026-02-28 07:57:16,495 - lg_cotrain - INFO - Phase 2 epoch 10/10: loss1=0.0519, loss2=1.0371, dev_macro_f1=0.0507, dev_err=72.51%
2026-02-28 07:57:16,495 - lg_cotrain - INFO - === Phase 3: Fine-Tuning ===
2026-02-28 07:57:20,711 - lg_cotrain - INFO - Phase 3 epoch 1: dev_macro_f1=0.0423, dev_err=78.30%, es_counter1=0, es_counter2=0
2026-02-28 07:57:24,891 - lg_cotrain - INFO - Phase 3 epoch 2: dev_macro_f1=0.0227, dev_err=90.03%, es_counter1=1, es_counter2=1
2026-02-28 07:57:29,095 - lg_cotrain - INFO - Phase 3 epoch 3: dev_macro_f1=0.0038, dev_err=98.25%, es_counter1=2, es_counter2=2
2026-02-28 07:57:33,290 - lg_cotrain - INFO - Phase 3 epoch 4: dev_macro_f1=0.0081, dev_err=96.23%, es_counter1=3, es_counter2=3
2026-02-28 07:57:37,481 - lg_cotrain - INFO - Phase 3 epoch 5: dev_macro_f1=0.0227, dev_err=90.03%, es_counter1=4, es_counter2=4
2026-02-28 07:57:41,682 - lg_cotrain - INFO - Phase 3 epoch 6: dev_macro_f1=0.0507, dev_err=72.51%, es_counter1=0, es_counter2=0
2026-02-28 07:57:45,880 - lg_cotrain - INFO - Phase 3 epoch 7: dev_macro_f1=0.0423, dev_err=78.30%, es_counter1=1, es_counter2=1
2026-02-28 07:57:50,074 - lg_cotrain - INFO - Phase 3 epoch 8: dev_macro_f1=0.0119, dev_err=95.55%, es_counter1=2, es_counter2=2
2026-02-28 07:57:54,253 - lg_cotrain - INFO - Phase 3 epoch 9: dev_macro_f1=0.0111, dev_err=95.96%, es_counter1=3, es_counter2=3
2026-02-28 07:57:58,432 - lg_cotrain - INFO - Phase 3 epoch 10: dev_macro_f1=0.0068, dev_err=97.98%, es_counter1=4, es_counter2=4
2026-02-28 07:58:02,618 - lg_cotrain - INFO - Phase 3 epoch 11: dev_macro_f1=0.0089, dev_err=95.82%, es_counter1=5, es_counter2=5
2026-02-28 07:58:06,803 - lg_cotrain - INFO - Phase 3 epoch 12: dev_macro_f1=0.0089, dev_err=95.82%, es_counter1=6, es_counter2=6
2026-02-28 07:58:11,003 - lg_cotrain - INFO - Phase 3 epoch 13: dev_macro_f1=0.0477, dev_err=72.78%, es_counter1=7, es_counter2=7
2026-02-28 07:58:15,216 - lg_cotrain - INFO - Phase 3 epoch 14: dev_macro_f1=0.0507, dev_err=72.51%, es_counter1=8, es_counter2=8
2026-02-28 07:58:15,216 - lg_cotrain - INFO - Early stopping at epoch 14
2026-02-28 07:58:15,230 - lg_cotrain - INFO - === Final Evaluation ===
2026-02-28 07:58:21,615 - lg_cotrain - INFO - Results saved to C:\Users\anhtr\AppData\Local\Temp\tmpj65xjv7s\hurricane_maria_2017\50_set3\metrics.json
2026-02-28 07:58:21,616 - lg_cotrain - INFO - Test error rate: 72.88%, Test macro-F1: 0.0474, Test ECE: 0.1278
2026-02-28 07:58:21,628 - lg_cotrain - INFO - --- Trial 3/10 done: dev_macro_f1=0.0507 ---
2026-02-28 07:58:21,628 - lg_cotrain - INFO - --- Trial 4/10 ---
2026-02-28 07:58:22,130 - lg_cotrain - INFO - Starting LG-CoTrain: event=hurricane_maria_2017, budget=50, seed_set=3
2026-02-28 07:58:22,157 - lg_cotrain - INFO - Detected 9 classes for event hurricane_maria_2017: ['caution_and_advice', 'displaced_people_and_evacuations', 'infrastructure_and_utility_damage', 'injured_or_dead_people', 'not_humanitarian', 'other_relevant_information', 'requests_or_urgent_needs', 'rescue_volunteering_or_donation_effort', 'sympathy_and_support']
2026-02-28 07:58:22,166 - lg_cotrain - INFO - D_l1: 225, D_l2: 225, D_LG: 4644
2026-02-28 07:58:22,167 - lg_cotrain - INFO - === Phase 1: Weight Generation ===
2026-02-28 07:58:41,475 - lg_cotrain - INFO - Phase 1 epoch 1/7: mean_prob1=0.1150, mean_prob2=0.1265
2026-02-28 07:58:59,720 - lg_cotrain - INFO - Phase 1 epoch 2/7: mean_prob1=0.1290, mean_prob2=0.1590
2026-02-28 07:59:17,944 - lg_cotrain - INFO - Phase 1 epoch 3/7: mean_prob1=0.1562, mean_prob2=0.2032
2026-02-28 07:59:36,138 - lg_cotrain - INFO - Phase 1 epoch 4/7: mean_prob1=0.2426, mean_prob2=0.2747
2026-02-28 07:59:54,627 - lg_cotrain - INFO - Phase 1 epoch 5/7: mean_prob1=0.3295, mean_prob2=0.3446
2026-02-28 08:00:12,930 - lg_cotrain - INFO - Phase 1 epoch 6/7: mean_prob1=0.3725, mean_prob2=0.3974
2026-02-28 08:00:31,175 - lg_cotrain - INFO - Phase 1 epoch 7/7: mean_prob1=0.4311, mean_prob2=0.4899
2026-02-28 08:00:31,176 - lg_cotrain - INFO - === Phase 2: Co-Training ===
2026-02-28 08:00:32,139 - lg_cotrain - INFO - LR scheduler: total_steps_1=6156, warmup=85; total_steps_2=6156, warmup=85
2026-02-28 08:00:32,139 - lg_cotrain - INFO - Phase 1 done -> seeded Phase 2 trackers. lambda1: mean=0.4311, range=[0.0093, 0.9156]
2026-02-28 08:00:32,139 - lg_cotrain - INFO - Phase 1 done -> seeded Phase 2 trackers. lambda2: mean=0.4899, range=[0.0031, 0.9106]
2026-02-28 08:01:38,239 - lg_cotrain - INFO - Phase 2 epoch 1/16: loss1=0.3957, loss2=0.3764, dev_macro_f1=0.6223, dev_err=33.29%
2026-02-28 08:02:44,334 - lg_cotrain - INFO - Phase 2 epoch 2/16: loss1=0.0690, loss2=0.2167, dev_macro_f1=0.6653, dev_err=30.05%
2026-02-28 08:03:50,092 - lg_cotrain - INFO - Phase 2 epoch 3/16: loss1=0.0386, loss2=0.1449, dev_macro_f1=0.6658, dev_err=29.78%
2026-02-28 08:04:55,898 - lg_cotrain - INFO - Phase 2 epoch 4/16: loss1=0.0434, loss2=0.0875, dev_macro_f1=0.6619, dev_err=29.78%
2026-02-28 08:06:01,448 - lg_cotrain - INFO - Phase 2 epoch 5/16: loss1=0.0321, loss2=0.0654, dev_macro_f1=0.6709, dev_err=29.25%
2026-02-28 08:07:07,133 - lg_cotrain - INFO - Phase 2 epoch 6/16: loss1=0.0261, loss2=0.0489, dev_macro_f1=0.6377, dev_err=32.21%
2026-02-28 08:08:12,824 - lg_cotrain - INFO - Phase 2 epoch 7/16: loss1=0.0241, loss2=0.0545, dev_macro_f1=0.6565, dev_err=31.27%
2026-02-28 08:09:18,542 - lg_cotrain - INFO - Phase 2 epoch 8/16: loss1=0.0190, loss2=0.0288, dev_macro_f1=0.6538, dev_err=30.46%
2026-02-28 08:10:24,206 - lg_cotrain - INFO - Phase 2 epoch 9/16: loss1=0.0132, loss2=0.0122, dev_macro_f1=0.6560, dev_err=30.46%
2026-02-28 08:11:29,856 - lg_cotrain - INFO - Phase 2 epoch 10/16: loss1=0.0131, loss2=0.0161, dev_macro_f1=0.6566, dev_err=30.59%
2026-02-28 08:12:35,502 - lg_cotrain - INFO - Phase 2 epoch 11/16: loss1=0.0059, loss2=0.0096, dev_macro_f1=0.6519, dev_err=31.40%
2026-02-28 08:13:41,211 - lg_cotrain - INFO - Phase 2 epoch 12/16: loss1=0.0075, loss2=0.0160, dev_macro_f1=0.6439, dev_err=31.27%
2026-02-28 08:14:46,860 - lg_cotrain - INFO - Phase 2 epoch 13/16: loss1=0.0087, loss2=0.0138, dev_macro_f1=0.6316, dev_err=32.08%
2026-02-28 08:15:52,418 - lg_cotrain - INFO - Phase 2 epoch 14/16: loss1=0.0080, loss2=0.0127, dev_macro_f1=0.6614, dev_err=30.46%
2026-02-28 08:16:58,082 - lg_cotrain - INFO - Phase 2 epoch 15/16: loss1=0.0057, loss2=0.0044, dev_macro_f1=0.6551, dev_err=31.00%
2026-02-28 08:18:03,724 - lg_cotrain - INFO - Phase 2 epoch 16/16: loss1=0.0053, loss2=0.0034, dev_macro_f1=0.6499, dev_err=31.54%
2026-02-28 08:18:03,724 - lg_cotrain - INFO - === Phase 3: Fine-Tuning ===
2026-02-28 08:18:08,479 - lg_cotrain - INFO - Phase 3 epoch 1: dev_macro_f1=0.6466, dev_err=32.35%, es_counter1=0, es_counter2=0
2026-02-28 08:18:13,217 - lg_cotrain - INFO - Phase 3 epoch 2: dev_macro_f1=0.6448, dev_err=30.73%, es_counter1=1, es_counter2=1
2026-02-28 08:18:17,969 - lg_cotrain - INFO - Phase 3 epoch 3: dev_macro_f1=0.6581, dev_err=31.00%, es_counter1=0, es_counter2=0
2026-02-28 08:18:22,717 - lg_cotrain - INFO - Phase 3 epoch 4: dev_macro_f1=0.6714, dev_err=29.92%, es_counter1=0, es_counter2=0
2026-02-28 08:18:27,468 - lg_cotrain - INFO - Phase 3 epoch 5: dev_macro_f1=0.6827, dev_err=29.25%, es_counter1=0, es_counter2=0
2026-02-28 08:18:32,213 - lg_cotrain - INFO - Phase 3 epoch 6: dev_macro_f1=0.6791, dev_err=29.51%, es_counter1=1, es_counter2=1
2026-02-28 08:18:36,932 - lg_cotrain - INFO - Phase 3 epoch 7: dev_macro_f1=0.6806, dev_err=29.38%, es_counter1=2, es_counter2=2
2026-02-28 08:18:41,657 - lg_cotrain - INFO - Phase 3 epoch 8: dev_macro_f1=0.6794, dev_err=29.51%, es_counter1=3, es_counter2=3
2026-02-28 08:18:46,381 - lg_cotrain - INFO - Phase 3 epoch 9: dev_macro_f1=0.6820, dev_err=29.38%, es_counter1=4, es_counter2=4
2026-02-28 08:18:51,137 - lg_cotrain - INFO - Phase 3 epoch 10: dev_macro_f1=0.6842, dev_err=29.38%, es_counter1=0, es_counter2=0
2026-02-28 08:18:55,861 - lg_cotrain - INFO - Phase 3 epoch 11: dev_macro_f1=0.6836, dev_err=29.25%, es_counter1=1, es_counter2=1
2026-02-28 08:19:00,599 - lg_cotrain - INFO - Phase 3 epoch 12: dev_macro_f1=0.6813, dev_err=29.38%, es_counter1=2, es_counter2=2
2026-02-28 08:19:05,340 - lg_cotrain - INFO - Phase 3 epoch 13: dev_macro_f1=0.6818, dev_err=29.25%, es_counter1=3, es_counter2=3
2026-02-28 08:19:10,080 - lg_cotrain - INFO - Phase 3 epoch 14: dev_macro_f1=0.6821, dev_err=29.25%, es_counter1=4, es_counter2=4
2026-02-28 08:19:14,813 - lg_cotrain - INFO - Phase 3 epoch 15: dev_macro_f1=0.6798, dev_err=29.38%, es_counter1=5, es_counter2=5
2026-02-28 08:19:19,524 - lg_cotrain - INFO - Phase 3 epoch 16: dev_macro_f1=0.6810, dev_err=29.25%, es_counter1=6, es_counter2=6
2026-02-28 08:19:24,240 - lg_cotrain - INFO - Phase 3 epoch 17: dev_macro_f1=0.6801, dev_err=29.11%, es_counter1=7, es_counter2=7
2026-02-28 08:19:28,959 - lg_cotrain - INFO - Phase 3 epoch 18: dev_macro_f1=0.6801, dev_err=29.11%, es_counter1=8, es_counter2=8
2026-02-28 08:19:33,691 - lg_cotrain - INFO - Phase 3 epoch 19: dev_macro_f1=0.6830, dev_err=28.98%, es_counter1=9, es_counter2=9
2026-02-28 08:19:38,417 - lg_cotrain - INFO - Phase 3 epoch 20: dev_macro_f1=0.6820, dev_err=28.98%, es_counter1=10, es_counter2=10
2026-02-28 08:19:38,417 - lg_cotrain - INFO - Early stopping at epoch 20
2026-02-28 08:19:38,428 - lg_cotrain - INFO - === Final Evaluation ===
2026-02-28 08:19:45,487 - lg_cotrain - INFO - Results saved to C:\Users\anhtr\AppData\Local\Temp\tmpke73yjlx\hurricane_maria_2017\50_set3\metrics.json
2026-02-28 08:19:45,487 - lg_cotrain - INFO - Test error rate: 29.82%, Test macro-F1: 0.6670, Test ECE: 0.1649
2026-02-28 08:19:45,495 - lg_cotrain - INFO - --- Trial 4/10 done: dev_macro_f1=0.6842 ---
2026-02-28 08:19:45,496 - lg_cotrain - INFO - --- Trial 5/10 ---
2026-02-28 08:19:46,001 - lg_cotrain - INFO - Starting LG-CoTrain: event=hurricane_maria_2017, budget=50, seed_set=3
2026-02-28 08:19:46,028 - lg_cotrain - INFO - Detected 9 classes for event hurricane_maria_2017: ['caution_and_advice', 'displaced_people_and_evacuations', 'infrastructure_and_utility_damage', 'injured_or_dead_people', 'not_humanitarian', 'other_relevant_information', 'requests_or_urgent_needs', 'rescue_volunteering_or_donation_effort', 'sympathy_and_support']
2026-02-28 08:19:46,035 - lg_cotrain - INFO - D_l1: 225, D_l2: 225, D_LG: 4644
2026-02-28 08:19:46,036 - lg_cotrain - INFO - === Phase 1: Weight Generation ===
2026-02-28 08:20:06,780 - lg_cotrain - INFO - Phase 1 epoch 1/7: mean_prob1=0.1119, mean_prob2=0.1117
2026-02-28 08:20:26,573 - lg_cotrain - INFO - Phase 1 epoch 2/7: mean_prob1=0.1262, mean_prob2=0.2057
2026-02-28 08:20:46,400 - lg_cotrain - INFO - Phase 1 epoch 3/7: mean_prob1=0.3188, mean_prob2=0.3876
2026-02-28 08:21:06,225 - lg_cotrain - INFO - Phase 1 epoch 4/7: mean_prob1=0.4447, mean_prob2=0.3350
2026-02-28 08:21:26,046 - lg_cotrain - INFO - Phase 1 epoch 5/7: mean_prob1=0.5579, mean_prob2=0.4964
2026-02-28 08:21:45,840 - lg_cotrain - INFO - Phase 1 epoch 6/7: mean_prob1=0.5268, mean_prob2=0.4904
2026-02-28 08:22:05,638 - lg_cotrain - INFO - Phase 1 epoch 7/7: mean_prob1=0.6098, mean_prob2=0.5329
2026-02-28 08:22:05,638 - lg_cotrain - INFO - === Phase 2: Co-Training ===
2026-02-28 08:22:06,635 - lg_cotrain - INFO - LR scheduler: total_steps_1=9872, warmup=1585; total_steps_2=9872, warmup=1585
2026-02-28 08:22:06,636 - lg_cotrain - INFO - Phase 1 done -> seeded Phase 2 trackers. lambda1: mean=0.6098, range=[0.0008, 0.9852]
2026-02-28 08:22:06,636 - lg_cotrain - INFO - Phase 1 done -> seeded Phase 2 trackers. lambda2: mean=0.5329, range=[0.0004, 0.9918]
2026-02-28 08:23:23,048 - lg_cotrain - INFO - Phase 2 epoch 1/12: loss1=0.5545, loss2=0.5844, dev_macro_f1=0.6456, dev_err=31.40%
2026-02-28 08:24:40,008 - lg_cotrain - INFO - Phase 2 epoch 2/12: loss1=0.0803, loss2=0.3085, dev_macro_f1=0.6407, dev_err=32.88%
2026-02-28 08:25:57,002 - lg_cotrain - INFO - Phase 2 epoch 3/12: loss1=0.1406, loss2=0.3158, dev_macro_f1=0.6049, dev_err=34.77%
2026-02-28 08:27:13,754 - lg_cotrain - INFO - Phase 2 epoch 4/12: loss1=0.0706, loss2=0.2924, dev_macro_f1=0.6367, dev_err=30.46%
2026-02-28 08:28:30,585 - lg_cotrain - INFO - Phase 2 epoch 5/12: loss1=0.0765, loss2=0.2172, dev_macro_f1=0.6232, dev_err=31.54%
2026-02-28 08:29:47,589 - lg_cotrain - INFO - Phase 2 epoch 6/12: loss1=0.0582, loss2=0.1279, dev_macro_f1=0.6561, dev_err=30.19%
2026-02-28 08:31:04,724 - lg_cotrain - INFO - Phase 2 epoch 7/12: loss1=0.0484, loss2=0.8588, dev_macro_f1=0.6526, dev_err=31.13%
2026-02-28 08:32:21,527 - lg_cotrain - INFO - Phase 2 epoch 8/12: loss1=0.0207, loss2=1.6288, dev_macro_f1=0.6337, dev_err=31.94%
2026-02-28 08:33:38,263 - lg_cotrain - INFO - Phase 2 epoch 9/12: loss1=0.0061, loss2=1.6465, dev_macro_f1=0.6671, dev_err=29.25%
2026-02-28 08:34:54,968 - lg_cotrain - INFO - Phase 2 epoch 10/12: loss1=0.0034, loss2=1.6676, dev_macro_f1=0.6535, dev_err=30.32%
2026-02-28 08:36:11,741 - lg_cotrain - INFO - Phase 2 epoch 11/12: loss1=0.0028, loss2=1.6830, dev_macro_f1=0.6545, dev_err=30.05%
2026-02-28 08:37:28,501 - lg_cotrain - INFO - Phase 2 epoch 12/12: loss1=0.0026, loss2=1.6919, dev_macro_f1=0.6397, dev_err=31.40%
2026-02-28 08:37:28,503 - lg_cotrain - INFO - === Phase 3: Fine-Tuning ===
2026-02-28 08:37:33,912 - lg_cotrain - INFO - Phase 3 epoch 1: dev_macro_f1=0.6021, dev_err=40.70%, es_counter1=0, es_counter2=0
2026-02-28 08:37:39,319 - lg_cotrain - INFO - Phase 3 epoch 2: dev_macro_f1=0.6047, dev_err=33.29%, es_counter1=0, es_counter2=0
2026-02-28 08:37:44,724 - lg_cotrain - INFO - Phase 3 epoch 3: dev_macro_f1=0.6721, dev_err=31.67%, es_counter1=0, es_counter2=0
2026-02-28 08:37:50,111 - lg_cotrain - INFO - Phase 3 epoch 4: dev_macro_f1=0.5971, dev_err=40.84%, es_counter1=1, es_counter2=1
2026-02-28 08:37:55,513 - lg_cotrain - INFO - Phase 3 epoch 5: dev_macro_f1=0.6426, dev_err=33.15%, es_counter1=2, es_counter2=2
2026-02-28 08:38:00,921 - lg_cotrain - INFO - Phase 3 epoch 6: dev_macro_f1=0.6343, dev_err=32.48%, es_counter1=3, es_counter2=3
2026-02-28 08:38:06,343 - lg_cotrain - INFO - Phase 3 epoch 7: dev_macro_f1=0.6447, dev_err=31.94%, es_counter1=4, es_counter2=4
2026-02-28 08:38:11,773 - lg_cotrain - INFO - Phase 3 epoch 8: dev_macro_f1=0.6457, dev_err=33.29%, es_counter1=5, es_counter2=5
2026-02-28 08:38:17,199 - lg_cotrain - INFO - Phase 3 epoch 9: dev_macro_f1=0.6584, dev_err=32.08%, es_counter1=6, es_counter2=6
2026-02-28 08:38:22,586 - lg_cotrain - INFO - Phase 3 epoch 10: dev_macro_f1=0.6549, dev_err=31.67%, es_counter1=7, es_counter2=7
2026-02-28 08:38:27,978 - lg_cotrain - INFO - Phase 3 epoch 11: dev_macro_f1=0.6544, dev_err=31.67%, es_counter1=8, es_counter2=8
2026-02-28 08:38:27,979 - lg_cotrain - INFO - Early stopping at epoch 11
2026-02-28 08:38:27,992 - lg_cotrain - INFO - === Final Evaluation ===
2026-02-28 08:38:35,587 - lg_cotrain - INFO - Results saved to C:\Users\anhtr\AppData\Local\Temp\tmps0uoouy7\hurricane_maria_2017\50_set3\metrics.json
2026-02-28 08:38:35,587 - lg_cotrain - INFO - Test error rate: 37.66%, Test macro-F1: 0.6201, Test ECE: 0.1526
2026-02-28 08:38:35,598 - lg_cotrain - INFO - --- Trial 5/10 done: dev_macro_f1=0.6721 ---
2026-02-28 08:38:35,599 - lg_cotrain - INFO - --- Trial 6/10 ---
2026-02-28 08:38:36,079 - lg_cotrain - INFO - Starting LG-CoTrain: event=hurricane_maria_2017, budget=50, seed_set=3
2026-02-28 08:38:36,113 - lg_cotrain - INFO - Detected 9 classes for event hurricane_maria_2017: ['caution_and_advice', 'displaced_people_and_evacuations', 'infrastructure_and_utility_damage', 'injured_or_dead_people', 'not_humanitarian', 'other_relevant_information', 'requests_or_urgent_needs', 'rescue_volunteering_or_donation_effort', 'sympathy_and_support']
2026-02-28 08:38:36,123 - lg_cotrain - INFO - D_l1: 225, D_l2: 225, D_LG: 4644
2026-02-28 08:38:36,124 - lg_cotrain - INFO - === Phase 1: Weight Generation ===
2026-02-28 08:38:53,616 - lg_cotrain - INFO - Phase 1 epoch 1/7: mean_prob1=0.1145, mean_prob2=0.1173
2026-02-28 08:39:10,187 - lg_cotrain - INFO - Phase 1 epoch 2/7: mean_prob1=0.1095, mean_prob2=0.1767
2026-02-28 08:39:26,763 - lg_cotrain - INFO - Phase 1 epoch 3/7: mean_prob1=0.0995, mean_prob2=0.2460
2026-02-28 08:39:43,504 - lg_cotrain - INFO - Phase 1 epoch 4/7: mean_prob1=0.1069, mean_prob2=0.3393
2026-02-28 08:40:00,071 - lg_cotrain - INFO - Phase 1 epoch 5/7: mean_prob1=0.1110, mean_prob2=0.4720
2026-02-28 08:40:16,635 - lg_cotrain - INFO - Phase 1 epoch 6/7: mean_prob1=0.1197, mean_prob2=0.4775
2026-02-28 08:40:33,227 - lg_cotrain - INFO - Phase 1 epoch 7/7: mean_prob1=0.1023, mean_prob2=0.4668
2026-02-28 08:40:33,227 - lg_cotrain - INFO - === Phase 2: Co-Training ===
2026-02-28 08:40:34,347 - lg_cotrain - INFO - LR scheduler: total_steps_1=2406, warmup=319; total_steps_2=2406, warmup=319
2026-02-28 08:40:34,348 - lg_cotrain - INFO - Phase 1 done -> seeded Phase 2 trackers. lambda1: mean=0.1023, range=[0.0852, 0.1898]
2026-02-28 08:40:34,348 - lg_cotrain - INFO - Phase 1 done -> seeded Phase 2 trackers. lambda2: mean=0.4668, range=[0.0004, 0.9890]
2026-02-28 08:41:32,803 - lg_cotrain - INFO - Phase 2 epoch 1/11: loss1=0.5846, loss2=0.1389, dev_macro_f1=0.6287, dev_err=32.21%
2026-02-28 08:42:31,336 - lg_cotrain - INFO - Phase 2 epoch 2/11: loss1=0.1130, loss2=0.2835, dev_macro_f1=0.6169, dev_err=32.61%
2026-02-28 08:43:29,682 - lg_cotrain - INFO - Phase 2 epoch 3/11: loss1=0.1180, loss2=0.4296, dev_macro_f1=0.6113, dev_err=32.61%
2026-02-28 08:44:28,167 - lg_cotrain - INFO - Phase 2 epoch 4/11: loss1=0.0639, loss2=0.4410, dev_macro_f1=0.6202, dev_err=33.69%
2026-02-28 08:45:26,689 - lg_cotrain - INFO - Phase 2 epoch 5/11: loss1=0.0443, loss2=0.2800, dev_macro_f1=0.6250, dev_err=31.54%
2026-02-28 08:46:25,061 - lg_cotrain - INFO - Phase 2 epoch 6/11: loss1=0.0260, loss2=0.3521, dev_macro_f1=0.6439, dev_err=31.13%
2026-02-28 08:47:23,530 - lg_cotrain - INFO - Phase 2 epoch 7/11: loss1=0.0198, loss2=0.2504, dev_macro_f1=0.6555, dev_err=30.05%
2026-02-28 08:48:22,044 - lg_cotrain - INFO - Phase 2 epoch 8/11: loss1=0.0262, loss2=0.1483, dev_macro_f1=0.6296, dev_err=31.81%
2026-02-28 08:49:20,438 - lg_cotrain - INFO - Phase 2 epoch 9/11: loss1=0.0219, loss2=0.0942, dev_macro_f1=0.6474, dev_err=30.32%
2026-02-28 08:50:18,979 - lg_cotrain - INFO - Phase 2 epoch 10/11: loss1=0.0315, loss2=0.0590, dev_macro_f1=0.6437, dev_err=30.86%
2026-02-28 08:51:17,477 - lg_cotrain - INFO - Phase 2 epoch 11/11: loss1=0.0214, loss2=0.0440, dev_macro_f1=0.6504, dev_err=30.86%
2026-02-28 08:51:17,477 - lg_cotrain - INFO - === Phase 3: Fine-Tuning ===
2026-02-28 08:51:21,741 - lg_cotrain - INFO - Phase 3 epoch 1: dev_macro_f1=0.6319, dev_err=35.85%, es_counter1=0, es_counter2=0
2026-02-28 08:51:26,020 - lg_cotrain - INFO - Phase 3 epoch 2: dev_macro_f1=0.6346, dev_err=33.29%, es_counter1=0, es_counter2=0
2026-02-28 08:51:30,250 - lg_cotrain - INFO - Phase 3 epoch 3: dev_macro_f1=0.6242, dev_err=36.25%, es_counter1=1, es_counter2=1
2026-02-28 08:51:34,500 - lg_cotrain - INFO - Phase 3 epoch 4: dev_macro_f1=0.6558, dev_err=31.94%, es_counter1=0, es_counter2=0
2026-02-28 08:51:38,747 - lg_cotrain - INFO - Phase 3 epoch 5: dev_macro_f1=0.6476, dev_err=31.54%, es_counter1=1, es_counter2=1
2026-02-28 08:51:42,987 - lg_cotrain - INFO - Phase 3 epoch 6: dev_macro_f1=0.6510, dev_err=33.15%, es_counter1=2, es_counter2=2
2026-02-28 08:51:47,210 - lg_cotrain - INFO - Phase 3 epoch 7: dev_macro_f1=0.6367, dev_err=33.69%, es_counter1=3, es_counter2=3
2026-02-28 08:51:51,450 - lg_cotrain - INFO - Phase 3 epoch 8: dev_macro_f1=0.6312, dev_err=35.71%, es_counter1=4, es_counter2=4
2026-02-28 08:51:55,710 - lg_cotrain - INFO - Phase 3 epoch 9: dev_macro_f1=0.6562, dev_err=31.54%, es_counter1=0, es_counter2=0
2026-02-28 08:51:59,970 - lg_cotrain - INFO - Phase 3 epoch 10: dev_macro_f1=0.6658, dev_err=30.46%, es_counter1=0, es_counter2=0
2026-02-28 08:52:04,223 - lg_cotrain - INFO - Phase 3 epoch 11: dev_macro_f1=0.6642, dev_err=30.05%, es_counter1=1, es_counter2=1
2026-02-28 08:52:08,455 - lg_cotrain - INFO - Phase 3 epoch 12: dev_macro_f1=0.6617, dev_err=29.65%, es_counter1=2, es_counter2=2
2026-02-28 08:52:12,686 - lg_cotrain - INFO - Phase 3 epoch 13: dev_macro_f1=0.6334, dev_err=31.27%, es_counter1=3, es_counter2=3
2026-02-28 08:52:16,924 - lg_cotrain - INFO - Phase 3 epoch 14: dev_macro_f1=0.6288, dev_err=31.81%, es_counter1=4, es_counter2=4
2026-02-28 08:52:21,169 - lg_cotrain - INFO - Phase 3 epoch 15: dev_macro_f1=0.6500, dev_err=30.73%, es_counter1=5, es_counter2=5
2026-02-28 08:52:25,412 - lg_cotrain - INFO - Phase 3 epoch 16: dev_macro_f1=0.6564, dev_err=30.46%, es_counter1=6, es_counter2=6
2026-02-28 08:52:29,656 - lg_cotrain - INFO - Phase 3 epoch 17: dev_macro_f1=0.6614, dev_err=30.46%, es_counter1=7, es_counter2=7
2026-02-28 08:52:33,913 - lg_cotrain - INFO - Phase 3 epoch 18: dev_macro_f1=0.6662, dev_err=29.78%, es_counter1=0, es_counter2=0
2026-02-28 08:52:38,162 - lg_cotrain - INFO - Phase 3 epoch 19: dev_macro_f1=0.6686, dev_err=30.05%, es_counter1=0, es_counter2=0
2026-02-28 08:52:42,384 - lg_cotrain - INFO - Phase 3 epoch 20: dev_macro_f1=0.6658, dev_err=30.59%, es_counter1=1, es_counter2=1
2026-02-28 08:52:46,639 - lg_cotrain - INFO - Phase 3 epoch 21: dev_macro_f1=0.6709, dev_err=30.05%, es_counter1=0, es_counter2=0
2026-02-28 08:52:50,892 - lg_cotrain - INFO - Phase 3 epoch 22: dev_macro_f1=0.6765, dev_err=29.92%, es_counter1=0, es_counter2=0
2026-02-28 08:52:55,128 - lg_cotrain - INFO - Phase 3 epoch 23: dev_macro_f1=0.6651, dev_err=30.32%, es_counter1=1, es_counter2=1
2026-02-28 08:52:59,346 - lg_cotrain - INFO - Phase 3 epoch 24: dev_macro_f1=0.6742, dev_err=30.46%, es_counter1=2, es_counter2=2
2026-02-28 08:53:03,576 - lg_cotrain - INFO - Phase 3 epoch 25: dev_macro_f1=0.6686, dev_err=30.32%, es_counter1=3, es_counter2=3
2026-02-28 08:53:07,803 - lg_cotrain - INFO - Phase 3 epoch 26: dev_macro_f1=0.6677, dev_err=30.19%, es_counter1=4, es_counter2=4
2026-02-28 08:53:12,032 - lg_cotrain - INFO - Phase 3 epoch 27: dev_macro_f1=0.6707, dev_err=30.19%, es_counter1=5, es_counter2=5
2026-02-28 08:53:16,262 - lg_cotrain - INFO - Phase 3 epoch 28: dev_macro_f1=0.6678, dev_err=30.46%, es_counter1=6, es_counter2=6
2026-02-28 08:53:20,487 - lg_cotrain - INFO - Phase 3 epoch 29: dev_macro_f1=0.6662, dev_err=30.73%, es_counter1=7, es_counter2=7
2026-02-28 08:53:24,710 - lg_cotrain - INFO - Phase 3 epoch 30: dev_macro_f1=0.6694, dev_err=30.05%, es_counter1=8, es_counter2=8
2026-02-28 08:53:28,958 - lg_cotrain - INFO - Phase 3 epoch 31: dev_macro_f1=0.6788, dev_err=29.25%, es_counter1=0, es_counter2=0
2026-02-28 08:53:33,193 - lg_cotrain - INFO - Phase 3 epoch 32: dev_macro_f1=0.6764, dev_err=29.65%, es_counter1=1, es_counter2=1
2026-02-28 08:53:37,417 - lg_cotrain - INFO - Phase 3 epoch 33: dev_macro_f1=0.6689, dev_err=30.46%, es_counter1=2, es_counter2=2
2026-02-28 08:53:41,650 - lg_cotrain - INFO - Phase 3 epoch 34: dev_macro_f1=0.6670, dev_err=30.86%, es_counter1=3, es_counter2=3
2026-02-28 08:53:45,874 - lg_cotrain - INFO - Phase 3 epoch 35: dev_macro_f1=0.6717, dev_err=30.19%, es_counter1=4, es_counter2=4
2026-02-28 08:53:50,111 - lg_cotrain - INFO - Phase 3 epoch 36: dev_macro_f1=0.6724, dev_err=30.05%, es_counter1=5, es_counter2=5
2026-02-28 08:53:54,332 - lg_cotrain - INFO - Phase 3 epoch 37: dev_macro_f1=0.6676, dev_err=30.59%, es_counter1=6, es_counter2=6
2026-02-28 08:53:58,559 - lg_cotrain - INFO - Phase 3 epoch 38: dev_macro_f1=0.6637, dev_err=30.86%, es_counter1=7, es_counter2=7
2026-02-28 08:54:02,791 - lg_cotrain - INFO - Phase 3 epoch 39: dev_macro_f1=0.6619, dev_err=31.13%, es_counter1=8, es_counter2=8
2026-02-28 08:54:07,030 - lg_cotrain - INFO - Phase 3 epoch 40: dev_macro_f1=0.6682, dev_err=30.73%, es_counter1=9, es_counter2=9
2026-02-28 08:54:07,030 - lg_cotrain - INFO - Early stopping at epoch 40
2026-02-28 08:54:07,043 - lg_cotrain - INFO - === Final Evaluation ===
2026-02-28 08:54:13,491 - lg_cotrain - INFO - Results saved to C:\Users\anhtr\AppData\Local\Temp\tmpmc0bxinp\hurricane_maria_2017\50_set3\metrics.json
2026-02-28 08:54:13,491 - lg_cotrain - INFO - Test error rate: 33.98%, Test macro-F1: 0.6358, Test ECE: 0.1801
2026-02-28 08:54:13,502 - lg_cotrain - INFO - --- Trial 6/10 done: dev_macro_f1=0.6788 ---
2026-02-28 08:54:13,502 - lg_cotrain - INFO - --- Trial 7/10 ---
2026-02-28 08:54:14,123 - lg_cotrain - INFO - Starting LG-CoTrain: event=hurricane_maria_2017, budget=50, seed_set=3
2026-02-28 08:54:14,150 - lg_cotrain - INFO - Detected 9 classes for event hurricane_maria_2017: ['caution_and_advice', 'displaced_people_and_evacuations', 'infrastructure_and_utility_damage', 'injured_or_dead_people', 'not_humanitarian', 'other_relevant_information', 'requests_or_urgent_needs', 'rescue_volunteering_or_donation_effort', 'sympathy_and_support']
2026-02-28 08:54:14,159 - lg_cotrain - INFO - D_l1: 225, D_l2: 225, D_LG: 4644
2026-02-28 08:54:14,161 - lg_cotrain - INFO - === Phase 1: Weight Generation ===
2026-02-28 08:54:31,731 - lg_cotrain - INFO - Phase 1 epoch 1/7: mean_prob1=0.1126, mean_prob2=0.1164
2026-02-28 08:54:48,307 - lg_cotrain - INFO - Phase 1 epoch 2/7: mean_prob1=0.1229, mean_prob2=0.1292
2026-02-28 08:55:04,812 - lg_cotrain - INFO - Phase 1 epoch 3/7: mean_prob1=0.1200, mean_prob2=0.1334
2026-02-28 08:55:21,290 - lg_cotrain - INFO - Phase 1 epoch 4/7: mean_prob1=0.1222, mean_prob2=0.1357
2026-02-28 08:55:37,815 - lg_cotrain - INFO - Phase 1 epoch 5/7: mean_prob1=0.1263, mean_prob2=0.1419
2026-02-28 08:55:54,454 - lg_cotrain - INFO - Phase 1 epoch 6/7: mean_prob1=0.1436, mean_prob2=0.1497
2026-02-28 08:56:10,967 - lg_cotrain - INFO - Phase 1 epoch 7/7: mean_prob1=0.1505, mean_prob2=0.1639
2026-02-28 08:56:10,967 - lg_cotrain - INFO - === Phase 2: Co-Training ===
2026-02-28 08:56:12,016 - lg_cotrain - INFO - LR scheduler: total_steps_1=3282, warmup=856; total_steps_2=3282, warmup=856
2026-02-28 08:56:12,017 - lg_cotrain - INFO - Phase 1 done -> seeded Phase 2 trackers. lambda1: mean=0.1505, range=[0.0366, 0.3537]
2026-02-28 08:56:12,018 - lg_cotrain - INFO - Phase 1 done -> seeded Phase 2 trackers. lambda2: mean=0.1639, range=[0.0186, 0.3880]
2026-02-28 08:57:10,402 - lg_cotrain - INFO - Phase 2 epoch 1/17: loss1=0.3296, loss2=0.2905, dev_macro_f1=0.0567, dev_err=71.97%
2026-02-28 08:58:08,732 - lg_cotrain - INFO - Phase 2 epoch 2/17: loss1=0.1408, loss2=0.2499, dev_macro_f1=0.1764, dev_err=53.10%
2026-02-28 08:59:07,055 - lg_cotrain - INFO - Phase 2 epoch 3/17: loss1=0.0804, loss2=0.1914, dev_macro_f1=0.5088, dev_err=39.89%
2026-02-28 09:00:05,322 - lg_cotrain - INFO - Phase 2 epoch 4/17: loss1=0.0514, loss2=0.1381, dev_macro_f1=0.5570, dev_err=36.39%
2026-02-28 09:01:03,563 - lg_cotrain - INFO - Phase 2 epoch 5/17: loss1=0.0335, loss2=0.1133, dev_macro_f1=0.5588, dev_err=36.79%
2026-02-28 09:02:01,790 - lg_cotrain - INFO - Phase 2 epoch 6/17: loss1=0.0270, loss2=0.0900, dev_macro_f1=0.5909, dev_err=35.04%
2026-02-28 09:03:00,014 - lg_cotrain - INFO - Phase 2 epoch 7/17: loss1=0.0183, loss2=0.0694, dev_macro_f1=0.6185, dev_err=33.15%
2026-02-28 09:03:58,232 - lg_cotrain - INFO - Phase 2 epoch 8/17: loss1=0.0131, loss2=0.0610, dev_macro_f1=0.6040, dev_err=34.50%
2026-02-28 09:04:56,551 - lg_cotrain - INFO - Phase 2 epoch 9/17: loss1=0.0148, loss2=0.0369, dev_macro_f1=0.6141, dev_err=32.88%
2026-02-28 09:05:55,000 - lg_cotrain - INFO - Phase 2 epoch 10/17: loss1=0.0112, loss2=0.0236, dev_macro_f1=0.6049, dev_err=34.23%
2026-02-28 09:06:53,634 - lg_cotrain - INFO - Phase 2 epoch 11/17: loss1=0.0132, loss2=0.0184, dev_macro_f1=0.6190, dev_err=33.56%
2026-02-28 09:07:52,144 - lg_cotrain - INFO - Phase 2 epoch 12/17: loss1=0.0109, loss2=0.0201, dev_macro_f1=0.6262, dev_err=32.48%
2026-02-28 09:08:50,626 - lg_cotrain - INFO - Phase 2 epoch 13/17: loss1=0.0082, loss2=0.0196, dev_macro_f1=0.6337, dev_err=31.94%
2026-02-28 09:09:49,120 - lg_cotrain - INFO - Phase 2 epoch 14/17: loss1=0.0101, loss2=0.0115, dev_macro_f1=0.6297, dev_err=32.48%
2026-02-28 09:10:47,494 - lg_cotrain - INFO - Phase 2 epoch 15/17: loss1=0.0080, loss2=0.0131, dev_macro_f1=0.6395, dev_err=31.94%
2026-02-28 09:11:45,904 - lg_cotrain - INFO - Phase 2 epoch 16/17: loss1=0.0085, loss2=0.0088, dev_macro_f1=0.6301, dev_err=32.21%
2026-02-28 09:12:44,387 - lg_cotrain - INFO - Phase 2 epoch 17/17: loss1=0.0077, loss2=0.0069, dev_macro_f1=0.6339, dev_err=32.08%
2026-02-28 09:12:44,387 - lg_cotrain - INFO - === Phase 3: Fine-Tuning ===
2026-02-28 09:12:48,626 - lg_cotrain - INFO - Phase 3 epoch 1: dev_macro_f1=0.6469, dev_err=32.21%, es_counter1=0, es_counter2=0
2026-02-28 09:12:52,853 - lg_cotrain - INFO - Phase 3 epoch 2: dev_macro_f1=0.6366, dev_err=35.04%, es_counter1=1, es_counter2=1
2026-02-28 09:12:57,093 - lg_cotrain - INFO - Phase 3 epoch 3: dev_macro_f1=0.6729, dev_err=30.19%, es_counter1=0, es_counter2=0
2026-02-28 09:13:01,327 - lg_cotrain - INFO - Phase 3 epoch 4: dev_macro_f1=0.6727, dev_err=30.19%, es_counter1=1, es_counter2=1
2026-02-28 09:13:05,575 - lg_cotrain - INFO - Phase 3 epoch 5: dev_macro_f1=0.6786, dev_err=28.98%, es_counter1=0, es_counter2=0
2026-02-28 09:13:09,803 - lg_cotrain - INFO - Phase 3 epoch 6: dev_macro_f1=0.6734, dev_err=29.51%, es_counter1=1, es_counter2=1
2026-02-28 09:13:14,050 - lg_cotrain - INFO - Phase 3 epoch 7: dev_macro_f1=0.6930, dev_err=28.71%, es_counter1=0, es_counter2=0
2026-02-28 09:13:18,277 - lg_cotrain - INFO - Phase 3 epoch 8: dev_macro_f1=0.6883, dev_err=28.98%, es_counter1=1, es_counter2=1
2026-02-28 09:13:22,505 - lg_cotrain - INFO - Phase 3 epoch 9: dev_macro_f1=0.6811, dev_err=29.51%, es_counter1=2, es_counter2=2
2026-02-28 09:13:26,727 - lg_cotrain - INFO - Phase 3 epoch 10: dev_macro_f1=0.6787, dev_err=29.78%, es_counter1=3, es_counter2=3
2026-02-28 09:13:30,954 - lg_cotrain - INFO - Phase 3 epoch 11: dev_macro_f1=0.6823, dev_err=29.38%, es_counter1=4, es_counter2=4
2026-02-28 09:13:35,182 - lg_cotrain - INFO - Phase 3 epoch 12: dev_macro_f1=0.6837, dev_err=29.25%, es_counter1=5, es_counter2=5
2026-02-28 09:13:39,397 - lg_cotrain - INFO - Phase 3 epoch 13: dev_macro_f1=0.6774, dev_err=29.25%, es_counter1=6, es_counter2=6
2026-02-28 09:13:43,633 - lg_cotrain - INFO - Phase 3 epoch 14: dev_macro_f1=0.6765, dev_err=29.38%, es_counter1=7, es_counter2=7
2026-02-28 09:13:43,633 - lg_cotrain - INFO - Early stopping at epoch 14
2026-02-28 09:13:43,644 - lg_cotrain - INFO - === Final Evaluation ===
2026-02-28 09:13:50,135 - lg_cotrain - INFO - Results saved to C:\Users\anhtr\AppData\Local\Temp\tmppp48784z\hurricane_maria_2017\50_set3\metrics.json
2026-02-28 09:13:50,136 - lg_cotrain - INFO - Test error rate: 28.50%, Test macro-F1: 0.6901, Test ECE: 0.1417
2026-02-28 09:13:50,148 - lg_cotrain - INFO - --- Trial 7/10 done: dev_macro_f1=0.6930 ---
2026-02-28 09:13:50,148 - lg_cotrain - INFO - --- Trial 8/10 ---
2026-02-28 09:13:50,652 - lg_cotrain - INFO - Starting LG-CoTrain: event=hurricane_maria_2017, budget=50, seed_set=3
2026-02-28 09:13:50,683 - lg_cotrain - INFO - Detected 9 classes for event hurricane_maria_2017: ['caution_and_advice', 'displaced_people_and_evacuations', 'infrastructure_and_utility_damage', 'injured_or_dead_people', 'not_humanitarian', 'other_relevant_information', 'requests_or_urgent_needs', 'rescue_volunteering_or_donation_effort', 'sympathy_and_support']
2026-02-28 09:13:50,693 - lg_cotrain - INFO - D_l1: 225, D_l2: 225, D_LG: 4644
2026-02-28 09:13:50,696 - lg_cotrain - INFO - === Phase 1: Weight Generation ===
2026-02-28 09:14:10,186 - lg_cotrain - INFO - Phase 1 epoch 1/7: mean_prob1=0.1089, mean_prob2=0.1280
2026-02-28 09:14:28,489 - lg_cotrain - INFO - Phase 1 epoch 2/7: mean_prob1=0.1223, mean_prob2=0.1754
2026-02-28 09:14:46,810 - lg_cotrain - INFO - Phase 1 epoch 3/7: mean_prob1=0.1627, mean_prob2=0.2287
2026-02-28 09:15:05,106 - lg_cotrain - INFO - Phase 1 epoch 4/7: mean_prob1=0.2361, mean_prob2=0.3289
2026-02-28 09:15:23,576 - lg_cotrain - INFO - Phase 1 epoch 5/7: mean_prob1=0.4093, mean_prob2=0.4167
2026-02-28 09:15:42,080 - lg_cotrain - INFO - Phase 1 epoch 6/7: mean_prob1=0.4751, mean_prob2=0.4895
2026-02-28 09:16:00,482 - lg_cotrain - INFO - Phase 1 epoch 7/7: mean_prob1=0.5461, mean_prob2=0.5365
2026-02-28 09:16:00,482 - lg_cotrain - INFO - === Phase 2: Co-Training ===
2026-02-28 09:16:01,458 - lg_cotrain - INFO - LR scheduler: total_steps_1=3828, warmup=497; total_steps_2=3828, warmup=497
2026-02-28 09:16:01,459 - lg_cotrain - INFO - Phase 1 done -> seeded Phase 2 trackers. lambda1: mean=0.5461, range=[0.0045, 0.9448]
2026-02-28 09:16:01,459 - lg_cotrain - INFO - Phase 1 done -> seeded Phase 2 trackers. lambda2: mean=0.5365, range=[0.0019, 0.9545]
2026-02-28 09:17:07,606 - lg_cotrain - INFO - Phase 2 epoch 1/8: loss1=0.6391, loss2=0.6319, dev_macro_f1=0.6084, dev_err=35.71%
2026-02-28 09:18:13,548 - lg_cotrain - INFO - Phase 2 epoch 2/8: loss1=0.0888, loss2=0.2399, dev_macro_f1=0.6211, dev_err=33.56%
2026-02-28 09:19:19,494 - lg_cotrain - INFO - Phase 2 epoch 3/8: loss1=0.0647, loss2=0.1889, dev_macro_f1=0.6385, dev_err=31.27%
2026-02-28 09:20:25,428 - lg_cotrain - INFO - Phase 2 epoch 4/8: loss1=0.0404, loss2=0.0935, dev_macro_f1=0.6740, dev_err=29.65%
2026-02-28 09:21:31,344 - lg_cotrain - INFO - Phase 2 epoch 5/8: loss1=0.0291, loss2=0.0751, dev_macro_f1=0.6703, dev_err=28.98%
2026-02-28 09:22:37,251 - lg_cotrain - INFO - Phase 2 epoch 6/8: loss1=0.0309, loss2=0.0443, dev_macro_f1=0.6458, dev_err=31.13%
2026-02-28 09:23:43,174 - lg_cotrain - INFO - Phase 2 epoch 7/8: loss1=0.0212, loss2=0.0468, dev_macro_f1=0.6643, dev_err=29.38%
2026-02-28 09:24:48,978 - lg_cotrain - INFO - Phase 2 epoch 8/8: loss1=0.0126, loss2=0.0165, dev_macro_f1=0.6516, dev_err=30.59%
2026-02-28 09:24:48,979 - lg_cotrain - INFO - === Phase 3: Fine-Tuning ===
2026-02-28 09:24:53,755 - lg_cotrain - INFO - Phase 3 epoch 1: dev_macro_f1=0.6666, dev_err=33.02%, es_counter1=0, es_counter2=0
2026-02-28 09:24:58,513 - lg_cotrain - INFO - Phase 3 epoch 2: dev_macro_f1=0.6914, dev_err=27.09%, es_counter1=0, es_counter2=0
2026-02-28 09:25:03,264 - lg_cotrain - INFO - Phase 3 epoch 3: dev_macro_f1=0.6872, dev_err=29.51%, es_counter1=1, es_counter2=1
2026-02-28 09:25:08,032 - lg_cotrain - INFO - Phase 3 epoch 4: dev_macro_f1=0.6814, dev_err=28.71%, es_counter1=2, es_counter2=2
2026-02-28 09:25:12,829 - lg_cotrain - INFO - Phase 3 epoch 5: dev_macro_f1=0.6920, dev_err=27.76%, es_counter1=0, es_counter2=0
2026-02-28 09:25:17,615 - lg_cotrain - INFO - Phase 3 epoch 6: dev_macro_f1=0.6924, dev_err=27.76%, es_counter1=0, es_counter2=0
2026-02-28 09:25:22,376 - lg_cotrain - INFO - Phase 3 epoch 7: dev_macro_f1=0.6883, dev_err=28.30%, es_counter1=1, es_counter2=1
2026-02-28 09:25:27,148 - lg_cotrain - INFO - Phase 3 epoch 8: dev_macro_f1=0.6935, dev_err=28.03%, es_counter1=0, es_counter2=0
2026-02-28 09:25:31,943 - lg_cotrain - INFO - Phase 3 epoch 9: dev_macro_f1=0.6942, dev_err=28.03%, es_counter1=0, es_counter2=0
2026-02-28 09:25:36,701 - lg_cotrain - INFO - Phase 3 epoch 10: dev_macro_f1=0.6931, dev_err=28.17%, es_counter1=1, es_counter2=1
2026-02-28 09:25:41,454 - lg_cotrain - INFO - Phase 3 epoch 11: dev_macro_f1=0.6912, dev_err=28.30%, es_counter1=2, es_counter2=2
2026-02-28 09:25:46,206 - lg_cotrain - INFO - Phase 3 epoch 12: dev_macro_f1=0.6902, dev_err=28.44%, es_counter1=3, es_counter2=3
2026-02-28 09:25:50,949 - lg_cotrain - INFO - Phase 3 epoch 13: dev_macro_f1=0.6902, dev_err=28.44%, es_counter1=4, es_counter2=4
2026-02-28 09:25:55,709 - lg_cotrain - INFO - Phase 3 epoch 14: dev_macro_f1=0.6900, dev_err=28.30%, es_counter1=5, es_counter2=5
2026-02-28 09:26:00,461 - lg_cotrain - INFO - Phase 3 epoch 15: dev_macro_f1=0.6891, dev_err=28.44%, es_counter1=6, es_counter2=6
2026-02-28 09:26:05,210 - lg_cotrain - INFO - Phase 3 epoch 16: dev_macro_f1=0.6891, dev_err=28.44%, es_counter1=7, es_counter2=7
2026-02-28 09:26:05,211 - lg_cotrain - INFO - Early stopping at epoch 16
2026-02-28 09:26:05,222 - lg_cotrain - INFO - === Final Evaluation ===
2026-02-28 09:26:12,315 - lg_cotrain - INFO - Results saved to C:\Users\anhtr\AppData\Local\Temp\tmpr8o1k93m\hurricane_maria_2017\50_set3\metrics.json
2026-02-28 09:26:12,315 - lg_cotrain - INFO - Test error rate: 29.40%, Test macro-F1: 0.6679, Test ECE: 0.1612
2026-02-28 09:26:12,327 - lg_cotrain - INFO - --- Trial 8/10 done: dev_macro_f1=0.6942 ---
2026-02-28 09:26:12,328 - lg_cotrain - INFO - --- Trial 9/10 ---
2026-02-28 09:26:12,852 - lg_cotrain - INFO - Starting LG-CoTrain: event=hurricane_maria_2017, budget=50, seed_set=3
2026-02-28 09:26:12,881 - lg_cotrain - INFO - Detected 9 classes for event hurricane_maria_2017: ['caution_and_advice', 'displaced_people_and_evacuations', 'infrastructure_and_utility_damage', 'injured_or_dead_people', 'not_humanitarian', 'other_relevant_information', 'requests_or_urgent_needs', 'rescue_volunteering_or_donation_effort', 'sympathy_and_support']
2026-02-28 09:26:12,888 - lg_cotrain - INFO - D_l1: 225, D_l2: 225, D_LG: 4644
2026-02-28 09:26:12,891 - lg_cotrain - INFO - === Phase 1: Weight Generation ===
2026-02-28 09:26:32,172 - lg_cotrain - INFO - Phase 1 epoch 1/7: mean_prob1=0.1159, mean_prob2=0.1181
2026-02-28 09:26:50,520 - lg_cotrain - INFO - Phase 1 epoch 2/7: mean_prob1=0.1227, mean_prob2=0.1312
2026-02-28 09:27:08,808 - lg_cotrain - INFO - Phase 1 epoch 3/7: mean_prob1=0.1266, mean_prob2=0.1372
2026-02-28 09:27:27,025 - lg_cotrain - INFO - Phase 1 epoch 4/7: mean_prob1=0.1334, mean_prob2=0.1425
2026-02-28 09:27:45,383 - lg_cotrain - INFO - Phase 1 epoch 5/7: mean_prob1=0.1398, mean_prob2=0.1472
2026-02-28 09:28:03,837 - lg_cotrain - INFO - Phase 1 epoch 6/7: mean_prob1=0.1587, mean_prob2=0.1616
2026-02-28 09:28:22,110 - lg_cotrain - INFO - Phase 1 epoch 7/7: mean_prob1=0.1635, mean_prob2=0.1772
2026-02-28 09:28:22,110 - lg_cotrain - INFO - === Phase 2: Co-Training ===
2026-02-28 09:28:23,127 - lg_cotrain - INFO - LR scheduler: total_steps_1=5574, warmup=134; total_steps_2=5574, warmup=134
2026-02-28 09:28:23,128 - lg_cotrain - INFO - Phase 1 done -> seeded Phase 2 trackers. lambda1: mean=0.1635, range=[0.0333, 0.4092]
2026-02-28 09:28:23,129 - lg_cotrain - INFO - Phase 1 done -> seeded Phase 2 trackers. lambda2: mean=0.1772, range=[0.0153, 0.4084]
2026-02-28 09:29:29,030 - lg_cotrain - INFO - Phase 2 epoch 1/14: loss1=0.2504, loss2=0.2279, dev_macro_f1=0.5600, dev_err=36.79%
2026-02-28 09:30:35,045 - lg_cotrain - INFO - Phase 2 epoch 2/14: loss1=0.0890, loss2=0.1843, dev_macro_f1=0.6101, dev_err=33.56%
2026-02-28 09:31:40,891 - lg_cotrain - INFO - Phase 2 epoch 3/14: loss1=0.0471, loss2=0.1394, dev_macro_f1=0.6470, dev_err=31.27%
2026-02-28 09:32:46,888 - lg_cotrain - INFO - Phase 2 epoch 4/14: loss1=0.0328, loss2=0.1011, dev_macro_f1=0.6399, dev_err=31.27%
2026-02-28 09:33:52,685 - lg_cotrain - INFO - Phase 2 epoch 5/14: loss1=0.0223, loss2=0.0664, dev_macro_f1=0.6450, dev_err=30.59%
2026-02-28 09:34:58,521 - lg_cotrain - INFO - Phase 2 epoch 6/14: loss1=0.0173, loss2=0.0476, dev_macro_f1=0.6309, dev_err=31.94%
2026-02-28 09:36:04,392 - lg_cotrain - INFO - Phase 2 epoch 7/14: loss1=0.0158, loss2=0.0402, dev_macro_f1=0.6346, dev_err=31.94%
2026-02-28 09:37:10,238 - lg_cotrain - INFO - Phase 2 epoch 8/14: loss1=0.0133, loss2=0.0307, dev_macro_f1=0.6286, dev_err=32.21%
2026-02-28 09:38:16,183 - lg_cotrain - INFO - Phase 2 epoch 9/14: loss1=0.0093, loss2=0.0258, dev_macro_f1=0.6467, dev_err=31.94%
2026-02-28 09:39:21,914 - lg_cotrain - INFO - Phase 2 epoch 10/14: loss1=0.0086, loss2=0.0213, dev_macro_f1=0.6367, dev_err=32.48%
2026-02-28 09:40:27,748 - lg_cotrain - INFO - Phase 2 epoch 11/14: loss1=0.0065, loss2=0.0158, dev_macro_f1=0.6290, dev_err=32.75%
2026-02-28 09:41:33,400 - lg_cotrain - INFO - Phase 2 epoch 12/14: loss1=0.0062, loss2=0.0126, dev_macro_f1=0.6298, dev_err=32.21%
2026-02-28 09:42:39,206 - lg_cotrain - INFO - Phase 2 epoch 13/14: loss1=0.0062, loss2=0.0111, dev_macro_f1=0.6347, dev_err=32.61%
2026-02-28 09:43:44,945 - lg_cotrain - INFO - Phase 2 epoch 14/14: loss1=0.0088, loss2=0.0124, dev_macro_f1=0.6316, dev_err=32.48%
2026-02-28 09:43:44,946 - lg_cotrain - INFO - === Phase 3: Fine-Tuning ===
2026-02-28 09:43:49,710 - lg_cotrain - INFO - Phase 3 epoch 1: dev_macro_f1=0.6472, dev_err=33.29%, es_counter1=0, es_counter2=0
2026-02-28 09:43:54,474 - lg_cotrain - INFO - Phase 3 epoch 2: dev_macro_f1=0.6712, dev_err=30.73%, es_counter1=0, es_counter2=0
2026-02-28 09:43:59,234 - lg_cotrain - INFO - Phase 3 epoch 3: dev_macro_f1=0.6803, dev_err=30.32%, es_counter1=0, es_counter2=0
2026-02-28 09:44:04,016 - lg_cotrain - INFO - Phase 3 epoch 4: dev_macro_f1=0.6881, dev_err=29.25%, es_counter1=0, es_counter2=0
2026-02-28 09:44:08,760 - lg_cotrain - INFO - Phase 3 epoch 5: dev_macro_f1=0.6756, dev_err=30.19%, es_counter1=1, es_counter2=1
2026-02-28 09:44:13,516 - lg_cotrain - INFO - Phase 3 epoch 6: dev_macro_f1=0.6895, dev_err=28.84%, es_counter1=0, es_counter2=0
2026-02-28 09:44:18,246 - lg_cotrain - INFO - Phase 3 epoch 7: dev_macro_f1=0.6882, dev_err=28.57%, es_counter1=1, es_counter2=1
2026-02-28 09:44:22,988 - lg_cotrain - INFO - Phase 3 epoch 8: dev_macro_f1=0.6886, dev_err=27.90%, es_counter1=2, es_counter2=2
2026-02-28 09:44:27,773 - lg_cotrain - INFO - Phase 3 epoch 9: dev_macro_f1=0.6922, dev_err=27.76%, es_counter1=0, es_counter2=0
2026-02-28 09:44:32,556 - lg_cotrain - INFO - Phase 3 epoch 10: dev_macro_f1=0.6927, dev_err=28.03%, es_counter1=0, es_counter2=0
2026-02-28 09:44:37,292 - lg_cotrain - INFO - Phase 3 epoch 11: dev_macro_f1=0.6920, dev_err=28.03%, es_counter1=1, es_counter2=1
2026-02-28 09:44:42,030 - lg_cotrain - INFO - Phase 3 epoch 12: dev_macro_f1=0.6902, dev_err=28.03%, es_counter1=2, es_counter2=2
2026-02-28 09:44:46,793 - lg_cotrain - INFO - Phase 3 epoch 13: dev_macro_f1=0.6891, dev_err=28.17%, es_counter1=3, es_counter2=3
2026-02-28 09:44:51,528 - lg_cotrain - INFO - Phase 3 epoch 14: dev_macro_f1=0.6900, dev_err=28.03%, es_counter1=4, es_counter2=4
2026-02-28 09:44:56,267 - lg_cotrain - INFO - Phase 3 epoch 15: dev_macro_f1=0.6881, dev_err=27.90%, es_counter1=5, es_counter2=5
2026-02-28 09:45:00,998 - lg_cotrain - INFO - Phase 3 epoch 16: dev_macro_f1=0.6921, dev_err=27.63%, es_counter1=6, es_counter2=6
2026-02-28 09:45:05,745 - lg_cotrain - INFO - Phase 3 epoch 17: dev_macro_f1=0.6897, dev_err=27.76%, es_counter1=7, es_counter2=7
2026-02-28 09:45:10,475 - lg_cotrain - INFO - Phase 3 epoch 18: dev_macro_f1=0.6894, dev_err=28.03%, es_counter1=8, es_counter2=8
2026-02-28 09:45:15,225 - lg_cotrain - INFO - Phase 3 epoch 19: dev_macro_f1=0.6865, dev_err=28.17%, es_counter1=9, es_counter2=9
2026-02-28 09:45:15,226 - lg_cotrain - INFO - Early stopping at epoch 19
2026-02-28 09:45:15,236 - lg_cotrain - INFO - === Final Evaluation ===
2026-02-28 09:45:22,311 - lg_cotrain - INFO - Results saved to C:\Users\anhtr\AppData\Local\Temp\tmp_xa9l3v2\hurricane_maria_2017\50_set3\metrics.json
2026-02-28 09:45:22,312 - lg_cotrain - INFO - Test error rate: 28.36%, Test macro-F1: 0.6934, Test ECE: 0.1595
2026-02-28 09:45:22,323 - lg_cotrain - INFO - --- Trial 9/10 done: dev_macro_f1=0.6927 ---
2026-02-28 09:45:22,323 - lg_cotrain - INFO - --- Trial 10/10 ---
2026-02-28 09:45:22,830 - lg_cotrain - INFO - Starting LG-CoTrain: event=hurricane_maria_2017, budget=50, seed_set=3
2026-02-28 09:45:22,862 - lg_cotrain - INFO - Detected 9 classes for event hurricane_maria_2017: ['caution_and_advice', 'displaced_people_and_evacuations', 'infrastructure_and_utility_damage', 'injured_or_dead_people', 'not_humanitarian', 'other_relevant_information', 'requests_or_urgent_needs', 'rescue_volunteering_or_donation_effort', 'sympathy_and_support']
2026-02-28 09:45:22,869 - lg_cotrain - INFO - D_l1: 225, D_l2: 225, D_LG: 4644
2026-02-28 09:45:22,870 - lg_cotrain - INFO - === Phase 1: Weight Generation ===
2026-02-28 09:45:39,698 - lg_cotrain - INFO - Phase 1 epoch 1/7: mean_prob1=0.1164, mean_prob2=0.1085
2026-02-28 09:45:55,542 - lg_cotrain - INFO - Phase 1 epoch 2/7: mean_prob1=0.1222, mean_prob2=0.1275
2026-02-28 09:46:11,397 - lg_cotrain - INFO - Phase 1 epoch 3/7: mean_prob1=0.1381, mean_prob2=0.1809
2026-02-28 09:46:27,178 - lg_cotrain - INFO - Phase 1 epoch 4/7: mean_prob1=0.1891, mean_prob2=0.2489
2026-02-28 09:46:42,984 - lg_cotrain - INFO - Phase 1 epoch 5/7: mean_prob1=0.2339, mean_prob2=0.3594
2026-02-28 09:46:58,826 - lg_cotrain - INFO - Phase 1 epoch 6/7: mean_prob1=0.3760, mean_prob2=0.4053
2026-02-28 09:47:14,673 - lg_cotrain - INFO - Phase 1 epoch 7/7: mean_prob1=0.4640, mean_prob2=0.5214
2026-02-28 09:47:14,673 - lg_cotrain - INFO - === Phase 2: Co-Training ===
2026-02-28 09:47:15,665 - lg_cotrain - INFO - LR scheduler: total_steps_1=1860, warmup=277; total_steps_2=1860, warmup=277
2026-02-28 09:47:15,665 - lg_cotrain - INFO - Phase 1 done -> seeded Phase 2 trackers. lambda1: mean=0.4640, range=[0.0071, 0.9315]
2026-02-28 09:47:15,666 - lg_cotrain - INFO - Phase 1 done -> seeded Phase 2 trackers. lambda2: mean=0.5214, range=[0.0021, 0.9649]
2026-02-28 09:48:09,750 - lg_cotrain - INFO - Phase 2 epoch 1/20: loss1=0.7596, loss2=0.7186, dev_macro_f1=0.4912, dev_err=39.89%
2026-02-28 09:49:04,105 - lg_cotrain - INFO - Phase 2 epoch 2/20: loss1=0.1061, loss2=0.2661, dev_macro_f1=0.6055, dev_err=33.96%
2026-02-28 09:49:58,274 - lg_cotrain - INFO - Phase 2 epoch 3/20: loss1=0.0604, loss2=0.1716, dev_macro_f1=0.6264, dev_err=32.75%
2026-02-28 09:50:52,437 - lg_cotrain - INFO - Phase 2 epoch 4/20: loss1=0.0570, loss2=0.1748, dev_macro_f1=0.6308, dev_err=32.21%
2026-02-28 09:51:46,705 - lg_cotrain - INFO - Phase 2 epoch 5/20: loss1=0.0511, loss2=0.1246, dev_macro_f1=0.6250, dev_err=32.88%
2026-02-28 09:52:40,844 - lg_cotrain - INFO - Phase 2 epoch 6/20: loss1=0.0430, loss2=0.1007, dev_macro_f1=0.6221, dev_err=33.02%
2026-02-28 09:53:35,012 - lg_cotrain - INFO - Phase 2 epoch 7/20: loss1=0.0418, loss2=0.1106, dev_macro_f1=0.6592, dev_err=31.13%
2026-02-28 09:54:29,265 - lg_cotrain - INFO - Phase 2 epoch 8/20: loss1=0.0298, loss2=0.0882, dev_macro_f1=0.6335, dev_err=32.75%
2026-02-28 09:55:23,401 - lg_cotrain - INFO - Phase 2 epoch 9/20: loss1=0.0269, loss2=0.0704, dev_macro_f1=0.6210, dev_err=32.08%
2026-02-28 09:56:17,620 - lg_cotrain - INFO - Phase 2 epoch 10/20: loss1=0.0286, loss2=0.0414, dev_macro_f1=0.6441, dev_err=31.54%
2026-02-28 09:57:11,935 - lg_cotrain - INFO - Phase 2 epoch 11/20: loss1=0.0181, loss2=0.0278, dev_macro_f1=0.6341, dev_err=32.08%
2026-02-28 09:58:06,214 - lg_cotrain - INFO - Phase 2 epoch 12/20: loss1=0.0253, loss2=0.0149, dev_macro_f1=0.6350, dev_err=32.21%
2026-02-28 09:59:00,415 - lg_cotrain - INFO - Phase 2 epoch 13/20: loss1=0.0313, loss2=0.0167, dev_macro_f1=0.6373, dev_err=31.81%
2026-02-28 09:59:54,576 - lg_cotrain - INFO - Phase 2 epoch 14/20: loss1=0.0158, loss2=0.0092, dev_macro_f1=0.6359, dev_err=31.40%
2026-02-28 10:00:48,820 - lg_cotrain - INFO - Phase 2 epoch 15/20: loss1=0.0139, loss2=0.0165, dev_macro_f1=0.6468, dev_err=31.27%
2026-02-28 10:01:43,065 - lg_cotrain - INFO - Phase 2 epoch 16/20: loss1=0.0093, loss2=0.0151, dev_macro_f1=0.6319, dev_err=31.67%
2026-02-28 10:02:37,292 - lg_cotrain - INFO - Phase 2 epoch 17/20: loss1=0.0091, loss2=0.0098, dev_macro_f1=0.6469, dev_err=30.73%
2026-02-28 10:03:31,856 - lg_cotrain - INFO - Phase 2 epoch 18/20: loss1=0.0053, loss2=0.0055, dev_macro_f1=0.6485, dev_err=31.13%
2026-02-28 10:04:26,154 - lg_cotrain - INFO - Phase 2 epoch 19/20: loss1=0.0051, loss2=0.0035, dev_macro_f1=0.6382, dev_err=31.94%
2026-02-28 10:05:20,516 - lg_cotrain - INFO - Phase 2 epoch 20/20: loss1=0.0058, loss2=0.0027, dev_macro_f1=0.6448, dev_err=31.67%
2026-02-28 10:05:20,516 - lg_cotrain - INFO - === Phase 3: Fine-Tuning ===
2026-02-28 10:05:24,493 - lg_cotrain - INFO - Phase 3 epoch 1: dev_macro_f1=0.6593, dev_err=31.81%, es_counter1=0, es_counter2=0
2026-02-28 10:05:28,421 - lg_cotrain - INFO - Phase 3 epoch 2: dev_macro_f1=0.6580, dev_err=32.08%, es_counter1=1, es_counter2=1
2026-02-28 10:05:32,364 - lg_cotrain - INFO - Phase 3 epoch 3: dev_macro_f1=0.6582, dev_err=31.27%, es_counter1=2, es_counter2=2
2026-02-28 10:05:36,321 - lg_cotrain - INFO - Phase 3 epoch 4: dev_macro_f1=0.6458, dev_err=31.94%, es_counter1=3, es_counter2=3
2026-02-28 10:05:40,286 - lg_cotrain - INFO - Phase 3 epoch 5: dev_macro_f1=0.6621, dev_err=30.86%, es_counter1=0, es_counter2=0
2026-02-28 10:05:44,243 - lg_cotrain - INFO - Phase 3 epoch 6: dev_macro_f1=0.6617, dev_err=30.86%, es_counter1=1, es_counter2=1
2026-02-28 10:05:48,211 - lg_cotrain - INFO - Phase 3 epoch 7: dev_macro_f1=0.6633, dev_err=31.27%, es_counter1=0, es_counter2=0
2026-02-28 10:05:52,173 - lg_cotrain - INFO - Phase 3 epoch 8: dev_macro_f1=0.6708, dev_err=31.13%, es_counter1=0, es_counter2=0
2026-02-28 10:05:56,136 - lg_cotrain - INFO - Phase 3 epoch 9: dev_macro_f1=0.6729, dev_err=31.00%, es_counter1=0, es_counter2=0
2026-02-28 10:06:00,073 - lg_cotrain - INFO - Phase 3 epoch 10: dev_macro_f1=0.6701, dev_err=30.86%, es_counter1=1, es_counter2=1
2026-02-28 10:06:04,041 - lg_cotrain - INFO - Phase 3 epoch 11: dev_macro_f1=0.6684, dev_err=30.73%, es_counter1=2, es_counter2=2
2026-02-28 10:06:07,985 - lg_cotrain - INFO - Phase 3 epoch 12: dev_macro_f1=0.6621, dev_err=30.86%, es_counter1=3, es_counter2=3
2026-02-28 10:06:11,924 - lg_cotrain - INFO - Phase 3 epoch 13: dev_macro_f1=0.6621, dev_err=31.00%, es_counter1=4, es_counter2=4
2026-02-28 10:06:15,863 - lg_cotrain - INFO - Phase 3 epoch 14: dev_macro_f1=0.6622, dev_err=31.00%, es_counter1=5, es_counter2=5
2026-02-28 10:06:19,802 - lg_cotrain - INFO - Phase 3 epoch 15: dev_macro_f1=0.6632, dev_err=31.00%, es_counter1=6, es_counter2=6
2026-02-28 10:06:23,760 - lg_cotrain - INFO - Phase 3 epoch 16: dev_macro_f1=0.6627, dev_err=31.13%, es_counter1=7, es_counter2=7
2026-02-28 10:06:23,760 - lg_cotrain - INFO - Early stopping at epoch 16
2026-02-28 10:06:23,775 - lg_cotrain - INFO - === Final Evaluation ===
2026-02-28 10:06:29,980 - lg_cotrain - INFO - Results saved to C:\Users\anhtr\AppData\Local\Temp\tmpda8rj84d\hurricane_maria_2017\50_set3\metrics.json
2026-02-28 10:06:29,980 - lg_cotrain - INFO - Test error rate: 31.14%, Test macro-F1: 0.6650, Test ECE: 0.1414
2026-02-28 10:06:29,990 - lg_cotrain - INFO - --- Trial 10/10 done: dev_macro_f1=0.6729 ---
