2026-02-27 06:56:41,878 - lg_cotrain - INFO - === Optuna study: hurricane_irma_2017 budget=25 seed=3 | target=10 trials, 0 replayed, 10 new ===
2026-02-27 06:56:41,879 - lg_cotrain - INFO - --- Trial 1/10 ---
2026-02-27 06:56:42,457 - lg_cotrain - INFO - Starting LG-CoTrain: event=hurricane_irma_2017, budget=25, seed_set=3
2026-02-27 06:56:42,519 - lg_cotrain - INFO - Detected 9 classes for event hurricane_irma_2017: ['caution_and_advice', 'displaced_people_and_evacuations', 'infrastructure_and_utility_damage', 'injured_or_dead_people', 'not_humanitarian', 'other_relevant_information', 'requests_or_urgent_needs', 'rescue_volunteering_or_donation_effort', 'sympathy_and_support']
2026-02-27 06:56:42,531 - lg_cotrain - INFO - D_l1: 117, D_l2: 108, D_LG: 6354
2026-02-27 06:56:42,533 - lg_cotrain - INFO - === Phase 1: Weight Generation ===
2026-02-27 06:57:21,613 - lg_cotrain - INFO - Phase 1 epoch 1/7: mean_prob1=0.1104, mean_prob2=0.1085
2026-02-27 06:57:59,674 - lg_cotrain - INFO - Phase 1 epoch 2/7: mean_prob1=0.1227, mean_prob2=0.1092
2026-02-27 06:58:37,737 - lg_cotrain - INFO - Phase 1 epoch 3/7: mean_prob1=0.1168, mean_prob2=0.1099
2026-02-27 06:59:15,505 - lg_cotrain - INFO - Phase 1 epoch 4/7: mean_prob1=0.1361, mean_prob2=0.1104
2026-02-27 06:59:53,165 - lg_cotrain - INFO - Phase 1 epoch 5/7: mean_prob1=0.1626, mean_prob2=0.1133
2026-02-27 07:00:30,730 - lg_cotrain - INFO - Phase 1 epoch 6/7: mean_prob1=0.2270, mean_prob2=0.1258
2026-02-27 07:01:08,355 - lg_cotrain - INFO - Phase 1 epoch 7/7: mean_prob1=0.2791, mean_prob2=0.1298
2026-02-27 07:01:08,356 - lg_cotrain - INFO - === Phase 2: Co-Training ===
2026-02-27 07:01:09,565 - lg_cotrain - INFO - LR scheduler: total_steps_1=700, warmup=180; total_steps_2=700, warmup=180
2026-02-27 07:01:09,566 - lg_cotrain - INFO - Phase 1 done -> seeded Phase 2 trackers. lambda1: mean=0.2791, range=[0.0079, 0.8223]
2026-02-27 07:01:09,566 - lg_cotrain - INFO - Phase 1 done -> seeded Phase 2 trackers. lambda2: mean=0.1298, range=[0.0249, 0.3767]
2026-02-27 07:02:42,531 - lg_cotrain - INFO - Phase 2 epoch 1/5: loss1=0.1744, loss2=0.3264, dev_macro_f1=0.5597, dev_err=39.35%
2026-02-27 07:04:14,532 - lg_cotrain - INFO - Phase 2 epoch 2/5: loss1=0.0608, loss2=0.3734, dev_macro_f1=0.5660, dev_err=41.13%
2026-02-27 07:05:46,484 - lg_cotrain - INFO - Phase 2 epoch 3/5: loss1=0.0643, loss2=0.3690, dev_macro_f1=0.5865, dev_err=38.94%
2026-02-27 07:07:18,495 - lg_cotrain - INFO - Phase 2 epoch 4/5: loss1=0.0501, loss2=0.3209, dev_macro_f1=0.5377, dev_err=42.17%
2026-02-27 07:08:50,410 - lg_cotrain - INFO - Phase 2 epoch 5/5: loss1=0.0562, loss2=0.2110, dev_macro_f1=0.5811, dev_err=39.25%
2026-02-27 07:08:50,410 - lg_cotrain - INFO - === Phase 3: Fine-Tuning ===
2026-02-27 07:08:55,284 - lg_cotrain - INFO - Phase 3 epoch 1: dev_macro_f1=0.5644, dev_err=40.50%, es_counter1=0, es_counter2=0
2026-02-27 07:08:59,784 - lg_cotrain - INFO - Phase 3 epoch 2: dev_macro_f1=0.5759, dev_err=39.35%, es_counter1=0, es_counter2=0
2026-02-27 07:09:04,384 - lg_cotrain - INFO - Phase 3 epoch 3: dev_macro_f1=0.5605, dev_err=42.17%, es_counter1=1, es_counter2=1
2026-02-27 07:09:08,655 - lg_cotrain - INFO - Phase 3 epoch 4: dev_macro_f1=0.5742, dev_err=39.98%, es_counter1=2, es_counter2=2
2026-02-27 07:09:12,804 - lg_cotrain - INFO - Phase 3 epoch 5: dev_macro_f1=0.5965, dev_err=36.74%, es_counter1=0, es_counter2=0
2026-02-27 07:09:17,314 - lg_cotrain - INFO - Phase 3 epoch 6: dev_macro_f1=0.6185, dev_err=34.45%, es_counter1=0, es_counter2=0
2026-02-27 07:09:21,824 - lg_cotrain - INFO - Phase 3 epoch 7: dev_macro_f1=0.6210, dev_err=35.18%, es_counter1=0, es_counter2=0
2026-02-27 07:09:26,331 - lg_cotrain - INFO - Phase 3 epoch 8: dev_macro_f1=0.6097, dev_err=36.64%, es_counter1=1, es_counter2=1
2026-02-27 07:09:30,440 - lg_cotrain - INFO - Phase 3 epoch 9: dev_macro_f1=0.5991, dev_err=37.06%, es_counter1=2, es_counter2=2
2026-02-27 07:09:34,474 - lg_cotrain - INFO - Phase 3 epoch 10: dev_macro_f1=0.5956, dev_err=37.47%, es_counter1=3, es_counter2=3
2026-02-27 07:09:38,704 - lg_cotrain - INFO - Phase 3 epoch 11: dev_macro_f1=0.5920, dev_err=37.68%, es_counter1=4, es_counter2=4
2026-02-27 07:09:42,907 - lg_cotrain - INFO - Phase 3 epoch 12: dev_macro_f1=0.5862, dev_err=37.47%, es_counter1=5, es_counter2=5
2026-02-27 07:09:47,164 - lg_cotrain - INFO - Phase 3 epoch 13: dev_macro_f1=0.5781, dev_err=37.79%, es_counter1=6, es_counter2=6
2026-02-27 07:09:51,357 - lg_cotrain - INFO - Phase 3 epoch 14: dev_macro_f1=0.5762, dev_err=38.52%, es_counter1=7, es_counter2=7
2026-02-27 07:09:55,460 - lg_cotrain - INFO - Phase 3 epoch 15: dev_macro_f1=0.5893, dev_err=38.41%, es_counter1=8, es_counter2=8
2026-02-27 07:09:59,584 - lg_cotrain - INFO - Phase 3 epoch 16: dev_macro_f1=0.5979, dev_err=37.89%, es_counter1=9, es_counter2=9
2026-02-27 07:10:03,666 - lg_cotrain - INFO - Phase 3 epoch 17: dev_macro_f1=0.5918, dev_err=38.41%, es_counter1=10, es_counter2=10
2026-02-27 07:10:03,666 - lg_cotrain - INFO - Early stopping at epoch 17
2026-02-27 07:10:03,676 - lg_cotrain - INFO - === Final Evaluation ===
2026-02-27 07:10:14,680 - lg_cotrain - INFO - Results saved to C:\Users\anhtr\AppData\Local\Temp\tmp5jfqgmmt\hurricane_irma_2017\25_set3\metrics.json
2026-02-27 07:10:14,680 - lg_cotrain - INFO - Test error rate: 34.80%, Test macro-F1: 0.6241, Test ECE: 0.0619
2026-02-27 07:10:14,689 - lg_cotrain - INFO - --- Trial 1/10 done: dev_macro_f1=0.6210 ---
2026-02-27 07:10:14,690 - lg_cotrain - INFO - --- Trial 2/10 ---
2026-02-27 07:10:15,354 - lg_cotrain - INFO - Starting LG-CoTrain: event=hurricane_irma_2017, budget=25, seed_set=3
2026-02-27 07:10:15,390 - lg_cotrain - INFO - Detected 9 classes for event hurricane_irma_2017: ['caution_and_advice', 'displaced_people_and_evacuations', 'infrastructure_and_utility_damage', 'injured_or_dead_people', 'not_humanitarian', 'other_relevant_information', 'requests_or_urgent_needs', 'rescue_volunteering_or_donation_effort', 'sympathy_and_support']
2026-02-27 07:10:15,398 - lg_cotrain - INFO - D_l1: 117, D_l2: 108, D_LG: 6354
2026-02-27 07:10:15,399 - lg_cotrain - INFO - === Phase 1: Weight Generation ===
2026-02-27 07:10:54,056 - lg_cotrain - INFO - Phase 1 epoch 1/7: mean_prob1=0.1158, mean_prob2=0.1113
2026-02-27 07:11:31,643 - lg_cotrain - INFO - Phase 1 epoch 2/7: mean_prob1=0.1163, mean_prob2=0.1124
2026-02-27 07:12:09,158 - lg_cotrain - INFO - Phase 1 epoch 3/7: mean_prob1=0.1195, mean_prob2=0.1142
2026-02-27 07:12:46,793 - lg_cotrain - INFO - Phase 1 epoch 4/7: mean_prob1=0.1211, mean_prob2=0.1165
2026-02-27 07:13:24,335 - lg_cotrain - INFO - Phase 1 epoch 5/7: mean_prob1=0.1224, mean_prob2=0.1207
2026-02-27 07:14:01,932 - lg_cotrain - INFO - Phase 1 epoch 6/7: mean_prob1=0.1239, mean_prob2=0.1250
2026-02-27 07:14:39,423 - lg_cotrain - INFO - Phase 1 epoch 7/7: mean_prob1=0.1252, mean_prob2=0.1262
2026-02-27 07:14:39,423 - lg_cotrain - INFO - === Phase 2: Co-Training ===
2026-02-27 07:14:40,503 - lg_cotrain - INFO - LR scheduler: total_steps_1=2000, warmup=11; total_steps_2=2000, warmup=11
2026-02-27 07:14:40,504 - lg_cotrain - INFO - Phase 1 done -> seeded Phase 2 trackers. lambda1: mean=0.1252, range=[0.0516, 0.2724]
2026-02-27 07:14:40,504 - lg_cotrain - INFO - Phase 1 done -> seeded Phase 2 trackers. lambda2: mean=0.1262, range=[0.0301, 0.2927]
2026-02-27 07:16:13,436 - lg_cotrain - INFO - Phase 2 epoch 1/18: loss1=0.1920, loss2=0.1964, dev_macro_f1=0.5337, dev_err=39.14%
2026-02-27 07:17:45,654 - lg_cotrain - INFO - Phase 2 epoch 2/18: loss1=0.0710, loss2=0.1845, dev_macro_f1=0.5404, dev_err=38.83%
2026-02-27 07:19:18,059 - lg_cotrain - INFO - Phase 2 epoch 3/18: loss1=0.0394, loss2=0.1364, dev_macro_f1=0.5465, dev_err=38.62%
2026-02-27 07:20:49,966 - lg_cotrain - INFO - Phase 2 epoch 4/18: loss1=0.0260, loss2=0.1027, dev_macro_f1=0.5477, dev_err=38.62%
2026-02-27 07:22:21,990 - lg_cotrain - INFO - Phase 2 epoch 5/18: loss1=0.0207, loss2=0.0737, dev_macro_f1=0.5462, dev_err=38.31%
2026-02-27 07:23:54,082 - lg_cotrain - INFO - Phase 2 epoch 6/18: loss1=0.0166, loss2=0.0521, dev_macro_f1=0.5346, dev_err=38.94%
2026-02-27 07:25:26,196 - lg_cotrain - INFO - Phase 2 epoch 7/18: loss1=0.0131, loss2=0.0442, dev_macro_f1=0.5623, dev_err=38.83%
2026-02-27 07:26:58,534 - lg_cotrain - INFO - Phase 2 epoch 8/18: loss1=0.0128, loss2=0.0337, dev_macro_f1=0.5559, dev_err=39.04%
2026-02-27 07:28:31,044 - lg_cotrain - INFO - Phase 2 epoch 9/18: loss1=0.0131, loss2=0.0272, dev_macro_f1=0.5716, dev_err=37.89%
2026-02-27 07:30:03,226 - lg_cotrain - INFO - Phase 2 epoch 10/18: loss1=0.0112, loss2=0.0230, dev_macro_f1=0.5806, dev_err=37.79%
2026-02-27 07:31:35,322 - lg_cotrain - INFO - Phase 2 epoch 11/18: loss1=0.0101, loss2=0.0225, dev_macro_f1=0.5908, dev_err=38.00%
2026-02-27 07:33:07,809 - lg_cotrain - INFO - Phase 2 epoch 12/18: loss1=0.0094, loss2=0.0182, dev_macro_f1=0.5844, dev_err=38.10%
2026-02-27 07:34:40,656 - lg_cotrain - INFO - Phase 2 epoch 13/18: loss1=0.0078, loss2=0.0167, dev_macro_f1=0.5885, dev_err=38.41%
2026-02-27 07:36:13,095 - lg_cotrain - INFO - Phase 2 epoch 14/18: loss1=0.0093, loss2=0.0140, dev_macro_f1=0.5883, dev_err=37.79%
2026-02-27 07:37:45,406 - lg_cotrain - INFO - Phase 2 epoch 15/18: loss1=0.0094, loss2=0.0146, dev_macro_f1=0.5844, dev_err=38.10%
2026-02-27 07:39:17,947 - lg_cotrain - INFO - Phase 2 epoch 16/18: loss1=0.0077, loss2=0.0139, dev_macro_f1=0.5824, dev_err=38.20%
2026-02-27 07:40:50,241 - lg_cotrain - INFO - Phase 2 epoch 17/18: loss1=0.0082, loss2=0.0106, dev_macro_f1=0.5814, dev_err=38.62%
2026-02-27 07:42:22,734 - lg_cotrain - INFO - Phase 2 epoch 18/18: loss1=0.0074, loss2=0.0097, dev_macro_f1=0.5836, dev_err=38.20%
2026-02-27 07:42:22,734 - lg_cotrain - INFO - === Phase 3: Fine-Tuning ===
2026-02-27 07:42:27,619 - lg_cotrain - INFO - Phase 3 epoch 1: dev_macro_f1=0.5878, dev_err=38.10%, es_counter1=0, es_counter2=0
2026-02-27 07:42:32,074 - lg_cotrain - INFO - Phase 3 epoch 2: dev_macro_f1=0.5926, dev_err=38.31%, es_counter1=0, es_counter2=0
2026-02-27 07:42:36,547 - lg_cotrain - INFO - Phase 3 epoch 3: dev_macro_f1=0.5893, dev_err=38.73%, es_counter1=1, es_counter2=1
2026-02-27 07:42:40,923 - lg_cotrain - INFO - Phase 3 epoch 4: dev_macro_f1=0.5934, dev_err=38.83%, es_counter1=0, es_counter2=0
2026-02-27 07:42:45,398 - lg_cotrain - INFO - Phase 3 epoch 5: dev_macro_f1=0.5982, dev_err=38.83%, es_counter1=0, es_counter2=0
2026-02-27 07:42:50,136 - lg_cotrain - INFO - Phase 3 epoch 6: dev_macro_f1=0.5994, dev_err=39.14%, es_counter1=0, es_counter2=0
2026-02-27 07:42:54,769 - lg_cotrain - INFO - Phase 3 epoch 7: dev_macro_f1=0.5906, dev_err=40.08%, es_counter1=1, es_counter2=1
2026-02-27 07:42:59,126 - lg_cotrain - INFO - Phase 3 epoch 8: dev_macro_f1=0.5863, dev_err=40.61%, es_counter1=2, es_counter2=2
2026-02-27 07:43:03,361 - lg_cotrain - INFO - Phase 3 epoch 9: dev_macro_f1=0.5823, dev_err=41.23%, es_counter1=3, es_counter2=3
2026-02-27 07:43:07,589 - lg_cotrain - INFO - Phase 3 epoch 10: dev_macro_f1=0.5850, dev_err=41.02%, es_counter1=4, es_counter2=4
2026-02-27 07:43:11,822 - lg_cotrain - INFO - Phase 3 epoch 11: dev_macro_f1=0.5848, dev_err=41.02%, es_counter1=5, es_counter2=5
2026-02-27 07:43:16,137 - lg_cotrain - INFO - Phase 3 epoch 12: dev_macro_f1=0.5872, dev_err=40.61%, es_counter1=6, es_counter2=6
2026-02-27 07:43:20,595 - lg_cotrain - INFO - Phase 3 epoch 13: dev_macro_f1=0.5865, dev_err=40.50%, es_counter1=7, es_counter2=7
2026-02-27 07:43:20,595 - lg_cotrain - INFO - Early stopping at epoch 13
2026-02-27 07:43:20,608 - lg_cotrain - INFO - === Final Evaluation ===
2026-02-27 07:43:32,759 - lg_cotrain - INFO - Results saved to C:\Users\anhtr\AppData\Local\Temp\tmpfmyab4t_\hurricane_irma_2017\25_set3\metrics.json
2026-02-27 07:43:32,760 - lg_cotrain - INFO - Test error rate: 37.81%, Test macro-F1: 0.6096, Test ECE: 0.2600
2026-02-27 07:43:32,771 - lg_cotrain - INFO - --- Trial 2/10 done: dev_macro_f1=0.5994 ---
2026-02-27 07:43:32,773 - lg_cotrain - INFO - --- Trial 3/10 ---
2026-02-27 07:43:33,353 - lg_cotrain - INFO - Starting LG-CoTrain: event=hurricane_irma_2017, budget=25, seed_set=3
2026-02-27 07:43:33,403 - lg_cotrain - INFO - Detected 9 classes for event hurricane_irma_2017: ['caution_and_advice', 'displaced_people_and_evacuations', 'infrastructure_and_utility_damage', 'injured_or_dead_people', 'not_humanitarian', 'other_relevant_information', 'requests_or_urgent_needs', 'rescue_volunteering_or_donation_effort', 'sympathy_and_support']
2026-02-27 07:43:33,415 - lg_cotrain - INFO - D_l1: 117, D_l2: 108, D_LG: 6354
2026-02-27 07:43:33,417 - lg_cotrain - INFO - === Phase 1: Weight Generation ===
2026-02-27 07:44:20,957 - lg_cotrain - INFO - Phase 1 epoch 1/7: mean_prob1=0.1177, mean_prob2=0.1145
2026-02-27 07:45:07,581 - lg_cotrain - INFO - Phase 1 epoch 2/7: mean_prob1=0.1200, mean_prob2=0.1190
2026-02-27 07:45:54,018 - lg_cotrain - INFO - Phase 1 epoch 3/7: mean_prob1=0.1219, mean_prob2=0.1266
2026-02-27 07:46:40,521 - lg_cotrain - INFO - Phase 1 epoch 4/7: mean_prob1=0.1274, mean_prob2=0.1226
2026-02-27 07:47:26,988 - lg_cotrain - INFO - Phase 1 epoch 5/7: mean_prob1=0.1308, mean_prob2=0.1321
2026-02-27 07:48:13,326 - lg_cotrain - INFO - Phase 1 epoch 6/7: mean_prob1=0.1354, mean_prob2=0.1305
2026-02-27 07:48:59,907 - lg_cotrain - INFO - Phase 1 epoch 7/7: mean_prob1=0.1385, mean_prob2=0.1328
2026-02-27 07:48:59,907 - lg_cotrain - INFO - === Phase 2: Co-Training ===
2026-02-27 07:49:00,998 - lg_cotrain - INFO - LR scheduler: total_steps_1=9450, warmup=377; total_steps_2=9350, warmup=373
2026-02-27 07:49:00,998 - lg_cotrain - INFO - Phase 1 done -> seeded Phase 2 trackers. lambda1: mean=0.1385, range=[0.0322, 0.3419]
2026-02-27 07:49:00,998 - lg_cotrain - INFO - Phase 1 done -> seeded Phase 2 trackers. lambda2: mean=0.1328, range=[0.0195, 0.3492]
2026-02-27 07:51:11,008 - lg_cotrain - INFO - Phase 2 epoch 1/10: loss1=0.1809, loss2=0.1856, dev_macro_f1=0.5500, dev_err=37.37%
2026-02-27 07:53:20,046 - lg_cotrain - INFO - Phase 2 epoch 2/10: loss1=0.0550, loss2=0.1718, dev_macro_f1=0.5684, dev_err=37.47%
2026-02-27 07:55:28,586 - lg_cotrain - INFO - Phase 2 epoch 3/10: loss1=0.0306, loss2=0.1305, dev_macro_f1=0.5890, dev_err=36.85%
2026-02-27 07:57:37,129 - lg_cotrain - INFO - Phase 2 epoch 4/10: loss1=0.0215, loss2=0.0925, dev_macro_f1=0.6008, dev_err=36.85%
2026-02-27 07:59:45,696 - lg_cotrain - INFO - Phase 2 epoch 5/10: loss1=0.0126, loss2=0.0584, dev_macro_f1=0.6000, dev_err=37.27%
2026-02-27 08:01:54,146 - lg_cotrain - INFO - Phase 2 epoch 6/10: loss1=0.0131, loss2=0.0465, dev_macro_f1=0.5888, dev_err=37.79%
2026-02-27 08:04:02,529 - lg_cotrain - INFO - Phase 2 epoch 7/10: loss1=0.0113, loss2=0.0315, dev_macro_f1=0.5898, dev_err=37.58%
2026-02-27 08:06:10,880 - lg_cotrain - INFO - Phase 2 epoch 8/10: loss1=0.0098, loss2=0.0238, dev_macro_f1=0.5929, dev_err=37.47%
2026-02-27 08:08:19,652 - lg_cotrain - INFO - Phase 2 epoch 9/10: loss1=0.0078, loss2=0.0189, dev_macro_f1=0.5972, dev_err=37.58%
2026-02-27 08:10:28,565 - lg_cotrain - INFO - Phase 2 epoch 10/10: loss1=0.0063, loss2=0.0147, dev_macro_f1=0.5843, dev_err=38.73%
2026-02-27 08:10:28,565 - lg_cotrain - INFO - === Phase 3: Fine-Tuning ===
2026-02-27 08:10:36,265 - lg_cotrain - INFO - Phase 3 epoch 1: dev_macro_f1=0.6008, dev_err=38.52%, es_counter1=0, es_counter2=0
2026-02-27 08:10:44,068 - lg_cotrain - INFO - Phase 3 epoch 2: dev_macro_f1=0.6029, dev_err=38.41%, es_counter1=0, es_counter2=0
2026-02-27 08:10:51,830 - lg_cotrain - INFO - Phase 3 epoch 3: dev_macro_f1=0.6089, dev_err=38.00%, es_counter1=0, es_counter2=0
2026-02-27 08:10:59,491 - lg_cotrain - INFO - Phase 3 epoch 4: dev_macro_f1=0.6102, dev_err=37.68%, es_counter1=0, es_counter2=0
2026-02-27 08:11:07,248 - lg_cotrain - INFO - Phase 3 epoch 5: dev_macro_f1=0.6078, dev_err=37.89%, es_counter1=1, es_counter2=1
2026-02-27 08:11:15,097 - lg_cotrain - INFO - Phase 3 epoch 6: dev_macro_f1=0.6136, dev_err=37.06%, es_counter1=0, es_counter2=0
2026-02-27 08:11:23,140 - lg_cotrain - INFO - Phase 3 epoch 7: dev_macro_f1=0.6110, dev_err=37.27%, es_counter1=1, es_counter2=1
2026-02-27 08:11:31,153 - lg_cotrain - INFO - Phase 3 epoch 8: dev_macro_f1=0.6102, dev_err=37.27%, es_counter1=2, es_counter2=2
2026-02-27 08:11:38,902 - lg_cotrain - INFO - Phase 3 epoch 9: dev_macro_f1=0.6110, dev_err=36.95%, es_counter1=3, es_counter2=3
2026-02-27 08:11:46,639 - lg_cotrain - INFO - Phase 3 epoch 10: dev_macro_f1=0.6144, dev_err=36.53%, es_counter1=0, es_counter2=0
2026-02-27 08:11:54,458 - lg_cotrain - INFO - Phase 3 epoch 11: dev_macro_f1=0.6138, dev_err=36.64%, es_counter1=1, es_counter2=1
2026-02-27 08:12:02,078 - lg_cotrain - INFO - Phase 3 epoch 12: dev_macro_f1=0.6148, dev_err=36.43%, es_counter1=0, es_counter2=0
2026-02-27 08:12:09,947 - lg_cotrain - INFO - Phase 3 epoch 13: dev_macro_f1=0.6129, dev_err=36.53%, es_counter1=1, es_counter2=1
2026-02-27 08:12:17,684 - lg_cotrain - INFO - Phase 3 epoch 14: dev_macro_f1=0.6140, dev_err=36.43%, es_counter1=2, es_counter2=2
2026-02-27 08:12:25,218 - lg_cotrain - INFO - Phase 3 epoch 15: dev_macro_f1=0.6133, dev_err=36.53%, es_counter1=3, es_counter2=3
2026-02-27 08:12:32,951 - lg_cotrain - INFO - Phase 3 epoch 16: dev_macro_f1=0.6144, dev_err=36.43%, es_counter1=4, es_counter2=4
2026-02-27 08:12:40,714 - lg_cotrain - INFO - Phase 3 epoch 17: dev_macro_f1=0.6095, dev_err=36.64%, es_counter1=5, es_counter2=5
2026-02-27 08:12:48,415 - lg_cotrain - INFO - Phase 3 epoch 18: dev_macro_f1=0.6115, dev_err=36.43%, es_counter1=6, es_counter2=6
2026-02-27 08:12:56,121 - lg_cotrain - INFO - Phase 3 epoch 19: dev_macro_f1=0.6167, dev_err=36.12%, es_counter1=0, es_counter2=0
2026-02-27 08:13:03,918 - lg_cotrain - INFO - Phase 3 epoch 20: dev_macro_f1=0.6144, dev_err=36.33%, es_counter1=1, es_counter2=1
2026-02-27 08:13:11,721 - lg_cotrain - INFO - Phase 3 epoch 21: dev_macro_f1=0.6153, dev_err=36.33%, es_counter1=2, es_counter2=2
2026-02-27 08:13:19,418 - lg_cotrain - INFO - Phase 3 epoch 22: dev_macro_f1=0.6134, dev_err=36.43%, es_counter1=3, es_counter2=3
2026-02-27 08:13:27,097 - lg_cotrain - INFO - Phase 3 epoch 23: dev_macro_f1=0.6145, dev_err=36.33%, es_counter1=4, es_counter2=4
2026-02-27 08:13:34,843 - lg_cotrain - INFO - Phase 3 epoch 24: dev_macro_f1=0.6138, dev_err=36.43%, es_counter1=5, es_counter2=5
2026-02-27 08:13:42,445 - lg_cotrain - INFO - Phase 3 epoch 25: dev_macro_f1=0.6137, dev_err=36.43%, es_counter1=6, es_counter2=6
2026-02-27 08:13:50,075 - lg_cotrain - INFO - Phase 3 epoch 26: dev_macro_f1=0.6152, dev_err=36.33%, es_counter1=7, es_counter2=7
2026-02-27 08:13:57,753 - lg_cotrain - INFO - Phase 3 epoch 27: dev_macro_f1=0.6164, dev_err=36.22%, es_counter1=8, es_counter2=8
2026-02-27 08:14:05,464 - lg_cotrain - INFO - Phase 3 epoch 28: dev_macro_f1=0.6151, dev_err=36.33%, es_counter1=9, es_counter2=9
2026-02-27 08:14:13,135 - lg_cotrain - INFO - Phase 3 epoch 29: dev_macro_f1=0.6141, dev_err=36.53%, es_counter1=10, es_counter2=10
2026-02-27 08:14:13,136 - lg_cotrain - INFO - Early stopping at epoch 29
2026-02-27 08:14:13,144 - lg_cotrain - INFO - === Final Evaluation ===
2026-02-27 08:14:30,961 - lg_cotrain - INFO - Results saved to C:\Users\anhtr\AppData\Local\Temp\tmp962ptgal\hurricane_irma_2017\25_set3\metrics.json
2026-02-27 08:14:30,961 - lg_cotrain - INFO - Test error rate: 36.68%, Test macro-F1: 0.6115, Test ECE: 0.2574
2026-02-27 08:14:30,973 - lg_cotrain - INFO - --- Trial 3/10 done: dev_macro_f1=0.6167 ---
2026-02-27 08:14:30,974 - lg_cotrain - INFO - --- Trial 4/10 ---
2026-02-27 08:14:31,558 - lg_cotrain - INFO - Starting LG-CoTrain: event=hurricane_irma_2017, budget=25, seed_set=3
2026-02-27 08:14:31,592 - lg_cotrain - INFO - Detected 9 classes for event hurricane_irma_2017: ['caution_and_advice', 'displaced_people_and_evacuations', 'infrastructure_and_utility_damage', 'injured_or_dead_people', 'not_humanitarian', 'other_relevant_information', 'requests_or_urgent_needs', 'rescue_volunteering_or_donation_effort', 'sympathy_and_support']
2026-02-27 08:14:31,601 - lg_cotrain - INFO - D_l1: 117, D_l2: 108, D_LG: 6354
2026-02-27 08:14:31,603 - lg_cotrain - INFO - === Phase 1: Weight Generation ===
2026-02-27 08:15:19,080 - lg_cotrain - INFO - Phase 1 epoch 1/7: mean_prob1=0.1217, mean_prob2=0.1123
2026-02-27 08:16:05,280 - lg_cotrain - INFO - Phase 1 epoch 2/7: mean_prob1=0.1202, mean_prob2=0.1178
2026-02-27 08:16:51,590 - lg_cotrain - INFO - Phase 1 epoch 3/7: mean_prob1=0.1389, mean_prob2=0.1368
2026-02-27 08:17:37,820 - lg_cotrain - INFO - Phase 1 epoch 4/7: mean_prob1=0.1706, mean_prob2=0.1521
2026-02-27 08:18:24,228 - lg_cotrain - INFO - Phase 1 epoch 5/7: mean_prob1=0.1912, mean_prob2=0.1846
2026-02-27 08:19:10,601 - lg_cotrain - INFO - Phase 1 epoch 6/7: mean_prob1=0.2111, mean_prob2=0.2033
2026-02-27 08:19:56,883 - lg_cotrain - INFO - Phase 1 epoch 7/7: mean_prob1=0.2475, mean_prob2=0.2393
2026-02-27 08:19:56,883 - lg_cotrain - INFO - === Phase 2: Co-Training ===
2026-02-27 08:19:57,945 - lg_cotrain - INFO - LR scheduler: total_steps_1=7860, warmup=2015; total_steps_2=7760, warmup=1990
2026-02-27 08:19:57,946 - lg_cotrain - INFO - Phase 1 done -> seeded Phase 2 trackers. lambda1: mean=0.2475, range=[0.0091, 0.7763]
2026-02-27 08:19:57,946 - lg_cotrain - INFO - Phase 1 done -> seeded Phase 2 trackers. lambda2: mean=0.2393, range=[0.0092, 0.7503]
2026-02-27 08:22:07,307 - lg_cotrain - INFO - Phase 2 epoch 1/8: loss1=0.3330, loss2=0.3476, dev_macro_f1=0.5358, dev_err=39.35%
2026-02-27 08:24:16,848 - lg_cotrain - INFO - Phase 2 epoch 2/8: loss1=0.0692, loss2=0.2191, dev_macro_f1=0.5386, dev_err=38.94%
2026-02-27 08:26:06,547 - lg_cotrain - INFO - Phase 2 epoch 3/8: loss1=0.0392, loss2=0.1765, dev_macro_f1=0.5707, dev_err=37.37%
2026-02-27 08:27:50,915 - lg_cotrain - INFO - Phase 2 epoch 4/8: loss1=0.0325, loss2=0.1205, dev_macro_f1=0.5713, dev_err=38.73%
2026-02-27 08:29:35,842 - lg_cotrain - INFO - Phase 2 epoch 5/8: loss1=0.0232, loss2=0.0622, dev_macro_f1=0.5797, dev_err=38.52%
2026-02-27 08:31:19,862 - lg_cotrain - INFO - Phase 2 epoch 6/8: loss1=0.0194, loss2=0.0490, dev_macro_f1=0.5864, dev_err=38.00%
2026-02-27 08:33:03,602 - lg_cotrain - INFO - Phase 2 epoch 7/8: loss1=0.0136, loss2=0.0239, dev_macro_f1=0.5916, dev_err=37.27%
2026-02-27 08:34:47,383 - lg_cotrain - INFO - Phase 2 epoch 8/8: loss1=0.0097, loss2=0.0146, dev_macro_f1=0.5952, dev_err=37.16%
2026-02-27 08:34:47,383 - lg_cotrain - INFO - === Phase 3: Fine-Tuning ===
2026-02-27 08:34:52,075 - lg_cotrain - INFO - Phase 3 epoch 1: dev_macro_f1=0.6199, dev_err=37.06%, es_counter1=0, es_counter2=0
2026-02-27 08:34:56,774 - lg_cotrain - INFO - Phase 3 epoch 2: dev_macro_f1=0.6354, dev_err=35.28%, es_counter1=0, es_counter2=0
2026-02-27 08:35:01,471 - lg_cotrain - INFO - Phase 3 epoch 3: dev_macro_f1=0.6472, dev_err=32.78%, es_counter1=0, es_counter2=0
2026-02-27 08:35:06,145 - lg_cotrain - INFO - Phase 3 epoch 4: dev_macro_f1=0.6423, dev_err=33.19%, es_counter1=1, es_counter2=1
2026-02-27 08:35:10,812 - lg_cotrain - INFO - Phase 3 epoch 5: dev_macro_f1=0.6292, dev_err=34.66%, es_counter1=2, es_counter2=2
2026-02-27 08:35:15,476 - lg_cotrain - INFO - Phase 3 epoch 6: dev_macro_f1=0.6298, dev_err=34.66%, es_counter1=3, es_counter2=3
2026-02-27 08:35:20,160 - lg_cotrain - INFO - Phase 3 epoch 7: dev_macro_f1=0.6316, dev_err=34.45%, es_counter1=4, es_counter2=4
2026-02-27 08:35:20,161 - lg_cotrain - INFO - Early stopping at epoch 7
2026-02-27 08:35:20,172 - lg_cotrain - INFO - === Final Evaluation ===
2026-02-27 08:35:29,847 - lg_cotrain - INFO - Results saved to C:\Users\anhtr\AppData\Local\Temp\tmpnuifc1v6\hurricane_irma_2017\25_set3\metrics.json
2026-02-27 08:35:29,848 - lg_cotrain - INFO - Test error rate: 33.89%, Test macro-F1: 0.6414, Test ECE: 0.1580
2026-02-27 08:35:29,858 - lg_cotrain - INFO - --- Trial 4/10 done: dev_macro_f1=0.6472 ---
2026-02-27 08:35:29,858 - lg_cotrain - INFO - --- Trial 5/10 ---
2026-02-27 08:35:30,420 - lg_cotrain - INFO - Starting LG-CoTrain: event=hurricane_irma_2017, budget=25, seed_set=3
2026-02-27 08:35:30,457 - lg_cotrain - INFO - Detected 9 classes for event hurricane_irma_2017: ['caution_and_advice', 'displaced_people_and_evacuations', 'infrastructure_and_utility_damage', 'injured_or_dead_people', 'not_humanitarian', 'other_relevant_information', 'requests_or_urgent_needs', 'rescue_volunteering_or_donation_effort', 'sympathy_and_support']
2026-02-27 08:35:30,469 - lg_cotrain - INFO - D_l1: 117, D_l2: 108, D_LG: 6354
2026-02-27 08:35:30,470 - lg_cotrain - INFO - === Phase 1: Weight Generation ===
2026-02-27 08:35:51,285 - lg_cotrain - INFO - Phase 1 epoch 1/7: mean_prob1=0.1191, mean_prob2=0.1121
2026-02-27 08:36:11,130 - lg_cotrain - INFO - Phase 1 epoch 2/7: mean_prob1=0.1217, mean_prob2=0.1131
2026-02-27 08:36:30,970 - lg_cotrain - INFO - Phase 1 epoch 3/7: mean_prob1=0.1330, mean_prob2=0.1184
2026-02-27 08:36:50,868 - lg_cotrain - INFO - Phase 1 epoch 4/7: mean_prob1=0.1528, mean_prob2=0.1275
2026-02-27 08:37:10,689 - lg_cotrain - INFO - Phase 1 epoch 5/7: mean_prob1=0.1569, mean_prob2=0.1420
2026-02-27 08:37:30,518 - lg_cotrain - INFO - Phase 1 epoch 6/7: mean_prob1=0.2031, mean_prob2=0.1587
2026-02-27 08:37:50,387 - lg_cotrain - INFO - Phase 1 epoch 7/7: mean_prob1=0.2009, mean_prob2=0.1792
2026-02-27 08:37:50,387 - lg_cotrain - INFO - === Phase 2: Co-Training ===
2026-02-27 08:37:51,456 - lg_cotrain - INFO - LR scheduler: total_steps_1=1500, warmup=430; total_steps_2=1500, warmup=430
2026-02-27 08:37:51,457 - lg_cotrain - INFO - Phase 1 done -> seeded Phase 2 trackers. lambda1: mean=0.2009, range=[0.0114, 0.6173]
2026-02-27 08:37:51,457 - lg_cotrain - INFO - Phase 1 done -> seeded Phase 2 trackers. lambda2: mean=0.1792, range=[0.0210, 0.4978]
2026-02-27 08:39:04,558 - lg_cotrain - INFO - Phase 2 epoch 1/13: loss1=0.3074, loss2=0.3558, dev_macro_f1=0.5230, dev_err=39.56%
2026-02-27 08:40:17,796 - lg_cotrain - INFO - Phase 2 epoch 2/13: loss1=0.0839, loss2=0.2109, dev_macro_f1=0.5350, dev_err=39.14%
2026-02-27 08:41:30,935 - lg_cotrain - INFO - Phase 2 epoch 3/13: loss1=0.0387, loss2=0.1878, dev_macro_f1=0.5680, dev_err=38.00%
2026-02-27 08:42:44,062 - lg_cotrain - INFO - Phase 2 epoch 4/13: loss1=0.0426, loss2=0.1848, dev_macro_f1=0.5700, dev_err=38.00%
2026-02-27 08:43:57,324 - lg_cotrain - INFO - Phase 2 epoch 5/13: loss1=0.0504, loss2=0.1314, dev_macro_f1=0.5606, dev_err=39.35%
2026-02-27 08:45:11,091 - lg_cotrain - INFO - Phase 2 epoch 6/13: loss1=0.0419, loss2=0.0972, dev_macro_f1=0.5743, dev_err=39.46%
2026-02-27 08:46:24,628 - lg_cotrain - INFO - Phase 2 epoch 7/13: loss1=0.0278, loss2=0.0530, dev_macro_f1=0.5960, dev_err=38.31%
2026-02-27 08:47:38,223 - lg_cotrain - INFO - Phase 2 epoch 8/13: loss1=0.0178, loss2=0.0455, dev_macro_f1=0.5813, dev_err=38.62%
2026-02-27 08:48:51,438 - lg_cotrain - INFO - Phase 2 epoch 9/13: loss1=0.0132, loss2=0.0337, dev_macro_f1=0.5854, dev_err=38.00%
2026-02-27 08:50:04,691 - lg_cotrain - INFO - Phase 2 epoch 10/13: loss1=0.0075, loss2=0.0225, dev_macro_f1=0.5872, dev_err=37.89%
2026-02-27 08:51:18,195 - lg_cotrain - INFO - Phase 2 epoch 11/13: loss1=0.0072, loss2=0.0197, dev_macro_f1=0.5841, dev_err=38.73%
2026-02-27 08:52:31,393 - lg_cotrain - INFO - Phase 2 epoch 12/13: loss1=0.0062, loss2=0.0087, dev_macro_f1=0.5912, dev_err=38.41%
2026-02-27 08:53:44,664 - lg_cotrain - INFO - Phase 2 epoch 13/13: loss1=0.0059, loss2=0.0058, dev_macro_f1=0.5953, dev_err=38.20%
2026-02-27 08:53:44,664 - lg_cotrain - INFO - === Phase 3: Fine-Tuning ===
2026-02-27 08:53:48,278 - lg_cotrain - INFO - Phase 3 epoch 1: dev_macro_f1=0.5953, dev_err=38.00%, es_counter1=0, es_counter2=0
2026-02-27 08:53:51,895 - lg_cotrain - INFO - Phase 3 epoch 2: dev_macro_f1=0.5964, dev_err=38.52%, es_counter1=0, es_counter2=0
2026-02-27 08:53:55,488 - lg_cotrain - INFO - Phase 3 epoch 3: dev_macro_f1=0.5925, dev_err=39.56%, es_counter1=1, es_counter2=1
2026-02-27 08:53:59,098 - lg_cotrain - INFO - Phase 3 epoch 4: dev_macro_f1=0.5796, dev_err=41.65%, es_counter1=2, es_counter2=2
2026-02-27 08:54:02,703 - lg_cotrain - INFO - Phase 3 epoch 5: dev_macro_f1=0.5884, dev_err=40.40%, es_counter1=3, es_counter2=3
2026-02-27 08:54:06,321 - lg_cotrain - INFO - Phase 3 epoch 6: dev_macro_f1=0.6038, dev_err=38.00%, es_counter1=0, es_counter2=0
2026-02-27 08:54:09,917 - lg_cotrain - INFO - Phase 3 epoch 7: dev_macro_f1=0.6024, dev_err=37.79%, es_counter1=1, es_counter2=1
2026-02-27 08:54:13,500 - lg_cotrain - INFO - Phase 3 epoch 8: dev_macro_f1=0.5958, dev_err=37.79%, es_counter1=2, es_counter2=2
2026-02-27 08:54:17,087 - lg_cotrain - INFO - Phase 3 epoch 9: dev_macro_f1=0.5958, dev_err=37.68%, es_counter1=3, es_counter2=3
2026-02-27 08:54:20,681 - lg_cotrain - INFO - Phase 3 epoch 10: dev_macro_f1=0.5978, dev_err=37.27%, es_counter1=4, es_counter2=4
2026-02-27 08:54:24,246 - lg_cotrain - INFO - Phase 3 epoch 11: dev_macro_f1=0.5963, dev_err=37.27%, es_counter1=5, es_counter2=5
2026-02-27 08:54:27,835 - lg_cotrain - INFO - Phase 3 epoch 12: dev_macro_f1=0.5999, dev_err=36.95%, es_counter1=6, es_counter2=6
2026-02-27 08:54:31,417 - lg_cotrain - INFO - Phase 3 epoch 13: dev_macro_f1=0.6005, dev_err=36.95%, es_counter1=7, es_counter2=7
2026-02-27 08:54:35,036 - lg_cotrain - INFO - Phase 3 epoch 14: dev_macro_f1=0.6085, dev_err=36.43%, es_counter1=0, es_counter2=0
2026-02-27 08:54:38,645 - lg_cotrain - INFO - Phase 3 epoch 15: dev_macro_f1=0.6105, dev_err=36.22%, es_counter1=0, es_counter2=0
2026-02-27 08:54:42,277 - lg_cotrain - INFO - Phase 3 epoch 16: dev_macro_f1=0.6111, dev_err=36.22%, es_counter1=0, es_counter2=0
2026-02-27 08:54:45,875 - lg_cotrain - INFO - Phase 3 epoch 17: dev_macro_f1=0.6069, dev_err=36.33%, es_counter1=1, es_counter2=1
2026-02-27 08:54:49,466 - lg_cotrain - INFO - Phase 3 epoch 18: dev_macro_f1=0.6073, dev_err=36.43%, es_counter1=2, es_counter2=2
2026-02-27 08:54:53,087 - lg_cotrain - INFO - Phase 3 epoch 19: dev_macro_f1=0.6069, dev_err=36.53%, es_counter1=3, es_counter2=3
2026-02-27 08:54:56,700 - lg_cotrain - INFO - Phase 3 epoch 20: dev_macro_f1=0.6084, dev_err=36.53%, es_counter1=4, es_counter2=4
2026-02-27 08:55:00,340 - lg_cotrain - INFO - Phase 3 epoch 21: dev_macro_f1=0.6129, dev_err=36.12%, es_counter1=0, es_counter2=0
2026-02-27 08:55:03,959 - lg_cotrain - INFO - Phase 3 epoch 22: dev_macro_f1=0.6098, dev_err=36.43%, es_counter1=1, es_counter2=1
2026-02-27 08:55:07,567 - lg_cotrain - INFO - Phase 3 epoch 23: dev_macro_f1=0.6065, dev_err=36.74%, es_counter1=2, es_counter2=2
2026-02-27 08:55:11,179 - lg_cotrain - INFO - Phase 3 epoch 24: dev_macro_f1=0.6110, dev_err=36.85%, es_counter1=3, es_counter2=3
2026-02-27 08:55:14,799 - lg_cotrain - INFO - Phase 3 epoch 25: dev_macro_f1=0.6113, dev_err=36.74%, es_counter1=4, es_counter2=4
2026-02-27 08:55:18,415 - lg_cotrain - INFO - Phase 3 epoch 26: dev_macro_f1=0.6097, dev_err=36.95%, es_counter1=5, es_counter2=5
2026-02-27 08:55:22,020 - lg_cotrain - INFO - Phase 3 epoch 27: dev_macro_f1=0.6078, dev_err=37.16%, es_counter1=6, es_counter2=6
2026-02-27 08:55:25,618 - lg_cotrain - INFO - Phase 3 epoch 28: dev_macro_f1=0.6091, dev_err=37.06%, es_counter1=7, es_counter2=7
2026-02-27 08:55:29,219 - lg_cotrain - INFO - Phase 3 epoch 29: dev_macro_f1=0.6087, dev_err=37.06%, es_counter1=8, es_counter2=8
2026-02-27 08:55:32,822 - lg_cotrain - INFO - Phase 3 epoch 30: dev_macro_f1=0.6079, dev_err=37.16%, es_counter1=9, es_counter2=9
2026-02-27 08:55:32,822 - lg_cotrain - INFO - Early stopping at epoch 30
2026-02-27 08:55:32,833 - lg_cotrain - INFO - === Final Evaluation ===
2026-02-27 08:55:40,789 - lg_cotrain - INFO - Results saved to C:\Users\anhtr\AppData\Local\Temp\tmpxefvzon8\hurricane_irma_2017\25_set3\metrics.json
2026-02-27 08:55:40,789 - lg_cotrain - INFO - Test error rate: 34.53%, Test macro-F1: 0.6354, Test ECE: 0.1840
2026-02-27 08:55:40,801 - lg_cotrain - INFO - --- Trial 5/10 done: dev_macro_f1=0.6129 ---
2026-02-27 08:55:40,802 - lg_cotrain - INFO - --- Trial 6/10 ---
2026-02-27 08:55:41,395 - lg_cotrain - INFO - Starting LG-CoTrain: event=hurricane_irma_2017, budget=25, seed_set=3
2026-02-27 08:55:41,437 - lg_cotrain - INFO - Detected 9 classes for event hurricane_irma_2017: ['caution_and_advice', 'displaced_people_and_evacuations', 'infrastructure_and_utility_damage', 'injured_or_dead_people', 'not_humanitarian', 'other_relevant_information', 'requests_or_urgent_needs', 'rescue_volunteering_or_donation_effort', 'sympathy_and_support']
2026-02-27 08:55:41,446 - lg_cotrain - INFO - D_l1: 117, D_l2: 108, D_LG: 6354
2026-02-27 08:55:41,447 - lg_cotrain - INFO - === Phase 1: Weight Generation ===
2026-02-27 08:56:03,238 - lg_cotrain - INFO - Phase 1 epoch 1/7: mean_prob1=0.1206, mean_prob2=0.1088
2026-02-27 08:56:23,883 - lg_cotrain - INFO - Phase 1 epoch 2/7: mean_prob1=0.1432, mean_prob2=0.1113
2026-02-27 08:56:44,527 - lg_cotrain - INFO - Phase 1 epoch 3/7: mean_prob1=0.1493, mean_prob2=0.1322
2026-02-27 08:57:05,238 - lg_cotrain - INFO - Phase 1 epoch 4/7: mean_prob1=0.2258, mean_prob2=0.1546
2026-02-27 08:57:25,997 - lg_cotrain - INFO - Phase 1 epoch 5/7: mean_prob1=0.2835, mean_prob2=0.2022
2026-02-27 08:57:46,687 - lg_cotrain - INFO - Phase 1 epoch 6/7: mean_prob1=0.3676, mean_prob2=0.2915
2026-02-27 08:58:07,329 - lg_cotrain - INFO - Phase 1 epoch 7/7: mean_prob1=0.4697, mean_prob2=0.3372
2026-02-27 08:58:07,329 - lg_cotrain - INFO - === Phase 2: Co-Training ===
2026-02-27 08:58:08,383 - lg_cotrain - INFO - LR scheduler: total_steps_1=2390, warmup=417; total_steps_2=2390, warmup=417
2026-02-27 08:58:08,384 - lg_cotrain - INFO - Phase 1 done -> seeded Phase 2 trackers. lambda1: mean=0.4697, range=[0.0018, 0.9480]
2026-02-27 08:58:08,384 - lg_cotrain - INFO - Phase 1 done -> seeded Phase 2 trackers. lambda2: mean=0.3372, range=[0.0043, 0.9300]
2026-02-27 08:59:27,198 - lg_cotrain - INFO - Phase 2 epoch 1/10: loss1=0.3460, loss2=0.4551, dev_macro_f1=0.5750, dev_err=37.47%
2026-02-27 09:00:45,913 - lg_cotrain - INFO - Phase 2 epoch 2/10: loss1=0.0717, loss2=0.3023, dev_macro_f1=0.5296, dev_err=38.94%
2026-02-27 09:02:04,665 - lg_cotrain - INFO - Phase 2 epoch 3/10: loss1=0.0825, loss2=0.3175, dev_macro_f1=0.5766, dev_err=39.14%
2026-02-27 09:03:23,518 - lg_cotrain - INFO - Phase 2 epoch 4/10: loss1=0.0643, loss2=0.2102, dev_macro_f1=0.6258, dev_err=36.85%
2026-02-27 09:04:42,315 - lg_cotrain - INFO - Phase 2 epoch 5/10: loss1=0.0528, loss2=0.1410, dev_macro_f1=0.5695, dev_err=37.27%
2026-02-27 09:06:01,091 - lg_cotrain - INFO - Phase 2 epoch 6/10: loss1=0.0472, loss2=0.0878, dev_macro_f1=0.5978, dev_err=36.33%
2026-02-27 09:07:19,974 - lg_cotrain - INFO - Phase 2 epoch 7/10: loss1=0.0269, loss2=0.0608, dev_macro_f1=0.6131, dev_err=37.06%
2026-02-27 09:08:38,706 - lg_cotrain - INFO - Phase 2 epoch 8/10: loss1=0.0200, loss2=0.0386, dev_macro_f1=0.6261, dev_err=36.12%
2026-02-27 09:09:57,493 - lg_cotrain - INFO - Phase 2 epoch 9/10: loss1=0.0180, loss2=0.0223, dev_macro_f1=0.6143, dev_err=36.64%
2026-02-27 09:11:16,392 - lg_cotrain - INFO - Phase 2 epoch 10/10: loss1=0.0132, loss2=0.0145, dev_macro_f1=0.6146, dev_err=36.33%
2026-02-27 09:11:16,392 - lg_cotrain - INFO - === Phase 3: Fine-Tuning ===
2026-02-27 09:11:20,199 - lg_cotrain - INFO - Phase 3 epoch 1: dev_macro_f1=0.6268, dev_err=34.76%, es_counter1=0, es_counter2=0
2026-02-27 09:11:23,980 - lg_cotrain - INFO - Phase 3 epoch 2: dev_macro_f1=0.6201, dev_err=35.70%, es_counter1=1, es_counter2=1
2026-02-27 09:11:27,756 - lg_cotrain - INFO - Phase 3 epoch 3: dev_macro_f1=0.6185, dev_err=35.80%, es_counter1=2, es_counter2=2
2026-02-27 09:11:31,562 - lg_cotrain - INFO - Phase 3 epoch 4: dev_macro_f1=0.6312, dev_err=34.55%, es_counter1=0, es_counter2=0
2026-02-27 09:11:35,479 - lg_cotrain - INFO - Phase 3 epoch 5: dev_macro_f1=0.6563, dev_err=31.84%, es_counter1=0, es_counter2=0
2026-02-27 09:11:39,292 - lg_cotrain - INFO - Phase 3 epoch 6: dev_macro_f1=0.6616, dev_err=31.21%, es_counter1=0, es_counter2=0
2026-02-27 09:11:43,104 - lg_cotrain - INFO - Phase 3 epoch 7: dev_macro_f1=0.6641, dev_err=30.79%, es_counter1=0, es_counter2=0
2026-02-27 09:11:46,890 - lg_cotrain - INFO - Phase 3 epoch 8: dev_macro_f1=0.6548, dev_err=31.84%, es_counter1=1, es_counter2=1
2026-02-27 09:11:50,677 - lg_cotrain - INFO - Phase 3 epoch 9: dev_macro_f1=0.6547, dev_err=31.52%, es_counter1=2, es_counter2=2
2026-02-27 09:11:54,459 - lg_cotrain - INFO - Phase 3 epoch 10: dev_macro_f1=0.6574, dev_err=31.00%, es_counter1=3, es_counter2=3
2026-02-27 09:11:58,236 - lg_cotrain - INFO - Phase 3 epoch 11: dev_macro_f1=0.6528, dev_err=31.52%, es_counter1=4, es_counter2=4
2026-02-27 09:12:02,020 - lg_cotrain - INFO - Phase 3 epoch 12: dev_macro_f1=0.6440, dev_err=32.15%, es_counter1=5, es_counter2=5
2026-02-27 09:12:05,801 - lg_cotrain - INFO - Phase 3 epoch 13: dev_macro_f1=0.6419, dev_err=32.36%, es_counter1=6, es_counter2=6
2026-02-27 09:12:09,582 - lg_cotrain - INFO - Phase 3 epoch 14: dev_macro_f1=0.6426, dev_err=32.36%, es_counter1=7, es_counter2=7
2026-02-27 09:12:13,374 - lg_cotrain - INFO - Phase 3 epoch 15: dev_macro_f1=0.6440, dev_err=32.15%, es_counter1=8, es_counter2=8
2026-02-27 09:12:13,375 - lg_cotrain - INFO - Early stopping at epoch 15
2026-02-27 09:12:13,386 - lg_cotrain - INFO - === Final Evaluation ===
2026-02-27 09:12:21,597 - lg_cotrain - INFO - Results saved to C:\Users\anhtr\AppData\Local\Temp\tmpuuypb5qj\hurricane_irma_2017\25_set3\metrics.json
2026-02-27 09:12:21,597 - lg_cotrain - INFO - Test error rate: 32.01%, Test macro-F1: 0.6564, Test ECE: 0.1071
2026-02-27 09:12:21,608 - lg_cotrain - INFO - --- Trial 6/10 done: dev_macro_f1=0.6641 ---
2026-02-27 09:12:21,608 - lg_cotrain - INFO - --- Trial 7/10 ---
2026-02-27 09:12:22,171 - lg_cotrain - INFO - Starting LG-CoTrain: event=hurricane_irma_2017, budget=25, seed_set=3
2026-02-27 09:12:22,209 - lg_cotrain - INFO - Detected 9 classes for event hurricane_irma_2017: ['caution_and_advice', 'displaced_people_and_evacuations', 'infrastructure_and_utility_damage', 'injured_or_dead_people', 'not_humanitarian', 'other_relevant_information', 'requests_or_urgent_needs', 'rescue_volunteering_or_donation_effort', 'sympathy_and_support']
2026-02-27 09:12:22,218 - lg_cotrain - INFO - D_l1: 117, D_l2: 108, D_LG: 6354
2026-02-27 09:12:22,219 - lg_cotrain - INFO - === Phase 1: Weight Generation ===
2026-02-27 09:12:48,278 - lg_cotrain - INFO - Phase 1 epoch 1/7: mean_prob1=0.1082, mean_prob2=0.1046
2026-02-27 09:13:12,841 - lg_cotrain - INFO - Phase 1 epoch 2/7: mean_prob1=0.1094, mean_prob2=0.1021
2026-02-27 09:13:37,294 - lg_cotrain - INFO - Phase 1 epoch 3/7: mean_prob1=0.1081, mean_prob2=0.1109
2026-02-27 09:14:01,849 - lg_cotrain - INFO - Phase 1 epoch 4/7: mean_prob1=0.1133, mean_prob2=0.1084
2026-02-27 09:14:26,454 - lg_cotrain - INFO - Phase 1 epoch 5/7: mean_prob1=0.1119, mean_prob2=0.1120
2026-02-27 09:14:51,392 - lg_cotrain - INFO - Phase 1 epoch 6/7: mean_prob1=0.1100, mean_prob2=0.1079
2026-02-27 09:15:15,822 - lg_cotrain - INFO - Phase 1 epoch 7/7: mean_prob1=0.1119, mean_prob2=0.1097
2026-02-27 09:15:15,822 - lg_cotrain - INFO - === Phase 2: Co-Training ===
2026-02-27 09:15:16,895 - lg_cotrain - INFO - LR scheduler: total_steps_1=12630, warmup=558; total_steps_2=12530, warmup=553
2026-02-27 09:15:16,895 - lg_cotrain - INFO - Phase 1 done -> seeded Phase 2 trackers. lambda1: mean=0.1119, range=[0.0998, 0.1330]
2026-02-27 09:15:16,895 - lg_cotrain - INFO - Phase 1 done -> seeded Phase 2 trackers. lambda2: mean=0.1097, range=[0.0829, 0.1415]
2026-02-27 09:17:00,707 - lg_cotrain - INFO - Phase 2 epoch 1/14: loss1=0.1797, loss2=0.2006, dev_macro_f1=0.0321, dev_err=83.09%
2026-02-27 09:18:46,862 - lg_cotrain - INFO - Phase 2 epoch 2/14: loss1=0.1868, loss2=0.3013, dev_macro_f1=0.0321, dev_err=83.09%
2026-02-27 09:20:31,889 - lg_cotrain - INFO - Phase 2 epoch 3/14: loss1=0.1716, loss2=0.3199, dev_macro_f1=0.0321, dev_err=83.09%
2026-02-27 09:22:16,545 - lg_cotrain - INFO - Phase 2 epoch 4/14: loss1=0.1605, loss2=0.3371, dev_macro_f1=0.0321, dev_err=83.09%
2026-02-27 09:24:01,324 - lg_cotrain - INFO - Phase 2 epoch 5/14: loss1=0.1543, loss2=0.3419, dev_macro_f1=0.0321, dev_err=83.09%
2026-02-27 09:25:45,211 - lg_cotrain - INFO - Phase 2 epoch 6/14: loss1=0.1591, loss2=0.3396, dev_macro_f1=0.0321, dev_err=83.09%
2026-02-27 09:27:30,283 - lg_cotrain - INFO - Phase 2 epoch 7/14: loss1=0.1570, loss2=0.3390, dev_macro_f1=0.0321, dev_err=83.09%
2026-02-27 09:29:13,775 - lg_cotrain - INFO - Phase 2 epoch 8/14: loss1=0.1546, loss2=0.3364, dev_macro_f1=0.0321, dev_err=83.09%
2026-02-27 09:30:57,017 - lg_cotrain - INFO - Phase 2 epoch 9/14: loss1=0.1559, loss2=0.3339, dev_macro_f1=0.0321, dev_err=83.09%
2026-02-27 09:32:40,278 - lg_cotrain - INFO - Phase 2 epoch 10/14: loss1=0.1550, loss2=0.3320, dev_macro_f1=0.0321, dev_err=83.09%
2026-02-27 09:34:23,864 - lg_cotrain - INFO - Phase 2 epoch 11/14: loss1=0.1535, loss2=0.3292, dev_macro_f1=0.0321, dev_err=83.09%
2026-02-27 09:36:07,247 - lg_cotrain - INFO - Phase 2 epoch 12/14: loss1=0.1518, loss2=0.3272, dev_macro_f1=0.0321, dev_err=83.09%
2026-02-27 09:37:50,821 - lg_cotrain - INFO - Phase 2 epoch 13/14: loss1=0.1519, loss2=0.3248, dev_macro_f1=0.0321, dev_err=83.09%
2026-02-27 09:39:34,230 - lg_cotrain - INFO - Phase 2 epoch 14/14: loss1=0.1518, loss2=0.3227, dev_macro_f1=0.0321, dev_err=83.09%
2026-02-27 09:39:34,230 - lg_cotrain - INFO - === Phase 3: Fine-Tuning ===
2026-02-27 09:39:38,889 - lg_cotrain - INFO - Phase 3 epoch 1: dev_macro_f1=0.0321, dev_err=83.09%, es_counter1=0, es_counter2=0
2026-02-27 09:39:43,521 - lg_cotrain - INFO - Phase 3 epoch 2: dev_macro_f1=0.0321, dev_err=83.09%, es_counter1=1, es_counter2=1
2026-02-27 09:39:48,149 - lg_cotrain - INFO - Phase 3 epoch 3: dev_macro_f1=0.0321, dev_err=83.09%, es_counter1=2, es_counter2=2
2026-02-27 09:39:52,794 - lg_cotrain - INFO - Phase 3 epoch 4: dev_macro_f1=0.0321, dev_err=83.09%, es_counter1=3, es_counter2=3
2026-02-27 09:39:57,417 - lg_cotrain - INFO - Phase 3 epoch 5: dev_macro_f1=0.0165, dev_err=91.96%, es_counter1=4, es_counter2=4
2026-02-27 09:40:02,051 - lg_cotrain - INFO - Phase 3 epoch 6: dev_macro_f1=0.0321, dev_err=83.09%, es_counter1=5, es_counter2=5
2026-02-27 09:40:06,687 - lg_cotrain - INFO - Phase 3 epoch 7: dev_macro_f1=0.0030, dev_err=98.64%, es_counter1=6, es_counter2=6
2026-02-27 09:40:11,340 - lg_cotrain - INFO - Phase 3 epoch 8: dev_macro_f1=0.0030, dev_err=98.64%, es_counter1=7, es_counter2=7
2026-02-27 09:40:15,966 - lg_cotrain - INFO - Phase 3 epoch 9: dev_macro_f1=0.0321, dev_err=83.09%, es_counter1=8, es_counter2=8
2026-02-27 09:40:20,600 - lg_cotrain - INFO - Phase 3 epoch 10: dev_macro_f1=0.0321, dev_err=83.09%, es_counter1=9, es_counter2=9
2026-02-27 09:40:25,237 - lg_cotrain - INFO - Phase 3 epoch 11: dev_macro_f1=0.0030, dev_err=98.64%, es_counter1=10, es_counter2=10
2026-02-27 09:40:25,237 - lg_cotrain - INFO - Early stopping at epoch 11
2026-02-27 09:40:25,246 - lg_cotrain - INFO - === Final Evaluation ===
2026-02-27 09:40:34,759 - lg_cotrain - INFO - Results saved to C:\Users\anhtr\AppData\Local\Temp\tmpj2y8iw00\hurricane_irma_2017\25_set3\metrics.json
2026-02-27 09:40:34,759 - lg_cotrain - INFO - Test error rate: 83.08%, Test macro-F1: 0.0322, Test ECE: 0.0717
2026-02-27 09:40:34,768 - lg_cotrain - INFO - --- Trial 7/10 done: dev_macro_f1=0.0321 ---
2026-02-27 09:40:34,769 - lg_cotrain - INFO - --- Trial 8/10 ---
2026-02-27 09:40:35,341 - lg_cotrain - INFO - Starting LG-CoTrain: event=hurricane_irma_2017, budget=25, seed_set=3
2026-02-27 09:40:35,376 - lg_cotrain - INFO - Detected 9 classes for event hurricane_irma_2017: ['caution_and_advice', 'displaced_people_and_evacuations', 'infrastructure_and_utility_damage', 'injured_or_dead_people', 'not_humanitarian', 'other_relevant_information', 'requests_or_urgent_needs', 'rescue_volunteering_or_donation_effort', 'sympathy_and_support']
2026-02-27 09:40:35,383 - lg_cotrain - INFO - D_l1: 117, D_l2: 108, D_LG: 6354
2026-02-27 09:40:35,384 - lg_cotrain - INFO - === Phase 1: Weight Generation ===
2026-02-27 09:40:56,913 - lg_cotrain - INFO - Phase 1 epoch 1/7: mean_prob1=0.1089, mean_prob2=0.1082
2026-02-27 09:41:17,466 - lg_cotrain - INFO - Phase 1 epoch 2/7: mean_prob1=0.1177, mean_prob2=0.1090
2026-02-27 09:41:38,084 - lg_cotrain - INFO - Phase 1 epoch 3/7: mean_prob1=0.1067, mean_prob2=0.0964
2026-02-27 09:41:58,581 - lg_cotrain - INFO - Phase 1 epoch 4/7: mean_prob1=0.1120, mean_prob2=0.1105
2026-02-27 09:42:19,070 - lg_cotrain - INFO - Phase 1 epoch 5/7: mean_prob1=0.1114, mean_prob2=0.1122
2026-02-27 09:42:39,762 - lg_cotrain - INFO - Phase 1 epoch 6/7: mean_prob1=0.1135, mean_prob2=0.1109
2026-02-27 09:43:00,577 - lg_cotrain - INFO - Phase 1 epoch 7/7: mean_prob1=0.1126, mean_prob2=0.1124
2026-02-27 09:43:00,577 - lg_cotrain - INFO - === Phase 2: Co-Training ===
2026-02-27 09:43:01,702 - lg_cotrain - INFO - LR scheduler: total_steps_1=4380, warmup=737; total_steps_2=4380, warmup=737
2026-02-27 09:43:01,702 - lg_cotrain - INFO - Phase 1 done -> seeded Phase 2 trackers. lambda1: mean=0.1126, range=[0.0885, 0.5416]
2026-02-27 09:43:01,703 - lg_cotrain - INFO - Phase 1 done -> seeded Phase 2 trackers. lambda2: mean=0.1124, range=[0.0973, 0.1277]
2026-02-27 09:44:20,790 - lg_cotrain - INFO - Phase 2 epoch 1/20: loss1=0.1502, loss2=0.1467, dev_macro_f1=0.5459, dev_err=39.46%
2026-02-27 09:45:39,793 - lg_cotrain - INFO - Phase 2 epoch 2/20: loss1=0.0654, loss2=0.3902, dev_macro_f1=0.5153, dev_err=42.38%
2026-02-27 09:46:58,964 - lg_cotrain - INFO - Phase 2 epoch 3/20: loss1=0.1303, loss2=0.5654, dev_macro_f1=0.4846, dev_err=44.78%
2026-02-27 09:48:19,105 - lg_cotrain - INFO - Phase 2 epoch 4/20: loss1=0.4939, loss2=1.3796, dev_macro_f1=0.0321, dev_err=83.09%
2026-02-27 09:49:41,237 - lg_cotrain - INFO - Phase 2 epoch 5/20: loss1=0.2847, loss2=1.4473, dev_macro_f1=0.0321, dev_err=83.09%
2026-02-27 09:51:02,563 - lg_cotrain - INFO - Phase 2 epoch 6/20: loss1=0.1779, loss2=1.3318, dev_macro_f1=0.0321, dev_err=83.09%
2026-02-27 09:52:21,460 - lg_cotrain - INFO - Phase 2 epoch 7/20: loss1=0.1115, loss2=1.2457, dev_macro_f1=0.0321, dev_err=83.09%
2026-02-27 09:53:40,105 - lg_cotrain - INFO - Phase 2 epoch 8/20: loss1=0.0655, loss2=1.1800, dev_macro_f1=0.0321, dev_err=83.09%
2026-02-27 09:54:59,367 - lg_cotrain - INFO - Phase 2 epoch 9/20: loss1=0.0509, loss2=1.1250, dev_macro_f1=0.0321, dev_err=83.09%
2026-02-27 09:56:18,653 - lg_cotrain - INFO - Phase 2 epoch 10/20: loss1=0.0475, loss2=1.0761, dev_macro_f1=0.0321, dev_err=83.09%
2026-02-27 09:57:38,723 - lg_cotrain - INFO - Phase 2 epoch 11/20: loss1=0.0448, loss2=1.0346, dev_macro_f1=0.0321, dev_err=83.09%
2026-02-27 09:58:58,934 - lg_cotrain - INFO - Phase 2 epoch 12/20: loss1=0.0447, loss2=1.0005, dev_macro_f1=0.0321, dev_err=83.09%
2026-02-27 10:00:17,409 - lg_cotrain - INFO - Phase 2 epoch 13/20: loss1=0.0454, loss2=0.9689, dev_macro_f1=0.0321, dev_err=83.09%
2026-02-27 10:01:35,956 - lg_cotrain - INFO - Phase 2 epoch 14/20: loss1=0.0456, loss2=0.9409, dev_macro_f1=0.0321, dev_err=83.09%
2026-02-27 10:02:54,764 - lg_cotrain - INFO - Phase 2 epoch 15/20: loss1=0.0462, loss2=0.9145, dev_macro_f1=0.0321, dev_err=83.09%
2026-02-27 10:04:13,283 - lg_cotrain - INFO - Phase 2 epoch 16/20: loss1=0.0467, loss2=0.8908, dev_macro_f1=0.0321, dev_err=83.09%
2026-02-27 10:05:31,796 - lg_cotrain - INFO - Phase 2 epoch 17/20: loss1=0.0473, loss2=0.8688, dev_macro_f1=0.0321, dev_err=83.09%
2026-02-27 10:06:50,330 - lg_cotrain - INFO - Phase 2 epoch 18/20: loss1=0.0482, loss2=0.8485, dev_macro_f1=0.0321, dev_err=83.09%
2026-02-27 10:08:08,880 - lg_cotrain - INFO - Phase 2 epoch 19/20: loss1=0.0489, loss2=0.8307, dev_macro_f1=0.0321, dev_err=83.09%
2026-02-27 10:09:27,533 - lg_cotrain - INFO - Phase 2 epoch 20/20: loss1=0.0495, loss2=0.8142, dev_macro_f1=0.0321, dev_err=83.09%
2026-02-27 10:09:27,533 - lg_cotrain - INFO - === Phase 3: Fine-Tuning ===
2026-02-27 10:09:31,306 - lg_cotrain - INFO - Phase 3 epoch 1: dev_macro_f1=0.0321, dev_err=83.09%, es_counter1=0, es_counter2=0
2026-02-27 10:09:35,051 - lg_cotrain - INFO - Phase 3 epoch 2: dev_macro_f1=0.0321, dev_err=83.09%, es_counter1=1, es_counter2=1
2026-02-27 10:09:38,807 - lg_cotrain - INFO - Phase 3 epoch 3: dev_macro_f1=0.0030, dev_err=98.64%, es_counter1=2, es_counter2=2
2026-02-27 10:09:42,552 - lg_cotrain - INFO - Phase 3 epoch 4: dev_macro_f1=0.0030, dev_err=98.64%, es_counter1=3, es_counter2=3
2026-02-27 10:09:46,309 - lg_cotrain - INFO - Phase 3 epoch 5: dev_macro_f1=0.0030, dev_err=98.64%, es_counter1=4, es_counter2=4
2026-02-27 10:09:50,049 - lg_cotrain - INFO - Phase 3 epoch 6: dev_macro_f1=0.0165, dev_err=91.96%, es_counter1=5, es_counter2=5
2026-02-27 10:09:50,049 - lg_cotrain - INFO - Early stopping at epoch 6
2026-02-27 10:09:50,058 - lg_cotrain - INFO - === Final Evaluation ===
2026-02-27 10:09:58,118 - lg_cotrain - INFO - Results saved to C:\Users\anhtr\AppData\Local\Temp\tmpq91fq_pe\hurricane_irma_2017\25_set3\metrics.json
2026-02-27 10:09:58,118 - lg_cotrain - INFO - Test error rate: 83.08%, Test macro-F1: 0.0322, Test ECE: 0.2503
2026-02-27 10:09:58,129 - lg_cotrain - INFO - --- Trial 8/10 done: dev_macro_f1=0.0321 ---
2026-02-27 10:09:58,130 - lg_cotrain - INFO - --- Trial 9/10 ---
2026-02-27 10:09:58,687 - lg_cotrain - INFO - Starting LG-CoTrain: event=hurricane_irma_2017, budget=25, seed_set=3
2026-02-27 10:09:58,733 - lg_cotrain - INFO - Detected 9 classes for event hurricane_irma_2017: ['caution_and_advice', 'displaced_people_and_evacuations', 'infrastructure_and_utility_damage', 'injured_or_dead_people', 'not_humanitarian', 'other_relevant_information', 'requests_or_urgent_needs', 'rescue_volunteering_or_donation_effort', 'sympathy_and_support']
2026-02-27 10:09:58,743 - lg_cotrain - INFO - D_l1: 117, D_l2: 108, D_LG: 6354
2026-02-27 10:09:58,745 - lg_cotrain - INFO - === Phase 1: Weight Generation ===
2026-02-27 10:10:24,345 - lg_cotrain - INFO - Phase 1 epoch 1/7: mean_prob1=0.1126, mean_prob2=0.1115
2026-02-27 10:10:49,025 - lg_cotrain - INFO - Phase 1 epoch 2/7: mean_prob1=0.1133, mean_prob2=0.1085
2026-02-27 10:11:13,892 - lg_cotrain - INFO - Phase 1 epoch 3/7: mean_prob1=0.1274, mean_prob2=0.1110
2026-02-27 10:11:38,501 - lg_cotrain - INFO - Phase 1 epoch 4/7: mean_prob1=0.1120, mean_prob2=0.1102
2026-02-27 10:12:02,908 - lg_cotrain - INFO - Phase 1 epoch 5/7: mean_prob1=0.1086, mean_prob2=0.1068
2026-02-27 10:12:27,380 - lg_cotrain - INFO - Phase 1 epoch 6/7: mean_prob1=0.1091, mean_prob2=0.1093
2026-02-27 10:12:52,090 - lg_cotrain - INFO - Phase 1 epoch 7/7: mean_prob1=0.1123, mean_prob2=0.1124
2026-02-27 10:12:52,091 - lg_cotrain - INFO - === Phase 2: Co-Training ===
2026-02-27 10:12:53,288 - lg_cotrain - INFO - LR scheduler: total_steps_1=10245, warmup=2844; total_steps_2=10145, warmup=2816
2026-02-27 10:12:53,290 - lg_cotrain - INFO - Phase 1 done -> seeded Phase 2 trackers. lambda1: mean=0.1123, range=[0.0951, 0.1276]
2026-02-27 10:12:53,290 - lg_cotrain - INFO - Phase 1 done -> seeded Phase 2 trackers. lambda2: mean=0.1124, range=[0.0900, 0.1602]
2026-02-27 10:14:37,373 - lg_cotrain - INFO - Phase 2 epoch 1/11: loss1=0.1415, loss2=0.1401, dev_macro_f1=0.5398, dev_err=39.04%
2026-02-27 10:16:21,103 - lg_cotrain - INFO - Phase 2 epoch 2/11: loss1=0.0647, loss2=0.3958, dev_macro_f1=0.4875, dev_err=45.30%
2026-02-27 10:18:04,643 - lg_cotrain - INFO - Phase 2 epoch 3/11: loss1=0.2108, loss2=0.4243, dev_macro_f1=0.4811, dev_err=45.93%
2026-02-27 10:19:48,061 - lg_cotrain - INFO - Phase 2 epoch 4/11: loss1=0.4976, loss2=0.7457, dev_macro_f1=0.0321, dev_err=83.09%
2026-02-27 10:21:31,957 - lg_cotrain - INFO - Phase 2 epoch 5/11: loss1=0.2860, loss2=1.3431, dev_macro_f1=0.0321, dev_err=83.09%
2026-02-27 10:23:16,028 - lg_cotrain - INFO - Phase 2 epoch 6/11: loss1=0.1771, loss2=1.2372, dev_macro_f1=0.0321, dev_err=83.09%
2026-02-27 10:24:59,541 - lg_cotrain - INFO - Phase 2 epoch 7/11: loss1=0.1104, loss2=1.1494, dev_macro_f1=0.0321, dev_err=83.09%
2026-02-27 10:26:43,040 - lg_cotrain - INFO - Phase 2 epoch 8/11: loss1=0.0645, loss2=1.0879, dev_macro_f1=0.0321, dev_err=83.09%
2026-02-27 10:28:26,374 - lg_cotrain - INFO - Phase 2 epoch 9/11: loss1=0.0456, loss2=1.0385, dev_macro_f1=0.0321, dev_err=83.09%
2026-02-27 10:30:09,700 - lg_cotrain - INFO - Phase 2 epoch 10/11: loss1=0.0412, loss2=0.9958, dev_macro_f1=0.0321, dev_err=83.09%
2026-02-27 10:31:53,059 - lg_cotrain - INFO - Phase 2 epoch 11/11: loss1=0.0396, loss2=0.9575, dev_macro_f1=0.0321, dev_err=83.09%
2026-02-27 10:31:53,059 - lg_cotrain - INFO - === Phase 3: Fine-Tuning ===
2026-02-27 10:31:57,720 - lg_cotrain - INFO - Phase 3 epoch 1: dev_macro_f1=0.0321, dev_err=83.09%, es_counter1=0, es_counter2=0
2026-02-27 10:32:02,394 - lg_cotrain - INFO - Phase 3 epoch 2: dev_macro_f1=0.0371, dev_err=79.96%, es_counter1=0, es_counter2=0
2026-02-27 10:32:07,002 - lg_cotrain - INFO - Phase 3 epoch 3: dev_macro_f1=0.0371, dev_err=79.96%, es_counter1=1, es_counter2=1
2026-02-27 10:32:11,634 - lg_cotrain - INFO - Phase 3 epoch 4: dev_macro_f1=0.0321, dev_err=83.09%, es_counter1=2, es_counter2=2
2026-02-27 10:32:16,299 - lg_cotrain - INFO - Phase 3 epoch 5: dev_macro_f1=0.0371, dev_err=79.96%, es_counter1=3, es_counter2=3
2026-02-27 10:32:20,948 - lg_cotrain - INFO - Phase 3 epoch 6: dev_macro_f1=0.0165, dev_err=91.96%, es_counter1=4, es_counter2=4
2026-02-27 10:32:20,948 - lg_cotrain - INFO - Early stopping at epoch 6
2026-02-27 10:32:20,957 - lg_cotrain - INFO - === Final Evaluation ===
2026-02-27 10:32:30,539 - lg_cotrain - INFO - Results saved to C:\Users\anhtr\AppData\Local\Temp\tmp5rplh4pl\hurricane_irma_2017\25_set3\metrics.json
2026-02-27 10:32:30,540 - lg_cotrain - INFO - Test error rate: 80.02%, Test macro-F1: 0.0370, Test ECE: 0.0788
2026-02-27 10:32:30,551 - lg_cotrain - INFO - --- Trial 9/10 done: dev_macro_f1=0.0371 ---
2026-02-27 10:32:30,551 - lg_cotrain - INFO - --- Trial 10/10 ---
2026-02-27 10:32:31,121 - lg_cotrain - INFO - Starting LG-CoTrain: event=hurricane_irma_2017, budget=25, seed_set=3
2026-02-27 10:32:31,159 - lg_cotrain - INFO - Detected 9 classes for event hurricane_irma_2017: ['caution_and_advice', 'displaced_people_and_evacuations', 'infrastructure_and_utility_damage', 'injured_or_dead_people', 'not_humanitarian', 'other_relevant_information', 'requests_or_urgent_needs', 'rescue_volunteering_or_donation_effort', 'sympathy_and_support']
2026-02-27 10:32:31,167 - lg_cotrain - INFO - D_l1: 117, D_l2: 108, D_LG: 6354
2026-02-27 10:32:31,169 - lg_cotrain - INFO - === Phase 1: Weight Generation ===
2026-02-27 10:32:59,304 - lg_cotrain - INFO - Phase 1 epoch 1/7: mean_prob1=0.1178, mean_prob2=0.1118
2026-02-27 10:33:24,878 - lg_cotrain - INFO - Phase 1 epoch 2/7: mean_prob1=0.1512, mean_prob2=0.1202
2026-02-27 10:33:49,734 - lg_cotrain - INFO - Phase 1 epoch 3/7: mean_prob1=0.2082, mean_prob2=0.1373
2026-02-27 10:34:14,660 - lg_cotrain - INFO - Phase 1 epoch 4/7: mean_prob1=0.2919, mean_prob2=0.1855
2026-02-27 10:34:39,621 - lg_cotrain - INFO - Phase 1 epoch 5/7: mean_prob1=0.3027, mean_prob2=0.2166
2026-02-27 10:35:04,843 - lg_cotrain - INFO - Phase 1 epoch 6/7: mean_prob1=0.3626, mean_prob2=0.2891
2026-02-27 10:35:29,980 - lg_cotrain - INFO - Phase 1 epoch 7/7: mean_prob1=0.3991, mean_prob2=0.2810
2026-02-27 10:35:29,980 - lg_cotrain - INFO - === Phase 2: Co-Training ===
2026-02-27 10:35:31,052 - lg_cotrain - INFO - LR scheduler: total_steps_1=15810, warmup=927; total_steps_2=15710, warmup=921
2026-02-27 10:35:31,053 - lg_cotrain - INFO - Phase 1 done -> seeded Phase 2 trackers. lambda1: mean=0.3991, range=[0.0012, 0.9758]
2026-02-27 10:35:31,053 - lg_cotrain - INFO - Phase 1 done -> seeded Phase 2 trackers. lambda2: mean=0.2810, range=[0.0038, 0.9136]
2026-02-27 10:37:16,346 - lg_cotrain - INFO - Phase 2 epoch 1/18: loss1=0.2737, loss2=0.3602, dev_macro_f1=0.5685, dev_err=39.25%
2026-02-27 10:39:02,683 - lg_cotrain - INFO - Phase 2 epoch 2/18: loss1=0.0604, loss2=0.3912, dev_macro_f1=0.5917, dev_err=37.16%
2026-02-27 10:40:48,170 - lg_cotrain - INFO - Phase 2 epoch 3/18: loss1=0.0492, loss2=0.3071, dev_macro_f1=0.6111, dev_err=36.43%
2026-02-27 10:42:34,692 - lg_cotrain - INFO - Phase 2 epoch 4/18: loss1=0.0521, loss2=0.1981, dev_macro_f1=0.6239, dev_err=34.76%
2026-02-27 10:44:20,614 - lg_cotrain - INFO - Phase 2 epoch 5/18: loss1=0.0551, loss2=0.1674, dev_macro_f1=0.6123, dev_err=35.91%
2026-02-27 10:46:04,951 - lg_cotrain - INFO - Phase 2 epoch 6/18: loss1=0.0425, loss2=0.1159, dev_macro_f1=0.6131, dev_err=37.06%
2026-02-27 10:47:49,602 - lg_cotrain - INFO - Phase 2 epoch 7/18: loss1=0.0413, loss2=0.1116, dev_macro_f1=0.5974, dev_err=37.68%
2026-02-27 10:49:33,968 - lg_cotrain - INFO - Phase 2 epoch 8/18: loss1=0.0411, loss2=0.0837, dev_macro_f1=0.5987, dev_err=37.47%
2026-02-27 10:51:18,715 - lg_cotrain - INFO - Phase 2 epoch 9/18: loss1=0.0452, loss2=0.0708, dev_macro_f1=0.6159, dev_err=36.22%
2026-02-27 10:53:02,859 - lg_cotrain - INFO - Phase 2 epoch 10/18: loss1=0.0326, loss2=0.0516, dev_macro_f1=0.6205, dev_err=36.22%
2026-02-27 10:54:47,891 - lg_cotrain - INFO - Phase 2 epoch 11/18: loss1=0.0285, loss2=0.0462, dev_macro_f1=0.5821, dev_err=40.19%
2026-02-27 10:56:32,992 - lg_cotrain - INFO - Phase 2 epoch 12/18: loss1=0.0238, loss2=0.0357, dev_macro_f1=0.5932, dev_err=38.73%
2026-02-27 10:58:17,273 - lg_cotrain - INFO - Phase 2 epoch 13/18: loss1=0.0169, loss2=0.0274, dev_macro_f1=0.5879, dev_err=39.04%
2026-02-27 11:00:01,669 - lg_cotrain - INFO - Phase 2 epoch 14/18: loss1=0.0138, loss2=0.0235, dev_macro_f1=0.6111, dev_err=37.37%
2026-02-27 11:01:49,817 - lg_cotrain - INFO - Phase 2 epoch 15/18: loss1=0.0128, loss2=0.0085, dev_macro_f1=0.5888, dev_err=39.25%
2026-02-27 11:03:39,003 - lg_cotrain - INFO - Phase 2 epoch 16/18: loss1=0.0095, loss2=0.0103, dev_macro_f1=0.5952, dev_err=39.14%
2026-02-27 11:05:26,244 - lg_cotrain - INFO - Phase 2 epoch 17/18: loss1=0.0101, loss2=0.0076, dev_macro_f1=0.5999, dev_err=38.31%
2026-02-27 11:07:14,990 - lg_cotrain - INFO - Phase 2 epoch 18/18: loss1=0.0075, loss2=0.0042, dev_macro_f1=0.5924, dev_err=39.14%
2026-02-27 11:07:14,990 - lg_cotrain - INFO - === Phase 3: Fine-Tuning ===
2026-02-27 11:07:20,054 - lg_cotrain - INFO - Phase 3 epoch 1: dev_macro_f1=0.5833, dev_err=39.35%, es_counter1=0, es_counter2=0
2026-02-27 11:07:25,040 - lg_cotrain - INFO - Phase 3 epoch 2: dev_macro_f1=0.6009, dev_err=38.52%, es_counter1=0, es_counter2=0
2026-02-27 11:07:30,053 - lg_cotrain - INFO - Phase 3 epoch 3: dev_macro_f1=0.6027, dev_err=38.10%, es_counter1=0, es_counter2=0
2026-02-27 11:07:35,127 - lg_cotrain - INFO - Phase 3 epoch 4: dev_macro_f1=0.5966, dev_err=38.73%, es_counter1=1, es_counter2=1
2026-02-27 11:07:40,185 - lg_cotrain - INFO - Phase 3 epoch 5: dev_macro_f1=0.5966, dev_err=38.73%, es_counter1=2, es_counter2=2
2026-02-27 11:07:45,068 - lg_cotrain - INFO - Phase 3 epoch 6: dev_macro_f1=0.6006, dev_err=37.68%, es_counter1=3, es_counter2=3
2026-02-27 11:07:49,959 - lg_cotrain - INFO - Phase 3 epoch 7: dev_macro_f1=0.6041, dev_err=37.37%, es_counter1=0, es_counter2=0
2026-02-27 11:07:54,811 - lg_cotrain - INFO - Phase 3 epoch 8: dev_macro_f1=0.6050, dev_err=37.37%, es_counter1=0, es_counter2=0
2026-02-27 11:07:59,681 - lg_cotrain - INFO - Phase 3 epoch 9: dev_macro_f1=0.6022, dev_err=37.79%, es_counter1=1, es_counter2=1
2026-02-27 11:08:04,607 - lg_cotrain - INFO - Phase 3 epoch 10: dev_macro_f1=0.6025, dev_err=37.47%, es_counter1=2, es_counter2=2
2026-02-27 11:08:09,486 - lg_cotrain - INFO - Phase 3 epoch 11: dev_macro_f1=0.6005, dev_err=37.79%, es_counter1=3, es_counter2=3
2026-02-27 11:08:14,396 - lg_cotrain - INFO - Phase 3 epoch 12: dev_macro_f1=0.5999, dev_err=37.79%, es_counter1=4, es_counter2=4
2026-02-27 11:08:14,396 - lg_cotrain - INFO - Early stopping at epoch 12
2026-02-27 11:08:14,407 - lg_cotrain - INFO - === Final Evaluation ===
2026-02-27 11:08:24,598 - lg_cotrain - INFO - Results saved to C:\Users\anhtr\AppData\Local\Temp\tmp6iv_kgau\hurricane_irma_2017\25_set3\metrics.json
2026-02-27 11:08:24,598 - lg_cotrain - INFO - Test error rate: 35.23%, Test macro-F1: 0.6265, Test ECE: 0.1452
2026-02-27 11:08:24,608 - lg_cotrain - INFO - --- Trial 10/10 done: dev_macro_f1=0.6050 ---
