2026-02-26 08:40:33,677 - lg_cotrain - INFO - === Optuna study: hurricane_harvey_2017 budget=50 seed=1 | target=10 trials, 0 replayed, 10 new ===
2026-02-26 08:40:33,677 - lg_cotrain - INFO - --- Trial 1/10 ---
2026-02-26 08:40:34,199 - lg_cotrain - INFO - Starting LG-CoTrain: event=hurricane_harvey_2017, budget=50, seed_set=1
2026-02-26 08:40:34,263 - lg_cotrain - INFO - Detected 9 classes for event hurricane_harvey_2017: ['caution_and_advice', 'displaced_people_and_evacuations', 'infrastructure_and_utility_damage', 'injured_or_dead_people', 'not_humanitarian', 'other_relevant_information', 'requests_or_urgent_needs', 'rescue_volunteering_or_donation_effort', 'sympathy_and_support']
2026-02-26 08:40:34,274 - lg_cotrain - INFO - D_l1: 225, D_l2: 225, D_LG: 5928
2026-02-26 08:40:34,277 - lg_cotrain - INFO - === Phase 1: Weight Generation ===
2026-02-26 08:41:02,584 - lg_cotrain - INFO - Phase 1 epoch 1/7: mean_prob1=0.1009, mean_prob2=0.1044
2026-02-26 08:41:29,762 - lg_cotrain - INFO - Phase 1 epoch 2/7: mean_prob1=0.1132, mean_prob2=0.1068
2026-02-26 08:41:57,002 - lg_cotrain - INFO - Phase 1 epoch 3/7: mean_prob1=0.1157, mean_prob2=0.1051
2026-02-26 08:42:24,364 - lg_cotrain - INFO - Phase 1 epoch 4/7: mean_prob1=0.1078, mean_prob2=0.1017
2026-02-26 08:42:51,587 - lg_cotrain - INFO - Phase 1 epoch 5/7: mean_prob1=0.1055, mean_prob2=0.1085
2026-02-26 08:43:18,791 - lg_cotrain - INFO - Phase 1 epoch 6/7: mean_prob1=0.1128, mean_prob2=0.1142
2026-02-26 08:43:46,127 - lg_cotrain - INFO - Phase 1 epoch 7/7: mean_prob1=0.1141, mean_prob2=0.1059
2026-02-26 08:43:46,128 - lg_cotrain - INFO - === Phase 2: Co-Training ===
2026-02-26 08:43:47,105 - lg_cotrain - INFO - LR scheduler: total_steps_1=14015, warmup=2547; total_steps_2=14015, warmup=2547
2026-02-26 08:43:47,106 - lg_cotrain - INFO - Phase 1 done -> seeded Phase 2 trackers. lambda1: mean=0.1141, range=[0.0961, 0.1235]
2026-02-26 08:43:47,106 - lg_cotrain - INFO - Phase 1 done -> seeded Phase 2 trackers. lambda2: mean=0.1059, range=[0.0668, 0.1777]
2026-02-26 08:45:36,608 - lg_cotrain - INFO - Phase 2 epoch 1/15: loss1=0.1301, loss2=0.1251, dev_macro_f1=0.5750, dev_err=39.29%
2026-02-26 08:47:26,553 - lg_cotrain - INFO - Phase 2 epoch 2/15: loss1=0.0925, loss2=1.0900, dev_macro_f1=0.2875, dev_err=55.87%
2026-02-26 08:49:16,317 - lg_cotrain - INFO - Phase 2 epoch 3/15: loss1=0.0654, loss2=1.1142, dev_macro_f1=0.0526, dev_err=69.00%
2026-02-26 08:51:05,935 - lg_cotrain - INFO - Phase 2 epoch 4/15: loss1=0.0468, loss2=1.0081, dev_macro_f1=0.0526, dev_err=69.00%
2026-02-26 08:52:55,379 - lg_cotrain - INFO - Phase 2 epoch 5/15: loss1=0.0374, loss2=0.9508, dev_macro_f1=0.0526, dev_err=69.00%
2026-02-26 08:54:44,885 - lg_cotrain - INFO - Phase 2 epoch 6/15: loss1=0.0357, loss2=0.8972, dev_macro_f1=0.0526, dev_err=69.00%
2026-02-26 08:56:33,967 - lg_cotrain - INFO - Phase 2 epoch 7/15: loss1=0.0363, loss2=0.8482, dev_macro_f1=0.0526, dev_err=69.00%
2026-02-26 08:58:22,953 - lg_cotrain - INFO - Phase 2 epoch 8/15: loss1=0.0382, loss2=0.8096, dev_macro_f1=0.0526, dev_err=69.00%
2026-02-26 09:00:12,100 - lg_cotrain - INFO - Phase 2 epoch 9/15: loss1=0.0367, loss2=0.7721, dev_macro_f1=0.0526, dev_err=69.00%
2026-02-26 09:02:03,701 - lg_cotrain - INFO - Phase 2 epoch 10/15: loss1=0.0359, loss2=0.7411, dev_macro_f1=0.0526, dev_err=69.00%
2026-02-26 09:03:53,645 - lg_cotrain - INFO - Phase 2 epoch 11/15: loss1=0.0352, loss2=0.7140, dev_macro_f1=0.0526, dev_err=69.00%
2026-02-26 09:05:43,450 - lg_cotrain - INFO - Phase 2 epoch 12/15: loss1=0.0367, loss2=0.6893, dev_macro_f1=0.0526, dev_err=69.00%
2026-02-26 09:07:33,726 - lg_cotrain - INFO - Phase 2 epoch 13/15: loss1=0.0351, loss2=0.6662, dev_macro_f1=0.0526, dev_err=69.00%
2026-02-26 09:09:23,863 - lg_cotrain - INFO - Phase 2 epoch 14/15: loss1=0.0332, loss2=0.6474, dev_macro_f1=0.0526, dev_err=69.00%
2026-02-26 09:11:13,644 - lg_cotrain - INFO - Phase 2 epoch 15/15: loss1=0.0325, loss2=0.6273, dev_macro_f1=0.0526, dev_err=69.00%
2026-02-26 09:11:13,644 - lg_cotrain - INFO - === Phase 3: Fine-Tuning ===
2026-02-26 09:11:20,436 - lg_cotrain - INFO - Phase 3 epoch 1: dev_macro_f1=0.0124, dev_err=94.08%, es_counter1=0, es_counter2=0
2026-02-26 09:11:27,222 - lg_cotrain - INFO - Phase 3 epoch 2: dev_macro_f1=0.0262, dev_err=86.65%, es_counter1=0, es_counter2=0
2026-02-26 09:11:33,999 - lg_cotrain - INFO - Phase 3 epoch 3: dev_macro_f1=0.0526, dev_err=69.00%, es_counter1=0, es_counter2=0
2026-02-26 09:11:40,744 - lg_cotrain - INFO - Phase 3 epoch 4: dev_macro_f1=0.0526, dev_err=69.00%, es_counter1=1, es_counter2=1
2026-02-26 09:11:47,491 - lg_cotrain - INFO - Phase 3 epoch 5: dev_macro_f1=0.0526, dev_err=69.00%, es_counter1=2, es_counter2=2
2026-02-26 09:11:54,286 - lg_cotrain - INFO - Phase 3 epoch 6: dev_macro_f1=0.0078, dev_err=96.34%, es_counter1=3, es_counter2=3
2026-02-26 09:12:01,111 - lg_cotrain - INFO - Phase 3 epoch 7: dev_macro_f1=0.0158, dev_err=92.36%, es_counter1=4, es_counter2=4
2026-02-26 09:12:07,876 - lg_cotrain - INFO - Phase 3 epoch 8: dev_macro_f1=0.0156, dev_err=92.47%, es_counter1=5, es_counter2=5
2026-02-26 09:12:14,639 - lg_cotrain - INFO - Phase 3 epoch 9: dev_macro_f1=0.0096, dev_err=95.48%, es_counter1=6, es_counter2=6
2026-02-26 09:12:21,419 - lg_cotrain - INFO - Phase 3 epoch 10: dev_macro_f1=0.0361, dev_err=80.62%, es_counter1=7, es_counter2=7
2026-02-26 09:12:28,231 - lg_cotrain - INFO - Phase 3 epoch 11: dev_macro_f1=0.0526, dev_err=69.00%, es_counter1=8, es_counter2=8
2026-02-26 09:12:34,992 - lg_cotrain - INFO - Phase 3 epoch 12: dev_macro_f1=0.0145, dev_err=93.00%, es_counter1=9, es_counter2=9
2026-02-26 09:12:41,745 - lg_cotrain - INFO - Phase 3 epoch 13: dev_macro_f1=0.0096, dev_err=95.48%, es_counter1=10, es_counter2=10
2026-02-26 09:12:41,745 - lg_cotrain - INFO - Early stopping at epoch 13
2026-02-26 09:12:41,754 - lg_cotrain - INFO - === Final Evaluation ===
2026-02-26 09:12:52,237 - lg_cotrain - INFO - Results saved to C:\Users\anhtr\AppData\Local\Temp\tmpnefnjp0m\hurricane_harvey_2017\50_set1\metrics.json
2026-02-26 09:12:52,238 - lg_cotrain - INFO - Test error rate: 69.03%, Test macro-F1: 0.0525, Test ECE: 0.1815
2026-02-26 09:12:52,246 - lg_cotrain - INFO - --- Trial 1/10 done: dev_macro_f1=0.0526 ---
2026-02-26 09:12:52,247 - lg_cotrain - INFO - --- Trial 2/10 ---
2026-02-26 09:12:52,760 - lg_cotrain - INFO - Starting LG-CoTrain: event=hurricane_harvey_2017, budget=50, seed_set=1
2026-02-26 09:12:52,801 - lg_cotrain - INFO - Detected 9 classes for event hurricane_harvey_2017: ['caution_and_advice', 'displaced_people_and_evacuations', 'infrastructure_and_utility_damage', 'injured_or_dead_people', 'not_humanitarian', 'other_relevant_information', 'requests_or_urgent_needs', 'rescue_volunteering_or_donation_effort', 'sympathy_and_support']
2026-02-26 09:12:52,812 - lg_cotrain - INFO - D_l1: 225, D_l2: 225, D_LG: 5928
2026-02-26 09:12:52,814 - lg_cotrain - INFO - === Phase 1: Weight Generation ===
2026-02-26 09:13:15,717 - lg_cotrain - INFO - Phase 1 epoch 1/7: mean_prob1=0.1058, mean_prob2=0.1079
2026-02-26 09:13:37,826 - lg_cotrain - INFO - Phase 1 epoch 2/7: mean_prob1=0.1134, mean_prob2=0.1178
2026-02-26 09:13:59,827 - lg_cotrain - INFO - Phase 1 epoch 3/7: mean_prob1=0.1181, mean_prob2=0.1268
2026-02-26 09:14:21,715 - lg_cotrain - INFO - Phase 1 epoch 4/7: mean_prob1=0.1307, mean_prob2=0.1309
2026-02-26 09:14:43,567 - lg_cotrain - INFO - Phase 1 epoch 5/7: mean_prob1=0.1061, mean_prob2=0.1598
2026-02-26 09:15:05,590 - lg_cotrain - INFO - Phase 1 epoch 6/7: mean_prob1=0.1007, mean_prob2=0.1722
2026-02-26 09:15:27,737 - lg_cotrain - INFO - Phase 1 epoch 7/7: mean_prob1=0.1134, mean_prob2=0.1482
2026-02-26 09:15:27,738 - lg_cotrain - INFO - === Phase 2: Co-Training ===
2026-02-26 09:15:28,713 - lg_cotrain - INFO - LR scheduler: total_steps_1=2074, warmup=101; total_steps_2=2074, warmup=101
2026-02-26 09:15:28,714 - lg_cotrain - INFO - Phase 1 done -> seeded Phase 2 trackers. lambda1: mean=0.1134, range=[0.0590, 0.1569]
2026-02-26 09:15:28,714 - lg_cotrain - INFO - Phase 1 done -> seeded Phase 2 trackers. lambda2: mean=0.1482, range=[0.0166, 0.6820]
2026-02-26 09:16:46,133 - lg_cotrain - INFO - Phase 2 epoch 1/18: loss1=0.1753, loss2=0.1397, dev_macro_f1=0.6152, dev_err=31.86%
2026-02-26 09:18:03,382 - lg_cotrain - INFO - Phase 2 epoch 2/18: loss1=0.0700, loss2=0.4028, dev_macro_f1=0.5692, dev_err=34.66%
2026-02-26 09:19:20,302 - lg_cotrain - INFO - Phase 2 epoch 3/18: loss1=0.0539, loss2=0.4470, dev_macro_f1=0.5556, dev_err=35.74%
2026-02-26 09:20:37,189 - lg_cotrain - INFO - Phase 2 epoch 4/18: loss1=0.1031, loss2=0.3535, dev_macro_f1=0.5435, dev_err=35.74%
2026-02-26 09:21:53,923 - lg_cotrain - INFO - Phase 2 epoch 5/18: loss1=0.4953, loss2=0.2876, dev_macro_f1=0.5639, dev_err=36.81%
2026-02-26 09:23:10,707 - lg_cotrain - INFO - Phase 2 epoch 6/18: loss1=0.6805, loss2=0.2167, dev_macro_f1=0.5862, dev_err=36.60%
2026-02-26 09:24:27,343 - lg_cotrain - INFO - Phase 2 epoch 7/18: loss1=0.7455, loss2=0.1299, dev_macro_f1=0.6294, dev_err=32.72%
2026-02-26 09:25:44,058 - lg_cotrain - INFO - Phase 2 epoch 8/18: loss1=0.8045, loss2=0.0910, dev_macro_f1=0.5984, dev_err=33.91%
2026-02-26 09:27:00,658 - lg_cotrain - INFO - Phase 2 epoch 9/18: loss1=0.8583, loss2=0.0597, dev_macro_f1=0.5809, dev_err=35.52%
2026-02-26 09:28:17,325 - lg_cotrain - INFO - Phase 2 epoch 10/18: loss1=0.9039, loss2=0.0439, dev_macro_f1=0.5966, dev_err=35.09%
2026-02-26 09:29:35,071 - lg_cotrain - INFO - Phase 2 epoch 11/18: loss1=0.9499, loss2=0.0307, dev_macro_f1=0.6068, dev_err=33.58%
2026-02-26 09:30:52,648 - lg_cotrain - INFO - Phase 2 epoch 12/18: loss1=0.9906, loss2=0.0262, dev_macro_f1=0.6133, dev_err=34.34%
2026-02-26 09:32:09,951 - lg_cotrain - INFO - Phase 2 epoch 13/18: loss1=1.0280, loss2=0.0224, dev_macro_f1=0.5937, dev_err=35.84%
2026-02-26 09:33:27,073 - lg_cotrain - INFO - Phase 2 epoch 14/18: loss1=1.0631, loss2=0.0219, dev_macro_f1=0.5986, dev_err=35.52%
2026-02-26 09:34:43,476 - lg_cotrain - INFO - Phase 2 epoch 15/18: loss1=1.0917, loss2=0.0176, dev_macro_f1=0.5958, dev_err=36.06%
2026-02-26 09:35:59,932 - lg_cotrain - INFO - Phase 2 epoch 16/18: loss1=1.1203, loss2=0.0173, dev_macro_f1=0.5971, dev_err=36.06%
2026-02-26 09:37:16,884 - lg_cotrain - INFO - Phase 2 epoch 17/18: loss1=1.1482, loss2=0.0160, dev_macro_f1=0.6046, dev_err=35.20%
2026-02-26 09:38:37,235 - lg_cotrain - INFO - Phase 2 epoch 18/18: loss1=1.1715, loss2=0.0121, dev_macro_f1=0.5925, dev_err=36.28%
2026-02-26 09:38:37,235 - lg_cotrain - INFO - === Phase 3: Fine-Tuning ===
2026-02-26 09:38:42,342 - lg_cotrain - INFO - Phase 3 epoch 1: dev_macro_f1=0.6110, dev_err=36.17%, es_counter1=0, es_counter2=0
2026-02-26 09:38:47,450 - lg_cotrain - INFO - Phase 3 epoch 2: dev_macro_f1=0.6042, dev_err=39.72%, es_counter1=1, es_counter2=1
2026-02-26 09:38:52,539 - lg_cotrain - INFO - Phase 3 epoch 3: dev_macro_f1=0.6198, dev_err=34.77%, es_counter1=0, es_counter2=0
2026-02-26 09:38:57,705 - lg_cotrain - INFO - Phase 3 epoch 4: dev_macro_f1=0.6132, dev_err=35.95%, es_counter1=1, es_counter2=1
2026-02-26 09:39:02,825 - lg_cotrain - INFO - Phase 3 epoch 5: dev_macro_f1=0.6269, dev_err=35.52%, es_counter1=0, es_counter2=0
2026-02-26 09:39:08,121 - lg_cotrain - INFO - Phase 3 epoch 6: dev_macro_f1=0.6396, dev_err=34.45%, es_counter1=0, es_counter2=0
2026-02-26 09:39:13,147 - lg_cotrain - INFO - Phase 3 epoch 7: dev_macro_f1=0.6393, dev_err=34.55%, es_counter1=1, es_counter2=1
2026-02-26 09:39:18,190 - lg_cotrain - INFO - Phase 3 epoch 8: dev_macro_f1=0.6455, dev_err=33.58%, es_counter1=0, es_counter2=0
2026-02-26 09:39:23,225 - lg_cotrain - INFO - Phase 3 epoch 9: dev_macro_f1=0.6425, dev_err=33.37%, es_counter1=1, es_counter2=1
2026-02-26 09:39:28,259 - lg_cotrain - INFO - Phase 3 epoch 10: dev_macro_f1=0.6448, dev_err=32.51%, es_counter1=2, es_counter2=2
2026-02-26 09:39:33,438 - lg_cotrain - INFO - Phase 3 epoch 11: dev_macro_f1=0.6454, dev_err=32.94%, es_counter1=3, es_counter2=3
2026-02-26 09:39:38,810 - lg_cotrain - INFO - Phase 3 epoch 12: dev_macro_f1=0.6438, dev_err=32.94%, es_counter1=4, es_counter2=4
2026-02-26 09:39:43,843 - lg_cotrain - INFO - Phase 3 epoch 13: dev_macro_f1=0.6359, dev_err=33.58%, es_counter1=5, es_counter2=5
2026-02-26 09:39:48,870 - lg_cotrain - INFO - Phase 3 epoch 14: dev_macro_f1=0.6433, dev_err=32.83%, es_counter1=6, es_counter2=6
2026-02-26 09:39:53,904 - lg_cotrain - INFO - Phase 3 epoch 15: dev_macro_f1=0.6450, dev_err=33.15%, es_counter1=7, es_counter2=7
2026-02-26 09:39:59,073 - lg_cotrain - INFO - Phase 3 epoch 16: dev_macro_f1=0.6378, dev_err=33.80%, es_counter1=8, es_counter2=8
2026-02-26 09:40:04,324 - lg_cotrain - INFO - Phase 3 epoch 17: dev_macro_f1=0.6488, dev_err=32.40%, es_counter1=0, es_counter2=0
2026-02-26 09:40:09,586 - lg_cotrain - INFO - Phase 3 epoch 18: dev_macro_f1=0.6502, dev_err=32.19%, es_counter1=0, es_counter2=0
2026-02-26 09:40:14,626 - lg_cotrain - INFO - Phase 3 epoch 19: dev_macro_f1=0.6508, dev_err=32.19%, es_counter1=0, es_counter2=0
2026-02-26 09:40:19,671 - lg_cotrain - INFO - Phase 3 epoch 20: dev_macro_f1=0.6538, dev_err=32.08%, es_counter1=0, es_counter2=0
2026-02-26 09:40:24,707 - lg_cotrain - INFO - Phase 3 epoch 21: dev_macro_f1=0.6629, dev_err=31.43%, es_counter1=0, es_counter2=0
2026-02-26 09:40:29,745 - lg_cotrain - INFO - Phase 3 epoch 22: dev_macro_f1=0.6594, dev_err=31.75%, es_counter1=1, es_counter2=1
2026-02-26 09:40:34,772 - lg_cotrain - INFO - Phase 3 epoch 23: dev_macro_f1=0.6556, dev_err=32.40%, es_counter1=2, es_counter2=2
2026-02-26 09:40:39,807 - lg_cotrain - INFO - Phase 3 epoch 24: dev_macro_f1=0.6575, dev_err=32.29%, es_counter1=3, es_counter2=3
2026-02-26 09:40:44,848 - lg_cotrain - INFO - Phase 3 epoch 25: dev_macro_f1=0.6531, dev_err=32.83%, es_counter1=4, es_counter2=4
2026-02-26 09:40:49,881 - lg_cotrain - INFO - Phase 3 epoch 26: dev_macro_f1=0.6531, dev_err=32.83%, es_counter1=5, es_counter2=5
2026-02-26 09:40:54,914 - lg_cotrain - INFO - Phase 3 epoch 27: dev_macro_f1=0.6560, dev_err=32.51%, es_counter1=6, es_counter2=6
2026-02-26 09:41:00,196 - lg_cotrain - INFO - Phase 3 epoch 28: dev_macro_f1=0.6575, dev_err=32.29%, es_counter1=7, es_counter2=7
2026-02-26 09:41:05,289 - lg_cotrain - INFO - Phase 3 epoch 29: dev_macro_f1=0.6500, dev_err=32.62%, es_counter1=8, es_counter2=8
2026-02-26 09:41:10,692 - lg_cotrain - INFO - Phase 3 epoch 30: dev_macro_f1=0.6462, dev_err=32.62%, es_counter1=9, es_counter2=9
2026-02-26 09:41:10,692 - lg_cotrain - INFO - Early stopping at epoch 30
2026-02-26 09:41:10,702 - lg_cotrain - INFO - === Final Evaluation ===
2026-02-26 09:41:19,742 - lg_cotrain - INFO - Results saved to C:\Users\anhtr\AppData\Local\Temp\tmpveizpx9w\hurricane_harvey_2017\50_set1\metrics.json
2026-02-26 09:41:19,742 - lg_cotrain - INFO - Test error rate: 32.80%, Test macro-F1: 0.6354, Test ECE: 0.1595
2026-02-26 09:41:19,751 - lg_cotrain - INFO - --- Trial 2/10 done: dev_macro_f1=0.6629 ---
2026-02-26 09:41:19,752 - lg_cotrain - INFO - --- Trial 3/10 ---
2026-02-26 09:41:20,252 - lg_cotrain - INFO - Starting LG-CoTrain: event=hurricane_harvey_2017, budget=50, seed_set=1
2026-02-26 09:41:20,288 - lg_cotrain - INFO - Detected 9 classes for event hurricane_harvey_2017: ['caution_and_advice', 'displaced_people_and_evacuations', 'infrastructure_and_utility_damage', 'injured_or_dead_people', 'not_humanitarian', 'other_relevant_information', 'requests_or_urgent_needs', 'rescue_volunteering_or_donation_effort', 'sympathy_and_support']
2026-02-26 09:41:20,297 - lg_cotrain - INFO - D_l1: 225, D_l2: 225, D_LG: 5928
2026-02-26 09:41:20,298 - lg_cotrain - INFO - === Phase 1: Weight Generation ===
2026-02-26 09:41:43,768 - lg_cotrain - INFO - Phase 1 epoch 1/7: mean_prob1=0.1141, mean_prob2=0.1251
2026-02-26 09:42:05,909 - lg_cotrain - INFO - Phase 1 epoch 2/7: mean_prob1=0.1193, mean_prob2=0.1380
2026-02-26 09:42:27,987 - lg_cotrain - INFO - Phase 1 epoch 3/7: mean_prob1=0.1316, mean_prob2=0.1463
2026-02-26 09:42:50,126 - lg_cotrain - INFO - Phase 1 epoch 4/7: mean_prob1=0.1624, mean_prob2=0.1509
2026-02-26 09:43:12,338 - lg_cotrain - INFO - Phase 1 epoch 5/7: mean_prob1=0.1666, mean_prob2=0.1540
2026-02-26 09:43:34,541 - lg_cotrain - INFO - Phase 1 epoch 6/7: mean_prob1=0.1937, mean_prob2=0.1735
2026-02-26 09:43:56,389 - lg_cotrain - INFO - Phase 1 epoch 7/7: mean_prob1=0.2165, mean_prob2=0.2013
2026-02-26 09:43:56,389 - lg_cotrain - INFO - === Phase 2: Co-Training ===
2026-02-26 09:43:57,388 - lg_cotrain - INFO - LR scheduler: total_steps_1=1702, warmup=510; total_steps_2=1702, warmup=510
2026-02-26 09:43:57,389 - lg_cotrain - INFO - Phase 1 done -> seeded Phase 2 trackers. lambda1: mean=0.2165, range=[0.0188, 0.4369]
2026-02-26 09:43:57,389 - lg_cotrain - INFO - Phase 1 done -> seeded Phase 2 trackers. lambda2: mean=0.2013, range=[0.0142, 0.5517]
2026-02-26 09:45:14,399 - lg_cotrain - INFO - Phase 2 epoch 1/14: loss1=0.4062, loss2=0.4102, dev_macro_f1=0.2135, dev_err=56.40%
2026-02-26 09:46:30,623 - lg_cotrain - INFO - Phase 2 epoch 2/14: loss1=0.1476, loss2=0.2967, dev_macro_f1=0.5310, dev_err=36.60%
2026-02-26 09:47:46,837 - lg_cotrain - INFO - Phase 2 epoch 3/14: loss1=0.0713, loss2=0.1690, dev_macro_f1=0.5517, dev_err=34.45%
2026-02-26 09:49:03,254 - lg_cotrain - INFO - Phase 2 epoch 4/14: loss1=0.0380, loss2=0.1282, dev_macro_f1=0.5642, dev_err=34.88%
2026-02-26 09:50:19,698 - lg_cotrain - INFO - Phase 2 epoch 5/14: loss1=0.0265, loss2=0.0997, dev_macro_f1=0.5878, dev_err=34.12%
2026-02-26 09:51:36,046 - lg_cotrain - INFO - Phase 2 epoch 6/14: loss1=0.0184, loss2=0.0900, dev_macro_f1=0.5709, dev_err=36.06%
2026-02-26 09:52:52,411 - lg_cotrain - INFO - Phase 2 epoch 7/14: loss1=0.0261, loss2=0.0759, dev_macro_f1=0.5827, dev_err=34.23%
2026-02-26 09:54:08,787 - lg_cotrain - INFO - Phase 2 epoch 8/14: loss1=0.0194, loss2=0.0496, dev_macro_f1=0.5950, dev_err=34.12%
2026-02-26 09:55:25,347 - lg_cotrain - INFO - Phase 2 epoch 9/14: loss1=0.0166, loss2=0.0417, dev_macro_f1=0.6176, dev_err=33.05%
2026-02-26 09:56:41,811 - lg_cotrain - INFO - Phase 2 epoch 10/14: loss1=0.0139, loss2=0.0253, dev_macro_f1=0.6019, dev_err=33.69%
2026-02-26 09:57:58,251 - lg_cotrain - INFO - Phase 2 epoch 11/14: loss1=0.0115, loss2=0.0139, dev_macro_f1=0.6076, dev_err=33.05%
2026-02-26 09:59:14,831 - lg_cotrain - INFO - Phase 2 epoch 12/14: loss1=0.0084, loss2=0.0097, dev_macro_f1=0.6047, dev_err=33.91%
2026-02-26 10:00:31,039 - lg_cotrain - INFO - Phase 2 epoch 13/14: loss1=0.0070, loss2=0.0097, dev_macro_f1=0.6156, dev_err=33.58%
2026-02-26 10:01:47,293 - lg_cotrain - INFO - Phase 2 epoch 14/14: loss1=0.0113, loss2=0.0064, dev_macro_f1=0.6334, dev_err=32.51%
2026-02-26 10:01:47,294 - lg_cotrain - INFO - === Phase 3: Fine-Tuning ===
2026-02-26 10:01:52,282 - lg_cotrain - INFO - Phase 3 epoch 1: dev_macro_f1=0.6382, dev_err=32.29%, es_counter1=0, es_counter2=0
2026-02-26 10:01:57,260 - lg_cotrain - INFO - Phase 3 epoch 2: dev_macro_f1=0.6224, dev_err=37.67%, es_counter1=1, es_counter2=1
2026-02-26 10:02:02,238 - lg_cotrain - INFO - Phase 3 epoch 3: dev_macro_f1=0.6508, dev_err=32.51%, es_counter1=0, es_counter2=0
2026-02-26 10:02:07,210 - lg_cotrain - INFO - Phase 3 epoch 4: dev_macro_f1=0.6470, dev_err=31.43%, es_counter1=1, es_counter2=1
2026-02-26 10:02:12,211 - lg_cotrain - INFO - Phase 3 epoch 5: dev_macro_f1=0.6630, dev_err=29.71%, es_counter1=0, es_counter2=0
2026-02-26 10:02:17,211 - lg_cotrain - INFO - Phase 3 epoch 6: dev_macro_f1=0.6656, dev_err=29.17%, es_counter1=0, es_counter2=0
2026-02-26 10:02:22,208 - lg_cotrain - INFO - Phase 3 epoch 7: dev_macro_f1=0.6658, dev_err=29.39%, es_counter1=0, es_counter2=0
2026-02-26 10:02:27,191 - lg_cotrain - INFO - Phase 3 epoch 8: dev_macro_f1=0.6587, dev_err=30.03%, es_counter1=1, es_counter2=1
2026-02-26 10:02:32,162 - lg_cotrain - INFO - Phase 3 epoch 9: dev_macro_f1=0.6576, dev_err=30.03%, es_counter1=2, es_counter2=2
2026-02-26 10:02:37,159 - lg_cotrain - INFO - Phase 3 epoch 10: dev_macro_f1=0.6603, dev_err=29.71%, es_counter1=3, es_counter2=3
2026-02-26 10:02:42,153 - lg_cotrain - INFO - Phase 3 epoch 11: dev_macro_f1=0.6589, dev_err=29.92%, es_counter1=4, es_counter2=4
2026-02-26 10:02:47,129 - lg_cotrain - INFO - Phase 3 epoch 12: dev_macro_f1=0.6601, dev_err=29.71%, es_counter1=5, es_counter2=5
2026-02-26 10:02:52,117 - lg_cotrain - INFO - Phase 3 epoch 13: dev_macro_f1=0.6611, dev_err=29.60%, es_counter1=6, es_counter2=6
2026-02-26 10:02:57,101 - lg_cotrain - INFO - Phase 3 epoch 14: dev_macro_f1=0.6589, dev_err=29.71%, es_counter1=7, es_counter2=7
2026-02-26 10:03:02,066 - lg_cotrain - INFO - Phase 3 epoch 15: dev_macro_f1=0.6601, dev_err=29.71%, es_counter1=8, es_counter2=8
2026-02-26 10:03:02,066 - lg_cotrain - INFO - Early stopping at epoch 15
2026-02-26 10:03:02,076 - lg_cotrain - INFO - === Final Evaluation ===
2026-02-26 10:03:10,743 - lg_cotrain - INFO - Results saved to C:\Users\anhtr\AppData\Local\Temp\tmp1u7cm37y\hurricane_harvey_2017\50_set1\metrics.json
2026-02-26 10:03:10,744 - lg_cotrain - INFO - Test error rate: 28.53%, Test macro-F1: 0.6635, Test ECE: 0.1199
2026-02-26 10:03:10,754 - lg_cotrain - INFO - --- Trial 3/10 done: dev_macro_f1=0.6658 ---
2026-02-26 10:03:10,754 - lg_cotrain - INFO - --- Trial 4/10 ---
2026-02-26 10:03:11,269 - lg_cotrain - INFO - Starting LG-CoTrain: event=hurricane_harvey_2017, budget=50, seed_set=1
2026-02-26 10:03:11,304 - lg_cotrain - INFO - Detected 9 classes for event hurricane_harvey_2017: ['caution_and_advice', 'displaced_people_and_evacuations', 'infrastructure_and_utility_damage', 'injured_or_dead_people', 'not_humanitarian', 'other_relevant_information', 'requests_or_urgent_needs', 'rescue_volunteering_or_donation_effort', 'sympathy_and_support']
2026-02-26 10:03:11,313 - lg_cotrain - INFO - D_l1: 225, D_l2: 225, D_LG: 5928
2026-02-26 10:03:11,314 - lg_cotrain - INFO - === Phase 1: Weight Generation ===
2026-02-26 10:03:35,394 - lg_cotrain - INFO - Phase 1 epoch 1/7: mean_prob1=0.1166, mean_prob2=0.1218
2026-02-26 10:03:58,608 - lg_cotrain - INFO - Phase 1 epoch 2/7: mean_prob1=0.1284, mean_prob2=0.1369
2026-02-26 10:04:21,823 - lg_cotrain - INFO - Phase 1 epoch 3/7: mean_prob1=0.1458, mean_prob2=0.1462
2026-02-26 10:04:45,075 - lg_cotrain - INFO - Phase 1 epoch 4/7: mean_prob1=0.1610, mean_prob2=0.1501
2026-02-26 10:05:08,308 - lg_cotrain - INFO - Phase 1 epoch 5/7: mean_prob1=0.1778, mean_prob2=0.1474
2026-02-26 10:05:31,486 - lg_cotrain - INFO - Phase 1 epoch 6/7: mean_prob1=0.1767, mean_prob2=0.1605
2026-02-26 10:05:54,684 - lg_cotrain - INFO - Phase 1 epoch 7/7: mean_prob1=0.2014, mean_prob2=0.1756
2026-02-26 10:05:54,684 - lg_cotrain - INFO - === Phase 2: Co-Training ===
2026-02-26 10:05:55,685 - lg_cotrain - INFO - LR scheduler: total_steps_1=4334, warmup=1285; total_steps_2=4334, warmup=1285
2026-02-26 10:05:55,685 - lg_cotrain - INFO - Phase 1 done -> seeded Phase 2 trackers. lambda1: mean=0.2014, range=[0.0159, 0.5092]
2026-02-26 10:05:55,685 - lg_cotrain - INFO - Phase 1 done -> seeded Phase 2 trackers. lambda2: mean=0.1756, range=[0.0109, 0.5609]
2026-02-26 10:07:19,106 - lg_cotrain - INFO - Phase 2 epoch 1/19: loss1=0.3503, loss2=0.3711, dev_macro_f1=0.1986, dev_err=58.45%
2026-02-26 10:08:42,555 - lg_cotrain - INFO - Phase 2 epoch 2/19: loss1=0.1295, loss2=0.2902, dev_macro_f1=0.5262, dev_err=37.03%
2026-02-26 10:10:06,055 - lg_cotrain - INFO - Phase 2 epoch 3/19: loss1=0.0652, loss2=0.1679, dev_macro_f1=0.5540, dev_err=34.66%
2026-02-26 10:11:29,678 - lg_cotrain - INFO - Phase 2 epoch 4/19: loss1=0.0365, loss2=0.1292, dev_macro_f1=0.5714, dev_err=35.31%
2026-02-26 10:12:53,512 - lg_cotrain - INFO - Phase 2 epoch 5/19: loss1=0.0270, loss2=0.1038, dev_macro_f1=0.5825, dev_err=34.77%
2026-02-26 10:14:17,227 - lg_cotrain - INFO - Phase 2 epoch 6/19: loss1=0.0226, loss2=0.0990, dev_macro_f1=0.5820, dev_err=33.37%
2026-02-26 10:15:42,324 - lg_cotrain - INFO - Phase 2 epoch 7/19: loss1=0.0229, loss2=0.0699, dev_macro_f1=0.5916, dev_err=34.55%
2026-02-26 10:17:06,387 - lg_cotrain - INFO - Phase 2 epoch 8/19: loss1=0.0253, loss2=0.0646, dev_macro_f1=0.6023, dev_err=33.91%
2026-02-26 10:18:30,830 - lg_cotrain - INFO - Phase 2 epoch 9/19: loss1=0.0140, loss2=0.0543, dev_macro_f1=0.6161, dev_err=32.40%
2026-02-26 10:19:56,771 - lg_cotrain - INFO - Phase 2 epoch 10/19: loss1=0.0209, loss2=0.0364, dev_macro_f1=0.5845, dev_err=35.09%
2026-02-26 10:21:23,337 - lg_cotrain - INFO - Phase 2 epoch 11/19: loss1=0.0108, loss2=0.0339, dev_macro_f1=0.5969, dev_err=34.02%
2026-02-26 10:22:49,350 - lg_cotrain - INFO - Phase 2 epoch 12/19: loss1=0.0096, loss2=0.0167, dev_macro_f1=0.5903, dev_err=34.45%
2026-02-26 10:24:13,444 - lg_cotrain - INFO - Phase 2 epoch 13/19: loss1=0.0069, loss2=0.0178, dev_macro_f1=0.5904, dev_err=34.77%
2026-02-26 10:25:37,512 - lg_cotrain - INFO - Phase 2 epoch 14/19: loss1=0.0101, loss2=0.0164, dev_macro_f1=0.6180, dev_err=33.05%
2026-02-26 10:27:01,923 - lg_cotrain - INFO - Phase 2 epoch 15/19: loss1=0.0073, loss2=0.0107, dev_macro_f1=0.6087, dev_err=33.48%
2026-02-26 10:28:27,710 - lg_cotrain - INFO - Phase 2 epoch 16/19: loss1=0.0071, loss2=0.0135, dev_macro_f1=0.6217, dev_err=32.40%
2026-02-26 10:29:53,163 - lg_cotrain - INFO - Phase 2 epoch 17/19: loss1=0.0059, loss2=0.0054, dev_macro_f1=0.6220, dev_err=32.29%
2026-02-26 10:31:17,600 - lg_cotrain - INFO - Phase 2 epoch 18/19: loss1=0.0051, loss2=0.0063, dev_macro_f1=0.6258, dev_err=32.19%
2026-02-26 10:32:42,339 - lg_cotrain - INFO - Phase 2 epoch 19/19: loss1=0.0038, loss2=0.0045, dev_macro_f1=0.6170, dev_err=32.94%
2026-02-26 10:32:42,339 - lg_cotrain - INFO - === Phase 3: Fine-Tuning ===
2026-02-26 10:32:47,822 - lg_cotrain - INFO - Phase 3 epoch 1: dev_macro_f1=0.6212, dev_err=35.09%, es_counter1=0, es_counter2=0
2026-02-26 10:32:53,615 - lg_cotrain - INFO - Phase 3 epoch 2: dev_macro_f1=0.6370, dev_err=34.55%, es_counter1=0, es_counter2=0
2026-02-26 10:32:59,286 - lg_cotrain - INFO - Phase 3 epoch 3: dev_macro_f1=0.6709, dev_err=30.14%, es_counter1=0, es_counter2=0
2026-02-26 10:33:04,722 - lg_cotrain - INFO - Phase 3 epoch 4: dev_macro_f1=0.6677, dev_err=30.03%, es_counter1=1, es_counter2=1
2026-02-26 10:33:10,176 - lg_cotrain - INFO - Phase 3 epoch 5: dev_macro_f1=0.6597, dev_err=31.00%, es_counter1=2, es_counter2=2
2026-02-26 10:33:15,630 - lg_cotrain - INFO - Phase 3 epoch 6: dev_macro_f1=0.6644, dev_err=30.46%, es_counter1=3, es_counter2=3
2026-02-26 10:33:21,100 - lg_cotrain - INFO - Phase 3 epoch 7: dev_macro_f1=0.6622, dev_err=30.68%, es_counter1=4, es_counter2=4
2026-02-26 10:33:26,690 - lg_cotrain - INFO - Phase 3 epoch 8: dev_macro_f1=0.6622, dev_err=30.36%, es_counter1=5, es_counter2=5
2026-02-26 10:33:32,360 - lg_cotrain - INFO - Phase 3 epoch 9: dev_macro_f1=0.6556, dev_err=31.00%, es_counter1=6, es_counter2=6
2026-02-26 10:33:37,909 - lg_cotrain - INFO - Phase 3 epoch 10: dev_macro_f1=0.6649, dev_err=30.25%, es_counter1=7, es_counter2=7
2026-02-26 10:33:43,394 - lg_cotrain - INFO - Phase 3 epoch 11: dev_macro_f1=0.6709, dev_err=29.49%, es_counter1=8, es_counter2=8
2026-02-26 10:33:48,860 - lg_cotrain - INFO - Phase 3 epoch 12: dev_macro_f1=0.6694, dev_err=29.71%, es_counter1=9, es_counter2=9
2026-02-26 10:33:48,860 - lg_cotrain - INFO - Early stopping at epoch 12
2026-02-26 10:33:48,869 - lg_cotrain - INFO - === Final Evaluation ===
2026-02-26 10:33:58,152 - lg_cotrain - INFO - Results saved to C:\Users\anhtr\AppData\Local\Temp\tmpu_7f21e2\hurricane_harvey_2017\50_set1\metrics.json
2026-02-26 10:33:58,152 - lg_cotrain - INFO - Test error rate: 30.25%, Test macro-F1: 0.6587, Test ECE: 0.1193
2026-02-26 10:33:58,161 - lg_cotrain - INFO - --- Trial 4/10 done: dev_macro_f1=0.6709 ---
2026-02-26 10:33:58,161 - lg_cotrain - INFO - --- Trial 5/10 ---
2026-02-26 10:33:58,675 - lg_cotrain - INFO - Starting LG-CoTrain: event=hurricane_harvey_2017, budget=50, seed_set=1
2026-02-26 10:33:58,725 - lg_cotrain - INFO - Detected 9 classes for event hurricane_harvey_2017: ['caution_and_advice', 'displaced_people_and_evacuations', 'infrastructure_and_utility_damage', 'injured_or_dead_people', 'not_humanitarian', 'other_relevant_information', 'requests_or_urgent_needs', 'rescue_volunteering_or_donation_effort', 'sympathy_and_support']
2026-02-26 10:33:58,737 - lg_cotrain - INFO - D_l1: 225, D_l2: 225, D_LG: 5928
2026-02-26 10:33:58,740 - lg_cotrain - INFO - === Phase 1: Weight Generation ===
2026-02-26 10:34:23,486 - lg_cotrain - INFO - Phase 1 epoch 1/7: mean_prob1=0.1029, mean_prob2=0.1256
2026-02-26 10:34:47,070 - lg_cotrain - INFO - Phase 1 epoch 2/7: mean_prob1=0.1445, mean_prob2=0.1410
2026-02-26 10:35:10,985 - lg_cotrain - INFO - Phase 1 epoch 3/7: mean_prob1=0.2014, mean_prob2=0.1673
2026-02-26 10:35:34,629 - lg_cotrain - INFO - Phase 1 epoch 4/7: mean_prob1=0.2708, mean_prob2=0.1949
2026-02-26 10:35:58,747 - lg_cotrain - INFO - Phase 1 epoch 5/7: mean_prob1=0.3703, mean_prob2=0.2836
2026-02-26 10:36:22,641 - lg_cotrain - INFO - Phase 1 epoch 6/7: mean_prob1=0.4852, mean_prob2=0.3508
2026-02-26 10:36:46,928 - lg_cotrain - INFO - Phase 1 epoch 7/7: mean_prob1=0.4658, mean_prob2=0.4296
2026-02-26 10:36:46,928 - lg_cotrain - INFO - === Phase 2: Co-Training ===
2026-02-26 10:36:47,959 - lg_cotrain - INFO - LR scheduler: total_steps_1=3962, warmup=317; total_steps_2=3962, warmup=317
2026-02-26 10:36:47,960 - lg_cotrain - INFO - Phase 1 done -> seeded Phase 2 trackers. lambda1: mean=0.4658, range=[0.0022, 0.9444]
2026-02-26 10:36:47,960 - lg_cotrain - INFO - Phase 1 done -> seeded Phase 2 trackers. lambda2: mean=0.4296, range=[0.0027, 0.9565]
2026-02-26 10:38:12,033 - lg_cotrain - INFO - Phase 2 epoch 1/17: loss1=0.4524, loss2=0.5187, dev_macro_f1=0.6189, dev_err=33.58%
2026-02-26 10:39:39,947 - lg_cotrain - INFO - Phase 2 epoch 2/17: loss1=0.0842, loss2=0.3104, dev_macro_f1=0.6261, dev_err=31.32%
2026-02-26 10:41:08,774 - lg_cotrain - INFO - Phase 2 epoch 3/17: loss1=0.0744, loss2=0.2331, dev_macro_f1=0.6438, dev_err=31.00%
2026-02-26 10:42:37,088 - lg_cotrain - INFO - Phase 2 epoch 4/17: loss1=0.0467, loss2=0.1552, dev_macro_f1=0.6376, dev_err=31.32%
2026-02-26 10:44:05,484 - lg_cotrain - INFO - Phase 2 epoch 5/17: loss1=0.0336, loss2=0.0911, dev_macro_f1=0.6445, dev_err=31.43%
2026-02-26 10:45:33,991 - lg_cotrain - INFO - Phase 2 epoch 6/17: loss1=0.0358, loss2=0.0905, dev_macro_f1=0.6269, dev_err=32.19%
2026-02-26 10:47:01,904 - lg_cotrain - INFO - Phase 2 epoch 7/17: loss1=0.0304, loss2=0.0897, dev_macro_f1=0.6262, dev_err=31.75%
2026-02-26 10:48:30,806 - lg_cotrain - INFO - Phase 2 epoch 8/17: loss1=0.0339, loss2=0.0489, dev_macro_f1=0.6204, dev_err=31.97%
2026-02-26 10:50:00,226 - lg_cotrain - INFO - Phase 2 epoch 9/17: loss1=0.0407, loss2=0.0537, dev_macro_f1=0.6264, dev_err=32.19%
2026-02-26 10:51:28,724 - lg_cotrain - INFO - Phase 2 epoch 10/17: loss1=0.0259, loss2=0.0414, dev_macro_f1=0.6151, dev_err=33.05%
2026-02-26 10:52:56,599 - lg_cotrain - INFO - Phase 2 epoch 11/17: loss1=0.0213, loss2=0.0304, dev_macro_f1=0.6352, dev_err=31.65%
2026-02-26 10:54:22,847 - lg_cotrain - INFO - Phase 2 epoch 12/17: loss1=0.0175, loss2=0.0213, dev_macro_f1=0.6246, dev_err=32.40%
2026-02-26 10:55:47,858 - lg_cotrain - INFO - Phase 2 epoch 13/17: loss1=0.0149, loss2=0.0205, dev_macro_f1=0.6298, dev_err=32.08%
2026-02-26 10:57:12,596 - lg_cotrain - INFO - Phase 2 epoch 14/17: loss1=0.0183, loss2=0.0063, dev_macro_f1=0.6383, dev_err=32.19%
2026-02-26 10:58:37,298 - lg_cotrain - INFO - Phase 2 epoch 15/17: loss1=0.0099, loss2=0.0151, dev_macro_f1=0.6284, dev_err=32.72%
2026-02-26 11:00:03,174 - lg_cotrain - INFO - Phase 2 epoch 16/17: loss1=0.0059, loss2=0.0054, dev_macro_f1=0.6297, dev_err=33.05%
2026-02-26 11:01:31,633 - lg_cotrain - INFO - Phase 2 epoch 17/17: loss1=0.0059, loss2=0.0038, dev_macro_f1=0.6256, dev_err=33.05%
2026-02-26 11:01:31,633 - lg_cotrain - INFO - === Phase 3: Fine-Tuning ===
2026-02-26 11:01:37,494 - lg_cotrain - INFO - Phase 3 epoch 1: dev_macro_f1=0.6120, dev_err=39.40%, es_counter1=0, es_counter2=0
2026-02-26 11:01:43,242 - lg_cotrain - INFO - Phase 3 epoch 2: dev_macro_f1=0.5729, dev_err=48.33%, es_counter1=1, es_counter2=1
2026-02-26 11:01:49,071 - lg_cotrain - INFO - Phase 3 epoch 3: dev_macro_f1=0.6625, dev_err=31.43%, es_counter1=0, es_counter2=0
2026-02-26 11:01:55,026 - lg_cotrain - INFO - Phase 3 epoch 4: dev_macro_f1=0.6660, dev_err=30.89%, es_counter1=0, es_counter2=0
2026-02-26 11:02:00,839 - lg_cotrain - INFO - Phase 3 epoch 5: dev_macro_f1=0.6698, dev_err=30.57%, es_counter1=0, es_counter2=0
2026-02-26 11:02:06,402 - lg_cotrain - INFO - Phase 3 epoch 6: dev_macro_f1=0.6595, dev_err=31.43%, es_counter1=1, es_counter2=1
2026-02-26 11:02:11,994 - lg_cotrain - INFO - Phase 3 epoch 7: dev_macro_f1=0.6608, dev_err=31.32%, es_counter1=2, es_counter2=2
2026-02-26 11:02:17,565 - lg_cotrain - INFO - Phase 3 epoch 8: dev_macro_f1=0.6572, dev_err=31.11%, es_counter1=3, es_counter2=3
2026-02-26 11:02:23,135 - lg_cotrain - INFO - Phase 3 epoch 9: dev_macro_f1=0.6539, dev_err=31.00%, es_counter1=4, es_counter2=4
2026-02-26 11:02:28,703 - lg_cotrain - INFO - Phase 3 epoch 10: dev_macro_f1=0.6464, dev_err=31.75%, es_counter1=5, es_counter2=5
2026-02-26 11:02:34,272 - lg_cotrain - INFO - Phase 3 epoch 11: dev_macro_f1=0.6524, dev_err=31.32%, es_counter1=6, es_counter2=6
2026-02-26 11:02:39,843 - lg_cotrain - INFO - Phase 3 epoch 12: dev_macro_f1=0.6534, dev_err=31.22%, es_counter1=7, es_counter2=7
2026-02-26 11:02:45,423 - lg_cotrain - INFO - Phase 3 epoch 13: dev_macro_f1=0.6549, dev_err=31.11%, es_counter1=8, es_counter2=8
2026-02-26 11:02:45,424 - lg_cotrain - INFO - Early stopping at epoch 13
2026-02-26 11:02:45,433 - lg_cotrain - INFO - === Final Evaluation ===
2026-02-26 11:02:54,909 - lg_cotrain - INFO - Results saved to C:\Users\anhtr\AppData\Local\Temp\tmpjtyicgh6\hurricane_harvey_2017\50_set1\metrics.json
2026-02-26 11:02:54,909 - lg_cotrain - INFO - Test error rate: 30.58%, Test macro-F1: 0.6591, Test ECE: 0.0962
2026-02-26 11:02:54,922 - lg_cotrain - INFO - --- Trial 5/10 done: dev_macro_f1=0.6698 ---
2026-02-26 11:02:54,922 - lg_cotrain - INFO - --- Trial 6/10 ---
2026-02-26 11:02:55,426 - lg_cotrain - INFO - Starting LG-CoTrain: event=hurricane_harvey_2017, budget=50, seed_set=1
2026-02-26 11:02:55,463 - lg_cotrain - INFO - Detected 9 classes for event hurricane_harvey_2017: ['caution_and_advice', 'displaced_people_and_evacuations', 'infrastructure_and_utility_damage', 'injured_or_dead_people', 'not_humanitarian', 'other_relevant_information', 'requests_or_urgent_needs', 'rescue_volunteering_or_donation_effort', 'sympathy_and_support']
2026-02-26 11:02:55,471 - lg_cotrain - INFO - D_l1: 225, D_l2: 225, D_LG: 5928
2026-02-26 11:02:55,472 - lg_cotrain - INFO - === Phase 1: Weight Generation ===
2026-02-26 11:03:21,677 - lg_cotrain - INFO - Phase 1 epoch 1/7: mean_prob1=0.1072, mean_prob2=0.1322
2026-02-26 11:03:46,491 - lg_cotrain - INFO - Phase 1 epoch 2/7: mean_prob1=0.1127, mean_prob2=0.1053
2026-02-26 11:04:11,253 - lg_cotrain - INFO - Phase 1 epoch 3/7: mean_prob1=0.1188, mean_prob2=0.1166
2026-02-26 11:04:36,091 - lg_cotrain - INFO - Phase 1 epoch 4/7: mean_prob1=0.1240, mean_prob2=0.1040
2026-02-26 11:05:00,749 - lg_cotrain - INFO - Phase 1 epoch 5/7: mean_prob1=0.1081, mean_prob2=0.1150
2026-02-26 11:05:25,271 - lg_cotrain - INFO - Phase 1 epoch 6/7: mean_prob1=0.1130, mean_prob2=0.1123
2026-02-26 11:05:49,876 - lg_cotrain - INFO - Phase 1 epoch 7/7: mean_prob1=0.1181, mean_prob2=0.1081
2026-02-26 11:05:49,877 - lg_cotrain - INFO - === Phase 2: Co-Training ===
2026-02-26 11:05:50,929 - lg_cotrain - INFO - LR scheduler: total_steps_1=4839, warmup=1000; total_steps_2=4839, warmup=1000
2026-02-26 11:05:50,930 - lg_cotrain - INFO - Phase 1 done -> seeded Phase 2 trackers. lambda1: mean=0.1181, range=[0.0845, 0.1478]
2026-02-26 11:05:50,930 - lg_cotrain - INFO - Phase 1 done -> seeded Phase 2 trackers. lambda2: mean=0.1081, range=[0.0866, 0.1668]
2026-02-26 11:07:23,866 - lg_cotrain - INFO - Phase 2 epoch 1/9: loss1=0.1298, loss2=0.1333, dev_macro_f1=0.6229, dev_err=34.23%
2026-02-26 11:08:56,912 - lg_cotrain - INFO - Phase 2 epoch 2/9: loss1=0.0656, loss2=0.5317, dev_macro_f1=0.5838, dev_err=34.02%
2026-02-26 11:10:29,806 - lg_cotrain - INFO - Phase 2 epoch 3/9: loss1=0.3066, loss2=1.2682, dev_macro_f1=0.0526, dev_err=69.00%
2026-02-26 11:12:02,705 - lg_cotrain - INFO - Phase 2 epoch 4/9: loss1=0.1747, loss2=1.4503, dev_macro_f1=0.0526, dev_err=69.00%
2026-02-26 11:13:35,487 - lg_cotrain - INFO - Phase 2 epoch 5/9: loss1=0.0832, loss2=1.3212, dev_macro_f1=0.0526, dev_err=69.00%
2026-02-26 11:15:08,230 - lg_cotrain - INFO - Phase 2 epoch 6/9: loss1=0.0510, loss2=1.2297, dev_macro_f1=0.0526, dev_err=69.00%
2026-02-26 11:16:40,972 - lg_cotrain - INFO - Phase 2 epoch 7/9: loss1=0.0364, loss2=1.1586, dev_macro_f1=0.0526, dev_err=69.00%
2026-02-26 11:18:13,534 - lg_cotrain - INFO - Phase 2 epoch 8/9: loss1=0.0339, loss2=1.0996, dev_macro_f1=0.0526, dev_err=69.00%
2026-02-26 11:19:45,860 - lg_cotrain - INFO - Phase 2 epoch 9/9: loss1=0.0323, loss2=1.0498, dev_macro_f1=0.0526, dev_err=69.00%
2026-02-26 11:19:45,860 - lg_cotrain - INFO - === Phase 3: Fine-Tuning ===
2026-02-26 11:19:51,751 - lg_cotrain - INFO - Phase 3 epoch 1: dev_macro_f1=0.0145, dev_err=93.00%, es_counter1=0, es_counter2=0
2026-02-26 11:19:57,613 - lg_cotrain - INFO - Phase 3 epoch 2: dev_macro_f1=0.0078, dev_err=96.34%, es_counter1=1, es_counter2=1
2026-02-26 11:20:03,474 - lg_cotrain - INFO - Phase 3 epoch 3: dev_macro_f1=0.0096, dev_err=95.48%, es_counter1=2, es_counter2=2
2026-02-26 11:20:09,337 - lg_cotrain - INFO - Phase 3 epoch 4: dev_macro_f1=0.0124, dev_err=94.08%, es_counter1=3, es_counter2=3
2026-02-26 11:20:15,229 - lg_cotrain - INFO - Phase 3 epoch 5: dev_macro_f1=0.0156, dev_err=92.47%, es_counter1=0, es_counter2=0
2026-02-26 11:20:21,108 - lg_cotrain - INFO - Phase 3 epoch 6: dev_macro_f1=0.0156, dev_err=92.47%, es_counter1=1, es_counter2=1
2026-02-26 11:20:26,967 - lg_cotrain - INFO - Phase 3 epoch 7: dev_macro_f1=0.0145, dev_err=93.00%, es_counter1=2, es_counter2=2
2026-02-26 11:20:32,858 - lg_cotrain - INFO - Phase 3 epoch 8: dev_macro_f1=0.0526, dev_err=69.00%, es_counter1=0, es_counter2=0
2026-02-26 11:20:38,716 - lg_cotrain - INFO - Phase 3 epoch 9: dev_macro_f1=0.0078, dev_err=96.34%, es_counter1=1, es_counter2=1
2026-02-26 11:20:44,584 - lg_cotrain - INFO - Phase 3 epoch 10: dev_macro_f1=0.0078, dev_err=96.34%, es_counter1=2, es_counter2=2
2026-02-26 11:20:50,450 - lg_cotrain - INFO - Phase 3 epoch 11: dev_macro_f1=0.0361, dev_err=80.62%, es_counter1=3, es_counter2=3
2026-02-26 11:20:56,302 - lg_cotrain - INFO - Phase 3 epoch 12: dev_macro_f1=0.0096, dev_err=95.48%, es_counter1=4, es_counter2=4
2026-02-26 11:21:02,156 - lg_cotrain - INFO - Phase 3 epoch 13: dev_macro_f1=0.0158, dev_err=92.36%, es_counter1=5, es_counter2=5
2026-02-26 11:21:08,023 - lg_cotrain - INFO - Phase 3 epoch 14: dev_macro_f1=0.0156, dev_err=92.47%, es_counter1=6, es_counter2=6
2026-02-26 11:21:08,024 - lg_cotrain - INFO - Early stopping at epoch 14
2026-02-26 11:21:08,036 - lg_cotrain - INFO - === Final Evaluation ===
2026-02-26 11:21:17,615 - lg_cotrain - INFO - Results saved to C:\Users\anhtr\AppData\Local\Temp\tmpohvz333v\hurricane_harvey_2017\50_set1\metrics.json
2026-02-26 11:21:17,615 - lg_cotrain - INFO - Test error rate: 69.03%, Test macro-F1: 0.0525, Test ECE: 0.1854
2026-02-26 11:21:17,628 - lg_cotrain - INFO - --- Trial 6/10 done: dev_macro_f1=0.0526 ---
2026-02-26 11:21:17,628 - lg_cotrain - INFO - --- Trial 7/10 ---
2026-02-26 11:21:18,150 - lg_cotrain - INFO - Starting LG-CoTrain: event=hurricane_harvey_2017, budget=50, seed_set=1
2026-02-26 11:21:18,199 - lg_cotrain - INFO - Detected 9 classes for event hurricane_harvey_2017: ['caution_and_advice', 'displaced_people_and_evacuations', 'infrastructure_and_utility_damage', 'injured_or_dead_people', 'not_humanitarian', 'other_relevant_information', 'requests_or_urgent_needs', 'rescue_volunteering_or_donation_effort', 'sympathy_and_support']
2026-02-26 11:21:18,210 - lg_cotrain - INFO - D_l1: 225, D_l2: 225, D_LG: 5928
2026-02-26 11:21:18,211 - lg_cotrain - INFO - === Phase 1: Weight Generation ===
2026-02-26 11:21:41,257 - lg_cotrain - INFO - Phase 1 epoch 1/7: mean_prob1=0.1204, mean_prob2=0.1254
2026-02-26 11:22:03,257 - lg_cotrain - INFO - Phase 1 epoch 2/7: mean_prob1=0.1142, mean_prob2=0.1346
2026-02-26 11:22:25,232 - lg_cotrain - INFO - Phase 1 epoch 3/7: mean_prob1=0.1232, mean_prob2=0.1410
2026-02-26 11:22:47,268 - lg_cotrain - INFO - Phase 1 epoch 4/7: mean_prob1=0.1339, mean_prob2=0.1433
2026-02-26 11:23:09,325 - lg_cotrain - INFO - Phase 1 epoch 5/7: mean_prob1=0.1463, mean_prob2=0.1478
2026-02-26 11:23:31,364 - lg_cotrain - INFO - Phase 1 epoch 6/7: mean_prob1=0.1585, mean_prob2=0.1487
2026-02-26 11:23:53,452 - lg_cotrain - INFO - Phase 1 epoch 7/7: mean_prob1=0.1633, mean_prob2=0.1517
2026-02-26 11:23:53,452 - lg_cotrain - INFO - === Phase 2: Co-Training ===
2026-02-26 11:23:54,475 - lg_cotrain - INFO - LR scheduler: total_steps_1=1888, warmup=378; total_steps_2=1888, warmup=378
2026-02-26 11:23:54,476 - lg_cotrain - INFO - Phase 1 done -> seeded Phase 2 trackers. lambda1: mean=0.1633, range=[0.0293, 0.3503]
2026-02-26 11:23:54,476 - lg_cotrain - INFO - Phase 1 done -> seeded Phase 2 trackers. lambda2: mean=0.1517, range=[0.0140, 0.4124]
2026-02-26 11:25:11,440 - lg_cotrain - INFO - Phase 2 epoch 1/16: loss1=0.3134, loss2=0.3198, dev_macro_f1=0.1881, dev_err=58.56%
2026-02-26 11:26:30,490 - lg_cotrain - INFO - Phase 2 epoch 2/16: loss1=0.1461, loss2=0.2773, dev_macro_f1=0.5174, dev_err=38.00%
2026-02-26 11:27:47,952 - lg_cotrain - INFO - Phase 2 epoch 3/16: loss1=0.0730, loss2=0.1725, dev_macro_f1=0.5556, dev_err=33.91%
2026-02-26 11:29:05,097 - lg_cotrain - INFO - Phase 2 epoch 4/16: loss1=0.0373, loss2=0.1250, dev_macro_f1=0.5505, dev_err=35.41%
2026-02-26 11:30:22,964 - lg_cotrain - INFO - Phase 2 epoch 5/16: loss1=0.0248, loss2=0.0984, dev_macro_f1=0.5790, dev_err=35.52%
2026-02-26 11:31:41,087 - lg_cotrain - INFO - Phase 2 epoch 6/16: loss1=0.0153, loss2=0.0771, dev_macro_f1=0.5844, dev_err=35.20%
2026-02-26 11:32:58,804 - lg_cotrain - INFO - Phase 2 epoch 7/16: loss1=0.0143, loss2=0.0613, dev_macro_f1=0.5723, dev_err=35.74%
2026-02-26 11:34:16,590 - lg_cotrain - INFO - Phase 2 epoch 8/16: loss1=0.0157, loss2=0.0403, dev_macro_f1=0.5860, dev_err=34.98%
2026-02-26 11:35:33,938 - lg_cotrain - INFO - Phase 2 epoch 9/16: loss1=0.0129, loss2=0.0264, dev_macro_f1=0.6064, dev_err=33.15%
2026-02-26 11:36:51,627 - lg_cotrain - INFO - Phase 2 epoch 10/16: loss1=0.0104, loss2=0.0195, dev_macro_f1=0.5955, dev_err=34.02%
2026-02-26 11:38:11,350 - lg_cotrain - INFO - Phase 2 epoch 11/16: loss1=0.0121, loss2=0.0171, dev_macro_f1=0.6017, dev_err=33.69%
2026-02-26 11:39:31,666 - lg_cotrain - INFO - Phase 2 epoch 12/16: loss1=0.0101, loss2=0.0155, dev_macro_f1=0.6131, dev_err=33.26%
2026-02-26 11:40:52,801 - lg_cotrain - INFO - Phase 2 epoch 13/16: loss1=0.0071, loss2=0.0116, dev_macro_f1=0.6278, dev_err=31.86%
2026-02-26 11:42:14,839 - lg_cotrain - INFO - Phase 2 epoch 14/16: loss1=0.0071, loss2=0.0080, dev_macro_f1=0.6153, dev_err=32.83%
2026-02-26 11:43:36,505 - lg_cotrain - INFO - Phase 2 epoch 15/16: loss1=0.0058, loss2=0.0076, dev_macro_f1=0.6079, dev_err=33.58%
2026-02-26 11:44:56,747 - lg_cotrain - INFO - Phase 2 epoch 16/16: loss1=0.0069, loss2=0.0063, dev_macro_f1=0.6198, dev_err=32.94%
2026-02-26 11:44:56,747 - lg_cotrain - INFO - === Phase 3: Fine-Tuning ===
2026-02-26 11:45:02,017 - lg_cotrain - INFO - Phase 3 epoch 1: dev_macro_f1=0.6320, dev_err=33.05%, es_counter1=0, es_counter2=0
2026-02-26 11:45:07,256 - lg_cotrain - INFO - Phase 3 epoch 2: dev_macro_f1=0.6420, dev_err=34.55%, es_counter1=0, es_counter2=0
2026-02-26 11:45:12,525 - lg_cotrain - INFO - Phase 3 epoch 3: dev_macro_f1=0.6447, dev_err=33.91%, es_counter1=0, es_counter2=0
2026-02-26 11:45:17,950 - lg_cotrain - INFO - Phase 3 epoch 4: dev_macro_f1=0.6456, dev_err=32.94%, es_counter1=0, es_counter2=0
2026-02-26 11:45:23,190 - lg_cotrain - INFO - Phase 3 epoch 5: dev_macro_f1=0.6525, dev_err=31.75%, es_counter1=0, es_counter2=0
2026-02-26 11:45:28,710 - lg_cotrain - INFO - Phase 3 epoch 6: dev_macro_f1=0.6578, dev_err=30.68%, es_counter1=0, es_counter2=0
2026-02-26 11:45:34,012 - lg_cotrain - INFO - Phase 3 epoch 7: dev_macro_f1=0.6630, dev_err=30.25%, es_counter1=0, es_counter2=0
2026-02-26 11:45:39,431 - lg_cotrain - INFO - Phase 3 epoch 8: dev_macro_f1=0.6664, dev_err=30.03%, es_counter1=0, es_counter2=0
2026-02-26 11:45:44,594 - lg_cotrain - INFO - Phase 3 epoch 9: dev_macro_f1=0.6634, dev_err=30.14%, es_counter1=1, es_counter2=1
2026-02-26 11:45:49,758 - lg_cotrain - INFO - Phase 3 epoch 10: dev_macro_f1=0.6611, dev_err=30.03%, es_counter1=2, es_counter2=2
2026-02-26 11:45:54,951 - lg_cotrain - INFO - Phase 3 epoch 11: dev_macro_f1=0.6653, dev_err=29.60%, es_counter1=3, es_counter2=3
2026-02-26 11:46:00,119 - lg_cotrain - INFO - Phase 3 epoch 12: dev_macro_f1=0.6623, dev_err=29.71%, es_counter1=4, es_counter2=4
2026-02-26 11:46:00,119 - lg_cotrain - INFO - Early stopping at epoch 12
2026-02-26 11:46:00,134 - lg_cotrain - INFO - === Final Evaluation ===
2026-02-26 11:46:09,070 - lg_cotrain - INFO - Results saved to C:\Users\anhtr\AppData\Local\Temp\tmpzfherug4\hurricane_harvey_2017\50_set1\metrics.json
2026-02-26 11:46:09,071 - lg_cotrain - INFO - Test error rate: 29.92%, Test macro-F1: 0.6592, Test ECE: 0.1342
2026-02-26 11:46:09,080 - lg_cotrain - INFO - --- Trial 7/10 done: dev_macro_f1=0.6664 ---
2026-02-26 11:46:09,080 - lg_cotrain - INFO - --- Trial 8/10 ---
2026-02-26 11:46:09,611 - lg_cotrain - INFO - Starting LG-CoTrain: event=hurricane_harvey_2017, budget=50, seed_set=1
2026-02-26 11:46:09,658 - lg_cotrain - INFO - Detected 9 classes for event hurricane_harvey_2017: ['caution_and_advice', 'displaced_people_and_evacuations', 'infrastructure_and_utility_damage', 'injured_or_dead_people', 'not_humanitarian', 'other_relevant_information', 'requests_or_urgent_needs', 'rescue_volunteering_or_donation_effort', 'sympathy_and_support']
2026-02-26 11:46:09,669 - lg_cotrain - INFO - D_l1: 225, D_l2: 225, D_LG: 5928
2026-02-26 11:46:09,673 - lg_cotrain - INFO - === Phase 1: Weight Generation ===
2026-02-26 11:46:38,872 - lg_cotrain - INFO - Phase 1 epoch 1/7: mean_prob1=0.1132, mean_prob2=0.1318
2026-02-26 11:47:06,785 - lg_cotrain - INFO - Phase 1 epoch 2/7: mean_prob1=0.1195, mean_prob2=0.1400
2026-02-26 11:47:34,362 - lg_cotrain - INFO - Phase 1 epoch 3/7: mean_prob1=0.1327, mean_prob2=0.1539
2026-02-26 11:48:01,875 - lg_cotrain - INFO - Phase 1 epoch 4/7: mean_prob1=0.1463, mean_prob2=0.1581
2026-02-26 11:48:29,531 - lg_cotrain - INFO - Phase 1 epoch 5/7: mean_prob1=0.1700, mean_prob2=0.1775
2026-02-26 11:48:57,136 - lg_cotrain - INFO - Phase 1 epoch 6/7: mean_prob1=0.1866, mean_prob2=0.1955
2026-02-26 11:49:24,902 - lg_cotrain - INFO - Phase 1 epoch 7/7: mean_prob1=0.2240, mean_prob2=0.2086
2026-02-26 11:49:24,903 - lg_cotrain - INFO - === Phase 2: Co-Training ===
2026-02-26 11:49:25,938 - lg_cotrain - INFO - LR scheduler: total_steps_1=7346, warmup=698; total_steps_2=7346, warmup=698
2026-02-26 11:49:25,939 - lg_cotrain - INFO - Phase 1 done -> seeded Phase 2 trackers. lambda1: mean=0.2240, range=[0.0242, 0.4902]
2026-02-26 11:49:25,939 - lg_cotrain - INFO - Phase 1 done -> seeded Phase 2 trackers. lambda2: mean=0.2086, range=[0.0114, 0.6272]
2026-02-26 11:51:16,604 - lg_cotrain - INFO - Phase 2 epoch 1/6: loss1=0.3012, loss2=0.3080, dev_macro_f1=0.5725, dev_err=36.06%
2026-02-26 11:53:07,439 - lg_cotrain - INFO - Phase 2 epoch 2/6: loss1=0.0715, loss2=0.1863, dev_macro_f1=0.6067, dev_err=32.72%
2026-02-26 11:54:58,921 - lg_cotrain - INFO - Phase 2 epoch 3/6: loss1=0.0364, loss2=0.1315, dev_macro_f1=0.6006, dev_err=34.23%
2026-02-26 11:56:55,329 - lg_cotrain - INFO - Phase 2 epoch 4/6: loss1=0.0248, loss2=0.0934, dev_macro_f1=0.6042, dev_err=33.26%
2026-02-26 11:58:48,255 - lg_cotrain - INFO - Phase 2 epoch 5/6: loss1=0.0192, loss2=0.0625, dev_macro_f1=0.6197, dev_err=33.05%
2026-02-26 12:00:39,908 - lg_cotrain - INFO - Phase 2 epoch 6/6: loss1=0.0146, loss2=0.0384, dev_macro_f1=0.6241, dev_err=32.08%
2026-02-26 12:00:39,909 - lg_cotrain - INFO - === Phase 3: Fine-Tuning ===
2026-02-26 12:00:46,843 - lg_cotrain - INFO - Phase 3 epoch 1: dev_macro_f1=0.6473, dev_err=33.05%, es_counter1=0, es_counter2=0
2026-02-26 12:00:53,774 - lg_cotrain - INFO - Phase 3 epoch 2: dev_macro_f1=0.6767, dev_err=29.06%, es_counter1=0, es_counter2=0
2026-02-26 12:01:00,861 - lg_cotrain - INFO - Phase 3 epoch 3: dev_macro_f1=0.6681, dev_err=29.71%, es_counter1=1, es_counter2=1
2026-02-26 12:01:07,951 - lg_cotrain - INFO - Phase 3 epoch 4: dev_macro_f1=0.6621, dev_err=30.68%, es_counter1=2, es_counter2=2
2026-02-26 12:01:15,039 - lg_cotrain - INFO - Phase 3 epoch 5: dev_macro_f1=0.6656, dev_err=30.25%, es_counter1=3, es_counter2=3
2026-02-26 12:01:22,098 - lg_cotrain - INFO - Phase 3 epoch 6: dev_macro_f1=0.6681, dev_err=29.71%, es_counter1=4, es_counter2=4
2026-02-26 12:01:29,202 - lg_cotrain - INFO - Phase 3 epoch 7: dev_macro_f1=0.6720, dev_err=29.39%, es_counter1=5, es_counter2=5
2026-02-26 12:01:36,304 - lg_cotrain - INFO - Phase 3 epoch 8: dev_macro_f1=0.6675, dev_err=29.82%, es_counter1=6, es_counter2=6
2026-02-26 12:01:43,397 - lg_cotrain - INFO - Phase 3 epoch 9: dev_macro_f1=0.6677, dev_err=29.49%, es_counter1=7, es_counter2=7
2026-02-26 12:01:50,464 - lg_cotrain - INFO - Phase 3 epoch 10: dev_macro_f1=0.6614, dev_err=30.03%, es_counter1=8, es_counter2=8
2026-02-26 12:01:57,572 - lg_cotrain - INFO - Phase 3 epoch 11: dev_macro_f1=0.6633, dev_err=30.03%, es_counter1=9, es_counter2=9
2026-02-26 12:02:04,467 - lg_cotrain - INFO - Phase 3 epoch 12: dev_macro_f1=0.6631, dev_err=30.14%, es_counter1=10, es_counter2=10
2026-02-26 12:02:04,469 - lg_cotrain - INFO - Early stopping at epoch 12
2026-02-26 12:02:04,483 - lg_cotrain - INFO - === Final Evaluation ===
2026-02-26 12:02:15,349 - lg_cotrain - INFO - Results saved to C:\Users\anhtr\AppData\Local\Temp\tmpynxur4rs\hurricane_harvey_2017\50_set1\metrics.json
2026-02-26 12:02:15,349 - lg_cotrain - INFO - Test error rate: 28.09%, Test macro-F1: 0.6770, Test ECE: 0.1143
2026-02-26 12:02:15,360 - lg_cotrain - INFO - --- Trial 8/10 done: dev_macro_f1=0.6767 ---
2026-02-26 12:02:15,361 - lg_cotrain - INFO - --- Trial 9/10 ---
2026-02-26 12:02:15,851 - lg_cotrain - INFO - Starting LG-CoTrain: event=hurricane_harvey_2017, budget=50, seed_set=1
2026-02-26 12:02:15,890 - lg_cotrain - INFO - Detected 9 classes for event hurricane_harvey_2017: ['caution_and_advice', 'displaced_people_and_evacuations', 'infrastructure_and_utility_damage', 'injured_or_dead_people', 'not_humanitarian', 'other_relevant_information', 'requests_or_urgent_needs', 'rescue_volunteering_or_donation_effort', 'sympathy_and_support']
2026-02-26 12:02:15,898 - lg_cotrain - INFO - D_l1: 225, D_l2: 225, D_LG: 5928
2026-02-26 12:02:15,901 - lg_cotrain - INFO - === Phase 1: Weight Generation ===
2026-02-26 12:02:40,494 - lg_cotrain - INFO - Phase 1 epoch 1/7: mean_prob1=0.1088, mean_prob2=0.1132
2026-02-26 12:03:04,263 - lg_cotrain - INFO - Phase 1 epoch 2/7: mean_prob1=0.1203, mean_prob2=0.1247
2026-02-26 12:03:28,011 - lg_cotrain - INFO - Phase 1 epoch 3/7: mean_prob1=0.1175, mean_prob2=0.1381
2026-02-26 12:03:51,621 - lg_cotrain - INFO - Phase 1 epoch 4/7: mean_prob1=0.1115, mean_prob2=0.1664
2026-02-26 12:04:15,302 - lg_cotrain - INFO - Phase 1 epoch 5/7: mean_prob1=0.1087, mean_prob2=0.1525
2026-02-26 12:04:38,971 - lg_cotrain - INFO - Phase 1 epoch 6/7: mean_prob1=0.1075, mean_prob2=0.1530
2026-02-26 12:05:03,099 - lg_cotrain - INFO - Phase 1 epoch 7/7: mean_prob1=0.1301, mean_prob2=0.1491
2026-02-26 12:05:03,099 - lg_cotrain - INFO - === Phase 2: Co-Training ===
2026-02-26 12:05:04,165 - lg_cotrain - INFO - LR scheduler: total_steps_1=3218, warmup=453; total_steps_2=3218, warmup=453
2026-02-26 12:05:04,165 - lg_cotrain - INFO - Phase 1 done -> seeded Phase 2 trackers. lambda1: mean=0.1301, range=[0.0766, 0.1988]
2026-02-26 12:05:04,165 - lg_cotrain - INFO - Phase 1 done -> seeded Phase 2 trackers. lambda2: mean=0.1491, range=[0.0055, 0.7004]
2026-02-26 12:06:32,079 - lg_cotrain - INFO - Phase 2 epoch 1/13: loss1=0.1814, loss2=0.1495, dev_macro_f1=0.6330, dev_err=32.19%
2026-02-26 12:08:00,155 - lg_cotrain - INFO - Phase 2 epoch 2/13: loss1=0.0645, loss2=0.3306, dev_macro_f1=0.6051, dev_err=33.69%
2026-02-26 12:09:28,148 - lg_cotrain - INFO - Phase 2 epoch 3/13: loss1=0.0890, loss2=0.4229, dev_macro_f1=0.5735, dev_err=36.49%
2026-02-26 12:10:57,013 - lg_cotrain - INFO - Phase 2 epoch 4/13: loss1=0.0369, loss2=0.9096, dev_macro_f1=0.5609, dev_err=34.88%
2026-02-26 12:12:23,333 - lg_cotrain - INFO - Phase 2 epoch 5/13: loss1=0.0178, loss2=1.3595, dev_macro_f1=0.5720, dev_err=36.28%
2026-02-26 12:13:48,032 - lg_cotrain - INFO - Phase 2 epoch 6/13: loss1=0.0069, loss2=1.7752, dev_macro_f1=0.5480, dev_err=35.63%
2026-02-26 12:15:12,730 - lg_cotrain - INFO - Phase 2 epoch 7/13: loss1=0.0039, loss2=1.8284, dev_macro_f1=0.5415, dev_err=36.49%
2026-02-26 12:16:38,281 - lg_cotrain - INFO - Phase 2 epoch 8/13: loss1=0.0033, loss2=1.8463, dev_macro_f1=0.5481, dev_err=36.06%
2026-02-26 12:18:02,908 - lg_cotrain - INFO - Phase 2 epoch 9/13: loss1=0.0018, loss2=1.8724, dev_macro_f1=0.5405, dev_err=36.17%
2026-02-26 12:19:27,271 - lg_cotrain - INFO - Phase 2 epoch 10/13: loss1=0.0016, loss2=1.8820, dev_macro_f1=0.5358, dev_err=37.03%
2026-02-26 12:20:51,763 - lg_cotrain - INFO - Phase 2 epoch 11/13: loss1=0.0012, loss2=1.9003, dev_macro_f1=0.4988, dev_err=39.40%
2026-02-26 12:22:17,799 - lg_cotrain - INFO - Phase 2 epoch 12/13: loss1=0.0009, loss2=1.9051, dev_macro_f1=0.5151, dev_err=38.21%
2026-02-26 12:23:44,851 - lg_cotrain - INFO - Phase 2 epoch 13/13: loss1=0.0010, loss2=1.9156, dev_macro_f1=0.4907, dev_err=40.26%
2026-02-26 12:23:44,851 - lg_cotrain - INFO - === Phase 3: Fine-Tuning ===
2026-02-26 12:23:50,888 - lg_cotrain - INFO - Phase 3 epoch 1: dev_macro_f1=0.5179, dev_err=42.41%, es_counter1=0, es_counter2=0
2026-02-26 12:23:56,784 - lg_cotrain - INFO - Phase 3 epoch 2: dev_macro_f1=0.4703, dev_err=41.98%, es_counter1=1, es_counter2=1
2026-02-26 12:24:02,642 - lg_cotrain - INFO - Phase 3 epoch 3: dev_macro_f1=0.5443, dev_err=36.71%, es_counter1=0, es_counter2=0
2026-02-26 12:24:08,458 - lg_cotrain - INFO - Phase 3 epoch 4: dev_macro_f1=0.5570, dev_err=42.20%, es_counter1=0, es_counter2=0
2026-02-26 12:24:14,347 - lg_cotrain - INFO - Phase 3 epoch 5: dev_macro_f1=0.5739, dev_err=43.49%, es_counter1=0, es_counter2=0
2026-02-26 12:24:20,009 - lg_cotrain - INFO - Phase 3 epoch 6: dev_macro_f1=0.6116, dev_err=37.89%, es_counter1=0, es_counter2=0
2026-02-26 12:24:25,884 - lg_cotrain - INFO - Phase 3 epoch 7: dev_macro_f1=0.6186, dev_err=36.17%, es_counter1=0, es_counter2=0
2026-02-26 12:24:31,583 - lg_cotrain - INFO - Phase 3 epoch 8: dev_macro_f1=0.6200, dev_err=36.17%, es_counter1=0, es_counter2=0
2026-02-26 12:24:37,440 - lg_cotrain - INFO - Phase 3 epoch 9: dev_macro_f1=0.6249, dev_err=35.74%, es_counter1=0, es_counter2=0
2026-02-26 12:24:43,231 - lg_cotrain - INFO - Phase 3 epoch 10: dev_macro_f1=0.6146, dev_err=34.77%, es_counter1=1, es_counter2=1
2026-02-26 12:24:49,075 - lg_cotrain - INFO - Phase 3 epoch 11: dev_macro_f1=0.6199, dev_err=33.15%, es_counter1=2, es_counter2=2
2026-02-26 12:24:54,686 - lg_cotrain - INFO - Phase 3 epoch 12: dev_macro_f1=0.6320, dev_err=36.38%, es_counter1=0, es_counter2=0
2026-02-26 12:25:00,270 - lg_cotrain - INFO - Phase 3 epoch 13: dev_macro_f1=0.6333, dev_err=35.52%, es_counter1=0, es_counter2=0
2026-02-26 12:25:05,852 - lg_cotrain - INFO - Phase 3 epoch 14: dev_macro_f1=0.6210, dev_err=35.95%, es_counter1=1, es_counter2=1
2026-02-26 12:25:11,411 - lg_cotrain - INFO - Phase 3 epoch 15: dev_macro_f1=0.6178, dev_err=35.52%, es_counter1=2, es_counter2=2
2026-02-26 12:25:17,006 - lg_cotrain - INFO - Phase 3 epoch 16: dev_macro_f1=0.6379, dev_err=32.72%, es_counter1=0, es_counter2=0
2026-02-26 12:25:22,537 - lg_cotrain - INFO - Phase 3 epoch 17: dev_macro_f1=0.6438, dev_err=33.37%, es_counter1=0, es_counter2=0
2026-02-26 12:25:28,122 - lg_cotrain - INFO - Phase 3 epoch 18: dev_macro_f1=0.6440, dev_err=32.19%, es_counter1=0, es_counter2=0
2026-02-26 12:25:33,657 - lg_cotrain - INFO - Phase 3 epoch 19: dev_macro_f1=0.6361, dev_err=31.00%, es_counter1=1, es_counter2=1
2026-02-26 12:25:39,268 - lg_cotrain - INFO - Phase 3 epoch 20: dev_macro_f1=0.6331, dev_err=32.19%, es_counter1=2, es_counter2=2
2026-02-26 12:25:44,813 - lg_cotrain - INFO - Phase 3 epoch 21: dev_macro_f1=0.6365, dev_err=32.72%, es_counter1=3, es_counter2=3
2026-02-26 12:25:50,329 - lg_cotrain - INFO - Phase 3 epoch 22: dev_macro_f1=0.6374, dev_err=32.94%, es_counter1=4, es_counter2=4
2026-02-26 12:25:55,965 - lg_cotrain - INFO - Phase 3 epoch 23: dev_macro_f1=0.6368, dev_err=33.15%, es_counter1=5, es_counter2=5
2026-02-26 12:26:01,473 - lg_cotrain - INFO - Phase 3 epoch 24: dev_macro_f1=0.6438, dev_err=32.72%, es_counter1=6, es_counter2=6
2026-02-26 12:26:07,016 - lg_cotrain - INFO - Phase 3 epoch 25: dev_macro_f1=0.6425, dev_err=33.05%, es_counter1=7, es_counter2=7
2026-02-26 12:26:12,693 - lg_cotrain - INFO - Phase 3 epoch 26: dev_macro_f1=0.6367, dev_err=33.15%, es_counter1=8, es_counter2=8
2026-02-26 12:26:12,693 - lg_cotrain - INFO - Early stopping at epoch 26
2026-02-26 12:26:12,703 - lg_cotrain - INFO - === Final Evaluation ===
2026-02-26 12:26:22,587 - lg_cotrain - INFO - Results saved to C:\Users\anhtr\AppData\Local\Temp\tmpxjgazp1m\hurricane_harvey_2017\50_set1\metrics.json
2026-02-26 12:26:22,588 - lg_cotrain - INFO - Test error rate: 31.63%, Test macro-F1: 0.6496, Test ECE: 0.1724
2026-02-26 12:26:22,597 - lg_cotrain - INFO - --- Trial 9/10 done: dev_macro_f1=0.6440 ---
2026-02-26 12:26:22,597 - lg_cotrain - INFO - --- Trial 10/10 ---
2026-02-26 12:26:23,106 - lg_cotrain - INFO - Starting LG-CoTrain: event=hurricane_harvey_2017, budget=50, seed_set=1
2026-02-26 12:26:23,150 - lg_cotrain - INFO - Detected 9 classes for event hurricane_harvey_2017: ['caution_and_advice', 'displaced_people_and_evacuations', 'infrastructure_and_utility_damage', 'injured_or_dead_people', 'not_humanitarian', 'other_relevant_information', 'requests_or_urgent_needs', 'rescue_volunteering_or_donation_effort', 'sympathy_and_support']
2026-02-26 12:26:23,160 - lg_cotrain - INFO - D_l1: 225, D_l2: 225, D_LG: 5928
2026-02-26 12:26:23,161 - lg_cotrain - INFO - === Phase 1: Weight Generation ===
2026-02-26 12:26:46,473 - lg_cotrain - INFO - Phase 1 epoch 1/7: mean_prob1=0.1144, mean_prob2=0.1123
2026-02-26 12:27:08,754 - lg_cotrain - INFO - Phase 1 epoch 2/7: mean_prob1=0.1093, mean_prob2=0.1352
2026-02-26 12:27:31,456 - lg_cotrain - INFO - Phase 1 epoch 3/7: mean_prob1=0.1248, mean_prob2=0.1724
2026-02-26 12:27:54,817 - lg_cotrain - INFO - Phase 1 epoch 4/7: mean_prob1=0.1578, mean_prob2=0.2121
2026-02-26 12:28:18,772 - lg_cotrain - INFO - Phase 1 epoch 5/7: mean_prob1=0.2274, mean_prob2=0.3389
2026-02-26 12:28:42,796 - lg_cotrain - INFO - Phase 1 epoch 6/7: mean_prob1=0.2711, mean_prob2=0.3765
2026-02-26 12:29:06,804 - lg_cotrain - INFO - Phase 1 epoch 7/7: mean_prob1=0.3631, mean_prob2=0.4750
2026-02-26 12:29:06,804 - lg_cotrain - INFO - === Phase 2: Co-Training ===
2026-02-26 12:29:07,851 - lg_cotrain - INFO - LR scheduler: total_steps_1=1888, warmup=442; total_steps_2=1888, warmup=442
2026-02-26 12:29:07,851 - lg_cotrain - INFO - Phase 1 done -> seeded Phase 2 trackers. lambda1: mean=0.3631, range=[0.0054, 0.9226]
2026-02-26 12:29:07,852 - lg_cotrain - INFO - Phase 1 done -> seeded Phase 2 trackers. lambda2: mean=0.4750, range=[0.0013, 0.9734]
2026-02-26 12:30:28,898 - lg_cotrain - INFO - Phase 2 epoch 1/16: loss1=0.7054, loss2=0.5830, dev_macro_f1=0.5335, dev_err=36.60%
2026-02-26 12:31:50,179 - lg_cotrain - INFO - Phase 2 epoch 2/16: loss1=0.0849, loss2=0.2189, dev_macro_f1=0.5838, dev_err=34.02%
2026-02-26 12:33:08,508 - lg_cotrain - INFO - Phase 2 epoch 3/16: loss1=0.0514, loss2=0.1822, dev_macro_f1=0.5677, dev_err=35.41%
2026-02-26 12:34:28,112 - lg_cotrain - INFO - Phase 2 epoch 4/16: loss1=0.0466, loss2=0.1849, dev_macro_f1=0.5809, dev_err=34.88%
2026-02-26 12:35:47,359 - lg_cotrain - INFO - Phase 2 epoch 5/16: loss1=0.0820, loss2=0.1660, dev_macro_f1=0.5654, dev_err=34.77%
2026-02-26 12:37:09,579 - lg_cotrain - INFO - Phase 2 epoch 6/16: loss1=0.0802, loss2=0.1503, dev_macro_f1=0.5682, dev_err=33.91%
2026-02-26 12:38:33,056 - lg_cotrain - INFO - Phase 2 epoch 7/16: loss1=0.0491, loss2=0.1283, dev_macro_f1=0.6231, dev_err=32.19%
2026-02-26 12:39:53,634 - lg_cotrain - INFO - Phase 2 epoch 8/16: loss1=0.0374, loss2=0.1011, dev_macro_f1=0.5882, dev_err=34.55%
2026-02-26 12:41:15,600 - lg_cotrain - INFO - Phase 2 epoch 9/16: loss1=0.0225, loss2=0.0595, dev_macro_f1=0.6019, dev_err=33.26%
2026-02-26 12:42:34,483 - lg_cotrain - INFO - Phase 2 epoch 10/16: loss1=0.0211, loss2=0.0329, dev_macro_f1=0.6162, dev_err=32.72%
2026-02-26 12:43:52,754 - lg_cotrain - INFO - Phase 2 epoch 11/16: loss1=0.0223, loss2=0.0266, dev_macro_f1=0.6310, dev_err=32.19%
2026-02-26 12:45:11,141 - lg_cotrain - INFO - Phase 2 epoch 12/16: loss1=0.0320, loss2=0.0284, dev_macro_f1=0.6131, dev_err=33.26%
2026-02-26 12:46:28,728 - lg_cotrain - INFO - Phase 2 epoch 13/16: loss1=0.0283, loss2=0.0156, dev_macro_f1=0.6126, dev_err=33.05%
2026-02-26 12:47:46,717 - lg_cotrain - INFO - Phase 2 epoch 14/16: loss1=0.0155, loss2=0.0158, dev_macro_f1=0.6270, dev_err=31.86%
2026-02-26 12:49:04,206 - lg_cotrain - INFO - Phase 2 epoch 15/16: loss1=0.0097, loss2=0.0048, dev_macro_f1=0.6239, dev_err=31.86%
2026-02-26 12:50:22,194 - lg_cotrain - INFO - Phase 2 epoch 16/16: loss1=0.0114, loss2=0.0034, dev_macro_f1=0.6295, dev_err=32.19%
2026-02-26 12:50:22,194 - lg_cotrain - INFO - === Phase 3: Fine-Tuning ===
2026-02-26 12:50:27,266 - lg_cotrain - INFO - Phase 3 epoch 1: dev_macro_f1=0.6383, dev_err=32.40%, es_counter1=0, es_counter2=0
2026-02-26 12:50:32,326 - lg_cotrain - INFO - Phase 3 epoch 2: dev_macro_f1=0.6256, dev_err=35.95%, es_counter1=1, es_counter2=1
2026-02-26 12:50:37,398 - lg_cotrain - INFO - Phase 3 epoch 3: dev_macro_f1=0.6711, dev_err=30.03%, es_counter1=0, es_counter2=0
2026-02-26 12:50:42,452 - lg_cotrain - INFO - Phase 3 epoch 4: dev_macro_f1=0.6622, dev_err=29.82%, es_counter1=1, es_counter2=1
2026-02-26 12:50:47,519 - lg_cotrain - INFO - Phase 3 epoch 5: dev_macro_f1=0.6550, dev_err=30.14%, es_counter1=2, es_counter2=2
2026-02-26 12:50:52,570 - lg_cotrain - INFO - Phase 3 epoch 6: dev_macro_f1=0.6592, dev_err=30.25%, es_counter1=3, es_counter2=3
2026-02-26 12:50:57,632 - lg_cotrain - INFO - Phase 3 epoch 7: dev_macro_f1=0.6690, dev_err=29.39%, es_counter1=4, es_counter2=4
2026-02-26 12:51:02,714 - lg_cotrain - INFO - Phase 3 epoch 8: dev_macro_f1=0.6655, dev_err=29.71%, es_counter1=5, es_counter2=5
2026-02-26 12:51:07,809 - lg_cotrain - INFO - Phase 3 epoch 9: dev_macro_f1=0.6714, dev_err=29.06%, es_counter1=0, es_counter2=0
2026-02-26 12:51:12,862 - lg_cotrain - INFO - Phase 3 epoch 10: dev_macro_f1=0.6690, dev_err=29.28%, es_counter1=1, es_counter2=1
2026-02-26 12:51:17,926 - lg_cotrain - INFO - Phase 3 epoch 11: dev_macro_f1=0.6754, dev_err=28.63%, es_counter1=0, es_counter2=0
2026-02-26 12:51:23,016 - lg_cotrain - INFO - Phase 3 epoch 12: dev_macro_f1=0.6757, dev_err=28.85%, es_counter1=0, es_counter2=0
2026-02-26 12:51:28,081 - lg_cotrain - INFO - Phase 3 epoch 13: dev_macro_f1=0.6715, dev_err=29.17%, es_counter1=1, es_counter2=1
2026-02-26 12:51:33,143 - lg_cotrain - INFO - Phase 3 epoch 14: dev_macro_f1=0.6675, dev_err=29.49%, es_counter1=2, es_counter2=2
2026-02-26 12:51:38,269 - lg_cotrain - INFO - Phase 3 epoch 15: dev_macro_f1=0.6663, dev_err=29.71%, es_counter1=3, es_counter2=3
2026-02-26 12:51:43,404 - lg_cotrain - INFO - Phase 3 epoch 16: dev_macro_f1=0.6671, dev_err=29.60%, es_counter1=4, es_counter2=4
2026-02-26 12:51:48,614 - lg_cotrain - INFO - Phase 3 epoch 17: dev_macro_f1=0.6674, dev_err=29.60%, es_counter1=5, es_counter2=5
2026-02-26 12:51:53,898 - lg_cotrain - INFO - Phase 3 epoch 18: dev_macro_f1=0.6695, dev_err=29.49%, es_counter1=6, es_counter2=6
2026-02-26 12:51:59,153 - lg_cotrain - INFO - Phase 3 epoch 19: dev_macro_f1=0.6682, dev_err=29.60%, es_counter1=7, es_counter2=7
2026-02-26 12:52:04,313 - lg_cotrain - INFO - Phase 3 epoch 20: dev_macro_f1=0.6679, dev_err=29.60%, es_counter1=8, es_counter2=8
2026-02-26 12:52:04,313 - lg_cotrain - INFO - Early stopping at epoch 20
2026-02-26 12:52:04,324 - lg_cotrain - INFO - === Final Evaluation ===
2026-02-26 12:52:13,539 - lg_cotrain - INFO - Results saved to C:\Users\anhtr\AppData\Local\Temp\tmpf3j2702h\hurricane_harvey_2017\50_set1\metrics.json
2026-02-26 12:52:13,540 - lg_cotrain - INFO - Test error rate: 29.92%, Test macro-F1: 0.6569, Test ECE: 0.1441
2026-02-26 12:52:13,549 - lg_cotrain - INFO - --- Trial 10/10 done: dev_macro_f1=0.6757 ---
