2026-02-28 02:44:43,800 - lg_cotrain - INFO - === Optuna study: hurricane_maria_2017 budget=25 seed=3 | target=10 trials, 0 replayed, 10 new ===
2026-02-28 02:44:43,800 - lg_cotrain - INFO - --- Trial 1/10 ---
2026-02-28 02:44:44,275 - lg_cotrain - INFO - Starting LG-CoTrain: event=hurricane_maria_2017, budget=25, seed_set=3
2026-02-28 02:44:44,324 - lg_cotrain - INFO - Detected 9 classes for event hurricane_maria_2017: ['caution_and_advice', 'displaced_people_and_evacuations', 'infrastructure_and_utility_damage', 'injured_or_dead_people', 'not_humanitarian', 'other_relevant_information', 'requests_or_urgent_needs', 'rescue_volunteering_or_donation_effort', 'sympathy_and_support']
2026-02-28 02:44:44,331 - lg_cotrain - INFO - D_l1: 117, D_l2: 108, D_LG: 4869
2026-02-28 02:44:44,334 - lg_cotrain - INFO - === Phase 1: Weight Generation ===
2026-02-28 02:45:02,681 - lg_cotrain - INFO - Phase 1 epoch 1/7: mean_prob1=0.1161, mean_prob2=0.1166
2026-02-28 02:45:19,991 - lg_cotrain - INFO - Phase 1 epoch 2/7: mean_prob1=0.1154, mean_prob2=0.1171
2026-02-28 02:45:37,373 - lg_cotrain - INFO - Phase 1 epoch 3/7: mean_prob1=0.1169, mean_prob2=0.1189
2026-02-28 02:45:54,714 - lg_cotrain - INFO - Phase 1 epoch 4/7: mean_prob1=0.1188, mean_prob2=0.1208
2026-02-28 02:46:11,969 - lg_cotrain - INFO - Phase 1 epoch 5/7: mean_prob1=0.1197, mean_prob2=0.1228
2026-02-28 02:46:29,243 - lg_cotrain - INFO - Phase 1 epoch 6/7: mean_prob1=0.1193, mean_prob2=0.1256
2026-02-28 02:46:46,558 - lg_cotrain - INFO - Phase 1 epoch 7/7: mean_prob1=0.1198, mean_prob2=0.1286
2026-02-28 02:46:46,559 - lg_cotrain - INFO - === Phase 2: Co-Training ===
2026-02-28 02:46:47,543 - lg_cotrain - INFO - LR scheduler: total_steps_1=1201, warmup=192; total_steps_2=1201, warmup=192
2026-02-28 02:46:47,543 - lg_cotrain - INFO - Phase 1 done -> seeded Phase 2 trackers. lambda1: mean=0.1198, range=[0.0595, 0.2651]
2026-02-28 02:46:47,544 - lg_cotrain - INFO - Phase 1 done -> seeded Phase 2 trackers. lambda2: mean=0.1286, range=[0.0334, 0.3065]
2026-02-28 02:47:50,078 - lg_cotrain - INFO - Phase 2 epoch 1/13: loss1=0.2530, loss2=0.2404, dev_macro_f1=0.0905, dev_err=67.65%
2026-02-28 02:48:52,808 - lg_cotrain - INFO - Phase 2 epoch 2/13: loss1=0.1432, loss2=0.2553, dev_macro_f1=0.2430, dev_err=49.60%
2026-02-28 02:49:55,479 - lg_cotrain - INFO - Phase 2 epoch 3/13: loss1=0.0874, loss2=0.1853, dev_macro_f1=0.4965, dev_err=41.11%
2026-02-28 02:50:58,078 - lg_cotrain - INFO - Phase 2 epoch 4/13: loss1=0.0562, loss2=0.1420, dev_macro_f1=0.5325, dev_err=37.33%
2026-02-28 02:52:00,714 - lg_cotrain - INFO - Phase 2 epoch 5/13: loss1=0.0365, loss2=0.1090, dev_macro_f1=0.5936, dev_err=34.50%
2026-02-28 02:53:03,335 - lg_cotrain - INFO - Phase 2 epoch 6/13: loss1=0.0280, loss2=0.0906, dev_macro_f1=0.5660, dev_err=36.25%
2026-02-28 02:54:05,945 - lg_cotrain - INFO - Phase 2 epoch 7/13: loss1=0.0257, loss2=0.0748, dev_macro_f1=0.6016, dev_err=34.50%
2026-02-28 02:55:08,592 - lg_cotrain - INFO - Phase 2 epoch 8/13: loss1=0.0202, loss2=0.0596, dev_macro_f1=0.5979, dev_err=33.96%
2026-02-28 02:56:11,210 - lg_cotrain - INFO - Phase 2 epoch 9/13: loss1=0.0182, loss2=0.0471, dev_macro_f1=0.5971, dev_err=34.23%
2026-02-28 02:57:13,793 - lg_cotrain - INFO - Phase 2 epoch 10/13: loss1=0.0166, loss2=0.0406, dev_macro_f1=0.6008, dev_err=34.23%
2026-02-28 02:58:16,399 - lg_cotrain - INFO - Phase 2 epoch 11/13: loss1=0.0160, loss2=0.0352, dev_macro_f1=0.6265, dev_err=33.29%
2026-02-28 02:59:18,931 - lg_cotrain - INFO - Phase 2 epoch 12/13: loss1=0.0149, loss2=0.0337, dev_macro_f1=0.6114, dev_err=33.42%
2026-02-28 03:00:21,460 - lg_cotrain - INFO - Phase 2 epoch 13/13: loss1=0.0143, loss2=0.0308, dev_macro_f1=0.6218, dev_err=32.75%
2026-02-28 03:00:21,460 - lg_cotrain - INFO - === Phase 3: Fine-Tuning ===
2026-02-28 03:00:24,843 - lg_cotrain - INFO - Phase 3 epoch 1: dev_macro_f1=0.6408, dev_err=31.40%, es_counter1=0, es_counter2=0
2026-02-28 03:00:28,224 - lg_cotrain - INFO - Phase 3 epoch 2: dev_macro_f1=0.6505, dev_err=31.81%, es_counter1=0, es_counter2=0
2026-02-28 03:00:31,595 - lg_cotrain - INFO - Phase 3 epoch 3: dev_macro_f1=0.6598, dev_err=30.86%, es_counter1=0, es_counter2=0
2026-02-28 03:00:34,981 - lg_cotrain - INFO - Phase 3 epoch 4: dev_macro_f1=0.6615, dev_err=30.86%, es_counter1=0, es_counter2=0
2026-02-28 03:00:38,338 - lg_cotrain - INFO - Phase 3 epoch 5: dev_macro_f1=0.6516, dev_err=31.13%, es_counter1=1, es_counter2=1
2026-02-28 03:00:41,698 - lg_cotrain - INFO - Phase 3 epoch 6: dev_macro_f1=0.6538, dev_err=31.40%, es_counter1=2, es_counter2=2
2026-02-28 03:00:45,071 - lg_cotrain - INFO - Phase 3 epoch 7: dev_macro_f1=0.6471, dev_err=32.21%, es_counter1=3, es_counter2=3
2026-02-28 03:00:48,445 - lg_cotrain - INFO - Phase 3 epoch 8: dev_macro_f1=0.6586, dev_err=31.54%, es_counter1=4, es_counter2=4
2026-02-28 03:00:51,838 - lg_cotrain - INFO - Phase 3 epoch 9: dev_macro_f1=0.6649, dev_err=30.19%, es_counter1=0, es_counter2=0
2026-02-28 03:00:55,219 - lg_cotrain - INFO - Phase 3 epoch 10: dev_macro_f1=0.6618, dev_err=30.05%, es_counter1=1, es_counter2=1
2026-02-28 03:00:58,599 - lg_cotrain - INFO - Phase 3 epoch 11: dev_macro_f1=0.6630, dev_err=30.32%, es_counter1=2, es_counter2=2
2026-02-28 03:01:01,976 - lg_cotrain - INFO - Phase 3 epoch 12: dev_macro_f1=0.6630, dev_err=30.19%, es_counter1=3, es_counter2=3
2026-02-28 03:01:05,373 - lg_cotrain - INFO - Phase 3 epoch 13: dev_macro_f1=0.6649, dev_err=29.78%, es_counter1=0, es_counter2=0
2026-02-28 03:01:08,768 - lg_cotrain - INFO - Phase 3 epoch 14: dev_macro_f1=0.6676, dev_err=29.65%, es_counter1=0, es_counter2=0
2026-02-28 03:01:12,153 - lg_cotrain - INFO - Phase 3 epoch 15: dev_macro_f1=0.6682, dev_err=29.65%, es_counter1=0, es_counter2=0
2026-02-28 03:01:15,531 - lg_cotrain - INFO - Phase 3 epoch 16: dev_macro_f1=0.6700, dev_err=29.65%, es_counter1=0, es_counter2=0
2026-02-28 03:01:18,893 - lg_cotrain - INFO - Phase 3 epoch 17: dev_macro_f1=0.6688, dev_err=29.78%, es_counter1=1, es_counter2=1
2026-02-28 03:01:22,265 - lg_cotrain - INFO - Phase 3 epoch 18: dev_macro_f1=0.6689, dev_err=29.78%, es_counter1=2, es_counter2=2
2026-02-28 03:01:25,642 - lg_cotrain - INFO - Phase 3 epoch 19: dev_macro_f1=0.6680, dev_err=29.92%, es_counter1=3, es_counter2=3
2026-02-28 03:01:29,047 - lg_cotrain - INFO - Phase 3 epoch 20: dev_macro_f1=0.6707, dev_err=29.92%, es_counter1=0, es_counter2=0
2026-02-28 03:01:32,414 - lg_cotrain - INFO - Phase 3 epoch 21: dev_macro_f1=0.6707, dev_err=29.92%, es_counter1=1, es_counter2=1
2026-02-28 03:01:35,815 - lg_cotrain - INFO - Phase 3 epoch 22: dev_macro_f1=0.6730, dev_err=29.65%, es_counter1=0, es_counter2=0
2026-02-28 03:01:39,319 - lg_cotrain - INFO - Phase 3 epoch 23: dev_macro_f1=0.6747, dev_err=29.51%, es_counter1=0, es_counter2=0
2026-02-28 03:01:42,684 - lg_cotrain - INFO - Phase 3 epoch 24: dev_macro_f1=0.6747, dev_err=29.51%, es_counter1=1, es_counter2=1
2026-02-28 03:01:46,076 - lg_cotrain - INFO - Phase 3 epoch 25: dev_macro_f1=0.6747, dev_err=29.51%, es_counter1=2, es_counter2=2
2026-02-28 03:01:49,449 - lg_cotrain - INFO - Phase 3 epoch 26: dev_macro_f1=0.6744, dev_err=29.51%, es_counter1=3, es_counter2=3
2026-02-28 03:01:52,820 - lg_cotrain - INFO - Phase 3 epoch 27: dev_macro_f1=0.6733, dev_err=29.65%, es_counter1=4, es_counter2=4
2026-02-28 03:01:56,186 - lg_cotrain - INFO - Phase 3 epoch 28: dev_macro_f1=0.6736, dev_err=29.65%, es_counter1=5, es_counter2=5
2026-02-28 03:01:56,186 - lg_cotrain - INFO - Early stopping at epoch 28
2026-02-28 03:01:56,196 - lg_cotrain - INFO - === Final Evaluation ===
2026-02-28 03:02:03,154 - lg_cotrain - INFO - Results saved to C:\Users\anhtr\AppData\Local\Temp\tmprkx_0hee\hurricane_maria_2017\25_set3\metrics.json
2026-02-28 03:02:03,154 - lg_cotrain - INFO - Test error rate: 29.68%, Test macro-F1: 0.6772, Test ECE: 0.1628
2026-02-28 03:02:03,166 - lg_cotrain - INFO - --- Trial 1/10 done: dev_macro_f1=0.6747 ---
2026-02-28 03:02:03,166 - lg_cotrain - INFO - --- Trial 2/10 ---
2026-02-28 03:02:03,686 - lg_cotrain - INFO - Starting LG-CoTrain: event=hurricane_maria_2017, budget=25, seed_set=3
2026-02-28 03:02:03,712 - lg_cotrain - INFO - Detected 9 classes for event hurricane_maria_2017: ['caution_and_advice', 'displaced_people_and_evacuations', 'infrastructure_and_utility_damage', 'injured_or_dead_people', 'not_humanitarian', 'other_relevant_information', 'requests_or_urgent_needs', 'rescue_volunteering_or_donation_effort', 'sympathy_and_support']
2026-02-28 03:02:03,719 - lg_cotrain - INFO - D_l1: 117, D_l2: 108, D_LG: 4869
2026-02-28 03:02:03,720 - lg_cotrain - INFO - === Phase 1: Weight Generation ===
2026-02-28 03:02:25,889 - lg_cotrain - INFO - Phase 1 epoch 1/7: mean_prob1=0.1168, mean_prob2=0.1147
2026-02-28 03:02:47,171 - lg_cotrain - INFO - Phase 1 epoch 2/7: mean_prob1=0.1272, mean_prob2=0.1065
2026-02-28 03:03:08,525 - lg_cotrain - INFO - Phase 1 epoch 3/7: mean_prob1=0.1562, mean_prob2=0.1570
2026-02-28 03:03:29,928 - lg_cotrain - INFO - Phase 1 epoch 4/7: mean_prob1=0.2216, mean_prob2=0.1989
2026-02-28 03:03:51,288 - lg_cotrain - INFO - Phase 1 epoch 5/7: mean_prob1=0.3162, mean_prob2=0.2927
2026-02-28 03:04:12,536 - lg_cotrain - INFO - Phase 1 epoch 6/7: mean_prob1=0.4537, mean_prob2=0.3997
2026-02-28 03:04:33,757 - lg_cotrain - INFO - Phase 1 epoch 7/7: mean_prob1=0.4868, mean_prob2=0.4604
2026-02-28 03:04:33,758 - lg_cotrain - INFO - === Phase 2: Co-Training ===
2026-02-28 03:04:34,780 - lg_cotrain - INFO - LR scheduler: total_steps_1=12462, warmup=137; total_steps_2=12362, warmup=136
2026-02-28 03:04:34,780 - lg_cotrain - INFO - Phase 1 done -> seeded Phase 2 trackers. lambda1: mean=0.4868, range=[0.0016, 0.9544]
2026-02-28 03:04:34,781 - lg_cotrain - INFO - Phase 1 done -> seeded Phase 2 trackers. lambda2: mean=0.4604, range=[0.0033, 0.9433]
2026-02-28 03:06:04,222 - lg_cotrain - INFO - Phase 2 epoch 1/18: loss1=0.2937, loss2=0.3459, dev_macro_f1=0.6392, dev_err=30.73%
2026-02-28 03:07:33,879 - lg_cotrain - INFO - Phase 2 epoch 2/18: loss1=0.0682, loss2=0.2720, dev_macro_f1=0.6291, dev_err=29.78%
2026-02-28 03:09:03,607 - lg_cotrain - INFO - Phase 2 epoch 3/18: loss1=0.0452, loss2=0.1998, dev_macro_f1=0.6654, dev_err=29.51%
2026-02-28 03:10:33,426 - lg_cotrain - INFO - Phase 2 epoch 4/18: loss1=0.0551, loss2=0.1471, dev_macro_f1=0.6403, dev_err=31.13%
2026-02-28 03:12:03,299 - lg_cotrain - INFO - Phase 2 epoch 5/18: loss1=0.0429, loss2=0.0847, dev_macro_f1=0.6595, dev_err=28.98%
2026-02-28 03:13:33,100 - lg_cotrain - INFO - Phase 2 epoch 6/18: loss1=0.0374, loss2=0.0647, dev_macro_f1=0.6537, dev_err=29.25%
2026-02-28 03:15:02,884 - lg_cotrain - INFO - Phase 2 epoch 7/18: loss1=0.0334, loss2=0.0777, dev_macro_f1=0.6554, dev_err=29.78%
2026-02-28 03:16:32,791 - lg_cotrain - INFO - Phase 2 epoch 8/18: loss1=0.0277, loss2=0.0591, dev_macro_f1=0.6381, dev_err=31.94%
2026-02-28 03:18:02,604 - lg_cotrain - INFO - Phase 2 epoch 9/18: loss1=0.0256, loss2=0.0444, dev_macro_f1=0.6446, dev_err=31.27%
2026-02-28 03:19:32,577 - lg_cotrain - INFO - Phase 2 epoch 10/18: loss1=0.0274, loss2=0.0289, dev_macro_f1=0.6446, dev_err=31.81%
2026-02-28 03:21:02,738 - lg_cotrain - INFO - Phase 2 epoch 11/18: loss1=0.0141, loss2=0.0361, dev_macro_f1=0.6375, dev_err=32.61%
2026-02-28 03:22:32,940 - lg_cotrain - INFO - Phase 2 epoch 12/18: loss1=0.0107, loss2=0.0195, dev_macro_f1=0.6674, dev_err=29.65%
2026-02-28 03:24:03,066 - lg_cotrain - INFO - Phase 2 epoch 13/18: loss1=0.0142, loss2=0.0171, dev_macro_f1=0.6652, dev_err=29.38%
2026-02-28 03:25:33,205 - lg_cotrain - INFO - Phase 2 epoch 14/18: loss1=0.0177, loss2=0.0154, dev_macro_f1=0.6682, dev_err=29.78%
2026-02-28 03:27:03,334 - lg_cotrain - INFO - Phase 2 epoch 15/18: loss1=0.0110, loss2=0.0078, dev_macro_f1=0.6582, dev_err=30.19%
2026-02-28 03:28:33,414 - lg_cotrain - INFO - Phase 2 epoch 16/18: loss1=0.0088, loss2=0.0155, dev_macro_f1=0.6500, dev_err=30.59%
2026-02-28 03:30:03,682 - lg_cotrain - INFO - Phase 2 epoch 17/18: loss1=0.0045, loss2=0.0036, dev_macro_f1=0.6473, dev_err=30.59%
2026-02-28 03:31:33,751 - lg_cotrain - INFO - Phase 2 epoch 18/18: loss1=0.0043, loss2=0.0031, dev_macro_f1=0.6534, dev_err=30.46%
2026-02-28 03:31:33,751 - lg_cotrain - INFO - === Phase 3: Fine-Tuning ===
2026-02-28 03:31:38,232 - lg_cotrain - INFO - Phase 3 epoch 1: dev_macro_f1=0.6665, dev_err=30.46%, es_counter1=0, es_counter2=0
2026-02-28 03:31:42,700 - lg_cotrain - INFO - Phase 3 epoch 2: dev_macro_f1=0.6598, dev_err=31.00%, es_counter1=1, es_counter2=1
2026-02-28 03:31:47,174 - lg_cotrain - INFO - Phase 3 epoch 3: dev_macro_f1=0.6577, dev_err=31.27%, es_counter1=2, es_counter2=2
2026-02-28 03:31:51,635 - lg_cotrain - INFO - Phase 3 epoch 4: dev_macro_f1=0.6653, dev_err=30.59%, es_counter1=3, es_counter2=3
2026-02-28 03:31:56,083 - lg_cotrain - INFO - Phase 3 epoch 5: dev_macro_f1=0.6659, dev_err=30.19%, es_counter1=4, es_counter2=4
2026-02-28 03:32:00,545 - lg_cotrain - INFO - Phase 3 epoch 6: dev_macro_f1=0.6691, dev_err=29.92%, es_counter1=0, es_counter2=0
2026-02-28 03:32:05,004 - lg_cotrain - INFO - Phase 3 epoch 7: dev_macro_f1=0.6729, dev_err=29.78%, es_counter1=0, es_counter2=0
2026-02-28 03:32:09,453 - lg_cotrain - INFO - Phase 3 epoch 8: dev_macro_f1=0.6750, dev_err=29.65%, es_counter1=0, es_counter2=0
2026-02-28 03:32:13,891 - lg_cotrain - INFO - Phase 3 epoch 9: dev_macro_f1=0.6744, dev_err=29.78%, es_counter1=1, es_counter2=1
2026-02-28 03:32:18,356 - lg_cotrain - INFO - Phase 3 epoch 10: dev_macro_f1=0.6755, dev_err=29.65%, es_counter1=0, es_counter2=0
2026-02-28 03:32:22,789 - lg_cotrain - INFO - Phase 3 epoch 11: dev_macro_f1=0.6755, dev_err=29.65%, es_counter1=1, es_counter2=1
2026-02-28 03:32:27,241 - lg_cotrain - INFO - Phase 3 epoch 12: dev_macro_f1=0.6751, dev_err=29.65%, es_counter1=2, es_counter2=2
2026-02-28 03:32:31,684 - lg_cotrain - INFO - Phase 3 epoch 13: dev_macro_f1=0.6751, dev_err=29.65%, es_counter1=3, es_counter2=3
2026-02-28 03:32:36,128 - lg_cotrain - INFO - Phase 3 epoch 14: dev_macro_f1=0.6751, dev_err=29.65%, es_counter1=4, es_counter2=4
2026-02-28 03:32:40,599 - lg_cotrain - INFO - Phase 3 epoch 15: dev_macro_f1=0.6757, dev_err=29.65%, es_counter1=0, es_counter2=0
2026-02-28 03:32:45,051 - lg_cotrain - INFO - Phase 3 epoch 16: dev_macro_f1=0.6757, dev_err=29.65%, es_counter1=1, es_counter2=1
2026-02-28 03:32:49,536 - lg_cotrain - INFO - Phase 3 epoch 17: dev_macro_f1=0.6761, dev_err=29.51%, es_counter1=0, es_counter2=0
2026-02-28 03:32:53,985 - lg_cotrain - INFO - Phase 3 epoch 18: dev_macro_f1=0.6761, dev_err=29.51%, es_counter1=1, es_counter2=1
2026-02-28 03:32:58,460 - lg_cotrain - INFO - Phase 3 epoch 19: dev_macro_f1=0.6771, dev_err=29.38%, es_counter1=0, es_counter2=0
2026-02-28 03:33:02,888 - lg_cotrain - INFO - Phase 3 epoch 20: dev_macro_f1=0.6761, dev_err=29.51%, es_counter1=1, es_counter2=1
2026-02-28 03:33:07,329 - lg_cotrain - INFO - Phase 3 epoch 21: dev_macro_f1=0.6761, dev_err=29.51%, es_counter1=2, es_counter2=2
2026-02-28 03:33:11,783 - lg_cotrain - INFO - Phase 3 epoch 22: dev_macro_f1=0.6771, dev_err=29.38%, es_counter1=0, es_counter2=0
2026-02-28 03:33:16,228 - lg_cotrain - INFO - Phase 3 epoch 23: dev_macro_f1=0.6771, dev_err=29.38%, es_counter1=1, es_counter2=1
2026-02-28 03:33:20,691 - lg_cotrain - INFO - Phase 3 epoch 24: dev_macro_f1=0.6789, dev_err=29.38%, es_counter1=0, es_counter2=0
2026-02-28 03:33:25,146 - lg_cotrain - INFO - Phase 3 epoch 25: dev_macro_f1=0.6800, dev_err=29.25%, es_counter1=0, es_counter2=0
2026-02-28 03:33:29,597 - lg_cotrain - INFO - Phase 3 epoch 26: dev_macro_f1=0.6800, dev_err=29.25%, es_counter1=1, es_counter2=1
2026-02-28 03:33:34,039 - lg_cotrain - INFO - Phase 3 epoch 27: dev_macro_f1=0.6780, dev_err=29.25%, es_counter1=2, es_counter2=2
2026-02-28 03:33:38,476 - lg_cotrain - INFO - Phase 3 epoch 28: dev_macro_f1=0.6780, dev_err=29.25%, es_counter1=3, es_counter2=3
2026-02-28 03:33:42,923 - lg_cotrain - INFO - Phase 3 epoch 29: dev_macro_f1=0.6783, dev_err=29.25%, es_counter1=4, es_counter2=4
2026-02-28 03:33:47,363 - lg_cotrain - INFO - Phase 3 epoch 30: dev_macro_f1=0.6783, dev_err=29.25%, es_counter1=5, es_counter2=5
2026-02-28 03:33:51,837 - lg_cotrain - INFO - Phase 3 epoch 31: dev_macro_f1=0.6809, dev_err=29.11%, es_counter1=0, es_counter2=0
2026-02-28 03:33:56,325 - lg_cotrain - INFO - Phase 3 epoch 32: dev_macro_f1=0.6812, dev_err=29.11%, es_counter1=0, es_counter2=0
2026-02-28 03:34:00,777 - lg_cotrain - INFO - Phase 3 epoch 33: dev_macro_f1=0.6812, dev_err=29.11%, es_counter1=1, es_counter2=1
2026-02-28 03:34:05,236 - lg_cotrain - INFO - Phase 3 epoch 34: dev_macro_f1=0.6812, dev_err=29.11%, es_counter1=2, es_counter2=2
2026-02-28 03:34:09,675 - lg_cotrain - INFO - Phase 3 epoch 35: dev_macro_f1=0.6812, dev_err=29.11%, es_counter1=3, es_counter2=3
2026-02-28 03:34:14,109 - lg_cotrain - INFO - Phase 3 epoch 36: dev_macro_f1=0.6812, dev_err=29.11%, es_counter1=4, es_counter2=4
2026-02-28 03:34:18,550 - lg_cotrain - INFO - Phase 3 epoch 37: dev_macro_f1=0.6812, dev_err=29.11%, es_counter1=5, es_counter2=5
2026-02-28 03:34:22,991 - lg_cotrain - INFO - Phase 3 epoch 38: dev_macro_f1=0.6812, dev_err=29.11%, es_counter1=6, es_counter2=6
2026-02-28 03:34:27,437 - lg_cotrain - INFO - Phase 3 epoch 39: dev_macro_f1=0.6812, dev_err=29.11%, es_counter1=7, es_counter2=7
2026-02-28 03:34:31,867 - lg_cotrain - INFO - Phase 3 epoch 40: dev_macro_f1=0.6809, dev_err=29.11%, es_counter1=8, es_counter2=8
2026-02-28 03:34:31,867 - lg_cotrain - INFO - Early stopping at epoch 40
2026-02-28 03:34:31,880 - lg_cotrain - INFO - === Final Evaluation ===
2026-02-28 03:34:40,284 - lg_cotrain - INFO - Results saved to C:\Users\anhtr\AppData\Local\Temp\tmp0jug0pe4\hurricane_maria_2017\25_set3\metrics.json
2026-02-28 03:34:40,285 - lg_cotrain - INFO - Test error rate: 31.28%, Test macro-F1: 0.6569, Test ECE: 0.2009
2026-02-28 03:34:40,294 - lg_cotrain - INFO - --- Trial 2/10 done: dev_macro_f1=0.6812 ---
2026-02-28 03:34:40,294 - lg_cotrain - INFO - --- Trial 3/10 ---
2026-02-28 03:34:40,817 - lg_cotrain - INFO - Starting LG-CoTrain: event=hurricane_maria_2017, budget=25, seed_set=3
2026-02-28 03:34:40,844 - lg_cotrain - INFO - Detected 9 classes for event hurricane_maria_2017: ['caution_and_advice', 'displaced_people_and_evacuations', 'infrastructure_and_utility_damage', 'injured_or_dead_people', 'not_humanitarian', 'other_relevant_information', 'requests_or_urgent_needs', 'rescue_volunteering_or_donation_effort', 'sympathy_and_support']
2026-02-28 03:34:40,851 - lg_cotrain - INFO - D_l1: 117, D_l2: 108, D_LG: 4869
2026-02-28 03:34:40,852 - lg_cotrain - INFO - === Phase 1: Weight Generation ===
2026-02-28 03:35:00,963 - lg_cotrain - INFO - Phase 1 epoch 1/7: mean_prob1=0.1176, mean_prob2=0.1112
2026-02-28 03:35:20,277 - lg_cotrain - INFO - Phase 1 epoch 2/7: mean_prob1=0.1147, mean_prob2=0.1169
2026-02-28 03:35:39,558 - lg_cotrain - INFO - Phase 1 epoch 3/7: mean_prob1=0.1220, mean_prob2=0.1197
2026-02-28 03:35:58,874 - lg_cotrain - INFO - Phase 1 epoch 4/7: mean_prob1=0.1642, mean_prob2=0.1511
2026-02-28 03:36:18,276 - lg_cotrain - INFO - Phase 1 epoch 5/7: mean_prob1=0.2101, mean_prob2=0.1881
2026-02-28 03:36:37,639 - lg_cotrain - INFO - Phase 1 epoch 6/7: mean_prob1=0.3296, mean_prob2=0.2705
2026-02-28 03:36:56,963 - lg_cotrain - INFO - Phase 1 epoch 7/7: mean_prob1=0.4405, mean_prob2=0.3418
2026-02-28 03:36:56,964 - lg_cotrain - INFO - === Phase 2: Co-Training ===
2026-02-28 03:36:57,907 - lg_cotrain - INFO - LR scheduler: total_steps_1=2935, warmup=639; total_steps_2=2835, warmup=617
2026-02-28 03:36:57,908 - lg_cotrain - INFO - Phase 1 done -> seeded Phase 2 trackers. lambda1: mean=0.4405, range=[0.0023, 0.9591]
2026-02-28 03:36:57,908 - lg_cotrain - INFO - Phase 1 done -> seeded Phase 2 trackers. lambda2: mean=0.3418, range=[0.0029, 0.9187]
2026-02-28 03:38:13,396 - lg_cotrain - INFO - Phase 2 epoch 1/7: loss1=0.3113, loss2=0.4170, dev_macro_f1=0.6314, dev_err=32.35%
2026-02-28 03:39:28,980 - lg_cotrain - INFO - Phase 2 epoch 2/7: loss1=0.0981, loss2=0.3722, dev_macro_f1=0.6266, dev_err=31.81%
2026-02-28 03:40:44,311 - lg_cotrain - INFO - Phase 2 epoch 3/7: loss1=0.2615, loss2=1.1892, dev_macro_f1=0.0476, dev_err=72.78%
2026-02-28 03:41:59,539 - lg_cotrain - INFO - Phase 2 epoch 4/7: loss1=0.3102, loss2=1.3529, dev_macro_f1=0.0476, dev_err=72.78%
2026-02-28 03:43:14,849 - lg_cotrain - INFO - Phase 2 epoch 5/7: loss1=0.1832, loss2=1.2535, dev_macro_f1=0.0476, dev_err=72.78%
2026-02-28 03:44:30,071 - lg_cotrain - INFO - Phase 2 epoch 6/7: loss1=0.1225, loss2=1.1741, dev_macro_f1=0.0476, dev_err=72.78%
2026-02-28 03:45:45,312 - lg_cotrain - INFO - Phase 2 epoch 7/7: loss1=0.0932, loss2=1.1059, dev_macro_f1=0.0476, dev_err=72.78%
2026-02-28 03:45:45,313 - lg_cotrain - INFO - === Phase 3: Fine-Tuning ===
2026-02-28 03:45:49,189 - lg_cotrain - INFO - Phase 3 epoch 1: dev_macro_f1=0.0476, dev_err=72.78%, es_counter1=0, es_counter2=0
2026-02-28 03:45:53,041 - lg_cotrain - INFO - Phase 3 epoch 2: dev_macro_f1=0.0476, dev_err=72.78%, es_counter1=1, es_counter2=1
2026-02-28 03:45:56,903 - lg_cotrain - INFO - Phase 3 epoch 3: dev_macro_f1=0.0038, dev_err=98.25%, es_counter1=2, es_counter2=2
2026-02-28 03:46:00,768 - lg_cotrain - INFO - Phase 3 epoch 4: dev_macro_f1=0.0394, dev_err=78.44%, es_counter1=3, es_counter2=3
2026-02-28 03:46:04,623 - lg_cotrain - INFO - Phase 3 epoch 5: dev_macro_f1=0.0363, dev_err=80.46%, es_counter1=4, es_counter2=4
2026-02-28 03:46:08,473 - lg_cotrain - INFO - Phase 3 epoch 6: dev_macro_f1=0.0363, dev_err=80.46%, es_counter1=5, es_counter2=5
2026-02-28 03:46:12,325 - lg_cotrain - INFO - Phase 3 epoch 7: dev_macro_f1=0.0363, dev_err=80.46%, es_counter1=6, es_counter2=6
2026-02-28 03:46:16,183 - lg_cotrain - INFO - Phase 3 epoch 8: dev_macro_f1=0.0089, dev_err=95.82%, es_counter1=7, es_counter2=7
2026-02-28 03:46:16,183 - lg_cotrain - INFO - Early stopping at epoch 8
2026-02-28 03:46:16,192 - lg_cotrain - INFO - === Final Evaluation ===
2026-02-28 03:46:23,771 - lg_cotrain - INFO - Results saved to C:\Users\anhtr\AppData\Local\Temp\tmplkrtdl2o\hurricane_maria_2017\25_set3\metrics.json
2026-02-28 03:46:23,771 - lg_cotrain - INFO - Test error rate: 72.88%, Test macro-F1: 0.0474, Test ECE: 0.1398
2026-02-28 03:46:23,782 - lg_cotrain - INFO - --- Trial 3/10 done: dev_macro_f1=0.0476 ---
2026-02-28 03:46:23,782 - lg_cotrain - INFO - --- Trial 4/10 ---
2026-02-28 03:46:24,270 - lg_cotrain - INFO - Starting LG-CoTrain: event=hurricane_maria_2017, budget=25, seed_set=3
2026-02-28 03:46:24,298 - lg_cotrain - INFO - Detected 9 classes for event hurricane_maria_2017: ['caution_and_advice', 'displaced_people_and_evacuations', 'infrastructure_and_utility_damage', 'injured_or_dead_people', 'not_humanitarian', 'other_relevant_information', 'requests_or_urgent_needs', 'rescue_volunteering_or_donation_effort', 'sympathy_and_support']
2026-02-28 03:46:24,305 - lg_cotrain - INFO - D_l1: 117, D_l2: 108, D_LG: 4869
2026-02-28 03:46:24,306 - lg_cotrain - INFO - === Phase 1: Weight Generation ===
2026-02-28 03:46:46,519 - lg_cotrain - INFO - Phase 1 epoch 1/7: mean_prob1=0.1029, mean_prob2=0.1018
2026-02-28 03:47:07,694 - lg_cotrain - INFO - Phase 1 epoch 2/7: mean_prob1=0.1094, mean_prob2=0.1046
2026-02-28 03:47:29,016 - lg_cotrain - INFO - Phase 1 epoch 3/7: mean_prob1=0.1107, mean_prob2=0.1118
2026-02-28 03:47:50,311 - lg_cotrain - INFO - Phase 1 epoch 4/7: mean_prob1=0.1141, mean_prob2=0.1087
2026-02-28 03:48:11,520 - lg_cotrain - INFO - Phase 1 epoch 5/7: mean_prob1=0.1096, mean_prob2=0.1145
2026-02-28 03:48:32,739 - lg_cotrain - INFO - Phase 1 epoch 6/7: mean_prob1=0.1182, mean_prob2=0.1036
2026-02-28 03:48:53,983 - lg_cotrain - INFO - Phase 1 epoch 7/7: mean_prob1=0.1208, mean_prob2=0.1126
2026-02-28 03:48:53,983 - lg_cotrain - INFO - === Phase 2: Co-Training ===
2026-02-28 03:48:55,027 - lg_cotrain - INFO - LR scheduler: total_steps_1=8808, warmup=2389; total_steps_2=8708, warmup=2362
2026-02-28 03:48:55,028 - lg_cotrain - INFO - Phase 1 done -> seeded Phase 2 trackers. lambda1: mean=0.1208, range=[0.0829, 0.1489]
2026-02-28 03:48:55,028 - lg_cotrain - INFO - Phase 1 done -> seeded Phase 2 trackers. lambda2: mean=0.1126, range=[0.0870, 0.1331]
2026-02-28 03:50:24,606 - lg_cotrain - INFO - Phase 2 epoch 1/12: loss1=0.1414, loss2=0.1377, dev_macro_f1=0.6143, dev_err=33.02%
2026-02-28 03:51:54,575 - lg_cotrain - INFO - Phase 2 epoch 2/12: loss1=0.0599, loss2=0.3446, dev_macro_f1=0.6541, dev_err=31.67%
2026-02-28 03:53:24,495 - lg_cotrain - INFO - Phase 2 epoch 3/12: loss1=0.0974, loss2=0.4161, dev_macro_f1=0.5747, dev_err=35.18%
2026-02-28 03:54:54,276 - lg_cotrain - INFO - Phase 2 epoch 4/12: loss1=0.4444, loss2=0.5276, dev_macro_f1=0.5614, dev_err=36.93%
2026-02-28 03:56:23,850 - lg_cotrain - INFO - Phase 2 epoch 5/12: loss1=0.5305, loss2=1.0215, dev_macro_f1=0.0476, dev_err=72.78%
2026-02-28 03:57:53,410 - lg_cotrain - INFO - Phase 2 epoch 6/12: loss1=0.3506, loss2=1.3378, dev_macro_f1=0.0476, dev_err=72.78%
2026-02-28 03:59:23,093 - lg_cotrain - INFO - Phase 2 epoch 7/12: loss1=0.2433, loss2=1.2472, dev_macro_f1=0.0476, dev_err=72.78%
2026-02-28 04:00:52,586 - lg_cotrain - INFO - Phase 2 epoch 8/12: loss1=0.1702, loss2=1.1811, dev_macro_f1=0.0476, dev_err=72.78%
2026-02-28 04:02:22,164 - lg_cotrain - INFO - Phase 2 epoch 9/12: loss1=0.1249, loss2=1.1250, dev_macro_f1=0.0476, dev_err=72.78%
2026-02-28 04:03:52,062 - lg_cotrain - INFO - Phase 2 epoch 10/12: loss1=0.0992, loss2=1.0777, dev_macro_f1=0.0476, dev_err=72.78%
2026-02-28 04:05:21,940 - lg_cotrain - INFO - Phase 2 epoch 11/12: loss1=0.0837, loss2=1.0417, dev_macro_f1=0.0476, dev_err=72.78%
2026-02-28 04:06:51,686 - lg_cotrain - INFO - Phase 2 epoch 12/12: loss1=0.0754, loss2=1.0068, dev_macro_f1=0.0476, dev_err=72.78%
2026-02-28 04:06:51,687 - lg_cotrain - INFO - === Phase 3: Fine-Tuning ===
2026-02-28 04:06:56,114 - lg_cotrain - INFO - Phase 3 epoch 1: dev_macro_f1=0.0476, dev_err=72.78%, es_counter1=0, es_counter2=0
2026-02-28 04:07:00,534 - lg_cotrain - INFO - Phase 3 epoch 2: dev_macro_f1=0.0363, dev_err=80.46%, es_counter1=1, es_counter2=1
2026-02-28 04:07:04,955 - lg_cotrain - INFO - Phase 3 epoch 3: dev_macro_f1=0.0476, dev_err=72.78%, es_counter1=2, es_counter2=2
2026-02-28 04:07:09,370 - lg_cotrain - INFO - Phase 3 epoch 4: dev_macro_f1=0.0189, dev_err=90.70%, es_counter1=3, es_counter2=3
2026-02-28 04:07:13,786 - lg_cotrain - INFO - Phase 3 epoch 5: dev_macro_f1=0.0394, dev_err=78.44%, es_counter1=4, es_counter2=4
2026-02-28 04:07:18,206 - lg_cotrain - INFO - Phase 3 epoch 6: dev_macro_f1=0.0197, dev_err=90.30%, es_counter1=5, es_counter2=5
2026-02-28 04:07:22,617 - lg_cotrain - INFO - Phase 3 epoch 7: dev_macro_f1=0.0476, dev_err=72.78%, es_counter1=6, es_counter2=6
2026-02-28 04:07:27,039 - lg_cotrain - INFO - Phase 3 epoch 8: dev_macro_f1=0.0476, dev_err=72.78%, es_counter1=7, es_counter2=7
2026-02-28 04:07:27,039 - lg_cotrain - INFO - Early stopping at epoch 8
2026-02-28 04:07:27,053 - lg_cotrain - INFO - === Final Evaluation ===
2026-02-28 04:07:35,406 - lg_cotrain - INFO - Results saved to C:\Users\anhtr\AppData\Local\Temp\tmpkw4pqaqe\hurricane_maria_2017\25_set3\metrics.json
2026-02-28 04:07:35,406 - lg_cotrain - INFO - Test error rate: 72.88%, Test macro-F1: 0.0474, Test ECE: 0.0379
2026-02-28 04:07:35,414 - lg_cotrain - INFO - --- Trial 4/10 done: dev_macro_f1=0.0476 ---
2026-02-28 04:07:35,415 - lg_cotrain - INFO - --- Trial 5/10 ---
2026-02-28 04:07:35,946 - lg_cotrain - INFO - Starting LG-CoTrain: event=hurricane_maria_2017, budget=25, seed_set=3
2026-02-28 04:07:35,984 - lg_cotrain - INFO - Detected 9 classes for event hurricane_maria_2017: ['caution_and_advice', 'displaced_people_and_evacuations', 'infrastructure_and_utility_damage', 'injured_or_dead_people', 'not_humanitarian', 'other_relevant_information', 'requests_or_urgent_needs', 'rescue_volunteering_or_donation_effort', 'sympathy_and_support']
2026-02-28 04:07:35,995 - lg_cotrain - INFO - D_l1: 117, D_l2: 108, D_LG: 4869
2026-02-28 04:07:35,997 - lg_cotrain - INFO - === Phase 1: Weight Generation ===
2026-02-28 04:07:54,375 - lg_cotrain - INFO - Phase 1 epoch 1/7: mean_prob1=0.1107, mean_prob2=0.1100
2026-02-28 04:08:11,698 - lg_cotrain - INFO - Phase 1 epoch 2/7: mean_prob1=0.1144, mean_prob2=0.1142
2026-02-28 04:08:29,057 - lg_cotrain - INFO - Phase 1 epoch 3/7: mean_prob1=0.1224, mean_prob2=0.1207
2026-02-28 04:08:46,548 - lg_cotrain - INFO - Phase 1 epoch 4/7: mean_prob1=0.1273, mean_prob2=0.1282
2026-02-28 04:09:04,118 - lg_cotrain - INFO - Phase 1 epoch 5/7: mean_prob1=0.1286, mean_prob2=0.1354
2026-02-28 04:09:21,469 - lg_cotrain - INFO - Phase 1 epoch 6/7: mean_prob1=0.1412, mean_prob2=0.1423
2026-02-28 04:09:38,855 - lg_cotrain - INFO - Phase 1 epoch 7/7: mean_prob1=0.1503, mean_prob2=0.1584
2026-02-28 04:09:38,855 - lg_cotrain - INFO - === Phase 2: Co-Training ===
2026-02-28 04:09:39,904 - lg_cotrain - INFO - LR scheduler: total_steps_1=1740, warmup=185; total_steps_2=1740, warmup=185
2026-02-28 04:09:39,905 - lg_cotrain - INFO - Phase 1 done -> seeded Phase 2 trackers. lambda1: mean=0.1503, range=[0.0381, 0.4447]
2026-02-28 04:09:39,905 - lg_cotrain - INFO - Phase 1 done -> seeded Phase 2 trackers. lambda2: mean=0.1584, range=[0.0228, 0.3767]
2026-02-28 04:10:42,768 - lg_cotrain - INFO - Phase 2 epoch 1/20: loss1=0.2670, loss2=0.2680, dev_macro_f1=0.2776, dev_err=47.98%
2026-02-28 04:11:45,741 - lg_cotrain - INFO - Phase 2 epoch 2/20: loss1=0.1030, loss2=0.1959, dev_macro_f1=0.6174, dev_err=33.02%
2026-02-28 04:12:48,623 - lg_cotrain - INFO - Phase 2 epoch 3/20: loss1=0.0444, loss2=0.1636, dev_macro_f1=0.6066, dev_err=34.37%
2026-02-28 04:13:51,300 - lg_cotrain - INFO - Phase 2 epoch 4/20: loss1=0.0233, loss2=0.1331, dev_macro_f1=0.6029, dev_err=33.83%
2026-02-28 04:14:54,215 - lg_cotrain - INFO - Phase 2 epoch 5/20: loss1=0.0208, loss2=0.0897, dev_macro_f1=0.6323, dev_err=32.35%
2026-02-28 04:15:57,177 - lg_cotrain - INFO - Phase 2 epoch 6/20: loss1=0.0206, loss2=0.0584, dev_macro_f1=0.6480, dev_err=30.73%
2026-02-28 04:17:00,168 - lg_cotrain - INFO - Phase 2 epoch 7/20: loss1=0.0210, loss2=0.0431, dev_macro_f1=0.6342, dev_err=31.00%
2026-02-28 04:18:02,951 - lg_cotrain - INFO - Phase 2 epoch 8/20: loss1=0.0176, loss2=0.0278, dev_macro_f1=0.6318, dev_err=31.67%
2026-02-28 04:19:05,714 - lg_cotrain - INFO - Phase 2 epoch 9/20: loss1=0.0133, loss2=0.0225, dev_macro_f1=0.6354, dev_err=31.67%
2026-02-28 04:20:08,696 - lg_cotrain - INFO - Phase 2 epoch 10/20: loss1=0.0093, loss2=0.0269, dev_macro_f1=0.6388, dev_err=31.94%
2026-02-28 04:21:11,405 - lg_cotrain - INFO - Phase 2 epoch 11/20: loss1=0.0060, loss2=0.0136, dev_macro_f1=0.6409, dev_err=31.27%
2026-02-28 04:22:14,081 - lg_cotrain - INFO - Phase 2 epoch 12/20: loss1=0.0059, loss2=0.0074, dev_macro_f1=0.6357, dev_err=32.08%
2026-02-28 04:23:16,761 - lg_cotrain - INFO - Phase 2 epoch 13/20: loss1=0.0055, loss2=0.0128, dev_macro_f1=0.6488, dev_err=31.81%
2026-02-28 04:24:19,443 - lg_cotrain - INFO - Phase 2 epoch 14/20: loss1=0.0070, loss2=0.0079, dev_macro_f1=0.6327, dev_err=32.21%
2026-02-28 04:25:22,255 - lg_cotrain - INFO - Phase 2 epoch 15/20: loss1=0.0097, loss2=0.0050, dev_macro_f1=0.6662, dev_err=30.19%
2026-02-28 04:26:25,039 - lg_cotrain - INFO - Phase 2 epoch 16/20: loss1=0.0036, loss2=0.0045, dev_macro_f1=0.6664, dev_err=30.05%
2026-02-28 04:27:27,667 - lg_cotrain - INFO - Phase 2 epoch 17/20: loss1=0.0049, loss2=0.0030, dev_macro_f1=0.6550, dev_err=31.27%
2026-02-28 04:28:30,246 - lg_cotrain - INFO - Phase 2 epoch 18/20: loss1=0.0049, loss2=0.0024, dev_macro_f1=0.6569, dev_err=30.86%
2026-02-28 04:29:32,748 - lg_cotrain - INFO - Phase 2 epoch 19/20: loss1=0.0026, loss2=0.0022, dev_macro_f1=0.6617, dev_err=30.32%
2026-02-28 04:30:35,230 - lg_cotrain - INFO - Phase 2 epoch 20/20: loss1=0.0025, loss2=0.0021, dev_macro_f1=0.6503, dev_err=31.27%
2026-02-28 04:30:35,230 - lg_cotrain - INFO - === Phase 3: Fine-Tuning ===
2026-02-28 04:30:38,612 - lg_cotrain - INFO - Phase 3 epoch 1: dev_macro_f1=0.6669, dev_err=30.19%, es_counter1=0, es_counter2=0
2026-02-28 04:30:41,968 - lg_cotrain - INFO - Phase 3 epoch 2: dev_macro_f1=0.6660, dev_err=30.32%, es_counter1=1, es_counter2=1
2026-02-28 04:30:45,377 - lg_cotrain - INFO - Phase 3 epoch 3: dev_macro_f1=0.6722, dev_err=30.46%, es_counter1=0, es_counter2=0
2026-02-28 04:30:48,760 - lg_cotrain - INFO - Phase 3 epoch 4: dev_macro_f1=0.6775, dev_err=30.05%, es_counter1=0, es_counter2=0
2026-02-28 04:30:52,137 - lg_cotrain - INFO - Phase 3 epoch 5: dev_macro_f1=0.6788, dev_err=29.78%, es_counter1=0, es_counter2=0
2026-02-28 04:30:55,497 - lg_cotrain - INFO - Phase 3 epoch 6: dev_macro_f1=0.6767, dev_err=30.19%, es_counter1=1, es_counter2=1
2026-02-28 04:30:58,875 - lg_cotrain - INFO - Phase 3 epoch 7: dev_macro_f1=0.6789, dev_err=30.19%, es_counter1=0, es_counter2=0
2026-02-28 04:31:02,246 - lg_cotrain - INFO - Phase 3 epoch 8: dev_macro_f1=0.6726, dev_err=30.86%, es_counter1=1, es_counter2=1
2026-02-28 04:31:05,633 - lg_cotrain - INFO - Phase 3 epoch 9: dev_macro_f1=0.6801, dev_err=30.32%, es_counter1=0, es_counter2=0
2026-02-28 04:31:08,992 - lg_cotrain - INFO - Phase 3 epoch 10: dev_macro_f1=0.6793, dev_err=30.46%, es_counter1=1, es_counter2=1
2026-02-28 04:31:12,354 - lg_cotrain - INFO - Phase 3 epoch 11: dev_macro_f1=0.6755, dev_err=30.73%, es_counter1=2, es_counter2=2
2026-02-28 04:31:15,712 - lg_cotrain - INFO - Phase 3 epoch 12: dev_macro_f1=0.6701, dev_err=30.73%, es_counter1=3, es_counter2=3
2026-02-28 04:31:19,065 - lg_cotrain - INFO - Phase 3 epoch 13: dev_macro_f1=0.6677, dev_err=31.00%, es_counter1=4, es_counter2=4
2026-02-28 04:31:22,422 - lg_cotrain - INFO - Phase 3 epoch 14: dev_macro_f1=0.6677, dev_err=30.86%, es_counter1=5, es_counter2=5
2026-02-28 04:31:25,784 - lg_cotrain - INFO - Phase 3 epoch 15: dev_macro_f1=0.6721, dev_err=30.73%, es_counter1=6, es_counter2=6
2026-02-28 04:31:29,163 - lg_cotrain - INFO - Phase 3 epoch 16: dev_macro_f1=0.6711, dev_err=30.86%, es_counter1=7, es_counter2=7
2026-02-28 04:31:32,521 - lg_cotrain - INFO - Phase 3 epoch 17: dev_macro_f1=0.6723, dev_err=30.73%, es_counter1=8, es_counter2=8
2026-02-28 04:31:35,885 - lg_cotrain - INFO - Phase 3 epoch 18: dev_macro_f1=0.6731, dev_err=30.59%, es_counter1=9, es_counter2=9
2026-02-28 04:31:39,249 - lg_cotrain - INFO - Phase 3 epoch 19: dev_macro_f1=0.6747, dev_err=30.46%, es_counter1=10, es_counter2=10
2026-02-28 04:31:39,250 - lg_cotrain - INFO - Early stopping at epoch 19
2026-02-28 04:31:39,258 - lg_cotrain - INFO - === Final Evaluation ===
2026-02-28 04:31:46,183 - lg_cotrain - INFO - Results saved to C:\Users\anhtr\AppData\Local\Temp\tmpkgc9nf6k\hurricane_maria_2017\25_set3\metrics.json
2026-02-28 04:31:46,184 - lg_cotrain - INFO - Test error rate: 32.66%, Test macro-F1: 0.6468, Test ECE: 0.1843
2026-02-28 04:31:46,192 - lg_cotrain - INFO - --- Trial 5/10 done: dev_macro_f1=0.6801 ---
2026-02-28 04:31:46,192 - lg_cotrain - INFO - --- Trial 6/10 ---
2026-02-28 04:31:46,700 - lg_cotrain - INFO - Starting LG-CoTrain: event=hurricane_maria_2017, budget=25, seed_set=3
2026-02-28 04:31:46,736 - lg_cotrain - INFO - Detected 9 classes for event hurricane_maria_2017: ['caution_and_advice', 'displaced_people_and_evacuations', 'infrastructure_and_utility_damage', 'injured_or_dead_people', 'not_humanitarian', 'other_relevant_information', 'requests_or_urgent_needs', 'rescue_volunteering_or_donation_effort', 'sympathy_and_support']
2026-02-28 04:31:46,743 - lg_cotrain - INFO - D_l1: 117, D_l2: 108, D_LG: 4869
2026-02-28 04:31:46,744 - lg_cotrain - INFO - === Phase 1: Weight Generation ===
2026-02-28 04:32:08,664 - lg_cotrain - INFO - Phase 1 epoch 1/7: mean_prob1=0.1148, mean_prob2=0.1031
2026-02-28 04:32:29,718 - lg_cotrain - INFO - Phase 1 epoch 2/7: mean_prob1=0.1100, mean_prob2=0.1142
2026-02-28 04:32:50,881 - lg_cotrain - INFO - Phase 1 epoch 3/7: mean_prob1=0.1109, mean_prob2=0.1070
2026-02-28 04:33:11,912 - lg_cotrain - INFO - Phase 1 epoch 4/7: mean_prob1=0.1074, mean_prob2=0.1123
2026-02-28 04:33:32,999 - lg_cotrain - INFO - Phase 1 epoch 5/7: mean_prob1=0.1108, mean_prob2=0.1157
2026-02-28 04:33:54,114 - lg_cotrain - INFO - Phase 1 epoch 6/7: mean_prob1=0.1133, mean_prob2=0.1061
2026-02-28 04:34:15,073 - lg_cotrain - INFO - Phase 1 epoch 7/7: mean_prob1=0.1138, mean_prob2=0.1124
2026-02-28 04:34:15,073 - lg_cotrain - INFO - === Phase 2: Co-Training ===
2026-02-28 04:34:16,031 - lg_cotrain - INFO - LR scheduler: total_steps_1=8808, warmup=2534; total_steps_2=8708, warmup=2505
2026-02-28 04:34:16,031 - lg_cotrain - INFO - Phase 1 done -> seeded Phase 2 trackers. lambda1: mean=0.1138, range=[0.0959, 0.1266]
2026-02-28 04:34:16,033 - lg_cotrain - INFO - Phase 1 done -> seeded Phase 2 trackers. lambda2: mean=0.1124, range=[0.0932, 0.1314]
2026-02-28 04:35:45,295 - lg_cotrain - INFO - Phase 2 epoch 1/12: loss1=0.1410, loss2=0.1393, dev_macro_f1=0.6241, dev_err=32.35%
2026-02-28 04:37:14,791 - lg_cotrain - INFO - Phase 2 epoch 2/12: loss1=0.0645, loss2=0.3348, dev_macro_f1=0.6300, dev_err=32.21%
2026-02-28 04:38:44,366 - lg_cotrain - INFO - Phase 2 epoch 3/12: loss1=0.0968, loss2=0.4114, dev_macro_f1=0.6440, dev_err=31.00%
2026-02-28 04:40:13,772 - lg_cotrain - INFO - Phase 2 epoch 4/12: loss1=0.4597, loss2=1.0304, dev_macro_f1=0.0476, dev_err=72.78%
2026-02-28 04:41:43,220 - lg_cotrain - INFO - Phase 2 epoch 5/12: loss1=0.2817, loss2=1.4619, dev_macro_f1=0.0476, dev_err=72.78%
2026-02-28 04:43:12,645 - lg_cotrain - INFO - Phase 2 epoch 6/12: loss1=0.1764, loss2=1.3609, dev_macro_f1=0.0476, dev_err=72.78%
2026-02-28 04:44:42,170 - lg_cotrain - INFO - Phase 2 epoch 7/12: loss1=0.1145, loss2=1.2749, dev_macro_f1=0.0476, dev_err=72.78%
2026-02-28 04:46:11,543 - lg_cotrain - INFO - Phase 2 epoch 8/12: loss1=0.0878, loss2=1.2096, dev_macro_f1=0.0476, dev_err=72.78%
2026-02-28 04:47:41,010 - lg_cotrain - INFO - Phase 2 epoch 9/12: loss1=0.0764, loss2=1.1527, dev_macro_f1=0.0476, dev_err=72.78%
2026-02-28 04:49:10,483 - lg_cotrain - INFO - Phase 2 epoch 10/12: loss1=0.0670, loss2=1.1070, dev_macro_f1=0.0476, dev_err=72.78%
2026-02-28 04:50:39,843 - lg_cotrain - INFO - Phase 2 epoch 11/12: loss1=0.0635, loss2=1.0649, dev_macro_f1=0.0476, dev_err=72.78%
2026-02-28 04:52:09,246 - lg_cotrain - INFO - Phase 2 epoch 12/12: loss1=0.0622, loss2=1.0295, dev_macro_f1=0.0476, dev_err=72.78%
2026-02-28 04:52:09,248 - lg_cotrain - INFO - === Phase 3: Fine-Tuning ===
2026-02-28 04:52:13,697 - lg_cotrain - INFO - Phase 3 epoch 1: dev_macro_f1=0.0476, dev_err=72.78%, es_counter1=0, es_counter2=0
2026-02-28 04:52:18,092 - lg_cotrain - INFO - Phase 3 epoch 2: dev_macro_f1=0.0476, dev_err=72.78%, es_counter1=1, es_counter2=1
2026-02-28 04:52:22,501 - lg_cotrain - INFO - Phase 3 epoch 3: dev_macro_f1=0.0476, dev_err=72.78%, es_counter1=2, es_counter2=2
2026-02-28 04:52:26,893 - lg_cotrain - INFO - Phase 3 epoch 4: dev_macro_f1=0.0064, dev_err=97.04%, es_counter1=3, es_counter2=3
2026-02-28 04:52:31,306 - lg_cotrain - INFO - Phase 3 epoch 5: dev_macro_f1=0.0476, dev_err=72.78%, es_counter1=4, es_counter2=4
2026-02-28 04:52:35,692 - lg_cotrain - INFO - Phase 3 epoch 6: dev_macro_f1=0.0038, dev_err=98.25%, es_counter1=5, es_counter2=5
2026-02-28 04:52:40,096 - lg_cotrain - INFO - Phase 3 epoch 7: dev_macro_f1=0.0476, dev_err=72.78%, es_counter1=6, es_counter2=6
2026-02-28 04:52:44,504 - lg_cotrain - INFO - Phase 3 epoch 8: dev_macro_f1=0.0038, dev_err=98.25%, es_counter1=7, es_counter2=7
2026-02-28 04:52:48,905 - lg_cotrain - INFO - Phase 3 epoch 9: dev_macro_f1=0.0038, dev_err=98.25%, es_counter1=8, es_counter2=8
2026-02-28 04:52:48,905 - lg_cotrain - INFO - Early stopping at epoch 9
2026-02-28 04:52:48,916 - lg_cotrain - INFO - === Final Evaluation ===
2026-02-28 04:52:57,235 - lg_cotrain - INFO - Results saved to C:\Users\anhtr\AppData\Local\Temp\tmpoul8_iho\hurricane_maria_2017\25_set3\metrics.json
2026-02-28 04:52:57,235 - lg_cotrain - INFO - Test error rate: 72.88%, Test macro-F1: 0.0474, Test ECE: 0.0228
2026-02-28 04:52:57,243 - lg_cotrain - INFO - --- Trial 6/10 done: dev_macro_f1=0.0476 ---
2026-02-28 04:52:57,244 - lg_cotrain - INFO - --- Trial 7/10 ---
2026-02-28 04:52:57,758 - lg_cotrain - INFO - Starting LG-CoTrain: event=hurricane_maria_2017, budget=25, seed_set=3
2026-02-28 04:52:57,794 - lg_cotrain - INFO - Detected 9 classes for event hurricane_maria_2017: ['caution_and_advice', 'displaced_people_and_evacuations', 'infrastructure_and_utility_damage', 'injured_or_dead_people', 'not_humanitarian', 'other_relevant_information', 'requests_or_urgent_needs', 'rescue_volunteering_or_donation_effort', 'sympathy_and_support']
2026-02-28 04:52:57,803 - lg_cotrain - INFO - D_l1: 117, D_l2: 108, D_LG: 4869
2026-02-28 04:52:57,805 - lg_cotrain - INFO - === Phase 1: Weight Generation ===
2026-02-28 04:53:18,024 - lg_cotrain - INFO - Phase 1 epoch 1/7: mean_prob1=0.1225, mean_prob2=0.1079
2026-02-28 04:53:37,259 - lg_cotrain - INFO - Phase 1 epoch 2/7: mean_prob1=0.1262, mean_prob2=0.1082
2026-02-28 04:53:56,539 - lg_cotrain - INFO - Phase 1 epoch 3/7: mean_prob1=0.1488, mean_prob2=0.1104
2026-02-28 04:54:15,895 - lg_cotrain - INFO - Phase 1 epoch 4/7: mean_prob1=0.2573, mean_prob2=0.1669
2026-02-28 04:54:35,249 - lg_cotrain - INFO - Phase 1 epoch 5/7: mean_prob1=0.3465, mean_prob2=0.1837
2026-02-28 04:54:54,494 - lg_cotrain - INFO - Phase 1 epoch 6/7: mean_prob1=0.4197, mean_prob2=0.1977
2026-02-28 04:55:13,740 - lg_cotrain - INFO - Phase 1 epoch 7/7: mean_prob1=0.5020, mean_prob2=0.2385
2026-02-28 04:55:13,740 - lg_cotrain - INFO - === Phase 2: Co-Training ===
2026-02-28 04:55:14,763 - lg_cotrain - INFO - LR scheduler: total_steps_1=5680, warmup=1603; total_steps_2=5580, warmup=1575
2026-02-28 04:55:14,764 - lg_cotrain - INFO - Phase 1 done -> seeded Phase 2 trackers. lambda1: mean=0.5020, range=[0.0040, 0.9466]
2026-02-28 04:55:14,765 - lg_cotrain - INFO - Phase 1 done -> seeded Phase 2 trackers. lambda2: mean=0.2385, range=[0.0099, 0.7389]
2026-02-28 04:56:30,132 - lg_cotrain - INFO - Phase 2 epoch 1/16: loss1=0.3635, loss2=0.7073, dev_macro_f1=0.5987, dev_err=34.23%
2026-02-28 04:57:45,636 - lg_cotrain - INFO - Phase 2 epoch 2/16: loss1=0.0763, loss2=0.2270, dev_macro_f1=0.6386, dev_err=31.13%
2026-02-28 04:59:01,151 - lg_cotrain - INFO - Phase 2 epoch 3/16: loss1=0.0487, loss2=0.1907, dev_macro_f1=0.6402, dev_err=31.67%
2026-02-28 05:00:16,677 - lg_cotrain - INFO - Phase 2 epoch 4/16: loss1=0.0526, loss2=0.1988, dev_macro_f1=0.6598, dev_err=30.46%
2026-02-28 05:01:32,180 - lg_cotrain - INFO - Phase 2 epoch 5/16: loss1=0.0489, loss2=0.1568, dev_macro_f1=0.6375, dev_err=31.67%
2026-02-28 05:02:47,768 - lg_cotrain - INFO - Phase 2 epoch 6/16: loss1=0.0766, loss2=0.1739, dev_macro_f1=0.6560, dev_err=30.73%
2026-02-28 05:04:03,330 - lg_cotrain - INFO - Phase 2 epoch 7/16: loss1=0.0443, loss2=0.1074, dev_macro_f1=0.6139, dev_err=32.48%
2026-02-28 05:05:18,851 - lg_cotrain - INFO - Phase 2 epoch 8/16: loss1=0.0432, loss2=0.0686, dev_macro_f1=0.6370, dev_err=31.54%
2026-02-28 05:06:34,480 - lg_cotrain - INFO - Phase 2 epoch 9/16: loss1=0.0266, loss2=0.0608, dev_macro_f1=0.6457, dev_err=31.27%
2026-02-28 05:07:50,282 - lg_cotrain - INFO - Phase 2 epoch 10/16: loss1=0.0242, loss2=0.0523, dev_macro_f1=0.6535, dev_err=31.27%
2026-02-28 05:09:05,817 - lg_cotrain - INFO - Phase 2 epoch 11/16: loss1=0.0177, loss2=0.0282, dev_macro_f1=0.6495, dev_err=31.67%
2026-02-28 05:10:21,411 - lg_cotrain - INFO - Phase 2 epoch 12/16: loss1=0.0212, loss2=0.0228, dev_macro_f1=0.6524, dev_err=31.40%
2026-02-28 05:11:37,036 - lg_cotrain - INFO - Phase 2 epoch 13/16: loss1=0.0074, loss2=0.0199, dev_macro_f1=0.6579, dev_err=31.27%
2026-02-28 05:12:52,636 - lg_cotrain - INFO - Phase 2 epoch 14/16: loss1=0.0050, loss2=0.0082, dev_macro_f1=0.6492, dev_err=31.67%
2026-02-28 05:14:08,200 - lg_cotrain - INFO - Phase 2 epoch 15/16: loss1=0.0063, loss2=0.0045, dev_macro_f1=0.6291, dev_err=32.88%
2026-02-28 05:15:23,765 - lg_cotrain - INFO - Phase 2 epoch 16/16: loss1=0.0053, loss2=0.0042, dev_macro_f1=0.6338, dev_err=32.88%
2026-02-28 05:15:23,766 - lg_cotrain - INFO - === Phase 3: Fine-Tuning ===
2026-02-28 05:15:27,663 - lg_cotrain - INFO - Phase 3 epoch 1: dev_macro_f1=0.6615, dev_err=30.86%, es_counter1=0, es_counter2=0
2026-02-28 05:15:31,574 - lg_cotrain - INFO - Phase 3 epoch 2: dev_macro_f1=0.6707, dev_err=31.67%, es_counter1=0, es_counter2=0
2026-02-28 05:15:35,485 - lg_cotrain - INFO - Phase 3 epoch 3: dev_macro_f1=0.6700, dev_err=31.54%, es_counter1=1, es_counter2=1
2026-02-28 05:15:39,432 - lg_cotrain - INFO - Phase 3 epoch 4: dev_macro_f1=0.6800, dev_err=30.32%, es_counter1=0, es_counter2=0
2026-02-28 05:15:43,368 - lg_cotrain - INFO - Phase 3 epoch 5: dev_macro_f1=0.6895, dev_err=29.25%, es_counter1=0, es_counter2=0
2026-02-28 05:15:47,283 - lg_cotrain - INFO - Phase 3 epoch 6: dev_macro_f1=0.6848, dev_err=29.25%, es_counter1=1, es_counter2=1
2026-02-28 05:15:51,195 - lg_cotrain - INFO - Phase 3 epoch 7: dev_macro_f1=0.6866, dev_err=29.51%, es_counter1=2, es_counter2=2
2026-02-28 05:15:55,087 - lg_cotrain - INFO - Phase 3 epoch 8: dev_macro_f1=0.6843, dev_err=29.78%, es_counter1=3, es_counter2=3
2026-02-28 05:15:58,953 - lg_cotrain - INFO - Phase 3 epoch 9: dev_macro_f1=0.6838, dev_err=29.92%, es_counter1=4, es_counter2=4
2026-02-28 05:15:58,953 - lg_cotrain - INFO - Early stopping at epoch 9
2026-02-28 05:15:58,969 - lg_cotrain - INFO - === Final Evaluation ===
2026-02-28 05:16:06,634 - lg_cotrain - INFO - Results saved to C:\Users\anhtr\AppData\Local\Temp\tmp0ktm7zgs\hurricane_maria_2017\25_set3\metrics.json
2026-02-28 05:16:06,634 - lg_cotrain - INFO - Test error rate: 30.58%, Test macro-F1: 0.6909, Test ECE: 0.1362
2026-02-28 05:16:06,644 - lg_cotrain - INFO - --- Trial 7/10 done: dev_macro_f1=0.6895 ---
2026-02-28 05:16:06,644 - lg_cotrain - INFO - --- Trial 8/10 ---
2026-02-28 05:16:07,202 - lg_cotrain - INFO - Starting LG-CoTrain: event=hurricane_maria_2017, budget=25, seed_set=3
2026-02-28 05:16:07,235 - lg_cotrain - INFO - Detected 9 classes for event hurricane_maria_2017: ['caution_and_advice', 'displaced_people_and_evacuations', 'infrastructure_and_utility_damage', 'injured_or_dead_people', 'not_humanitarian', 'other_relevant_information', 'requests_or_urgent_needs', 'rescue_volunteering_or_donation_effort', 'sympathy_and_support']
2026-02-28 05:16:07,245 - lg_cotrain - INFO - D_l1: 117, D_l2: 108, D_LG: 4869
2026-02-28 05:16:07,248 - lg_cotrain - INFO - === Phase 1: Weight Generation ===
2026-02-28 05:16:27,348 - lg_cotrain - INFO - Phase 1 epoch 1/7: mean_prob1=0.1192, mean_prob2=0.1179
2026-02-28 05:16:46,545 - lg_cotrain - INFO - Phase 1 epoch 2/7: mean_prob1=0.1253, mean_prob2=0.1272
2026-02-28 05:17:05,990 - lg_cotrain - INFO - Phase 1 epoch 3/7: mean_prob1=0.1252, mean_prob2=0.1369
2026-02-28 05:17:25,213 - lg_cotrain - INFO - Phase 1 epoch 4/7: mean_prob1=0.1442, mean_prob2=0.1554
2026-02-28 05:17:44,456 - lg_cotrain - INFO - Phase 1 epoch 5/7: mean_prob1=0.1650, mean_prob2=0.1653
2026-02-28 05:18:03,629 - lg_cotrain - INFO - Phase 1 epoch 6/7: mean_prob1=0.1907, mean_prob2=0.1971
2026-02-28 05:18:23,053 - lg_cotrain - INFO - Phase 1 epoch 7/7: mean_prob1=0.2180, mean_prob2=0.2171
2026-02-28 05:18:23,054 - lg_cotrain - INFO - === Phase 2: Co-Training ===
2026-02-28 05:18:24,108 - lg_cotrain - INFO - LR scheduler: total_steps_1=3545, warmup=91; total_steps_2=3445, warmup=88
2026-02-28 05:18:24,108 - lg_cotrain - INFO - Phase 1 done -> seeded Phase 2 trackers. lambda1: mean=0.2180, range=[0.0244, 0.5940]
2026-02-28 05:18:24,109 - lg_cotrain - INFO - Phase 1 done -> seeded Phase 2 trackers. lambda2: mean=0.2171, range=[0.0111, 0.5783]
2026-02-28 05:19:39,579 - lg_cotrain - INFO - Phase 2 epoch 1/9: loss1=0.2073, loss2=0.2055, dev_macro_f1=0.6272, dev_err=32.88%
2026-02-28 05:20:55,027 - lg_cotrain - INFO - Phase 2 epoch 2/9: loss1=0.0563, loss2=0.2105, dev_macro_f1=0.6464, dev_err=31.27%
2026-02-28 05:22:10,488 - lg_cotrain - INFO - Phase 2 epoch 3/9: loss1=0.0363, loss2=0.1507, dev_macro_f1=0.6740, dev_err=28.57%
2026-02-28 05:23:25,765 - lg_cotrain - INFO - Phase 2 epoch 4/9: loss1=0.0296, loss2=0.0924, dev_macro_f1=0.6342, dev_err=32.21%
2026-02-28 05:24:41,047 - lg_cotrain - INFO - Phase 2 epoch 5/9: loss1=0.0191, loss2=0.0448, dev_macro_f1=0.6433, dev_err=31.67%
2026-02-28 05:25:56,411 - lg_cotrain - INFO - Phase 2 epoch 6/9: loss1=0.0143, loss2=0.0326, dev_macro_f1=0.6298, dev_err=32.21%
2026-02-28 05:27:11,715 - lg_cotrain - INFO - Phase 2 epoch 7/9: loss1=0.0120, loss2=0.0159, dev_macro_f1=0.6466, dev_err=31.27%
2026-02-28 05:28:27,065 - lg_cotrain - INFO - Phase 2 epoch 8/9: loss1=0.0063, loss2=0.0115, dev_macro_f1=0.6456, dev_err=31.54%
2026-02-28 05:29:42,438 - lg_cotrain - INFO - Phase 2 epoch 9/9: loss1=0.0052, loss2=0.0091, dev_macro_f1=0.6454, dev_err=31.67%
2026-02-28 05:29:42,438 - lg_cotrain - INFO - === Phase 3: Fine-Tuning ===
2026-02-28 05:29:46,341 - lg_cotrain - INFO - Phase 3 epoch 1: dev_macro_f1=0.6630, dev_err=31.27%, es_counter1=0, es_counter2=0
2026-02-28 05:29:50,255 - lg_cotrain - INFO - Phase 3 epoch 2: dev_macro_f1=0.6709, dev_err=30.46%, es_counter1=0, es_counter2=0
2026-02-28 05:29:54,141 - lg_cotrain - INFO - Phase 3 epoch 3: dev_macro_f1=0.6703, dev_err=29.92%, es_counter1=1, es_counter2=1
2026-02-28 05:29:58,035 - lg_cotrain - INFO - Phase 3 epoch 4: dev_macro_f1=0.6736, dev_err=29.78%, es_counter1=0, es_counter2=0
2026-02-28 05:30:01,922 - lg_cotrain - INFO - Phase 3 epoch 5: dev_macro_f1=0.6709, dev_err=30.19%, es_counter1=1, es_counter2=1
2026-02-28 05:30:05,825 - lg_cotrain - INFO - Phase 3 epoch 6: dev_macro_f1=0.6752, dev_err=29.65%, es_counter1=0, es_counter2=0
2026-02-28 05:30:09,731 - lg_cotrain - INFO - Phase 3 epoch 7: dev_macro_f1=0.6786, dev_err=29.38%, es_counter1=0, es_counter2=0
2026-02-28 05:30:13,638 - lg_cotrain - INFO - Phase 3 epoch 8: dev_macro_f1=0.6825, dev_err=28.98%, es_counter1=0, es_counter2=0
2026-02-28 05:30:17,522 - lg_cotrain - INFO - Phase 3 epoch 9: dev_macro_f1=0.6798, dev_err=29.25%, es_counter1=1, es_counter2=1
2026-02-28 05:30:21,412 - lg_cotrain - INFO - Phase 3 epoch 10: dev_macro_f1=0.6820, dev_err=29.25%, es_counter1=2, es_counter2=2
2026-02-28 05:30:25,292 - lg_cotrain - INFO - Phase 3 epoch 11: dev_macro_f1=0.6824, dev_err=29.25%, es_counter1=3, es_counter2=3
2026-02-28 05:30:29,220 - lg_cotrain - INFO - Phase 3 epoch 12: dev_macro_f1=0.6862, dev_err=29.11%, es_counter1=0, es_counter2=0
2026-02-28 05:30:33,110 - lg_cotrain - INFO - Phase 3 epoch 13: dev_macro_f1=0.6837, dev_err=29.38%, es_counter1=1, es_counter2=1
2026-02-28 05:30:36,998 - lg_cotrain - INFO - Phase 3 epoch 14: dev_macro_f1=0.6837, dev_err=29.38%, es_counter1=2, es_counter2=2
2026-02-28 05:30:40,893 - lg_cotrain - INFO - Phase 3 epoch 15: dev_macro_f1=0.6839, dev_err=29.38%, es_counter1=3, es_counter2=3
2026-02-28 05:30:44,819 - lg_cotrain - INFO - Phase 3 epoch 16: dev_macro_f1=0.6863, dev_err=29.25%, es_counter1=0, es_counter2=0
2026-02-28 05:30:48,708 - lg_cotrain - INFO - Phase 3 epoch 17: dev_macro_f1=0.6800, dev_err=29.65%, es_counter1=1, es_counter2=1
2026-02-28 05:30:52,594 - lg_cotrain - INFO - Phase 3 epoch 18: dev_macro_f1=0.6824, dev_err=29.51%, es_counter1=2, es_counter2=2
2026-02-28 05:30:56,470 - lg_cotrain - INFO - Phase 3 epoch 19: dev_macro_f1=0.6824, dev_err=29.51%, es_counter1=3, es_counter2=3
2026-02-28 05:31:00,350 - lg_cotrain - INFO - Phase 3 epoch 20: dev_macro_f1=0.6824, dev_err=29.51%, es_counter1=4, es_counter2=4
2026-02-28 05:31:04,235 - lg_cotrain - INFO - Phase 3 epoch 21: dev_macro_f1=0.6833, dev_err=29.38%, es_counter1=5, es_counter2=5
2026-02-28 05:31:08,120 - lg_cotrain - INFO - Phase 3 epoch 22: dev_macro_f1=0.6830, dev_err=29.38%, es_counter1=6, es_counter2=6
2026-02-28 05:31:12,012 - lg_cotrain - INFO - Phase 3 epoch 23: dev_macro_f1=0.6835, dev_err=29.38%, es_counter1=7, es_counter2=7
2026-02-28 05:31:15,892 - lg_cotrain - INFO - Phase 3 epoch 24: dev_macro_f1=0.6835, dev_err=29.38%, es_counter1=8, es_counter2=8
2026-02-28 05:31:19,775 - lg_cotrain - INFO - Phase 3 epoch 25: dev_macro_f1=0.6835, dev_err=29.38%, es_counter1=9, es_counter2=9
2026-02-28 05:31:19,775 - lg_cotrain - INFO - Early stopping at epoch 25
2026-02-28 05:31:19,784 - lg_cotrain - INFO - === Final Evaluation ===
2026-02-28 05:31:27,423 - lg_cotrain - INFO - Results saved to C:\Users\anhtr\AppData\Local\Temp\tmpqfhst_l1\hurricane_maria_2017\25_set3\metrics.json
2026-02-28 05:31:27,423 - lg_cotrain - INFO - Test error rate: 29.54%, Test macro-F1: 0.6791, Test ECE: 0.1921
2026-02-28 05:31:27,433 - lg_cotrain - INFO - --- Trial 8/10 done: dev_macro_f1=0.6863 ---
2026-02-28 05:31:27,434 - lg_cotrain - INFO - --- Trial 9/10 ---
2026-02-28 05:31:27,931 - lg_cotrain - INFO - Starting LG-CoTrain: event=hurricane_maria_2017, budget=25, seed_set=3
2026-02-28 05:31:27,966 - lg_cotrain - INFO - Detected 9 classes for event hurricane_maria_2017: ['caution_and_advice', 'displaced_people_and_evacuations', 'infrastructure_and_utility_damage', 'injured_or_dead_people', 'not_humanitarian', 'other_relevant_information', 'requests_or_urgent_needs', 'rescue_volunteering_or_donation_effort', 'sympathy_and_support']
2026-02-28 05:31:27,974 - lg_cotrain - INFO - D_l1: 117, D_l2: 108, D_LG: 4869
2026-02-28 05:31:27,975 - lg_cotrain - INFO - === Phase 1: Weight Generation ===
2026-02-28 05:31:48,076 - lg_cotrain - INFO - Phase 1 epoch 1/7: mean_prob1=0.1193, mean_prob2=0.1127
2026-02-28 05:32:07,152 - lg_cotrain - INFO - Phase 1 epoch 2/7: mean_prob1=0.1254, mean_prob2=0.1137
2026-02-28 05:32:26,301 - lg_cotrain - INFO - Phase 1 epoch 3/7: mean_prob1=0.1525, mean_prob2=0.1324
2026-02-28 05:32:45,646 - lg_cotrain - INFO - Phase 1 epoch 4/7: mean_prob1=0.2626, mean_prob2=0.1580
2026-02-28 05:33:04,809 - lg_cotrain - INFO - Phase 1 epoch 5/7: mean_prob1=0.4512, mean_prob2=0.2933
2026-02-28 05:33:24,001 - lg_cotrain - INFO - Phase 1 epoch 6/7: mean_prob1=0.4759, mean_prob2=0.4256
2026-02-28 05:33:43,352 - lg_cotrain - INFO - Phase 1 epoch 7/7: mean_prob1=0.4893, mean_prob2=0.4691
2026-02-28 05:33:43,352 - lg_cotrain - INFO - === Phase 2: Co-Training ===
2026-02-28 05:33:44,344 - lg_cotrain - INFO - LR scheduler: total_steps_1=2935, warmup=584; total_steps_2=2835, warmup=565
2026-02-28 05:33:44,345 - lg_cotrain - INFO - Phase 1 done -> seeded Phase 2 trackers. lambda1: mean=0.4893, range=[0.0015, 0.9843]
2026-02-28 05:33:44,345 - lg_cotrain - INFO - Phase 1 done -> seeded Phase 2 trackers. lambda2: mean=0.4691, range=[0.0022, 0.9508]
2026-02-28 05:34:59,609 - lg_cotrain - INFO - Phase 2 epoch 1/7: loss1=0.4517, loss2=0.4923, dev_macro_f1=0.6265, dev_err=32.08%
2026-02-28 05:36:14,856 - lg_cotrain - INFO - Phase 2 epoch 2/7: loss1=0.1180, loss2=0.3937, dev_macro_f1=0.6125, dev_err=34.10%
2026-02-28 05:37:30,225 - lg_cotrain - INFO - Phase 2 epoch 3/7: loss1=0.1165, loss2=0.3107, dev_macro_f1=0.6486, dev_err=30.73%
2026-02-28 05:38:45,493 - lg_cotrain - INFO - Phase 2 epoch 4/7: loss1=0.0735, loss2=0.1839, dev_macro_f1=0.6334, dev_err=31.81%
2026-02-28 05:40:00,862 - lg_cotrain - INFO - Phase 2 epoch 5/7: loss1=0.0615, loss2=0.1328, dev_macro_f1=0.6593, dev_err=30.73%
2026-02-28 05:41:16,485 - lg_cotrain - INFO - Phase 2 epoch 6/7: loss1=0.0321, loss2=0.0630, dev_macro_f1=0.6693, dev_err=29.65%
2026-02-28 05:42:32,257 - lg_cotrain - INFO - Phase 2 epoch 7/7: loss1=0.0285, loss2=0.0394, dev_macro_f1=0.6457, dev_err=30.46%
2026-02-28 05:42:32,257 - lg_cotrain - INFO - === Phase 3: Fine-Tuning ===
2026-02-28 05:42:36,165 - lg_cotrain - INFO - Phase 3 epoch 1: dev_macro_f1=0.6943, dev_err=28.71%, es_counter1=0, es_counter2=0
2026-02-28 05:42:40,047 - lg_cotrain - INFO - Phase 3 epoch 2: dev_macro_f1=0.6856, dev_err=30.19%, es_counter1=1, es_counter2=1
2026-02-28 05:42:43,948 - lg_cotrain - INFO - Phase 3 epoch 3: dev_macro_f1=0.6865, dev_err=29.51%, es_counter1=2, es_counter2=2
2026-02-28 05:42:47,838 - lg_cotrain - INFO - Phase 3 epoch 4: dev_macro_f1=0.6849, dev_err=29.11%, es_counter1=3, es_counter2=3
2026-02-28 05:42:51,742 - lg_cotrain - INFO - Phase 3 epoch 5: dev_macro_f1=0.6816, dev_err=28.98%, es_counter1=4, es_counter2=4
2026-02-28 05:42:55,630 - lg_cotrain - INFO - Phase 3 epoch 6: dev_macro_f1=0.6722, dev_err=29.92%, es_counter1=5, es_counter2=5
2026-02-28 05:42:59,514 - lg_cotrain - INFO - Phase 3 epoch 7: dev_macro_f1=0.6705, dev_err=30.19%, es_counter1=6, es_counter2=6
2026-02-28 05:43:03,416 - lg_cotrain - INFO - Phase 3 epoch 8: dev_macro_f1=0.6640, dev_err=30.46%, es_counter1=7, es_counter2=7
2026-02-28 05:43:03,416 - lg_cotrain - INFO - Early stopping at epoch 8
2026-02-28 05:43:03,430 - lg_cotrain - INFO - === Final Evaluation ===
2026-02-28 05:43:11,096 - lg_cotrain - INFO - Results saved to C:\Users\anhtr\AppData\Local\Temp\tmpovq017n9\hurricane_maria_2017\25_set3\metrics.json
2026-02-28 05:43:11,096 - lg_cotrain - INFO - Test error rate: 29.96%, Test macro-F1: 0.6778, Test ECE: 0.1014
2026-02-28 05:43:11,106 - lg_cotrain - INFO - --- Trial 9/10 done: dev_macro_f1=0.6943 ---
2026-02-28 05:43:11,106 - lg_cotrain - INFO - --- Trial 10/10 ---
2026-02-28 05:43:11,602 - lg_cotrain - INFO - Starting LG-CoTrain: event=hurricane_maria_2017, budget=25, seed_set=3
2026-02-28 05:43:11,637 - lg_cotrain - INFO - Detected 9 classes for event hurricane_maria_2017: ['caution_and_advice', 'displaced_people_and_evacuations', 'infrastructure_and_utility_damage', 'injured_or_dead_people', 'not_humanitarian', 'other_relevant_information', 'requests_or_urgent_needs', 'rescue_volunteering_or_donation_effort', 'sympathy_and_support']
2026-02-28 05:43:11,646 - lg_cotrain - INFO - D_l1: 117, D_l2: 108, D_LG: 4869
2026-02-28 05:43:11,648 - lg_cotrain - INFO - === Phase 1: Weight Generation ===
2026-02-28 05:43:31,832 - lg_cotrain - INFO - Phase 1 epoch 1/7: mean_prob1=0.1035, mean_prob2=0.1105
2026-02-28 05:43:51,053 - lg_cotrain - INFO - Phase 1 epoch 2/7: mean_prob1=0.1183, mean_prob2=0.1059
2026-02-28 05:44:10,153 - lg_cotrain - INFO - Phase 1 epoch 3/7: mean_prob1=0.1192, mean_prob2=0.1132
2026-02-28 05:44:29,250 - lg_cotrain - INFO - Phase 1 epoch 4/7: mean_prob1=0.1053, mean_prob2=0.1095
2026-02-28 05:44:48,441 - lg_cotrain - INFO - Phase 1 epoch 5/7: mean_prob1=0.1179, mean_prob2=0.1193
2026-02-28 05:45:07,649 - lg_cotrain - INFO - Phase 1 epoch 6/7: mean_prob1=0.1146, mean_prob2=0.1033
2026-02-28 05:45:26,664 - lg_cotrain - INFO - Phase 1 epoch 7/7: mean_prob1=0.1151, mean_prob2=0.1121
2026-02-28 05:45:26,664 - lg_cotrain - INFO - === Phase 2: Co-Training ===
2026-02-28 05:45:27,795 - lg_cotrain - INFO - LR scheduler: total_steps_1=5375, warmup=238; total_steps_2=5275, warmup=234
2026-02-28 05:45:27,795 - lg_cotrain - INFO - Phase 1 done -> seeded Phase 2 trackers. lambda1: mean=0.1151, range=[0.0875, 0.1256]
2026-02-28 05:45:27,796 - lg_cotrain - INFO - Phase 1 done -> seeded Phase 2 trackers. lambda2: mean=0.1121, range=[0.0730, 0.1463]
2026-02-28 05:46:42,926 - lg_cotrain - INFO - Phase 2 epoch 1/15: loss1=0.1666, loss2=0.1628, dev_macro_f1=0.0476, dev_err=72.78%
2026-02-28 05:47:58,009 - lg_cotrain - INFO - Phase 2 epoch 2/15: loss1=0.1546, loss2=0.3004, dev_macro_f1=0.0476, dev_err=72.78%
2026-02-28 05:49:13,165 - lg_cotrain - INFO - Phase 2 epoch 3/15: loss1=0.1233, loss2=0.3095, dev_macro_f1=0.0476, dev_err=72.78%
2026-02-28 05:50:28,315 - lg_cotrain - INFO - Phase 2 epoch 4/15: loss1=0.1174, loss2=0.3313, dev_macro_f1=0.0476, dev_err=72.78%
2026-02-28 05:51:43,511 - lg_cotrain - INFO - Phase 2 epoch 5/15: loss1=0.1090, loss2=0.3293, dev_macro_f1=0.0476, dev_err=72.78%
2026-02-28 05:52:58,593 - lg_cotrain - INFO - Phase 2 epoch 6/15: loss1=0.1084, loss2=0.3327, dev_macro_f1=0.0476, dev_err=72.78%
2026-02-28 05:54:13,771 - lg_cotrain - INFO - Phase 2 epoch 7/15: loss1=0.1067, loss2=0.3261, dev_macro_f1=0.0476, dev_err=72.78%
2026-02-28 05:55:28,929 - lg_cotrain - INFO - Phase 2 epoch 8/15: loss1=0.1020, loss2=0.3193, dev_macro_f1=0.0476, dev_err=72.78%
2026-02-28 05:56:44,166 - lg_cotrain - INFO - Phase 2 epoch 9/15: loss1=0.1002, loss2=0.3122, dev_macro_f1=0.0476, dev_err=72.78%
2026-02-28 05:57:59,400 - lg_cotrain - INFO - Phase 2 epoch 10/15: loss1=0.0965, loss2=0.3053, dev_macro_f1=0.0476, dev_err=72.78%
2026-02-28 05:59:14,710 - lg_cotrain - INFO - Phase 2 epoch 11/15: loss1=0.0946, loss2=0.2991, dev_macro_f1=0.0476, dev_err=72.78%
2026-02-28 06:00:30,006 - lg_cotrain - INFO - Phase 2 epoch 12/15: loss1=0.0938, loss2=0.2930, dev_macro_f1=0.0476, dev_err=72.78%
2026-02-28 06:01:45,304 - lg_cotrain - INFO - Phase 2 epoch 13/15: loss1=0.0924, loss2=0.2871, dev_macro_f1=0.0476, dev_err=72.78%
2026-02-28 06:03:00,458 - lg_cotrain - INFO - Phase 2 epoch 14/15: loss1=0.0909, loss2=0.2824, dev_macro_f1=0.0476, dev_err=72.78%
2026-02-28 06:04:15,523 - lg_cotrain - INFO - Phase 2 epoch 15/15: loss1=0.0890, loss2=0.2772, dev_macro_f1=0.0476, dev_err=72.78%
2026-02-28 06:04:15,523 - lg_cotrain - INFO - === Phase 3: Fine-Tuning ===
2026-02-28 06:04:19,375 - lg_cotrain - INFO - Phase 3 epoch 1: dev_macro_f1=0.0476, dev_err=72.78%, es_counter1=0, es_counter2=0
2026-02-28 06:04:23,219 - lg_cotrain - INFO - Phase 3 epoch 2: dev_macro_f1=0.0476, dev_err=72.78%, es_counter1=1, es_counter2=1
2026-02-28 06:04:27,056 - lg_cotrain - INFO - Phase 3 epoch 3: dev_macro_f1=0.0089, dev_err=95.82%, es_counter1=2, es_counter2=2
2026-02-28 06:04:30,916 - lg_cotrain - INFO - Phase 3 epoch 4: dev_macro_f1=0.0081, dev_err=96.23%, es_counter1=3, es_counter2=3
2026-02-28 06:04:34,752 - lg_cotrain - INFO - Phase 3 epoch 5: dev_macro_f1=0.0038, dev_err=98.25%, es_counter1=4, es_counter2=4
2026-02-28 06:04:38,593 - lg_cotrain - INFO - Phase 3 epoch 6: dev_macro_f1=0.0038, dev_err=98.25%, es_counter1=5, es_counter2=5
2026-02-28 06:04:42,439 - lg_cotrain - INFO - Phase 3 epoch 7: dev_macro_f1=0.0197, dev_err=90.30%, es_counter1=6, es_counter2=6
2026-02-28 06:04:46,284 - lg_cotrain - INFO - Phase 3 epoch 8: dev_macro_f1=0.0476, dev_err=72.78%, es_counter1=7, es_counter2=7
2026-02-28 06:04:50,140 - lg_cotrain - INFO - Phase 3 epoch 9: dev_macro_f1=0.0476, dev_err=72.78%, es_counter1=8, es_counter2=8
2026-02-28 06:04:50,141 - lg_cotrain - INFO - Early stopping at epoch 9
2026-02-28 06:04:50,149 - lg_cotrain - INFO - === Final Evaluation ===
2026-02-28 06:04:57,709 - lg_cotrain - INFO - Results saved to C:\Users\anhtr\AppData\Local\Temp\tmpi0fjml4n\hurricane_maria_2017\25_set3\metrics.json
2026-02-28 06:04:57,709 - lg_cotrain - INFO - Test error rate: 72.88%, Test macro-F1: 0.0474, Test ECE: 0.0922
2026-02-28 06:04:57,719 - lg_cotrain - INFO - --- Trial 10/10 done: dev_macro_f1=0.0476 ---
