2026-02-25 06:20:38,738 - lg_cotrain - INFO - === Optuna study: hurricane_florence_2018 budget=10 seed=2 | target=10 trials, 0 replayed, 10 new ===
2026-02-25 06:20:38,739 - lg_cotrain - INFO - --- Trial 1/10 ---
2026-02-25 06:20:39,239 - lg_cotrain - INFO - Starting LG-CoTrain: event=hurricane_florence_2018, budget=10, seed_set=2
2026-02-25 06:20:39,287 - lg_cotrain - INFO - Detected 9 classes for event hurricane_florence_2018: ['caution_and_advice', 'displaced_people_and_evacuations', 'infrastructure_and_utility_damage', 'injured_or_dead_people', 'not_humanitarian', 'other_relevant_information', 'requests_or_urgent_needs', 'rescue_volunteering_or_donation_effort', 'sympathy_and_support']
2026-02-25 06:20:39,295 - lg_cotrain - INFO - D_l1: 45, D_l2: 45, D_LG: 4294
2026-02-25 06:20:39,296 - lg_cotrain - INFO - === Phase 1: Weight Generation ===
2026-02-25 06:20:55,163 - lg_cotrain - INFO - Phase 1 epoch 1/7: mean_prob1=0.1147, mean_prob2=0.1174
2026-02-25 06:21:10,049 - lg_cotrain - INFO - Phase 1 epoch 2/7: mean_prob1=0.1145, mean_prob2=0.1168
2026-02-25 06:21:24,920 - lg_cotrain - INFO - Phase 1 epoch 3/7: mean_prob1=0.1146, mean_prob2=0.1165
2026-02-25 06:21:39,830 - lg_cotrain - INFO - Phase 1 epoch 4/7: mean_prob1=0.1151, mean_prob2=0.1161
2026-02-25 06:21:54,830 - lg_cotrain - INFO - Phase 1 epoch 5/7: mean_prob1=0.1157, mean_prob2=0.1156
2026-02-25 06:22:09,684 - lg_cotrain - INFO - Phase 1 epoch 6/7: mean_prob1=0.1161, mean_prob2=0.1152
2026-02-25 06:22:24,524 - lg_cotrain - INFO - Phase 1 epoch 7/7: mean_prob1=0.1165, mean_prob2=0.1151
2026-02-25 06:22:24,525 - lg_cotrain - INFO - === Phase 2: Co-Training ===
2026-02-25 06:22:25,520 - lg_cotrain - INFO - LR scheduler: total_steps_1=508, warmup=84; total_steps_2=508, warmup=84
2026-02-25 06:22:25,521 - lg_cotrain - INFO - Phase 1 done -> seeded Phase 2 trackers. lambda1: mean=0.1165, range=[0.0594, 0.2028]
2026-02-25 06:22:25,521 - lg_cotrain - INFO - Phase 1 done -> seeded Phase 2 trackers. lambda2: mean=0.1151, range=[0.0447, 0.2411]
2026-02-25 06:23:20,394 - lg_cotrain - INFO - Phase 2 epoch 1/6: loss1=0.2294, loss2=0.2535, dev_macro_f1=0.1889, dev_err=56.18%
2026-02-25 06:24:15,324 - lg_cotrain - INFO - Phase 2 epoch 2/6: loss1=0.1587, loss2=0.2997, dev_macro_f1=0.2964, dev_err=41.63%
2026-02-25 06:25:10,302 - lg_cotrain - INFO - Phase 2 epoch 3/6: loss1=0.0807, loss2=0.2392, dev_macro_f1=0.4981, dev_err=30.05%
2026-02-25 06:26:05,237 - lg_cotrain - INFO - Phase 2 epoch 4/6: loss1=0.0550, loss2=0.1980, dev_macro_f1=0.5815, dev_err=25.04%
2026-02-25 06:27:00,140 - lg_cotrain - INFO - Phase 2 epoch 5/6: loss1=0.0405, loss2=0.1572, dev_macro_f1=0.5981, dev_err=24.88%
2026-02-25 06:27:55,043 - lg_cotrain - INFO - Phase 2 epoch 6/6: loss1=0.0352, loss2=0.1322, dev_macro_f1=0.6031, dev_err=24.26%
2026-02-25 06:27:55,044 - lg_cotrain - INFO - === Phase 3: Fine-Tuning ===
2026-02-25 06:27:57,497 - lg_cotrain - INFO - Phase 3 epoch 1: dev_macro_f1=0.6074, dev_err=24.10%, es_counter1=0, es_counter2=0
2026-02-25 06:27:59,958 - lg_cotrain - INFO - Phase 3 epoch 2: dev_macro_f1=0.6091, dev_err=23.94%, es_counter1=0, es_counter2=0
2026-02-25 06:28:02,388 - lg_cotrain - INFO - Phase 3 epoch 3: dev_macro_f1=0.6064, dev_err=24.26%, es_counter1=1, es_counter2=1
2026-02-25 06:28:04,809 - lg_cotrain - INFO - Phase 3 epoch 4: dev_macro_f1=0.6031, dev_err=24.57%, es_counter1=2, es_counter2=2
2026-02-25 06:28:07,243 - lg_cotrain - INFO - Phase 3 epoch 5: dev_macro_f1=0.5972, dev_err=25.35%, es_counter1=3, es_counter2=3
2026-02-25 06:28:09,672 - lg_cotrain - INFO - Phase 3 epoch 6: dev_macro_f1=0.6003, dev_err=25.04%, es_counter1=4, es_counter2=4
2026-02-25 06:28:12,110 - lg_cotrain - INFO - Phase 3 epoch 7: dev_macro_f1=0.5948, dev_err=25.82%, es_counter1=5, es_counter2=5
2026-02-25 06:28:14,548 - lg_cotrain - INFO - Phase 3 epoch 8: dev_macro_f1=0.5917, dev_err=25.98%, es_counter1=6, es_counter2=6
2026-02-25 06:28:16,979 - lg_cotrain - INFO - Phase 3 epoch 9: dev_macro_f1=0.5941, dev_err=25.82%, es_counter1=7, es_counter2=7
2026-02-25 06:28:16,979 - lg_cotrain - INFO - Early stopping at epoch 9
2026-02-25 06:28:16,990 - lg_cotrain - INFO - === Final Evaluation ===
2026-02-25 06:28:22,949 - lg_cotrain - INFO - Results saved to C:\Users\anhtr\AppData\Local\Temp\tmpcqhqmf7n\hurricane_florence_2018\10_set2\metrics.json
2026-02-25 06:28:22,949 - lg_cotrain - INFO - Test error rate: 24.98%, Test macro-F1: 0.6080, Test ECE: 0.0862
2026-02-25 06:28:22,959 - lg_cotrain - INFO - --- Trial 1/10 done: dev_macro_f1=0.6091 ---
2026-02-25 06:28:22,960 - lg_cotrain - INFO - --- Trial 2/10 ---
2026-02-25 06:28:23,521 - lg_cotrain - INFO - Starting LG-CoTrain: event=hurricane_florence_2018, budget=10, seed_set=2
2026-02-25 06:28:23,557 - lg_cotrain - INFO - Detected 9 classes for event hurricane_florence_2018: ['caution_and_advice', 'displaced_people_and_evacuations', 'infrastructure_and_utility_damage', 'injured_or_dead_people', 'not_humanitarian', 'other_relevant_information', 'requests_or_urgent_needs', 'rescue_volunteering_or_donation_effort', 'sympathy_and_support']
2026-02-25 06:28:23,564 - lg_cotrain - INFO - D_l1: 45, D_l2: 45, D_LG: 4294
2026-02-25 06:28:23,565 - lg_cotrain - INFO - === Phase 1: Weight Generation ===
2026-02-25 06:28:40,791 - lg_cotrain - INFO - Phase 1 epoch 1/7: mean_prob1=0.1126, mean_prob2=0.1160
2026-02-25 06:28:57,097 - lg_cotrain - INFO - Phase 1 epoch 2/7: mean_prob1=0.1146, mean_prob2=0.1156
2026-02-25 06:29:13,371 - lg_cotrain - INFO - Phase 1 epoch 3/7: mean_prob1=0.1159, mean_prob2=0.1184
2026-02-25 06:29:29,665 - lg_cotrain - INFO - Phase 1 epoch 4/7: mean_prob1=0.1160, mean_prob2=0.1195
2026-02-25 06:29:45,983 - lg_cotrain - INFO - Phase 1 epoch 5/7: mean_prob1=0.1168, mean_prob2=0.1178
2026-02-25 06:30:02,264 - lg_cotrain - INFO - Phase 1 epoch 6/7: mean_prob1=0.1181, mean_prob2=0.1152
2026-02-25 06:30:18,561 - lg_cotrain - INFO - Phase 1 epoch 7/7: mean_prob1=0.1192, mean_prob2=0.1159
2026-02-25 06:30:18,562 - lg_cotrain - INFO - === Phase 2: Co-Training ===
2026-02-25 06:30:19,534 - lg_cotrain - INFO - LR scheduler: total_steps_1=4604, warmup=236; total_steps_2=4604, warmup=236
2026-02-25 06:30:19,535 - lg_cotrain - INFO - Phase 1 done -> seeded Phase 2 trackers. lambda1: mean=0.1192, range=[0.0522, 0.2176]
2026-02-25 06:30:19,535 - lg_cotrain - INFO - Phase 1 done -> seeded Phase 2 trackers. lambda2: mean=0.1159, range=[0.0449, 0.2752]
2026-02-25 06:31:25,938 - lg_cotrain - INFO - Phase 2 epoch 1/16: loss1=0.1999, loss2=0.2243, dev_macro_f1=0.4986, dev_err=30.67%
2026-02-25 06:32:32,355 - lg_cotrain - INFO - Phase 2 epoch 2/16: loss1=0.0698, loss2=0.1764, dev_macro_f1=0.6190, dev_err=24.10%
2026-02-25 06:33:38,727 - lg_cotrain - INFO - Phase 2 epoch 3/16: loss1=0.0290, loss2=0.1416, dev_macro_f1=0.6169, dev_err=25.04%
2026-02-25 06:34:45,125 - lg_cotrain - INFO - Phase 2 epoch 4/16: loss1=0.0180, loss2=0.0995, dev_macro_f1=0.6235, dev_err=24.10%
2026-02-25 06:35:51,483 - lg_cotrain - INFO - Phase 2 epoch 5/16: loss1=0.0132, loss2=0.0661, dev_macro_f1=0.6365, dev_err=23.94%
2026-02-25 06:36:57,896 - lg_cotrain - INFO - Phase 2 epoch 6/16: loss1=0.0141, loss2=0.0405, dev_macro_f1=0.6420, dev_err=23.63%
2026-02-25 06:38:04,081 - lg_cotrain - INFO - Phase 2 epoch 7/16: loss1=0.0101, loss2=0.0318, dev_macro_f1=0.6503, dev_err=23.16%
2026-02-25 06:39:10,390 - lg_cotrain - INFO - Phase 2 epoch 8/16: loss1=0.0068, loss2=0.0254, dev_macro_f1=0.6483, dev_err=23.16%
2026-02-25 06:40:16,942 - lg_cotrain - INFO - Phase 2 epoch 9/16: loss1=0.0067, loss2=0.0179, dev_macro_f1=0.6474, dev_err=23.32%
2026-02-25 06:41:23,560 - lg_cotrain - INFO - Phase 2 epoch 10/16: loss1=0.0046, loss2=0.0142, dev_macro_f1=0.6551, dev_err=23.32%
2026-02-25 06:42:30,014 - lg_cotrain - INFO - Phase 2 epoch 11/16: loss1=0.0032, loss2=0.0162, dev_macro_f1=0.6592, dev_err=23.00%
2026-02-25 06:43:36,435 - lg_cotrain - INFO - Phase 2 epoch 12/16: loss1=0.0042, loss2=0.0118, dev_macro_f1=0.6536, dev_err=23.32%
2026-02-25 06:44:42,828 - lg_cotrain - INFO - Phase 2 epoch 13/16: loss1=0.0035, loss2=0.0099, dev_macro_f1=0.6581, dev_err=23.00%
2026-02-25 06:45:49,214 - lg_cotrain - INFO - Phase 2 epoch 14/16: loss1=0.0032, loss2=0.0077, dev_macro_f1=0.6574, dev_err=23.16%
2026-02-25 06:46:55,625 - lg_cotrain - INFO - Phase 2 epoch 15/16: loss1=0.0032, loss2=0.0087, dev_macro_f1=0.6607, dev_err=22.69%
2026-02-25 06:48:02,057 - lg_cotrain - INFO - Phase 2 epoch 16/16: loss1=0.0032, loss2=0.0075, dev_macro_f1=0.6594, dev_err=23.00%
2026-02-25 06:48:02,057 - lg_cotrain - INFO - === Phase 3: Fine-Tuning ===
2026-02-25 06:48:04,818 - lg_cotrain - INFO - Phase 3 epoch 1: dev_macro_f1=0.6602, dev_err=22.85%, es_counter1=0, es_counter2=0
2026-02-25 06:48:07,581 - lg_cotrain - INFO - Phase 3 epoch 2: dev_macro_f1=0.6603, dev_err=22.85%, es_counter1=0, es_counter2=0
2026-02-25 06:48:10,345 - lg_cotrain - INFO - Phase 3 epoch 3: dev_macro_f1=0.6606, dev_err=22.85%, es_counter1=0, es_counter2=0
2026-02-25 06:48:13,075 - lg_cotrain - INFO - Phase 3 epoch 4: dev_macro_f1=0.6577, dev_err=22.85%, es_counter1=1, es_counter2=1
2026-02-25 06:48:15,838 - lg_cotrain - INFO - Phase 3 epoch 5: dev_macro_f1=0.6608, dev_err=22.38%, es_counter1=0, es_counter2=0
2026-02-25 06:48:18,575 - lg_cotrain - INFO - Phase 3 epoch 6: dev_macro_f1=0.6554, dev_err=22.54%, es_counter1=1, es_counter2=1
2026-02-25 06:48:21,319 - lg_cotrain - INFO - Phase 3 epoch 7: dev_macro_f1=0.6522, dev_err=22.85%, es_counter1=2, es_counter2=2
2026-02-25 06:48:24,058 - lg_cotrain - INFO - Phase 3 epoch 8: dev_macro_f1=0.6505, dev_err=23.16%, es_counter1=3, es_counter2=3
2026-02-25 06:48:26,796 - lg_cotrain - INFO - Phase 3 epoch 9: dev_macro_f1=0.6505, dev_err=23.16%, es_counter1=4, es_counter2=4
2026-02-25 06:48:29,543 - lg_cotrain - INFO - Phase 3 epoch 10: dev_macro_f1=0.6489, dev_err=23.32%, es_counter1=5, es_counter2=5
2026-02-25 06:48:32,304 - lg_cotrain - INFO - Phase 3 epoch 11: dev_macro_f1=0.6466, dev_err=23.63%, es_counter1=6, es_counter2=6
2026-02-25 06:48:35,036 - lg_cotrain - INFO - Phase 3 epoch 12: dev_macro_f1=0.6463, dev_err=23.94%, es_counter1=7, es_counter2=7
2026-02-25 06:48:37,781 - lg_cotrain - INFO - Phase 3 epoch 13: dev_macro_f1=0.6465, dev_err=23.94%, es_counter1=8, es_counter2=8
2026-02-25 06:48:40,520 - lg_cotrain - INFO - Phase 3 epoch 14: dev_macro_f1=0.6477, dev_err=23.94%, es_counter1=9, es_counter2=9
2026-02-25 06:48:43,266 - lg_cotrain - INFO - Phase 3 epoch 15: dev_macro_f1=0.6462, dev_err=24.10%, es_counter1=10, es_counter2=10
2026-02-25 06:48:43,267 - lg_cotrain - INFO - Early stopping at epoch 15
2026-02-25 06:48:43,277 - lg_cotrain - INFO - === Final Evaluation ===
2026-02-25 06:48:49,866 - lg_cotrain - INFO - Results saved to C:\Users\anhtr\AppData\Local\Temp\tmpxw82d_cz\hurricane_florence_2018\10_set2\metrics.json
2026-02-25 06:48:49,867 - lg_cotrain - INFO - Test error rate: 24.42%, Test macro-F1: 0.6480, Test ECE: 0.1909
2026-02-25 06:48:49,877 - lg_cotrain - INFO - --- Trial 2/10 done: dev_macro_f1=0.6608 ---
2026-02-25 06:48:49,877 - lg_cotrain - INFO - --- Trial 3/10 ---
2026-02-25 06:48:50,365 - lg_cotrain - INFO - Starting LG-CoTrain: event=hurricane_florence_2018, budget=10, seed_set=2
2026-02-25 06:48:50,399 - lg_cotrain - INFO - Detected 9 classes for event hurricane_florence_2018: ['caution_and_advice', 'displaced_people_and_evacuations', 'infrastructure_and_utility_damage', 'injured_or_dead_people', 'not_humanitarian', 'other_relevant_information', 'requests_or_urgent_needs', 'rescue_volunteering_or_donation_effort', 'sympathy_and_support']
2026-02-25 06:48:50,405 - lg_cotrain - INFO - D_l1: 45, D_l2: 45, D_LG: 4294
2026-02-25 06:48:50,406 - lg_cotrain - INFO - === Phase 1: Weight Generation ===
2026-02-25 06:49:09,194 - lg_cotrain - INFO - Phase 1 epoch 1/7: mean_prob1=0.1062, mean_prob2=0.1062
2026-02-25 06:49:26,997 - lg_cotrain - INFO - Phase 1 epoch 2/7: mean_prob1=0.1196, mean_prob2=0.1225
2026-02-25 06:49:44,821 - lg_cotrain - INFO - Phase 1 epoch 3/7: mean_prob1=0.1161, mean_prob2=0.1212
2026-02-25 06:50:02,659 - lg_cotrain - INFO - Phase 1 epoch 4/7: mean_prob1=0.1211, mean_prob2=0.1201
2026-02-25 06:50:20,523 - lg_cotrain - INFO - Phase 1 epoch 5/7: mean_prob1=0.1327, mean_prob2=0.1179
2026-02-25 06:50:38,334 - lg_cotrain - INFO - Phase 1 epoch 6/7: mean_prob1=0.1409, mean_prob2=0.1304
2026-02-25 06:50:56,101 - lg_cotrain - INFO - Phase 1 epoch 7/7: mean_prob1=0.1492, mean_prob2=0.1335
2026-02-25 06:50:56,101 - lg_cotrain - INFO - === Phase 2: Co-Training ===
2026-02-25 06:50:57,087 - lg_cotrain - INFO - LR scheduler: total_steps_1=4896, warmup=467; total_steps_2=4896, warmup=467
2026-02-25 06:50:57,087 - lg_cotrain - INFO - Phase 1 done -> seeded Phase 2 trackers. lambda1: mean=0.1492, range=[0.0320, 0.3342]
2026-02-25 06:50:57,088 - lg_cotrain - INFO - Phase 1 done -> seeded Phase 2 trackers. lambda2: mean=0.1335, range=[0.0223, 0.3054]
2026-02-25 06:52:15,060 - lg_cotrain - INFO - Phase 2 epoch 1/8: loss1=0.1698, loss2=0.1959, dev_macro_f1=0.5861, dev_err=29.58%
2026-02-25 06:53:33,052 - lg_cotrain - INFO - Phase 2 epoch 2/8: loss1=0.0405, loss2=0.2247, dev_macro_f1=0.6500, dev_err=22.85%
2026-02-25 06:54:50,780 - lg_cotrain - INFO - Phase 2 epoch 3/8: loss1=0.0237, loss2=0.1621, dev_macro_f1=0.6488, dev_err=23.32%
2026-02-25 06:56:08,359 - lg_cotrain - INFO - Phase 2 epoch 4/8: loss1=0.0249, loss2=0.0805, dev_macro_f1=0.6248, dev_err=24.88%
2026-02-25 06:57:26,584 - lg_cotrain - INFO - Phase 2 epoch 5/8: loss1=0.0132, loss2=0.0443, dev_macro_f1=0.6385, dev_err=24.88%
2026-02-25 06:58:45,138 - lg_cotrain - INFO - Phase 2 epoch 6/8: loss1=0.0096, loss2=0.0261, dev_macro_f1=0.6561, dev_err=23.16%
2026-02-25 07:00:03,450 - lg_cotrain - INFO - Phase 2 epoch 7/8: loss1=0.0112, loss2=0.0133, dev_macro_f1=0.6518, dev_err=23.63%
2026-02-25 07:01:21,671 - lg_cotrain - INFO - Phase 2 epoch 8/8: loss1=0.0054, loss2=0.0087, dev_macro_f1=0.6504, dev_err=23.63%
2026-02-25 07:01:21,671 - lg_cotrain - INFO - === Phase 3: Fine-Tuning ===
2026-02-25 07:01:24,748 - lg_cotrain - INFO - Phase 3 epoch 1: dev_macro_f1=0.6483, dev_err=24.10%, es_counter1=0, es_counter2=0
2026-02-25 07:01:27,823 - lg_cotrain - INFO - Phase 3 epoch 2: dev_macro_f1=0.6543, dev_err=23.94%, es_counter1=0, es_counter2=0
2026-02-25 07:01:30,899 - lg_cotrain - INFO - Phase 3 epoch 3: dev_macro_f1=0.6580, dev_err=23.63%, es_counter1=0, es_counter2=0
2026-02-25 07:01:33,958 - lg_cotrain - INFO - Phase 3 epoch 4: dev_macro_f1=0.6540, dev_err=24.57%, es_counter1=1, es_counter2=1
2026-02-25 07:01:37,024 - lg_cotrain - INFO - Phase 3 epoch 5: dev_macro_f1=0.6533, dev_err=24.73%, es_counter1=2, es_counter2=2
2026-02-25 07:01:40,085 - lg_cotrain - INFO - Phase 3 epoch 6: dev_macro_f1=0.6532, dev_err=24.57%, es_counter1=3, es_counter2=3
2026-02-25 07:01:43,171 - lg_cotrain - INFO - Phase 3 epoch 7: dev_macro_f1=0.6711, dev_err=24.26%, es_counter1=0, es_counter2=0
2026-02-25 07:01:46,237 - lg_cotrain - INFO - Phase 3 epoch 8: dev_macro_f1=0.6682, dev_err=24.57%, es_counter1=1, es_counter2=1
2026-02-25 07:01:49,294 - lg_cotrain - INFO - Phase 3 epoch 9: dev_macro_f1=0.6698, dev_err=24.57%, es_counter1=2, es_counter2=2
2026-02-25 07:01:52,359 - lg_cotrain - INFO - Phase 3 epoch 10: dev_macro_f1=0.6698, dev_err=24.57%, es_counter1=3, es_counter2=3
2026-02-25 07:01:55,415 - lg_cotrain - INFO - Phase 3 epoch 11: dev_macro_f1=0.6689, dev_err=24.73%, es_counter1=4, es_counter2=4
2026-02-25 07:01:58,480 - lg_cotrain - INFO - Phase 3 epoch 12: dev_macro_f1=0.6703, dev_err=24.57%, es_counter1=5, es_counter2=5
2026-02-25 07:02:01,570 - lg_cotrain - INFO - Phase 3 epoch 13: dev_macro_f1=0.6725, dev_err=24.26%, es_counter1=0, es_counter2=0
2026-02-25 07:02:04,625 - lg_cotrain - INFO - Phase 3 epoch 14: dev_macro_f1=0.6713, dev_err=24.41%, es_counter1=1, es_counter2=1
2026-02-25 07:02:07,705 - lg_cotrain - INFO - Phase 3 epoch 15: dev_macro_f1=0.6726, dev_err=24.10%, es_counter1=0, es_counter2=0
2026-02-25 07:02:10,789 - lg_cotrain - INFO - Phase 3 epoch 16: dev_macro_f1=0.6739, dev_err=23.94%, es_counter1=0, es_counter2=0
2026-02-25 07:02:13,837 - lg_cotrain - INFO - Phase 3 epoch 17: dev_macro_f1=0.6739, dev_err=23.94%, es_counter1=1, es_counter2=1
2026-02-25 07:02:16,904 - lg_cotrain - INFO - Phase 3 epoch 18: dev_macro_f1=0.6798, dev_err=23.47%, es_counter1=0, es_counter2=0
2026-02-25 07:02:19,968 - lg_cotrain - INFO - Phase 3 epoch 19: dev_macro_f1=0.6807, dev_err=23.32%, es_counter1=0, es_counter2=0
2026-02-25 07:02:23,029 - lg_cotrain - INFO - Phase 3 epoch 20: dev_macro_f1=0.6807, dev_err=23.32%, es_counter1=1, es_counter2=1
2026-02-25 07:02:26,078 - lg_cotrain - INFO - Phase 3 epoch 21: dev_macro_f1=0.6807, dev_err=23.32%, es_counter1=2, es_counter2=2
2026-02-25 07:02:29,126 - lg_cotrain - INFO - Phase 3 epoch 22: dev_macro_f1=0.6807, dev_err=23.32%, es_counter1=3, es_counter2=3
2026-02-25 07:02:32,198 - lg_cotrain - INFO - Phase 3 epoch 23: dev_macro_f1=0.6801, dev_err=23.32%, es_counter1=4, es_counter2=4
2026-02-25 07:02:35,244 - lg_cotrain - INFO - Phase 3 epoch 24: dev_macro_f1=0.6801, dev_err=23.32%, es_counter1=5, es_counter2=5
2026-02-25 07:02:38,323 - lg_cotrain - INFO - Phase 3 epoch 25: dev_macro_f1=0.6822, dev_err=23.16%, es_counter1=0, es_counter2=0
2026-02-25 07:02:41,382 - lg_cotrain - INFO - Phase 3 epoch 26: dev_macro_f1=0.6815, dev_err=23.16%, es_counter1=1, es_counter2=1
2026-02-25 07:02:44,454 - lg_cotrain - INFO - Phase 3 epoch 27: dev_macro_f1=0.6848, dev_err=22.85%, es_counter1=0, es_counter2=0
2026-02-25 07:02:47,512 - lg_cotrain - INFO - Phase 3 epoch 28: dev_macro_f1=0.6844, dev_err=22.85%, es_counter1=1, es_counter2=1
2026-02-25 07:02:50,569 - lg_cotrain - INFO - Phase 3 epoch 29: dev_macro_f1=0.6846, dev_err=22.85%, es_counter1=2, es_counter2=2
2026-02-25 07:02:53,636 - lg_cotrain - INFO - Phase 3 epoch 30: dev_macro_f1=0.6846, dev_err=22.85%, es_counter1=3, es_counter2=3
2026-02-25 07:02:56,695 - lg_cotrain - INFO - Phase 3 epoch 31: dev_macro_f1=0.6846, dev_err=22.85%, es_counter1=4, es_counter2=4
2026-02-25 07:02:59,753 - lg_cotrain - INFO - Phase 3 epoch 32: dev_macro_f1=0.6846, dev_err=22.85%, es_counter1=5, es_counter2=5
2026-02-25 07:03:02,820 - lg_cotrain - INFO - Phase 3 epoch 33: dev_macro_f1=0.6846, dev_err=22.85%, es_counter1=6, es_counter2=6
2026-02-25 07:03:05,884 - lg_cotrain - INFO - Phase 3 epoch 34: dev_macro_f1=0.6846, dev_err=22.85%, es_counter1=7, es_counter2=7
2026-02-25 07:03:08,935 - lg_cotrain - INFO - Phase 3 epoch 35: dev_macro_f1=0.6846, dev_err=22.85%, es_counter1=8, es_counter2=8
2026-02-25 07:03:08,936 - lg_cotrain - INFO - Early stopping at epoch 35
2026-02-25 07:03:08,943 - lg_cotrain - INFO - === Final Evaluation ===
2026-02-25 07:03:16,103 - lg_cotrain - INFO - Results saved to C:\Users\anhtr\AppData\Local\Temp\tmpkupkrqa3\hurricane_florence_2018\10_set2\metrics.json
2026-02-25 07:03:16,103 - lg_cotrain - INFO - Test error rate: 23.29%, Test macro-F1: 0.6897, Test ECE: 0.1007
2026-02-25 07:03:16,112 - lg_cotrain - INFO - --- Trial 3/10 done: dev_macro_f1=0.6848 ---
2026-02-25 07:03:16,112 - lg_cotrain - INFO - --- Trial 4/10 ---
2026-02-25 07:03:16,614 - lg_cotrain - INFO - Starting LG-CoTrain: event=hurricane_florence_2018, budget=10, seed_set=2
2026-02-25 07:03:16,646 - lg_cotrain - INFO - Detected 9 classes for event hurricane_florence_2018: ['caution_and_advice', 'displaced_people_and_evacuations', 'infrastructure_and_utility_damage', 'injured_or_dead_people', 'not_humanitarian', 'other_relevant_information', 'requests_or_urgent_needs', 'rescue_volunteering_or_donation_effort', 'sympathy_and_support']
2026-02-25 07:03:16,653 - lg_cotrain - INFO - D_l1: 45, D_l2: 45, D_LG: 4294
2026-02-25 07:03:16,655 - lg_cotrain - INFO - === Phase 1: Weight Generation ===
2026-02-25 07:03:33,971 - lg_cotrain - INFO - Phase 1 epoch 1/7: mean_prob1=0.1286, mean_prob2=0.1092
2026-02-25 07:03:50,159 - lg_cotrain - INFO - Phase 1 epoch 2/7: mean_prob1=0.1064, mean_prob2=0.1042
2026-02-25 07:04:06,320 - lg_cotrain - INFO - Phase 1 epoch 3/7: mean_prob1=0.1115, mean_prob2=0.1251
2026-02-25 07:04:22,443 - lg_cotrain - INFO - Phase 1 epoch 4/7: mean_prob1=0.1097, mean_prob2=0.1111
2026-02-25 07:04:38,602 - lg_cotrain - INFO - Phase 1 epoch 5/7: mean_prob1=0.1169, mean_prob2=0.0984
2026-02-25 07:04:54,702 - lg_cotrain - INFO - Phase 1 epoch 6/7: mean_prob1=0.1206, mean_prob2=0.1122
2026-02-25 07:05:10,817 - lg_cotrain - INFO - Phase 1 epoch 7/7: mean_prob1=0.1152, mean_prob2=0.1172
2026-02-25 07:05:10,817 - lg_cotrain - INFO - === Phase 2: Co-Training ===
2026-02-25 07:05:11,898 - lg_cotrain - INFO - LR scheduler: total_steps_1=5680, warmup=1425; total_steps_2=5680, warmup=1425
2026-02-25 07:05:11,899 - lg_cotrain - INFO - Phase 1 done -> seeded Phase 2 trackers. lambda1: mean=0.1152, range=[0.0928, 0.1327]
2026-02-25 07:05:11,899 - lg_cotrain - INFO - Phase 1 done -> seeded Phase 2 trackers. lambda2: mean=0.1172, range=[0.0828, 0.1641]
2026-02-25 07:06:18,344 - lg_cotrain - INFO - Phase 2 epoch 1/20: loss1=0.1464, loss2=0.1537, dev_macro_f1=0.5727, dev_err=29.11%
2026-02-25 07:07:24,709 - lg_cotrain - INFO - Phase 2 epoch 2/20: loss1=0.0560, loss2=0.4009, dev_macro_f1=0.5824, dev_err=28.01%
2026-02-25 07:08:30,862 - lg_cotrain - INFO - Phase 2 epoch 3/20: loss1=0.2738, loss2=1.0225, dev_macro_f1=0.0385, dev_err=79.03%
2026-02-25 07:09:37,034 - lg_cotrain - INFO - Phase 2 epoch 4/20: loss1=0.1820, loss2=1.5228, dev_macro_f1=0.0385, dev_err=79.03%
2026-02-25 07:10:43,143 - lg_cotrain - INFO - Phase 2 epoch 5/20: loss1=0.1016, loss2=1.3964, dev_macro_f1=0.0385, dev_err=79.03%
2026-02-25 07:11:49,163 - lg_cotrain - INFO - Phase 2 epoch 6/20: loss1=0.0686, loss2=1.3027, dev_macro_f1=0.0385, dev_err=79.03%
2026-02-25 07:12:55,133 - lg_cotrain - INFO - Phase 2 epoch 7/20: loss1=0.0577, loss2=1.2055, dev_macro_f1=0.0385, dev_err=79.03%
2026-02-25 07:14:01,136 - lg_cotrain - INFO - Phase 2 epoch 8/20: loss1=0.0535, loss2=1.1387, dev_macro_f1=0.0385, dev_err=79.03%
2026-02-25 07:15:07,092 - lg_cotrain - INFO - Phase 2 epoch 9/20: loss1=0.0508, loss2=1.0904, dev_macro_f1=0.0385, dev_err=79.03%
2026-02-25 07:16:13,052 - lg_cotrain - INFO - Phase 2 epoch 10/20: loss1=0.0531, loss2=1.0383, dev_macro_f1=0.0425, dev_err=76.37%
2026-02-25 07:17:19,081 - lg_cotrain - INFO - Phase 2 epoch 11/20: loss1=0.0542, loss2=0.9976, dev_macro_f1=0.0385, dev_err=79.03%
2026-02-25 07:18:24,944 - lg_cotrain - INFO - Phase 2 epoch 12/20: loss1=0.0575, loss2=0.9603, dev_macro_f1=0.0385, dev_err=79.03%
2026-02-25 07:19:30,710 - lg_cotrain - INFO - Phase 2 epoch 13/20: loss1=0.0568, loss2=0.9352, dev_macro_f1=0.0385, dev_err=79.03%
2026-02-25 07:20:36,384 - lg_cotrain - INFO - Phase 2 epoch 14/20: loss1=0.0579, loss2=0.9089, dev_macro_f1=0.0385, dev_err=79.03%
2026-02-25 07:21:42,337 - lg_cotrain - INFO - Phase 2 epoch 15/20: loss1=0.0597, loss2=0.8821, dev_macro_f1=0.0385, dev_err=79.03%
2026-02-25 07:22:48,531 - lg_cotrain - INFO - Phase 2 epoch 16/20: loss1=0.0622, loss2=0.8573, dev_macro_f1=0.0385, dev_err=79.03%
2026-02-25 07:23:54,602 - lg_cotrain - INFO - Phase 2 epoch 17/20: loss1=0.0648, loss2=0.8385, dev_macro_f1=0.0385, dev_err=79.03%
2026-02-25 07:25:00,653 - lg_cotrain - INFO - Phase 2 epoch 18/20: loss1=0.0665, loss2=0.8194, dev_macro_f1=0.0385, dev_err=79.03%
2026-02-25 07:26:06,722 - lg_cotrain - INFO - Phase 2 epoch 19/20: loss1=0.0687, loss2=0.8017, dev_macro_f1=0.0385, dev_err=79.03%
2026-02-25 07:27:12,799 - lg_cotrain - INFO - Phase 2 epoch 20/20: loss1=0.0707, loss2=0.7853, dev_macro_f1=0.0385, dev_err=79.03%
2026-02-25 07:27:12,799 - lg_cotrain - INFO - === Phase 3: Fine-Tuning ===
2026-02-25 07:27:15,526 - lg_cotrain - INFO - Phase 3 epoch 1: dev_macro_f1=0.0385, dev_err=79.03%, es_counter1=0, es_counter2=0
2026-02-25 07:27:18,225 - lg_cotrain - INFO - Phase 3 epoch 2: dev_macro_f1=0.0385, dev_err=79.03%, es_counter1=1, es_counter2=1
2026-02-25 07:27:20,921 - lg_cotrain - INFO - Phase 3 epoch 3: dev_macro_f1=0.0017, dev_err=99.22%, es_counter1=2, es_counter2=2
2026-02-25 07:27:23,620 - lg_cotrain - INFO - Phase 3 epoch 4: dev_macro_f1=0.0385, dev_err=79.03%, es_counter1=3, es_counter2=3
2026-02-25 07:27:26,313 - lg_cotrain - INFO - Phase 3 epoch 5: dev_macro_f1=0.0321, dev_err=83.10%, es_counter1=4, es_counter2=4
2026-02-25 07:27:29,013 - lg_cotrain - INFO - Phase 3 epoch 6: dev_macro_f1=0.0385, dev_err=79.03%, es_counter1=5, es_counter2=5
2026-02-25 07:27:31,726 - lg_cotrain - INFO - Phase 3 epoch 7: dev_macro_f1=0.0385, dev_err=79.03%, es_counter1=6, es_counter2=6
2026-02-25 07:27:31,726 - lg_cotrain - INFO - Early stopping at epoch 7
2026-02-25 07:27:31,735 - lg_cotrain - INFO - === Final Evaluation ===
2026-02-25 07:27:38,197 - lg_cotrain - INFO - Results saved to C:\Users\anhtr\AppData\Local\Temp\tmpire3jakn\hurricane_florence_2018\10_set2\metrics.json
2026-02-25 07:27:38,198 - lg_cotrain - INFO - Test error rate: 79.13%, Test macro-F1: 0.0384, Test ECE: 0.1009
2026-02-25 07:27:38,210 - lg_cotrain - INFO - --- Trial 4/10 done: dev_macro_f1=0.0385 ---
2026-02-25 07:27:38,210 - lg_cotrain - INFO - --- Trial 5/10 ---
2026-02-25 07:27:38,720 - lg_cotrain - INFO - Starting LG-CoTrain: event=hurricane_florence_2018, budget=10, seed_set=2
2026-02-25 07:27:38,753 - lg_cotrain - INFO - Detected 9 classes for event hurricane_florence_2018: ['caution_and_advice', 'displaced_people_and_evacuations', 'infrastructure_and_utility_damage', 'injured_or_dead_people', 'not_humanitarian', 'other_relevant_information', 'requests_or_urgent_needs', 'rescue_volunteering_or_donation_effort', 'sympathy_and_support']
2026-02-25 07:27:38,762 - lg_cotrain - INFO - D_l1: 45, D_l2: 45, D_LG: 4294
2026-02-25 07:27:38,762 - lg_cotrain - INFO - === Phase 1: Weight Generation ===
2026-02-25 07:27:56,006 - lg_cotrain - INFO - Phase 1 epoch 1/7: mean_prob1=0.1127, mean_prob2=0.1088
2026-02-25 07:28:12,267 - lg_cotrain - INFO - Phase 1 epoch 2/7: mean_prob1=0.0974, mean_prob2=0.1033
2026-02-25 07:28:28,530 - lg_cotrain - INFO - Phase 1 epoch 3/7: mean_prob1=0.1050, mean_prob2=0.1163
2026-02-25 07:28:44,783 - lg_cotrain - INFO - Phase 1 epoch 4/7: mean_prob1=0.1098, mean_prob2=0.1111
2026-02-25 07:29:01,005 - lg_cotrain - INFO - Phase 1 epoch 5/7: mean_prob1=0.1171, mean_prob2=0.1179
2026-02-25 07:29:17,199 - lg_cotrain - INFO - Phase 1 epoch 6/7: mean_prob1=0.1189, mean_prob2=0.1278
2026-02-25 07:29:33,488 - lg_cotrain - INFO - Phase 1 epoch 7/7: mean_prob1=0.1137, mean_prob2=0.1402
2026-02-25 07:29:33,488 - lg_cotrain - INFO - === Phase 2: Co-Training ===
2026-02-25 07:29:34,489 - lg_cotrain - INFO - LR scheduler: total_steps_1=3528, warmup=555; total_steps_2=3528, warmup=555
2026-02-25 07:29:34,490 - lg_cotrain - INFO - Phase 1 done -> seeded Phase 2 trackers. lambda1: mean=0.1137, range=[0.0959, 0.1376]
2026-02-25 07:29:34,490 - lg_cotrain - INFO - Phase 1 done -> seeded Phase 2 trackers. lambda2: mean=0.1402, range=[0.0043, 0.3549]
2026-02-25 07:30:40,902 - lg_cotrain - INFO - Phase 2 epoch 1/12: loss1=0.1527, loss2=0.1441, dev_macro_f1=0.5814, dev_err=28.17%
2026-02-25 07:31:47,026 - lg_cotrain - INFO - Phase 2 epoch 2/12: loss1=0.2027, loss2=1.1089, dev_macro_f1=0.0385, dev_err=79.03%
2026-02-25 07:32:53,159 - lg_cotrain - INFO - Phase 2 epoch 3/12: loss1=0.1102, loss2=1.0072, dev_macro_f1=0.0385, dev_err=79.03%
2026-02-25 07:33:59,277 - lg_cotrain - INFO - Phase 2 epoch 4/12: loss1=0.0806, loss2=0.9045, dev_macro_f1=0.0385, dev_err=79.03%
2026-02-25 07:35:05,395 - lg_cotrain - INFO - Phase 2 epoch 5/12: loss1=0.0772, loss2=0.8370, dev_macro_f1=0.0385, dev_err=79.03%
2026-02-25 07:36:11,574 - lg_cotrain - INFO - Phase 2 epoch 6/12: loss1=0.0746, loss2=0.7852, dev_macro_f1=0.0385, dev_err=79.03%
2026-02-25 07:37:17,741 - lg_cotrain - INFO - Phase 2 epoch 7/12: loss1=0.0757, loss2=0.7448, dev_macro_f1=0.0385, dev_err=79.03%
2026-02-25 07:38:23,828 - lg_cotrain - INFO - Phase 2 epoch 8/12: loss1=0.0780, loss2=0.7136, dev_macro_f1=0.0385, dev_err=79.03%
2026-02-25 07:39:29,885 - lg_cotrain - INFO - Phase 2 epoch 9/12: loss1=0.0779, loss2=0.6873, dev_macro_f1=0.0385, dev_err=79.03%
2026-02-25 07:40:36,043 - lg_cotrain - INFO - Phase 2 epoch 10/12: loss1=0.0809, loss2=0.6640, dev_macro_f1=0.0385, dev_err=79.03%
2026-02-25 07:41:42,112 - lg_cotrain - INFO - Phase 2 epoch 11/12: loss1=0.0825, loss2=0.6435, dev_macro_f1=0.0385, dev_err=79.03%
2026-02-25 07:42:48,272 - lg_cotrain - INFO - Phase 2 epoch 12/12: loss1=0.0843, loss2=0.6266, dev_macro_f1=0.0385, dev_err=79.03%
2026-02-25 07:42:48,272 - lg_cotrain - INFO - === Phase 3: Fine-Tuning ===
2026-02-25 07:42:50,997 - lg_cotrain - INFO - Phase 3 epoch 1: dev_macro_f1=0.0385, dev_err=79.03%, es_counter1=0, es_counter2=0
2026-02-25 07:42:53,706 - lg_cotrain - INFO - Phase 3 epoch 2: dev_macro_f1=0.0385, dev_err=79.03%, es_counter1=1, es_counter2=1
2026-02-25 07:42:56,409 - lg_cotrain - INFO - Phase 3 epoch 3: dev_macro_f1=0.0385, dev_err=79.03%, es_counter1=2, es_counter2=2
2026-02-25 07:42:59,117 - lg_cotrain - INFO - Phase 3 epoch 4: dev_macro_f1=0.0385, dev_err=79.03%, es_counter1=3, es_counter2=3
2026-02-25 07:43:01,821 - lg_cotrain - INFO - Phase 3 epoch 5: dev_macro_f1=0.0017, dev_err=99.22%, es_counter1=4, es_counter2=4
2026-02-25 07:43:04,523 - lg_cotrain - INFO - Phase 3 epoch 6: dev_macro_f1=0.0017, dev_err=99.22%, es_counter1=5, es_counter2=5
2026-02-25 07:43:07,236 - lg_cotrain - INFO - Phase 3 epoch 7: dev_macro_f1=0.0017, dev_err=99.22%, es_counter1=6, es_counter2=6
2026-02-25 07:43:09,946 - lg_cotrain - INFO - Phase 3 epoch 8: dev_macro_f1=0.0385, dev_err=79.03%, es_counter1=7, es_counter2=7
2026-02-25 07:43:12,655 - lg_cotrain - INFO - Phase 3 epoch 9: dev_macro_f1=0.0385, dev_err=79.03%, es_counter1=8, es_counter2=8
2026-02-25 07:43:15,369 - lg_cotrain - INFO - Phase 3 epoch 10: dev_macro_f1=0.0385, dev_err=79.03%, es_counter1=9, es_counter2=9
2026-02-25 07:43:15,370 - lg_cotrain - INFO - Early stopping at epoch 10
2026-02-25 07:43:15,381 - lg_cotrain - INFO - === Final Evaluation ===
2026-02-25 07:43:21,886 - lg_cotrain - INFO - Results saved to C:\Users\anhtr\AppData\Local\Temp\tmpg2fax1f8\hurricane_florence_2018\10_set2\metrics.json
2026-02-25 07:43:21,886 - lg_cotrain - INFO - Test error rate: 79.13%, Test macro-F1: 0.0384, Test ECE: 0.1947
2026-02-25 07:43:21,897 - lg_cotrain - INFO - --- Trial 5/10 done: dev_macro_f1=0.0385 ---
2026-02-25 07:43:21,897 - lg_cotrain - INFO - --- Trial 6/10 ---
2026-02-25 07:43:22,408 - lg_cotrain - INFO - Starting LG-CoTrain: event=hurricane_florence_2018, budget=10, seed_set=2
2026-02-25 07:43:22,445 - lg_cotrain - INFO - Detected 9 classes for event hurricane_florence_2018: ['caution_and_advice', 'displaced_people_and_evacuations', 'infrastructure_and_utility_damage', 'injured_or_dead_people', 'not_humanitarian', 'other_relevant_information', 'requests_or_urgent_needs', 'rescue_volunteering_or_donation_effort', 'sympathy_and_support']
2026-02-25 07:43:22,453 - lg_cotrain - INFO - D_l1: 45, D_l2: 45, D_LG: 4294
2026-02-25 07:43:22,453 - lg_cotrain - INFO - === Phase 1: Weight Generation ===
2026-02-25 07:43:41,388 - lg_cotrain - INFO - Phase 1 epoch 1/7: mean_prob1=0.1271, mean_prob2=0.1169
2026-02-25 07:43:59,268 - lg_cotrain - INFO - Phase 1 epoch 2/7: mean_prob1=0.1172, mean_prob2=0.1117
2026-02-25 07:44:17,145 - lg_cotrain - INFO - Phase 1 epoch 3/7: mean_prob1=0.1246, mean_prob2=0.1119
2026-02-25 07:44:35,002 - lg_cotrain - INFO - Phase 1 epoch 4/7: mean_prob1=0.1180, mean_prob2=0.1152
2026-02-25 07:44:52,867 - lg_cotrain - INFO - Phase 1 epoch 5/7: mean_prob1=0.1439, mean_prob2=0.1289
2026-02-25 07:45:10,649 - lg_cotrain - INFO - Phase 1 epoch 6/7: mean_prob1=0.1518, mean_prob2=0.1334
2026-02-25 07:45:28,437 - lg_cotrain - INFO - Phase 1 epoch 7/7: mean_prob1=0.1578, mean_prob2=0.1812
2026-02-25 07:45:28,437 - lg_cotrain - INFO - === Phase 2: Co-Training ===
2026-02-25 07:45:29,489 - lg_cotrain - INFO - LR scheduler: total_steps_1=9192, warmup=1177; total_steps_2=9192, warmup=1177
2026-02-25 07:45:29,490 - lg_cotrain - INFO - Phase 1 done -> seeded Phase 2 trackers. lambda1: mean=0.1578, range=[0.0133, 0.7110]
2026-02-25 07:45:29,490 - lg_cotrain - INFO - Phase 1 done -> seeded Phase 2 trackers. lambda2: mean=0.1812, range=[0.0160, 0.7063]
2026-02-25 07:46:47,244 - lg_cotrain - INFO - Phase 2 epoch 1/16: loss1=0.1939, loss2=0.1781, dev_macro_f1=0.5732, dev_err=29.42%
2026-02-25 07:48:05,095 - lg_cotrain - INFO - Phase 2 epoch 2/16: loss1=0.0724, loss2=0.4224, dev_macro_f1=0.5545, dev_err=32.24%
2026-02-25 07:49:23,268 - lg_cotrain - INFO - Phase 2 epoch 3/16: loss1=0.1474, loss2=1.4078, dev_macro_f1=0.0385, dev_err=79.03%
2026-02-25 07:50:41,803 - lg_cotrain - INFO - Phase 2 epoch 4/16: loss1=0.2187, loss2=1.3723, dev_macro_f1=0.0385, dev_err=79.03%
2026-02-25 07:52:00,054 - lg_cotrain - INFO - Phase 2 epoch 5/16: loss1=0.1252, loss2=1.2554, dev_macro_f1=0.0385, dev_err=79.03%
2026-02-25 07:53:18,182 - lg_cotrain - INFO - Phase 2 epoch 6/16: loss1=0.0794, loss2=1.1631, dev_macro_f1=0.0385, dev_err=79.03%
2026-02-25 07:54:36,379 - lg_cotrain - INFO - Phase 2 epoch 7/16: loss1=0.0587, loss2=1.0913, dev_macro_f1=0.1100, dev_err=65.73%
2026-02-25 07:55:54,467 - lg_cotrain - INFO - Phase 2 epoch 8/16: loss1=0.0403, loss2=1.0640, dev_macro_f1=0.0385, dev_err=79.03%
2026-02-25 07:57:12,104 - lg_cotrain - INFO - Phase 2 epoch 9/16: loss1=0.0356, loss2=1.0276, dev_macro_f1=0.1071, dev_err=68.23%
2026-02-25 07:58:29,316 - lg_cotrain - INFO - Phase 2 epoch 10/16: loss1=0.0469, loss2=1.0043, dev_macro_f1=0.0385, dev_err=79.03%
2026-02-25 07:59:46,552 - lg_cotrain - INFO - Phase 2 epoch 11/16: loss1=0.0510, loss2=0.9649, dev_macro_f1=0.0385, dev_err=79.03%
2026-02-25 08:01:04,504 - lg_cotrain - INFO - Phase 2 epoch 12/16: loss1=0.0482, loss2=0.9313, dev_macro_f1=0.0385, dev_err=79.03%
2026-02-25 08:02:22,792 - lg_cotrain - INFO - Phase 2 epoch 13/16: loss1=0.0381, loss2=0.9107, dev_macro_f1=0.0868, dev_err=72.93%
2026-02-25 08:03:40,976 - lg_cotrain - INFO - Phase 2 epoch 14/16: loss1=0.0347, loss2=0.8969, dev_macro_f1=0.2092, dev_err=50.70%
2026-02-25 08:04:59,001 - lg_cotrain - INFO - Phase 2 epoch 15/16: loss1=0.0270, loss2=0.9122, dev_macro_f1=0.2173, dev_err=47.57%
2026-02-25 08:06:17,104 - lg_cotrain - INFO - Phase 2 epoch 16/16: loss1=0.0212, loss2=0.9380, dev_macro_f1=0.2187, dev_err=48.51%
2026-02-25 08:06:17,105 - lg_cotrain - INFO - === Phase 3: Fine-Tuning ===
2026-02-25 08:06:20,165 - lg_cotrain - INFO - Phase 3 epoch 1: dev_macro_f1=0.2136, dev_err=48.83%, es_counter1=0, es_counter2=0
2026-02-25 08:06:23,210 - lg_cotrain - INFO - Phase 3 epoch 2: dev_macro_f1=0.1099, dev_err=69.01%, es_counter1=1, es_counter2=1
2026-02-25 08:06:26,257 - lg_cotrain - INFO - Phase 3 epoch 3: dev_macro_f1=0.1055, dev_err=71.52%, es_counter1=2, es_counter2=2
2026-02-25 08:06:29,303 - lg_cotrain - INFO - Phase 3 epoch 4: dev_macro_f1=0.1176, dev_err=70.89%, es_counter1=3, es_counter2=3
2026-02-25 08:06:32,367 - lg_cotrain - INFO - Phase 3 epoch 5: dev_macro_f1=0.1054, dev_err=72.14%, es_counter1=4, es_counter2=4
2026-02-25 08:06:35,426 - lg_cotrain - INFO - Phase 3 epoch 6: dev_macro_f1=0.1407, dev_err=66.04%, es_counter1=5, es_counter2=5
2026-02-25 08:06:35,426 - lg_cotrain - INFO - Early stopping at epoch 6
2026-02-25 08:06:35,436 - lg_cotrain - INFO - === Final Evaluation ===
2026-02-25 08:06:42,564 - lg_cotrain - INFO - Results saved to C:\Users\anhtr\AppData\Local\Temp\tmpmh8w05al\hurricane_florence_2018\10_set2\metrics.json
2026-02-25 08:06:42,564 - lg_cotrain - INFO - Test error rate: 48.59%, Test macro-F1: 0.2147, Test ECE: 0.1340
2026-02-25 08:06:42,576 - lg_cotrain - INFO - --- Trial 6/10 done: dev_macro_f1=0.2136 ---
2026-02-25 08:06:42,577 - lg_cotrain - INFO - --- Trial 7/10 ---
2026-02-25 08:06:43,085 - lg_cotrain - INFO - Starting LG-CoTrain: event=hurricane_florence_2018, budget=10, seed_set=2
2026-02-25 08:06:43,118 - lg_cotrain - INFO - Detected 9 classes for event hurricane_florence_2018: ['caution_and_advice', 'displaced_people_and_evacuations', 'infrastructure_and_utility_damage', 'injured_or_dead_people', 'not_humanitarian', 'other_relevant_information', 'requests_or_urgent_needs', 'rescue_volunteering_or_donation_effort', 'sympathy_and_support']
2026-02-25 08:06:43,125 - lg_cotrain - INFO - D_l1: 45, D_l2: 45, D_LG: 4294
2026-02-25 08:06:43,126 - lg_cotrain - INFO - === Phase 1: Weight Generation ===
2026-02-25 08:07:00,389 - lg_cotrain - INFO - Phase 1 epoch 1/7: mean_prob1=0.1368, mean_prob2=0.1184
2026-02-25 08:07:16,604 - lg_cotrain - INFO - Phase 1 epoch 2/7: mean_prob1=0.1226, mean_prob2=0.1145
2026-02-25 08:07:32,844 - lg_cotrain - INFO - Phase 1 epoch 3/7: mean_prob1=0.1229, mean_prob2=0.1080
2026-02-25 08:07:49,092 - lg_cotrain - INFO - Phase 1 epoch 4/7: mean_prob1=0.1098, mean_prob2=0.1130
2026-02-25 08:08:05,330 - lg_cotrain - INFO - Phase 1 epoch 5/7: mean_prob1=0.1149, mean_prob2=0.1099
2026-02-25 08:08:21,490 - lg_cotrain - INFO - Phase 1 epoch 6/7: mean_prob1=0.1129, mean_prob2=0.1131
2026-02-25 08:08:37,731 - lg_cotrain - INFO - Phase 1 epoch 7/7: mean_prob1=0.1053, mean_prob2=0.1120
2026-02-25 08:08:37,731 - lg_cotrain - INFO - === Phase 2: Co-Training ===
2026-02-25 08:08:38,774 - lg_cotrain - INFO - LR scheduler: total_steps_1=4335, warmup=317; total_steps_2=4335, warmup=317
2026-02-25 08:08:38,774 - lg_cotrain - INFO - Phase 1 done -> seeded Phase 2 trackers. lambda1: mean=0.1053, range=[0.0877, 0.1781]
2026-02-25 08:08:38,775 - lg_cotrain - INFO - Phase 1 done -> seeded Phase 2 trackers. lambda2: mean=0.1120, range=[0.0700, 0.1418]
2026-02-25 08:09:45,022 - lg_cotrain - INFO - Phase 2 epoch 1/15: loss1=0.1546, loss2=0.1566, dev_macro_f1=0.0385, dev_err=79.03%
2026-02-25 08:10:51,154 - lg_cotrain - INFO - Phase 2 epoch 2/15: loss1=0.1883, loss2=0.3191, dev_macro_f1=0.0385, dev_err=79.03%
2026-02-25 08:11:57,300 - lg_cotrain - INFO - Phase 2 epoch 3/15: loss1=0.1514, loss2=0.3434, dev_macro_f1=0.0385, dev_err=79.03%
2026-02-25 08:13:03,450 - lg_cotrain - INFO - Phase 2 epoch 4/15: loss1=0.1501, loss2=0.3498, dev_macro_f1=0.0321, dev_err=83.10%
2026-02-25 08:14:09,650 - lg_cotrain - INFO - Phase 2 epoch 5/15: loss1=0.1478, loss2=0.3564, dev_macro_f1=0.0385, dev_err=79.03%
2026-02-25 08:15:15,782 - lg_cotrain - INFO - Phase 2 epoch 6/15: loss1=0.1520, loss2=0.3561, dev_macro_f1=0.0385, dev_err=79.03%
2026-02-25 08:16:21,932 - lg_cotrain - INFO - Phase 2 epoch 7/15: loss1=0.1519, loss2=0.3571, dev_macro_f1=0.0321, dev_err=83.10%
2026-02-25 08:17:28,096 - lg_cotrain - INFO - Phase 2 epoch 8/15: loss1=0.1548, loss2=0.3563, dev_macro_f1=0.0385, dev_err=79.03%
2026-02-25 08:18:34,234 - lg_cotrain - INFO - Phase 2 epoch 9/15: loss1=0.1562, loss2=0.3550, dev_macro_f1=0.0321, dev_err=83.10%
2026-02-25 08:19:40,451 - lg_cotrain - INFO - Phase 2 epoch 10/15: loss1=0.1572, loss2=0.3535, dev_macro_f1=0.0385, dev_err=79.03%
2026-02-25 08:20:46,489 - lg_cotrain - INFO - Phase 2 epoch 11/15: loss1=0.1582, loss2=0.3518, dev_macro_f1=0.0385, dev_err=79.03%
2026-02-25 08:21:52,348 - lg_cotrain - INFO - Phase 2 epoch 12/15: loss1=0.1587, loss2=0.3490, dev_macro_f1=0.0385, dev_err=79.03%
2026-02-25 08:22:58,180 - lg_cotrain - INFO - Phase 2 epoch 13/15: loss1=0.1599, loss2=0.3474, dev_macro_f1=0.0385, dev_err=79.03%
2026-02-25 08:24:04,398 - lg_cotrain - INFO - Phase 2 epoch 14/15: loss1=0.1607, loss2=0.3448, dev_macro_f1=0.0385, dev_err=79.03%
2026-02-25 08:25:10,760 - lg_cotrain - INFO - Phase 2 epoch 15/15: loss1=0.1619, loss2=0.3427, dev_macro_f1=0.0385, dev_err=79.03%
2026-02-25 08:25:10,760 - lg_cotrain - INFO - === Phase 3: Fine-Tuning ===
2026-02-25 08:25:13,491 - lg_cotrain - INFO - Phase 3 epoch 1: dev_macro_f1=0.0385, dev_err=79.03%, es_counter1=0, es_counter2=0
2026-02-25 08:25:16,210 - lg_cotrain - INFO - Phase 3 epoch 2: dev_macro_f1=0.0385, dev_err=79.03%, es_counter1=1, es_counter2=1
2026-02-25 08:25:18,925 - lg_cotrain - INFO - Phase 3 epoch 3: dev_macro_f1=0.0385, dev_err=79.03%, es_counter1=2, es_counter2=2
2026-02-25 08:25:21,634 - lg_cotrain - INFO - Phase 3 epoch 4: dev_macro_f1=0.0385, dev_err=79.03%, es_counter1=3, es_counter2=3
2026-02-25 08:25:24,354 - lg_cotrain - INFO - Phase 3 epoch 5: dev_macro_f1=0.0385, dev_err=79.03%, es_counter1=4, es_counter2=4
2026-02-25 08:25:27,072 - lg_cotrain - INFO - Phase 3 epoch 6: dev_macro_f1=0.0017, dev_err=99.22%, es_counter1=5, es_counter2=5
2026-02-25 08:25:29,778 - lg_cotrain - INFO - Phase 3 epoch 7: dev_macro_f1=0.0017, dev_err=99.22%, es_counter1=6, es_counter2=6
2026-02-25 08:25:32,487 - lg_cotrain - INFO - Phase 3 epoch 8: dev_macro_f1=0.0385, dev_err=79.03%, es_counter1=7, es_counter2=7
2026-02-25 08:25:32,488 - lg_cotrain - INFO - Early stopping at epoch 8
2026-02-25 08:25:32,499 - lg_cotrain - INFO - === Final Evaluation ===
2026-02-25 08:25:38,971 - lg_cotrain - INFO - Results saved to C:\Users\anhtr\AppData\Local\Temp\tmpadhoi2u_\hurricane_florence_2018\10_set2\metrics.json
2026-02-25 08:25:38,971 - lg_cotrain - INFO - Test error rate: 79.13%, Test macro-F1: 0.0384, Test ECE: 0.1776
2026-02-25 08:25:38,982 - lg_cotrain - INFO - --- Trial 7/10 done: dev_macro_f1=0.0385 ---
2026-02-25 08:25:38,983 - lg_cotrain - INFO - --- Trial 8/10 ---
2026-02-25 08:25:39,491 - lg_cotrain - INFO - Starting LG-CoTrain: event=hurricane_florence_2018, budget=10, seed_set=2
2026-02-25 08:25:39,526 - lg_cotrain - INFO - Detected 9 classes for event hurricane_florence_2018: ['caution_and_advice', 'displaced_people_and_evacuations', 'infrastructure_and_utility_damage', 'injured_or_dead_people', 'not_humanitarian', 'other_relevant_information', 'requests_or_urgent_needs', 'rescue_volunteering_or_donation_effort', 'sympathy_and_support']
2026-02-25 08:25:39,532 - lg_cotrain - INFO - D_l1: 45, D_l2: 45, D_LG: 4294
2026-02-25 08:25:39,533 - lg_cotrain - INFO - === Phase 1: Weight Generation ===
2026-02-25 08:25:55,370 - lg_cotrain - INFO - Phase 1 epoch 1/7: mean_prob1=0.1145, mean_prob2=0.1171
2026-02-25 08:26:10,281 - lg_cotrain - INFO - Phase 1 epoch 2/7: mean_prob1=0.1144, mean_prob2=0.1166
2026-02-25 08:26:25,113 - lg_cotrain - INFO - Phase 1 epoch 3/7: mean_prob1=0.1148, mean_prob2=0.1162
2026-02-25 08:26:39,971 - lg_cotrain - INFO - Phase 1 epoch 4/7: mean_prob1=0.1152, mean_prob2=0.1160
2026-02-25 08:26:54,816 - lg_cotrain - INFO - Phase 1 epoch 5/7: mean_prob1=0.1154, mean_prob2=0.1163
2026-02-25 08:27:09,672 - lg_cotrain - INFO - Phase 1 epoch 6/7: mean_prob1=0.1155, mean_prob2=0.1163
2026-02-25 08:27:24,564 - lg_cotrain - INFO - Phase 1 epoch 7/7: mean_prob1=0.1161, mean_prob2=0.1163
2026-02-25 08:27:24,565 - lg_cotrain - INFO - === Phase 2: Co-Training ===
2026-02-25 08:27:25,548 - lg_cotrain - INFO - LR scheduler: total_steps_1=644, warmup=36; total_steps_2=644, warmup=36
2026-02-25 08:27:25,549 - lg_cotrain - INFO - Phase 1 done -> seeded Phase 2 trackers. lambda1: mean=0.1161, range=[0.0603, 0.2058]
2026-02-25 08:27:25,549 - lg_cotrain - INFO - Phase 1 done -> seeded Phase 2 trackers. lambda2: mean=0.1163, range=[0.0427, 0.2490]
2026-02-25 08:28:20,546 - lg_cotrain - INFO - Phase 2 epoch 1/8: loss1=0.2190, loss2=0.2410, dev_macro_f1=0.2353, dev_err=46.64%
2026-02-25 08:29:15,673 - lg_cotrain - INFO - Phase 2 epoch 2/8: loss1=0.1239, loss2=0.2783, dev_macro_f1=0.4862, dev_err=30.99%
2026-02-25 08:30:10,687 - lg_cotrain - INFO - Phase 2 epoch 3/8: loss1=0.0611, loss2=0.2000, dev_macro_f1=0.5933, dev_err=25.04%
2026-02-25 08:31:05,635 - lg_cotrain - INFO - Phase 2 epoch 4/8: loss1=0.0398, loss2=0.1514, dev_macro_f1=0.6160, dev_err=23.47%
2026-02-25 08:32:00,506 - lg_cotrain - INFO - Phase 2 epoch 5/8: loss1=0.0320, loss2=0.1146, dev_macro_f1=0.6040, dev_err=24.73%
2026-02-25 08:32:55,267 - lg_cotrain - INFO - Phase 2 epoch 6/8: loss1=0.0262, loss2=0.0895, dev_macro_f1=0.6126, dev_err=24.10%
2026-02-25 08:33:50,106 - lg_cotrain - INFO - Phase 2 epoch 7/8: loss1=0.0229, loss2=0.0805, dev_macro_f1=0.6081, dev_err=24.41%
2026-02-25 08:34:45,324 - lg_cotrain - INFO - Phase 2 epoch 8/8: loss1=0.0211, loss2=0.0709, dev_macro_f1=0.6125, dev_err=24.57%
2026-02-25 08:34:45,324 - lg_cotrain - INFO - === Phase 3: Fine-Tuning ===
2026-02-25 08:34:47,791 - lg_cotrain - INFO - Phase 3 epoch 1: dev_macro_f1=0.6136, dev_err=24.41%, es_counter1=0, es_counter2=0
2026-02-25 08:34:50,249 - lg_cotrain - INFO - Phase 3 epoch 2: dev_macro_f1=0.6158, dev_err=24.10%, es_counter1=0, es_counter2=0
2026-02-25 08:34:52,711 - lg_cotrain - INFO - Phase 3 epoch 3: dev_macro_f1=0.6216, dev_err=23.32%, es_counter1=0, es_counter2=0
2026-02-25 08:34:55,150 - lg_cotrain - INFO - Phase 3 epoch 4: dev_macro_f1=0.6168, dev_err=23.79%, es_counter1=1, es_counter2=1
2026-02-25 08:34:57,582 - lg_cotrain - INFO - Phase 3 epoch 5: dev_macro_f1=0.6145, dev_err=24.26%, es_counter1=2, es_counter2=2
2026-02-25 08:35:00,024 - lg_cotrain - INFO - Phase 3 epoch 6: dev_macro_f1=0.6153, dev_err=24.26%, es_counter1=3, es_counter2=3
2026-02-25 08:35:02,467 - lg_cotrain - INFO - Phase 3 epoch 7: dev_macro_f1=0.6175, dev_err=23.94%, es_counter1=4, es_counter2=4
2026-02-25 08:35:04,910 - lg_cotrain - INFO - Phase 3 epoch 8: dev_macro_f1=0.6175, dev_err=23.94%, es_counter1=5, es_counter2=5
2026-02-25 08:35:07,350 - lg_cotrain - INFO - Phase 3 epoch 9: dev_macro_f1=0.6160, dev_err=24.10%, es_counter1=6, es_counter2=6
2026-02-25 08:35:09,786 - lg_cotrain - INFO - Phase 3 epoch 10: dev_macro_f1=0.6159, dev_err=24.26%, es_counter1=7, es_counter2=7
2026-02-25 08:35:12,237 - lg_cotrain - INFO - Phase 3 epoch 11: dev_macro_f1=0.6169, dev_err=24.26%, es_counter1=8, es_counter2=8
2026-02-25 08:35:14,691 - lg_cotrain - INFO - Phase 3 epoch 12: dev_macro_f1=0.6210, dev_err=23.79%, es_counter1=9, es_counter2=9
2026-02-25 08:35:17,171 - lg_cotrain - INFO - Phase 3 epoch 13: dev_macro_f1=0.6218, dev_err=23.79%, es_counter1=0, es_counter2=0
2026-02-25 08:35:19,617 - lg_cotrain - INFO - Phase 3 epoch 14: dev_macro_f1=0.6198, dev_err=23.94%, es_counter1=1, es_counter2=1
2026-02-25 08:35:22,054 - lg_cotrain - INFO - Phase 3 epoch 15: dev_macro_f1=0.6216, dev_err=23.79%, es_counter1=2, es_counter2=2
2026-02-25 08:35:24,505 - lg_cotrain - INFO - Phase 3 epoch 16: dev_macro_f1=0.6197, dev_err=23.94%, es_counter1=3, es_counter2=3
2026-02-25 08:35:26,959 - lg_cotrain - INFO - Phase 3 epoch 17: dev_macro_f1=0.6191, dev_err=23.94%, es_counter1=4, es_counter2=4
2026-02-25 08:35:29,406 - lg_cotrain - INFO - Phase 3 epoch 18: dev_macro_f1=0.6220, dev_err=23.79%, es_counter1=0, es_counter2=0
2026-02-25 08:35:31,857 - lg_cotrain - INFO - Phase 3 epoch 19: dev_macro_f1=0.6220, dev_err=23.79%, es_counter1=1, es_counter2=1
2026-02-25 08:35:34,296 - lg_cotrain - INFO - Phase 3 epoch 20: dev_macro_f1=0.6220, dev_err=23.79%, es_counter1=2, es_counter2=2
2026-02-25 08:35:36,733 - lg_cotrain - INFO - Phase 3 epoch 21: dev_macro_f1=0.6208, dev_err=23.94%, es_counter1=3, es_counter2=3
2026-02-25 08:35:39,176 - lg_cotrain - INFO - Phase 3 epoch 22: dev_macro_f1=0.6180, dev_err=23.94%, es_counter1=4, es_counter2=4
2026-02-25 08:35:41,624 - lg_cotrain - INFO - Phase 3 epoch 23: dev_macro_f1=0.6180, dev_err=23.94%, es_counter1=5, es_counter2=5
2026-02-25 08:35:44,077 - lg_cotrain - INFO - Phase 3 epoch 24: dev_macro_f1=0.6153, dev_err=24.26%, es_counter1=6, es_counter2=6
2026-02-25 08:35:46,527 - lg_cotrain - INFO - Phase 3 epoch 25: dev_macro_f1=0.6173, dev_err=23.94%, es_counter1=7, es_counter2=7
2026-02-25 08:35:48,972 - lg_cotrain - INFO - Phase 3 epoch 26: dev_macro_f1=0.6173, dev_err=23.94%, es_counter1=8, es_counter2=8
2026-02-25 08:35:51,416 - lg_cotrain - INFO - Phase 3 epoch 27: dev_macro_f1=0.6162, dev_err=24.10%, es_counter1=9, es_counter2=9
2026-02-25 08:35:53,882 - lg_cotrain - INFO - Phase 3 epoch 28: dev_macro_f1=0.6227, dev_err=23.79%, es_counter1=0, es_counter2=0
2026-02-25 08:35:56,320 - lg_cotrain - INFO - Phase 3 epoch 29: dev_macro_f1=0.6215, dev_err=23.94%, es_counter1=1, es_counter2=1
2026-02-25 08:35:58,769 - lg_cotrain - INFO - Phase 3 epoch 30: dev_macro_f1=0.6212, dev_err=23.94%, es_counter1=2, es_counter2=2
2026-02-25 08:36:01,226 - lg_cotrain - INFO - Phase 3 epoch 31: dev_macro_f1=0.6238, dev_err=23.79%, es_counter1=0, es_counter2=0
2026-02-25 08:36:03,691 - lg_cotrain - INFO - Phase 3 epoch 32: dev_macro_f1=0.6278, dev_err=23.63%, es_counter1=0, es_counter2=0
2026-02-25 08:36:06,136 - lg_cotrain - INFO - Phase 3 epoch 33: dev_macro_f1=0.6269, dev_err=23.79%, es_counter1=1, es_counter2=1
2026-02-25 08:36:08,600 - lg_cotrain - INFO - Phase 3 epoch 34: dev_macro_f1=0.6281, dev_err=23.63%, es_counter1=0, es_counter2=0
2026-02-25 08:36:11,051 - lg_cotrain - INFO - Phase 3 epoch 35: dev_macro_f1=0.6281, dev_err=23.63%, es_counter1=1, es_counter2=1
2026-02-25 08:36:13,516 - lg_cotrain - INFO - Phase 3 epoch 36: dev_macro_f1=0.6317, dev_err=23.47%, es_counter1=0, es_counter2=0
2026-02-25 08:36:15,962 - lg_cotrain - INFO - Phase 3 epoch 37: dev_macro_f1=0.6301, dev_err=23.63%, es_counter1=1, es_counter2=1
2026-02-25 08:36:18,403 - lg_cotrain - INFO - Phase 3 epoch 38: dev_macro_f1=0.6304, dev_err=23.47%, es_counter1=2, es_counter2=2
2026-02-25 08:36:20,849 - lg_cotrain - INFO - Phase 3 epoch 39: dev_macro_f1=0.6304, dev_err=23.47%, es_counter1=3, es_counter2=3
2026-02-25 08:36:23,307 - lg_cotrain - INFO - Phase 3 epoch 40: dev_macro_f1=0.6341, dev_err=23.16%, es_counter1=0, es_counter2=0
2026-02-25 08:36:25,752 - lg_cotrain - INFO - Phase 3 epoch 41: dev_macro_f1=0.6321, dev_err=23.32%, es_counter1=1, es_counter2=1
2026-02-25 08:36:28,206 - lg_cotrain - INFO - Phase 3 epoch 42: dev_macro_f1=0.6321, dev_err=23.32%, es_counter1=2, es_counter2=2
2026-02-25 08:36:30,659 - lg_cotrain - INFO - Phase 3 epoch 43: dev_macro_f1=0.6326, dev_err=23.32%, es_counter1=3, es_counter2=3
2026-02-25 08:36:33,099 - lg_cotrain - INFO - Phase 3 epoch 44: dev_macro_f1=0.6326, dev_err=23.32%, es_counter1=4, es_counter2=4
2026-02-25 08:36:35,545 - lg_cotrain - INFO - Phase 3 epoch 45: dev_macro_f1=0.6316, dev_err=23.47%, es_counter1=5, es_counter2=5
2026-02-25 08:36:37,991 - lg_cotrain - INFO - Phase 3 epoch 46: dev_macro_f1=0.6328, dev_err=23.32%, es_counter1=6, es_counter2=6
2026-02-25 08:36:40,432 - lg_cotrain - INFO - Phase 3 epoch 47: dev_macro_f1=0.6328, dev_err=23.32%, es_counter1=7, es_counter2=7
2026-02-25 08:36:42,871 - lg_cotrain - INFO - Phase 3 epoch 48: dev_macro_f1=0.6340, dev_err=23.16%, es_counter1=8, es_counter2=8
2026-02-25 08:36:45,318 - lg_cotrain - INFO - Phase 3 epoch 49: dev_macro_f1=0.6340, dev_err=23.16%, es_counter1=9, es_counter2=9
2026-02-25 08:36:47,780 - lg_cotrain - INFO - Phase 3 epoch 50: dev_macro_f1=0.6348, dev_err=23.16%, es_counter1=0, es_counter2=0
2026-02-25 08:36:50,244 - lg_cotrain - INFO - Phase 3 epoch 51: dev_macro_f1=0.6356, dev_err=23.16%, es_counter1=0, es_counter2=0
2026-02-25 08:36:52,687 - lg_cotrain - INFO - Phase 3 epoch 52: dev_macro_f1=0.6356, dev_err=23.16%, es_counter1=1, es_counter2=1
2026-02-25 08:36:55,128 - lg_cotrain - INFO - Phase 3 epoch 53: dev_macro_f1=0.6356, dev_err=23.16%, es_counter1=2, es_counter2=2
2026-02-25 08:36:57,578 - lg_cotrain - INFO - Phase 3 epoch 54: dev_macro_f1=0.6356, dev_err=23.16%, es_counter1=3, es_counter2=3
2026-02-25 08:37:00,042 - lg_cotrain - INFO - Phase 3 epoch 55: dev_macro_f1=0.6404, dev_err=22.69%, es_counter1=0, es_counter2=0
2026-02-25 08:37:02,485 - lg_cotrain - INFO - Phase 3 epoch 56: dev_macro_f1=0.6404, dev_err=22.69%, es_counter1=1, es_counter2=1
2026-02-25 08:37:04,916 - lg_cotrain - INFO - Phase 3 epoch 57: dev_macro_f1=0.6404, dev_err=22.69%, es_counter1=2, es_counter2=2
2026-02-25 08:37:07,371 - lg_cotrain - INFO - Phase 3 epoch 58: dev_macro_f1=0.6452, dev_err=22.38%, es_counter1=0, es_counter2=0
2026-02-25 08:37:09,806 - lg_cotrain - INFO - Phase 3 epoch 59: dev_macro_f1=0.6452, dev_err=22.38%, es_counter1=1, es_counter2=1
2026-02-25 08:37:12,248 - lg_cotrain - INFO - Phase 3 epoch 60: dev_macro_f1=0.6452, dev_err=22.38%, es_counter1=2, es_counter2=2
2026-02-25 08:37:14,697 - lg_cotrain - INFO - Phase 3 epoch 61: dev_macro_f1=0.6452, dev_err=22.38%, es_counter1=3, es_counter2=3
2026-02-25 08:37:17,133 - lg_cotrain - INFO - Phase 3 epoch 62: dev_macro_f1=0.6452, dev_err=22.38%, es_counter1=4, es_counter2=4
2026-02-25 08:37:19,565 - lg_cotrain - INFO - Phase 3 epoch 63: dev_macro_f1=0.6452, dev_err=22.38%, es_counter1=5, es_counter2=5
2026-02-25 08:37:21,995 - lg_cotrain - INFO - Phase 3 epoch 64: dev_macro_f1=0.6452, dev_err=22.38%, es_counter1=6, es_counter2=6
2026-02-25 08:37:24,433 - lg_cotrain - INFO - Phase 3 epoch 65: dev_macro_f1=0.6452, dev_err=22.38%, es_counter1=7, es_counter2=7
2026-02-25 08:37:26,901 - lg_cotrain - INFO - Phase 3 epoch 66: dev_macro_f1=0.6482, dev_err=22.22%, es_counter1=0, es_counter2=0
2026-02-25 08:37:29,343 - lg_cotrain - INFO - Phase 3 epoch 67: dev_macro_f1=0.6482, dev_err=22.22%, es_counter1=1, es_counter2=1
2026-02-25 08:37:31,789 - lg_cotrain - INFO - Phase 3 epoch 68: dev_macro_f1=0.6482, dev_err=22.22%, es_counter1=2, es_counter2=2
2026-02-25 08:37:34,234 - lg_cotrain - INFO - Phase 3 epoch 69: dev_macro_f1=0.6475, dev_err=22.22%, es_counter1=3, es_counter2=3
2026-02-25 08:37:36,705 - lg_cotrain - INFO - Phase 3 epoch 70: dev_macro_f1=0.6509, dev_err=22.07%, es_counter1=0, es_counter2=0
2026-02-25 08:37:39,154 - lg_cotrain - INFO - Phase 3 epoch 71: dev_macro_f1=0.6509, dev_err=22.07%, es_counter1=1, es_counter2=1
2026-02-25 08:37:41,595 - lg_cotrain - INFO - Phase 3 epoch 72: dev_macro_f1=0.6460, dev_err=22.38%, es_counter1=2, es_counter2=2
2026-02-25 08:37:44,039 - lg_cotrain - INFO - Phase 3 epoch 73: dev_macro_f1=0.6460, dev_err=22.38%, es_counter1=3, es_counter2=3
2026-02-25 08:37:46,483 - lg_cotrain - INFO - Phase 3 epoch 74: dev_macro_f1=0.6460, dev_err=22.38%, es_counter1=4, es_counter2=4
2026-02-25 08:37:48,928 - lg_cotrain - INFO - Phase 3 epoch 75: dev_macro_f1=0.6460, dev_err=22.38%, es_counter1=5, es_counter2=5
2026-02-25 08:37:51,372 - lg_cotrain - INFO - Phase 3 epoch 76: dev_macro_f1=0.6460, dev_err=22.38%, es_counter1=6, es_counter2=6
2026-02-25 08:37:53,813 - lg_cotrain - INFO - Phase 3 epoch 77: dev_macro_f1=0.6460, dev_err=22.38%, es_counter1=7, es_counter2=7
2026-02-25 08:37:56,259 - lg_cotrain - INFO - Phase 3 epoch 78: dev_macro_f1=0.6473, dev_err=22.22%, es_counter1=8, es_counter2=8
2026-02-25 08:37:58,694 - lg_cotrain - INFO - Phase 3 epoch 79: dev_macro_f1=0.6481, dev_err=22.22%, es_counter1=9, es_counter2=9
2026-02-25 08:38:01,126 - lg_cotrain - INFO - Phase 3 epoch 80: dev_macro_f1=0.6481, dev_err=22.22%, es_counter1=10, es_counter2=10
2026-02-25 08:38:01,126 - lg_cotrain - INFO - Early stopping at epoch 80
2026-02-25 08:38:01,135 - lg_cotrain - INFO - === Final Evaluation ===
2026-02-25 08:38:07,104 - lg_cotrain - INFO - Results saved to C:\Users\anhtr\AppData\Local\Temp\tmpmstd18rd\hurricane_florence_2018\10_set2\metrics.json
2026-02-25 08:38:07,105 - lg_cotrain - INFO - Test error rate: 23.45%, Test macro-F1: 0.6396, Test ECE: 0.0556
2026-02-25 08:38:07,115 - lg_cotrain - INFO - --- Trial 8/10 done: dev_macro_f1=0.6509 ---
2026-02-25 08:38:07,116 - lg_cotrain - INFO - --- Trial 9/10 ---
2026-02-25 08:38:07,623 - lg_cotrain - INFO - Starting LG-CoTrain: event=hurricane_florence_2018, budget=10, seed_set=2
2026-02-25 08:38:07,657 - lg_cotrain - INFO - Detected 9 classes for event hurricane_florence_2018: ['caution_and_advice', 'displaced_people_and_evacuations', 'infrastructure_and_utility_damage', 'injured_or_dead_people', 'not_humanitarian', 'other_relevant_information', 'requests_or_urgent_needs', 'rescue_volunteering_or_donation_effort', 'sympathy_and_support']
2026-02-25 08:38:07,666 - lg_cotrain - INFO - D_l1: 45, D_l2: 45, D_LG: 4294
2026-02-25 08:38:07,667 - lg_cotrain - INFO - === Phase 1: Weight Generation ===
2026-02-25 08:38:23,428 - lg_cotrain - INFO - Phase 1 epoch 1/7: mean_prob1=0.1137, mean_prob2=0.1163
2026-02-25 08:38:38,296 - lg_cotrain - INFO - Phase 1 epoch 2/7: mean_prob1=0.1145, mean_prob2=0.1140
2026-02-25 08:38:53,117 - lg_cotrain - INFO - Phase 1 epoch 3/7: mean_prob1=0.1155, mean_prob2=0.1128
2026-02-25 08:39:07,999 - lg_cotrain - INFO - Phase 1 epoch 4/7: mean_prob1=0.1168, mean_prob2=0.1130
2026-02-25 08:39:22,798 - lg_cotrain - INFO - Phase 1 epoch 5/7: mean_prob1=0.1169, mean_prob2=0.1141
2026-02-25 08:39:37,608 - lg_cotrain - INFO - Phase 1 epoch 6/7: mean_prob1=0.1175, mean_prob2=0.1164
2026-02-25 08:39:52,491 - lg_cotrain - INFO - Phase 1 epoch 7/7: mean_prob1=0.1180, mean_prob2=0.1172
2026-02-25 08:39:52,491 - lg_cotrain - INFO - === Phase 2: Co-Training ===
2026-02-25 08:39:53,522 - lg_cotrain - INFO - LR scheduler: total_steps_1=576, warmup=47; total_steps_2=576, warmup=47
2026-02-25 08:39:53,523 - lg_cotrain - INFO - Phase 1 done -> seeded Phase 2 trackers. lambda1: mean=0.1180, range=[0.0531, 0.2364]
2026-02-25 08:39:53,523 - lg_cotrain - INFO - Phase 1 done -> seeded Phase 2 trackers. lambda2: mean=0.1172, range=[0.0379, 0.2749]
2026-02-25 08:40:48,526 - lg_cotrain - INFO - Phase 2 epoch 1/7: loss1=0.2141, loss2=0.2383, dev_macro_f1=0.3922, dev_err=39.44%
2026-02-25 08:41:43,576 - lg_cotrain - INFO - Phase 2 epoch 2/7: loss1=0.0907, loss2=0.2301, dev_macro_f1=0.5892, dev_err=26.29%
2026-02-25 08:42:38,685 - lg_cotrain - INFO - Phase 2 epoch 3/7: loss1=0.0350, loss2=0.1521, dev_macro_f1=0.6110, dev_err=24.73%
2026-02-25 08:43:33,735 - lg_cotrain - INFO - Phase 2 epoch 4/7: loss1=0.0239, loss2=0.1108, dev_macro_f1=0.6182, dev_err=24.10%
2026-02-25 08:44:28,761 - lg_cotrain - INFO - Phase 2 epoch 5/7: loss1=0.0187, loss2=0.0785, dev_macro_f1=0.6146, dev_err=24.73%
2026-02-25 08:45:23,771 - lg_cotrain - INFO - Phase 2 epoch 6/7: loss1=0.0151, loss2=0.0564, dev_macro_f1=0.6229, dev_err=24.41%
2026-02-25 08:46:18,700 - lg_cotrain - INFO - Phase 2 epoch 7/7: loss1=0.0117, loss2=0.0484, dev_macro_f1=0.6336, dev_err=23.79%
2026-02-25 08:46:18,701 - lg_cotrain - INFO - === Phase 3: Fine-Tuning ===
2026-02-25 08:46:21,157 - lg_cotrain - INFO - Phase 3 epoch 1: dev_macro_f1=0.6389, dev_err=23.32%, es_counter1=0, es_counter2=0
2026-02-25 08:46:23,607 - lg_cotrain - INFO - Phase 3 epoch 2: dev_macro_f1=0.6406, dev_err=23.00%, es_counter1=0, es_counter2=0
2026-02-25 08:46:26,051 - lg_cotrain - INFO - Phase 3 epoch 3: dev_macro_f1=0.6393, dev_err=23.16%, es_counter1=1, es_counter2=1
2026-02-25 08:46:28,493 - lg_cotrain - INFO - Phase 3 epoch 4: dev_macro_f1=0.6383, dev_err=23.47%, es_counter1=2, es_counter2=2
2026-02-25 08:46:30,938 - lg_cotrain - INFO - Phase 3 epoch 5: dev_macro_f1=0.6324, dev_err=24.10%, es_counter1=3, es_counter2=3
2026-02-25 08:46:33,379 - lg_cotrain - INFO - Phase 3 epoch 6: dev_macro_f1=0.6308, dev_err=24.10%, es_counter1=4, es_counter2=4
2026-02-25 08:46:35,824 - lg_cotrain - INFO - Phase 3 epoch 7: dev_macro_f1=0.6332, dev_err=24.10%, es_counter1=5, es_counter2=5
2026-02-25 08:46:38,273 - lg_cotrain - INFO - Phase 3 epoch 8: dev_macro_f1=0.6367, dev_err=23.94%, es_counter1=6, es_counter2=6
2026-02-25 08:46:40,714 - lg_cotrain - INFO - Phase 3 epoch 9: dev_macro_f1=0.6362, dev_err=24.26%, es_counter1=7, es_counter2=7
2026-02-25 08:46:43,157 - lg_cotrain - INFO - Phase 3 epoch 10: dev_macro_f1=0.6334, dev_err=24.73%, es_counter1=8, es_counter2=8
2026-02-25 08:46:45,590 - lg_cotrain - INFO - Phase 3 epoch 11: dev_macro_f1=0.6335, dev_err=24.88%, es_counter1=9, es_counter2=9
2026-02-25 08:46:45,590 - lg_cotrain - INFO - Early stopping at epoch 11
2026-02-25 08:46:45,598 - lg_cotrain - INFO - === Final Evaluation ===
2026-02-25 08:46:51,588 - lg_cotrain - INFO - Results saved to C:\Users\anhtr\AppData\Local\Temp\tmpvw2f19ni\hurricane_florence_2018\10_set2\metrics.json
2026-02-25 08:46:51,588 - lg_cotrain - INFO - Test error rate: 25.30%, Test macro-F1: 0.6249, Test ECE: 0.1704
2026-02-25 08:46:51,599 - lg_cotrain - INFO - --- Trial 9/10 done: dev_macro_f1=0.6406 ---
2026-02-25 08:46:51,599 - lg_cotrain - INFO - --- Trial 10/10 ---
2026-02-25 08:46:52,081 - lg_cotrain - INFO - Starting LG-CoTrain: event=hurricane_florence_2018, budget=10, seed_set=2
2026-02-25 08:46:52,109 - lg_cotrain - INFO - Detected 9 classes for event hurricane_florence_2018: ['caution_and_advice', 'displaced_people_and_evacuations', 'infrastructure_and_utility_damage', 'injured_or_dead_people', 'not_humanitarian', 'other_relevant_information', 'requests_or_urgent_needs', 'rescue_volunteering_or_donation_effort', 'sympathy_and_support']
2026-02-25 08:46:52,115 - lg_cotrain - INFO - D_l1: 45, D_l2: 45, D_LG: 4294
2026-02-25 08:46:52,116 - lg_cotrain - INFO - === Phase 1: Weight Generation ===
2026-02-25 08:47:08,747 - lg_cotrain - INFO - Phase 1 epoch 1/7: mean_prob1=0.1398, mean_prob2=0.1101
2026-02-25 08:47:24,464 - lg_cotrain - INFO - Phase 1 epoch 2/7: mean_prob1=0.1227, mean_prob2=0.1209
2026-02-25 08:47:40,788 - lg_cotrain - INFO - Phase 1 epoch 3/7: mean_prob1=0.1009, mean_prob2=0.1045
2026-02-25 08:47:56,667 - lg_cotrain - INFO - Phase 1 epoch 4/7: mean_prob1=0.1020, mean_prob2=0.1159
2026-02-25 08:48:12,326 - lg_cotrain - INFO - Phase 1 epoch 5/7: mean_prob1=0.1317, mean_prob2=0.1120
2026-02-25 08:48:28,003 - lg_cotrain - INFO - Phase 1 epoch 6/7: mean_prob1=0.1275, mean_prob2=0.1160
2026-02-25 08:48:44,033 - lg_cotrain - INFO - Phase 1 epoch 7/7: mean_prob1=0.1162, mean_prob2=0.1094
2026-02-25 08:48:44,034 - lg_cotrain - INFO - === Phase 2: Co-Training ===
2026-02-25 08:48:45,050 - lg_cotrain - INFO - LR scheduler: total_steps_1=2360, warmup=235; total_steps_2=2360, warmup=235
2026-02-25 08:48:45,050 - lg_cotrain - INFO - Phase 1 done -> seeded Phase 2 trackers. lambda1: mean=0.1162, range=[0.0776, 0.1558]
2026-02-25 08:48:45,050 - lg_cotrain - INFO - Phase 1 done -> seeded Phase 2 trackers. lambda2: mean=0.1094, range=[0.0581, 0.1544]
2026-02-25 08:49:46,694 - lg_cotrain - INFO - Phase 2 epoch 1/16: loss1=0.1376, loss2=0.1587, dev_macro_f1=0.5275, dev_err=35.21%
2026-02-25 08:50:47,744 - lg_cotrain - INFO - Phase 2 epoch 2/16: loss1=0.1683, loss2=0.9440, dev_macro_f1=0.0425, dev_err=76.37%
2026-02-25 08:51:48,845 - lg_cotrain - INFO - Phase 2 epoch 3/16: loss1=0.1039, loss2=0.8340, dev_macro_f1=0.0385, dev_err=79.03%
2026-02-25 08:52:50,070 - lg_cotrain - INFO - Phase 2 epoch 4/16: loss1=0.0838, loss2=0.7706, dev_macro_f1=0.0385, dev_err=79.03%
2026-02-25 08:53:51,115 - lg_cotrain - INFO - Phase 2 epoch 5/16: loss1=0.0860, loss2=0.7305, dev_macro_f1=0.0385, dev_err=79.03%
2026-02-25 08:54:52,333 - lg_cotrain - INFO - Phase 2 epoch 6/16: loss1=0.0801, loss2=0.6881, dev_macro_f1=0.0385, dev_err=79.03%
2026-02-25 08:55:53,368 - lg_cotrain - INFO - Phase 2 epoch 7/16: loss1=0.0808, loss2=0.6534, dev_macro_f1=0.0385, dev_err=79.03%
2026-02-25 08:56:54,475 - lg_cotrain - INFO - Phase 2 epoch 8/16: loss1=0.0856, loss2=0.6327, dev_macro_f1=0.0385, dev_err=79.03%
2026-02-25 08:57:55,952 - lg_cotrain - INFO - Phase 2 epoch 9/16: loss1=0.0851, loss2=0.6127, dev_macro_f1=0.0385, dev_err=79.03%
2026-02-25 08:58:56,880 - lg_cotrain - INFO - Phase 2 epoch 10/16: loss1=0.0878, loss2=0.5915, dev_macro_f1=0.0385, dev_err=79.03%
2026-02-25 08:59:57,872 - lg_cotrain - INFO - Phase 2 epoch 11/16: loss1=0.0885, loss2=0.5724, dev_macro_f1=0.0385, dev_err=79.03%
2026-02-25 09:00:58,868 - lg_cotrain - INFO - Phase 2 epoch 12/16: loss1=0.0901, loss2=0.5562, dev_macro_f1=0.0385, dev_err=79.03%
2026-02-25 09:01:59,861 - lg_cotrain - INFO - Phase 2 epoch 13/16: loss1=0.0886, loss2=0.5466, dev_macro_f1=0.0385, dev_err=79.03%
2026-02-25 09:03:01,160 - lg_cotrain - INFO - Phase 2 epoch 14/16: loss1=0.0893, loss2=0.5314, dev_macro_f1=0.0385, dev_err=79.03%
2026-02-25 09:04:02,437 - lg_cotrain - INFO - Phase 2 epoch 15/16: loss1=0.0923, loss2=0.5212, dev_macro_f1=0.0385, dev_err=79.03%
2026-02-25 09:05:03,677 - lg_cotrain - INFO - Phase 2 epoch 16/16: loss1=0.0944, loss2=0.5110, dev_macro_f1=0.0385, dev_err=79.03%
2026-02-25 09:05:03,677 - lg_cotrain - INFO - === Phase 3: Fine-Tuning ===
2026-02-25 09:05:06,351 - lg_cotrain - INFO - Phase 3 epoch 1: dev_macro_f1=0.0385, dev_err=79.03%, es_counter1=0, es_counter2=0
2026-02-25 09:05:08,983 - lg_cotrain - INFO - Phase 3 epoch 2: dev_macro_f1=0.0385, dev_err=79.03%, es_counter1=1, es_counter2=1
2026-02-25 09:05:11,621 - lg_cotrain - INFO - Phase 3 epoch 3: dev_macro_f1=0.0385, dev_err=79.03%, es_counter1=2, es_counter2=2
2026-02-25 09:05:14,252 - lg_cotrain - INFO - Phase 3 epoch 4: dev_macro_f1=0.0385, dev_err=79.03%, es_counter1=3, es_counter2=3
2026-02-25 09:05:16,868 - lg_cotrain - INFO - Phase 3 epoch 5: dev_macro_f1=0.0017, dev_err=99.22%, es_counter1=4, es_counter2=4
2026-02-25 09:05:19,490 - lg_cotrain - INFO - Phase 3 epoch 6: dev_macro_f1=0.0385, dev_err=79.03%, es_counter1=5, es_counter2=5
2026-02-25 09:05:22,124 - lg_cotrain - INFO - Phase 3 epoch 7: dev_macro_f1=0.0017, dev_err=99.22%, es_counter1=6, es_counter2=6
2026-02-25 09:05:24,759 - lg_cotrain - INFO - Phase 3 epoch 8: dev_macro_f1=0.0017, dev_err=99.22%, es_counter1=7, es_counter2=7
2026-02-25 09:05:27,426 - lg_cotrain - INFO - Phase 3 epoch 9: dev_macro_f1=0.0425, dev_err=76.37%, es_counter1=0, es_counter2=0
2026-02-25 09:05:30,051 - lg_cotrain - INFO - Phase 3 epoch 10: dev_macro_f1=0.0425, dev_err=76.37%, es_counter1=1, es_counter2=1
2026-02-25 09:05:32,710 - lg_cotrain - INFO - Phase 3 epoch 11: dev_macro_f1=0.0205, dev_err=89.83%, es_counter1=2, es_counter2=2
2026-02-25 09:05:35,334 - lg_cotrain - INFO - Phase 3 epoch 12: dev_macro_f1=0.0205, dev_err=89.83%, es_counter1=3, es_counter2=3
2026-02-25 09:05:37,966 - lg_cotrain - INFO - Phase 3 epoch 13: dev_macro_f1=0.0100, dev_err=95.31%, es_counter1=4, es_counter2=4
2026-02-25 09:05:40,620 - lg_cotrain - INFO - Phase 3 epoch 14: dev_macro_f1=0.0100, dev_err=95.31%, es_counter1=5, es_counter2=5
2026-02-25 09:05:43,266 - lg_cotrain - INFO - Phase 3 epoch 15: dev_macro_f1=0.0205, dev_err=89.83%, es_counter1=6, es_counter2=6
2026-02-25 09:05:45,892 - lg_cotrain - INFO - Phase 3 epoch 16: dev_macro_f1=0.0205, dev_err=89.83%, es_counter1=7, es_counter2=7
2026-02-25 09:05:48,548 - lg_cotrain - INFO - Phase 3 epoch 17: dev_macro_f1=0.0321, dev_err=83.10%, es_counter1=8, es_counter2=8
2026-02-25 09:05:51,180 - lg_cotrain - INFO - Phase 3 epoch 18: dev_macro_f1=0.0205, dev_err=89.83%, es_counter1=9, es_counter2=9
2026-02-25 09:05:53,811 - lg_cotrain - INFO - Phase 3 epoch 19: dev_macro_f1=0.0205, dev_err=89.83%, es_counter1=10, es_counter2=10
2026-02-25 09:05:53,812 - lg_cotrain - INFO - Early stopping at epoch 19
2026-02-25 09:05:53,827 - lg_cotrain - INFO - === Final Evaluation ===
2026-02-25 09:06:00,189 - lg_cotrain - INFO - Results saved to C:\Users\anhtr\AppData\Local\Temp\tmptwqetqf4\hurricane_florence_2018\10_set2\metrics.json
2026-02-25 09:06:00,189 - lg_cotrain - INFO - Test error rate: 76.39%, Test macro-F1: 0.0424, Test ECE: 0.1075
2026-02-25 09:06:00,201 - lg_cotrain - INFO - --- Trial 10/10 done: dev_macro_f1=0.0425 ---
