2026-02-25 09:06:00,306 - lg_cotrain - INFO - === Optuna study: hurricane_florence_2018 budget=25 seed=1 | target=10 trials, 0 replayed, 10 new ===
2026-02-25 09:06:00,306 - lg_cotrain - INFO - --- Trial 1/10 ---
2026-02-25 09:06:00,815 - lg_cotrain - INFO - Starting LG-CoTrain: event=hurricane_florence_2018, budget=25, seed_set=1
2026-02-25 09:06:00,867 - lg_cotrain - INFO - Detected 9 classes for event hurricane_florence_2018: ['caution_and_advice', 'displaced_people_and_evacuations', 'infrastructure_and_utility_damage', 'injured_or_dead_people', 'not_humanitarian', 'other_relevant_information', 'requests_or_urgent_needs', 'rescue_volunteering_or_donation_effort', 'sympathy_and_support']
2026-02-25 09:06:00,875 - lg_cotrain - INFO - D_l1: 117, D_l2: 108, D_LG: 4159
2026-02-25 09:06:00,877 - lg_cotrain - INFO - === Phase 1: Weight Generation ===
2026-02-25 09:06:20,813 - lg_cotrain - INFO - Phase 1 epoch 1/7: mean_prob1=0.1119, mean_prob2=0.1193
2026-02-25 09:06:39,729 - lg_cotrain - INFO - Phase 1 epoch 2/7: mean_prob1=0.1200, mean_prob2=0.1339
2026-02-25 09:06:58,835 - lg_cotrain - INFO - Phase 1 epoch 3/7: mean_prob1=0.1236, mean_prob2=0.1429
2026-02-25 09:07:17,902 - lg_cotrain - INFO - Phase 1 epoch 4/7: mean_prob1=0.1329, mean_prob2=0.1501
2026-02-25 09:07:36,999 - lg_cotrain - INFO - Phase 1 epoch 5/7: mean_prob1=0.1572, mean_prob2=0.1573
2026-02-25 09:07:55,947 - lg_cotrain - INFO - Phase 1 epoch 6/7: mean_prob1=0.1716, mean_prob2=0.1778
2026-02-25 09:08:14,614 - lg_cotrain - INFO - Phase 1 epoch 7/7: mean_prob1=0.1916, mean_prob2=0.2057
2026-02-25 09:08:14,614 - lg_cotrain - INFO - === Phase 2: Co-Training ===
2026-02-25 09:08:15,774 - lg_cotrain - INFO - LR scheduler: total_steps_1=5660, warmup=579; total_steps_2=5560, warmup=569
2026-02-25 09:08:15,775 - lg_cotrain - INFO - Phase 1 done -> seeded Phase 2 trackers. lambda1: mean=0.1916, range=[0.0148, 0.5336]
2026-02-25 09:08:15,775 - lg_cotrain - INFO - Phase 1 done -> seeded Phase 2 trackers. lambda2: mean=0.2057, range=[0.0171, 0.5469]
2026-02-25 09:09:33,164 - lg_cotrain - INFO - Phase 2 epoch 1/8: loss1=0.2843, loss2=0.2576, dev_macro_f1=0.6247, dev_err=23.63%
2026-02-25 09:10:50,811 - lg_cotrain - INFO - Phase 2 epoch 2/8: loss1=0.0643, loss2=0.2098, dev_macro_f1=0.6161, dev_err=24.10%
2026-02-25 09:12:08,560 - lg_cotrain - INFO - Phase 2 epoch 3/8: loss1=0.0268, loss2=0.1342, dev_macro_f1=0.6502, dev_err=21.44%
2026-02-25 09:13:26,313 - lg_cotrain - INFO - Phase 2 epoch 4/8: loss1=0.0194, loss2=0.0755, dev_macro_f1=0.6590, dev_err=21.13%
2026-02-25 09:14:44,218 - lg_cotrain - INFO - Phase 2 epoch 5/8: loss1=0.0189, loss2=0.0482, dev_macro_f1=0.6534, dev_err=22.22%
2026-02-25 09:16:02,159 - lg_cotrain - INFO - Phase 2 epoch 6/8: loss1=0.0104, loss2=0.0290, dev_macro_f1=0.6549, dev_err=22.85%
2026-02-25 09:17:20,046 - lg_cotrain - INFO - Phase 2 epoch 7/8: loss1=0.0080, loss2=0.0160, dev_macro_f1=0.6589, dev_err=22.22%
2026-02-25 09:18:37,908 - lg_cotrain - INFO - Phase 2 epoch 8/8: loss1=0.0055, loss2=0.0129, dev_macro_f1=0.6699, dev_err=21.75%
2026-02-25 09:18:37,908 - lg_cotrain - INFO - === Phase 3: Fine-Tuning ===
2026-02-25 09:18:42,030 - lg_cotrain - INFO - Phase 3 epoch 1: dev_macro_f1=0.6724, dev_err=24.41%, es_counter1=0, es_counter2=0
2026-02-25 09:18:46,155 - lg_cotrain - INFO - Phase 3 epoch 2: dev_macro_f1=0.6734, dev_err=24.10%, es_counter1=0, es_counter2=0
2026-02-25 09:18:50,281 - lg_cotrain - INFO - Phase 3 epoch 3: dev_macro_f1=0.6789, dev_err=23.47%, es_counter1=0, es_counter2=0
2026-02-25 09:18:54,381 - lg_cotrain - INFO - Phase 3 epoch 4: dev_macro_f1=0.6765, dev_err=23.94%, es_counter1=1, es_counter2=1
2026-02-25 09:18:58,513 - lg_cotrain - INFO - Phase 3 epoch 5: dev_macro_f1=0.6848, dev_err=22.69%, es_counter1=0, es_counter2=0
2026-02-25 09:19:02,632 - lg_cotrain - INFO - Phase 3 epoch 6: dev_macro_f1=0.6898, dev_err=22.69%, es_counter1=0, es_counter2=0
2026-02-25 09:19:06,725 - lg_cotrain - INFO - Phase 3 epoch 7: dev_macro_f1=0.6892, dev_err=22.38%, es_counter1=1, es_counter2=1
2026-02-25 09:19:10,855 - lg_cotrain - INFO - Phase 3 epoch 8: dev_macro_f1=0.7002, dev_err=22.22%, es_counter1=0, es_counter2=0
2026-02-25 09:19:14,955 - lg_cotrain - INFO - Phase 3 epoch 9: dev_macro_f1=0.6981, dev_err=22.69%, es_counter1=1, es_counter2=1
2026-02-25 09:19:19,062 - lg_cotrain - INFO - Phase 3 epoch 10: dev_macro_f1=0.6973, dev_err=22.85%, es_counter1=2, es_counter2=2
2026-02-25 09:19:23,163 - lg_cotrain - INFO - Phase 3 epoch 11: dev_macro_f1=0.6972, dev_err=23.32%, es_counter1=3, es_counter2=3
2026-02-25 09:19:27,272 - lg_cotrain - INFO - Phase 3 epoch 12: dev_macro_f1=0.6967, dev_err=23.47%, es_counter1=4, es_counter2=4
2026-02-25 09:19:31,381 - lg_cotrain - INFO - Phase 3 epoch 13: dev_macro_f1=0.6968, dev_err=23.47%, es_counter1=5, es_counter2=5
2026-02-25 09:19:31,381 - lg_cotrain - INFO - Early stopping at epoch 13
2026-02-25 09:19:31,394 - lg_cotrain - INFO - === Final Evaluation ===
2026-02-25 09:19:38,787 - lg_cotrain - INFO - Results saved to C:\Users\anhtr\AppData\Local\Temp\tmpooyjltjt\hurricane_florence_2018\25_set1\metrics.json
2026-02-25 09:19:38,787 - lg_cotrain - INFO - Test error rate: 24.17%, Test macro-F1: 0.6787, Test ECE: 0.1061
2026-02-25 09:19:38,796 - lg_cotrain - INFO - --- Trial 1/10 done: dev_macro_f1=0.7002 ---
2026-02-25 09:19:38,796 - lg_cotrain - INFO - --- Trial 2/10 ---
2026-02-25 09:19:39,301 - lg_cotrain - INFO - Starting LG-CoTrain: event=hurricane_florence_2018, budget=25, seed_set=1
2026-02-25 09:19:39,334 - lg_cotrain - INFO - Detected 9 classes for event hurricane_florence_2018: ['caution_and_advice', 'displaced_people_and_evacuations', 'infrastructure_and_utility_damage', 'injured_or_dead_people', 'not_humanitarian', 'other_relevant_information', 'requests_or_urgent_needs', 'rescue_volunteering_or_donation_effort', 'sympathy_and_support']
2026-02-25 09:19:39,340 - lg_cotrain - INFO - D_l1: 117, D_l2: 108, D_LG: 4159
2026-02-25 09:19:39,341 - lg_cotrain - INFO - === Phase 1: Weight Generation ===
2026-02-25 09:19:57,146 - lg_cotrain - INFO - Phase 1 epoch 1/7: mean_prob1=0.1116, mean_prob2=0.1154
2026-02-25 09:20:14,077 - lg_cotrain - INFO - Phase 1 epoch 2/7: mean_prob1=0.1378, mean_prob2=0.1411
2026-02-25 09:20:31,052 - lg_cotrain - INFO - Phase 1 epoch 3/7: mean_prob1=0.1654, mean_prob2=0.2091
2026-02-25 09:20:48,177 - lg_cotrain - INFO - Phase 1 epoch 4/7: mean_prob1=0.2161, mean_prob2=0.2943
2026-02-25 09:21:05,300 - lg_cotrain - INFO - Phase 1 epoch 5/7: mean_prob1=0.4140, mean_prob2=0.3825
2026-02-25 09:21:22,415 - lg_cotrain - INFO - Phase 1 epoch 6/7: mean_prob1=0.4345, mean_prob2=0.4714
2026-02-25 09:21:39,387 - lg_cotrain - INFO - Phase 1 epoch 7/7: mean_prob1=0.4963, mean_prob2=0.4385
2026-02-25 09:21:39,387 - lg_cotrain - INFO - === Phase 2: Co-Training ===
2026-02-25 09:21:40,393 - lg_cotrain - INFO - LR scheduler: total_steps_1=2620, warmup=466; total_steps_2=2520, warmup=448
2026-02-25 09:21:40,393 - lg_cotrain - INFO - Phase 1 done -> seeded Phase 2 trackers. lambda1: mean=0.4963, range=[0.0029, 0.9730]
2026-02-25 09:21:40,393 - lg_cotrain - INFO - Phase 1 done -> seeded Phase 2 trackers. lambda2: mean=0.4385, range=[0.0018, 0.9729]
2026-02-25 09:22:45,782 - lg_cotrain - INFO - Phase 2 epoch 1/7: loss1=0.4712, loss2=0.4954, dev_macro_f1=0.6209, dev_err=24.88%
2026-02-25 09:23:51,268 - lg_cotrain - INFO - Phase 2 epoch 2/7: loss1=0.1595, loss2=0.3515, dev_macro_f1=0.6163, dev_err=24.57%
2026-02-25 09:24:56,442 - lg_cotrain - INFO - Phase 2 epoch 3/7: loss1=0.8521, loss2=0.1935, dev_macro_f1=0.6269, dev_err=24.41%
2026-02-25 09:26:01,684 - lg_cotrain - INFO - Phase 2 epoch 4/7: loss1=0.9331, loss2=0.0988, dev_macro_f1=0.6609, dev_err=21.60%
2026-02-25 09:27:06,881 - lg_cotrain - INFO - Phase 2 epoch 5/7: loss1=0.9999, loss2=0.0485, dev_macro_f1=0.6384, dev_err=22.85%
2026-02-25 09:28:12,072 - lg_cotrain - INFO - Phase 2 epoch 6/7: loss1=1.0619, loss2=0.0249, dev_macro_f1=0.6599, dev_err=22.85%
2026-02-25 09:29:17,187 - lg_cotrain - INFO - Phase 2 epoch 7/7: loss1=1.1149, loss2=0.0141, dev_macro_f1=0.6534, dev_err=23.47%
2026-02-25 09:29:17,187 - lg_cotrain - INFO - === Phase 3: Fine-Tuning ===
2026-02-25 09:29:20,762 - lg_cotrain - INFO - Phase 3 epoch 1: dev_macro_f1=0.5719, dev_err=41.47%, es_counter1=0, es_counter2=0
2026-02-25 09:29:24,315 - lg_cotrain - INFO - Phase 3 epoch 2: dev_macro_f1=0.6092, dev_err=34.43%, es_counter1=0, es_counter2=0
2026-02-25 09:29:27,889 - lg_cotrain - INFO - Phase 3 epoch 3: dev_macro_f1=0.6368, dev_err=30.20%, es_counter1=0, es_counter2=0
2026-02-25 09:29:31,468 - lg_cotrain - INFO - Phase 3 epoch 4: dev_macro_f1=0.6419, dev_err=29.58%, es_counter1=0, es_counter2=0
2026-02-25 09:29:35,036 - lg_cotrain - INFO - Phase 3 epoch 5: dev_macro_f1=0.6569, dev_err=28.01%, es_counter1=0, es_counter2=0
2026-02-25 09:29:38,605 - lg_cotrain - INFO - Phase 3 epoch 6: dev_macro_f1=0.6584, dev_err=28.01%, es_counter1=0, es_counter2=0
2026-02-25 09:29:42,170 - lg_cotrain - INFO - Phase 3 epoch 7: dev_macro_f1=0.6598, dev_err=28.17%, es_counter1=0, es_counter2=0
2026-02-25 09:29:45,735 - lg_cotrain - INFO - Phase 3 epoch 8: dev_macro_f1=0.6685, dev_err=26.92%, es_counter1=0, es_counter2=0
2026-02-25 09:29:49,280 - lg_cotrain - INFO - Phase 3 epoch 9: dev_macro_f1=0.6682, dev_err=27.23%, es_counter1=1, es_counter2=1
2026-02-25 09:29:52,833 - lg_cotrain - INFO - Phase 3 epoch 10: dev_macro_f1=0.6642, dev_err=27.70%, es_counter1=2, es_counter2=2
2026-02-25 09:29:56,376 - lg_cotrain - INFO - Phase 3 epoch 11: dev_macro_f1=0.6630, dev_err=27.86%, es_counter1=3, es_counter2=3
2026-02-25 09:29:59,919 - lg_cotrain - INFO - Phase 3 epoch 12: dev_macro_f1=0.6639, dev_err=27.70%, es_counter1=4, es_counter2=4
2026-02-25 09:30:03,463 - lg_cotrain - INFO - Phase 3 epoch 13: dev_macro_f1=0.6591, dev_err=28.17%, es_counter1=5, es_counter2=5
2026-02-25 09:30:03,463 - lg_cotrain - INFO - Early stopping at epoch 13
2026-02-25 09:30:03,474 - lg_cotrain - INFO - === Final Evaluation ===
2026-02-25 09:30:10,092 - lg_cotrain - INFO - Results saved to C:\Users\anhtr\AppData\Local\Temp\tmpxg31qfcd\hurricane_florence_2018\25_set1\metrics.json
2026-02-25 09:30:10,092 - lg_cotrain - INFO - Test error rate: 30.38%, Test macro-F1: 0.6293, Test ECE: 0.1981
2026-02-25 09:30:10,103 - lg_cotrain - INFO - --- Trial 2/10 done: dev_macro_f1=0.6685 ---
2026-02-25 09:30:10,103 - lg_cotrain - INFO - --- Trial 3/10 ---
2026-02-25 09:30:10,657 - lg_cotrain - INFO - Starting LG-CoTrain: event=hurricane_florence_2018, budget=25, seed_set=1
2026-02-25 09:30:10,685 - lg_cotrain - INFO - Detected 9 classes for event hurricane_florence_2018: ['caution_and_advice', 'displaced_people_and_evacuations', 'infrastructure_and_utility_damage', 'injured_or_dead_people', 'not_humanitarian', 'other_relevant_information', 'requests_or_urgent_needs', 'rescue_volunteering_or_donation_effort', 'sympathy_and_support']
2026-02-25 09:30:10,691 - lg_cotrain - INFO - D_l1: 117, D_l2: 108, D_LG: 4159
2026-02-25 09:30:10,693 - lg_cotrain - INFO - === Phase 1: Weight Generation ===
2026-02-25 09:30:30,185 - lg_cotrain - INFO - Phase 1 epoch 1/7: mean_prob1=0.0937, mean_prob2=0.1131
2026-02-25 09:30:48,578 - lg_cotrain - INFO - Phase 1 epoch 2/7: mean_prob1=0.1119, mean_prob2=0.1173
2026-02-25 09:31:07,101 - lg_cotrain - INFO - Phase 1 epoch 3/7: mean_prob1=0.1160, mean_prob2=0.1059
2026-02-25 09:31:25,512 - lg_cotrain - INFO - Phase 1 epoch 4/7: mean_prob1=0.1157, mean_prob2=0.1066
2026-02-25 09:31:43,944 - lg_cotrain - INFO - Phase 1 epoch 5/7: mean_prob1=0.1078, mean_prob2=0.1008
2026-02-25 09:32:02,408 - lg_cotrain - INFO - Phase 1 epoch 6/7: mean_prob1=0.1035, mean_prob2=0.1243
2026-02-25 09:32:20,827 - lg_cotrain - INFO - Phase 1 epoch 7/7: mean_prob1=0.0994, mean_prob2=0.1138
2026-02-25 09:32:20,827 - lg_cotrain - INFO - === Phase 2: Co-Training ===
2026-02-25 09:32:21,862 - lg_cotrain - INFO - LR scheduler: total_steps_1=7220, warmup=773; total_steps_2=7120, warmup=762
2026-02-25 09:32:21,863 - lg_cotrain - INFO - Phase 1 done -> seeded Phase 2 trackers. lambda1: mean=0.0994, range=[0.0422, 0.2348]
2026-02-25 09:32:21,863 - lg_cotrain - INFO - Phase 1 done -> seeded Phase 2 trackers. lambda2: mean=0.1138, range=[0.0645, 0.1483]
2026-02-25 09:33:38,634 - lg_cotrain - INFO - Phase 2 epoch 1/11: loss1=0.1845, loss2=0.1715, dev_macro_f1=0.0425, dev_err=76.37%
2026-02-25 09:34:55,547 - lg_cotrain - INFO - Phase 2 epoch 2/11: loss1=0.1566, loss2=0.3306, dev_macro_f1=0.0425, dev_err=76.37%
2026-02-25 09:36:12,611 - lg_cotrain - INFO - Phase 2 epoch 3/11: loss1=0.1630, loss2=0.3586, dev_macro_f1=0.0425, dev_err=76.37%
2026-02-25 09:37:29,776 - lg_cotrain - INFO - Phase 2 epoch 4/11: loss1=0.1620, loss2=0.3629, dev_macro_f1=0.0425, dev_err=76.37%
2026-02-25 09:38:46,825 - lg_cotrain - INFO - Phase 2 epoch 5/11: loss1=0.1616, loss2=0.3660, dev_macro_f1=0.0425, dev_err=76.37%
2026-02-25 09:40:03,844 - lg_cotrain - INFO - Phase 2 epoch 6/11: loss1=0.1642, loss2=0.3619, dev_macro_f1=0.0425, dev_err=76.37%
2026-02-25 09:41:21,953 - lg_cotrain - INFO - Phase 2 epoch 7/11: loss1=0.1640, loss2=0.3615, dev_macro_f1=0.0425, dev_err=76.37%
2026-02-25 09:42:39,055 - lg_cotrain - INFO - Phase 2 epoch 8/11: loss1=0.1651, loss2=0.3578, dev_macro_f1=0.0425, dev_err=76.37%
2026-02-25 09:43:56,153 - lg_cotrain - INFO - Phase 2 epoch 9/11: loss1=0.1664, loss2=0.3534, dev_macro_f1=0.0425, dev_err=76.37%
2026-02-25 09:45:13,191 - lg_cotrain - INFO - Phase 2 epoch 10/11: loss1=0.1671, loss2=0.3503, dev_macro_f1=0.0425, dev_err=76.37%
2026-02-25 09:46:30,150 - lg_cotrain - INFO - Phase 2 epoch 11/11: loss1=0.1684, loss2=0.3469, dev_macro_f1=0.0425, dev_err=76.37%
2026-02-25 09:46:30,150 - lg_cotrain - INFO - === Phase 3: Fine-Tuning ===
2026-02-25 09:46:34,195 - lg_cotrain - INFO - Phase 3 epoch 1: dev_macro_f1=0.0425, dev_err=76.37%, es_counter1=0, es_counter2=0
2026-02-25 09:46:38,216 - lg_cotrain - INFO - Phase 3 epoch 2: dev_macro_f1=0.0109, dev_err=94.84%, es_counter1=1, es_counter2=1
2026-02-25 09:46:42,239 - lg_cotrain - INFO - Phase 3 epoch 3: dev_macro_f1=0.0425, dev_err=76.37%, es_counter1=2, es_counter2=2
2026-02-25 09:46:46,246 - lg_cotrain - INFO - Phase 3 epoch 4: dev_macro_f1=0.0100, dev_err=95.31%, es_counter1=3, es_counter2=3
2026-02-25 09:46:50,274 - lg_cotrain - INFO - Phase 3 epoch 5: dev_macro_f1=0.0385, dev_err=79.03%, es_counter1=4, es_counter2=4
2026-02-25 09:46:54,291 - lg_cotrain - INFO - Phase 3 epoch 6: dev_macro_f1=0.0100, dev_err=95.31%, es_counter1=5, es_counter2=5
2026-02-25 09:46:58,321 - lg_cotrain - INFO - Phase 3 epoch 7: dev_macro_f1=0.0155, dev_err=92.49%, es_counter1=6, es_counter2=6
2026-02-25 09:47:02,355 - lg_cotrain - INFO - Phase 3 epoch 8: dev_macro_f1=0.0017, dev_err=99.22%, es_counter1=7, es_counter2=7
2026-02-25 09:47:06,401 - lg_cotrain - INFO - Phase 3 epoch 9: dev_macro_f1=0.0100, dev_err=95.31%, es_counter1=8, es_counter2=8
2026-02-25 09:47:10,447 - lg_cotrain - INFO - Phase 3 epoch 10: dev_macro_f1=0.0385, dev_err=79.03%, es_counter1=9, es_counter2=9
2026-02-25 09:47:14,478 - lg_cotrain - INFO - Phase 3 epoch 11: dev_macro_f1=0.0017, dev_err=99.22%, es_counter1=10, es_counter2=10
2026-02-25 09:47:14,479 - lg_cotrain - INFO - Early stopping at epoch 11
2026-02-25 09:47:14,489 - lg_cotrain - INFO - === Final Evaluation ===
2026-02-25 09:47:21,679 - lg_cotrain - INFO - Results saved to C:\Users\anhtr\AppData\Local\Temp\tmpfob5pv8u\hurricane_florence_2018\25_set1\metrics.json
2026-02-25 09:47:21,679 - lg_cotrain - INFO - Test error rate: 76.39%, Test macro-F1: 0.0424, Test ECE: 0.0210
2026-02-25 09:47:21,691 - lg_cotrain - INFO - --- Trial 3/10 done: dev_macro_f1=0.0425 ---
2026-02-25 09:47:21,692 - lg_cotrain - INFO - --- Trial 4/10 ---
2026-02-25 09:47:22,200 - lg_cotrain - INFO - Starting LG-CoTrain: event=hurricane_florence_2018, budget=25, seed_set=1
2026-02-25 09:47:22,228 - lg_cotrain - INFO - Detected 9 classes for event hurricane_florence_2018: ['caution_and_advice', 'displaced_people_and_evacuations', 'infrastructure_and_utility_damage', 'injured_or_dead_people', 'not_humanitarian', 'other_relevant_information', 'requests_or_urgent_needs', 'rescue_volunteering_or_donation_effort', 'sympathy_and_support']
2026-02-25 09:47:22,234 - lg_cotrain - INFO - D_l1: 117, D_l2: 108, D_LG: 4159
2026-02-25 09:47:22,235 - lg_cotrain - INFO - === Phase 1: Weight Generation ===
2026-02-25 09:47:41,705 - lg_cotrain - INFO - Phase 1 epoch 1/7: mean_prob1=0.1152, mean_prob2=0.1248
2026-02-25 09:48:00,383 - lg_cotrain - INFO - Phase 1 epoch 2/7: mean_prob1=0.1180, mean_prob2=0.1435
2026-02-25 09:48:19,046 - lg_cotrain - INFO - Phase 1 epoch 3/7: mean_prob1=0.1379, mean_prob2=0.1822
2026-02-25 09:48:37,699 - lg_cotrain - INFO - Phase 1 epoch 4/7: mean_prob1=0.1758, mean_prob2=0.2418
2026-02-25 09:48:56,400 - lg_cotrain - INFO - Phase 1 epoch 5/7: mean_prob1=0.2756, mean_prob2=0.3243
2026-02-25 09:49:15,016 - lg_cotrain - INFO - Phase 1 epoch 6/7: mean_prob1=0.3800, mean_prob2=0.4417
2026-02-25 09:49:33,683 - lg_cotrain - INFO - Phase 1 epoch 7/7: mean_prob1=0.4219, mean_prob2=0.4283
2026-02-25 09:49:33,683 - lg_cotrain - INFO - === Phase 2: Co-Training ===
2026-02-25 09:49:34,836 - lg_cotrain - INFO - LR scheduler: total_steps_1=5660, warmup=1602; total_steps_2=5560, warmup=1574
2026-02-25 09:49:34,836 - lg_cotrain - INFO - Phase 1 done -> seeded Phase 2 trackers. lambda1: mean=0.4219, range=[0.0070, 0.9214]
2026-02-25 09:49:34,837 - lg_cotrain - INFO - Phase 1 done -> seeded Phase 2 trackers. lambda2: mean=0.4283, range=[0.0047, 0.9307]
2026-02-25 09:50:51,712 - lg_cotrain - INFO - Phase 2 epoch 1/8: loss1=0.6002, loss2=0.5528, dev_macro_f1=0.6211, dev_err=23.63%
2026-02-25 09:52:08,863 - lg_cotrain - INFO - Phase 2 epoch 2/8: loss1=0.0798, loss2=0.2519, dev_macro_f1=0.6199, dev_err=23.94%
2026-02-25 09:53:25,962 - lg_cotrain - INFO - Phase 2 epoch 3/8: loss1=0.0678, loss2=0.2019, dev_macro_f1=0.6214, dev_err=23.32%
2026-02-25 09:54:43,134 - lg_cotrain - INFO - Phase 2 epoch 4/8: loss1=0.0789, loss2=0.1614, dev_macro_f1=0.6344, dev_err=23.00%
2026-02-25 09:56:00,342 - lg_cotrain - INFO - Phase 2 epoch 5/8: loss1=0.0447, loss2=0.1118, dev_macro_f1=0.6413, dev_err=21.91%
2026-02-25 09:57:17,800 - lg_cotrain - INFO - Phase 2 epoch 6/8: loss1=0.0290, loss2=0.0628, dev_macro_f1=0.6437, dev_err=23.47%
2026-02-25 09:58:34,966 - lg_cotrain - INFO - Phase 2 epoch 7/8: loss1=0.0176, loss2=0.0264, dev_macro_f1=0.6364, dev_err=23.79%
2026-02-25 09:59:53,261 - lg_cotrain - INFO - Phase 2 epoch 8/8: loss1=0.0188, loss2=0.0153, dev_macro_f1=0.6414, dev_err=23.47%
2026-02-25 09:59:53,261 - lg_cotrain - INFO - === Phase 3: Fine-Tuning ===
2026-02-25 09:59:57,323 - lg_cotrain - INFO - Phase 3 epoch 1: dev_macro_f1=0.6185, dev_err=35.99%, es_counter1=0, es_counter2=0
2026-02-25 10:00:01,488 - lg_cotrain - INFO - Phase 3 epoch 2: dev_macro_f1=0.6571, dev_err=23.79%, es_counter1=0, es_counter2=0
2026-02-25 10:00:05,574 - lg_cotrain - INFO - Phase 3 epoch 3: dev_macro_f1=0.6572, dev_err=24.57%, es_counter1=0, es_counter2=0
2026-02-25 10:00:09,744 - lg_cotrain - INFO - Phase 3 epoch 4: dev_macro_f1=0.6885, dev_err=23.79%, es_counter1=0, es_counter2=0
2026-02-25 10:00:14,000 - lg_cotrain - INFO - Phase 3 epoch 5: dev_macro_f1=0.6803, dev_err=25.35%, es_counter1=1, es_counter2=1
2026-02-25 10:00:18,126 - lg_cotrain - INFO - Phase 3 epoch 6: dev_macro_f1=0.6865, dev_err=26.29%, es_counter1=2, es_counter2=2
2026-02-25 10:00:22,209 - lg_cotrain - INFO - Phase 3 epoch 7: dev_macro_f1=0.6918, dev_err=25.35%, es_counter1=0, es_counter2=0
2026-02-25 10:00:26,247 - lg_cotrain - INFO - Phase 3 epoch 8: dev_macro_f1=0.6817, dev_err=25.67%, es_counter1=1, es_counter2=1
2026-02-25 10:00:30,328 - lg_cotrain - INFO - Phase 3 epoch 9: dev_macro_f1=0.6864, dev_err=26.76%, es_counter1=2, es_counter2=2
2026-02-25 10:00:34,403 - lg_cotrain - INFO - Phase 3 epoch 10: dev_macro_f1=0.6876, dev_err=26.60%, es_counter1=3, es_counter2=3
2026-02-25 10:00:38,485 - lg_cotrain - INFO - Phase 3 epoch 11: dev_macro_f1=0.6879, dev_err=26.29%, es_counter1=4, es_counter2=4
2026-02-25 10:00:42,534 - lg_cotrain - INFO - Phase 3 epoch 12: dev_macro_f1=0.6857, dev_err=26.60%, es_counter1=5, es_counter2=5
2026-02-25 10:00:46,587 - lg_cotrain - INFO - Phase 3 epoch 13: dev_macro_f1=0.6873, dev_err=26.45%, es_counter1=6, es_counter2=6
2026-02-25 10:00:50,647 - lg_cotrain - INFO - Phase 3 epoch 14: dev_macro_f1=0.6873, dev_err=26.45%, es_counter1=7, es_counter2=7
2026-02-25 10:00:54,711 - lg_cotrain - INFO - Phase 3 epoch 15: dev_macro_f1=0.6872, dev_err=26.45%, es_counter1=8, es_counter2=8
2026-02-25 10:00:54,712 - lg_cotrain - INFO - Early stopping at epoch 15
2026-02-25 10:00:54,721 - lg_cotrain - INFO - === Final Evaluation ===
2026-02-25 10:01:02,007 - lg_cotrain - INFO - Results saved to C:\Users\anhtr\AppData\Local\Temp\tmp40oydu1n\hurricane_florence_2018\25_set1\metrics.json
2026-02-25 10:01:02,008 - lg_cotrain - INFO - Test error rate: 26.11%, Test macro-F1: 0.6791, Test ECE: 0.0946
2026-02-25 10:01:02,016 - lg_cotrain - INFO - --- Trial 4/10 done: dev_macro_f1=0.6918 ---
2026-02-25 10:01:02,016 - lg_cotrain - INFO - --- Trial 5/10 ---
2026-02-25 10:01:02,503 - lg_cotrain - INFO - Starting LG-CoTrain: event=hurricane_florence_2018, budget=25, seed_set=1
2026-02-25 10:01:02,538 - lg_cotrain - INFO - Detected 9 classes for event hurricane_florence_2018: ['caution_and_advice', 'displaced_people_and_evacuations', 'infrastructure_and_utility_damage', 'injured_or_dead_people', 'not_humanitarian', 'other_relevant_information', 'requests_or_urgent_needs', 'rescue_volunteering_or_donation_effort', 'sympathy_and_support']
2026-02-25 10:01:02,545 - lg_cotrain - INFO - D_l1: 117, D_l2: 108, D_LG: 4159
2026-02-25 10:01:02,546 - lg_cotrain - INFO - === Phase 1: Weight Generation ===
2026-02-25 10:01:19,448 - lg_cotrain - INFO - Phase 1 epoch 1/7: mean_prob1=0.1225, mean_prob2=0.1230
2026-02-25 10:01:35,449 - lg_cotrain - INFO - Phase 1 epoch 2/7: mean_prob1=0.1129, mean_prob2=0.1271
2026-02-25 10:01:51,535 - lg_cotrain - INFO - Phase 1 epoch 3/7: mean_prob1=0.1200, mean_prob2=0.1297
2026-02-25 10:02:07,603 - lg_cotrain - INFO - Phase 1 epoch 4/7: mean_prob1=0.1322, mean_prob2=0.1332
2026-02-25 10:02:23,659 - lg_cotrain - INFO - Phase 1 epoch 5/7: mean_prob1=0.1427, mean_prob2=0.1386
2026-02-25 10:02:39,776 - lg_cotrain - INFO - Phase 1 epoch 6/7: mean_prob1=0.1496, mean_prob2=0.1476
2026-02-25 10:02:55,672 - lg_cotrain - INFO - Phase 1 epoch 7/7: mean_prob1=0.1666, mean_prob2=0.1596
2026-02-25 10:02:55,672 - lg_cotrain - INFO - === Phase 2: Co-Training ===
2026-02-25 10:02:56,678 - lg_cotrain - INFO - LR scheduler: total_steps_1=2090, warmup=341; total_steps_2=2090, warmup=341
2026-02-25 10:02:56,678 - lg_cotrain - INFO - Phase 1 done -> seeded Phase 2 trackers. lambda1: mean=0.1666, range=[0.0327, 0.4401]
2026-02-25 10:02:56,678 - lg_cotrain - INFO - Phase 1 done -> seeded Phase 2 trackers. lambda2: mean=0.1596, range=[0.0189, 0.3944]
2026-02-25 10:03:55,509 - lg_cotrain - INFO - Phase 2 epoch 1/13: loss1=0.3038, loss2=0.3045, dev_macro_f1=0.3779, dev_err=41.47%
2026-02-25 10:04:54,517 - lg_cotrain - INFO - Phase 2 epoch 2/13: loss1=0.1072, loss2=0.1904, dev_macro_f1=0.6260, dev_err=22.85%
2026-02-25 10:05:53,476 - lg_cotrain - INFO - Phase 2 epoch 3/13: loss1=0.0358, loss2=0.1555, dev_macro_f1=0.6120, dev_err=24.41%
2026-02-25 10:06:52,352 - lg_cotrain - INFO - Phase 2 epoch 4/13: loss1=0.0219, loss2=0.1071, dev_macro_f1=0.6254, dev_err=23.00%
2026-02-25 10:07:51,285 - lg_cotrain - INFO - Phase 2 epoch 5/13: loss1=0.0165, loss2=0.0613, dev_macro_f1=0.6391, dev_err=22.22%
2026-02-25 10:08:50,152 - lg_cotrain - INFO - Phase 2 epoch 6/13: loss1=0.0132, loss2=0.0499, dev_macro_f1=0.6449, dev_err=22.54%
2026-02-25 10:09:49,072 - lg_cotrain - INFO - Phase 2 epoch 7/13: loss1=0.0116, loss2=0.0356, dev_macro_f1=0.6450, dev_err=22.54%
2026-02-25 10:10:48,057 - lg_cotrain - INFO - Phase 2 epoch 8/13: loss1=0.0141, loss2=0.0335, dev_macro_f1=0.6557, dev_err=21.91%
2026-02-25 10:11:46,977 - lg_cotrain - INFO - Phase 2 epoch 9/13: loss1=0.0094, loss2=0.0201, dev_macro_f1=0.6336, dev_err=24.26%
2026-02-25 10:12:46,073 - lg_cotrain - INFO - Phase 2 epoch 10/13: loss1=0.0111, loss2=0.0103, dev_macro_f1=0.6479, dev_err=22.54%
2026-02-25 10:13:45,189 - lg_cotrain - INFO - Phase 2 epoch 11/13: loss1=0.0092, loss2=0.0083, dev_macro_f1=0.6484, dev_err=22.85%
2026-02-25 10:14:44,299 - lg_cotrain - INFO - Phase 2 epoch 12/13: loss1=0.0062, loss2=0.0068, dev_macro_f1=0.6510, dev_err=23.16%
2026-02-25 10:15:43,464 - lg_cotrain - INFO - Phase 2 epoch 13/13: loss1=0.0057, loss2=0.0060, dev_macro_f1=0.6586, dev_err=22.07%
2026-02-25 10:15:43,464 - lg_cotrain - INFO - === Phase 3: Fine-Tuning ===
2026-02-25 10:15:46,781 - lg_cotrain - INFO - Phase 3 epoch 1: dev_macro_f1=0.6517, dev_err=23.94%, es_counter1=0, es_counter2=0
2026-02-25 10:15:50,100 - lg_cotrain - INFO - Phase 3 epoch 2: dev_macro_f1=0.6577, dev_err=24.57%, es_counter1=0, es_counter2=0
2026-02-25 10:15:53,420 - lg_cotrain - INFO - Phase 3 epoch 3: dev_macro_f1=0.6615, dev_err=25.04%, es_counter1=0, es_counter2=0
2026-02-25 10:15:56,741 - lg_cotrain - INFO - Phase 3 epoch 4: dev_macro_f1=0.6624, dev_err=25.04%, es_counter1=0, es_counter2=0
2026-02-25 10:16:00,040 - lg_cotrain - INFO - Phase 3 epoch 5: dev_macro_f1=0.6512, dev_err=25.51%, es_counter1=1, es_counter2=1
2026-02-25 10:16:03,379 - lg_cotrain - INFO - Phase 3 epoch 6: dev_macro_f1=0.6675, dev_err=23.63%, es_counter1=0, es_counter2=0
2026-02-25 10:16:06,690 - lg_cotrain - INFO - Phase 3 epoch 7: dev_macro_f1=0.6665, dev_err=23.63%, es_counter1=1, es_counter2=1
2026-02-25 10:16:09,992 - lg_cotrain - INFO - Phase 3 epoch 8: dev_macro_f1=0.6672, dev_err=23.63%, es_counter1=2, es_counter2=2
2026-02-25 10:16:13,290 - lg_cotrain - INFO - Phase 3 epoch 9: dev_macro_f1=0.6672, dev_err=24.26%, es_counter1=3, es_counter2=3
2026-02-25 10:16:16,585 - lg_cotrain - INFO - Phase 3 epoch 10: dev_macro_f1=0.6650, dev_err=24.57%, es_counter1=4, es_counter2=4
2026-02-25 10:16:19,881 - lg_cotrain - INFO - Phase 3 epoch 11: dev_macro_f1=0.6644, dev_err=24.88%, es_counter1=5, es_counter2=5
2026-02-25 10:16:23,200 - lg_cotrain - INFO - Phase 3 epoch 12: dev_macro_f1=0.6687, dev_err=24.57%, es_counter1=0, es_counter2=0
2026-02-25 10:16:26,494 - lg_cotrain - INFO - Phase 3 epoch 13: dev_macro_f1=0.6675, dev_err=25.20%, es_counter1=1, es_counter2=1
2026-02-25 10:16:29,783 - lg_cotrain - INFO - Phase 3 epoch 14: dev_macro_f1=0.6645, dev_err=25.82%, es_counter1=2, es_counter2=2
2026-02-25 10:16:33,096 - lg_cotrain - INFO - Phase 3 epoch 15: dev_macro_f1=0.6653, dev_err=25.82%, es_counter1=3, es_counter2=3
2026-02-25 10:16:36,410 - lg_cotrain - INFO - Phase 3 epoch 16: dev_macro_f1=0.6689, dev_err=26.29%, es_counter1=0, es_counter2=0
2026-02-25 10:16:39,704 - lg_cotrain - INFO - Phase 3 epoch 17: dev_macro_f1=0.6662, dev_err=26.60%, es_counter1=1, es_counter2=1
2026-02-25 10:16:42,994 - lg_cotrain - INFO - Phase 3 epoch 18: dev_macro_f1=0.6636, dev_err=27.07%, es_counter1=2, es_counter2=2
2026-02-25 10:16:46,290 - lg_cotrain - INFO - Phase 3 epoch 19: dev_macro_f1=0.6669, dev_err=26.60%, es_counter1=3, es_counter2=3
2026-02-25 10:16:49,581 - lg_cotrain - INFO - Phase 3 epoch 20: dev_macro_f1=0.6677, dev_err=26.76%, es_counter1=4, es_counter2=4
2026-02-25 10:16:52,875 - lg_cotrain - INFO - Phase 3 epoch 21: dev_macro_f1=0.6669, dev_err=26.92%, es_counter1=5, es_counter2=5
2026-02-25 10:16:56,172 - lg_cotrain - INFO - Phase 3 epoch 22: dev_macro_f1=0.6602, dev_err=27.07%, es_counter1=6, es_counter2=6
2026-02-25 10:16:59,486 - lg_cotrain - INFO - Phase 3 epoch 23: dev_macro_f1=0.6606, dev_err=27.23%, es_counter1=7, es_counter2=7
2026-02-25 10:16:59,486 - lg_cotrain - INFO - Early stopping at epoch 23
2026-02-25 10:16:59,494 - lg_cotrain - INFO - === Final Evaluation ===
2026-02-25 10:17:05,860 - lg_cotrain - INFO - Results saved to C:\Users\anhtr\AppData\Local\Temp\tmppfd4wkx6\hurricane_florence_2018\25_set1\metrics.json
2026-02-25 10:17:05,860 - lg_cotrain - INFO - Test error rate: 26.75%, Test macro-F1: 0.6678, Test ECE: 0.1105
2026-02-25 10:17:05,870 - lg_cotrain - INFO - --- Trial 5/10 done: dev_macro_f1=0.6689 ---
2026-02-25 10:17:05,870 - lg_cotrain - INFO - --- Trial 6/10 ---
2026-02-25 10:17:06,502 - lg_cotrain - INFO - Starting LG-CoTrain: event=hurricane_florence_2018, budget=25, seed_set=1
2026-02-25 10:17:06,531 - lg_cotrain - INFO - Detected 9 classes for event hurricane_florence_2018: ['caution_and_advice', 'displaced_people_and_evacuations', 'infrastructure_and_utility_damage', 'injured_or_dead_people', 'not_humanitarian', 'other_relevant_information', 'requests_or_urgent_needs', 'rescue_volunteering_or_donation_effort', 'sympathy_and_support']
2026-02-25 10:17:06,539 - lg_cotrain - INFO - D_l1: 117, D_l2: 108, D_LG: 4159
2026-02-25 10:17:06,540 - lg_cotrain - INFO - === Phase 1: Weight Generation ===
2026-02-25 10:17:24,190 - lg_cotrain - INFO - Phase 1 epoch 1/7: mean_prob1=0.1183, mean_prob2=0.1175
2026-02-25 10:17:40,908 - lg_cotrain - INFO - Phase 1 epoch 2/7: mean_prob1=0.1140, mean_prob2=0.1201
2026-02-25 10:17:57,666 - lg_cotrain - INFO - Phase 1 epoch 3/7: mean_prob1=0.1185, mean_prob2=0.1451
2026-02-25 10:18:14,429 - lg_cotrain - INFO - Phase 1 epoch 4/7: mean_prob1=0.1512, mean_prob2=0.1808
2026-02-25 10:18:31,214 - lg_cotrain - INFO - Phase 1 epoch 5/7: mean_prob1=0.1541, mean_prob2=0.2148
2026-02-25 10:18:47,966 - lg_cotrain - INFO - Phase 1 epoch 6/7: mean_prob1=0.2384, mean_prob2=0.2763
2026-02-25 10:19:04,705 - lg_cotrain - INFO - Phase 1 epoch 7/7: mean_prob1=0.3179, mean_prob2=0.3627
2026-02-25 10:19:04,706 - lg_cotrain - INFO - === Phase 2: Co-Training ===
2026-02-25 10:19:05,753 - lg_cotrain - INFO - LR scheduler: total_steps_1=4700, warmup=154; total_steps_2=4600, warmup=151
2026-02-25 10:19:05,754 - lg_cotrain - INFO - Phase 1 done -> seeded Phase 2 trackers. lambda1: mean=0.3179, range=[0.0075, 0.8103]
2026-02-25 10:19:05,754 - lg_cotrain - INFO - Phase 1 done -> seeded Phase 2 trackers. lambda2: mean=0.3627, range=[0.0119, 0.8384]
2026-02-25 10:20:10,570 - lg_cotrain - INFO - Phase 2 epoch 1/15: loss1=0.3561, loss2=0.3031, dev_macro_f1=0.5918, dev_err=27.70%
2026-02-25 10:21:15,467 - lg_cotrain - INFO - Phase 2 epoch 2/15: loss1=0.0538, loss2=0.2522, dev_macro_f1=0.6271, dev_err=22.85%
2026-02-25 10:22:20,403 - lg_cotrain - INFO - Phase 2 epoch 3/15: loss1=0.0430, loss2=0.1621, dev_macro_f1=0.6317, dev_err=23.16%
2026-02-25 10:23:25,390 - lg_cotrain - INFO - Phase 2 epoch 4/15: loss1=0.0379, loss2=0.1189, dev_macro_f1=0.6400, dev_err=22.22%
2026-02-25 10:24:30,339 - lg_cotrain - INFO - Phase 2 epoch 5/15: loss1=0.0254, loss2=0.0664, dev_macro_f1=0.6527, dev_err=21.91%
2026-02-25 10:25:35,320 - lg_cotrain - INFO - Phase 2 epoch 6/15: loss1=0.0307, loss2=0.0319, dev_macro_f1=0.6341, dev_err=23.32%
2026-02-25 10:26:40,376 - lg_cotrain - INFO - Phase 2 epoch 7/15: loss1=0.0284, loss2=0.0251, dev_macro_f1=0.6414, dev_err=23.47%
2026-02-25 10:27:45,522 - lg_cotrain - INFO - Phase 2 epoch 8/15: loss1=0.0153, loss2=0.0250, dev_macro_f1=0.6511, dev_err=23.16%
2026-02-25 10:28:50,686 - lg_cotrain - INFO - Phase 2 epoch 9/15: loss1=0.0115, loss2=0.0260, dev_macro_f1=0.6380, dev_err=23.79%
2026-02-25 10:29:55,789 - lg_cotrain - INFO - Phase 2 epoch 10/15: loss1=0.0092, loss2=0.0120, dev_macro_f1=0.6461, dev_err=23.63%
2026-02-25 10:31:00,884 - lg_cotrain - INFO - Phase 2 epoch 11/15: loss1=0.0081, loss2=0.0170, dev_macro_f1=0.6258, dev_err=25.51%
2026-02-25 10:32:06,042 - lg_cotrain - INFO - Phase 2 epoch 12/15: loss1=0.0141, loss2=0.0158, dev_macro_f1=0.6333, dev_err=24.41%
2026-02-25 10:33:11,138 - lg_cotrain - INFO - Phase 2 epoch 13/15: loss1=0.0101, loss2=0.0096, dev_macro_f1=0.6536, dev_err=23.79%
2026-02-25 10:34:16,231 - lg_cotrain - INFO - Phase 2 epoch 14/15: loss1=0.0041, loss2=0.0075, dev_macro_f1=0.6311, dev_err=24.88%
2026-02-25 10:35:21,365 - lg_cotrain - INFO - Phase 2 epoch 15/15: loss1=0.0034, loss2=0.0063, dev_macro_f1=0.6371, dev_err=24.88%
2026-02-25 10:35:21,365 - lg_cotrain - INFO - === Phase 3: Fine-Tuning ===
2026-02-25 10:35:24,965 - lg_cotrain - INFO - Phase 3 epoch 1: dev_macro_f1=0.6387, dev_err=28.01%, es_counter1=0, es_counter2=0
2026-02-25 10:35:28,544 - lg_cotrain - INFO - Phase 3 epoch 2: dev_macro_f1=0.6377, dev_err=30.83%, es_counter1=1, es_counter2=1
2026-02-25 10:35:32,148 - lg_cotrain - INFO - Phase 3 epoch 3: dev_macro_f1=0.6282, dev_err=33.02%, es_counter1=2, es_counter2=2
2026-02-25 10:35:35,751 - lg_cotrain - INFO - Phase 3 epoch 4: dev_macro_f1=0.6593, dev_err=27.23%, es_counter1=0, es_counter2=0
2026-02-25 10:35:39,343 - lg_cotrain - INFO - Phase 3 epoch 5: dev_macro_f1=0.6707, dev_err=25.82%, es_counter1=0, es_counter2=0
2026-02-25 10:35:42,915 - lg_cotrain - INFO - Phase 3 epoch 6: dev_macro_f1=0.6707, dev_err=26.13%, es_counter1=0, es_counter2=0
2026-02-25 10:35:46,480 - lg_cotrain - INFO - Phase 3 epoch 7: dev_macro_f1=0.6723, dev_err=26.76%, es_counter1=0, es_counter2=0
2026-02-25 10:35:50,040 - lg_cotrain - INFO - Phase 3 epoch 8: dev_macro_f1=0.6693, dev_err=27.23%, es_counter1=1, es_counter2=1
2026-02-25 10:35:53,604 - lg_cotrain - INFO - Phase 3 epoch 9: dev_macro_f1=0.6687, dev_err=27.39%, es_counter1=2, es_counter2=2
2026-02-25 10:35:57,164 - lg_cotrain - INFO - Phase 3 epoch 10: dev_macro_f1=0.6678, dev_err=27.54%, es_counter1=3, es_counter2=3
2026-02-25 10:36:00,733 - lg_cotrain - INFO - Phase 3 epoch 11: dev_macro_f1=0.6721, dev_err=27.07%, es_counter1=4, es_counter2=4
2026-02-25 10:36:04,309 - lg_cotrain - INFO - Phase 3 epoch 12: dev_macro_f1=0.6732, dev_err=26.92%, es_counter1=0, es_counter2=0
2026-02-25 10:36:07,868 - lg_cotrain - INFO - Phase 3 epoch 13: dev_macro_f1=0.6730, dev_err=26.92%, es_counter1=1, es_counter2=1
2026-02-25 10:36:11,429 - lg_cotrain - INFO - Phase 3 epoch 14: dev_macro_f1=0.6722, dev_err=27.07%, es_counter1=2, es_counter2=2
2026-02-25 10:36:14,987 - lg_cotrain - INFO - Phase 3 epoch 15: dev_macro_f1=0.6730, dev_err=27.07%, es_counter1=3, es_counter2=3
2026-02-25 10:36:18,560 - lg_cotrain - INFO - Phase 3 epoch 16: dev_macro_f1=0.6765, dev_err=26.76%, es_counter1=0, es_counter2=0
2026-02-25 10:36:22,147 - lg_cotrain - INFO - Phase 3 epoch 17: dev_macro_f1=0.6778, dev_err=26.60%, es_counter1=0, es_counter2=0
2026-02-25 10:36:25,697 - lg_cotrain - INFO - Phase 3 epoch 18: dev_macro_f1=0.6773, dev_err=26.60%, es_counter1=1, es_counter2=1
2026-02-25 10:36:29,252 - lg_cotrain - INFO - Phase 3 epoch 19: dev_macro_f1=0.6773, dev_err=26.60%, es_counter1=2, es_counter2=2
2026-02-25 10:36:32,845 - lg_cotrain - INFO - Phase 3 epoch 20: dev_macro_f1=0.6773, dev_err=26.60%, es_counter1=3, es_counter2=3
2026-02-25 10:36:36,441 - lg_cotrain - INFO - Phase 3 epoch 21: dev_macro_f1=0.6759, dev_err=26.76%, es_counter1=4, es_counter2=4
2026-02-25 10:36:40,013 - lg_cotrain - INFO - Phase 3 epoch 22: dev_macro_f1=0.6759, dev_err=26.76%, es_counter1=5, es_counter2=5
2026-02-25 10:36:43,605 - lg_cotrain - INFO - Phase 3 epoch 23: dev_macro_f1=0.6773, dev_err=26.60%, es_counter1=6, es_counter2=6
2026-02-25 10:36:47,177 - lg_cotrain - INFO - Phase 3 epoch 24: dev_macro_f1=0.6773, dev_err=26.60%, es_counter1=7, es_counter2=7
2026-02-25 10:36:50,743 - lg_cotrain - INFO - Phase 3 epoch 25: dev_macro_f1=0.6773, dev_err=26.60%, es_counter1=8, es_counter2=8
2026-02-25 10:36:54,301 - lg_cotrain - INFO - Phase 3 epoch 26: dev_macro_f1=0.6773, dev_err=26.60%, es_counter1=9, es_counter2=9
2026-02-25 10:36:57,859 - lg_cotrain - INFO - Phase 3 epoch 27: dev_macro_f1=0.6773, dev_err=26.60%, es_counter1=10, es_counter2=10
2026-02-25 10:36:57,859 - lg_cotrain - INFO - Early stopping at epoch 27
2026-02-25 10:36:57,871 - lg_cotrain - INFO - === Final Evaluation ===
2026-02-25 10:37:04,539 - lg_cotrain - INFO - Results saved to C:\Users\anhtr\AppData\Local\Temp\tmpds3j9gmh\hurricane_florence_2018\25_set1\metrics.json
2026-02-25 10:37:04,539 - lg_cotrain - INFO - Test error rate: 28.12%, Test macro-F1: 0.6616, Test ECE: 0.1348
2026-02-25 10:37:04,549 - lg_cotrain - INFO - --- Trial 6/10 done: dev_macro_f1=0.6778 ---
2026-02-25 10:37:04,550 - lg_cotrain - INFO - --- Trial 7/10 ---
2026-02-25 10:37:05,074 - lg_cotrain - INFO - Starting LG-CoTrain: event=hurricane_florence_2018, budget=25, seed_set=1
2026-02-25 10:37:05,106 - lg_cotrain - INFO - Detected 9 classes for event hurricane_florence_2018: ['caution_and_advice', 'displaced_people_and_evacuations', 'infrastructure_and_utility_damage', 'injured_or_dead_people', 'not_humanitarian', 'other_relevant_information', 'requests_or_urgent_needs', 'rescue_volunteering_or_donation_effort', 'sympathy_and_support']
2026-02-25 10:37:05,114 - lg_cotrain - INFO - D_l1: 117, D_l2: 108, D_LG: 4159
2026-02-25 10:37:05,115 - lg_cotrain - INFO - === Phase 1: Weight Generation ===
2026-02-25 10:37:21,123 - lg_cotrain - INFO - Phase 1 epoch 1/7: mean_prob1=0.1221, mean_prob2=0.1196
2026-02-25 10:37:36,247 - lg_cotrain - INFO - Phase 1 epoch 2/7: mean_prob1=0.1207, mean_prob2=0.1235
2026-02-25 10:37:51,473 - lg_cotrain - INFO - Phase 1 epoch 3/7: mean_prob1=0.1119, mean_prob2=0.1281
2026-02-25 10:38:06,694 - lg_cotrain - INFO - Phase 1 epoch 4/7: mean_prob1=0.1200, mean_prob2=0.1335
2026-02-25 10:38:21,810 - lg_cotrain - INFO - Phase 1 epoch 5/7: mean_prob1=0.1305, mean_prob2=0.1427
2026-02-25 10:38:36,929 - lg_cotrain - INFO - Phase 1 epoch 6/7: mean_prob1=0.1406, mean_prob2=0.1473
2026-02-25 10:38:52,019 - lg_cotrain - INFO - Phase 1 epoch 7/7: mean_prob1=0.1490, mean_prob2=0.1547
2026-02-25 10:38:52,019 - lg_cotrain - INFO - === Phase 2: Co-Training ===
2026-02-25 10:38:53,038 - lg_cotrain - INFO - LR scheduler: total_steps_1=655, warmup=33; total_steps_2=655, warmup=33
2026-02-25 10:38:53,039 - lg_cotrain - INFO - Phase 1 done -> seeded Phase 2 trackers. lambda1: mean=0.1490, range=[0.0366, 0.3637]
2026-02-25 10:38:53,039 - lg_cotrain - INFO - Phase 1 done -> seeded Phase 2 trackers. lambda2: mean=0.1547, range=[0.0283, 0.3931]
2026-02-25 10:39:47,127 - lg_cotrain - INFO - Phase 2 epoch 1/7: loss1=0.2363, loss2=0.2186, dev_macro_f1=0.6108, dev_err=24.10%
2026-02-25 10:40:42,664 - lg_cotrain - INFO - Phase 2 epoch 2/7: loss1=0.0583, loss2=0.1718, dev_macro_f1=0.6303, dev_err=22.22%
2026-02-25 10:41:37,023 - lg_cotrain - INFO - Phase 2 epoch 3/7: loss1=0.0261, loss2=0.1196, dev_macro_f1=0.6319, dev_err=22.38%
2026-02-25 10:42:31,127 - lg_cotrain - INFO - Phase 2 epoch 4/7: loss1=0.0166, loss2=0.1005, dev_macro_f1=0.6365, dev_err=23.16%
2026-02-25 10:43:25,180 - lg_cotrain - INFO - Phase 2 epoch 5/7: loss1=0.0162, loss2=0.0572, dev_macro_f1=0.6220, dev_err=24.26%
2026-02-25 10:44:19,302 - lg_cotrain - INFO - Phase 2 epoch 6/7: loss1=0.0098, loss2=0.0356, dev_macro_f1=0.6496, dev_err=22.69%
2026-02-25 10:45:13,468 - lg_cotrain - INFO - Phase 2 epoch 7/7: loss1=0.0069, loss2=0.0213, dev_macro_f1=0.6437, dev_err=23.63%
2026-02-25 10:45:13,468 - lg_cotrain - INFO - === Phase 3: Fine-Tuning ===
2026-02-25 10:45:16,543 - lg_cotrain - INFO - Phase 3 epoch 1: dev_macro_f1=0.6544, dev_err=23.32%, es_counter1=0, es_counter2=0
2026-02-25 10:45:19,624 - lg_cotrain - INFO - Phase 3 epoch 2: dev_macro_f1=0.6640, dev_err=23.94%, es_counter1=0, es_counter2=0
2026-02-25 10:45:22,685 - lg_cotrain - INFO - Phase 3 epoch 3: dev_macro_f1=0.6603, dev_err=25.35%, es_counter1=1, es_counter2=1
2026-02-25 10:45:25,748 - lg_cotrain - INFO - Phase 3 epoch 4: dev_macro_f1=0.6579, dev_err=25.67%, es_counter1=2, es_counter2=2
2026-02-25 10:45:28,811 - lg_cotrain - INFO - Phase 3 epoch 5: dev_macro_f1=0.6619, dev_err=24.88%, es_counter1=3, es_counter2=3
2026-02-25 10:45:31,889 - lg_cotrain - INFO - Phase 3 epoch 6: dev_macro_f1=0.6616, dev_err=24.41%, es_counter1=4, es_counter2=4
2026-02-25 10:45:34,971 - lg_cotrain - INFO - Phase 3 epoch 7: dev_macro_f1=0.6653, dev_err=23.16%, es_counter1=0, es_counter2=0
2026-02-25 10:45:38,051 - lg_cotrain - INFO - Phase 3 epoch 8: dev_macro_f1=0.6684, dev_err=22.54%, es_counter1=0, es_counter2=0
2026-02-25 10:45:41,131 - lg_cotrain - INFO - Phase 3 epoch 9: dev_macro_f1=0.6772, dev_err=22.38%, es_counter1=0, es_counter2=0
2026-02-25 10:45:44,194 - lg_cotrain - INFO - Phase 3 epoch 10: dev_macro_f1=0.6766, dev_err=22.69%, es_counter1=1, es_counter2=1
2026-02-25 10:45:47,269 - lg_cotrain - INFO - Phase 3 epoch 11: dev_macro_f1=0.6727, dev_err=23.63%, es_counter1=2, es_counter2=2
2026-02-25 10:45:50,327 - lg_cotrain - INFO - Phase 3 epoch 12: dev_macro_f1=0.6714, dev_err=24.10%, es_counter1=3, es_counter2=3
2026-02-25 10:45:53,381 - lg_cotrain - INFO - Phase 3 epoch 13: dev_macro_f1=0.6765, dev_err=24.41%, es_counter1=4, es_counter2=4
2026-02-25 10:45:56,451 - lg_cotrain - INFO - Phase 3 epoch 14: dev_macro_f1=0.6738, dev_err=24.88%, es_counter1=5, es_counter2=5
2026-02-25 10:45:59,531 - lg_cotrain - INFO - Phase 3 epoch 15: dev_macro_f1=0.6792, dev_err=24.26%, es_counter1=0, es_counter2=0
2026-02-25 10:46:02,597 - lg_cotrain - INFO - Phase 3 epoch 16: dev_macro_f1=0.6783, dev_err=24.41%, es_counter1=1, es_counter2=1
2026-02-25 10:46:05,682 - lg_cotrain - INFO - Phase 3 epoch 17: dev_macro_f1=0.6778, dev_err=24.57%, es_counter1=2, es_counter2=2
2026-02-25 10:46:08,773 - lg_cotrain - INFO - Phase 3 epoch 18: dev_macro_f1=0.6759, dev_err=24.88%, es_counter1=3, es_counter2=3
2026-02-25 10:46:11,852 - lg_cotrain - INFO - Phase 3 epoch 19: dev_macro_f1=0.6787, dev_err=24.73%, es_counter1=4, es_counter2=4
2026-02-25 10:46:14,922 - lg_cotrain - INFO - Phase 3 epoch 20: dev_macro_f1=0.6778, dev_err=24.88%, es_counter1=5, es_counter2=5
2026-02-25 10:46:17,990 - lg_cotrain - INFO - Phase 3 epoch 21: dev_macro_f1=0.6768, dev_err=25.20%, es_counter1=6, es_counter2=6
2026-02-25 10:46:21,067 - lg_cotrain - INFO - Phase 3 epoch 22: dev_macro_f1=0.6798, dev_err=24.88%, es_counter1=0, es_counter2=0
2026-02-25 10:46:24,130 - lg_cotrain - INFO - Phase 3 epoch 23: dev_macro_f1=0.6797, dev_err=24.88%, es_counter1=1, es_counter2=1
2026-02-25 10:46:27,210 - lg_cotrain - INFO - Phase 3 epoch 24: dev_macro_f1=0.6799, dev_err=24.88%, es_counter1=0, es_counter2=0
2026-02-25 10:46:30,284 - lg_cotrain - INFO - Phase 3 epoch 25: dev_macro_f1=0.6797, dev_err=24.88%, es_counter1=1, es_counter2=1
2026-02-25 10:46:33,362 - lg_cotrain - INFO - Phase 3 epoch 26: dev_macro_f1=0.6791, dev_err=24.88%, es_counter1=2, es_counter2=2
2026-02-25 10:46:36,430 - lg_cotrain - INFO - Phase 3 epoch 27: dev_macro_f1=0.6781, dev_err=25.04%, es_counter1=3, es_counter2=3
2026-02-25 10:46:39,499 - lg_cotrain - INFO - Phase 3 epoch 28: dev_macro_f1=0.6774, dev_err=25.20%, es_counter1=4, es_counter2=4
2026-02-25 10:46:42,565 - lg_cotrain - INFO - Phase 3 epoch 29: dev_macro_f1=0.6763, dev_err=25.51%, es_counter1=5, es_counter2=5
2026-02-25 10:46:45,621 - lg_cotrain - INFO - Phase 3 epoch 30: dev_macro_f1=0.6763, dev_err=25.51%, es_counter1=6, es_counter2=6
2026-02-25 10:46:48,683 - lg_cotrain - INFO - Phase 3 epoch 31: dev_macro_f1=0.6784, dev_err=25.35%, es_counter1=7, es_counter2=7
2026-02-25 10:46:51,734 - lg_cotrain - INFO - Phase 3 epoch 32: dev_macro_f1=0.6792, dev_err=25.20%, es_counter1=8, es_counter2=8
2026-02-25 10:46:54,795 - lg_cotrain - INFO - Phase 3 epoch 33: dev_macro_f1=0.6792, dev_err=25.20%, es_counter1=9, es_counter2=9
2026-02-25 10:46:57,888 - lg_cotrain - INFO - Phase 3 epoch 34: dev_macro_f1=0.6812, dev_err=25.04%, es_counter1=0, es_counter2=0
2026-02-25 10:47:00,941 - lg_cotrain - INFO - Phase 3 epoch 35: dev_macro_f1=0.6812, dev_err=25.04%, es_counter1=1, es_counter2=1
2026-02-25 10:47:04,011 - lg_cotrain - INFO - Phase 3 epoch 36: dev_macro_f1=0.6812, dev_err=25.04%, es_counter1=2, es_counter2=2
2026-02-25 10:47:07,085 - lg_cotrain - INFO - Phase 3 epoch 37: dev_macro_f1=0.6812, dev_err=25.04%, es_counter1=3, es_counter2=3
2026-02-25 10:47:10,161 - lg_cotrain - INFO - Phase 3 epoch 38: dev_macro_f1=0.6812, dev_err=25.04%, es_counter1=4, es_counter2=4
2026-02-25 10:47:13,249 - lg_cotrain - INFO - Phase 3 epoch 39: dev_macro_f1=0.6806, dev_err=25.20%, es_counter1=5, es_counter2=5
2026-02-25 10:47:16,305 - lg_cotrain - INFO - Phase 3 epoch 40: dev_macro_f1=0.6792, dev_err=25.35%, es_counter1=6, es_counter2=6
2026-02-25 10:47:19,376 - lg_cotrain - INFO - Phase 3 epoch 41: dev_macro_f1=0.6792, dev_err=25.35%, es_counter1=7, es_counter2=7
2026-02-25 10:47:22,464 - lg_cotrain - INFO - Phase 3 epoch 42: dev_macro_f1=0.6791, dev_err=25.35%, es_counter1=8, es_counter2=8
2026-02-25 10:47:25,532 - lg_cotrain - INFO - Phase 3 epoch 43: dev_macro_f1=0.6791, dev_err=25.35%, es_counter1=9, es_counter2=9
2026-02-25 10:47:28,578 - lg_cotrain - INFO - Phase 3 epoch 44: dev_macro_f1=0.6789, dev_err=25.35%, es_counter1=10, es_counter2=10
2026-02-25 10:47:28,578 - lg_cotrain - INFO - Early stopping at epoch 44
2026-02-25 10:47:28,588 - lg_cotrain - INFO - === Final Evaluation ===
2026-02-25 10:47:34,633 - lg_cotrain - INFO - Results saved to C:\Users\anhtr\AppData\Local\Temp\tmp2ifl8um0\hurricane_florence_2018\25_set1\metrics.json
2026-02-25 10:47:34,633 - lg_cotrain - INFO - Test error rate: 27.07%, Test macro-F1: 0.6658, Test ECE: 0.0995
2026-02-25 10:47:34,642 - lg_cotrain - INFO - --- Trial 7/10 done: dev_macro_f1=0.6812 ---
2026-02-25 10:47:34,642 - lg_cotrain - INFO - --- Trial 8/10 ---
2026-02-25 10:47:35,248 - lg_cotrain - INFO - Starting LG-CoTrain: event=hurricane_florence_2018, budget=25, seed_set=1
2026-02-25 10:47:35,279 - lg_cotrain - INFO - Detected 9 classes for event hurricane_florence_2018: ['caution_and_advice', 'displaced_people_and_evacuations', 'infrastructure_and_utility_damage', 'injured_or_dead_people', 'not_humanitarian', 'other_relevant_information', 'requests_or_urgent_needs', 'rescue_volunteering_or_donation_effort', 'sympathy_and_support']
2026-02-25 10:47:35,287 - lg_cotrain - INFO - D_l1: 117, D_l2: 108, D_LG: 4159
2026-02-25 10:47:35,288 - lg_cotrain - INFO - === Phase 1: Weight Generation ===
2026-02-25 10:47:52,488 - lg_cotrain - INFO - Phase 1 epoch 1/7: mean_prob1=0.1116, mean_prob2=0.1115
2026-02-25 10:48:08,441 - lg_cotrain - INFO - Phase 1 epoch 2/7: mean_prob1=0.1457, mean_prob2=0.1087
2026-02-25 10:48:24,731 - lg_cotrain - INFO - Phase 1 epoch 3/7: mean_prob1=0.1766, mean_prob2=0.1133
2026-02-25 10:48:41,153 - lg_cotrain - INFO - Phase 1 epoch 4/7: mean_prob1=0.2415, mean_prob2=0.1071
2026-02-25 10:48:57,284 - lg_cotrain - INFO - Phase 1 epoch 5/7: mean_prob1=0.3384, mean_prob2=0.1108
2026-02-25 10:49:13,590 - lg_cotrain - INFO - Phase 1 epoch 6/7: mean_prob1=0.4063, mean_prob2=0.1247
2026-02-25 10:49:29,949 - lg_cotrain - INFO - Phase 1 epoch 7/7: mean_prob1=0.4454, mean_prob2=0.1025
2026-02-25 10:49:29,949 - lg_cotrain - INFO - === Phase 2: Co-Training ===
2026-02-25 10:49:31,044 - lg_cotrain - INFO - LR scheduler: total_steps_1=1700, warmup=141; total_steps_2=1700, warmup=141
2026-02-25 10:49:31,045 - lg_cotrain - INFO - Phase 1 done -> seeded Phase 2 trackers. lambda1: mean=0.4454, range=[0.0008, 0.9807]
2026-02-25 10:49:31,045 - lg_cotrain - INFO - Phase 1 done -> seeded Phase 2 trackers. lambda2: mean=0.1025, range=[0.0345, 0.1767]
2026-02-25 10:50:31,180 - lg_cotrain - INFO - Phase 2 epoch 1/10: loss1=0.1221, loss2=0.4162, dev_macro_f1=0.5795, dev_err=28.17%
2026-02-25 10:51:30,805 - lg_cotrain - INFO - Phase 2 epoch 2/10: loss1=0.0534, loss2=1.0091, dev_macro_f1=0.5806, dev_err=30.05%
2026-02-25 10:52:31,347 - lg_cotrain - INFO - Phase 2 epoch 3/10: loss1=0.0225, loss2=1.5191, dev_macro_f1=0.4379, dev_err=34.74%
2026-02-25 10:53:30,586 - lg_cotrain - INFO - Phase 2 epoch 4/10: loss1=0.0170, loss2=1.6248, dev_macro_f1=0.4314, dev_err=35.37%
2026-02-25 10:54:29,298 - lg_cotrain - INFO - Phase 2 epoch 5/10: loss1=0.0251, loss2=1.6328, dev_macro_f1=0.2212, dev_err=49.77%
2026-02-25 10:55:28,087 - lg_cotrain - INFO - Phase 2 epoch 6/10: loss1=0.0371, loss2=1.5978, dev_macro_f1=0.2119, dev_err=49.14%
2026-02-25 10:56:26,804 - lg_cotrain - INFO - Phase 2 epoch 7/10: loss1=0.0767, loss2=1.5540, dev_macro_f1=0.0425, dev_err=76.37%
2026-02-25 10:57:25,531 - lg_cotrain - INFO - Phase 2 epoch 8/10: loss1=0.0840, loss2=1.4968, dev_macro_f1=0.0425, dev_err=76.37%
2026-02-25 10:58:24,404 - lg_cotrain - INFO - Phase 2 epoch 9/10: loss1=0.0890, loss2=1.4320, dev_macro_f1=0.0425, dev_err=76.37%
2026-02-25 10:59:23,402 - lg_cotrain - INFO - Phase 2 epoch 10/10: loss1=0.0935, loss2=1.3747, dev_macro_f1=0.0425, dev_err=76.37%
2026-02-25 10:59:23,402 - lg_cotrain - INFO - === Phase 3: Fine-Tuning ===
2026-02-25 10:59:26,667 - lg_cotrain - INFO - Phase 3 epoch 1: dev_macro_f1=0.0425, dev_err=76.37%, es_counter1=0, es_counter2=0
2026-02-25 10:59:29,924 - lg_cotrain - INFO - Phase 3 epoch 2: dev_macro_f1=0.0425, dev_err=76.37%, es_counter1=1, es_counter2=1
2026-02-25 10:59:33,192 - lg_cotrain - INFO - Phase 3 epoch 3: dev_macro_f1=0.0017, dev_err=99.22%, es_counter1=2, es_counter2=2
2026-02-25 10:59:36,452 - lg_cotrain - INFO - Phase 3 epoch 4: dev_macro_f1=0.0017, dev_err=99.22%, es_counter1=3, es_counter2=3
2026-02-25 10:59:39,700 - lg_cotrain - INFO - Phase 3 epoch 5: dev_macro_f1=0.0205, dev_err=89.83%, es_counter1=4, es_counter2=4
2026-02-25 10:59:39,701 - lg_cotrain - INFO - Early stopping at epoch 5
2026-02-25 10:59:39,714 - lg_cotrain - INFO - === Final Evaluation ===
2026-02-25 10:59:45,981 - lg_cotrain - INFO - Results saved to C:\Users\anhtr\AppData\Local\Temp\tmptqhpw0wd\hurricane_florence_2018\25_set1\metrics.json
2026-02-25 10:59:45,981 - lg_cotrain - INFO - Test error rate: 76.39%, Test macro-F1: 0.0424, Test ECE: 0.0054
2026-02-25 10:59:45,992 - lg_cotrain - INFO - --- Trial 8/10 done: dev_macro_f1=0.0425 ---
2026-02-25 10:59:45,992 - lg_cotrain - INFO - --- Trial 9/10 ---
2026-02-25 10:59:46,544 - lg_cotrain - INFO - Starting LG-CoTrain: event=hurricane_florence_2018, budget=25, seed_set=1
2026-02-25 10:59:46,575 - lg_cotrain - INFO - Detected 9 classes for event hurricane_florence_2018: ['caution_and_advice', 'displaced_people_and_evacuations', 'infrastructure_and_utility_damage', 'injured_or_dead_people', 'not_humanitarian', 'other_relevant_information', 'requests_or_urgent_needs', 'rescue_volunteering_or_donation_effort', 'sympathy_and_support']
2026-02-25 10:59:46,583 - lg_cotrain - INFO - D_l1: 117, D_l2: 108, D_LG: 4159
2026-02-25 10:59:46,584 - lg_cotrain - INFO - === Phase 1: Weight Generation ===
2026-02-25 11:00:04,039 - lg_cotrain - INFO - Phase 1 epoch 1/7: mean_prob1=0.1149, mean_prob2=0.1153
2026-02-25 11:00:20,639 - lg_cotrain - INFO - Phase 1 epoch 2/7: mean_prob1=0.1412, mean_prob2=0.1176
2026-02-25 11:00:37,191 - lg_cotrain - INFO - Phase 1 epoch 3/7: mean_prob1=0.1705, mean_prob2=0.1488
2026-02-25 11:00:53,867 - lg_cotrain - INFO - Phase 1 epoch 4/7: mean_prob1=0.2097, mean_prob2=0.1866
2026-02-25 11:01:10,716 - lg_cotrain - INFO - Phase 1 epoch 5/7: mean_prob1=0.2755, mean_prob2=0.2327
2026-02-25 11:01:27,148 - lg_cotrain - INFO - Phase 1 epoch 6/7: mean_prob1=0.3435, mean_prob2=0.3223
2026-02-25 11:01:43,864 - lg_cotrain - INFO - Phase 1 epoch 7/7: mean_prob1=0.4268, mean_prob2=0.4036
2026-02-25 11:01:43,864 - lg_cotrain - INFO - === Phase 2: Co-Training ===
2026-02-25 11:01:44,906 - lg_cotrain - INFO - LR scheduler: total_steps_1=1960, warmup=358; total_steps_2=1960, warmup=358
2026-02-25 11:01:44,906 - lg_cotrain - INFO - Phase 1 done -> seeded Phase 2 trackers. lambda1: mean=0.4268, range=[0.0055, 0.9240]
2026-02-25 11:01:44,906 - lg_cotrain - INFO - Phase 1 done -> seeded Phase 2 trackers. lambda2: mean=0.4036, range=[0.0062, 0.9123]
2026-02-25 11:02:48,821 - lg_cotrain - INFO - Phase 2 epoch 1/12: loss1=0.5549, loss2=0.5791, dev_macro_f1=0.6109, dev_err=24.57%
2026-02-25 11:03:52,447 - lg_cotrain - INFO - Phase 2 epoch 2/12: loss1=0.0802, loss2=0.2426, dev_macro_f1=0.6213, dev_err=23.47%
2026-02-25 11:04:53,386 - lg_cotrain - INFO - Phase 2 epoch 3/12: loss1=0.0767, loss2=0.2244, dev_macro_f1=0.6158, dev_err=23.94%
2026-02-25 11:05:55,381 - lg_cotrain - INFO - Phase 2 epoch 4/12: loss1=0.0728, loss2=0.1585, dev_macro_f1=0.6281, dev_err=22.85%
2026-02-25 11:06:57,190 - lg_cotrain - INFO - Phase 2 epoch 5/12: loss1=0.0373, loss2=0.1019, dev_macro_f1=0.6449, dev_err=22.07%
2026-02-25 11:07:56,729 - lg_cotrain - INFO - Phase 2 epoch 6/12: loss1=0.0283, loss2=0.0680, dev_macro_f1=0.6376, dev_err=22.38%
2026-02-25 11:08:56,914 - lg_cotrain - INFO - Phase 2 epoch 7/12: loss1=0.0164, loss2=0.0597, dev_macro_f1=0.6491, dev_err=22.22%
2026-02-25 11:09:56,670 - lg_cotrain - INFO - Phase 2 epoch 8/12: loss1=0.0135, loss2=0.0337, dev_macro_f1=0.6440, dev_err=22.54%
2026-02-25 11:11:00,597 - lg_cotrain - INFO - Phase 2 epoch 9/12: loss1=0.0113, loss2=0.0212, dev_macro_f1=0.6372, dev_err=23.00%
2026-02-25 11:12:04,997 - lg_cotrain - INFO - Phase 2 epoch 10/12: loss1=0.0190, loss2=0.0154, dev_macro_f1=0.6435, dev_err=22.85%
2026-02-25 11:13:08,104 - lg_cotrain - INFO - Phase 2 epoch 11/12: loss1=0.0135, loss2=0.0113, dev_macro_f1=0.6551, dev_err=22.38%
2026-02-25 11:14:12,869 - lg_cotrain - INFO - Phase 2 epoch 12/12: loss1=0.0084, loss2=0.0068, dev_macro_f1=0.6470, dev_err=22.85%
2026-02-25 11:14:12,869 - lg_cotrain - INFO - === Phase 3: Fine-Tuning ===
2026-02-25 11:14:16,548 - lg_cotrain - INFO - Phase 3 epoch 1: dev_macro_f1=0.6577, dev_err=24.10%, es_counter1=0, es_counter2=0
2026-02-25 11:14:20,161 - lg_cotrain - INFO - Phase 3 epoch 2: dev_macro_f1=0.6188, dev_err=35.99%, es_counter1=1, es_counter2=1
2026-02-25 11:14:23,827 - lg_cotrain - INFO - Phase 3 epoch 3: dev_macro_f1=0.6489, dev_err=29.58%, es_counter1=2, es_counter2=2
2026-02-25 11:14:27,453 - lg_cotrain - INFO - Phase 3 epoch 4: dev_macro_f1=0.6593, dev_err=25.20%, es_counter1=0, es_counter2=0
2026-02-25 11:14:30,997 - lg_cotrain - INFO - Phase 3 epoch 5: dev_macro_f1=0.6675, dev_err=24.26%, es_counter1=0, es_counter2=0
2026-02-25 11:14:34,713 - lg_cotrain - INFO - Phase 3 epoch 6: dev_macro_f1=0.6670, dev_err=25.04%, es_counter1=1, es_counter2=1
2026-02-25 11:14:38,223 - lg_cotrain - INFO - Phase 3 epoch 7: dev_macro_f1=0.6830, dev_err=25.82%, es_counter1=0, es_counter2=0
2026-02-25 11:14:41,690 - lg_cotrain - INFO - Phase 3 epoch 8: dev_macro_f1=0.6746, dev_err=27.54%, es_counter1=1, es_counter2=1
2026-02-25 11:14:45,333 - lg_cotrain - INFO - Phase 3 epoch 9: dev_macro_f1=0.6795, dev_err=26.92%, es_counter1=2, es_counter2=2
2026-02-25 11:14:49,035 - lg_cotrain - INFO - Phase 3 epoch 10: dev_macro_f1=0.6832, dev_err=26.45%, es_counter1=0, es_counter2=0
2026-02-25 11:14:52,661 - lg_cotrain - INFO - Phase 3 epoch 11: dev_macro_f1=0.6830, dev_err=26.29%, es_counter1=1, es_counter2=1
2026-02-25 11:14:56,376 - lg_cotrain - INFO - Phase 3 epoch 12: dev_macro_f1=0.6866, dev_err=25.82%, es_counter1=0, es_counter2=0
2026-02-25 11:15:00,010 - lg_cotrain - INFO - Phase 3 epoch 13: dev_macro_f1=0.6867, dev_err=25.82%, es_counter1=0, es_counter2=0
2026-02-25 11:15:03,625 - lg_cotrain - INFO - Phase 3 epoch 14: dev_macro_f1=0.6847, dev_err=26.13%, es_counter1=1, es_counter2=1
2026-02-25 11:15:07,319 - lg_cotrain - INFO - Phase 3 epoch 15: dev_macro_f1=0.6850, dev_err=26.29%, es_counter1=2, es_counter2=2
2026-02-25 11:15:10,931 - lg_cotrain - INFO - Phase 3 epoch 16: dev_macro_f1=0.6825, dev_err=26.76%, es_counter1=3, es_counter2=3
2026-02-25 11:15:14,629 - lg_cotrain - INFO - Phase 3 epoch 17: dev_macro_f1=0.6800, dev_err=27.07%, es_counter1=4, es_counter2=4
2026-02-25 11:15:18,259 - lg_cotrain - INFO - Phase 3 epoch 18: dev_macro_f1=0.6784, dev_err=27.39%, es_counter1=5, es_counter2=5
2026-02-25 11:15:21,884 - lg_cotrain - INFO - Phase 3 epoch 19: dev_macro_f1=0.6759, dev_err=27.70%, es_counter1=6, es_counter2=6
2026-02-25 11:15:25,572 - lg_cotrain - INFO - Phase 3 epoch 20: dev_macro_f1=0.6743, dev_err=27.86%, es_counter1=7, es_counter2=7
2026-02-25 11:15:25,572 - lg_cotrain - INFO - Early stopping at epoch 20
2026-02-25 11:15:25,582 - lg_cotrain - INFO - === Final Evaluation ===
2026-02-25 11:15:32,574 - lg_cotrain - INFO - Results saved to C:\Users\anhtr\AppData\Local\Temp\tmplko9vh1k\hurricane_florence_2018\25_set1\metrics.json
2026-02-25 11:15:32,574 - lg_cotrain - INFO - Test error rate: 27.64%, Test macro-F1: 0.6634, Test ECE: 0.1171
2026-02-25 11:15:32,586 - lg_cotrain - INFO - --- Trial 9/10 done: dev_macro_f1=0.6867 ---
2026-02-25 11:15:32,586 - lg_cotrain - INFO - --- Trial 10/10 ---
2026-02-25 11:15:33,079 - lg_cotrain - INFO - Starting LG-CoTrain: event=hurricane_florence_2018, budget=25, seed_set=1
2026-02-25 11:15:33,113 - lg_cotrain - INFO - Detected 9 classes for event hurricane_florence_2018: ['caution_and_advice', 'displaced_people_and_evacuations', 'infrastructure_and_utility_damage', 'injured_or_dead_people', 'not_humanitarian', 'other_relevant_information', 'requests_or_urgent_needs', 'rescue_volunteering_or_donation_effort', 'sympathy_and_support']
2026-02-25 11:15:33,121 - lg_cotrain - INFO - D_l1: 117, D_l2: 108, D_LG: 4159
2026-02-25 11:15:33,122 - lg_cotrain - INFO - === Phase 1: Weight Generation ===
2026-02-25 11:15:50,792 - lg_cotrain - INFO - Phase 1 epoch 1/7: mean_prob1=0.1218, mean_prob2=0.1199
2026-02-25 11:16:07,495 - lg_cotrain - INFO - Phase 1 epoch 2/7: mean_prob1=0.1214, mean_prob2=0.1181
2026-02-25 11:16:24,010 - lg_cotrain - INFO - Phase 1 epoch 3/7: mean_prob1=0.1202, mean_prob2=0.1188
2026-02-25 11:16:40,603 - lg_cotrain - INFO - Phase 1 epoch 4/7: mean_prob1=0.1180, mean_prob2=0.1211
2026-02-25 11:16:56,538 - lg_cotrain - INFO - Phase 1 epoch 5/7: mean_prob1=0.1172, mean_prob2=0.1245
2026-02-25 11:17:12,925 - lg_cotrain - INFO - Phase 1 epoch 6/7: mean_prob1=0.1173, mean_prob2=0.1285
2026-02-25 11:17:30,140 - lg_cotrain - INFO - Phase 1 epoch 7/7: mean_prob1=0.1169, mean_prob2=0.1312
2026-02-25 11:17:30,141 - lg_cotrain - INFO - === Phase 2: Co-Training ===
2026-02-25 11:17:31,249 - lg_cotrain - INFO - LR scheduler: total_steps_1=980, warmup=47; total_steps_2=980, warmup=47
2026-02-25 11:17:31,250 - lg_cotrain - INFO - Phase 1 done -> seeded Phase 2 trackers. lambda1: mean=0.1169, range=[0.0395, 0.2206]
2026-02-25 11:17:31,251 - lg_cotrain - INFO - Phase 1 done -> seeded Phase 2 trackers. lambda2: mean=0.1312, range=[0.0342, 0.3173]
2026-02-25 11:18:30,254 - lg_cotrain - INFO - Phase 2 epoch 1/12: loss1=0.2589, loss2=0.2272, dev_macro_f1=0.2423, dev_err=46.79%
2026-02-25 11:19:28,084 - lg_cotrain - INFO - Phase 2 epoch 2/12: loss1=0.1428, loss2=0.2273, dev_macro_f1=0.4976, dev_err=33.65%
2026-02-25 11:20:25,570 - lg_cotrain - INFO - Phase 2 epoch 3/12: loss1=0.0783, loss2=0.1665, dev_macro_f1=0.6276, dev_err=22.69%
2026-02-25 11:21:20,820 - lg_cotrain - INFO - Phase 2 epoch 4/12: loss1=0.0493, loss2=0.1296, dev_macro_f1=0.6278, dev_err=22.69%
2026-02-25 11:22:16,458 - lg_cotrain - INFO - Phase 2 epoch 5/12: loss1=0.0374, loss2=0.0949, dev_macro_f1=0.6211, dev_err=23.32%
2026-02-25 11:23:11,892 - lg_cotrain - INFO - Phase 2 epoch 6/12: loss1=0.0302, loss2=0.0788, dev_macro_f1=0.6173, dev_err=23.79%
2026-02-25 11:24:07,811 - lg_cotrain - INFO - Phase 2 epoch 7/12: loss1=0.0254, loss2=0.0617, dev_macro_f1=0.6267, dev_err=22.54%
2026-02-25 11:25:04,117 - lg_cotrain - INFO - Phase 2 epoch 8/12: loss1=0.0198, loss2=0.0529, dev_macro_f1=0.6279, dev_err=23.00%
2026-02-25 11:26:03,278 - lg_cotrain - INFO - Phase 2 epoch 9/12: loss1=0.0172, loss2=0.0431, dev_macro_f1=0.6325, dev_err=22.38%
2026-02-25 11:27:01,595 - lg_cotrain - INFO - Phase 2 epoch 10/12: loss1=0.0154, loss2=0.0376, dev_macro_f1=0.6364, dev_err=22.22%
2026-02-25 11:27:58,418 - lg_cotrain - INFO - Phase 2 epoch 11/12: loss1=0.0138, loss2=0.0347, dev_macro_f1=0.6329, dev_err=22.85%
2026-02-25 11:28:54,898 - lg_cotrain - INFO - Phase 2 epoch 12/12: loss1=0.0130, loss2=0.0326, dev_macro_f1=0.6310, dev_err=22.69%
2026-02-25 11:28:54,898 - lg_cotrain - INFO - === Phase 3: Fine-Tuning ===
2026-02-25 11:28:58,122 - lg_cotrain - INFO - Phase 3 epoch 1: dev_macro_f1=0.6378, dev_err=22.38%, es_counter1=0, es_counter2=0
2026-02-25 11:29:01,369 - lg_cotrain - INFO - Phase 3 epoch 2: dev_macro_f1=0.6398, dev_err=22.54%, es_counter1=0, es_counter2=0
2026-02-25 11:29:04,614 - lg_cotrain - INFO - Phase 3 epoch 3: dev_macro_f1=0.6516, dev_err=22.54%, es_counter1=0, es_counter2=0
2026-02-25 11:29:07,829 - lg_cotrain - INFO - Phase 3 epoch 4: dev_macro_f1=0.6505, dev_err=23.32%, es_counter1=1, es_counter2=1
2026-02-25 11:29:11,086 - lg_cotrain - INFO - Phase 3 epoch 5: dev_macro_f1=0.6612, dev_err=23.00%, es_counter1=0, es_counter2=0
2026-02-25 11:29:14,311 - lg_cotrain - INFO - Phase 3 epoch 6: dev_macro_f1=0.6545, dev_err=23.94%, es_counter1=1, es_counter2=1
2026-02-25 11:29:17,537 - lg_cotrain - INFO - Phase 3 epoch 7: dev_macro_f1=0.6656, dev_err=23.00%, es_counter1=0, es_counter2=0
2026-02-25 11:29:20,756 - lg_cotrain - INFO - Phase 3 epoch 8: dev_macro_f1=0.6627, dev_err=23.16%, es_counter1=1, es_counter2=1
2026-02-25 11:29:23,951 - lg_cotrain - INFO - Phase 3 epoch 9: dev_macro_f1=0.6557, dev_err=23.63%, es_counter1=2, es_counter2=2
2026-02-25 11:29:27,157 - lg_cotrain - INFO - Phase 3 epoch 10: dev_macro_f1=0.6512, dev_err=24.10%, es_counter1=3, es_counter2=3
2026-02-25 11:29:30,365 - lg_cotrain - INFO - Phase 3 epoch 11: dev_macro_f1=0.6444, dev_err=24.88%, es_counter1=4, es_counter2=4
2026-02-25 11:29:33,573 - lg_cotrain - INFO - Phase 3 epoch 12: dev_macro_f1=0.6409, dev_err=25.04%, es_counter1=5, es_counter2=5
2026-02-25 11:29:36,781 - lg_cotrain - INFO - Phase 3 epoch 13: dev_macro_f1=0.6428, dev_err=25.04%, es_counter1=6, es_counter2=6
2026-02-25 11:29:39,985 - lg_cotrain - INFO - Phase 3 epoch 14: dev_macro_f1=0.6447, dev_err=24.88%, es_counter1=7, es_counter2=7
2026-02-25 11:29:43,101 - lg_cotrain - INFO - Phase 3 epoch 15: dev_macro_f1=0.6564, dev_err=24.41%, es_counter1=8, es_counter2=8
2026-02-25 11:29:46,186 - lg_cotrain - INFO - Phase 3 epoch 16: dev_macro_f1=0.6616, dev_err=24.10%, es_counter1=9, es_counter2=9
2026-02-25 11:29:49,251 - lg_cotrain - INFO - Phase 3 epoch 17: dev_macro_f1=0.6655, dev_err=23.63%, es_counter1=10, es_counter2=10
2026-02-25 11:29:49,251 - lg_cotrain - INFO - Early stopping at epoch 17
2026-02-25 11:29:49,261 - lg_cotrain - INFO - === Final Evaluation ===
2026-02-25 11:29:55,581 - lg_cotrain - INFO - Results saved to C:\Users\anhtr\AppData\Local\Temp\tmppk60h945\hurricane_florence_2018\25_set1\metrics.json
2026-02-25 11:29:55,581 - lg_cotrain - INFO - Test error rate: 25.54%, Test macro-F1: 0.6475, Test ECE: 0.0831
2026-02-25 11:29:55,595 - lg_cotrain - INFO - --- Trial 10/10 done: dev_macro_f1=0.6656 ---
