2026-02-24 19:31:50,465 - lg_cotrain - INFO - === Optuna study: hurricane_dorian_2019 budget=50 seed=1 | target=10 trials, 0 replayed, 10 new ===
2026-02-24 19:31:50,465 - lg_cotrain - INFO - --- Trial 1/10 ---
2026-02-24 19:31:51,076 - lg_cotrain - INFO - Starting LG-CoTrain: event=hurricane_dorian_2019, budget=50, seed_set=1
2026-02-24 19:31:51,137 - lg_cotrain - INFO - Detected 9 classes for event hurricane_dorian_2019: ['caution_and_advice', 'displaced_people_and_evacuations', 'infrastructure_and_utility_damage', 'injured_or_dead_people', 'not_humanitarian', 'other_relevant_information', 'requests_or_urgent_needs', 'rescue_volunteering_or_donation_effort', 'sympathy_and_support']
2026-02-24 19:31:51,145 - lg_cotrain - INFO - D_l1: 221, D_l2: 221, D_LG: 4887
2026-02-24 19:31:51,147 - lg_cotrain - INFO - === Phase 1: Weight Generation ===
2026-02-24 19:32:10,356 - lg_cotrain - INFO - Phase 1 epoch 1/7: mean_prob1=0.1119, mean_prob2=0.1128
2026-02-24 19:32:28,059 - lg_cotrain - INFO - Phase 1 epoch 2/7: mean_prob1=0.1200, mean_prob2=0.1281
2026-02-24 19:32:45,722 - lg_cotrain - INFO - Phase 1 epoch 3/7: mean_prob1=0.1246, mean_prob2=0.1537
2026-02-24 19:33:03,268 - lg_cotrain - INFO - Phase 1 epoch 4/7: mean_prob1=0.1817, mean_prob2=0.1833
2026-02-24 19:33:20,663 - lg_cotrain - INFO - Phase 1 epoch 5/7: mean_prob1=0.2242, mean_prob2=0.2439
2026-02-24 19:33:38,192 - lg_cotrain - INFO - Phase 1 epoch 6/7: mean_prob1=0.2942, mean_prob2=0.3066
2026-02-24 19:33:56,258 - lg_cotrain - INFO - Phase 1 epoch 7/7: mean_prob1=0.3559, mean_prob2=0.3503
2026-02-24 19:33:56,258 - lg_cotrain - INFO - === Phase 2: Co-Training ===
2026-02-24 19:33:57,361 - lg_cotrain - INFO - LR scheduler: total_steps_1=1771, warmup=37; total_steps_2=1771, warmup=37
2026-02-24 19:33:57,361 - lg_cotrain - INFO - Phase 1 done -> seeded Phase 2 trackers. lambda1: mean=0.3559, range=[0.0086, 0.8631]
2026-02-24 19:33:57,361 - lg_cotrain - INFO - Phase 1 done -> seeded Phase 2 trackers. lambda2: mean=0.3503, range=[0.0088, 0.8472]
2026-02-24 19:35:00,063 - lg_cotrain - INFO - Phase 2 epoch 1/7: loss1=0.3005, loss2=0.2998, dev_macro_f1=0.4736, dev_err=37.50%
2026-02-24 19:36:01,604 - lg_cotrain - INFO - Phase 2 epoch 2/7: loss1=0.0538, loss2=0.1818, dev_macro_f1=0.4662, dev_err=38.66%
2026-02-24 19:37:04,131 - lg_cotrain - INFO - Phase 2 epoch 3/7: loss1=0.0339, loss2=0.1305, dev_macro_f1=0.4643, dev_err=38.92%
2026-02-24 19:38:06,136 - lg_cotrain - INFO - Phase 2 epoch 4/7: loss1=0.0252, loss2=0.0757, dev_macro_f1=0.4692, dev_err=38.53%
2026-02-24 19:39:08,578 - lg_cotrain - INFO - Phase 2 epoch 5/7: loss1=0.0166, loss2=0.0487, dev_macro_f1=0.4755, dev_err=38.02%
2026-02-24 19:40:10,219 - lg_cotrain - INFO - Phase 2 epoch 6/7: loss1=0.0193, loss2=0.0245, dev_macro_f1=0.4741, dev_err=37.89%
2026-02-24 19:41:11,848 - lg_cotrain - INFO - Phase 2 epoch 7/7: loss1=0.0097, loss2=0.0180, dev_macro_f1=0.4737, dev_err=38.53%
2026-02-24 19:41:11,848 - lg_cotrain - INFO - === Phase 3: Fine-Tuning ===
2026-02-24 19:41:16,093 - lg_cotrain - INFO - Phase 3 epoch 1: dev_macro_f1=0.5750, dev_err=38.92%, es_counter1=0, es_counter2=0
2026-02-24 19:41:20,323 - lg_cotrain - INFO - Phase 3 epoch 2: dev_macro_f1=0.5738, dev_err=39.95%, es_counter1=1, es_counter2=1
2026-02-24 19:41:24,543 - lg_cotrain - INFO - Phase 3 epoch 3: dev_macro_f1=0.5725, dev_err=39.43%, es_counter1=2, es_counter2=2
2026-02-24 19:41:28,790 - lg_cotrain - INFO - Phase 3 epoch 4: dev_macro_f1=0.5870, dev_err=37.50%, es_counter1=0, es_counter2=0
2026-02-24 19:41:33,038 - lg_cotrain - INFO - Phase 3 epoch 5: dev_macro_f1=0.6049, dev_err=36.47%, es_counter1=0, es_counter2=0
2026-02-24 19:41:37,259 - lg_cotrain - INFO - Phase 3 epoch 6: dev_macro_f1=0.5965, dev_err=36.86%, es_counter1=1, es_counter2=1
2026-02-24 19:41:41,520 - lg_cotrain - INFO - Phase 3 epoch 7: dev_macro_f1=0.5943, dev_err=37.50%, es_counter1=2, es_counter2=2
2026-02-24 19:41:45,898 - lg_cotrain - INFO - Phase 3 epoch 8: dev_macro_f1=0.6006, dev_err=36.86%, es_counter1=3, es_counter2=3
2026-02-24 19:41:50,272 - lg_cotrain - INFO - Phase 3 epoch 9: dev_macro_f1=0.6023, dev_err=36.73%, es_counter1=4, es_counter2=4
2026-02-24 19:41:54,668 - lg_cotrain - INFO - Phase 3 epoch 10: dev_macro_f1=0.6009, dev_err=36.34%, es_counter1=5, es_counter2=5
2026-02-24 19:41:59,316 - lg_cotrain - INFO - Phase 3 epoch 11: dev_macro_f1=0.5986, dev_err=36.73%, es_counter1=6, es_counter2=6
2026-02-24 19:42:03,639 - lg_cotrain - INFO - Phase 3 epoch 12: dev_macro_f1=0.6012, dev_err=36.60%, es_counter1=7, es_counter2=7
2026-02-24 19:42:07,901 - lg_cotrain - INFO - Phase 3 epoch 13: dev_macro_f1=0.6087, dev_err=36.21%, es_counter1=0, es_counter2=0
2026-02-24 19:42:12,200 - lg_cotrain - INFO - Phase 3 epoch 14: dev_macro_f1=0.6095, dev_err=36.34%, es_counter1=0, es_counter2=0
2026-02-24 19:42:16,481 - lg_cotrain - INFO - Phase 3 epoch 15: dev_macro_f1=0.6100, dev_err=36.21%, es_counter1=0, es_counter2=0
2026-02-24 19:42:20,920 - lg_cotrain - INFO - Phase 3 epoch 16: dev_macro_f1=0.6103, dev_err=36.21%, es_counter1=0, es_counter2=0
2026-02-24 19:42:25,178 - lg_cotrain - INFO - Phase 3 epoch 17: dev_macro_f1=0.6103, dev_err=36.21%, es_counter1=1, es_counter2=1
2026-02-24 19:42:29,472 - lg_cotrain - INFO - Phase 3 epoch 18: dev_macro_f1=0.6116, dev_err=36.08%, es_counter1=0, es_counter2=0
2026-02-24 19:42:33,719 - lg_cotrain - INFO - Phase 3 epoch 19: dev_macro_f1=0.6116, dev_err=36.08%, es_counter1=1, es_counter2=1
2026-02-24 19:42:38,004 - lg_cotrain - INFO - Phase 3 epoch 20: dev_macro_f1=0.6117, dev_err=36.08%, es_counter1=0, es_counter2=0
2026-02-24 19:42:42,296 - lg_cotrain - INFO - Phase 3 epoch 21: dev_macro_f1=0.6107, dev_err=36.21%, es_counter1=1, es_counter2=1
2026-02-24 19:42:46,753 - lg_cotrain - INFO - Phase 3 epoch 22: dev_macro_f1=0.6046, dev_err=36.60%, es_counter1=2, es_counter2=2
2026-02-24 19:42:51,082 - lg_cotrain - INFO - Phase 3 epoch 23: dev_macro_f1=0.6056, dev_err=36.47%, es_counter1=3, es_counter2=3
2026-02-24 19:42:55,533 - lg_cotrain - INFO - Phase 3 epoch 24: dev_macro_f1=0.6097, dev_err=36.34%, es_counter1=4, es_counter2=4
2026-02-24 19:43:00,110 - lg_cotrain - INFO - Phase 3 epoch 25: dev_macro_f1=0.6056, dev_err=36.47%, es_counter1=5, es_counter2=5
2026-02-24 19:43:04,439 - lg_cotrain - INFO - Phase 3 epoch 26: dev_macro_f1=0.6056, dev_err=36.47%, es_counter1=6, es_counter2=6
2026-02-24 19:43:08,870 - lg_cotrain - INFO - Phase 3 epoch 27: dev_macro_f1=0.6054, dev_err=36.47%, es_counter1=7, es_counter2=7
2026-02-24 19:43:13,177 - lg_cotrain - INFO - Phase 3 epoch 28: dev_macro_f1=0.6056, dev_err=36.47%, es_counter1=8, es_counter2=8
2026-02-24 19:43:13,177 - lg_cotrain - INFO - Early stopping at epoch 28
2026-02-24 19:43:13,187 - lg_cotrain - INFO - === Final Evaluation ===
2026-02-24 19:43:20,062 - lg_cotrain - INFO - Results saved to C:\Users\anhtr\AppData\Local\Temp\tmpwn97jpx9\hurricane_dorian_2019\50_set1\metrics.json
2026-02-24 19:43:20,062 - lg_cotrain - INFO - Test error rate: 37.07%, Test macro-F1: 0.5861, Test ECE: 0.2079
2026-02-24 19:43:20,074 - lg_cotrain - INFO - --- Trial 1/10 done: dev_macro_f1=0.6117 ---
2026-02-24 19:43:20,074 - lg_cotrain - INFO - --- Trial 2/10 ---
2026-02-24 19:43:20,709 - lg_cotrain - INFO - Starting LG-CoTrain: event=hurricane_dorian_2019, budget=50, seed_set=1
2026-02-24 19:43:20,743 - lg_cotrain - INFO - Detected 9 classes for event hurricane_dorian_2019: ['caution_and_advice', 'displaced_people_and_evacuations', 'infrastructure_and_utility_damage', 'injured_or_dead_people', 'not_humanitarian', 'other_relevant_information', 'requests_or_urgent_needs', 'rescue_volunteering_or_donation_effort', 'sympathy_and_support']
2026-02-24 19:43:20,751 - lg_cotrain - INFO - D_l1: 221, D_l2: 221, D_LG: 4887
2026-02-24 19:43:20,752 - lg_cotrain - INFO - === Phase 1: Weight Generation ===
2026-02-24 19:43:43,295 - lg_cotrain - INFO - Phase 1 epoch 1/7: mean_prob1=0.1149, mean_prob2=0.1114
2026-02-24 19:44:04,492 - lg_cotrain - INFO - Phase 1 epoch 2/7: mean_prob1=0.1183, mean_prob2=0.1305
2026-02-24 19:44:26,020 - lg_cotrain - INFO - Phase 1 epoch 3/7: mean_prob1=0.1331, mean_prob2=0.1441
2026-02-24 19:44:47,873 - lg_cotrain - INFO - Phase 1 epoch 4/7: mean_prob1=0.1620, mean_prob2=0.1569
2026-02-24 19:45:09,278 - lg_cotrain - INFO - Phase 1 epoch 5/7: mean_prob1=0.1809, mean_prob2=0.1868
2026-02-24 19:45:31,351 - lg_cotrain - INFO - Phase 1 epoch 6/7: mean_prob1=0.2151, mean_prob2=0.2167
2026-02-24 19:45:52,560 - lg_cotrain - INFO - Phase 1 epoch 7/7: mean_prob1=0.2366, mean_prob2=0.2645
2026-02-24 19:45:52,560 - lg_cotrain - INFO - === Phase 2: Co-Training ===
2026-02-24 19:45:53,695 - lg_cotrain - INFO - LR scheduler: total_steps_1=10132, warmup=1180; total_steps_2=10132, warmup=1180
2026-02-24 19:45:53,695 - lg_cotrain - INFO - Phase 1 done -> seeded Phase 2 trackers. lambda1: mean=0.2366, range=[0.0170, 0.6896]
2026-02-24 19:45:53,695 - lg_cotrain - INFO - Phase 1 done -> seeded Phase 2 trackers. lambda2: mean=0.2645, range=[0.0138, 0.6595]
2026-02-24 19:47:17,184 - lg_cotrain - INFO - Phase 2 epoch 1/12: loss1=0.4170, loss2=0.3828, dev_macro_f1=0.4060, dev_err=43.43%
2026-02-24 19:48:41,498 - lg_cotrain - INFO - Phase 2 epoch 2/12: loss1=0.1010, loss2=0.1861, dev_macro_f1=0.4635, dev_err=38.79%
2026-02-24 19:50:02,273 - lg_cotrain - INFO - Phase 2 epoch 3/12: loss1=0.0428, loss2=0.1450, dev_macro_f1=0.4462, dev_err=40.59%
2026-02-24 19:51:22,656 - lg_cotrain - INFO - Phase 2 epoch 4/12: loss1=0.0254, loss2=0.0879, dev_macro_f1=0.4549, dev_err=39.56%
2026-02-24 19:52:43,146 - lg_cotrain - INFO - Phase 2 epoch 5/12: loss1=0.0213, loss2=0.0629, dev_macro_f1=0.4636, dev_err=38.66%
2026-02-24 19:54:03,561 - lg_cotrain - INFO - Phase 2 epoch 6/12: loss1=0.0142, loss2=0.0488, dev_macro_f1=0.4493, dev_err=40.85%
2026-02-24 19:55:23,873 - lg_cotrain - INFO - Phase 2 epoch 7/12: loss1=0.0148, loss2=0.0321, dev_macro_f1=0.4603, dev_err=39.30%
2026-02-24 19:56:44,316 - lg_cotrain - INFO - Phase 2 epoch 8/12: loss1=0.0110, loss2=0.0290, dev_macro_f1=0.4574, dev_err=40.08%
2026-02-24 19:58:04,635 - lg_cotrain - INFO - Phase 2 epoch 9/12: loss1=0.0085, loss2=0.0190, dev_macro_f1=0.4668, dev_err=39.30%
2026-02-24 19:59:25,045 - lg_cotrain - INFO - Phase 2 epoch 10/12: loss1=0.0076, loss2=0.0133, dev_macro_f1=0.4686, dev_err=39.05%
2026-02-24 20:00:45,628 - lg_cotrain - INFO - Phase 2 epoch 11/12: loss1=0.0070, loss2=0.0155, dev_macro_f1=0.4650, dev_err=39.18%
2026-02-24 20:02:06,088 - lg_cotrain - INFO - Phase 2 epoch 12/12: loss1=0.0068, loss2=0.0094, dev_macro_f1=0.4741, dev_err=38.92%
2026-02-24 20:02:06,088 - lg_cotrain - INFO - === Phase 3: Fine-Tuning ===
2026-02-24 20:02:11,500 - lg_cotrain - INFO - Phase 3 epoch 1: dev_macro_f1=0.5467, dev_err=42.01%, es_counter1=0, es_counter2=0
2026-02-24 20:02:16,916 - lg_cotrain - INFO - Phase 3 epoch 2: dev_macro_f1=0.5887, dev_err=39.30%, es_counter1=0, es_counter2=0
2026-02-24 20:02:22,323 - lg_cotrain - INFO - Phase 3 epoch 3: dev_macro_f1=0.5908, dev_err=38.40%, es_counter1=0, es_counter2=0
2026-02-24 20:02:27,739 - lg_cotrain - INFO - Phase 3 epoch 4: dev_macro_f1=0.5955, dev_err=37.76%, es_counter1=0, es_counter2=0
2026-02-24 20:02:33,158 - lg_cotrain - INFO - Phase 3 epoch 5: dev_macro_f1=0.5928, dev_err=38.02%, es_counter1=1, es_counter2=1
2026-02-24 20:02:38,544 - lg_cotrain - INFO - Phase 3 epoch 6: dev_macro_f1=0.5921, dev_err=37.89%, es_counter1=2, es_counter2=2
2026-02-24 20:02:43,971 - lg_cotrain - INFO - Phase 3 epoch 7: dev_macro_f1=0.5927, dev_err=38.53%, es_counter1=3, es_counter2=3
2026-02-24 20:02:49,357 - lg_cotrain - INFO - Phase 3 epoch 8: dev_macro_f1=0.5914, dev_err=38.66%, es_counter1=4, es_counter2=4
2026-02-24 20:02:49,358 - lg_cotrain - INFO - Early stopping at epoch 8
2026-02-24 20:02:49,367 - lg_cotrain - INFO - === Final Evaluation ===
2026-02-24 20:02:57,230 - lg_cotrain - INFO - Results saved to C:\Users\anhtr\AppData\Local\Temp\tmpy4vkq93v\hurricane_dorian_2019\50_set1\metrics.json
2026-02-24 20:02:57,231 - lg_cotrain - INFO - Test error rate: 36.14%, Test macro-F1: 0.5905, Test ECE: 0.1219
2026-02-24 20:02:57,242 - lg_cotrain - INFO - --- Trial 2/10 done: dev_macro_f1=0.5955 ---
2026-02-24 20:02:57,243 - lg_cotrain - INFO - --- Trial 3/10 ---
2026-02-24 20:02:57,856 - lg_cotrain - INFO - Starting LG-CoTrain: event=hurricane_dorian_2019, budget=50, seed_set=1
2026-02-24 20:02:57,888 - lg_cotrain - INFO - Detected 9 classes for event hurricane_dorian_2019: ['caution_and_advice', 'displaced_people_and_evacuations', 'infrastructure_and_utility_damage', 'injured_or_dead_people', 'not_humanitarian', 'other_relevant_information', 'requests_or_urgent_needs', 'rescue_volunteering_or_donation_effort', 'sympathy_and_support']
2026-02-24 20:02:57,893 - lg_cotrain - INFO - D_l1: 221, D_l2: 221, D_LG: 4887
2026-02-24 20:02:57,895 - lg_cotrain - INFO - === Phase 1: Weight Generation ===
2026-02-24 20:03:16,091 - lg_cotrain - INFO - Phase 1 epoch 1/7: mean_prob1=0.1147, mean_prob2=0.1116
2026-02-24 20:03:33,392 - lg_cotrain - INFO - Phase 1 epoch 2/7: mean_prob1=0.1212, mean_prob2=0.1311
2026-02-24 20:03:50,563 - lg_cotrain - INFO - Phase 1 epoch 3/7: mean_prob1=0.1308, mean_prob2=0.1547
2026-02-24 20:04:07,640 - lg_cotrain - INFO - Phase 1 epoch 4/7: mean_prob1=0.1986, mean_prob2=0.1801
2026-02-24 20:04:24,774 - lg_cotrain - INFO - Phase 1 epoch 5/7: mean_prob1=0.2404, mean_prob2=0.2332
2026-02-24 20:04:41,935 - lg_cotrain - INFO - Phase 1 epoch 6/7: mean_prob1=0.2975, mean_prob2=0.2904
2026-02-24 20:04:59,088 - lg_cotrain - INFO - Phase 1 epoch 7/7: mean_prob1=0.3621, mean_prob2=0.3458
2026-02-24 20:04:59,089 - lg_cotrain - INFO - === Phase 2: Co-Training ===
2026-02-24 20:05:00,349 - lg_cotrain - INFO - LR scheduler: total_steps_1=2383, warmup=643; total_steps_2=2383, warmup=643
2026-02-24 20:05:00,349 - lg_cotrain - INFO - Phase 1 done -> seeded Phase 2 trackers. lambda1: mean=0.3621, range=[0.0093, 0.8663]
2026-02-24 20:05:00,350 - lg_cotrain - INFO - Phase 1 done -> seeded Phase 2 trackers. lambda2: mean=0.3458, range=[0.0089, 0.8112]
2026-02-24 20:06:01,145 - lg_cotrain - INFO - Phase 2 epoch 1/11: loss1=0.6011, loss2=0.6340, dev_macro_f1=0.3788, dev_err=46.39%
2026-02-24 20:07:01,997 - lg_cotrain - INFO - Phase 2 epoch 2/11: loss1=0.1411, loss2=0.2222, dev_macro_f1=0.4633, dev_err=39.30%
2026-02-24 20:08:02,922 - lg_cotrain - INFO - Phase 2 epoch 3/11: loss1=0.0505, loss2=0.1651, dev_macro_f1=0.4661, dev_err=38.66%
2026-02-24 20:09:03,824 - lg_cotrain - INFO - Phase 2 epoch 4/11: loss1=0.0358, loss2=0.1303, dev_macro_f1=0.4626, dev_err=38.66%
2026-02-24 20:10:04,772 - lg_cotrain - INFO - Phase 2 epoch 5/11: loss1=0.0311, loss2=0.1309, dev_macro_f1=0.4726, dev_err=37.76%
2026-02-24 20:11:05,632 - lg_cotrain - INFO - Phase 2 epoch 6/11: loss1=0.0314, loss2=0.0680, dev_macro_f1=0.4711, dev_err=37.76%
2026-02-24 20:12:06,522 - lg_cotrain - INFO - Phase 2 epoch 7/11: loss1=0.0265, loss2=0.0427, dev_macro_f1=0.4602, dev_err=38.79%
2026-02-24 20:13:07,353 - lg_cotrain - INFO - Phase 2 epoch 8/11: loss1=0.0208, loss2=0.0325, dev_macro_f1=0.4670, dev_err=38.66%
2026-02-24 20:14:08,229 - lg_cotrain - INFO - Phase 2 epoch 9/11: loss1=0.0157, loss2=0.0227, dev_macro_f1=0.4636, dev_err=39.05%
2026-02-24 20:15:09,330 - lg_cotrain - INFO - Phase 2 epoch 10/11: loss1=0.0097, loss2=0.0135, dev_macro_f1=0.4558, dev_err=39.82%
2026-02-24 20:16:10,390 - lg_cotrain - INFO - Phase 2 epoch 11/11: loss1=0.0118, loss2=0.0091, dev_macro_f1=0.4686, dev_err=39.05%
2026-02-24 20:16:10,390 - lg_cotrain - INFO - === Phase 3: Fine-Tuning ===
2026-02-24 20:16:14,604 - lg_cotrain - INFO - Phase 3 epoch 1: dev_macro_f1=0.5434, dev_err=41.49%, es_counter1=0, es_counter2=0
2026-02-24 20:16:18,821 - lg_cotrain - INFO - Phase 3 epoch 2: dev_macro_f1=0.5535, dev_err=40.08%, es_counter1=0, es_counter2=0
2026-02-24 20:16:23,028 - lg_cotrain - INFO - Phase 3 epoch 3: dev_macro_f1=0.5606, dev_err=37.76%, es_counter1=0, es_counter2=0
2026-02-24 20:16:27,263 - lg_cotrain - INFO - Phase 3 epoch 4: dev_macro_f1=0.6099, dev_err=37.24%, es_counter1=0, es_counter2=0
2026-02-24 20:16:31,476 - lg_cotrain - INFO - Phase 3 epoch 5: dev_macro_f1=0.6021, dev_err=37.63%, es_counter1=1, es_counter2=1
2026-02-24 20:16:35,675 - lg_cotrain - INFO - Phase 3 epoch 6: dev_macro_f1=0.5987, dev_err=37.50%, es_counter1=2, es_counter2=2
2026-02-24 20:16:39,871 - lg_cotrain - INFO - Phase 3 epoch 7: dev_macro_f1=0.6039, dev_err=37.11%, es_counter1=3, es_counter2=3
2026-02-24 20:16:44,085 - lg_cotrain - INFO - Phase 3 epoch 8: dev_macro_f1=0.6133, dev_err=36.47%, es_counter1=0, es_counter2=0
2026-02-24 20:16:48,293 - lg_cotrain - INFO - Phase 3 epoch 9: dev_macro_f1=0.6158, dev_err=36.60%, es_counter1=0, es_counter2=0
2026-02-24 20:16:52,508 - lg_cotrain - INFO - Phase 3 epoch 10: dev_macro_f1=0.6165, dev_err=36.60%, es_counter1=0, es_counter2=0
2026-02-24 20:16:56,716 - lg_cotrain - INFO - Phase 3 epoch 11: dev_macro_f1=0.6181, dev_err=36.08%, es_counter1=0, es_counter2=0
2026-02-24 20:17:00,932 - lg_cotrain - INFO - Phase 3 epoch 12: dev_macro_f1=0.6212, dev_err=35.70%, es_counter1=0, es_counter2=0
2026-02-24 20:17:05,140 - lg_cotrain - INFO - Phase 3 epoch 13: dev_macro_f1=0.6269, dev_err=35.57%, es_counter1=0, es_counter2=0
2026-02-24 20:17:09,320 - lg_cotrain - INFO - Phase 3 epoch 14: dev_macro_f1=0.6184, dev_err=36.08%, es_counter1=1, es_counter2=1
2026-02-24 20:17:13,517 - lg_cotrain - INFO - Phase 3 epoch 15: dev_macro_f1=0.6184, dev_err=36.08%, es_counter1=2, es_counter2=2
2026-02-24 20:17:17,727 - lg_cotrain - INFO - Phase 3 epoch 16: dev_macro_f1=0.6122, dev_err=36.34%, es_counter1=3, es_counter2=3
2026-02-24 20:17:21,920 - lg_cotrain - INFO - Phase 3 epoch 17: dev_macro_f1=0.6122, dev_err=36.34%, es_counter1=4, es_counter2=4
2026-02-24 20:17:26,107 - lg_cotrain - INFO - Phase 3 epoch 18: dev_macro_f1=0.6124, dev_err=36.34%, es_counter1=5, es_counter2=5
2026-02-24 20:17:26,108 - lg_cotrain - INFO - Early stopping at epoch 18
2026-02-24 20:17:26,116 - lg_cotrain - INFO - === Final Evaluation ===
2026-02-24 20:17:32,794 - lg_cotrain - INFO - Results saved to C:\Users\anhtr\AppData\Local\Temp\tmpqnxxnhxc\hurricane_dorian_2019\50_set1\metrics.json
2026-02-24 20:17:32,794 - lg_cotrain - INFO - Test error rate: 36.27%, Test macro-F1: 0.5820, Test ECE: 0.1794
2026-02-24 20:17:32,803 - lg_cotrain - INFO - --- Trial 3/10 done: dev_macro_f1=0.6269 ---
2026-02-24 20:17:32,803 - lg_cotrain - INFO - --- Trial 4/10 ---
2026-02-24 20:17:33,386 - lg_cotrain - INFO - Starting LG-CoTrain: event=hurricane_dorian_2019, budget=50, seed_set=1
2026-02-24 20:17:33,417 - lg_cotrain - INFO - Detected 9 classes for event hurricane_dorian_2019: ['caution_and_advice', 'displaced_people_and_evacuations', 'infrastructure_and_utility_damage', 'injured_or_dead_people', 'not_humanitarian', 'other_relevant_information', 'requests_or_urgent_needs', 'rescue_volunteering_or_donation_effort', 'sympathy_and_support']
2026-02-24 20:17:33,425 - lg_cotrain - INFO - D_l1: 221, D_l2: 221, D_LG: 4887
2026-02-24 20:17:33,426 - lg_cotrain - INFO - === Phase 1: Weight Generation ===
2026-02-24 20:17:51,586 - lg_cotrain - INFO - Phase 1 epoch 1/7: mean_prob1=0.1177, mean_prob2=0.1098
2026-02-24 20:18:08,848 - lg_cotrain - INFO - Phase 1 epoch 2/7: mean_prob1=0.1157, mean_prob2=0.1219
2026-02-24 20:18:25,987 - lg_cotrain - INFO - Phase 1 epoch 3/7: mean_prob1=0.1256, mean_prob2=0.1347
2026-02-24 20:18:43,158 - lg_cotrain - INFO - Phase 1 epoch 4/7: mean_prob1=0.1410, mean_prob2=0.1470
2026-02-24 20:19:00,238 - lg_cotrain - INFO - Phase 1 epoch 5/7: mean_prob1=0.1650, mean_prob2=0.1600
2026-02-24 20:19:17,364 - lg_cotrain - INFO - Phase 1 epoch 6/7: mean_prob1=0.1796, mean_prob2=0.1732
2026-02-24 20:19:34,685 - lg_cotrain - INFO - Phase 1 epoch 7/7: mean_prob1=0.2278, mean_prob2=0.2020
2026-02-24 20:19:34,685 - lg_cotrain - INFO - === Phase 2: Co-Training ===
2026-02-24 20:19:35,982 - lg_cotrain - INFO - LR scheduler: total_steps_1=1465, warmup=436; total_steps_2=1465, warmup=436
2026-02-24 20:19:35,983 - lg_cotrain - INFO - Phase 1 done -> seeded Phase 2 trackers. lambda1: mean=0.2278, range=[0.0256, 0.6144]
2026-02-24 20:19:35,983 - lg_cotrain - INFO - Phase 1 done -> seeded Phase 2 trackers. lambda2: mean=0.2020, range=[0.0172, 0.5080]
2026-02-24 20:20:36,811 - lg_cotrain - INFO - Phase 2 epoch 1/5: loss1=0.3750, loss2=0.4199, dev_macro_f1=0.3715, dev_err=46.52%
2026-02-24 20:21:37,714 - lg_cotrain - INFO - Phase 2 epoch 2/5: loss1=0.1298, loss2=0.2052, dev_macro_f1=0.4503, dev_err=40.34%
2026-02-24 20:22:38,562 - lg_cotrain - INFO - Phase 2 epoch 3/5: loss1=0.0449, loss2=0.1547, dev_macro_f1=0.4566, dev_err=39.69%
2026-02-24 20:23:39,538 - lg_cotrain - INFO - Phase 2 epoch 4/5: loss1=0.0276, loss2=0.1043, dev_macro_f1=0.4622, dev_err=38.66%
2026-02-24 20:24:40,450 - lg_cotrain - INFO - Phase 2 epoch 5/5: loss1=0.0163, loss2=0.0690, dev_macro_f1=0.4632, dev_err=38.53%
2026-02-24 20:24:40,451 - lg_cotrain - INFO - === Phase 3: Fine-Tuning ===
2026-02-24 20:24:44,676 - lg_cotrain - INFO - Phase 3 epoch 1: dev_macro_f1=0.4818, dev_err=40.59%, es_counter1=0, es_counter2=0
2026-02-24 20:24:48,902 - lg_cotrain - INFO - Phase 3 epoch 2: dev_macro_f1=0.5734, dev_err=36.73%, es_counter1=0, es_counter2=0
2026-02-24 20:24:53,101 - lg_cotrain - INFO - Phase 3 epoch 3: dev_macro_f1=0.5708, dev_err=36.86%, es_counter1=1, es_counter2=1
2026-02-24 20:24:57,284 - lg_cotrain - INFO - Phase 3 epoch 4: dev_macro_f1=0.5517, dev_err=37.89%, es_counter1=2, es_counter2=2
2026-02-24 20:25:01,490 - lg_cotrain - INFO - Phase 3 epoch 5: dev_macro_f1=0.5753, dev_err=37.76%, es_counter1=0, es_counter2=0
2026-02-24 20:25:05,692 - lg_cotrain - INFO - Phase 3 epoch 6: dev_macro_f1=0.5607, dev_err=38.02%, es_counter1=1, es_counter2=1
2026-02-24 20:25:09,877 - lg_cotrain - INFO - Phase 3 epoch 7: dev_macro_f1=0.5730, dev_err=36.73%, es_counter1=2, es_counter2=2
2026-02-24 20:25:14,085 - lg_cotrain - INFO - Phase 3 epoch 8: dev_macro_f1=0.5786, dev_err=36.73%, es_counter1=0, es_counter2=0
2026-02-24 20:25:18,294 - lg_cotrain - INFO - Phase 3 epoch 9: dev_macro_f1=0.5860, dev_err=36.98%, es_counter1=0, es_counter2=0
2026-02-24 20:25:22,507 - lg_cotrain - INFO - Phase 3 epoch 10: dev_macro_f1=0.6004, dev_err=36.47%, es_counter1=0, es_counter2=0
2026-02-24 20:25:26,710 - lg_cotrain - INFO - Phase 3 epoch 11: dev_macro_f1=0.5980, dev_err=36.47%, es_counter1=1, es_counter2=1
2026-02-24 20:25:30,909 - lg_cotrain - INFO - Phase 3 epoch 12: dev_macro_f1=0.5933, dev_err=36.60%, es_counter1=2, es_counter2=2
2026-02-24 20:25:35,118 - lg_cotrain - INFO - Phase 3 epoch 13: dev_macro_f1=0.6007, dev_err=36.08%, es_counter1=0, es_counter2=0
2026-02-24 20:25:39,306 - lg_cotrain - INFO - Phase 3 epoch 14: dev_macro_f1=0.6004, dev_err=36.08%, es_counter1=1, es_counter2=1
2026-02-24 20:25:43,521 - lg_cotrain - INFO - Phase 3 epoch 15: dev_macro_f1=0.6018, dev_err=35.95%, es_counter1=0, es_counter2=0
2026-02-24 20:25:47,721 - lg_cotrain - INFO - Phase 3 epoch 16: dev_macro_f1=0.6032, dev_err=35.82%, es_counter1=0, es_counter2=0
2026-02-24 20:25:51,893 - lg_cotrain - INFO - Phase 3 epoch 17: dev_macro_f1=0.6020, dev_err=35.95%, es_counter1=1, es_counter2=1
2026-02-24 20:25:56,090 - lg_cotrain - INFO - Phase 3 epoch 18: dev_macro_f1=0.6030, dev_err=35.82%, es_counter1=2, es_counter2=2
2026-02-24 20:26:00,289 - lg_cotrain - INFO - Phase 3 epoch 19: dev_macro_f1=0.6030, dev_err=35.82%, es_counter1=3, es_counter2=3
2026-02-24 20:26:04,501 - lg_cotrain - INFO - Phase 3 epoch 20: dev_macro_f1=0.6040, dev_err=35.70%, es_counter1=0, es_counter2=0
2026-02-24 20:26:08,698 - lg_cotrain - INFO - Phase 3 epoch 21: dev_macro_f1=0.6042, dev_err=35.70%, es_counter1=0, es_counter2=0
2026-02-24 20:26:12,902 - lg_cotrain - INFO - Phase 3 epoch 22: dev_macro_f1=0.6051, dev_err=35.82%, es_counter1=0, es_counter2=0
2026-02-24 20:26:17,126 - lg_cotrain - INFO - Phase 3 epoch 23: dev_macro_f1=0.6052, dev_err=35.82%, es_counter1=0, es_counter2=0
2026-02-24 20:26:21,341 - lg_cotrain - INFO - Phase 3 epoch 24: dev_macro_f1=0.6053, dev_err=35.82%, es_counter1=0, es_counter2=0
2026-02-24 20:26:25,535 - lg_cotrain - INFO - Phase 3 epoch 25: dev_macro_f1=0.6044, dev_err=35.95%, es_counter1=1, es_counter2=1
2026-02-24 20:26:29,709 - lg_cotrain - INFO - Phase 3 epoch 26: dev_macro_f1=0.5993, dev_err=35.95%, es_counter1=2, es_counter2=2
2026-02-24 20:26:33,902 - lg_cotrain - INFO - Phase 3 epoch 27: dev_macro_f1=0.5994, dev_err=35.95%, es_counter1=3, es_counter2=3
2026-02-24 20:26:38,100 - lg_cotrain - INFO - Phase 3 epoch 28: dev_macro_f1=0.5993, dev_err=35.95%, es_counter1=4, es_counter2=4
2026-02-24 20:26:42,279 - lg_cotrain - INFO - Phase 3 epoch 29: dev_macro_f1=0.6025, dev_err=35.82%, es_counter1=5, es_counter2=5
2026-02-24 20:26:46,465 - lg_cotrain - INFO - Phase 3 epoch 30: dev_macro_f1=0.6002, dev_err=35.82%, es_counter1=6, es_counter2=6
2026-02-24 20:26:50,659 - lg_cotrain - INFO - Phase 3 epoch 31: dev_macro_f1=0.5983, dev_err=36.08%, es_counter1=7, es_counter2=7
2026-02-24 20:26:54,850 - lg_cotrain - INFO - Phase 3 epoch 32: dev_macro_f1=0.5994, dev_err=35.95%, es_counter1=8, es_counter2=8
2026-02-24 20:26:59,029 - lg_cotrain - INFO - Phase 3 epoch 33: dev_macro_f1=0.5983, dev_err=36.08%, es_counter1=9, es_counter2=9
2026-02-24 20:27:03,225 - lg_cotrain - INFO - Phase 3 epoch 34: dev_macro_f1=0.5993, dev_err=35.95%, es_counter1=10, es_counter2=10
2026-02-24 20:27:03,225 - lg_cotrain - INFO - Early stopping at epoch 34
2026-02-24 20:27:03,235 - lg_cotrain - INFO - === Final Evaluation ===
2026-02-24 20:27:09,873 - lg_cotrain - INFO - Results saved to C:\Users\anhtr\AppData\Local\Temp\tmpjaok4jv9\hurricane_dorian_2019\50_set1\metrics.json
2026-02-24 20:27:09,873 - lg_cotrain - INFO - Test error rate: 35.68%, Test macro-F1: 0.5897, Test ECE: 0.1809
2026-02-24 20:27:09,882 - lg_cotrain - INFO - --- Trial 4/10 done: dev_macro_f1=0.6053 ---
2026-02-24 20:27:09,882 - lg_cotrain - INFO - --- Trial 5/10 ---
2026-02-24 20:27:10,502 - lg_cotrain - INFO - Starting LG-CoTrain: event=hurricane_dorian_2019, budget=50, seed_set=1
2026-02-24 20:27:10,574 - lg_cotrain - INFO - Detected 9 classes for event hurricane_dorian_2019: ['caution_and_advice', 'displaced_people_and_evacuations', 'infrastructure_and_utility_damage', 'injured_or_dead_people', 'not_humanitarian', 'other_relevant_information', 'requests_or_urgent_needs', 'rescue_volunteering_or_donation_effort', 'sympathy_and_support']
2026-02-24 20:27:10,585 - lg_cotrain - INFO - D_l1: 221, D_l2: 221, D_LG: 4887
2026-02-24 20:27:10,586 - lg_cotrain - INFO - === Phase 1: Weight Generation ===
2026-02-24 20:27:32,256 - lg_cotrain - INFO - Phase 1 epoch 1/7: mean_prob1=0.1081, mean_prob2=0.1231
2026-02-24 20:27:52,629 - lg_cotrain - INFO - Phase 1 epoch 2/7: mean_prob1=0.1099, mean_prob2=0.1041
2026-02-24 20:28:13,062 - lg_cotrain - INFO - Phase 1 epoch 3/7: mean_prob1=0.1023, mean_prob2=0.1229
2026-02-24 20:28:33,538 - lg_cotrain - INFO - Phase 1 epoch 4/7: mean_prob1=0.1257, mean_prob2=0.1153
2026-02-24 20:28:54,176 - lg_cotrain - INFO - Phase 1 epoch 5/7: mean_prob1=0.1062, mean_prob2=0.1204
2026-02-24 20:29:14,589 - lg_cotrain - INFO - Phase 1 epoch 6/7: mean_prob1=0.1103, mean_prob2=0.1276
2026-02-24 20:29:34,989 - lg_cotrain - INFO - Phase 1 epoch 7/7: mean_prob1=0.1177, mean_prob2=0.1296
2026-02-24 20:29:34,989 - lg_cotrain - INFO - === Phase 2: Co-Training ===
2026-02-24 20:29:36,097 - lg_cotrain - INFO - LR scheduler: total_steps_1=8910, warmup=1723; total_steps_2=8910, warmup=1723
2026-02-24 20:29:36,098 - lg_cotrain - INFO - Phase 1 done -> seeded Phase 2 trackers. lambda1: mean=0.1177, range=[0.0585, 0.1950]
2026-02-24 20:29:36,098 - lg_cotrain - INFO - Phase 1 done -> seeded Phase 2 trackers. lambda2: mean=0.1296, range=[0.0455, 0.2147]
2026-02-24 20:30:56,006 - lg_cotrain - INFO - Phase 2 epoch 1/10: loss1=0.1347, loss2=0.1348, dev_macro_f1=0.4106, dev_err=46.26%
2026-02-24 20:32:15,693 - lg_cotrain - INFO - Phase 2 epoch 2/10: loss1=0.1863, loss2=0.9654, dev_macro_f1=0.0340, dev_err=81.96%
2026-02-24 20:33:35,561 - lg_cotrain - INFO - Phase 2 epoch 3/10: loss1=0.1023, loss2=0.8495, dev_macro_f1=0.0340, dev_err=81.96%
2026-02-24 20:34:55,463 - lg_cotrain - INFO - Phase 2 epoch 4/10: loss1=0.0832, loss2=0.7649, dev_macro_f1=0.0340, dev_err=81.96%
2026-02-24 20:36:15,761 - lg_cotrain - INFO - Phase 2 epoch 5/10: loss1=0.0800, loss2=0.7088, dev_macro_f1=0.0340, dev_err=81.96%
2026-02-24 20:37:36,255 - lg_cotrain - INFO - Phase 2 epoch 6/10: loss1=0.0744, loss2=0.6695, dev_macro_f1=0.0340, dev_err=81.96%
2026-02-24 20:38:56,275 - lg_cotrain - INFO - Phase 2 epoch 7/10: loss1=0.0643, loss2=0.6291, dev_macro_f1=0.0340, dev_err=81.96%
2026-02-24 20:40:16,315 - lg_cotrain - INFO - Phase 2 epoch 8/10: loss1=0.0623, loss2=0.5944, dev_macro_f1=0.0340, dev_err=81.96%
2026-02-24 20:41:36,360 - lg_cotrain - INFO - Phase 2 epoch 9/10: loss1=0.0676, loss2=0.5680, dev_macro_f1=0.0340, dev_err=81.96%
2026-02-24 20:42:56,295 - lg_cotrain - INFO - Phase 2 epoch 10/10: loss1=0.0674, loss2=0.5443, dev_macro_f1=0.0340, dev_err=81.96%
2026-02-24 20:42:56,296 - lg_cotrain - INFO - === Phase 3: Fine-Tuning ===
2026-02-24 20:43:01,643 - lg_cotrain - INFO - Phase 3 epoch 1: dev_macro_f1=0.0050, dev_err=97.68%, es_counter1=0, es_counter2=0
2026-02-24 20:43:06,993 - lg_cotrain - INFO - Phase 3 epoch 2: dev_macro_f1=0.0017, dev_err=99.23%, es_counter1=1, es_counter2=1
2026-02-24 20:43:12,364 - lg_cotrain - INFO - Phase 3 epoch 3: dev_macro_f1=0.0276, dev_err=85.82%, es_counter1=0, es_counter2=0
2026-02-24 20:43:17,713 - lg_cotrain - INFO - Phase 3 epoch 4: dev_macro_f1=0.0215, dev_err=89.30%, es_counter1=1, es_counter2=1
2026-02-24 20:43:23,079 - lg_cotrain - INFO - Phase 3 epoch 5: dev_macro_f1=0.0276, dev_err=85.82%, es_counter1=2, es_counter2=2
2026-02-24 20:43:28,461 - lg_cotrain - INFO - Phase 3 epoch 6: dev_macro_f1=0.0050, dev_err=97.68%, es_counter1=3, es_counter2=3
2026-02-24 20:43:33,814 - lg_cotrain - INFO - Phase 3 epoch 7: dev_macro_f1=0.0256, dev_err=86.98%, es_counter1=4, es_counter2=4
2026-02-24 20:43:39,208 - lg_cotrain - INFO - Phase 3 epoch 8: dev_macro_f1=0.0354, dev_err=81.06%, es_counter1=0, es_counter2=0
2026-02-24 20:43:44,586 - lg_cotrain - INFO - Phase 3 epoch 9: dev_macro_f1=0.0050, dev_err=97.68%, es_counter1=1, es_counter2=1
2026-02-24 20:43:49,968 - lg_cotrain - INFO - Phase 3 epoch 10: dev_macro_f1=0.0340, dev_err=81.96%, es_counter1=2, es_counter2=2
2026-02-24 20:43:55,310 - lg_cotrain - INFO - Phase 3 epoch 11: dev_macro_f1=0.0212, dev_err=89.43%, es_counter1=3, es_counter2=3
2026-02-24 20:44:00,670 - lg_cotrain - INFO - Phase 3 epoch 12: dev_macro_f1=0.0215, dev_err=89.30%, es_counter1=4, es_counter2=4
2026-02-24 20:44:06,008 - lg_cotrain - INFO - Phase 3 epoch 13: dev_macro_f1=0.0215, dev_err=89.30%, es_counter1=5, es_counter2=5
2026-02-24 20:44:11,355 - lg_cotrain - INFO - Phase 3 epoch 14: dev_macro_f1=0.0050, dev_err=97.68%, es_counter1=6, es_counter2=6
2026-02-24 20:44:11,356 - lg_cotrain - INFO - Early stopping at epoch 14
2026-02-24 20:44:11,364 - lg_cotrain - INFO - === Final Evaluation ===
2026-02-24 20:44:19,118 - lg_cotrain - INFO - Results saved to C:\Users\anhtr\AppData\Local\Temp\tmpcgeddv94\hurricane_dorian_2019\50_set1\metrics.json
2026-02-24 20:44:19,119 - lg_cotrain - INFO - Test error rate: 81.03%, Test macro-F1: 0.0354, Test ECE: 0.0503
2026-02-24 20:44:19,128 - lg_cotrain - INFO - --- Trial 5/10 done: dev_macro_f1=0.0354 ---
2026-02-24 20:44:19,128 - lg_cotrain - INFO - --- Trial 6/10 ---
2026-02-24 20:44:19,850 - lg_cotrain - INFO - Starting LG-CoTrain: event=hurricane_dorian_2019, budget=50, seed_set=1
2026-02-24 20:44:19,890 - lg_cotrain - INFO - Detected 9 classes for event hurricane_dorian_2019: ['caution_and_advice', 'displaced_people_and_evacuations', 'infrastructure_and_utility_damage', 'injured_or_dead_people', 'not_humanitarian', 'other_relevant_information', 'requests_or_urgent_needs', 'rescue_volunteering_or_donation_effort', 'sympathy_and_support']
2026-02-24 20:44:19,899 - lg_cotrain - INFO - D_l1: 221, D_l2: 221, D_LG: 4887
2026-02-24 20:44:19,901 - lg_cotrain - INFO - === Phase 1: Weight Generation ===
2026-02-24 20:44:38,262 - lg_cotrain - INFO - Phase 1 epoch 1/7: mean_prob1=0.1179, mean_prob2=0.1101
2026-02-24 20:44:55,401 - lg_cotrain - INFO - Phase 1 epoch 2/7: mean_prob1=0.1140, mean_prob2=0.1222
2026-02-24 20:45:12,572 - lg_cotrain - INFO - Phase 1 epoch 3/7: mean_prob1=0.1283, mean_prob2=0.1354
2026-02-24 20:45:29,907 - lg_cotrain - INFO - Phase 1 epoch 4/7: mean_prob1=0.1340, mean_prob2=0.1493
2026-02-24 20:45:47,143 - lg_cotrain - INFO - Phase 1 epoch 5/7: mean_prob1=0.1715, mean_prob2=0.1633
2026-02-24 20:46:04,362 - lg_cotrain - INFO - Phase 1 epoch 6/7: mean_prob1=0.1867, mean_prob2=0.1760
2026-02-24 20:46:22,853 - lg_cotrain - INFO - Phase 1 epoch 7/7: mean_prob1=0.2330, mean_prob2=0.2115
2026-02-24 20:46:22,853 - lg_cotrain - INFO - === Phase 2: Co-Training ===
2026-02-24 20:46:24,082 - lg_cotrain - INFO - LR scheduler: total_steps_1=2383, warmup=26; total_steps_2=2383, warmup=26
2026-02-24 20:46:24,083 - lg_cotrain - INFO - Phase 1 done -> seeded Phase 2 trackers. lambda1: mean=0.2330, range=[0.0225, 0.6473]
2026-02-24 20:46:24,083 - lg_cotrain - INFO - Phase 1 done -> seeded Phase 2 trackers. lambda2: mean=0.2115, range=[0.0117, 0.5145]
2026-02-24 20:47:26,615 - lg_cotrain - INFO - Phase 2 epoch 1/11: loss1=0.2242, loss2=0.2374, dev_macro_f1=0.4761, dev_err=36.98%
2026-02-24 20:48:27,850 - lg_cotrain - INFO - Phase 2 epoch 2/11: loss1=0.0525, loss2=0.1756, dev_macro_f1=0.4552, dev_err=39.69%
2026-02-24 20:49:29,184 - lg_cotrain - INFO - Phase 2 epoch 3/11: loss1=0.0306, loss2=0.1260, dev_macro_f1=0.4562, dev_err=39.56%
2026-02-24 20:50:30,657 - lg_cotrain - INFO - Phase 2 epoch 4/11: loss1=0.0193, loss2=0.0728, dev_macro_f1=0.4656, dev_err=38.66%
2026-02-24 20:51:32,196 - lg_cotrain - INFO - Phase 2 epoch 5/11: loss1=0.0131, loss2=0.0469, dev_macro_f1=0.4645, dev_err=39.18%
2026-02-24 20:52:33,904 - lg_cotrain - INFO - Phase 2 epoch 6/11: loss1=0.0141, loss2=0.0356, dev_macro_f1=0.4663, dev_err=39.43%
2026-02-24 20:53:36,030 - lg_cotrain - INFO - Phase 2 epoch 7/11: loss1=0.0185, loss2=0.0281, dev_macro_f1=0.4619, dev_err=39.18%
2026-02-24 20:54:37,604 - lg_cotrain - INFO - Phase 2 epoch 8/11: loss1=0.0094, loss2=0.0225, dev_macro_f1=0.4708, dev_err=38.92%
2026-02-24 20:55:40,125 - lg_cotrain - INFO - Phase 2 epoch 9/11: loss1=0.0068, loss2=0.0144, dev_macro_f1=0.4705, dev_err=38.79%
2026-02-24 20:56:42,520 - lg_cotrain - INFO - Phase 2 epoch 10/11: loss1=0.0074, loss2=0.0094, dev_macro_f1=0.4661, dev_err=39.56%
2026-02-24 20:57:45,473 - lg_cotrain - INFO - Phase 2 epoch 11/11: loss1=0.0066, loss2=0.0092, dev_macro_f1=0.4621, dev_err=40.34%
2026-02-24 20:57:45,473 - lg_cotrain - INFO - === Phase 3: Fine-Tuning ===
2026-02-24 20:57:49,739 - lg_cotrain - INFO - Phase 3 epoch 1: dev_macro_f1=0.4884, dev_err=39.56%, es_counter1=0, es_counter2=0
2026-02-24 20:57:54,010 - lg_cotrain - INFO - Phase 3 epoch 2: dev_macro_f1=0.5852, dev_err=39.05%, es_counter1=0, es_counter2=0
2026-02-24 20:57:58,233 - lg_cotrain - INFO - Phase 3 epoch 3: dev_macro_f1=0.5806, dev_err=39.95%, es_counter1=1, es_counter2=1
2026-02-24 20:58:02,510 - lg_cotrain - INFO - Phase 3 epoch 4: dev_macro_f1=0.5963, dev_err=37.63%, es_counter1=0, es_counter2=0
2026-02-24 20:58:06,752 - lg_cotrain - INFO - Phase 3 epoch 5: dev_macro_f1=0.5788, dev_err=37.50%, es_counter1=1, es_counter2=1
2026-02-24 20:58:10,995 - lg_cotrain - INFO - Phase 3 epoch 6: dev_macro_f1=0.5711, dev_err=38.40%, es_counter1=2, es_counter2=2
2026-02-24 20:58:15,233 - lg_cotrain - INFO - Phase 3 epoch 7: dev_macro_f1=0.5790, dev_err=38.14%, es_counter1=3, es_counter2=3
2026-02-24 20:58:19,491 - lg_cotrain - INFO - Phase 3 epoch 8: dev_macro_f1=0.5856, dev_err=38.02%, es_counter1=4, es_counter2=4
2026-02-24 20:58:23,747 - lg_cotrain - INFO - Phase 3 epoch 9: dev_macro_f1=0.5853, dev_err=38.27%, es_counter1=5, es_counter2=5
2026-02-24 20:58:27,988 - lg_cotrain - INFO - Phase 3 epoch 10: dev_macro_f1=0.5910, dev_err=38.27%, es_counter1=6, es_counter2=6
2026-02-24 20:58:32,229 - lg_cotrain - INFO - Phase 3 epoch 11: dev_macro_f1=0.5916, dev_err=38.66%, es_counter1=7, es_counter2=7
2026-02-24 20:58:36,478 - lg_cotrain - INFO - Phase 3 epoch 12: dev_macro_f1=0.5918, dev_err=38.66%, es_counter1=8, es_counter2=8
2026-02-24 20:58:40,723 - lg_cotrain - INFO - Phase 3 epoch 13: dev_macro_f1=0.5914, dev_err=38.53%, es_counter1=9, es_counter2=9
2026-02-24 20:58:40,724 - lg_cotrain - INFO - Early stopping at epoch 13
2026-02-24 20:58:40,732 - lg_cotrain - INFO - === Final Evaluation ===
2026-02-24 20:58:47,488 - lg_cotrain - INFO - Results saved to C:\Users\anhtr\AppData\Local\Temp\tmpxinjskb0\hurricane_dorian_2019\50_set1\metrics.json
2026-02-24 20:58:47,488 - lg_cotrain - INFO - Test error rate: 35.15%, Test macro-F1: 0.5857, Test ECE: 0.0953
2026-02-24 20:58:47,499 - lg_cotrain - INFO - --- Trial 6/10 done: dev_macro_f1=0.5963 ---
2026-02-24 20:58:47,499 - lg_cotrain - INFO - --- Trial 7/10 ---
2026-02-24 20:58:48,155 - lg_cotrain - INFO - Starting LG-CoTrain: event=hurricane_dorian_2019, budget=50, seed_set=1
2026-02-24 20:58:48,190 - lg_cotrain - INFO - Detected 9 classes for event hurricane_dorian_2019: ['caution_and_advice', 'displaced_people_and_evacuations', 'infrastructure_and_utility_damage', 'injured_or_dead_people', 'not_humanitarian', 'other_relevant_information', 'requests_or_urgent_needs', 'rescue_volunteering_or_donation_effort', 'sympathy_and_support']
2026-02-24 20:58:48,197 - lg_cotrain - INFO - D_l1: 221, D_l2: 221, D_LG: 4887
2026-02-24 20:58:48,199 - lg_cotrain - INFO - === Phase 1: Weight Generation ===
2026-02-24 20:59:10,416 - lg_cotrain - INFO - Phase 1 epoch 1/7: mean_prob1=0.1112, mean_prob2=0.1217
2026-02-24 20:59:31,213 - lg_cotrain - INFO - Phase 1 epoch 2/7: mean_prob1=0.1212, mean_prob2=0.1110
2026-02-24 20:59:52,177 - lg_cotrain - INFO - Phase 1 epoch 3/7: mean_prob1=0.1079, mean_prob2=0.1127
2026-02-24 21:00:13,118 - lg_cotrain - INFO - Phase 1 epoch 4/7: mean_prob1=0.1252, mean_prob2=0.1143
2026-02-24 21:00:34,066 - lg_cotrain - INFO - Phase 1 epoch 5/7: mean_prob1=0.1048, mean_prob2=0.1165
2026-02-24 21:00:56,206 - lg_cotrain - INFO - Phase 1 epoch 6/7: mean_prob1=0.1077, mean_prob2=0.1206
2026-02-24 21:01:17,570 - lg_cotrain - INFO - Phase 1 epoch 7/7: mean_prob1=0.1130, mean_prob2=0.1168
2026-02-24 21:01:17,570 - lg_cotrain - INFO - === Phase 2: Co-Training ===
2026-02-24 21:01:18,703 - lg_cotrain - INFO - LR scheduler: total_steps_1=11354, warmup=3178; total_steps_2=11354, warmup=3178
2026-02-24 21:01:18,704 - lg_cotrain - INFO - Phase 1 done -> seeded Phase 2 trackers. lambda1: mean=0.1130, range=[0.0774, 0.1472]
2026-02-24 21:01:18,704 - lg_cotrain - INFO - Phase 1 done -> seeded Phase 2 trackers. lambda2: mean=0.1168, range=[0.0952, 0.1389]
2026-02-24 21:02:42,453 - lg_cotrain - INFO - Phase 2 epoch 1/14: loss1=0.1300, loss2=0.1254, dev_macro_f1=0.4408, dev_err=42.14%
2026-02-24 21:04:04,273 - lg_cotrain - INFO - Phase 2 epoch 2/14: loss1=0.0777, loss2=1.1659, dev_macro_f1=0.3906, dev_err=47.55%
2026-02-24 21:05:26,080 - lg_cotrain - INFO - Phase 2 epoch 3/14: loss1=0.0817, loss2=1.3534, dev_macro_f1=0.0340, dev_err=81.96%
2026-02-24 21:06:47,468 - lg_cotrain - INFO - Phase 2 epoch 4/14: loss1=0.0520, loss2=1.2233, dev_macro_f1=0.0340, dev_err=81.96%
2026-02-24 21:08:08,078 - lg_cotrain - INFO - Phase 2 epoch 5/14: loss1=0.0526, loss2=1.1333, dev_macro_f1=0.0340, dev_err=81.96%
2026-02-24 21:09:29,125 - lg_cotrain - INFO - Phase 2 epoch 6/14: loss1=0.0483, loss2=1.0609, dev_macro_f1=0.0340, dev_err=81.96%
2026-02-24 21:10:50,016 - lg_cotrain - INFO - Phase 2 epoch 7/14: loss1=0.0499, loss2=0.9968, dev_macro_f1=0.0340, dev_err=81.96%
2026-02-24 21:12:11,855 - lg_cotrain - INFO - Phase 2 epoch 8/14: loss1=0.0519, loss2=0.9425, dev_macro_f1=0.0340, dev_err=81.96%
2026-02-24 21:13:33,584 - lg_cotrain - INFO - Phase 2 epoch 9/14: loss1=0.0542, loss2=0.8992, dev_macro_f1=0.0340, dev_err=81.96%
2026-02-24 21:14:55,182 - lg_cotrain - INFO - Phase 2 epoch 10/14: loss1=0.0545, loss2=0.8618, dev_macro_f1=0.0340, dev_err=81.96%
2026-02-24 21:16:16,091 - lg_cotrain - INFO - Phase 2 epoch 11/14: loss1=0.0557, loss2=0.8283, dev_macro_f1=0.0340, dev_err=81.96%
2026-02-24 21:17:38,210 - lg_cotrain - INFO - Phase 2 epoch 12/14: loss1=0.0594, loss2=0.8000, dev_macro_f1=0.0340, dev_err=81.96%
2026-02-24 21:18:58,879 - lg_cotrain - INFO - Phase 2 epoch 13/14: loss1=0.0635, loss2=0.7750, dev_macro_f1=0.0340, dev_err=81.96%
2026-02-24 21:20:20,533 - lg_cotrain - INFO - Phase 2 epoch 14/14: loss1=0.0657, loss2=0.7501, dev_macro_f1=0.0340, dev_err=81.96%
2026-02-24 21:20:20,534 - lg_cotrain - INFO - === Phase 3: Fine-Tuning ===
2026-02-24 21:20:25,984 - lg_cotrain - INFO - Phase 3 epoch 1: dev_macro_f1=0.0050, dev_err=97.68%, es_counter1=0, es_counter2=0
2026-02-24 21:20:31,468 - lg_cotrain - INFO - Phase 3 epoch 2: dev_macro_f1=0.0229, dev_err=88.53%, es_counter1=0, es_counter2=0
2026-02-24 21:20:36,876 - lg_cotrain - INFO - Phase 3 epoch 3: dev_macro_f1=0.0229, dev_err=88.53%, es_counter1=1, es_counter2=1
2026-02-24 21:20:42,321 - lg_cotrain - INFO - Phase 3 epoch 4: dev_macro_f1=0.0276, dev_err=85.82%, es_counter1=0, es_counter2=0
2026-02-24 21:20:47,730 - lg_cotrain - INFO - Phase 3 epoch 5: dev_macro_f1=0.0215, dev_err=89.30%, es_counter1=1, es_counter2=1
2026-02-24 21:20:53,136 - lg_cotrain - INFO - Phase 3 epoch 6: dev_macro_f1=0.0229, dev_err=88.53%, es_counter1=2, es_counter2=2
2026-02-24 21:20:58,532 - lg_cotrain - INFO - Phase 3 epoch 7: dev_macro_f1=0.0212, dev_err=89.43%, es_counter1=3, es_counter2=3
2026-02-24 21:21:03,938 - lg_cotrain - INFO - Phase 3 epoch 8: dev_macro_f1=0.0212, dev_err=89.43%, es_counter1=4, es_counter2=4
2026-02-24 21:21:03,938 - lg_cotrain - INFO - Early stopping at epoch 8
2026-02-24 21:21:03,949 - lg_cotrain - INFO - === Final Evaluation ===
2026-02-24 21:21:11,835 - lg_cotrain - INFO - Results saved to C:\Users\anhtr\AppData\Local\Temp\tmpfi1mmxca\hurricane_dorian_2019\50_set1\metrics.json
2026-02-24 21:21:11,836 - lg_cotrain - INFO - Test error rate: 85.74%, Test macro-F1: 0.0277, Test ECE: 0.0050
2026-02-24 21:21:11,849 - lg_cotrain - INFO - --- Trial 7/10 done: dev_macro_f1=0.0276 ---
2026-02-24 21:21:11,850 - lg_cotrain - INFO - --- Trial 8/10 ---
2026-02-24 21:21:12,440 - lg_cotrain - INFO - Starting LG-CoTrain: event=hurricane_dorian_2019, budget=50, seed_set=1
2026-02-24 21:21:12,476 - lg_cotrain - INFO - Detected 9 classes for event hurricane_dorian_2019: ['caution_and_advice', 'displaced_people_and_evacuations', 'infrastructure_and_utility_damage', 'injured_or_dead_people', 'not_humanitarian', 'other_relevant_information', 'requests_or_urgent_needs', 'rescue_volunteering_or_donation_effort', 'sympathy_and_support']
2026-02-24 21:21:12,485 - lg_cotrain - INFO - D_l1: 221, D_l2: 221, D_LG: 4887
2026-02-24 21:21:12,487 - lg_cotrain - INFO - === Phase 1: Weight Generation ===
2026-02-24 21:21:31,137 - lg_cotrain - INFO - Phase 1 epoch 1/7: mean_prob1=0.1107, mean_prob2=0.1131
2026-02-24 21:21:49,143 - lg_cotrain - INFO - Phase 1 epoch 2/7: mean_prob1=0.1247, mean_prob2=0.1342
2026-02-24 21:22:06,701 - lg_cotrain - INFO - Phase 1 epoch 3/7: mean_prob1=0.1609, mean_prob2=0.1701
2026-02-24 21:22:24,494 - lg_cotrain - INFO - Phase 1 epoch 4/7: mean_prob1=0.2601, mean_prob2=0.2329
2026-02-24 21:22:41,953 - lg_cotrain - INFO - Phase 1 epoch 5/7: mean_prob1=0.3504, mean_prob2=0.3307
2026-02-24 21:22:59,940 - lg_cotrain - INFO - Phase 1 epoch 6/7: mean_prob1=0.3768, mean_prob2=0.3970
2026-02-24 21:23:17,304 - lg_cotrain - INFO - Phase 1 epoch 7/7: mean_prob1=0.4635, mean_prob2=0.4627
2026-02-24 21:23:17,304 - lg_cotrain - INFO - === Phase 2: Co-Training ===
2026-02-24 21:23:18,401 - lg_cotrain - INFO - LR scheduler: total_steps_1=2077, warmup=218; total_steps_2=2077, warmup=218
2026-02-24 21:23:18,401 - lg_cotrain - INFO - Phase 1 done -> seeded Phase 2 trackers. lambda1: mean=0.4635, range=[0.0023, 0.9602]
2026-02-24 21:23:18,401 - lg_cotrain - INFO - Phase 1 done -> seeded Phase 2 trackers. lambda2: mean=0.4627, range=[0.0019, 0.9550]
2026-02-24 21:24:19,595 - lg_cotrain - INFO - Phase 2 epoch 1/9: loss1=0.5112, loss2=0.5191, dev_macro_f1=0.4695, dev_err=38.66%
2026-02-24 21:25:21,094 - lg_cotrain - INFO - Phase 2 epoch 2/9: loss1=0.0857, loss2=0.2652, dev_macro_f1=0.4542, dev_err=40.98%
2026-02-24 21:26:23,499 - lg_cotrain - INFO - Phase 2 epoch 3/9: loss1=0.0405, loss2=0.1946, dev_macro_f1=0.4553, dev_err=40.21%
2026-02-24 21:27:25,144 - lg_cotrain - INFO - Phase 2 epoch 4/9: loss1=0.0364, loss2=0.1050, dev_macro_f1=0.4732, dev_err=38.14%
2026-02-24 21:28:27,019 - lg_cotrain - INFO - Phase 2 epoch 5/9: loss1=0.0329, loss2=0.0651, dev_macro_f1=0.4676, dev_err=39.05%
2026-02-24 21:29:31,652 - lg_cotrain - INFO - Phase 2 epoch 6/9: loss1=0.0167, loss2=0.0348, dev_macro_f1=0.4888, dev_err=37.76%
2026-02-24 21:30:35,225 - lg_cotrain - INFO - Phase 2 epoch 7/9: loss1=0.0242, loss2=0.0223, dev_macro_f1=0.4788, dev_err=38.92%
2026-02-24 21:31:40,730 - lg_cotrain - INFO - Phase 2 epoch 8/9: loss1=0.0190, loss2=0.0249, dev_macro_f1=0.4876, dev_err=38.40%
2026-02-24 21:32:47,250 - lg_cotrain - INFO - Phase 2 epoch 9/9: loss1=0.0164, loss2=0.0210, dev_macro_f1=0.5220, dev_err=37.76%
2026-02-24 21:32:47,250 - lg_cotrain - INFO - === Phase 3: Fine-Tuning ===
2026-02-24 21:32:51,923 - lg_cotrain - INFO - Phase 3 epoch 1: dev_macro_f1=0.5257, dev_err=42.65%, es_counter1=0, es_counter2=0
2026-02-24 21:32:56,599 - lg_cotrain - INFO - Phase 3 epoch 2: dev_macro_f1=0.5773, dev_err=37.63%, es_counter1=0, es_counter2=0
2026-02-24 21:33:01,362 - lg_cotrain - INFO - Phase 3 epoch 3: dev_macro_f1=0.5910, dev_err=38.92%, es_counter1=0, es_counter2=0
2026-02-24 21:33:06,120 - lg_cotrain - INFO - Phase 3 epoch 4: dev_macro_f1=0.6106, dev_err=35.44%, es_counter1=0, es_counter2=0
2026-02-24 21:33:10,732 - lg_cotrain - INFO - Phase 3 epoch 5: dev_macro_f1=0.6034, dev_err=35.57%, es_counter1=1, es_counter2=1
2026-02-24 21:33:15,373 - lg_cotrain - INFO - Phase 3 epoch 6: dev_macro_f1=0.5979, dev_err=36.21%, es_counter1=2, es_counter2=2
2026-02-24 21:33:20,013 - lg_cotrain - INFO - Phase 3 epoch 7: dev_macro_f1=0.5921, dev_err=36.98%, es_counter1=3, es_counter2=3
2026-02-24 21:33:24,658 - lg_cotrain - INFO - Phase 3 epoch 8: dev_macro_f1=0.5920, dev_err=36.98%, es_counter1=4, es_counter2=4
2026-02-24 21:33:29,300 - lg_cotrain - INFO - Phase 3 epoch 9: dev_macro_f1=0.5945, dev_err=36.60%, es_counter1=5, es_counter2=5
2026-02-24 21:33:29,300 - lg_cotrain - INFO - Early stopping at epoch 9
2026-02-24 21:33:29,312 - lg_cotrain - INFO - === Final Evaluation ===
2026-02-24 21:33:36,708 - lg_cotrain - INFO - Results saved to C:\Users\anhtr\AppData\Local\Temp\tmp_1qv3p3e\hurricane_dorian_2019\50_set1\metrics.json
2026-02-24 21:33:36,708 - lg_cotrain - INFO - Test error rate: 34.68%, Test macro-F1: 0.6097, Test ECE: 0.0802
2026-02-24 21:33:36,718 - lg_cotrain - INFO - --- Trial 8/10 done: dev_macro_f1=0.6106 ---
2026-02-24 21:33:36,718 - lg_cotrain - INFO - --- Trial 9/10 ---
2026-02-24 21:33:37,328 - lg_cotrain - INFO - Starting LG-CoTrain: event=hurricane_dorian_2019, budget=50, seed_set=1
2026-02-24 21:33:37,367 - lg_cotrain - INFO - Detected 9 classes for event hurricane_dorian_2019: ['caution_and_advice', 'displaced_people_and_evacuations', 'infrastructure_and_utility_damage', 'injured_or_dead_people', 'not_humanitarian', 'other_relevant_information', 'requests_or_urgent_needs', 'rescue_volunteering_or_donation_effort', 'sympathy_and_support']
2026-02-24 21:33:37,374 - lg_cotrain - INFO - D_l1: 221, D_l2: 221, D_LG: 4887
2026-02-24 21:33:37,375 - lg_cotrain - INFO - === Phase 1: Weight Generation ===
2026-02-24 21:33:59,271 - lg_cotrain - INFO - Phase 1 epoch 1/7: mean_prob1=0.1128, mean_prob2=0.1135
2026-02-24 21:34:20,146 - lg_cotrain - INFO - Phase 1 epoch 2/7: mean_prob1=0.1343, mean_prob2=0.1257
2026-02-24 21:34:40,909 - lg_cotrain - INFO - Phase 1 epoch 3/7: mean_prob1=0.2279, mean_prob2=0.1508
2026-02-24 21:35:01,703 - lg_cotrain - INFO - Phase 1 epoch 4/7: mean_prob1=0.3707, mean_prob2=0.2184
2026-02-24 21:35:22,619 - lg_cotrain - INFO - Phase 1 epoch 5/7: mean_prob1=0.4425, mean_prob2=0.3688
2026-02-24 21:35:43,596 - lg_cotrain - INFO - Phase 1 epoch 6/7: mean_prob1=0.5130, mean_prob2=0.4419
2026-02-24 21:36:04,709 - lg_cotrain - INFO - Phase 1 epoch 7/7: mean_prob1=0.5182, mean_prob2=0.4453
2026-02-24 21:36:04,710 - lg_cotrain - INFO - === Phase 2: Co-Training ===
2026-02-24 21:36:05,868 - lg_cotrain - INFO - LR scheduler: total_steps_1=13798, warmup=3291; total_steps_2=13798, warmup=3291
2026-02-24 21:36:05,868 - lg_cotrain - INFO - Phase 1 done -> seeded Phase 2 trackers. lambda1: mean=0.5182, range=[0.0013, 0.9745]
2026-02-24 21:36:05,868 - lg_cotrain - INFO - Phase 1 done -> seeded Phase 2 trackers. lambda2: mean=0.4453, range=[0.0015, 0.9615]
2026-02-24 21:37:44,628 - lg_cotrain - INFO - Phase 2 epoch 1/18: loss1=0.6586, loss2=0.8117, dev_macro_f1=0.4533, dev_err=40.21%
2026-02-24 21:39:25,460 - lg_cotrain - INFO - Phase 2 epoch 2/18: loss1=0.0935, loss2=0.2508, dev_macro_f1=0.4679, dev_err=38.40%
2026-02-24 21:41:07,294 - lg_cotrain - INFO - Phase 2 epoch 3/18: loss1=0.0522, loss2=0.1751, dev_macro_f1=0.4579, dev_err=39.82%
2026-02-24 21:42:48,576 - lg_cotrain - INFO - Phase 2 epoch 4/18: loss1=0.0500, loss2=0.1357, dev_macro_f1=0.4752, dev_err=37.50%
2026-02-24 21:44:30,265 - lg_cotrain - INFO - Phase 2 epoch 5/18: loss1=0.0465, loss2=0.1146, dev_macro_f1=0.4749, dev_err=38.02%
2026-02-24 21:46:12,309 - lg_cotrain - INFO - Phase 2 epoch 6/18: loss1=0.0552, loss2=0.1151, dev_macro_f1=0.4682, dev_err=38.14%
2026-02-24 21:47:53,653 - lg_cotrain - INFO - Phase 2 epoch 7/18: loss1=0.0454, loss2=0.0888, dev_macro_f1=0.4660, dev_err=39.18%
2026-02-24 21:49:35,058 - lg_cotrain - INFO - Phase 2 epoch 8/18: loss1=0.0274, loss2=0.0612, dev_macro_f1=0.5172, dev_err=37.50%
2026-02-24 21:51:16,756 - lg_cotrain - INFO - Phase 2 epoch 9/18: loss1=0.0232, loss2=0.0419, dev_macro_f1=0.4632, dev_err=39.30%
2026-02-24 21:52:57,575 - lg_cotrain - INFO - Phase 2 epoch 10/18: loss1=0.0158, loss2=0.0405, dev_macro_f1=0.4906, dev_err=37.50%
2026-02-24 21:54:38,339 - lg_cotrain - INFO - Phase 2 epoch 11/18: loss1=0.0250, loss2=0.0341, dev_macro_f1=0.5101, dev_err=36.98%
2026-02-24 21:56:18,910 - lg_cotrain - INFO - Phase 2 epoch 12/18: loss1=0.0172, loss2=0.0238, dev_macro_f1=0.5640, dev_err=37.89%
2026-02-24 21:57:59,499 - lg_cotrain - INFO - Phase 2 epoch 13/18: loss1=0.0126, loss2=0.0194, dev_macro_f1=0.5258, dev_err=38.27%
2026-02-24 21:59:40,380 - lg_cotrain - INFO - Phase 2 epoch 14/18: loss1=0.0132, loss2=0.0159, dev_macro_f1=0.5134, dev_err=38.66%
2026-02-24 22:01:21,213 - lg_cotrain - INFO - Phase 2 epoch 15/18: loss1=0.0130, loss2=0.0107, dev_macro_f1=0.5569, dev_err=37.76%
2026-02-24 22:03:02,429 - lg_cotrain - INFO - Phase 2 epoch 16/18: loss1=0.0091, loss2=0.0062, dev_macro_f1=0.5339, dev_err=37.76%
2026-02-24 22:04:43,213 - lg_cotrain - INFO - Phase 2 epoch 17/18: loss1=0.0068, loss2=0.0079, dev_macro_f1=0.5561, dev_err=38.53%
2026-02-24 22:06:23,386 - lg_cotrain - INFO - Phase 2 epoch 18/18: loss1=0.0068, loss2=0.0064, dev_macro_f1=0.5528, dev_err=38.40%
2026-02-24 22:06:23,387 - lg_cotrain - INFO - === Phase 3: Fine-Tuning ===
2026-02-24 22:06:31,891 - lg_cotrain - INFO - Phase 3 epoch 1: dev_macro_f1=0.5615, dev_err=43.17%, es_counter1=0, es_counter2=0
2026-02-24 22:06:40,103 - lg_cotrain - INFO - Phase 3 epoch 2: dev_macro_f1=0.5841, dev_err=37.89%, es_counter1=0, es_counter2=0
2026-02-24 22:06:48,018 - lg_cotrain - INFO - Phase 3 epoch 3: dev_macro_f1=0.6004, dev_err=38.02%, es_counter1=0, es_counter2=0
2026-02-24 22:06:56,154 - lg_cotrain - INFO - Phase 3 epoch 4: dev_macro_f1=0.6082, dev_err=36.08%, es_counter1=0, es_counter2=0
2026-02-24 22:07:04,344 - lg_cotrain - INFO - Phase 3 epoch 5: dev_macro_f1=0.6034, dev_err=36.47%, es_counter1=1, es_counter2=1
2026-02-24 22:07:12,322 - lg_cotrain - INFO - Phase 3 epoch 6: dev_macro_f1=0.6150, dev_err=35.44%, es_counter1=0, es_counter2=0
2026-02-24 22:07:20,536 - lg_cotrain - INFO - Phase 3 epoch 7: dev_macro_f1=0.6070, dev_err=36.21%, es_counter1=1, es_counter2=1
2026-02-24 22:07:28,490 - lg_cotrain - INFO - Phase 3 epoch 8: dev_macro_f1=0.6070, dev_err=35.95%, es_counter1=2, es_counter2=2
2026-02-24 22:07:36,592 - lg_cotrain - INFO - Phase 3 epoch 9: dev_macro_f1=0.6109, dev_err=35.57%, es_counter1=3, es_counter2=3
2026-02-24 22:07:44,928 - lg_cotrain - INFO - Phase 3 epoch 10: dev_macro_f1=0.6107, dev_err=35.57%, es_counter1=4, es_counter2=4
2026-02-24 22:07:52,949 - lg_cotrain - INFO - Phase 3 epoch 11: dev_macro_f1=0.6127, dev_err=35.31%, es_counter1=5, es_counter2=5
2026-02-24 22:08:00,921 - lg_cotrain - INFO - Phase 3 epoch 12: dev_macro_f1=0.6127, dev_err=35.31%, es_counter1=6, es_counter2=6
2026-02-24 22:08:08,955 - lg_cotrain - INFO - Phase 3 epoch 13: dev_macro_f1=0.6120, dev_err=35.31%, es_counter1=7, es_counter2=7
2026-02-24 22:08:08,955 - lg_cotrain - INFO - Early stopping at epoch 13
2026-02-24 22:08:08,970 - lg_cotrain - INFO - === Final Evaluation ===
2026-02-24 22:08:23,872 - lg_cotrain - INFO - Results saved to C:\Users\anhtr\AppData\Local\Temp\tmptjgdwqct\hurricane_dorian_2019\50_set1\metrics.json
2026-02-24 22:08:23,872 - lg_cotrain - INFO - Test error rate: 35.01%, Test macro-F1: 0.5974, Test ECE: 0.1635
2026-02-24 22:08:23,882 - lg_cotrain - INFO - --- Trial 9/10 done: dev_macro_f1=0.6150 ---
2026-02-24 22:08:23,882 - lg_cotrain - INFO - --- Trial 10/10 ---
2026-02-24 22:08:24,475 - lg_cotrain - INFO - Starting LG-CoTrain: event=hurricane_dorian_2019, budget=50, seed_set=1
2026-02-24 22:08:24,510 - lg_cotrain - INFO - Detected 9 classes for event hurricane_dorian_2019: ['caution_and_advice', 'displaced_people_and_evacuations', 'infrastructure_and_utility_damage', 'injured_or_dead_people', 'not_humanitarian', 'other_relevant_information', 'requests_or_urgent_needs', 'rescue_volunteering_or_donation_effort', 'sympathy_and_support']
2026-02-24 22:08:24,518 - lg_cotrain - INFO - D_l1: 221, D_l2: 221, D_LG: 4887
2026-02-24 22:08:24,519 - lg_cotrain - INFO - === Phase 1: Weight Generation ===
2026-02-24 22:08:56,767 - lg_cotrain - INFO - Phase 1 epoch 1/7: mean_prob1=0.1160, mean_prob2=0.1128
2026-02-24 22:09:27,785 - lg_cotrain - INFO - Phase 1 epoch 2/7: mean_prob1=0.1720, mean_prob2=0.1410
2026-02-24 22:09:59,020 - lg_cotrain - INFO - Phase 1 epoch 3/7: mean_prob1=0.2871, mean_prob2=0.2454
2026-02-24 22:10:29,984 - lg_cotrain - INFO - Phase 1 epoch 4/7: mean_prob1=0.4356, mean_prob2=0.3580
2026-02-24 22:11:01,089 - lg_cotrain - INFO - Phase 1 epoch 5/7: mean_prob1=0.4411, mean_prob2=0.4205
2026-02-24 22:11:32,246 - lg_cotrain - INFO - Phase 1 epoch 6/7: mean_prob1=0.5065, mean_prob2=0.5015
2026-02-24 22:12:03,180 - lg_cotrain - INFO - Phase 1 epoch 7/7: mean_prob1=0.5172, mean_prob2=0.4498
2026-02-24 22:12:03,180 - lg_cotrain - INFO - === Phase 2: Co-Training ===
2026-02-24 22:12:04,297 - lg_cotrain - INFO - LR scheduler: total_steps_1=3454, warmup=182; total_steps_2=3454, warmup=182
2026-02-24 22:12:04,297 - lg_cotrain - INFO - Phase 1 done -> seeded Phase 2 trackers. lambda1: mean=0.5172, range=[0.0003, 0.9884]
2026-02-24 22:12:04,297 - lg_cotrain - INFO - Phase 1 done -> seeded Phase 2 trackers. lambda2: mean=0.4498, range=[0.0003, 0.9865]
2026-02-24 22:13:21,503 - lg_cotrain - INFO - Phase 2 epoch 1/18: loss1=0.4123, loss2=0.4725, dev_macro_f1=0.4510, dev_err=41.11%
2026-02-24 22:14:38,123 - lg_cotrain - INFO - Phase 2 epoch 2/18: loss1=0.1046, loss2=0.3109, dev_macro_f1=0.4544, dev_err=40.08%
2026-02-24 22:15:54,661 - lg_cotrain - INFO - Phase 2 epoch 3/18: loss1=0.0832, loss2=0.2391, dev_macro_f1=0.4695, dev_err=38.27%
2026-02-24 22:17:11,297 - lg_cotrain - INFO - Phase 2 epoch 4/18: loss1=0.0512, loss2=0.1789, dev_macro_f1=0.4745, dev_err=38.53%
2026-02-24 22:18:27,875 - lg_cotrain - INFO - Phase 2 epoch 5/18: loss1=0.0365, loss2=0.1124, dev_macro_f1=0.4828, dev_err=37.76%
2026-02-24 22:19:44,316 - lg_cotrain - INFO - Phase 2 epoch 6/18: loss1=0.0362, loss2=0.0802, dev_macro_f1=0.5205, dev_err=38.40%
2026-02-24 22:21:00,816 - lg_cotrain - INFO - Phase 2 epoch 7/18: loss1=0.0287, loss2=0.1116, dev_macro_f1=0.5077, dev_err=38.66%
2026-02-24 22:22:17,748 - lg_cotrain - INFO - Phase 2 epoch 8/18: loss1=0.0338, loss2=0.0618, dev_macro_f1=0.4781, dev_err=38.92%
2026-02-24 22:23:34,965 - lg_cotrain - INFO - Phase 2 epoch 9/18: loss1=0.0203, loss2=0.0318, dev_macro_f1=0.4917, dev_err=38.79%
2026-02-24 22:24:51,724 - lg_cotrain - INFO - Phase 2 epoch 10/18: loss1=0.0190, loss2=0.0298, dev_macro_f1=0.4956, dev_err=38.79%
2026-02-24 22:26:08,572 - lg_cotrain - INFO - Phase 2 epoch 11/18: loss1=0.0271, loss2=0.0260, dev_macro_f1=0.5300, dev_err=37.24%
2026-02-24 22:27:25,168 - lg_cotrain - INFO - Phase 2 epoch 12/18: loss1=0.0209, loss2=0.0183, dev_macro_f1=0.5439, dev_err=38.53%
2026-02-24 22:28:42,056 - lg_cotrain - INFO - Phase 2 epoch 13/18: loss1=0.0146, loss2=0.0225, dev_macro_f1=0.5539, dev_err=38.66%
2026-02-24 22:29:58,964 - lg_cotrain - INFO - Phase 2 epoch 14/18: loss1=0.0088, loss2=0.0216, dev_macro_f1=0.5821, dev_err=37.11%
2026-02-24 22:31:15,865 - lg_cotrain - INFO - Phase 2 epoch 15/18: loss1=0.0094, loss2=0.0186, dev_macro_f1=0.5555, dev_err=38.27%
2026-02-24 22:32:32,784 - lg_cotrain - INFO - Phase 2 epoch 16/18: loss1=0.0070, loss2=0.0162, dev_macro_f1=0.5533, dev_err=38.40%
2026-02-24 22:33:49,532 - lg_cotrain - INFO - Phase 2 epoch 17/18: loss1=0.0047, loss2=0.0118, dev_macro_f1=0.5610, dev_err=38.02%
2026-02-24 22:35:06,448 - lg_cotrain - INFO - Phase 2 epoch 18/18: loss1=0.0038, loss2=0.0065, dev_macro_f1=0.5338, dev_err=38.53%
2026-02-24 22:35:06,449 - lg_cotrain - INFO - === Phase 3: Fine-Tuning ===
2026-02-24 22:35:12,357 - lg_cotrain - INFO - Phase 3 epoch 1: dev_macro_f1=0.5359, dev_err=42.78%, es_counter1=0, es_counter2=0
2026-02-24 22:35:17,738 - lg_cotrain - INFO - Phase 3 epoch 2: dev_macro_f1=0.5883, dev_err=36.86%, es_counter1=0, es_counter2=0
2026-02-24 22:35:22,887 - lg_cotrain - INFO - Phase 3 epoch 3: dev_macro_f1=0.5710, dev_err=36.98%, es_counter1=1, es_counter2=1
2026-02-24 22:35:27,735 - lg_cotrain - INFO - Phase 3 epoch 4: dev_macro_f1=0.5798, dev_err=37.89%, es_counter1=2, es_counter2=2
2026-02-24 22:35:32,672 - lg_cotrain - INFO - Phase 3 epoch 5: dev_macro_f1=0.5955, dev_err=36.86%, es_counter1=0, es_counter2=0
2026-02-24 22:35:37,867 - lg_cotrain - INFO - Phase 3 epoch 6: dev_macro_f1=0.6102, dev_err=35.82%, es_counter1=0, es_counter2=0
2026-02-24 22:35:42,965 - lg_cotrain - INFO - Phase 3 epoch 7: dev_macro_f1=0.6022, dev_err=36.34%, es_counter1=1, es_counter2=1
2026-02-24 22:35:47,758 - lg_cotrain - INFO - Phase 3 epoch 8: dev_macro_f1=0.6005, dev_err=36.73%, es_counter1=2, es_counter2=2
2026-02-24 22:35:52,672 - lg_cotrain - INFO - Phase 3 epoch 9: dev_macro_f1=0.5917, dev_err=37.50%, es_counter1=3, es_counter2=3
2026-02-24 22:35:57,503 - lg_cotrain - INFO - Phase 3 epoch 10: dev_macro_f1=0.5915, dev_err=37.50%, es_counter1=4, es_counter2=4
2026-02-24 22:36:02,352 - lg_cotrain - INFO - Phase 3 epoch 11: dev_macro_f1=0.5957, dev_err=37.24%, es_counter1=5, es_counter2=5
2026-02-24 22:36:07,221 - lg_cotrain - INFO - Phase 3 epoch 12: dev_macro_f1=0.5974, dev_err=36.98%, es_counter1=6, es_counter2=6
2026-02-24 22:36:07,222 - lg_cotrain - INFO - Early stopping at epoch 12
2026-02-24 22:36:07,234 - lg_cotrain - INFO - === Final Evaluation ===
2026-02-24 22:36:17,759 - lg_cotrain - INFO - Results saved to C:\Users\anhtr\AppData\Local\Temp\tmp2ab7hn5v\hurricane_dorian_2019\50_set1\metrics.json
2026-02-24 22:36:17,759 - lg_cotrain - INFO - Test error rate: 35.08%, Test macro-F1: 0.5899, Test ECE: 0.1457
2026-02-24 22:36:17,770 - lg_cotrain - INFO - --- Trial 10/10 done: dev_macro_f1=0.6102 ---
