2026-02-26 17:33:30,197 - lg_cotrain - INFO - === Optuna study: hurricane_irma_2017 budget=5 seed=3 | target=10 trials, 0 replayed, 10 new ===
2026-02-26 17:33:30,197 - lg_cotrain - INFO - --- Trial 1/10 ---
2026-02-26 17:33:30,734 - lg_cotrain - INFO - Starting LG-CoTrain: event=hurricane_irma_2017, budget=5, seed_set=3
2026-02-26 17:33:30,799 - lg_cotrain - INFO - Detected 9 classes for event hurricane_irma_2017: ['caution_and_advice', 'displaced_people_and_evacuations', 'infrastructure_and_utility_damage', 'injured_or_dead_people', 'not_humanitarian', 'other_relevant_information', 'requests_or_urgent_needs', 'rescue_volunteering_or_donation_effort', 'sympathy_and_support']
2026-02-26 17:33:30,812 - lg_cotrain - INFO - D_l1: 27, D_l2: 18, D_LG: 6534
2026-02-26 17:33:30,814 - lg_cotrain - INFO - === Phase 1: Weight Generation ===
2026-02-26 17:33:55,491 - lg_cotrain - INFO - Phase 1 epoch 1/7: mean_prob1=0.1115, mean_prob2=0.1135
2026-02-26 17:34:19,194 - lg_cotrain - INFO - Phase 1 epoch 2/7: mean_prob1=0.1138, mean_prob2=0.1166
2026-02-26 17:34:42,932 - lg_cotrain - INFO - Phase 1 epoch 3/7: mean_prob1=0.1146, mean_prob2=0.1171
2026-02-26 17:35:06,700 - lg_cotrain - INFO - Phase 1 epoch 4/7: mean_prob1=0.1138, mean_prob2=0.1183
2026-02-26 17:35:30,411 - lg_cotrain - INFO - Phase 1 epoch 5/7: mean_prob1=0.1138, mean_prob2=0.1195
2026-02-26 17:35:54,118 - lg_cotrain - INFO - Phase 1 epoch 6/7: mean_prob1=0.1147, mean_prob2=0.1200
2026-02-26 17:36:17,691 - lg_cotrain - INFO - Phase 1 epoch 7/7: mean_prob1=0.1163, mean_prob2=0.1207
2026-02-26 17:36:17,692 - lg_cotrain - INFO - === Phase 2: Co-Training ===
2026-02-26 17:36:18,693 - lg_cotrain - INFO - LR scheduler: total_steps_1=3790, warmup=1055; total_steps_2=3790, warmup=1055
2026-02-26 17:36:18,693 - lg_cotrain - INFO - Phase 1 done -> seeded Phase 2 trackers. lambda1: mean=0.1163, range=[0.0404, 0.3037]
2026-02-26 17:36:18,693 - lg_cotrain - INFO - Phase 1 done -> seeded Phase 2 trackers. lambda2: mean=0.1207, range=[0.0286, 0.3366]
2026-02-26 17:37:51,608 - lg_cotrain - INFO - Phase 2 epoch 1/18: loss1=0.2261, loss2=0.2218, dev_macro_f1=0.4331, dev_err=47.39%
2026-02-26 17:39:24,537 - lg_cotrain - INFO - Phase 2 epoch 2/18: loss1=0.0908, loss2=0.1751, dev_macro_f1=0.5359, dev_err=39.14%
2026-02-26 17:40:57,525 - lg_cotrain - INFO - Phase 2 epoch 3/18: loss1=0.0420, loss2=0.1622, dev_macro_f1=0.5478, dev_err=38.00%
2026-02-26 17:42:30,496 - lg_cotrain - INFO - Phase 2 epoch 4/18: loss1=0.0327, loss2=0.1588, dev_macro_f1=0.5589, dev_err=38.00%
2026-02-26 17:44:03,486 - lg_cotrain - INFO - Phase 2 epoch 5/18: loss1=0.0302, loss2=0.1293, dev_macro_f1=0.5996, dev_err=37.89%
2026-02-26 17:45:36,443 - lg_cotrain - INFO - Phase 2 epoch 6/18: loss1=0.0327, loss2=0.0968, dev_macro_f1=0.5887, dev_err=37.89%
2026-02-26 17:47:09,372 - lg_cotrain - INFO - Phase 2 epoch 7/18: loss1=0.0256, loss2=0.0768, dev_macro_f1=0.5665, dev_err=37.89%
2026-02-26 17:48:42,370 - lg_cotrain - INFO - Phase 2 epoch 8/18: loss1=0.0183, loss2=0.0443, dev_macro_f1=0.5841, dev_err=37.68%
2026-02-26 17:50:15,316 - lg_cotrain - INFO - Phase 2 epoch 9/18: loss1=0.0113, loss2=0.0301, dev_macro_f1=0.5861, dev_err=38.73%
2026-02-26 17:51:48,312 - lg_cotrain - INFO - Phase 2 epoch 10/18: loss1=0.0122, loss2=0.0213, dev_macro_f1=0.5838, dev_err=38.52%
2026-02-26 17:53:21,294 - lg_cotrain - INFO - Phase 2 epoch 11/18: loss1=0.0135, loss2=0.0108, dev_macro_f1=0.5917, dev_err=38.41%
2026-02-26 17:54:54,280 - lg_cotrain - INFO - Phase 2 epoch 12/18: loss1=0.0110, loss2=0.0097, dev_macro_f1=0.5864, dev_err=38.62%
2026-02-26 17:56:27,279 - lg_cotrain - INFO - Phase 2 epoch 13/18: loss1=0.0091, loss2=0.0054, dev_macro_f1=0.5864, dev_err=38.52%
2026-02-26 17:58:00,271 - lg_cotrain - INFO - Phase 2 epoch 14/18: loss1=0.0059, loss2=0.0041, dev_macro_f1=0.5931, dev_err=37.79%
2026-02-26 17:59:33,593 - lg_cotrain - INFO - Phase 2 epoch 15/18: loss1=0.0037, loss2=0.0037, dev_macro_f1=0.5902, dev_err=38.31%
2026-02-26 18:01:06,711 - lg_cotrain - INFO - Phase 2 epoch 16/18: loss1=0.0036, loss2=0.0029, dev_macro_f1=0.5847, dev_err=38.73%
2026-02-26 18:02:39,694 - lg_cotrain - INFO - Phase 2 epoch 17/18: loss1=0.0035, loss2=0.0027, dev_macro_f1=0.5939, dev_err=38.31%
2026-02-26 18:04:12,630 - lg_cotrain - INFO - Phase 2 epoch 18/18: loss1=0.0041, loss2=0.0025, dev_macro_f1=0.5893, dev_err=38.73%
2026-02-26 18:04:12,630 - lg_cotrain - INFO - === Phase 3: Fine-Tuning ===
2026-02-26 18:04:16,141 - lg_cotrain - INFO - Phase 3 epoch 1: dev_macro_f1=0.5893, dev_err=38.83%, es_counter1=0, es_counter2=0
2026-02-26 18:04:19,618 - lg_cotrain - INFO - Phase 3 epoch 2: dev_macro_f1=0.5885, dev_err=38.94%, es_counter1=1, es_counter2=1
2026-02-26 18:04:23,120 - lg_cotrain - INFO - Phase 3 epoch 3: dev_macro_f1=0.5884, dev_err=38.94%, es_counter1=2, es_counter2=2
2026-02-26 18:04:26,602 - lg_cotrain - INFO - Phase 3 epoch 4: dev_macro_f1=0.5892, dev_err=38.94%, es_counter1=3, es_counter2=3
2026-02-26 18:04:30,108 - lg_cotrain - INFO - Phase 3 epoch 5: dev_macro_f1=0.5935, dev_err=39.04%, es_counter1=0, es_counter2=0
2026-02-26 18:04:33,614 - lg_cotrain - INFO - Phase 3 epoch 6: dev_macro_f1=0.5910, dev_err=39.25%, es_counter1=1, es_counter2=1
2026-02-26 18:04:37,112 - lg_cotrain - INFO - Phase 3 epoch 7: dev_macro_f1=0.5955, dev_err=38.94%, es_counter1=0, es_counter2=0
2026-02-26 18:04:40,589 - lg_cotrain - INFO - Phase 3 epoch 8: dev_macro_f1=0.5950, dev_err=38.94%, es_counter1=1, es_counter2=1
2026-02-26 18:04:44,068 - lg_cotrain - INFO - Phase 3 epoch 9: dev_macro_f1=0.5953, dev_err=39.04%, es_counter1=2, es_counter2=2
2026-02-26 18:04:47,550 - lg_cotrain - INFO - Phase 3 epoch 10: dev_macro_f1=0.5944, dev_err=39.14%, es_counter1=3, es_counter2=3
2026-02-26 18:04:51,034 - lg_cotrain - INFO - Phase 3 epoch 11: dev_macro_f1=0.5948, dev_err=39.14%, es_counter1=4, es_counter2=4
2026-02-26 18:04:54,537 - lg_cotrain - INFO - Phase 3 epoch 12: dev_macro_f1=0.5962, dev_err=38.94%, es_counter1=0, es_counter2=0
2026-02-26 18:04:58,004 - lg_cotrain - INFO - Phase 3 epoch 13: dev_macro_f1=0.5935, dev_err=39.14%, es_counter1=1, es_counter2=1
2026-02-26 18:05:01,489 - lg_cotrain - INFO - Phase 3 epoch 14: dev_macro_f1=0.5939, dev_err=39.04%, es_counter1=2, es_counter2=2
2026-02-26 18:05:04,985 - lg_cotrain - INFO - Phase 3 epoch 15: dev_macro_f1=0.5963, dev_err=38.83%, es_counter1=0, es_counter2=0
2026-02-26 18:05:08,481 - lg_cotrain - INFO - Phase 3 epoch 16: dev_macro_f1=0.6005, dev_err=38.83%, es_counter1=0, es_counter2=0
2026-02-26 18:05:11,971 - lg_cotrain - INFO - Phase 3 epoch 17: dev_macro_f1=0.5989, dev_err=38.94%, es_counter1=1, es_counter2=1
2026-02-26 18:05:15,451 - lg_cotrain - INFO - Phase 3 epoch 18: dev_macro_f1=0.5977, dev_err=39.04%, es_counter1=2, es_counter2=2
2026-02-26 18:05:18,930 - lg_cotrain - INFO - Phase 3 epoch 19: dev_macro_f1=0.5917, dev_err=39.46%, es_counter1=3, es_counter2=3
2026-02-26 18:05:22,413 - lg_cotrain - INFO - Phase 3 epoch 20: dev_macro_f1=0.5904, dev_err=39.67%, es_counter1=4, es_counter2=4
2026-02-26 18:05:25,890 - lg_cotrain - INFO - Phase 3 epoch 21: dev_macro_f1=0.5950, dev_err=39.56%, es_counter1=5, es_counter2=5
2026-02-26 18:05:25,891 - lg_cotrain - INFO - Early stopping at epoch 21
2026-02-26 18:05:25,899 - lg_cotrain - INFO - === Final Evaluation ===
2026-02-26 18:05:35,456 - lg_cotrain - INFO - Results saved to C:\Users\anhtr\AppData\Local\Temp\tmplp5qv42n\hurricane_irma_2017\5_set3\metrics.json
2026-02-26 18:05:35,456 - lg_cotrain - INFO - Test error rate: 37.33%, Test macro-F1: 0.6140, Test ECE: 0.2851
2026-02-26 18:05:35,467 - lg_cotrain - INFO - --- Trial 1/10 done: dev_macro_f1=0.6005 ---
2026-02-26 18:05:35,467 - lg_cotrain - INFO - --- Trial 2/10 ---
2026-02-26 18:05:35,993 - lg_cotrain - INFO - Starting LG-CoTrain: event=hurricane_irma_2017, budget=5, seed_set=3
2026-02-26 18:05:36,040 - lg_cotrain - INFO - Detected 9 classes for event hurricane_irma_2017: ['caution_and_advice', 'displaced_people_and_evacuations', 'infrastructure_and_utility_damage', 'injured_or_dead_people', 'not_humanitarian', 'other_relevant_information', 'requests_or_urgent_needs', 'rescue_volunteering_or_donation_effort', 'sympathy_and_support']
2026-02-26 18:05:36,049 - lg_cotrain - INFO - D_l1: 27, D_l2: 18, D_LG: 6534
2026-02-26 18:05:36,050 - lg_cotrain - INFO - === Phase 1: Weight Generation ===
2026-02-26 18:05:59,378 - lg_cotrain - INFO - Phase 1 epoch 1/7: mean_prob1=0.1121, mean_prob2=0.1124
2026-02-26 18:06:21,474 - lg_cotrain - INFO - Phase 1 epoch 2/7: mean_prob1=0.1134, mean_prob2=0.1164
2026-02-26 18:06:43,601 - lg_cotrain - INFO - Phase 1 epoch 3/7: mean_prob1=0.1138, mean_prob2=0.1193
2026-02-26 18:07:05,735 - lg_cotrain - INFO - Phase 1 epoch 4/7: mean_prob1=0.1143, mean_prob2=0.1206
2026-02-26 18:07:27,837 - lg_cotrain - INFO - Phase 1 epoch 5/7: mean_prob1=0.1147, mean_prob2=0.1216
2026-02-26 18:07:49,890 - lg_cotrain - INFO - Phase 1 epoch 6/7: mean_prob1=0.1155, mean_prob2=0.1219
2026-02-26 18:08:11,932 - lg_cotrain - INFO - Phase 1 epoch 7/7: mean_prob1=0.1169, mean_prob2=0.1224
2026-02-26 18:08:11,932 - lg_cotrain - INFO - === Phase 2: Co-Training ===
2026-02-26 18:08:12,950 - lg_cotrain - INFO - LR scheduler: total_steps_1=1336, warmup=385; total_steps_2=1336, warmup=385
2026-02-26 18:08:12,951 - lg_cotrain - INFO - Phase 1 done -> seeded Phase 2 trackers. lambda1: mean=0.1169, range=[0.0418, 0.3249]
2026-02-26 18:08:12,951 - lg_cotrain - INFO - Phase 1 done -> seeded Phase 2 trackers. lambda2: mean=0.1224, range=[0.0294, 0.3422]
2026-02-26 18:09:37,361 - lg_cotrain - INFO - Phase 2 epoch 1/12: loss1=0.2408, loss2=0.2353, dev_macro_f1=0.2357, dev_err=59.39%
2026-02-26 18:11:01,956 - lg_cotrain - INFO - Phase 2 epoch 2/12: loss1=0.1160, loss2=0.1980, dev_macro_f1=0.5350, dev_err=39.87%
2026-02-26 18:12:26,733 - lg_cotrain - INFO - Phase 2 epoch 3/12: loss1=0.0452, loss2=0.1557, dev_macro_f1=0.5529, dev_err=38.10%
2026-02-26 18:13:51,662 - lg_cotrain - INFO - Phase 2 epoch 4/12: loss1=0.0249, loss2=0.1469, dev_macro_f1=0.5514, dev_err=37.79%
2026-02-26 18:15:16,443 - lg_cotrain - INFO - Phase 2 epoch 5/12: loss1=0.0180, loss2=0.0922, dev_macro_f1=0.5564, dev_err=37.89%
2026-02-26 18:16:41,291 - lg_cotrain - INFO - Phase 2 epoch 6/12: loss1=0.0141, loss2=0.0511, dev_macro_f1=0.5540, dev_err=38.31%
2026-02-26 18:18:06,125 - lg_cotrain - INFO - Phase 2 epoch 7/12: loss1=0.0124, loss2=0.0424, dev_macro_f1=0.5623, dev_err=38.00%
2026-02-26 18:19:30,866 - lg_cotrain - INFO - Phase 2 epoch 8/12: loss1=0.0110, loss2=0.0377, dev_macro_f1=0.5716, dev_err=37.68%
2026-02-26 18:20:55,535 - lg_cotrain - INFO - Phase 2 epoch 9/12: loss1=0.0087, loss2=0.0225, dev_macro_f1=0.5650, dev_err=38.20%
2026-02-26 18:22:20,212 - lg_cotrain - INFO - Phase 2 epoch 10/12: loss1=0.0084, loss2=0.0134, dev_macro_f1=0.5925, dev_err=37.79%
2026-02-26 18:23:44,846 - lg_cotrain - INFO - Phase 2 epoch 11/12: loss1=0.0076, loss2=0.0108, dev_macro_f1=0.5878, dev_err=37.58%
2026-02-26 18:25:09,483 - lg_cotrain - INFO - Phase 2 epoch 12/12: loss1=0.0080, loss2=0.0085, dev_macro_f1=0.5970, dev_err=37.16%
2026-02-26 18:25:09,483 - lg_cotrain - INFO - === Phase 3: Fine-Tuning ===
2026-02-26 18:25:12,803 - lg_cotrain - INFO - Phase 3 epoch 1: dev_macro_f1=0.5963, dev_err=37.06%, es_counter1=0, es_counter2=0
2026-02-26 18:25:16,077 - lg_cotrain - INFO - Phase 3 epoch 2: dev_macro_f1=0.6005, dev_err=37.16%, es_counter1=0, es_counter2=0
2026-02-26 18:25:19,344 - lg_cotrain - INFO - Phase 3 epoch 3: dev_macro_f1=0.5948, dev_err=37.79%, es_counter1=1, es_counter2=1
2026-02-26 18:25:22,629 - lg_cotrain - INFO - Phase 3 epoch 4: dev_macro_f1=0.5915, dev_err=38.10%, es_counter1=2, es_counter2=2
2026-02-26 18:25:25,952 - lg_cotrain - INFO - Phase 3 epoch 5: dev_macro_f1=0.6032, dev_err=37.79%, es_counter1=0, es_counter2=0
2026-02-26 18:25:29,275 - lg_cotrain - INFO - Phase 3 epoch 6: dev_macro_f1=0.5969, dev_err=38.20%, es_counter1=1, es_counter2=1
2026-02-26 18:25:32,598 - lg_cotrain - INFO - Phase 3 epoch 7: dev_macro_f1=0.5957, dev_err=38.62%, es_counter1=2, es_counter2=2
2026-02-26 18:25:35,922 - lg_cotrain - INFO - Phase 3 epoch 8: dev_macro_f1=0.5923, dev_err=38.62%, es_counter1=3, es_counter2=3
2026-02-26 18:25:39,204 - lg_cotrain - INFO - Phase 3 epoch 9: dev_macro_f1=0.5870, dev_err=39.25%, es_counter1=4, es_counter2=4
2026-02-26 18:25:42,495 - lg_cotrain - INFO - Phase 3 epoch 10: dev_macro_f1=0.5870, dev_err=39.35%, es_counter1=5, es_counter2=5
2026-02-26 18:25:45,768 - lg_cotrain - INFO - Phase 3 epoch 11: dev_macro_f1=0.5909, dev_err=38.94%, es_counter1=6, es_counter2=6
2026-02-26 18:25:49,036 - lg_cotrain - INFO - Phase 3 epoch 12: dev_macro_f1=0.5852, dev_err=39.67%, es_counter1=7, es_counter2=7
2026-02-26 18:25:52,306 - lg_cotrain - INFO - Phase 3 epoch 13: dev_macro_f1=0.5815, dev_err=39.98%, es_counter1=8, es_counter2=8
2026-02-26 18:25:52,306 - lg_cotrain - INFO - Early stopping at epoch 13
2026-02-26 18:25:52,315 - lg_cotrain - INFO - === Final Evaluation ===
2026-02-26 18:26:01,324 - lg_cotrain - INFO - Results saved to C:\Users\anhtr\AppData\Local\Temp\tmpg3sqjf8n\hurricane_irma_2017\5_set3\metrics.json
2026-02-26 18:26:01,325 - lg_cotrain - INFO - Test error rate: 36.84%, Test macro-F1: 0.6075, Test ECE: 0.2746
2026-02-26 18:26:01,334 - lg_cotrain - INFO - --- Trial 2/10 done: dev_macro_f1=0.6032 ---
2026-02-26 18:26:01,334 - lg_cotrain - INFO - --- Trial 3/10 ---
2026-02-26 18:26:01,952 - lg_cotrain - INFO - Starting LG-CoTrain: event=hurricane_irma_2017, budget=5, seed_set=3
2026-02-26 18:26:01,989 - lg_cotrain - INFO - Detected 9 classes for event hurricane_irma_2017: ['caution_and_advice', 'displaced_people_and_evacuations', 'infrastructure_and_utility_damage', 'injured_or_dead_people', 'not_humanitarian', 'other_relevant_information', 'requests_or_urgent_needs', 'rescue_volunteering_or_donation_effort', 'sympathy_and_support']
2026-02-26 18:26:01,996 - lg_cotrain - INFO - D_l1: 27, D_l2: 18, D_LG: 6534
2026-02-26 18:26:01,997 - lg_cotrain - INFO - === Phase 1: Weight Generation ===
2026-02-26 18:26:26,629 - lg_cotrain - INFO - Phase 1 epoch 1/7: mean_prob1=0.1086, mean_prob2=0.1145
2026-02-26 18:26:50,111 - lg_cotrain - INFO - Phase 1 epoch 2/7: mean_prob1=0.1034, mean_prob2=0.1142
2026-02-26 18:27:13,666 - lg_cotrain - INFO - Phase 1 epoch 3/7: mean_prob1=0.1152, mean_prob2=0.1228
2026-02-26 18:27:37,172 - lg_cotrain - INFO - Phase 1 epoch 4/7: mean_prob1=0.1275, mean_prob2=0.1289
2026-02-26 18:28:00,616 - lg_cotrain - INFO - Phase 1 epoch 5/7: mean_prob1=0.1096, mean_prob2=0.1368
2026-02-26 18:28:24,119 - lg_cotrain - INFO - Phase 1 epoch 6/7: mean_prob1=0.1276, mean_prob2=0.1410
2026-02-26 18:28:47,719 - lg_cotrain - INFO - Phase 1 epoch 7/7: mean_prob1=0.1352, mean_prob2=0.1482
2026-02-26 18:28:47,720 - lg_cotrain - INFO - === Phase 2: Co-Training ===
2026-02-26 18:28:48,774 - lg_cotrain - INFO - LR scheduler: total_steps_1=1945, warmup=25; total_steps_2=1945, warmup=25
2026-02-26 18:28:48,775 - lg_cotrain - INFO - Phase 1 done -> seeded Phase 2 trackers. lambda1: mean=0.1352, range=[0.0141, 0.6173]
2026-02-26 18:28:48,775 - lg_cotrain - INFO - Phase 1 done -> seeded Phase 2 trackers. lambda2: mean=0.1482, range=[0.0231, 0.6647]
2026-02-26 18:30:21,298 - lg_cotrain - INFO - Phase 2 epoch 1/9: loss1=0.1658, loss2=0.1594, dev_macro_f1=0.5414, dev_err=38.73%
2026-02-26 18:31:53,740 - lg_cotrain - INFO - Phase 2 epoch 2/9: loss1=0.1930, loss2=0.8332, dev_macro_f1=0.0371, dev_err=79.96%
2026-02-26 18:33:26,102 - lg_cotrain - INFO - Phase 2 epoch 3/9: loss1=0.1199, loss2=0.9570, dev_macro_f1=0.0321, dev_err=83.09%
2026-02-26 18:35:02,277 - lg_cotrain - INFO - Phase 2 epoch 4/9: loss1=0.0834, loss2=0.8627, dev_macro_f1=0.0321, dev_err=83.09%
2026-02-26 18:36:34,584 - lg_cotrain - INFO - Phase 2 epoch 5/9: loss1=0.0709, loss2=0.7987, dev_macro_f1=0.0321, dev_err=83.09%
2026-02-26 18:38:06,912 - lg_cotrain - INFO - Phase 2 epoch 6/9: loss1=0.0685, loss2=0.7529, dev_macro_f1=0.0321, dev_err=83.09%
2026-02-26 18:39:39,182 - lg_cotrain - INFO - Phase 2 epoch 7/9: loss1=0.0701, loss2=0.7166, dev_macro_f1=0.0321, dev_err=83.09%
2026-02-26 18:41:11,567 - lg_cotrain - INFO - Phase 2 epoch 8/9: loss1=0.0726, loss2=0.6893, dev_macro_f1=0.0321, dev_err=83.09%
2026-02-26 18:42:44,294 - lg_cotrain - INFO - Phase 2 epoch 9/9: loss1=0.0746, loss2=0.6613, dev_macro_f1=0.0321, dev_err=83.09%
2026-02-26 18:42:44,294 - lg_cotrain - INFO - === Phase 3: Fine-Tuning ===
2026-02-26 18:42:47,798 - lg_cotrain - INFO - Phase 3 epoch 1: dev_macro_f1=0.0321, dev_err=83.09%, es_counter1=0, es_counter2=0
2026-02-26 18:42:51,252 - lg_cotrain - INFO - Phase 3 epoch 2: dev_macro_f1=0.0321, dev_err=83.09%, es_counter1=1, es_counter2=1
2026-02-26 18:42:54,714 - lg_cotrain - INFO - Phase 3 epoch 3: dev_macro_f1=0.0321, dev_err=83.09%, es_counter1=2, es_counter2=2
2026-02-26 18:42:58,183 - lg_cotrain - INFO - Phase 3 epoch 4: dev_macro_f1=0.0321, dev_err=83.09%, es_counter1=3, es_counter2=3
2026-02-26 18:43:01,633 - lg_cotrain - INFO - Phase 3 epoch 5: dev_macro_f1=0.0321, dev_err=83.09%, es_counter1=4, es_counter2=4
2026-02-26 18:43:01,634 - lg_cotrain - INFO - Early stopping at epoch 5
2026-02-26 18:43:01,647 - lg_cotrain - INFO - === Final Evaluation ===
2026-02-26 18:43:11,170 - lg_cotrain - INFO - Results saved to C:\Users\anhtr\AppData\Local\Temp\tmp1y04i6st\hurricane_irma_2017\5_set3\metrics.json
2026-02-26 18:43:11,170 - lg_cotrain - INFO - Test error rate: 83.08%, Test macro-F1: 0.0322, Test ECE: 0.2777
2026-02-26 18:43:11,180 - lg_cotrain - INFO - --- Trial 3/10 done: dev_macro_f1=0.0321 ---
2026-02-26 18:43:11,180 - lg_cotrain - INFO - --- Trial 4/10 ---
2026-02-26 18:43:11,742 - lg_cotrain - INFO - Starting LG-CoTrain: event=hurricane_irma_2017, budget=5, seed_set=3
2026-02-26 18:43:11,793 - lg_cotrain - INFO - Detected 9 classes for event hurricane_irma_2017: ['caution_and_advice', 'displaced_people_and_evacuations', 'infrastructure_and_utility_damage', 'injured_or_dead_people', 'not_humanitarian', 'other_relevant_information', 'requests_or_urgent_needs', 'rescue_volunteering_or_donation_effort', 'sympathy_and_support']
2026-02-26 18:43:11,805 - lg_cotrain - INFO - D_l1: 27, D_l2: 18, D_LG: 6534
2026-02-26 18:43:11,806 - lg_cotrain - INFO - === Phase 1: Weight Generation ===
2026-02-26 18:43:35,324 - lg_cotrain - INFO - Phase 1 epoch 1/7: mean_prob1=0.1095, mean_prob2=0.1158
2026-02-26 18:43:57,808 - lg_cotrain - INFO - Phase 1 epoch 2/7: mean_prob1=0.1071, mean_prob2=0.1201
2026-02-26 18:44:20,362 - lg_cotrain - INFO - Phase 1 epoch 3/7: mean_prob1=0.1146, mean_prob2=0.1265
2026-02-26 18:44:42,957 - lg_cotrain - INFO - Phase 1 epoch 4/7: mean_prob1=0.1225, mean_prob2=0.1286
2026-02-26 18:45:05,338 - lg_cotrain - INFO - Phase 1 epoch 5/7: mean_prob1=0.1201, mean_prob2=0.1293
2026-02-26 18:45:27,519 - lg_cotrain - INFO - Phase 1 epoch 6/7: mean_prob1=0.1156, mean_prob2=0.1297
2026-02-26 18:45:49,650 - lg_cotrain - INFO - Phase 1 epoch 7/7: mean_prob1=0.1239, mean_prob2=0.1345
2026-02-26 18:45:49,650 - lg_cotrain - INFO - === Phase 2: Co-Training ===
2026-02-26 18:45:50,720 - lg_cotrain - INFO - LR scheduler: total_steps_1=2160, warmup=631; total_steps_2=2160, warmup=631
2026-02-26 18:45:50,720 - lg_cotrain - INFO - Phase 1 done -> seeded Phase 2 trackers. lambda1: mean=0.1239, range=[0.0241, 0.4724]
2026-02-26 18:45:50,721 - lg_cotrain - INFO - Phase 1 done -> seeded Phase 2 trackers. lambda2: mean=0.1345, range=[0.0222, 0.4491]
2026-02-26 18:47:15,246 - lg_cotrain - INFO - Phase 2 epoch 1/20: loss1=0.2450, loss2=0.2255, dev_macro_f1=0.4954, dev_err=42.90%
2026-02-26 18:48:40,131 - lg_cotrain - INFO - Phase 2 epoch 2/20: loss1=0.0786, loss2=0.1816, dev_macro_f1=0.5193, dev_err=39.67%
2026-02-26 18:50:04,883 - lg_cotrain - INFO - Phase 2 epoch 3/20: loss1=0.0337, loss2=0.1707, dev_macro_f1=0.5667, dev_err=37.06%
2026-02-26 18:51:29,443 - lg_cotrain - INFO - Phase 2 epoch 4/20: loss1=0.0389, loss2=0.1860, dev_macro_f1=0.5316, dev_err=40.19%
2026-02-26 18:52:53,953 - lg_cotrain - INFO - Phase 2 epoch 5/20: loss1=0.0477, loss2=0.1674, dev_macro_f1=0.5832, dev_err=38.10%
2026-02-26 18:54:18,567 - lg_cotrain - INFO - Phase 2 epoch 6/20: loss1=0.0473, loss2=0.1720, dev_macro_f1=0.5447, dev_err=39.35%
2026-02-26 18:55:43,327 - lg_cotrain - INFO - Phase 2 epoch 7/20: loss1=0.0522, loss2=0.1252, dev_macro_f1=0.5943, dev_err=37.79%
2026-02-26 18:57:08,053 - lg_cotrain - INFO - Phase 2 epoch 8/20: loss1=0.0478, loss2=0.1009, dev_macro_f1=0.5879, dev_err=38.20%
2026-02-26 18:58:32,503 - lg_cotrain - INFO - Phase 2 epoch 9/20: loss1=0.0360, loss2=0.0552, dev_macro_f1=0.5864, dev_err=36.64%
2026-02-26 18:59:57,036 - lg_cotrain - INFO - Phase 2 epoch 10/20: loss1=0.0251, loss2=0.0384, dev_macro_f1=0.5795, dev_err=38.41%
2026-02-26 19:01:21,613 - lg_cotrain - INFO - Phase 2 epoch 11/20: loss1=0.0270, loss2=0.0376, dev_macro_f1=0.5765, dev_err=38.83%
2026-02-26 19:02:46,414 - lg_cotrain - INFO - Phase 2 epoch 12/20: loss1=0.0159, loss2=0.0282, dev_macro_f1=0.5829, dev_err=38.62%
2026-02-26 19:04:11,060 - lg_cotrain - INFO - Phase 2 epoch 13/20: loss1=0.0111, loss2=0.0153, dev_macro_f1=0.5947, dev_err=38.52%
2026-02-26 19:05:35,586 - lg_cotrain - INFO - Phase 2 epoch 14/20: loss1=0.0087, loss2=0.0107, dev_macro_f1=0.5888, dev_err=39.67%
2026-02-26 19:07:00,106 - lg_cotrain - INFO - Phase 2 epoch 15/20: loss1=0.0142, loss2=0.0109, dev_macro_f1=0.5992, dev_err=37.89%
2026-02-26 19:08:24,600 - lg_cotrain - INFO - Phase 2 epoch 16/20: loss1=0.0079, loss2=0.0129, dev_macro_f1=0.5973, dev_err=38.83%
2026-02-26 19:09:49,350 - lg_cotrain - INFO - Phase 2 epoch 17/20: loss1=0.0059, loss2=0.0047, dev_macro_f1=0.6023, dev_err=37.89%
2026-02-26 19:11:13,926 - lg_cotrain - INFO - Phase 2 epoch 18/20: loss1=0.0052, loss2=0.0029, dev_macro_f1=0.6172, dev_err=36.95%
2026-02-26 19:12:38,396 - lg_cotrain - INFO - Phase 2 epoch 19/20: loss1=0.0045, loss2=0.0023, dev_macro_f1=0.6034, dev_err=38.41%
2026-02-26 19:14:02,878 - lg_cotrain - INFO - Phase 2 epoch 20/20: loss1=0.0041, loss2=0.0018, dev_macro_f1=0.6081, dev_err=38.10%
2026-02-26 19:14:02,878 - lg_cotrain - INFO - === Phase 3: Fine-Tuning ===
2026-02-26 19:14:06,169 - lg_cotrain - INFO - Phase 3 epoch 1: dev_macro_f1=0.6076, dev_err=38.20%, es_counter1=0, es_counter2=0
2026-02-26 19:14:09,463 - lg_cotrain - INFO - Phase 3 epoch 2: dev_macro_f1=0.6046, dev_err=38.31%, es_counter1=1, es_counter2=1
2026-02-26 19:14:12,717 - lg_cotrain - INFO - Phase 3 epoch 3: dev_macro_f1=0.6041, dev_err=38.41%, es_counter1=2, es_counter2=2
2026-02-26 19:14:15,993 - lg_cotrain - INFO - Phase 3 epoch 4: dev_macro_f1=0.6035, dev_err=38.62%, es_counter1=3, es_counter2=3
2026-02-26 19:14:19,281 - lg_cotrain - INFO - Phase 3 epoch 5: dev_macro_f1=0.5980, dev_err=39.14%, es_counter1=4, es_counter2=4
2026-02-26 19:14:22,564 - lg_cotrain - INFO - Phase 3 epoch 6: dev_macro_f1=0.5945, dev_err=39.35%, es_counter1=5, es_counter2=5
2026-02-26 19:14:25,837 - lg_cotrain - INFO - Phase 3 epoch 7: dev_macro_f1=0.5951, dev_err=39.14%, es_counter1=6, es_counter2=6
2026-02-26 19:14:29,121 - lg_cotrain - INFO - Phase 3 epoch 8: dev_macro_f1=0.5933, dev_err=39.67%, es_counter1=7, es_counter2=7
2026-02-26 19:14:32,393 - lg_cotrain - INFO - Phase 3 epoch 9: dev_macro_f1=0.5973, dev_err=39.14%, es_counter1=8, es_counter2=8
2026-02-26 19:14:35,668 - lg_cotrain - INFO - Phase 3 epoch 10: dev_macro_f1=0.5940, dev_err=39.46%, es_counter1=9, es_counter2=9
2026-02-26 19:14:38,969 - lg_cotrain - INFO - Phase 3 epoch 11: dev_macro_f1=0.5866, dev_err=40.50%, es_counter1=10, es_counter2=10
2026-02-26 19:14:38,969 - lg_cotrain - INFO - Early stopping at epoch 11
2026-02-26 19:14:38,983 - lg_cotrain - INFO - === Final Evaluation ===
2026-02-26 19:14:48,067 - lg_cotrain - INFO - Results saved to C:\Users\anhtr\AppData\Local\Temp\tmpq8cvllis\hurricane_irma_2017\5_set3\metrics.json
2026-02-26 19:14:48,067 - lg_cotrain - INFO - Test error rate: 35.82%, Test macro-F1: 0.6148, Test ECE: 0.2689
2026-02-26 19:14:48,075 - lg_cotrain - INFO - --- Trial 4/10 done: dev_macro_f1=0.6076 ---
2026-02-26 19:14:48,075 - lg_cotrain - INFO - --- Trial 5/10 ---
2026-02-26 19:14:48,725 - lg_cotrain - INFO - Starting LG-CoTrain: event=hurricane_irma_2017, budget=5, seed_set=3
2026-02-26 19:14:48,779 - lg_cotrain - INFO - Detected 9 classes for event hurricane_irma_2017: ['caution_and_advice', 'displaced_people_and_evacuations', 'infrastructure_and_utility_damage', 'injured_or_dead_people', 'not_humanitarian', 'other_relevant_information', 'requests_or_urgent_needs', 'rescue_volunteering_or_donation_effort', 'sympathy_and_support']
2026-02-26 19:14:48,791 - lg_cotrain - INFO - D_l1: 27, D_l2: 18, D_LG: 6534
2026-02-26 19:14:48,793 - lg_cotrain - INFO - === Phase 1: Weight Generation ===
2026-02-26 19:15:13,455 - lg_cotrain - INFO - Phase 1 epoch 1/7: mean_prob1=0.1103, mean_prob2=0.1158
2026-02-26 19:15:36,828 - lg_cotrain - INFO - Phase 1 epoch 2/7: mean_prob1=0.1128, mean_prob2=0.1201
2026-02-26 19:16:00,276 - lg_cotrain - INFO - Phase 1 epoch 3/7: mean_prob1=0.1140, mean_prob2=0.1240
2026-02-26 19:16:23,641 - lg_cotrain - INFO - Phase 1 epoch 4/7: mean_prob1=0.1159, mean_prob2=0.1249
2026-02-26 19:16:47,491 - lg_cotrain - INFO - Phase 1 epoch 5/7: mean_prob1=0.1157, mean_prob2=0.1232
2026-02-26 19:17:11,017 - lg_cotrain - INFO - Phase 1 epoch 6/7: mean_prob1=0.1170, mean_prob2=0.1267
2026-02-26 19:17:34,431 - lg_cotrain - INFO - Phase 1 epoch 7/7: mean_prob1=0.1184, mean_prob2=0.1264
2026-02-26 19:17:34,431 - lg_cotrain - INFO - === Phase 2: Co-Training ===
2026-02-26 19:17:35,462 - lg_cotrain - INFO - LR scheduler: total_steps_1=2150, warmup=244; total_steps_2=2150, warmup=244
2026-02-26 19:17:35,463 - lg_cotrain - INFO - Phase 1 done -> seeded Phase 2 trackers. lambda1: mean=0.1184, range=[0.0352, 0.3570]
2026-02-26 19:17:35,463 - lg_cotrain - INFO - Phase 1 done -> seeded Phase 2 trackers. lambda2: mean=0.1264, range=[0.0245, 0.3864]
2026-02-26 19:19:07,834 - lg_cotrain - INFO - Phase 2 epoch 1/10: loss1=0.1699, loss2=0.1587, dev_macro_f1=0.5802, dev_err=39.35%
2026-02-26 19:20:40,616 - lg_cotrain - INFO - Phase 2 epoch 2/10: loss1=0.0586, loss2=0.2941, dev_macro_f1=0.6089, dev_err=38.62%
2026-02-26 19:22:13,232 - lg_cotrain - INFO - Phase 2 epoch 3/10: loss1=0.0339, loss2=0.2386, dev_macro_f1=0.5987, dev_err=39.04%
2026-02-26 19:23:45,769 - lg_cotrain - INFO - Phase 2 epoch 4/10: loss1=0.0237, loss2=0.1334, dev_macro_f1=0.6062, dev_err=37.89%
2026-02-26 19:25:18,108 - lg_cotrain - INFO - Phase 2 epoch 5/10: loss1=0.0219, loss2=0.0822, dev_macro_f1=0.6088, dev_err=37.89%
2026-02-26 19:26:50,495 - lg_cotrain - INFO - Phase 2 epoch 6/10: loss1=0.0198, loss2=0.0692, dev_macro_f1=0.5890, dev_err=37.79%
2026-02-26 19:28:22,882 - lg_cotrain - INFO - Phase 2 epoch 7/10: loss1=0.0174, loss2=0.0323, dev_macro_f1=0.5963, dev_err=38.73%
2026-02-26 19:29:55,309 - lg_cotrain - INFO - Phase 2 epoch 8/10: loss1=0.0098, loss2=0.0192, dev_macro_f1=0.6002, dev_err=38.52%
2026-02-26 19:31:27,796 - lg_cotrain - INFO - Phase 2 epoch 9/10: loss1=0.0046, loss2=0.0116, dev_macro_f1=0.6014, dev_err=38.31%
2026-02-26 19:33:00,315 - lg_cotrain - INFO - Phase 2 epoch 10/10: loss1=0.0041, loss2=0.0062, dev_macro_f1=0.6089, dev_err=37.89%
2026-02-26 19:33:00,315 - lg_cotrain - INFO - === Phase 3: Fine-Tuning ===
2026-02-26 19:33:03,799 - lg_cotrain - INFO - Phase 3 epoch 1: dev_macro_f1=0.6114, dev_err=37.68%, es_counter1=0, es_counter2=0
2026-02-26 19:33:07,257 - lg_cotrain - INFO - Phase 3 epoch 2: dev_macro_f1=0.6071, dev_err=37.89%, es_counter1=1, es_counter2=1
2026-02-26 19:33:10,722 - lg_cotrain - INFO - Phase 3 epoch 3: dev_macro_f1=0.6079, dev_err=38.10%, es_counter1=2, es_counter2=2
2026-02-26 19:33:14,190 - lg_cotrain - INFO - Phase 3 epoch 4: dev_macro_f1=0.6082, dev_err=38.10%, es_counter1=3, es_counter2=3
2026-02-26 19:33:17,651 - lg_cotrain - INFO - Phase 3 epoch 5: dev_macro_f1=0.6066, dev_err=38.41%, es_counter1=4, es_counter2=4
2026-02-26 19:33:21,131 - lg_cotrain - INFO - Phase 3 epoch 6: dev_macro_f1=0.6058, dev_err=38.62%, es_counter1=5, es_counter2=5
2026-02-26 19:33:24,605 - lg_cotrain - INFO - Phase 3 epoch 7: dev_macro_f1=0.6073, dev_err=38.41%, es_counter1=6, es_counter2=6
2026-02-26 19:33:28,076 - lg_cotrain - INFO - Phase 3 epoch 8: dev_macro_f1=0.5973, dev_err=39.14%, es_counter1=7, es_counter2=7
2026-02-26 19:33:31,545 - lg_cotrain - INFO - Phase 3 epoch 9: dev_macro_f1=0.5958, dev_err=39.46%, es_counter1=8, es_counter2=8
2026-02-26 19:33:35,014 - lg_cotrain - INFO - Phase 3 epoch 10: dev_macro_f1=0.5933, dev_err=39.77%, es_counter1=9, es_counter2=9
2026-02-26 19:33:35,014 - lg_cotrain - INFO - Early stopping at epoch 10
2026-02-26 19:33:35,023 - lg_cotrain - INFO - === Final Evaluation ===
2026-02-26 19:33:44,569 - lg_cotrain - INFO - Results saved to C:\Users\anhtr\AppData\Local\Temp\tmpo0_8bok9\hurricane_irma_2017\5_set3\metrics.json
2026-02-26 19:33:44,569 - lg_cotrain - INFO - Test error rate: 36.41%, Test macro-F1: 0.6103, Test ECE: 0.2899
2026-02-26 19:33:44,578 - lg_cotrain - INFO - --- Trial 5/10 done: dev_macro_f1=0.6114 ---
2026-02-26 19:33:44,578 - lg_cotrain - INFO - --- Trial 6/10 ---
2026-02-26 19:33:45,298 - lg_cotrain - INFO - Starting LG-CoTrain: event=hurricane_irma_2017, budget=5, seed_set=3
2026-02-26 19:33:45,336 - lg_cotrain - INFO - Detected 9 classes for event hurricane_irma_2017: ['caution_and_advice', 'displaced_people_and_evacuations', 'infrastructure_and_utility_damage', 'injured_or_dead_people', 'not_humanitarian', 'other_relevant_information', 'requests_or_urgent_needs', 'rescue_volunteering_or_donation_effort', 'sympathy_and_support']
2026-02-26 19:33:45,345 - lg_cotrain - INFO - D_l1: 27, D_l2: 18, D_LG: 6534
2026-02-26 19:33:45,346 - lg_cotrain - INFO - === Phase 1: Weight Generation ===
2026-02-26 19:34:08,559 - lg_cotrain - INFO - Phase 1 epoch 1/7: mean_prob1=0.1130, mean_prob2=0.1103
2026-02-26 19:34:30,649 - lg_cotrain - INFO - Phase 1 epoch 2/7: mean_prob1=0.1126, mean_prob2=0.1121
2026-02-26 19:34:52,720 - lg_cotrain - INFO - Phase 1 epoch 3/7: mean_prob1=0.1126, mean_prob2=0.1143
2026-02-26 19:35:14,799 - lg_cotrain - INFO - Phase 1 epoch 4/7: mean_prob1=0.1131, mean_prob2=0.1161
2026-02-26 19:35:36,981 - lg_cotrain - INFO - Phase 1 epoch 5/7: mean_prob1=0.1135, mean_prob2=0.1179
2026-02-26 19:35:59,015 - lg_cotrain - INFO - Phase 1 epoch 6/7: mean_prob1=0.1139, mean_prob2=0.1190
2026-02-26 19:36:21,100 - lg_cotrain - INFO - Phase 1 epoch 7/7: mean_prob1=0.1144, mean_prob2=0.1194
2026-02-26 19:36:21,100 - lg_cotrain - INFO - === Phase 2: Co-Training ===
2026-02-26 19:36:22,117 - lg_cotrain - INFO - LR scheduler: total_steps_1=1233, warmup=113; total_steps_2=1233, warmup=113
2026-02-26 19:36:22,118 - lg_cotrain - INFO - Phase 1 done -> seeded Phase 2 trackers. lambda1: mean=0.1144, range=[0.0451, 0.2759]
2026-02-26 19:36:22,118 - lg_cotrain - INFO - Phase 1 done -> seeded Phase 2 trackers. lambda2: mean=0.1194, range=[0.0335, 0.2842]
2026-02-26 19:37:46,132 - lg_cotrain - INFO - Phase 2 epoch 1/11: loss1=0.2245, loss2=0.2195, dev_macro_f1=0.3037, dev_err=55.43%
2026-02-26 19:39:10,368 - lg_cotrain - INFO - Phase 2 epoch 2/11: loss1=0.1008, loss2=0.1818, dev_macro_f1=0.5388, dev_err=39.14%
2026-02-26 19:40:34,593 - lg_cotrain - INFO - Phase 2 epoch 3/11: loss1=0.0445, loss2=0.1403, dev_macro_f1=0.5331, dev_err=40.08%
2026-02-26 19:41:58,673 - lg_cotrain - INFO - Phase 2 epoch 4/11: loss1=0.0283, loss2=0.1148, dev_macro_f1=0.5522, dev_err=37.47%
2026-02-26 19:43:22,745 - lg_cotrain - INFO - Phase 2 epoch 5/11: loss1=0.0211, loss2=0.0782, dev_macro_f1=0.5627, dev_err=38.62%
2026-02-26 19:44:46,827 - lg_cotrain - INFO - Phase 2 epoch 6/11: loss1=0.0172, loss2=0.0607, dev_macro_f1=0.5591, dev_err=39.04%
2026-02-26 19:46:10,999 - lg_cotrain - INFO - Phase 2 epoch 7/11: loss1=0.0147, loss2=0.0491, dev_macro_f1=0.5686, dev_err=39.14%
2026-02-26 19:47:35,133 - lg_cotrain - INFO - Phase 2 epoch 8/11: loss1=0.0129, loss2=0.0406, dev_macro_f1=0.5941, dev_err=38.00%
2026-02-26 19:48:59,202 - lg_cotrain - INFO - Phase 2 epoch 9/11: loss1=0.0112, loss2=0.0333, dev_macro_f1=0.5877, dev_err=38.31%
2026-02-26 19:50:23,315 - lg_cotrain - INFO - Phase 2 epoch 10/11: loss1=0.0109, loss2=0.0281, dev_macro_f1=0.5932, dev_err=37.68%
2026-02-26 19:51:47,647 - lg_cotrain - INFO - Phase 2 epoch 11/11: loss1=0.0112, loss2=0.0251, dev_macro_f1=0.5892, dev_err=38.10%
2026-02-26 19:51:47,647 - lg_cotrain - INFO - === Phase 3: Fine-Tuning ===
2026-02-26 19:51:50,952 - lg_cotrain - INFO - Phase 3 epoch 1: dev_macro_f1=0.5914, dev_err=38.00%, es_counter1=0, es_counter2=0
2026-02-26 19:51:54,244 - lg_cotrain - INFO - Phase 3 epoch 2: dev_macro_f1=0.5933, dev_err=38.10%, es_counter1=0, es_counter2=0
2026-02-26 19:51:57,534 - lg_cotrain - INFO - Phase 3 epoch 3: dev_macro_f1=0.5944, dev_err=38.31%, es_counter1=0, es_counter2=0
2026-02-26 19:52:00,812 - lg_cotrain - INFO - Phase 3 epoch 4: dev_macro_f1=0.5923, dev_err=38.83%, es_counter1=1, es_counter2=1
2026-02-26 19:52:04,076 - lg_cotrain - INFO - Phase 3 epoch 5: dev_macro_f1=0.5932, dev_err=38.73%, es_counter1=2, es_counter2=2
2026-02-26 19:52:07,378 - lg_cotrain - INFO - Phase 3 epoch 6: dev_macro_f1=0.6012, dev_err=38.62%, es_counter1=0, es_counter2=0
2026-02-26 19:52:10,657 - lg_cotrain - INFO - Phase 3 epoch 7: dev_macro_f1=0.5938, dev_err=38.41%, es_counter1=1, es_counter2=1
2026-02-26 19:52:13,922 - lg_cotrain - INFO - Phase 3 epoch 8: dev_macro_f1=0.5926, dev_err=38.41%, es_counter1=2, es_counter2=2
2026-02-26 19:52:17,195 - lg_cotrain - INFO - Phase 3 epoch 9: dev_macro_f1=0.5912, dev_err=38.73%, es_counter1=3, es_counter2=3
2026-02-26 19:52:20,469 - lg_cotrain - INFO - Phase 3 epoch 10: dev_macro_f1=0.5907, dev_err=38.83%, es_counter1=4, es_counter2=4
2026-02-26 19:52:20,469 - lg_cotrain - INFO - Early stopping at epoch 10
2026-02-26 19:52:20,486 - lg_cotrain - INFO - === Final Evaluation ===
2026-02-26 19:52:29,478 - lg_cotrain - INFO - Results saved to C:\Users\anhtr\AppData\Local\Temp\tmpga393vy4\hurricane_irma_2017\5_set3\metrics.json
2026-02-26 19:52:29,479 - lg_cotrain - INFO - Test error rate: 37.38%, Test macro-F1: 0.5981, Test ECE: 0.2809
2026-02-26 19:52:29,489 - lg_cotrain - INFO - --- Trial 6/10 done: dev_macro_f1=0.6012 ---
2026-02-26 19:52:29,489 - lg_cotrain - INFO - --- Trial 7/10 ---
2026-02-26 19:52:30,053 - lg_cotrain - INFO - Starting LG-CoTrain: event=hurricane_irma_2017, budget=5, seed_set=3
2026-02-26 19:52:30,100 - lg_cotrain - INFO - Detected 9 classes for event hurricane_irma_2017: ['caution_and_advice', 'displaced_people_and_evacuations', 'infrastructure_and_utility_damage', 'injured_or_dead_people', 'not_humanitarian', 'other_relevant_information', 'requests_or_urgent_needs', 'rescue_volunteering_or_donation_effort', 'sympathy_and_support']
2026-02-26 19:52:30,109 - lg_cotrain - INFO - D_l1: 27, D_l2: 18, D_LG: 6534
2026-02-26 19:52:30,109 - lg_cotrain - INFO - === Phase 1: Weight Generation ===
2026-02-26 19:52:55,569 - lg_cotrain - INFO - Phase 1 epoch 1/7: mean_prob1=0.1099, mean_prob2=0.1162
2026-02-26 19:53:20,098 - lg_cotrain - INFO - Phase 1 epoch 2/7: mean_prob1=0.1110, mean_prob2=0.1201
2026-02-26 19:53:44,514 - lg_cotrain - INFO - Phase 1 epoch 3/7: mean_prob1=0.1128, mean_prob2=0.1211
2026-02-26 19:54:08,881 - lg_cotrain - INFO - Phase 1 epoch 4/7: mean_prob1=0.1163, mean_prob2=0.1221
2026-02-26 19:54:33,357 - lg_cotrain - INFO - Phase 1 epoch 5/7: mean_prob1=0.1162, mean_prob2=0.1235
2026-02-26 19:54:57,784 - lg_cotrain - INFO - Phase 1 epoch 6/7: mean_prob1=0.1205, mean_prob2=0.1249
2026-02-26 19:55:22,165 - lg_cotrain - INFO - Phase 1 epoch 7/7: mean_prob1=0.1234, mean_prob2=0.1256
2026-02-26 19:55:22,165 - lg_cotrain - INFO - === Phase 2: Co-Training ===
2026-02-26 19:55:23,222 - lg_cotrain - INFO - LR scheduler: total_steps_1=7971, warmup=823; total_steps_2=7971, warmup=823
2026-02-26 19:55:23,223 - lg_cotrain - INFO - Phase 1 done -> seeded Phase 2 trackers. lambda1: mean=0.1234, range=[0.0366, 0.3161]
2026-02-26 19:55:23,223 - lg_cotrain - INFO - Phase 1 done -> seeded Phase 2 trackers. lambda2: mean=0.1256, range=[0.0247, 0.3883]
2026-02-26 19:57:04,308 - lg_cotrain - INFO - Phase 2 epoch 1/19: loss1=0.1803, loss2=0.1811, dev_macro_f1=0.5442, dev_err=40.19%
2026-02-26 19:58:45,789 - lg_cotrain - INFO - Phase 2 epoch 2/19: loss1=0.0546, loss2=0.2086, dev_macro_f1=0.5931, dev_err=37.58%
2026-02-26 20:00:27,201 - lg_cotrain - INFO - Phase 2 epoch 3/19: loss1=0.0460, loss2=0.2146, dev_macro_f1=0.5764, dev_err=38.31%
2026-02-26 20:02:08,700 - lg_cotrain - INFO - Phase 2 epoch 4/19: loss1=0.0310, loss2=0.1444, dev_macro_f1=0.6091, dev_err=37.58%
2026-02-26 20:03:50,347 - lg_cotrain - INFO - Phase 2 epoch 5/19: loss1=0.0388, loss2=0.0855, dev_macro_f1=0.5985, dev_err=37.89%
2026-02-26 20:05:31,805 - lg_cotrain - INFO - Phase 2 epoch 6/19: loss1=0.0200, loss2=0.0606, dev_macro_f1=0.5851, dev_err=38.73%
2026-02-26 20:07:13,250 - lg_cotrain - INFO - Phase 2 epoch 7/19: loss1=0.0205, loss2=0.0351, dev_macro_f1=0.5901, dev_err=39.77%
2026-02-26 20:08:54,673 - lg_cotrain - INFO - Phase 2 epoch 8/19: loss1=0.0232, loss2=0.0275, dev_macro_f1=0.6071, dev_err=37.89%
2026-02-26 20:10:36,104 - lg_cotrain - INFO - Phase 2 epoch 9/19: loss1=0.0170, loss2=0.0257, dev_macro_f1=0.6244, dev_err=36.43%
2026-02-26 20:12:17,525 - lg_cotrain - INFO - Phase 2 epoch 10/19: loss1=0.0143, loss2=0.0376, dev_macro_f1=0.6048, dev_err=37.79%
2026-02-26 20:13:58,933 - lg_cotrain - INFO - Phase 2 epoch 11/19: loss1=0.0109, loss2=0.0201, dev_macro_f1=0.5965, dev_err=38.62%
2026-02-26 20:15:40,249 - lg_cotrain - INFO - Phase 2 epoch 12/19: loss1=0.0062, loss2=0.0136, dev_macro_f1=0.5925, dev_err=38.41%
2026-02-26 20:17:21,851 - lg_cotrain - INFO - Phase 2 epoch 13/19: loss1=0.0064, loss2=0.0042, dev_macro_f1=0.6070, dev_err=37.37%
2026-02-26 20:19:03,482 - lg_cotrain - INFO - Phase 2 epoch 14/19: loss1=0.0101, loss2=0.0109, dev_macro_f1=0.5926, dev_err=39.14%
2026-02-26 20:20:45,062 - lg_cotrain - INFO - Phase 2 epoch 15/19: loss1=0.0050, loss2=0.0048, dev_macro_f1=0.6045, dev_err=38.10%
2026-02-26 20:22:26,557 - lg_cotrain - INFO - Phase 2 epoch 16/19: loss1=0.0046, loss2=0.0020, dev_macro_f1=0.6062, dev_err=37.79%
2026-02-26 20:24:08,066 - lg_cotrain - INFO - Phase 2 epoch 17/19: loss1=0.0040, loss2=0.0014, dev_macro_f1=0.6055, dev_err=37.47%
2026-02-26 20:25:49,594 - lg_cotrain - INFO - Phase 2 epoch 18/19: loss1=0.0037, loss2=0.0028, dev_macro_f1=0.6095, dev_err=36.95%
2026-02-26 20:27:31,187 - lg_cotrain - INFO - Phase 2 epoch 19/19: loss1=0.0039, loss2=0.0014, dev_macro_f1=0.6106, dev_err=36.95%
2026-02-26 20:27:31,188 - lg_cotrain - INFO - === Phase 3: Fine-Tuning ===
2026-02-26 20:27:34,854 - lg_cotrain - INFO - Phase 3 epoch 1: dev_macro_f1=0.6114, dev_err=36.95%, es_counter1=0, es_counter2=0
2026-02-26 20:27:38,529 - lg_cotrain - INFO - Phase 3 epoch 2: dev_macro_f1=0.6117, dev_err=36.95%, es_counter1=0, es_counter2=0
2026-02-26 20:27:42,193 - lg_cotrain - INFO - Phase 3 epoch 3: dev_macro_f1=0.6103, dev_err=37.06%, es_counter1=1, es_counter2=1
2026-02-26 20:27:45,857 - lg_cotrain - INFO - Phase 3 epoch 4: dev_macro_f1=0.6099, dev_err=37.16%, es_counter1=2, es_counter2=2
2026-02-26 20:27:49,516 - lg_cotrain - INFO - Phase 3 epoch 5: dev_macro_f1=0.6107, dev_err=37.06%, es_counter1=3, es_counter2=3
2026-02-26 20:27:53,185 - lg_cotrain - INFO - Phase 3 epoch 6: dev_macro_f1=0.6071, dev_err=37.47%, es_counter1=4, es_counter2=4
2026-02-26 20:27:56,846 - lg_cotrain - INFO - Phase 3 epoch 7: dev_macro_f1=0.6084, dev_err=37.79%, es_counter1=5, es_counter2=5
2026-02-26 20:27:56,846 - lg_cotrain - INFO - Early stopping at epoch 7
2026-02-26 20:27:56,862 - lg_cotrain - INFO - === Final Evaluation ===
2026-02-26 20:28:06,799 - lg_cotrain - INFO - Results saved to C:\Users\anhtr\AppData\Local\Temp\tmp37y72rw9\hurricane_irma_2017\5_set3\metrics.json
2026-02-26 20:28:06,799 - lg_cotrain - INFO - Test error rate: 36.95%, Test macro-F1: 0.6068, Test ECE: 0.2957
2026-02-26 20:28:06,809 - lg_cotrain - INFO - --- Trial 7/10 done: dev_macro_f1=0.6117 ---
2026-02-26 20:28:06,810 - lg_cotrain - INFO - --- Trial 8/10 ---
2026-02-26 20:28:07,414 - lg_cotrain - INFO - Starting LG-CoTrain: event=hurricane_irma_2017, budget=5, seed_set=3
2026-02-26 20:28:07,485 - lg_cotrain - INFO - Detected 9 classes for event hurricane_irma_2017: ['caution_and_advice', 'displaced_people_and_evacuations', 'infrastructure_and_utility_damage', 'injured_or_dead_people', 'not_humanitarian', 'other_relevant_information', 'requests_or_urgent_needs', 'rescue_volunteering_or_donation_effort', 'sympathy_and_support']
2026-02-26 20:28:07,495 - lg_cotrain - INFO - D_l1: 27, D_l2: 18, D_LG: 6534
2026-02-26 20:28:07,496 - lg_cotrain - INFO - === Phase 1: Weight Generation ===
2026-02-26 20:28:35,588 - lg_cotrain - INFO - Phase 1 epoch 1/7: mean_prob1=0.1279, mean_prob2=0.1165
2026-02-26 20:29:02,662 - lg_cotrain - INFO - Phase 1 epoch 2/7: mean_prob1=0.1195, mean_prob2=0.1119
2026-02-26 20:29:31,725 - lg_cotrain - INFO - Phase 1 epoch 3/7: mean_prob1=0.1174, mean_prob2=0.1052
2026-02-26 20:29:59,255 - lg_cotrain - INFO - Phase 1 epoch 4/7: mean_prob1=0.1379, mean_prob2=0.1192
2026-02-26 20:30:26,760 - lg_cotrain - INFO - Phase 1 epoch 5/7: mean_prob1=0.1017, mean_prob2=0.1056
2026-02-26 20:30:55,352 - lg_cotrain - INFO - Phase 1 epoch 6/7: mean_prob1=0.1125, mean_prob2=0.0979
2026-02-26 20:31:23,755 - lg_cotrain - INFO - Phase 1 epoch 7/7: mean_prob1=0.0907, mean_prob2=0.1068
2026-02-26 20:31:23,755 - lg_cotrain - INFO - === Phase 2: Co-Training ===
2026-02-26 20:31:24,956 - lg_cotrain - INFO - LR scheduler: total_steps_1=13472, warmup=3684; total_steps_2=13372, warmup=3657
2026-02-26 20:31:24,957 - lg_cotrain - INFO - Phase 1 done -> seeded Phase 2 trackers. lambda1: mean=0.0907, range=[0.0156, 0.5578]
2026-02-26 20:31:24,957 - lg_cotrain - INFO - Phase 1 done -> seeded Phase 2 trackers. lambda2: mean=0.1068, range=[0.0798, 0.1528]
2026-02-26 20:33:31,913 - lg_cotrain - INFO - Phase 2 epoch 1/16: loss1=0.1361, loss2=0.1184, dev_macro_f1=0.5529, dev_err=48.85%
2026-02-26 20:35:39,577 - lg_cotrain - INFO - Phase 2 epoch 2/16: loss1=0.0610, loss2=0.4137, dev_macro_f1=0.5904, dev_err=38.62%
2026-02-26 20:37:46,001 - lg_cotrain - INFO - Phase 2 epoch 3/16: loss1=0.2408, loss2=0.7493, dev_macro_f1=0.1039, dev_err=76.41%
2026-02-26 20:39:51,958 - lg_cotrain - INFO - Phase 2 epoch 4/16: loss1=0.1680, loss2=1.4915, dev_macro_f1=0.0321, dev_err=83.09%
2026-02-26 20:41:55,697 - lg_cotrain - INFO - Phase 2 epoch 5/16: loss1=0.0982, loss2=1.3410, dev_macro_f1=0.0321, dev_err=83.09%
2026-02-26 20:43:59,238 - lg_cotrain - INFO - Phase 2 epoch 6/16: loss1=0.0632, loss2=1.2380, dev_macro_f1=0.0321, dev_err=83.09%
2026-02-26 20:46:01,787 - lg_cotrain - INFO - Phase 2 epoch 7/16: loss1=0.0459, loss2=1.1596, dev_macro_f1=0.0321, dev_err=83.09%
2026-02-26 20:48:05,462 - lg_cotrain - INFO - Phase 2 epoch 8/16: loss1=0.0436, loss2=1.1001, dev_macro_f1=0.0321, dev_err=83.09%
2026-02-26 20:50:08,717 - lg_cotrain - INFO - Phase 2 epoch 9/16: loss1=0.0431, loss2=1.0520, dev_macro_f1=0.0321, dev_err=83.09%
2026-02-26 20:52:09,139 - lg_cotrain - INFO - Phase 2 epoch 10/16: loss1=0.0437, loss2=1.0126, dev_macro_f1=0.0321, dev_err=83.09%
2026-02-26 20:54:11,267 - lg_cotrain - INFO - Phase 2 epoch 11/16: loss1=0.0449, loss2=0.9747, dev_macro_f1=0.0321, dev_err=83.09%
2026-02-26 20:56:16,878 - lg_cotrain - INFO - Phase 2 epoch 12/16: loss1=0.0461, loss2=0.9424, dev_macro_f1=0.0321, dev_err=83.09%
2026-02-26 20:58:21,217 - lg_cotrain - INFO - Phase 2 epoch 13/16: loss1=0.0478, loss2=0.9147, dev_macro_f1=0.0321, dev_err=83.09%
2026-02-26 21:00:26,889 - lg_cotrain - INFO - Phase 2 epoch 14/16: loss1=0.0497, loss2=0.8894, dev_macro_f1=0.0321, dev_err=83.09%
2026-02-26 21:02:33,318 - lg_cotrain - INFO - Phase 2 epoch 15/16: loss1=0.0513, loss2=0.8663, dev_macro_f1=0.0321, dev_err=83.09%
2026-02-26 21:04:42,679 - lg_cotrain - INFO - Phase 2 epoch 16/16: loss1=0.0529, loss2=0.8457, dev_macro_f1=0.0321, dev_err=83.09%
2026-02-26 21:04:42,679 - lg_cotrain - INFO - === Phase 3: Fine-Tuning ===
2026-02-26 21:04:46,796 - lg_cotrain - INFO - Phase 3 epoch 1: dev_macro_f1=0.0321, dev_err=83.09%, es_counter1=0, es_counter2=0
2026-02-26 21:04:50,791 - lg_cotrain - INFO - Phase 3 epoch 2: dev_macro_f1=0.0321, dev_err=83.09%, es_counter1=1, es_counter2=1
2026-02-26 21:04:54,774 - lg_cotrain - INFO - Phase 3 epoch 3: dev_macro_f1=0.0321, dev_err=83.09%, es_counter1=2, es_counter2=2
2026-02-26 21:04:58,766 - lg_cotrain - INFO - Phase 3 epoch 4: dev_macro_f1=0.0321, dev_err=83.09%, es_counter1=3, es_counter2=3
2026-02-26 21:05:02,767 - lg_cotrain - INFO - Phase 3 epoch 5: dev_macro_f1=0.0321, dev_err=83.09%, es_counter1=4, es_counter2=4
2026-02-26 21:05:06,783 - lg_cotrain - INFO - Phase 3 epoch 6: dev_macro_f1=0.0321, dev_err=83.09%, es_counter1=5, es_counter2=5
2026-02-26 21:05:10,846 - lg_cotrain - INFO - Phase 3 epoch 7: dev_macro_f1=0.0321, dev_err=83.09%, es_counter1=6, es_counter2=6
2026-02-26 21:05:14,886 - lg_cotrain - INFO - Phase 3 epoch 8: dev_macro_f1=0.0321, dev_err=83.09%, es_counter1=7, es_counter2=7
2026-02-26 21:05:14,886 - lg_cotrain - INFO - Early stopping at epoch 8
2026-02-26 21:05:14,895 - lg_cotrain - INFO - === Final Evaluation ===
2026-02-26 21:05:26,143 - lg_cotrain - INFO - Results saved to C:\Users\anhtr\AppData\Local\Temp\tmpu8knwgfn\hurricane_irma_2017\5_set3\metrics.json
2026-02-26 21:05:26,143 - lg_cotrain - INFO - Test error rate: 83.08%, Test macro-F1: 0.0322, Test ECE: 0.2696
2026-02-26 21:05:26,152 - lg_cotrain - INFO - --- Trial 8/10 done: dev_macro_f1=0.0321 ---
2026-02-26 21:05:26,153 - lg_cotrain - INFO - --- Trial 9/10 ---
2026-02-26 21:05:26,730 - lg_cotrain - INFO - Starting LG-CoTrain: event=hurricane_irma_2017, budget=5, seed_set=3
2026-02-26 21:05:26,782 - lg_cotrain - INFO - Detected 9 classes for event hurricane_irma_2017: ['caution_and_advice', 'displaced_people_and_evacuations', 'infrastructure_and_utility_damage', 'injured_or_dead_people', 'not_humanitarian', 'other_relevant_information', 'requests_or_urgent_needs', 'rescue_volunteering_or_donation_effort', 'sympathy_and_support']
2026-02-26 21:05:26,791 - lg_cotrain - INFO - D_l1: 27, D_l2: 18, D_LG: 6534
2026-02-26 21:05:26,792 - lg_cotrain - INFO - === Phase 1: Weight Generation ===
2026-02-26 21:05:52,304 - lg_cotrain - INFO - Phase 1 epoch 1/7: mean_prob1=0.1100, mean_prob2=0.1115
2026-02-26 21:06:16,815 - lg_cotrain - INFO - Phase 1 epoch 2/7: mean_prob1=0.0973, mean_prob2=0.1145
2026-02-26 21:06:41,951 - lg_cotrain - INFO - Phase 1 epoch 3/7: mean_prob1=0.1037, mean_prob2=0.1095
2026-02-26 21:07:07,200 - lg_cotrain - INFO - Phase 1 epoch 4/7: mean_prob1=0.1115, mean_prob2=0.1221
2026-02-26 21:07:31,697 - lg_cotrain - INFO - Phase 1 epoch 5/7: mean_prob1=0.1152, mean_prob2=0.1458
2026-02-26 21:07:56,176 - lg_cotrain - INFO - Phase 1 epoch 6/7: mean_prob1=0.1600, mean_prob2=0.1368
2026-02-26 21:08:21,285 - lg_cotrain - INFO - Phase 1 epoch 7/7: mean_prob1=0.1103, mean_prob2=0.1259
2026-02-26 21:08:21,285 - lg_cotrain - INFO - === Phase 2: Co-Training ===
2026-02-26 21:08:22,370 - lg_cotrain - INFO - LR scheduler: total_steps_1=1125, warmup=125; total_steps_2=1125, warmup=125
2026-02-26 21:08:22,370 - lg_cotrain - INFO - Phase 1 done -> seeded Phase 2 trackers. lambda1: mean=0.1103, range=[0.0178, 0.2891]
2026-02-26 21:08:22,371 - lg_cotrain - INFO - Phase 1 done -> seeded Phase 2 trackers. lambda2: mean=0.1259, range=[0.0150, 0.8306]
2026-02-26 21:09:57,990 - lg_cotrain - INFO - Phase 2 epoch 1/5: loss1=0.2377, loss2=0.1885, dev_macro_f1=0.0137, dev_err=93.42%
2026-02-26 21:11:33,185 - lg_cotrain - INFO - Phase 2 epoch 2/5: loss1=0.1263, loss2=0.2991, dev_macro_f1=0.0371, dev_err=79.96%
2026-02-26 21:13:08,249 - lg_cotrain - INFO - Phase 2 epoch 3/5: loss1=0.1032, loss2=0.3141, dev_macro_f1=0.0137, dev_err=93.42%
2026-02-26 21:14:44,048 - lg_cotrain - INFO - Phase 2 epoch 4/5: loss1=0.1164, loss2=0.3235, dev_macro_f1=0.0371, dev_err=79.96%
2026-02-26 21:16:21,228 - lg_cotrain - INFO - Phase 2 epoch 5/5: loss1=0.1250, loss2=0.3373, dev_macro_f1=0.0137, dev_err=93.42%
2026-02-26 21:16:21,228 - lg_cotrain - INFO - === Phase 3: Fine-Tuning ===
2026-02-26 21:16:24,896 - lg_cotrain - INFO - Phase 3 epoch 1: dev_macro_f1=0.0137, dev_err=93.42%, es_counter1=0, es_counter2=0
2026-02-26 21:16:28,568 - lg_cotrain - INFO - Phase 3 epoch 2: dev_macro_f1=0.0137, dev_err=93.42%, es_counter1=1, es_counter2=1
2026-02-26 21:16:32,319 - lg_cotrain - INFO - Phase 3 epoch 3: dev_macro_f1=0.0137, dev_err=93.42%, es_counter1=2, es_counter2=2
2026-02-26 21:16:35,932 - lg_cotrain - INFO - Phase 3 epoch 4: dev_macro_f1=0.0137, dev_err=93.42%, es_counter1=3, es_counter2=3
2026-02-26 21:16:39,610 - lg_cotrain - INFO - Phase 3 epoch 5: dev_macro_f1=0.0137, dev_err=93.42%, es_counter1=4, es_counter2=4
2026-02-26 21:16:43,297 - lg_cotrain - INFO - Phase 3 epoch 6: dev_macro_f1=0.0137, dev_err=93.42%, es_counter1=5, es_counter2=5
2026-02-26 21:16:46,992 - lg_cotrain - INFO - Phase 3 epoch 7: dev_macro_f1=0.0137, dev_err=93.42%, es_counter1=6, es_counter2=6
2026-02-26 21:16:50,583 - lg_cotrain - INFO - Phase 3 epoch 8: dev_macro_f1=0.0137, dev_err=93.42%, es_counter1=7, es_counter2=7
2026-02-26 21:16:50,583 - lg_cotrain - INFO - Early stopping at epoch 8
2026-02-26 21:16:50,592 - lg_cotrain - INFO - === Final Evaluation ===
2026-02-26 21:17:00,583 - lg_cotrain - INFO - Results saved to C:\Users\anhtr\AppData\Local\Temp\tmp8xhmgg52\hurricane_irma_2017\5_set3\metrics.json
2026-02-26 21:17:00,583 - lg_cotrain - INFO - Test error rate: 93.45%, Test macro-F1: 0.0137, Test ECE: 0.1985
2026-02-26 21:17:00,595 - lg_cotrain - INFO - --- Trial 9/10 done: dev_macro_f1=0.0137 ---
2026-02-26 21:17:00,595 - lg_cotrain - INFO - --- Trial 10/10 ---
2026-02-26 21:17:01,225 - lg_cotrain - INFO - Starting LG-CoTrain: event=hurricane_irma_2017, budget=5, seed_set=3
2026-02-26 21:17:01,263 - lg_cotrain - INFO - Detected 9 classes for event hurricane_irma_2017: ['caution_and_advice', 'displaced_people_and_evacuations', 'infrastructure_and_utility_damage', 'injured_or_dead_people', 'not_humanitarian', 'other_relevant_information', 'requests_or_urgent_needs', 'rescue_volunteering_or_donation_effort', 'sympathy_and_support']
2026-02-26 21:17:01,272 - lg_cotrain - INFO - D_l1: 27, D_l2: 18, D_LG: 6534
2026-02-26 21:17:01,274 - lg_cotrain - INFO - === Phase 1: Weight Generation ===
2026-02-26 21:17:28,288 - lg_cotrain - INFO - Phase 1 epoch 1/7: mean_prob1=0.1099, mean_prob2=0.1233
2026-02-26 21:17:54,036 - lg_cotrain - INFO - Phase 1 epoch 2/7: mean_prob1=0.1128, mean_prob2=0.1103
2026-02-26 21:18:19,845 - lg_cotrain - INFO - Phase 1 epoch 3/7: mean_prob1=0.1162, mean_prob2=0.1112
2026-02-26 21:18:46,011 - lg_cotrain - INFO - Phase 1 epoch 4/7: mean_prob1=0.1180, mean_prob2=0.1053
2026-02-26 21:19:12,006 - lg_cotrain - INFO - Phase 1 epoch 5/7: mean_prob1=0.1078, mean_prob2=0.1170
2026-02-26 21:19:37,884 - lg_cotrain - INFO - Phase 1 epoch 6/7: mean_prob1=0.1153, mean_prob2=0.1170
2026-02-26 21:20:03,924 - lg_cotrain - INFO - Phase 1 epoch 7/7: mean_prob1=0.0962, mean_prob2=0.1033
2026-02-26 21:20:03,924 - lg_cotrain - INFO - === Phase 2: Co-Training ===
2026-02-26 21:20:05,043 - lg_cotrain - INFO - LR scheduler: total_steps_1=5517, warmup=715; total_steps_2=5517, warmup=715
2026-02-26 21:20:05,044 - lg_cotrain - INFO - Phase 1 done -> seeded Phase 2 trackers. lambda1: mean=0.0962, range=[0.0340, 0.2926]
2026-02-26 21:20:05,044 - lg_cotrain - INFO - Phase 1 done -> seeded Phase 2 trackers. lambda2: mean=0.1033, range=[0.0349, 0.4645]
2026-02-26 21:21:51,977 - lg_cotrain - INFO - Phase 2 epoch 1/13: loss1=0.1417, loss2=0.1154, dev_macro_f1=0.5724, dev_err=39.67%
2026-02-26 21:23:37,231 - lg_cotrain - INFO - Phase 2 epoch 2/13: loss1=0.1556, loss2=1.0798, dev_macro_f1=0.0371, dev_err=79.96%
2026-02-26 21:25:20,250 - lg_cotrain - INFO - Phase 2 epoch 3/13: loss1=0.0584, loss2=0.9439, dev_macro_f1=0.0371, dev_err=79.96%
2026-02-26 21:27:05,007 - lg_cotrain - INFO - Phase 2 epoch 4/13: loss1=0.0519, loss2=0.8649, dev_macro_f1=0.0371, dev_err=79.96%
2026-02-26 21:28:49,168 - lg_cotrain - INFO - Phase 2 epoch 5/13: loss1=0.0521, loss2=0.7973, dev_macro_f1=0.0371, dev_err=79.96%
2026-02-26 21:30:36,675 - lg_cotrain - INFO - Phase 2 epoch 6/13: loss1=0.0540, loss2=0.7489, dev_macro_f1=0.0371, dev_err=79.96%
2026-02-26 21:32:22,226 - lg_cotrain - INFO - Phase 2 epoch 7/13: loss1=0.0561, loss2=0.7093, dev_macro_f1=0.0371, dev_err=79.96%
2026-02-26 21:34:06,067 - lg_cotrain - INFO - Phase 2 epoch 8/13: loss1=0.0582, loss2=0.6766, dev_macro_f1=0.0371, dev_err=79.96%
2026-02-26 21:35:52,490 - lg_cotrain - INFO - Phase 2 epoch 9/13: loss1=0.0601, loss2=0.6492, dev_macro_f1=0.0371, dev_err=79.96%
2026-02-26 21:37:41,309 - lg_cotrain - INFO - Phase 2 epoch 10/13: loss1=0.0618, loss2=0.6256, dev_macro_f1=0.0371, dev_err=79.96%
2026-02-26 21:39:26,127 - lg_cotrain - INFO - Phase 2 epoch 11/13: loss1=0.0629, loss2=0.6065, dev_macro_f1=0.0371, dev_err=79.96%
2026-02-26 21:41:08,339 - lg_cotrain - INFO - Phase 2 epoch 12/13: loss1=0.0641, loss2=0.5875, dev_macro_f1=0.0371, dev_err=79.96%
2026-02-26 21:42:49,962 - lg_cotrain - INFO - Phase 2 epoch 13/13: loss1=0.0650, loss2=0.5719, dev_macro_f1=0.0371, dev_err=79.96%
2026-02-26 21:42:49,962 - lg_cotrain - INFO - === Phase 3: Fine-Tuning ===
2026-02-26 21:42:53,592 - lg_cotrain - INFO - Phase 3 epoch 1: dev_macro_f1=0.0371, dev_err=79.96%, es_counter1=0, es_counter2=0
2026-02-26 21:42:57,198 - lg_cotrain - INFO - Phase 3 epoch 2: dev_macro_f1=0.0371, dev_err=79.96%, es_counter1=1, es_counter2=1
2026-02-26 21:43:00,815 - lg_cotrain - INFO - Phase 3 epoch 3: dev_macro_f1=0.0371, dev_err=79.96%, es_counter1=2, es_counter2=2
2026-02-26 21:43:04,438 - lg_cotrain - INFO - Phase 3 epoch 4: dev_macro_f1=0.0371, dev_err=79.96%, es_counter1=3, es_counter2=3
2026-02-26 21:43:08,048 - lg_cotrain - INFO - Phase 3 epoch 5: dev_macro_f1=0.0371, dev_err=79.96%, es_counter1=4, es_counter2=4
2026-02-26 21:43:08,049 - lg_cotrain - INFO - Early stopping at epoch 5
2026-02-26 21:43:08,058 - lg_cotrain - INFO - === Final Evaluation ===
2026-02-26 21:43:17,876 - lg_cotrain - INFO - Results saved to C:\Users\anhtr\AppData\Local\Temp\tmpl3e3oqbe\hurricane_irma_2017\5_set3\metrics.json
2026-02-26 21:43:17,877 - lg_cotrain - INFO - Test error rate: 80.02%, Test macro-F1: 0.0370, Test ECE: 0.3192
2026-02-26 21:43:17,888 - lg_cotrain - INFO - --- Trial 10/10 done: dev_macro_f1=0.0371 ---
