2026-02-24 15:43:32,230 - lg_cotrain - INFO - === Optuna study: hurricane_dorian_2019 budget=25 seed=1 | target=10 trials, 0 replayed, 10 new ===
2026-02-24 15:43:32,230 - lg_cotrain - INFO - --- Trial 1/10 ---
2026-02-24 15:43:32,803 - lg_cotrain - INFO - Starting LG-CoTrain: event=hurricane_dorian_2019, budget=25, seed_set=1
2026-02-24 15:43:32,860 - lg_cotrain - INFO - Detected 9 classes for event hurricane_dorian_2019: ['caution_and_advice', 'displaced_people_and_evacuations', 'infrastructure_and_utility_damage', 'injured_or_dead_people', 'not_humanitarian', 'other_relevant_information', 'requests_or_urgent_needs', 'rescue_volunteering_or_donation_effort', 'sympathy_and_support']
2026-02-24 15:43:32,868 - lg_cotrain - INFO - D_l1: 117, D_l2: 108, D_LG: 5104
2026-02-24 15:43:32,871 - lg_cotrain - INFO - === Phase 1: Weight Generation ===
2026-02-24 15:43:55,041 - lg_cotrain - INFO - Phase 1 epoch 1/7: mean_prob1=0.1121, mean_prob2=0.1125
2026-02-24 15:44:16,077 - lg_cotrain - INFO - Phase 1 epoch 2/7: mean_prob1=0.1090, mean_prob2=0.1143
2026-02-24 15:44:37,389 - lg_cotrain - INFO - Phase 1 epoch 3/7: mean_prob1=0.1266, mean_prob2=0.1364
2026-02-24 15:44:58,729 - lg_cotrain - INFO - Phase 1 epoch 4/7: mean_prob1=0.1597, mean_prob2=0.1124
2026-02-24 15:45:19,717 - lg_cotrain - INFO - Phase 1 epoch 5/7: mean_prob1=0.2527, mean_prob2=0.1740
2026-02-24 15:45:41,251 - lg_cotrain - INFO - Phase 1 epoch 6/7: mean_prob1=0.2961, mean_prob2=0.2320
2026-02-24 15:46:02,729 - lg_cotrain - INFO - Phase 1 epoch 7/7: mean_prob1=0.4058, mean_prob2=0.2753
2026-02-24 15:46:02,729 - lg_cotrain - INFO - === Phase 2: Co-Training ===
2026-02-24 15:46:03,947 - lg_cotrain - INFO - LR scheduler: total_steps_1=6861, warmup=256; total_steps_2=6761, warmup=252
2026-02-24 15:46:03,948 - lg_cotrain - INFO - Phase 1 done -> seeded Phase 2 trackers. lambda1: mean=0.4058, range=[0.0014, 0.9496]
2026-02-24 15:46:03,948 - lg_cotrain - INFO - Phase 1 done -> seeded Phase 2 trackers. lambda2: mean=0.2753, range=[0.0063, 0.8619]
2026-02-24 15:47:27,166 - lg_cotrain - INFO - Phase 2 epoch 1/19: loss1=0.2402, loss2=0.3346, dev_macro_f1=0.4319, dev_err=42.65%
2026-02-24 15:48:53,824 - lg_cotrain - INFO - Phase 2 epoch 2/19: loss1=0.0686, loss2=0.4503, dev_macro_f1=0.4617, dev_err=39.43%
2026-02-24 15:50:14,204 - lg_cotrain - INFO - Phase 2 epoch 3/19: loss1=0.0494, loss2=0.3080, dev_macro_f1=0.4934, dev_err=39.43%
2026-02-24 15:51:35,856 - lg_cotrain - INFO - Phase 2 epoch 4/19: loss1=0.0598, loss2=0.2068, dev_macro_f1=0.4553, dev_err=39.82%
2026-02-24 15:52:59,063 - lg_cotrain - INFO - Phase 2 epoch 5/19: loss1=0.0882, loss2=0.1358, dev_macro_f1=0.4901, dev_err=39.18%
2026-02-24 15:54:19,658 - lg_cotrain - INFO - Phase 2 epoch 6/19: loss1=0.2796, loss2=0.1157, dev_macro_f1=0.4845, dev_err=39.95%
2026-02-24 15:55:43,562 - lg_cotrain - INFO - Phase 2 epoch 7/19: loss1=0.2074, loss2=0.0877, dev_macro_f1=0.4900, dev_err=39.43%
2026-02-24 15:57:06,907 - lg_cotrain - INFO - Phase 2 epoch 8/19: loss1=0.1608, loss2=0.0550, dev_macro_f1=0.4948, dev_err=38.92%
2026-02-24 15:58:27,559 - lg_cotrain - INFO - Phase 2 epoch 9/19: loss1=0.1290, loss2=0.0898, dev_macro_f1=0.4776, dev_err=37.76%
2026-02-24 15:59:48,226 - lg_cotrain - INFO - Phase 2 epoch 10/19: loss1=0.1283, loss2=0.0467, dev_macro_f1=0.4903, dev_err=39.69%
2026-02-24 16:01:08,515 - lg_cotrain - INFO - Phase 2 epoch 11/19: loss1=0.1215, loss2=0.0355, dev_macro_f1=0.4653, dev_err=38.92%
2026-02-24 16:02:29,452 - lg_cotrain - INFO - Phase 2 epoch 12/19: loss1=0.1974, loss2=0.0265, dev_macro_f1=0.4933, dev_err=39.69%
2026-02-24 16:03:49,814 - lg_cotrain - INFO - Phase 2 epoch 13/19: loss1=0.1601, loss2=0.0178, dev_macro_f1=0.4869, dev_err=40.85%
2026-02-24 16:05:10,132 - lg_cotrain - INFO - Phase 2 epoch 14/19: loss1=0.1135, loss2=0.0303, dev_macro_f1=0.5393, dev_err=39.18%
2026-02-24 16:06:30,771 - lg_cotrain - INFO - Phase 2 epoch 15/19: loss1=0.0939, loss2=0.0255, dev_macro_f1=0.4966, dev_err=38.27%
2026-02-24 16:07:51,138 - lg_cotrain - INFO - Phase 2 epoch 16/19: loss1=0.0840, loss2=0.0223, dev_macro_f1=0.5373, dev_err=38.27%
2026-02-24 16:09:11,998 - lg_cotrain - INFO - Phase 2 epoch 17/19: loss1=0.0724, loss2=0.0098, dev_macro_f1=0.5477, dev_err=37.89%
2026-02-24 16:10:33,801 - lg_cotrain - INFO - Phase 2 epoch 18/19: loss1=0.0747, loss2=0.0077, dev_macro_f1=0.5121, dev_err=38.40%
2026-02-24 16:11:55,694 - lg_cotrain - INFO - Phase 2 epoch 19/19: loss1=0.0642, loss2=0.0077, dev_macro_f1=0.5259, dev_err=37.24%
2026-02-24 16:11:55,694 - lg_cotrain - INFO - === Phase 3: Fine-Tuning ===
2026-02-24 16:11:59,827 - lg_cotrain - INFO - Phase 3 epoch 1: dev_macro_f1=0.6159, dev_err=37.63%, es_counter1=0, es_counter2=0
2026-02-24 16:12:03,891 - lg_cotrain - INFO - Phase 3 epoch 2: dev_macro_f1=0.5372, dev_err=42.53%, es_counter1=1, es_counter2=1
2026-02-24 16:12:08,018 - lg_cotrain - INFO - Phase 3 epoch 3: dev_macro_f1=0.5618, dev_err=39.69%, es_counter1=2, es_counter2=2
2026-02-24 16:12:12,368 - lg_cotrain - INFO - Phase 3 epoch 4: dev_macro_f1=0.5791, dev_err=38.66%, es_counter1=3, es_counter2=3
2026-02-24 16:12:16,548 - lg_cotrain - INFO - Phase 3 epoch 5: dev_macro_f1=0.5881, dev_err=37.89%, es_counter1=4, es_counter2=4
2026-02-24 16:12:16,548 - lg_cotrain - INFO - Early stopping at epoch 5
2026-02-24 16:12:16,557 - lg_cotrain - INFO - === Final Evaluation ===
2026-02-24 16:12:24,796 - lg_cotrain - INFO - Results saved to C:\Users\anhtr\AppData\Local\Temp\tmp21hodomj\hurricane_dorian_2019\25_set1\metrics.json
2026-02-24 16:12:24,796 - lg_cotrain - INFO - Test error rate: 36.80%, Test macro-F1: 0.5799, Test ECE: 0.1704
2026-02-24 16:12:24,807 - lg_cotrain - INFO - --- Trial 1/10 done: dev_macro_f1=0.6159 ---
2026-02-24 16:12:24,807 - lg_cotrain - INFO - --- Trial 2/10 ---
2026-02-24 16:12:25,372 - lg_cotrain - INFO - Starting LG-CoTrain: event=hurricane_dorian_2019, budget=25, seed_set=1
2026-02-24 16:12:25,406 - lg_cotrain - INFO - Detected 9 classes for event hurricane_dorian_2019: ['caution_and_advice', 'displaced_people_and_evacuations', 'infrastructure_and_utility_damage', 'injured_or_dead_people', 'not_humanitarian', 'other_relevant_information', 'requests_or_urgent_needs', 'rescue_volunteering_or_donation_effort', 'sympathy_and_support']
2026-02-24 16:12:25,413 - lg_cotrain - INFO - D_l1: 117, D_l2: 108, D_LG: 5104
2026-02-24 16:12:25,415 - lg_cotrain - INFO - === Phase 1: Weight Generation ===
2026-02-24 16:12:46,454 - lg_cotrain - INFO - Phase 1 epoch 1/7: mean_prob1=0.1192, mean_prob2=0.1088
2026-02-24 16:13:06,299 - lg_cotrain - INFO - Phase 1 epoch 2/7: mean_prob1=0.1111, mean_prob2=0.1119
2026-02-24 16:13:26,014 - lg_cotrain - INFO - Phase 1 epoch 3/7: mean_prob1=0.1216, mean_prob2=0.1148
2026-02-24 16:13:46,515 - lg_cotrain - INFO - Phase 1 epoch 4/7: mean_prob1=0.1324, mean_prob2=0.1163
2026-02-24 16:14:07,257 - lg_cotrain - INFO - Phase 1 epoch 5/7: mean_prob1=0.1410, mean_prob2=0.1241
2026-02-24 16:14:28,074 - lg_cotrain - INFO - Phase 1 epoch 6/7: mean_prob1=0.1667, mean_prob2=0.1342
2026-02-24 16:14:48,631 - lg_cotrain - INFO - Phase 1 epoch 7/7: mean_prob1=0.1841, mean_prob2=0.1406
2026-02-24 16:14:48,631 - lg_cotrain - INFO - === Phase 2: Co-Training ===
2026-02-24 16:14:49,732 - lg_cotrain - INFO - LR scheduler: total_steps_1=2160, warmup=595; total_steps_2=2160, warmup=595
2026-02-24 16:14:49,733 - lg_cotrain - INFO - Phase 1 done -> seeded Phase 2 trackers. lambda1: mean=0.1841, range=[0.0377, 0.4346]
2026-02-24 16:14:49,733 - lg_cotrain - INFO - Phase 1 done -> seeded Phase 2 trackers. lambda2: mean=0.1406, range=[0.0179, 0.4331]
2026-02-24 16:16:05,362 - lg_cotrain - INFO - Phase 2 epoch 1/11: loss1=0.2635, loss2=0.3385, dev_macro_f1=0.3837, dev_err=45.49%
2026-02-24 16:17:18,637 - lg_cotrain - INFO - Phase 2 epoch 2/11: loss1=0.0937, loss2=0.1968, dev_macro_f1=0.4535, dev_err=40.21%
2026-02-24 16:18:34,798 - lg_cotrain - INFO - Phase 2 epoch 3/11: loss1=0.0398, loss2=0.1649, dev_macro_f1=0.4500, dev_err=40.59%
2026-02-24 16:19:48,795 - lg_cotrain - INFO - Phase 2 epoch 4/11: loss1=0.0345, loss2=0.1257, dev_macro_f1=0.4628, dev_err=38.66%
2026-02-24 16:21:02,545 - lg_cotrain - INFO - Phase 2 epoch 5/11: loss1=0.0268, loss2=0.0815, dev_macro_f1=0.4665, dev_err=38.79%
2026-02-24 16:22:16,173 - lg_cotrain - INFO - Phase 2 epoch 6/11: loss1=0.0188, loss2=0.0526, dev_macro_f1=0.4619, dev_err=39.18%
2026-02-24 16:23:29,114 - lg_cotrain - INFO - Phase 2 epoch 7/11: loss1=0.0124, loss2=0.0460, dev_macro_f1=0.4526, dev_err=40.59%
2026-02-24 16:24:41,753 - lg_cotrain - INFO - Phase 2 epoch 8/11: loss1=0.0089, loss2=0.0283, dev_macro_f1=0.4678, dev_err=38.92%
2026-02-24 16:25:54,627 - lg_cotrain - INFO - Phase 2 epoch 9/11: loss1=0.0078, loss2=0.0160, dev_macro_f1=0.4692, dev_err=38.79%
2026-02-24 16:27:08,269 - lg_cotrain - INFO - Phase 2 epoch 10/11: loss1=0.0060, loss2=0.0152, dev_macro_f1=0.4654, dev_err=39.18%
2026-02-24 16:28:21,439 - lg_cotrain - INFO - Phase 2 epoch 11/11: loss1=0.0059, loss2=0.0095, dev_macro_f1=0.4744, dev_err=38.79%
2026-02-24 16:28:21,439 - lg_cotrain - INFO - === Phase 3: Fine-Tuning ===
2026-02-24 16:28:25,270 - lg_cotrain - INFO - Phase 3 epoch 1: dev_macro_f1=0.5240, dev_err=37.76%, es_counter1=0, es_counter2=0
2026-02-24 16:28:29,109 - lg_cotrain - INFO - Phase 3 epoch 2: dev_macro_f1=0.5652, dev_err=37.37%, es_counter1=0, es_counter2=0
2026-02-24 16:28:32,895 - lg_cotrain - INFO - Phase 3 epoch 3: dev_macro_f1=0.5325, dev_err=38.40%, es_counter1=1, es_counter2=1
2026-02-24 16:28:36,894 - lg_cotrain - INFO - Phase 3 epoch 4: dev_macro_f1=0.5306, dev_err=38.66%, es_counter1=2, es_counter2=2
2026-02-24 16:28:40,918 - lg_cotrain - INFO - Phase 3 epoch 5: dev_macro_f1=0.5488, dev_err=39.69%, es_counter1=3, es_counter2=3
2026-02-24 16:28:44,901 - lg_cotrain - INFO - Phase 3 epoch 6: dev_macro_f1=0.5667, dev_err=39.43%, es_counter1=0, es_counter2=0
2026-02-24 16:28:48,855 - lg_cotrain - INFO - Phase 3 epoch 7: dev_macro_f1=0.5967, dev_err=38.40%, es_counter1=0, es_counter2=0
2026-02-24 16:28:52,638 - lg_cotrain - INFO - Phase 3 epoch 8: dev_macro_f1=0.5840, dev_err=38.40%, es_counter1=1, es_counter2=1
2026-02-24 16:28:56,428 - lg_cotrain - INFO - Phase 3 epoch 9: dev_macro_f1=0.5823, dev_err=38.66%, es_counter1=2, es_counter2=2
2026-02-24 16:29:00,229 - lg_cotrain - INFO - Phase 3 epoch 10: dev_macro_f1=0.5717, dev_err=38.53%, es_counter1=3, es_counter2=3
2026-02-24 16:29:04,015 - lg_cotrain - INFO - Phase 3 epoch 11: dev_macro_f1=0.5741, dev_err=38.27%, es_counter1=4, es_counter2=4
2026-02-24 16:29:07,807 - lg_cotrain - INFO - Phase 3 epoch 12: dev_macro_f1=0.5734, dev_err=38.53%, es_counter1=5, es_counter2=5
2026-02-24 16:29:11,600 - lg_cotrain - INFO - Phase 3 epoch 13: dev_macro_f1=0.5749, dev_err=38.53%, es_counter1=6, es_counter2=6
2026-02-24 16:29:15,387 - lg_cotrain - INFO - Phase 3 epoch 14: dev_macro_f1=0.5684, dev_err=38.92%, es_counter1=7, es_counter2=7
2026-02-24 16:29:19,175 - lg_cotrain - INFO - Phase 3 epoch 15: dev_macro_f1=0.5660, dev_err=38.92%, es_counter1=8, es_counter2=8
2026-02-24 16:29:19,176 - lg_cotrain - INFO - Early stopping at epoch 15
2026-02-24 16:29:19,185 - lg_cotrain - INFO - === Final Evaluation ===
2026-02-24 16:29:27,108 - lg_cotrain - INFO - Results saved to C:\Users\anhtr\AppData\Local\Temp\tmplybw_egq\hurricane_dorian_2019\25_set1\metrics.json
2026-02-24 16:29:27,108 - lg_cotrain - INFO - Test error rate: 37.67%, Test macro-F1: 0.5694, Test ECE: 0.1157
2026-02-24 16:29:27,120 - lg_cotrain - INFO - --- Trial 2/10 done: dev_macro_f1=0.5967 ---
2026-02-24 16:29:27,120 - lg_cotrain - INFO - --- Trial 3/10 ---
2026-02-24 16:29:27,719 - lg_cotrain - INFO - Starting LG-CoTrain: event=hurricane_dorian_2019, budget=25, seed_set=1
2026-02-24 16:29:27,769 - lg_cotrain - INFO - Detected 9 classes for event hurricane_dorian_2019: ['caution_and_advice', 'displaced_people_and_evacuations', 'infrastructure_and_utility_damage', 'injured_or_dead_people', 'not_humanitarian', 'other_relevant_information', 'requests_or_urgent_needs', 'rescue_volunteering_or_donation_effort', 'sympathy_and_support']
2026-02-24 16:29:27,779 - lg_cotrain - INFO - D_l1: 117, D_l2: 108, D_LG: 5104
2026-02-24 16:29:27,782 - lg_cotrain - INFO - === Phase 1: Weight Generation ===
2026-02-24 16:29:49,668 - lg_cotrain - INFO - Phase 1 epoch 1/7: mean_prob1=0.1214, mean_prob2=0.1103
2026-02-24 16:30:10,062 - lg_cotrain - INFO - Phase 1 epoch 2/7: mean_prob1=0.1213, mean_prob2=0.1171
2026-02-24 16:30:30,365 - lg_cotrain - INFO - Phase 1 epoch 3/7: mean_prob1=0.1642, mean_prob2=0.1277
2026-02-24 16:30:50,777 - lg_cotrain - INFO - Phase 1 epoch 4/7: mean_prob1=0.2265, mean_prob2=0.1553
2026-02-24 16:31:11,400 - lg_cotrain - INFO - Phase 1 epoch 5/7: mean_prob1=0.2500, mean_prob2=0.1971
2026-02-24 16:31:31,829 - lg_cotrain - INFO - Phase 1 epoch 6/7: mean_prob1=0.3487, mean_prob2=0.2286
2026-02-24 16:31:52,730 - lg_cotrain - INFO - Phase 1 epoch 7/7: mean_prob1=0.3979, mean_prob2=0.3019
2026-02-24 16:31:52,730 - lg_cotrain - INFO - === Phase 2: Co-Training ===
2026-02-24 16:31:53,954 - lg_cotrain - INFO - LR scheduler: total_steps_1=6223, warmup=1315; total_steps_2=6123, warmup=1294
2026-02-24 16:31:53,954 - lg_cotrain - INFO - Phase 1 done -> seeded Phase 2 trackers. lambda1: mean=0.3979, range=[0.0045, 0.9027]
2026-02-24 16:31:53,955 - lg_cotrain - INFO - Phase 1 done -> seeded Phase 2 trackers. lambda2: mean=0.3019, range=[0.0117, 0.8530]
2026-02-24 16:33:14,963 - lg_cotrain - INFO - Phase 2 epoch 1/17: loss1=0.4213, loss2=0.5704, dev_macro_f1=0.4649, dev_err=39.18%
2026-02-24 16:34:38,600 - lg_cotrain - INFO - Phase 2 epoch 2/17: loss1=0.0801, loss2=0.2307, dev_macro_f1=0.4826, dev_err=36.21%
2026-02-24 16:36:00,737 - lg_cotrain - INFO - Phase 2 epoch 3/17: loss1=0.0556, loss2=0.1833, dev_macro_f1=0.4668, dev_err=38.14%
2026-02-24 16:37:23,079 - lg_cotrain - INFO - Phase 2 epoch 4/17: loss1=0.0541, loss2=0.1540, dev_macro_f1=0.5130, dev_err=36.86%
2026-02-24 16:38:46,425 - lg_cotrain - INFO - Phase 2 epoch 5/17: loss1=0.0509, loss2=0.1410, dev_macro_f1=0.5155, dev_err=37.24%
2026-02-24 16:40:09,406 - lg_cotrain - INFO - Phase 2 epoch 6/17: loss1=0.0466, loss2=0.0885, dev_macro_f1=0.5287, dev_err=38.14%
2026-02-24 16:41:33,074 - lg_cotrain - INFO - Phase 2 epoch 7/17: loss1=0.0288, loss2=0.0642, dev_macro_f1=0.5067, dev_err=38.14%
2026-02-24 16:42:55,999 - lg_cotrain - INFO - Phase 2 epoch 8/17: loss1=0.0137, loss2=0.0550, dev_macro_f1=0.5598, dev_err=36.60%
2026-02-24 16:44:19,088 - lg_cotrain - INFO - Phase 2 epoch 9/17: loss1=0.0212, loss2=0.0486, dev_macro_f1=0.5115, dev_err=37.76%
2026-02-24 16:45:41,230 - lg_cotrain - INFO - Phase 2 epoch 10/17: loss1=0.0171, loss2=0.0323, dev_macro_f1=0.5600, dev_err=37.24%
2026-02-24 16:47:01,707 - lg_cotrain - INFO - Phase 2 epoch 11/17: loss1=0.0146, loss2=0.0181, dev_macro_f1=0.5736, dev_err=37.24%
2026-02-24 16:48:21,860 - lg_cotrain - INFO - Phase 2 epoch 12/17: loss1=0.0102, loss2=0.0203, dev_macro_f1=0.5352, dev_err=37.76%
2026-02-24 16:49:44,881 - lg_cotrain - INFO - Phase 2 epoch 13/17: loss1=0.0101, loss2=0.0080, dev_macro_f1=0.5469, dev_err=38.27%
2026-02-24 16:51:05,245 - lg_cotrain - INFO - Phase 2 epoch 14/17: loss1=0.0061, loss2=0.0088, dev_macro_f1=0.5582, dev_err=37.63%
2026-02-24 16:52:27,697 - lg_cotrain - INFO - Phase 2 epoch 15/17: loss1=0.0052, loss2=0.0046, dev_macro_f1=0.5691, dev_err=37.76%
2026-02-24 16:53:51,107 - lg_cotrain - INFO - Phase 2 epoch 16/17: loss1=0.0049, loss2=0.0028, dev_macro_f1=0.5552, dev_err=38.27%
2026-02-24 16:55:14,112 - lg_cotrain - INFO - Phase 2 epoch 17/17: loss1=0.0047, loss2=0.0026, dev_macro_f1=0.5721, dev_err=38.66%
2026-02-24 16:55:14,112 - lg_cotrain - INFO - === Phase 3: Fine-Tuning ===
2026-02-24 16:55:18,337 - lg_cotrain - INFO - Phase 3 epoch 1: dev_macro_f1=0.5754, dev_err=38.66%, es_counter1=0, es_counter2=0
2026-02-24 16:55:22,554 - lg_cotrain - INFO - Phase 3 epoch 2: dev_macro_f1=0.5412, dev_err=41.49%, es_counter1=1, es_counter2=1
2026-02-24 16:55:26,734 - lg_cotrain - INFO - Phase 3 epoch 3: dev_macro_f1=0.5676, dev_err=40.59%, es_counter1=2, es_counter2=2
2026-02-24 16:55:31,036 - lg_cotrain - INFO - Phase 3 epoch 4: dev_macro_f1=0.5814, dev_err=38.92%, es_counter1=0, es_counter2=0
2026-02-24 16:55:35,274 - lg_cotrain - INFO - Phase 3 epoch 5: dev_macro_f1=0.5871, dev_err=38.14%, es_counter1=0, es_counter2=0
2026-02-24 16:55:39,527 - lg_cotrain - INFO - Phase 3 epoch 6: dev_macro_f1=0.5880, dev_err=37.76%, es_counter1=0, es_counter2=0
2026-02-24 16:55:43,733 - lg_cotrain - INFO - Phase 3 epoch 7: dev_macro_f1=0.5863, dev_err=37.76%, es_counter1=1, es_counter2=1
2026-02-24 16:55:47,981 - lg_cotrain - INFO - Phase 3 epoch 8: dev_macro_f1=0.5879, dev_err=37.76%, es_counter1=2, es_counter2=2
2026-02-24 16:55:52,207 - lg_cotrain - INFO - Phase 3 epoch 9: dev_macro_f1=0.5813, dev_err=38.27%, es_counter1=3, es_counter2=3
2026-02-24 16:55:56,436 - lg_cotrain - INFO - Phase 3 epoch 10: dev_macro_f1=0.5836, dev_err=38.02%, es_counter1=4, es_counter2=4
2026-02-24 16:56:00,658 - lg_cotrain - INFO - Phase 3 epoch 11: dev_macro_f1=0.5851, dev_err=37.89%, es_counter1=5, es_counter2=5
2026-02-24 16:56:00,660 - lg_cotrain - INFO - Early stopping at epoch 11
2026-02-24 16:56:00,669 - lg_cotrain - INFO - === Final Evaluation ===
2026-02-24 16:56:09,134 - lg_cotrain - INFO - Results saved to C:\Users\anhtr\AppData\Local\Temp\tmp4avh3p6y\hurricane_dorian_2019\25_set1\metrics.json
2026-02-24 16:56:09,134 - lg_cotrain - INFO - Test error rate: 37.93%, Test macro-F1: 0.5813, Test ECE: 0.1647
2026-02-24 16:56:09,144 - lg_cotrain - INFO - --- Trial 3/10 done: dev_macro_f1=0.5880 ---
2026-02-24 16:56:09,145 - lg_cotrain - INFO - --- Trial 4/10 ---
2026-02-24 16:56:09,755 - lg_cotrain - INFO - Starting LG-CoTrain: event=hurricane_dorian_2019, budget=25, seed_set=1
2026-02-24 16:56:09,789 - lg_cotrain - INFO - Detected 9 classes for event hurricane_dorian_2019: ['caution_and_advice', 'displaced_people_and_evacuations', 'infrastructure_and_utility_damage', 'injured_or_dead_people', 'not_humanitarian', 'other_relevant_information', 'requests_or_urgent_needs', 'rescue_volunteering_or_donation_effort', 'sympathy_and_support']
2026-02-24 16:56:09,797 - lg_cotrain - INFO - D_l1: 117, D_l2: 108, D_LG: 5104
2026-02-24 16:56:09,798 - lg_cotrain - INFO - === Phase 1: Weight Generation ===
2026-02-24 16:56:30,949 - lg_cotrain - INFO - Phase 1 epoch 1/7: mean_prob1=0.1185, mean_prob2=0.1093
2026-02-24 16:56:51,044 - lg_cotrain - INFO - Phase 1 epoch 2/7: mean_prob1=0.1048, mean_prob2=0.1100
2026-02-24 16:57:11,549 - lg_cotrain - INFO - Phase 1 epoch 3/7: mean_prob1=0.1308, mean_prob2=0.1131
2026-02-24 16:57:33,072 - lg_cotrain - INFO - Phase 1 epoch 4/7: mean_prob1=0.1584, mean_prob2=0.1185
2026-02-24 16:57:54,267 - lg_cotrain - INFO - Phase 1 epoch 5/7: mean_prob1=0.1935, mean_prob2=0.1183
2026-02-24 16:58:15,767 - lg_cotrain - INFO - Phase 1 epoch 6/7: mean_prob1=0.2429, mean_prob2=0.1351
2026-02-24 16:58:37,326 - lg_cotrain - INFO - Phase 1 epoch 7/7: mean_prob1=0.2660, mean_prob2=0.1455
2026-02-24 16:58:37,327 - lg_cotrain - INFO - === Phase 2: Co-Training ===
2026-02-24 16:58:38,493 - lg_cotrain - INFO - LR scheduler: total_steps_1=2480, warmup=110; total_steps_2=2480, warmup=110
2026-02-24 16:58:38,495 - lg_cotrain - INFO - Phase 1 done -> seeded Phase 2 trackers. lambda1: mean=0.2660, range=[0.0140, 0.6949]
2026-02-24 16:58:38,495 - lg_cotrain - INFO - Phase 1 done -> seeded Phase 2 trackers. lambda2: mean=0.1455, range=[0.0115, 0.5694]
2026-02-24 16:59:53,676 - lg_cotrain - INFO - Phase 2 epoch 1/13: loss1=0.1677, loss2=0.2643, dev_macro_f1=0.4496, dev_err=40.08%
2026-02-24 17:01:07,098 - lg_cotrain - INFO - Phase 2 epoch 2/13: loss1=0.0377, loss2=0.2744, dev_macro_f1=0.4566, dev_err=39.95%
2026-02-24 17:02:20,498 - lg_cotrain - INFO - Phase 2 epoch 3/13: loss1=0.0265, loss2=0.2047, dev_macro_f1=0.4549, dev_err=41.49%
2026-02-24 17:03:33,697 - lg_cotrain - INFO - Phase 2 epoch 4/13: loss1=0.0351, loss2=0.1199, dev_macro_f1=0.4700, dev_err=38.66%
2026-02-24 17:04:47,554 - lg_cotrain - INFO - Phase 2 epoch 5/13: loss1=0.0305, loss2=0.0714, dev_macro_f1=0.5098, dev_err=37.89%
2026-02-24 17:06:00,775 - lg_cotrain - INFO - Phase 2 epoch 6/13: loss1=0.0182, loss2=0.0483, dev_macro_f1=0.4902, dev_err=39.95%
2026-02-24 17:07:13,782 - lg_cotrain - INFO - Phase 2 epoch 7/13: loss1=0.0152, loss2=0.0178, dev_macro_f1=0.5227, dev_err=38.53%
2026-02-24 17:08:26,723 - lg_cotrain - INFO - Phase 2 epoch 8/13: loss1=0.0115, loss2=0.0111, dev_macro_f1=0.5235, dev_err=37.89%
2026-02-24 17:09:39,902 - lg_cotrain - INFO - Phase 2 epoch 9/13: loss1=0.0068, loss2=0.0084, dev_macro_f1=0.5613, dev_err=37.63%
2026-02-24 17:10:53,031 - lg_cotrain - INFO - Phase 2 epoch 10/13: loss1=0.0049, loss2=0.0068, dev_macro_f1=0.5622, dev_err=38.27%
2026-02-24 17:12:06,088 - lg_cotrain - INFO - Phase 2 epoch 11/13: loss1=0.0042, loss2=0.0071, dev_macro_f1=0.5549, dev_err=38.40%
2026-02-24 17:13:19,057 - lg_cotrain - INFO - Phase 2 epoch 12/13: loss1=0.0039, loss2=0.0061, dev_macro_f1=0.5628, dev_err=39.30%
2026-02-24 17:14:32,114 - lg_cotrain - INFO - Phase 2 epoch 13/13: loss1=0.0036, loss2=0.0093, dev_macro_f1=0.5755, dev_err=38.53%
2026-02-24 17:14:32,114 - lg_cotrain - INFO - === Phase 3: Fine-Tuning ===
2026-02-24 17:14:35,926 - lg_cotrain - INFO - Phase 3 epoch 1: dev_macro_f1=0.5658, dev_err=39.56%, es_counter1=0, es_counter2=0
2026-02-24 17:14:39,749 - lg_cotrain - INFO - Phase 3 epoch 2: dev_macro_f1=0.5796, dev_err=39.43%, es_counter1=0, es_counter2=0
2026-02-24 17:14:43,547 - lg_cotrain - INFO - Phase 3 epoch 3: dev_macro_f1=0.5580, dev_err=40.21%, es_counter1=1, es_counter2=1
2026-02-24 17:14:47,358 - lg_cotrain - INFO - Phase 3 epoch 4: dev_macro_f1=0.5754, dev_err=40.59%, es_counter1=2, es_counter2=2
2026-02-24 17:14:51,178 - lg_cotrain - INFO - Phase 3 epoch 5: dev_macro_f1=0.5844, dev_err=39.30%, es_counter1=0, es_counter2=0
2026-02-24 17:14:54,996 - lg_cotrain - INFO - Phase 3 epoch 6: dev_macro_f1=0.5876, dev_err=38.79%, es_counter1=0, es_counter2=0
2026-02-24 17:14:58,829 - lg_cotrain - INFO - Phase 3 epoch 7: dev_macro_f1=0.5931, dev_err=38.14%, es_counter1=0, es_counter2=0
2026-02-24 17:15:02,627 - lg_cotrain - INFO - Phase 3 epoch 8: dev_macro_f1=0.5879, dev_err=38.40%, es_counter1=1, es_counter2=1
2026-02-24 17:15:06,419 - lg_cotrain - INFO - Phase 3 epoch 9: dev_macro_f1=0.5858, dev_err=38.66%, es_counter1=2, es_counter2=2
2026-02-24 17:15:10,236 - lg_cotrain - INFO - Phase 3 epoch 10: dev_macro_f1=0.5862, dev_err=38.27%, es_counter1=3, es_counter2=3
2026-02-24 17:15:14,041 - lg_cotrain - INFO - Phase 3 epoch 11: dev_macro_f1=0.5860, dev_err=38.02%, es_counter1=4, es_counter2=4
2026-02-24 17:15:17,851 - lg_cotrain - INFO - Phase 3 epoch 12: dev_macro_f1=0.5792, dev_err=38.79%, es_counter1=5, es_counter2=5
2026-02-24 17:15:17,851 - lg_cotrain - INFO - Early stopping at epoch 12
2026-02-24 17:15:17,860 - lg_cotrain - INFO - === Final Evaluation ===
2026-02-24 17:15:25,701 - lg_cotrain - INFO - Results saved to C:\Users\anhtr\AppData\Local\Temp\tmp4_03tgtx\hurricane_dorian_2019\25_set1\metrics.json
2026-02-24 17:15:25,701 - lg_cotrain - INFO - Test error rate: 37.73%, Test macro-F1: 0.5806, Test ECE: 0.1639
2026-02-24 17:15:25,714 - lg_cotrain - INFO - --- Trial 4/10 done: dev_macro_f1=0.5931 ---
2026-02-24 17:15:25,714 - lg_cotrain - INFO - --- Trial 5/10 ---
2026-02-24 17:15:26,309 - lg_cotrain - INFO - Starting LG-CoTrain: event=hurricane_dorian_2019, budget=25, seed_set=1
2026-02-24 17:15:26,341 - lg_cotrain - INFO - Detected 9 classes for event hurricane_dorian_2019: ['caution_and_advice', 'displaced_people_and_evacuations', 'infrastructure_and_utility_damage', 'injured_or_dead_people', 'not_humanitarian', 'other_relevant_information', 'requests_or_urgent_needs', 'rescue_volunteering_or_donation_effort', 'sympathy_and_support']
2026-02-24 17:15:26,347 - lg_cotrain - INFO - D_l1: 117, D_l2: 108, D_LG: 5104
2026-02-24 17:15:26,348 - lg_cotrain - INFO - === Phase 1: Weight Generation ===
2026-02-24 17:15:45,920 - lg_cotrain - INFO - Phase 1 epoch 1/7: mean_prob1=0.1206, mean_prob2=0.1107
2026-02-24 17:16:04,322 - lg_cotrain - INFO - Phase 1 epoch 2/7: mean_prob1=0.1220, mean_prob2=0.1147
2026-02-24 17:16:23,446 - lg_cotrain - INFO - Phase 1 epoch 3/7: mean_prob1=0.1412, mean_prob2=0.1178
2026-02-24 17:16:42,935 - lg_cotrain - INFO - Phase 1 epoch 4/7: mean_prob1=0.1572, mean_prob2=0.1322
2026-02-24 17:17:01,526 - lg_cotrain - INFO - Phase 1 epoch 5/7: mean_prob1=0.1731, mean_prob2=0.1444
2026-02-24 17:17:20,124 - lg_cotrain - INFO - Phase 1 epoch 6/7: mean_prob1=0.2035, mean_prob2=0.1583
2026-02-24 17:17:38,610 - lg_cotrain - INFO - Phase 1 epoch 7/7: mean_prob1=0.2430, mean_prob2=0.1823
2026-02-24 17:17:38,610 - lg_cotrain - INFO - === Phase 2: Co-Training ===
2026-02-24 17:17:39,766 - lg_cotrain - INFO - LR scheduler: total_steps_1=1640, warmup=382; total_steps_2=1640, warmup=382
2026-02-24 17:17:39,767 - lg_cotrain - INFO - Phase 1 done -> seeded Phase 2 trackers. lambda1: mean=0.2430, range=[0.0165, 0.6028]
2026-02-24 17:17:39,767 - lg_cotrain - INFO - Phase 1 done -> seeded Phase 2 trackers. lambda2: mean=0.1823, range=[0.0200, 0.4837]
2026-02-24 17:18:47,603 - lg_cotrain - INFO - Phase 2 epoch 1/18: loss1=0.3219, loss2=0.4325, dev_macro_f1=0.3535, dev_err=47.55%
2026-02-24 17:19:57,958 - lg_cotrain - INFO - Phase 2 epoch 2/18: loss1=0.0962, loss2=0.2113, dev_macro_f1=0.4631, dev_err=38.79%
2026-02-24 17:21:07,392 - lg_cotrain - INFO - Phase 2 epoch 3/18: loss1=0.0377, loss2=0.1807, dev_macro_f1=0.4603, dev_err=38.79%
2026-02-24 17:22:16,436 - lg_cotrain - INFO - Phase 2 epoch 4/18: loss1=0.0346, loss2=0.1414, dev_macro_f1=0.4546, dev_err=39.69%
2026-02-24 17:23:26,842 - lg_cotrain - INFO - Phase 2 epoch 5/18: loss1=0.0417, loss2=0.1100, dev_macro_f1=0.4609, dev_err=38.92%
2026-02-24 17:24:36,077 - lg_cotrain - INFO - Phase 2 epoch 6/18: loss1=0.0429, loss2=0.1114, dev_macro_f1=0.4544, dev_err=39.69%
2026-02-24 17:25:46,242 - lg_cotrain - INFO - Phase 2 epoch 7/18: loss1=0.0238, loss2=0.0777, dev_macro_f1=0.4719, dev_err=37.89%
2026-02-24 17:26:54,159 - lg_cotrain - INFO - Phase 2 epoch 8/18: loss1=0.0183, loss2=0.0473, dev_macro_f1=0.4590, dev_err=39.18%
2026-02-24 17:28:01,381 - lg_cotrain - INFO - Phase 2 epoch 9/18: loss1=0.0222, loss2=0.0423, dev_macro_f1=0.4668, dev_err=38.79%
2026-02-24 17:29:07,906 - lg_cotrain - INFO - Phase 2 epoch 10/18: loss1=0.0113, loss2=0.0342, dev_macro_f1=0.4550, dev_err=40.21%
2026-02-24 17:30:14,723 - lg_cotrain - INFO - Phase 2 epoch 11/18: loss1=0.0082, loss2=0.0361, dev_macro_f1=0.4688, dev_err=38.79%
2026-02-24 17:31:21,878 - lg_cotrain - INFO - Phase 2 epoch 12/18: loss1=0.0109, loss2=0.0146, dev_macro_f1=0.4630, dev_err=39.18%
2026-02-24 17:32:30,453 - lg_cotrain - INFO - Phase 2 epoch 13/18: loss1=0.0080, loss2=0.0086, dev_macro_f1=0.4629, dev_err=39.30%
2026-02-24 17:33:36,811 - lg_cotrain - INFO - Phase 2 epoch 14/18: loss1=0.0051, loss2=0.0054, dev_macro_f1=0.5067, dev_err=38.27%
2026-02-24 17:34:43,294 - lg_cotrain - INFO - Phase 2 epoch 15/18: loss1=0.0039, loss2=0.0040, dev_macro_f1=0.5147, dev_err=37.89%
2026-02-24 17:35:49,767 - lg_cotrain - INFO - Phase 2 epoch 16/18: loss1=0.0039, loss2=0.0044, dev_macro_f1=0.5110, dev_err=38.02%
2026-02-24 17:36:56,305 - lg_cotrain - INFO - Phase 2 epoch 17/18: loss1=0.0038, loss2=0.0039, dev_macro_f1=0.5099, dev_err=38.66%
2026-02-24 17:38:03,126 - lg_cotrain - INFO - Phase 2 epoch 18/18: loss1=0.0037, loss2=0.0025, dev_macro_f1=0.5088, dev_err=38.79%
2026-02-24 17:38:03,127 - lg_cotrain - INFO - === Phase 3: Fine-Tuning ===
2026-02-24 17:38:06,642 - lg_cotrain - INFO - Phase 3 epoch 1: dev_macro_f1=0.5353, dev_err=38.14%, es_counter1=0, es_counter2=0
2026-02-24 17:38:10,160 - lg_cotrain - INFO - Phase 3 epoch 2: dev_macro_f1=0.5673, dev_err=38.53%, es_counter1=0, es_counter2=0
2026-02-24 17:38:13,655 - lg_cotrain - INFO - Phase 3 epoch 3: dev_macro_f1=0.5316, dev_err=39.95%, es_counter1=1, es_counter2=1
2026-02-24 17:38:17,151 - lg_cotrain - INFO - Phase 3 epoch 4: dev_macro_f1=0.5136, dev_err=42.01%, es_counter1=2, es_counter2=2
2026-02-24 17:38:20,647 - lg_cotrain - INFO - Phase 3 epoch 5: dev_macro_f1=0.5135, dev_err=42.78%, es_counter1=3, es_counter2=3
2026-02-24 17:38:24,131 - lg_cotrain - INFO - Phase 3 epoch 6: dev_macro_f1=0.5395, dev_err=41.49%, es_counter1=4, es_counter2=4
2026-02-24 17:38:27,639 - lg_cotrain - INFO - Phase 3 epoch 7: dev_macro_f1=0.5544, dev_err=41.11%, es_counter1=5, es_counter2=5
2026-02-24 17:38:31,189 - lg_cotrain - INFO - Phase 3 epoch 8: dev_macro_f1=0.5727, dev_err=40.21%, es_counter1=0, es_counter2=0
2026-02-24 17:38:34,688 - lg_cotrain - INFO - Phase 3 epoch 9: dev_macro_f1=0.5705, dev_err=39.95%, es_counter1=1, es_counter2=1
2026-02-24 17:38:38,254 - lg_cotrain - INFO - Phase 3 epoch 10: dev_macro_f1=0.5819, dev_err=38.66%, es_counter1=0, es_counter2=0
2026-02-24 17:38:41,878 - lg_cotrain - INFO - Phase 3 epoch 11: dev_macro_f1=0.5937, dev_err=37.89%, es_counter1=0, es_counter2=0
2026-02-24 17:38:45,432 - lg_cotrain - INFO - Phase 3 epoch 12: dev_macro_f1=0.5877, dev_err=37.50%, es_counter1=1, es_counter2=1
2026-02-24 17:38:49,255 - lg_cotrain - INFO - Phase 3 epoch 13: dev_macro_f1=0.5952, dev_err=36.86%, es_counter1=0, es_counter2=0
2026-02-24 17:38:52,906 - lg_cotrain - INFO - Phase 3 epoch 14: dev_macro_f1=0.5967, dev_err=36.98%, es_counter1=0, es_counter2=0
2026-02-24 17:38:56,540 - lg_cotrain - INFO - Phase 3 epoch 15: dev_macro_f1=0.5914, dev_err=37.24%, es_counter1=1, es_counter2=1
2026-02-24 17:39:00,235 - lg_cotrain - INFO - Phase 3 epoch 16: dev_macro_f1=0.5921, dev_err=36.86%, es_counter1=2, es_counter2=2
2026-02-24 17:39:03,898 - lg_cotrain - INFO - Phase 3 epoch 17: dev_macro_f1=0.5892, dev_err=36.98%, es_counter1=3, es_counter2=3
2026-02-24 17:39:07,529 - lg_cotrain - INFO - Phase 3 epoch 18: dev_macro_f1=0.5878, dev_err=37.24%, es_counter1=4, es_counter2=4
2026-02-24 17:39:11,168 - lg_cotrain - INFO - Phase 3 epoch 19: dev_macro_f1=0.5844, dev_err=37.63%, es_counter1=5, es_counter2=5
2026-02-24 17:39:14,816 - lg_cotrain - INFO - Phase 3 epoch 20: dev_macro_f1=0.5848, dev_err=37.63%, es_counter1=6, es_counter2=6
2026-02-24 17:39:18,448 - lg_cotrain - INFO - Phase 3 epoch 21: dev_macro_f1=0.5865, dev_err=37.37%, es_counter1=7, es_counter2=7
2026-02-24 17:39:18,448 - lg_cotrain - INFO - Early stopping at epoch 21
2026-02-24 17:39:18,456 - lg_cotrain - INFO - === Final Evaluation ===
2026-02-24 17:39:26,079 - lg_cotrain - INFO - Results saved to C:\Users\anhtr\AppData\Local\Temp\tmp1qlpx9hu\hurricane_dorian_2019\25_set1\metrics.json
2026-02-24 17:39:26,079 - lg_cotrain - INFO - Test error rate: 37.27%, Test macro-F1: 0.5736, Test ECE: 0.1372
2026-02-24 17:39:26,090 - lg_cotrain - INFO - --- Trial 5/10 done: dev_macro_f1=0.5967 ---
2026-02-24 17:39:26,090 - lg_cotrain - INFO - --- Trial 6/10 ---
2026-02-24 17:39:26,669 - lg_cotrain - INFO - Starting LG-CoTrain: event=hurricane_dorian_2019, budget=25, seed_set=1
2026-02-24 17:39:26,704 - lg_cotrain - INFO - Detected 9 classes for event hurricane_dorian_2019: ['caution_and_advice', 'displaced_people_and_evacuations', 'infrastructure_and_utility_damage', 'injured_or_dead_people', 'not_humanitarian', 'other_relevant_information', 'requests_or_urgent_needs', 'rescue_volunteering_or_donation_effort', 'sympathy_and_support']
2026-02-24 17:39:26,711 - lg_cotrain - INFO - D_l1: 117, D_l2: 108, D_LG: 5104
2026-02-24 17:39:26,714 - lg_cotrain - INFO - === Phase 1: Weight Generation ===
2026-02-24 17:39:49,070 - lg_cotrain - INFO - Phase 1 epoch 1/7: mean_prob1=0.1170, mean_prob2=0.1083
2026-02-24 17:40:10,049 - lg_cotrain - INFO - Phase 1 epoch 2/7: mean_prob1=0.1119, mean_prob2=0.1115
2026-02-24 17:40:31,194 - lg_cotrain - INFO - Phase 1 epoch 3/7: mean_prob1=0.1131, mean_prob2=0.1185
2026-02-24 17:40:52,525 - lg_cotrain - INFO - Phase 1 epoch 4/7: mean_prob1=0.1199, mean_prob2=0.1214
2026-02-24 17:41:13,522 - lg_cotrain - INFO - Phase 1 epoch 5/7: mean_prob1=0.1286, mean_prob2=0.1280
2026-02-24 17:41:34,725 - lg_cotrain - INFO - Phase 1 epoch 6/7: mean_prob1=0.1385, mean_prob2=0.1331
2026-02-24 17:41:55,528 - lg_cotrain - INFO - Phase 1 epoch 7/7: mean_prob1=0.1512, mean_prob2=0.1405
2026-02-24 17:41:55,528 - lg_cotrain - INFO - === Phase 2: Co-Training ===
2026-02-24 17:41:56,685 - lg_cotrain - INFO - LR scheduler: total_steps_1=5904, warmup=1609; total_steps_2=5804, warmup=1582
2026-02-24 17:41:56,686 - lg_cotrain - INFO - Phase 1 done -> seeded Phase 2 trackers. lambda1: mean=0.1512, range=[0.0295, 0.3623]
2026-02-24 17:41:56,686 - lg_cotrain - INFO - Phase 1 done -> seeded Phase 2 trackers. lambda2: mean=0.1405, range=[0.0209, 0.3720]
2026-02-24 17:43:19,879 - lg_cotrain - INFO - Phase 2 epoch 1/16: loss1=0.2807, loss2=0.3007, dev_macro_f1=0.3102, dev_err=53.35%
2026-02-24 17:44:40,639 - lg_cotrain - INFO - Phase 2 epoch 2/16: loss1=0.1382, loss2=0.2244, dev_macro_f1=0.4605, dev_err=39.05%
2026-02-24 17:46:01,061 - lg_cotrain - INFO - Phase 2 epoch 3/16: loss1=0.0549, loss2=0.1575, dev_macro_f1=0.4644, dev_err=38.92%
2026-02-24 17:47:21,553 - lg_cotrain - INFO - Phase 2 epoch 4/16: loss1=0.0374, loss2=0.1179, dev_macro_f1=0.4562, dev_err=39.56%
2026-02-24 17:48:43,825 - lg_cotrain - INFO - Phase 2 epoch 5/16: loss1=0.0282, loss2=0.1103, dev_macro_f1=0.4625, dev_err=38.79%
2026-02-24 17:50:08,874 - lg_cotrain - INFO - Phase 2 epoch 6/16: loss1=0.0185, loss2=0.0722, dev_macro_f1=0.4669, dev_err=38.40%
2026-02-24 17:51:33,086 - lg_cotrain - INFO - Phase 2 epoch 7/16: loss1=0.0153, loss2=0.0469, dev_macro_f1=0.4535, dev_err=40.59%
2026-02-24 17:52:56,670 - lg_cotrain - INFO - Phase 2 epoch 8/16: loss1=0.0114, loss2=0.0358, dev_macro_f1=0.4549, dev_err=40.08%
2026-02-24 17:54:18,055 - lg_cotrain - INFO - Phase 2 epoch 9/16: loss1=0.0078, loss2=0.0361, dev_macro_f1=0.4668, dev_err=38.66%
2026-02-24 17:55:38,295 - lg_cotrain - INFO - Phase 2 epoch 10/16: loss1=0.0104, loss2=0.0193, dev_macro_f1=0.4559, dev_err=39.82%
2026-02-24 17:56:58,334 - lg_cotrain - INFO - Phase 2 epoch 11/16: loss1=0.0074, loss2=0.0157, dev_macro_f1=0.4626, dev_err=39.43%
2026-02-24 17:58:18,292 - lg_cotrain - INFO - Phase 2 epoch 12/16: loss1=0.0070, loss2=0.0137, dev_macro_f1=0.4679, dev_err=39.18%
2026-02-24 17:59:38,309 - lg_cotrain - INFO - Phase 2 epoch 13/16: loss1=0.0064, loss2=0.0093, dev_macro_f1=0.4671, dev_err=39.43%
2026-02-24 18:00:58,455 - lg_cotrain - INFO - Phase 2 epoch 14/16: loss1=0.0059, loss2=0.0105, dev_macro_f1=0.4709, dev_err=39.18%
2026-02-24 18:02:18,502 - lg_cotrain - INFO - Phase 2 epoch 15/16: loss1=0.0060, loss2=0.0089, dev_macro_f1=0.4705, dev_err=39.43%
2026-02-24 18:03:39,317 - lg_cotrain - INFO - Phase 2 epoch 16/16: loss1=0.0048, loss2=0.0067, dev_macro_f1=0.4688, dev_err=39.43%
2026-02-24 18:03:39,317 - lg_cotrain - INFO - === Phase 3: Fine-Tuning ===
2026-02-24 18:03:43,406 - lg_cotrain - INFO - Phase 3 epoch 1: dev_macro_f1=0.5156, dev_err=39.05%, es_counter1=0, es_counter2=0
2026-02-24 18:03:47,467 - lg_cotrain - INFO - Phase 3 epoch 2: dev_macro_f1=0.5470, dev_err=38.92%, es_counter1=0, es_counter2=0
2026-02-24 18:03:51,554 - lg_cotrain - INFO - Phase 3 epoch 3: dev_macro_f1=0.5358, dev_err=39.82%, es_counter1=1, es_counter2=1
2026-02-24 18:03:55,690 - lg_cotrain - INFO - Phase 3 epoch 4: dev_macro_f1=0.5497, dev_err=39.69%, es_counter1=0, es_counter2=0
2026-02-24 18:03:59,838 - lg_cotrain - INFO - Phase 3 epoch 5: dev_macro_f1=0.5669, dev_err=39.30%, es_counter1=0, es_counter2=0
2026-02-24 18:04:03,980 - lg_cotrain - INFO - Phase 3 epoch 6: dev_macro_f1=0.5849, dev_err=38.53%, es_counter1=0, es_counter2=0
2026-02-24 18:04:08,127 - lg_cotrain - INFO - Phase 3 epoch 7: dev_macro_f1=0.5861, dev_err=38.02%, es_counter1=0, es_counter2=0
2026-02-24 18:04:12,328 - lg_cotrain - INFO - Phase 3 epoch 8: dev_macro_f1=0.5862, dev_err=38.02%, es_counter1=0, es_counter2=0
2026-02-24 18:04:16,750 - lg_cotrain - INFO - Phase 3 epoch 9: dev_macro_f1=0.5910, dev_err=37.50%, es_counter1=0, es_counter2=0
2026-02-24 18:04:20,885 - lg_cotrain - INFO - Phase 3 epoch 10: dev_macro_f1=0.5858, dev_err=37.50%, es_counter1=1, es_counter2=1
2026-02-24 18:04:24,993 - lg_cotrain - INFO - Phase 3 epoch 11: dev_macro_f1=0.5857, dev_err=37.50%, es_counter1=2, es_counter2=2
2026-02-24 18:04:29,132 - lg_cotrain - INFO - Phase 3 epoch 12: dev_macro_f1=0.5831, dev_err=37.76%, es_counter1=3, es_counter2=3
2026-02-24 18:04:33,257 - lg_cotrain - INFO - Phase 3 epoch 13: dev_macro_f1=0.5759, dev_err=38.14%, es_counter1=4, es_counter2=4
2026-02-24 18:04:37,387 - lg_cotrain - INFO - Phase 3 epoch 14: dev_macro_f1=0.5713, dev_err=38.27%, es_counter1=5, es_counter2=5
2026-02-24 18:04:41,538 - lg_cotrain - INFO - Phase 3 epoch 15: dev_macro_f1=0.5732, dev_err=38.02%, es_counter1=6, es_counter2=6
2026-02-24 18:04:45,630 - lg_cotrain - INFO - Phase 3 epoch 16: dev_macro_f1=0.5778, dev_err=37.89%, es_counter1=7, es_counter2=7
2026-02-24 18:04:49,715 - lg_cotrain - INFO - Phase 3 epoch 17: dev_macro_f1=0.5689, dev_err=38.14%, es_counter1=8, es_counter2=8
2026-02-24 18:04:49,715 - lg_cotrain - INFO - Early stopping at epoch 17
2026-02-24 18:04:49,723 - lg_cotrain - INFO - === Final Evaluation ===
2026-02-24 18:04:57,982 - lg_cotrain - INFO - Results saved to C:\Users\anhtr\AppData\Local\Temp\tmpi2varl4a\hurricane_dorian_2019\25_set1\metrics.json
2026-02-24 18:04:57,982 - lg_cotrain - INFO - Test error rate: 37.00%, Test macro-F1: 0.5740, Test ECE: 0.1514
2026-02-24 18:04:57,994 - lg_cotrain - INFO - --- Trial 6/10 done: dev_macro_f1=0.5910 ---
2026-02-24 18:04:57,996 - lg_cotrain - INFO - --- Trial 7/10 ---
2026-02-24 18:04:58,596 - lg_cotrain - INFO - Starting LG-CoTrain: event=hurricane_dorian_2019, budget=25, seed_set=1
2026-02-24 18:04:58,628 - lg_cotrain - INFO - Detected 9 classes for event hurricane_dorian_2019: ['caution_and_advice', 'displaced_people_and_evacuations', 'infrastructure_and_utility_damage', 'injured_or_dead_people', 'not_humanitarian', 'other_relevant_information', 'requests_or_urgent_needs', 'rescue_volunteering_or_donation_effort', 'sympathy_and_support']
2026-02-24 18:04:58,636 - lg_cotrain - INFO - D_l1: 117, D_l2: 108, D_LG: 5104
2026-02-24 18:04:58,637 - lg_cotrain - INFO - === Phase 1: Weight Generation ===
2026-02-24 18:05:19,572 - lg_cotrain - INFO - Phase 1 epoch 1/7: mean_prob1=0.1187, mean_prob2=0.1096
2026-02-24 18:05:39,411 - lg_cotrain - INFO - Phase 1 epoch 2/7: mean_prob1=0.1156, mean_prob2=0.1091
2026-02-24 18:05:58,889 - lg_cotrain - INFO - Phase 1 epoch 3/7: mean_prob1=0.1141, mean_prob2=0.1104
2026-02-24 18:06:18,390 - lg_cotrain - INFO - Phase 1 epoch 4/7: mean_prob1=0.1124, mean_prob2=0.1128
2026-02-24 18:06:38,798 - lg_cotrain - INFO - Phase 1 epoch 5/7: mean_prob1=0.1175, mean_prob2=0.1155
2026-02-24 18:06:59,396 - lg_cotrain - INFO - Phase 1 epoch 6/7: mean_prob1=0.1208, mean_prob2=0.1208
2026-02-24 18:07:19,522 - lg_cotrain - INFO - Phase 1 epoch 7/7: mean_prob1=0.1267, mean_prob2=0.1245
2026-02-24 18:07:19,522 - lg_cotrain - INFO - === Phase 2: Co-Training ===
2026-02-24 18:07:20,564 - lg_cotrain - INFO - LR scheduler: total_steps_1=1840, warmup=68; total_steps_2=1840, warmup=68
2026-02-24 18:07:20,564 - lg_cotrain - INFO - Phase 1 done -> seeded Phase 2 trackers. lambda1: mean=0.1267, range=[0.0411, 0.2350]
2026-02-24 18:07:20,564 - lg_cotrain - INFO - Phase 1 done -> seeded Phase 2 trackers. lambda2: mean=0.1245, range=[0.0296, 0.3456]
2026-02-24 18:08:34,387 - lg_cotrain - INFO - Phase 2 epoch 1/9: loss1=0.1956, loss2=0.1953, dev_macro_f1=0.4617, dev_err=39.30%
2026-02-24 18:09:48,105 - lg_cotrain - INFO - Phase 2 epoch 2/9: loss1=0.0615, loss2=0.1730, dev_macro_f1=0.4650, dev_err=38.79%
2026-02-24 18:11:02,058 - lg_cotrain - INFO - Phase 2 epoch 3/9: loss1=0.0348, loss2=0.1314, dev_macro_f1=0.4540, dev_err=39.95%
2026-02-24 18:12:17,138 - lg_cotrain - INFO - Phase 2 epoch 4/9: loss1=0.0242, loss2=0.0879, dev_macro_f1=0.4684, dev_err=38.02%
2026-02-24 18:13:30,978 - lg_cotrain - INFO - Phase 2 epoch 5/9: loss1=0.0162, loss2=0.0651, dev_macro_f1=0.4622, dev_err=39.30%
2026-02-24 18:14:45,337 - lg_cotrain - INFO - Phase 2 epoch 6/9: loss1=0.0118, loss2=0.0465, dev_macro_f1=0.4604, dev_err=39.30%
2026-02-24 18:15:59,878 - lg_cotrain - INFO - Phase 2 epoch 7/9: loss1=0.0115, loss2=0.0361, dev_macro_f1=0.4554, dev_err=40.21%
2026-02-24 18:17:13,397 - lg_cotrain - INFO - Phase 2 epoch 8/9: loss1=0.0104, loss2=0.0320, dev_macro_f1=0.4586, dev_err=39.69%
2026-02-24 18:18:27,077 - lg_cotrain - INFO - Phase 2 epoch 9/9: loss1=0.0088, loss2=0.0253, dev_macro_f1=0.4631, dev_err=39.43%
2026-02-24 18:18:27,078 - lg_cotrain - INFO - === Phase 3: Fine-Tuning ===
2026-02-24 18:18:30,972 - lg_cotrain - INFO - Phase 3 epoch 1: dev_macro_f1=0.4780, dev_err=38.66%, es_counter1=0, es_counter2=0
2026-02-24 18:18:35,016 - lg_cotrain - INFO - Phase 3 epoch 2: dev_macro_f1=0.4806, dev_err=39.56%, es_counter1=0, es_counter2=0
2026-02-24 18:18:39,113 - lg_cotrain - INFO - Phase 3 epoch 3: dev_macro_f1=0.4956, dev_err=38.66%, es_counter1=0, es_counter2=0
2026-02-24 18:18:43,038 - lg_cotrain - INFO - Phase 3 epoch 4: dev_macro_f1=0.5280, dev_err=38.40%, es_counter1=0, es_counter2=0
2026-02-24 18:18:46,917 - lg_cotrain - INFO - Phase 3 epoch 5: dev_macro_f1=0.5490, dev_err=37.89%, es_counter1=0, es_counter2=0
2026-02-24 18:18:50,773 - lg_cotrain - INFO - Phase 3 epoch 6: dev_macro_f1=0.5807, dev_err=37.50%, es_counter1=0, es_counter2=0
2026-02-24 18:18:54,604 - lg_cotrain - INFO - Phase 3 epoch 7: dev_macro_f1=0.5616, dev_err=37.89%, es_counter1=1, es_counter2=1
2026-02-24 18:18:58,440 - lg_cotrain - INFO - Phase 3 epoch 8: dev_macro_f1=0.5408, dev_err=36.47%, es_counter1=2, es_counter2=2
2026-02-24 18:19:02,298 - lg_cotrain - INFO - Phase 3 epoch 9: dev_macro_f1=0.5544, dev_err=36.08%, es_counter1=3, es_counter2=3
2026-02-24 18:19:06,123 - lg_cotrain - INFO - Phase 3 epoch 10: dev_macro_f1=0.5504, dev_err=36.34%, es_counter1=4, es_counter2=4
2026-02-24 18:19:09,955 - lg_cotrain - INFO - Phase 3 epoch 11: dev_macro_f1=0.5507, dev_err=36.21%, es_counter1=5, es_counter2=5
2026-02-24 18:19:13,772 - lg_cotrain - INFO - Phase 3 epoch 12: dev_macro_f1=0.5482, dev_err=36.47%, es_counter1=6, es_counter2=6
2026-02-24 18:19:17,612 - lg_cotrain - INFO - Phase 3 epoch 13: dev_macro_f1=0.5678, dev_err=36.21%, es_counter1=7, es_counter2=7
2026-02-24 18:19:21,439 - lg_cotrain - INFO - Phase 3 epoch 14: dev_macro_f1=0.5638, dev_err=36.73%, es_counter1=8, es_counter2=8
2026-02-24 18:19:21,439 - lg_cotrain - INFO - Early stopping at epoch 14
2026-02-24 18:19:21,454 - lg_cotrain - INFO - === Final Evaluation ===
2026-02-24 18:19:29,375 - lg_cotrain - INFO - Results saved to C:\Users\anhtr\AppData\Local\Temp\tmpp5uo9p1k\hurricane_dorian_2019\25_set1\metrics.json
2026-02-24 18:19:29,375 - lg_cotrain - INFO - Test error rate: 35.68%, Test macro-F1: 0.5698, Test ECE: 0.0759
2026-02-24 18:19:29,387 - lg_cotrain - INFO - --- Trial 7/10 done: dev_macro_f1=0.5807 ---
2026-02-24 18:19:29,387 - lg_cotrain - INFO - --- Trial 8/10 ---
2026-02-24 18:19:29,979 - lg_cotrain - INFO - Starting LG-CoTrain: event=hurricane_dorian_2019, budget=25, seed_set=1
2026-02-24 18:19:30,020 - lg_cotrain - INFO - Detected 9 classes for event hurricane_dorian_2019: ['caution_and_advice', 'displaced_people_and_evacuations', 'infrastructure_and_utility_damage', 'injured_or_dead_people', 'not_humanitarian', 'other_relevant_information', 'requests_or_urgent_needs', 'rescue_volunteering_or_donation_effort', 'sympathy_and_support']
2026-02-24 18:19:30,031 - lg_cotrain - INFO - D_l1: 117, D_l2: 108, D_LG: 5104
2026-02-24 18:19:30,032 - lg_cotrain - INFO - === Phase 1: Weight Generation ===
2026-02-24 18:19:51,619 - lg_cotrain - INFO - Phase 1 epoch 1/7: mean_prob1=0.1055, mean_prob2=0.1133
2026-02-24 18:20:12,968 - lg_cotrain - INFO - Phase 1 epoch 2/7: mean_prob1=0.1132, mean_prob2=0.1066
2026-02-24 18:20:34,024 - lg_cotrain - INFO - Phase 1 epoch 3/7: mean_prob1=0.0935, mean_prob2=0.1373
2026-02-24 18:20:54,353 - lg_cotrain - INFO - Phase 1 epoch 4/7: mean_prob1=0.1051, mean_prob2=0.2672
2026-02-24 18:21:14,931 - lg_cotrain - INFO - Phase 1 epoch 5/7: mean_prob1=0.1111, mean_prob2=0.3342
2026-02-24 18:21:35,391 - lg_cotrain - INFO - Phase 1 epoch 6/7: mean_prob1=0.1094, mean_prob2=0.3078
2026-02-24 18:21:56,075 - lg_cotrain - INFO - Phase 1 epoch 7/7: mean_prob1=0.1076, mean_prob2=0.4044
2026-02-24 18:21:56,075 - lg_cotrain - INFO - === Phase 2: Co-Training ===
2026-02-24 18:21:57,155 - lg_cotrain - INFO - LR scheduler: total_steps_1=3033, warmup=857; total_steps_2=2933, warmup=829
2026-02-24 18:21:57,155 - lg_cotrain - INFO - Phase 1 done -> seeded Phase 2 trackers. lambda1: mean=0.1076, range=[0.0952, 0.1359]
2026-02-24 18:21:57,156 - lg_cotrain - INFO - Phase 1 done -> seeded Phase 2 trackers. lambda2: mean=0.4044, range=[0.0007, 0.9873]
2026-02-24 18:23:18,257 - lg_cotrain - INFO - Phase 2 epoch 1/7: loss1=0.3315, loss2=0.1284, dev_macro_f1=0.4919, dev_err=42.53%
2026-02-24 18:24:39,358 - lg_cotrain - INFO - Phase 2 epoch 2/7: loss1=0.1284, loss2=0.4125, dev_macro_f1=0.4464, dev_err=42.40%
2026-02-24 18:26:00,171 - lg_cotrain - INFO - Phase 2 epoch 3/7: loss1=0.6443, loss2=0.9644, dev_macro_f1=0.0340, dev_err=81.96%
2026-02-24 18:27:20,959 - lg_cotrain - INFO - Phase 2 epoch 4/7: loss1=0.3350, loss2=1.0381, dev_macro_f1=0.0276, dev_err=85.82%
2026-02-24 18:28:42,406 - lg_cotrain - INFO - Phase 2 epoch 5/7: loss1=0.2039, loss2=0.9404, dev_macro_f1=0.0340, dev_err=81.96%
2026-02-24 18:30:04,065 - lg_cotrain - INFO - Phase 2 epoch 6/7: loss1=0.1426, loss2=0.8803, dev_macro_f1=0.0340, dev_err=81.96%
2026-02-24 18:31:24,832 - lg_cotrain - INFO - Phase 2 epoch 7/7: loss1=0.1086, loss2=0.8298, dev_macro_f1=0.0340, dev_err=81.96%
2026-02-24 18:31:24,833 - lg_cotrain - INFO - === Phase 3: Fine-Tuning ===
2026-02-24 18:31:28,874 - lg_cotrain - INFO - Phase 3 epoch 1: dev_macro_f1=0.0212, dev_err=89.43%, es_counter1=0, es_counter2=0
2026-02-24 18:31:32,889 - lg_cotrain - INFO - Phase 3 epoch 2: dev_macro_f1=0.0050, dev_err=97.68%, es_counter1=1, es_counter2=1
2026-02-24 18:31:36,932 - lg_cotrain - INFO - Phase 3 epoch 3: dev_macro_f1=0.0215, dev_err=89.30%, es_counter1=0, es_counter2=0
2026-02-24 18:31:40,959 - lg_cotrain - INFO - Phase 3 epoch 4: dev_macro_f1=0.0017, dev_err=99.23%, es_counter1=1, es_counter2=1
2026-02-24 18:31:45,012 - lg_cotrain - INFO - Phase 3 epoch 5: dev_macro_f1=0.0256, dev_err=86.98%, es_counter1=0, es_counter2=0
2026-02-24 18:31:49,062 - lg_cotrain - INFO - Phase 3 epoch 6: dev_macro_f1=0.0340, dev_err=81.96%, es_counter1=0, es_counter2=0
2026-02-24 18:31:53,094 - lg_cotrain - INFO - Phase 3 epoch 7: dev_macro_f1=0.0215, dev_err=89.30%, es_counter1=1, es_counter2=1
2026-02-24 18:31:57,123 - lg_cotrain - INFO - Phase 3 epoch 8: dev_macro_f1=0.0215, dev_err=89.30%, es_counter1=2, es_counter2=2
2026-02-24 18:32:01,162 - lg_cotrain - INFO - Phase 3 epoch 9: dev_macro_f1=0.0340, dev_err=81.96%, es_counter1=3, es_counter2=3
2026-02-24 18:32:05,184 - lg_cotrain - INFO - Phase 3 epoch 10: dev_macro_f1=0.0340, dev_err=81.96%, es_counter1=4, es_counter2=4
2026-02-24 18:32:09,227 - lg_cotrain - INFO - Phase 3 epoch 11: dev_macro_f1=0.0354, dev_err=81.06%, es_counter1=0, es_counter2=0
2026-02-24 18:32:13,551 - lg_cotrain - INFO - Phase 3 epoch 12: dev_macro_f1=0.0256, dev_err=86.98%, es_counter1=1, es_counter2=1
2026-02-24 18:32:17,652 - lg_cotrain - INFO - Phase 3 epoch 13: dev_macro_f1=0.0276, dev_err=85.82%, es_counter1=2, es_counter2=2
2026-02-24 18:32:21,721 - lg_cotrain - INFO - Phase 3 epoch 14: dev_macro_f1=0.0354, dev_err=81.06%, es_counter1=3, es_counter2=3
2026-02-24 18:32:25,761 - lg_cotrain - INFO - Phase 3 epoch 15: dev_macro_f1=0.0354, dev_err=81.06%, es_counter1=4, es_counter2=4
2026-02-24 18:32:29,799 - lg_cotrain - INFO - Phase 3 epoch 16: dev_macro_f1=0.0212, dev_err=89.43%, es_counter1=5, es_counter2=5
2026-02-24 18:32:29,799 - lg_cotrain - INFO - Early stopping at epoch 16
2026-02-24 18:32:29,810 - lg_cotrain - INFO - === Final Evaluation ===
2026-02-24 18:32:37,843 - lg_cotrain - INFO - Results saved to C:\Users\anhtr\AppData\Local\Temp\tmp42qq141m\hurricane_dorian_2019\25_set1\metrics.json
2026-02-24 18:32:37,843 - lg_cotrain - INFO - Test error rate: 81.03%, Test macro-F1: 0.0354, Test ECE: 0.0645
2026-02-24 18:32:37,853 - lg_cotrain - INFO - --- Trial 8/10 done: dev_macro_f1=0.0354 ---
2026-02-24 18:32:37,853 - lg_cotrain - INFO - --- Trial 9/10 ---
2026-02-24 18:32:38,467 - lg_cotrain - INFO - Starting LG-CoTrain: event=hurricane_dorian_2019, budget=25, seed_set=1
2026-02-24 18:32:38,508 - lg_cotrain - INFO - Detected 9 classes for event hurricane_dorian_2019: ['caution_and_advice', 'displaced_people_and_evacuations', 'infrastructure_and_utility_damage', 'injured_or_dead_people', 'not_humanitarian', 'other_relevant_information', 'requests_or_urgent_needs', 'rescue_volunteering_or_donation_effort', 'sympathy_and_support']
2026-02-24 18:32:38,517 - lg_cotrain - INFO - D_l1: 117, D_l2: 108, D_LG: 5104
2026-02-24 18:32:38,518 - lg_cotrain - INFO - === Phase 1: Weight Generation ===
2026-02-24 18:32:59,944 - lg_cotrain - INFO - Phase 1 epoch 1/7: mean_prob1=0.1173, mean_prob2=0.1087
2026-02-24 18:33:20,536 - lg_cotrain - INFO - Phase 1 epoch 2/7: mean_prob1=0.1136, mean_prob2=0.1099
2026-02-24 18:33:41,256 - lg_cotrain - INFO - Phase 1 epoch 3/7: mean_prob1=0.1130, mean_prob2=0.1152
2026-02-24 18:34:01,747 - lg_cotrain - INFO - Phase 1 epoch 4/7: mean_prob1=0.1175, mean_prob2=0.1179
2026-02-24 18:34:22,494 - lg_cotrain - INFO - Phase 1 epoch 5/7: mean_prob1=0.1239, mean_prob2=0.1235
2026-02-24 18:34:43,295 - lg_cotrain - INFO - Phase 1 epoch 6/7: mean_prob1=0.1222, mean_prob2=0.1291
2026-02-24 18:35:03,820 - lg_cotrain - INFO - Phase 1 epoch 7/7: mean_prob1=0.1388, mean_prob2=0.1345
2026-02-24 18:35:03,820 - lg_cotrain - INFO - === Phase 2: Co-Training ===
2026-02-24 18:35:04,969 - lg_cotrain - INFO - LR scheduler: total_steps_1=4947, warmup=666; total_steps_2=4847, warmup=653
2026-02-24 18:35:04,970 - lg_cotrain - INFO - Phase 1 done -> seeded Phase 2 trackers. lambda1: mean=0.1388, range=[0.0431, 0.3191]
2026-02-24 18:35:04,970 - lg_cotrain - INFO - Phase 1 done -> seeded Phase 2 trackers. lambda2: mean=0.1345, range=[0.0210, 0.3585]
2026-02-24 18:36:25,405 - lg_cotrain - INFO - Phase 2 epoch 1/13: loss1=0.2522, loss2=0.2582, dev_macro_f1=0.3679, dev_err=46.91%
2026-02-24 18:37:47,736 - lg_cotrain - INFO - Phase 2 epoch 2/13: loss1=0.0986, loss2=0.1818, dev_macro_f1=0.4651, dev_err=38.40%
2026-02-24 18:39:13,688 - lg_cotrain - INFO - Phase 2 epoch 3/13: loss1=0.0403, loss2=0.1472, dev_macro_f1=0.4449, dev_err=41.24%
2026-02-24 18:40:35,567 - lg_cotrain - INFO - Phase 2 epoch 4/13: loss1=0.0273, loss2=0.0945, dev_macro_f1=0.4664, dev_err=38.27%
2026-02-24 18:41:56,349 - lg_cotrain - INFO - Phase 2 epoch 5/13: loss1=0.0190, loss2=0.0652, dev_macro_f1=0.4706, dev_err=38.02%
2026-02-24 18:43:17,108 - lg_cotrain - INFO - Phase 2 epoch 6/13: loss1=0.0132, loss2=0.0462, dev_macro_f1=0.4758, dev_err=37.24%
2026-02-24 18:44:37,738 - lg_cotrain - INFO - Phase 2 epoch 7/13: loss1=0.0103, loss2=0.0284, dev_macro_f1=0.4580, dev_err=39.56%
2026-02-24 18:45:59,489 - lg_cotrain - INFO - Phase 2 epoch 8/13: loss1=0.0081, loss2=0.0272, dev_macro_f1=0.4678, dev_err=38.79%
2026-02-24 18:47:21,809 - lg_cotrain - INFO - Phase 2 epoch 9/13: loss1=0.0069, loss2=0.0178, dev_macro_f1=0.4724, dev_err=38.53%
2026-02-24 18:48:44,532 - lg_cotrain - INFO - Phase 2 epoch 10/13: loss1=0.0080, loss2=0.0190, dev_macro_f1=0.4734, dev_err=38.66%
2026-02-24 18:50:07,591 - lg_cotrain - INFO - Phase 2 epoch 11/13: loss1=0.0063, loss2=0.0157, dev_macro_f1=0.4707, dev_err=39.18%
2026-02-24 18:51:28,200 - lg_cotrain - INFO - Phase 2 epoch 12/13: loss1=0.0048, loss2=0.0114, dev_macro_f1=0.4712, dev_err=38.92%
2026-02-24 18:52:49,268 - lg_cotrain - INFO - Phase 2 epoch 13/13: loss1=0.0048, loss2=0.0097, dev_macro_f1=0.4732, dev_err=38.92%
2026-02-24 18:52:49,269 - lg_cotrain - INFO - === Phase 3: Fine-Tuning ===
2026-02-24 18:52:53,569 - lg_cotrain - INFO - Phase 3 epoch 1: dev_macro_f1=0.4812, dev_err=39.69%, es_counter1=0, es_counter2=0
2026-02-24 18:52:57,664 - lg_cotrain - INFO - Phase 3 epoch 2: dev_macro_f1=0.5222, dev_err=38.66%, es_counter1=0, es_counter2=0
2026-02-24 18:53:01,753 - lg_cotrain - INFO - Phase 3 epoch 3: dev_macro_f1=0.5344, dev_err=38.66%, es_counter1=0, es_counter2=0
2026-02-24 18:53:05,824 - lg_cotrain - INFO - Phase 3 epoch 4: dev_macro_f1=0.5324, dev_err=38.66%, es_counter1=1, es_counter2=1
2026-02-24 18:53:09,950 - lg_cotrain - INFO - Phase 3 epoch 5: dev_macro_f1=0.5368, dev_err=39.05%, es_counter1=0, es_counter2=0
2026-02-24 18:53:14,049 - lg_cotrain - INFO - Phase 3 epoch 6: dev_macro_f1=0.5507, dev_err=38.40%, es_counter1=0, es_counter2=0
2026-02-24 18:53:18,147 - lg_cotrain - INFO - Phase 3 epoch 7: dev_macro_f1=0.5537, dev_err=38.53%, es_counter1=0, es_counter2=0
2026-02-24 18:53:22,243 - lg_cotrain - INFO - Phase 3 epoch 8: dev_macro_f1=0.5563, dev_err=38.53%, es_counter1=0, es_counter2=0
2026-02-24 18:53:26,347 - lg_cotrain - INFO - Phase 3 epoch 9: dev_macro_f1=0.5585, dev_err=38.27%, es_counter1=0, es_counter2=0
2026-02-24 18:53:30,436 - lg_cotrain - INFO - Phase 3 epoch 10: dev_macro_f1=0.5698, dev_err=38.40%, es_counter1=0, es_counter2=0
2026-02-24 18:53:34,551 - lg_cotrain - INFO - Phase 3 epoch 11: dev_macro_f1=0.5730, dev_err=38.40%, es_counter1=0, es_counter2=0
2026-02-24 18:53:38,623 - lg_cotrain - INFO - Phase 3 epoch 12: dev_macro_f1=0.5685, dev_err=38.40%, es_counter1=1, es_counter2=1
2026-02-24 18:53:42,724 - lg_cotrain - INFO - Phase 3 epoch 13: dev_macro_f1=0.5652, dev_err=38.40%, es_counter1=2, es_counter2=2
2026-02-24 18:53:46,789 - lg_cotrain - INFO - Phase 3 epoch 14: dev_macro_f1=0.5638, dev_err=38.53%, es_counter1=3, es_counter2=3
2026-02-24 18:53:50,890 - lg_cotrain - INFO - Phase 3 epoch 15: dev_macro_f1=0.5643, dev_err=38.53%, es_counter1=4, es_counter2=4
2026-02-24 18:53:54,963 - lg_cotrain - INFO - Phase 3 epoch 16: dev_macro_f1=0.5656, dev_err=38.40%, es_counter1=5, es_counter2=5
2026-02-24 18:53:59,053 - lg_cotrain - INFO - Phase 3 epoch 17: dev_macro_f1=0.5689, dev_err=38.27%, es_counter1=6, es_counter2=6
2026-02-24 18:54:03,157 - lg_cotrain - INFO - Phase 3 epoch 18: dev_macro_f1=0.5654, dev_err=38.79%, es_counter1=7, es_counter2=7
2026-02-24 18:54:07,260 - lg_cotrain - INFO - Phase 3 epoch 19: dev_macro_f1=0.5656, dev_err=39.05%, es_counter1=8, es_counter2=8
2026-02-24 18:54:11,335 - lg_cotrain - INFO - Phase 3 epoch 20: dev_macro_f1=0.5634, dev_err=39.05%, es_counter1=9, es_counter2=9
2026-02-24 18:54:15,468 - lg_cotrain - INFO - Phase 3 epoch 21: dev_macro_f1=0.5551, dev_err=39.18%, es_counter1=10, es_counter2=10
2026-02-24 18:54:15,468 - lg_cotrain - INFO - Early stopping at epoch 21
2026-02-24 18:54:15,477 - lg_cotrain - INFO - === Final Evaluation ===
2026-02-24 18:54:23,638 - lg_cotrain - INFO - Results saved to C:\Users\anhtr\AppData\Local\Temp\tmpt468yxjm\hurricane_dorian_2019\25_set1\metrics.json
2026-02-24 18:54:23,638 - lg_cotrain - INFO - Test error rate: 35.68%, Test macro-F1: 0.5619, Test ECE: 0.1519
2026-02-24 18:54:23,648 - lg_cotrain - INFO - --- Trial 9/10 done: dev_macro_f1=0.5730 ---
2026-02-24 18:54:23,648 - lg_cotrain - INFO - --- Trial 10/10 ---
2026-02-24 18:54:24,287 - lg_cotrain - INFO - Starting LG-CoTrain: event=hurricane_dorian_2019, budget=25, seed_set=1
2026-02-24 18:54:24,319 - lg_cotrain - INFO - Detected 9 classes for event hurricane_dorian_2019: ['caution_and_advice', 'displaced_people_and_evacuations', 'infrastructure_and_utility_damage', 'injured_or_dead_people', 'not_humanitarian', 'other_relevant_information', 'requests_or_urgent_needs', 'rescue_volunteering_or_donation_effort', 'sympathy_and_support']
2026-02-24 18:54:24,326 - lg_cotrain - INFO - D_l1: 117, D_l2: 108, D_LG: 5104
2026-02-24 18:54:24,327 - lg_cotrain - INFO - === Phase 1: Weight Generation ===
2026-02-24 18:54:47,897 - lg_cotrain - INFO - Phase 1 epoch 1/7: mean_prob1=0.1165, mean_prob2=0.1138
2026-02-24 18:55:10,627 - lg_cotrain - INFO - Phase 1 epoch 2/7: mean_prob1=0.1149, mean_prob2=0.1430
2026-02-24 18:55:33,290 - lg_cotrain - INFO - Phase 1 epoch 3/7: mean_prob1=0.1485, mean_prob2=0.1875
2026-02-24 18:55:55,956 - lg_cotrain - INFO - Phase 1 epoch 4/7: mean_prob1=0.2384, mean_prob2=0.2461
2026-02-24 18:56:18,920 - lg_cotrain - INFO - Phase 1 epoch 5/7: mean_prob1=0.3046, mean_prob2=0.3229
2026-02-24 18:56:42,126 - lg_cotrain - INFO - Phase 1 epoch 6/7: mean_prob1=0.4234, mean_prob2=0.3985
2026-02-24 18:57:04,778 - lg_cotrain - INFO - Phase 1 epoch 7/7: mean_prob1=0.3727, mean_prob2=0.4196
2026-02-24 18:57:04,778 - lg_cotrain - INFO - === Phase 2: Co-Training ===
2026-02-24 18:57:05,880 - lg_cotrain - INFO - LR scheduler: total_steps_1=5328, warmup=1543; total_steps_2=5228, warmup=1514
2026-02-24 18:57:05,881 - lg_cotrain - INFO - Phase 1 done -> seeded Phase 2 trackers. lambda1: mean=0.3727, range=[0.0029, 0.9335]
2026-02-24 18:57:05,881 - lg_cotrain - INFO - Phase 1 done -> seeded Phase 2 trackers. lambda2: mean=0.4196, range=[0.0026, 0.9614]
2026-02-24 18:58:41,324 - lg_cotrain - INFO - Phase 2 epoch 1/6: loss1=0.4449, loss2=0.4066, dev_macro_f1=0.4616, dev_err=40.34%
2026-02-24 19:00:18,499 - lg_cotrain - INFO - Phase 2 epoch 2/6: loss1=0.0821, loss2=0.3046, dev_macro_f1=0.4728, dev_err=37.63%
2026-02-24 19:01:55,729 - lg_cotrain - INFO - Phase 2 epoch 3/6: loss1=0.0740, loss2=0.2309, dev_macro_f1=0.5650, dev_err=37.63%
2026-02-24 19:03:33,028 - lg_cotrain - INFO - Phase 2 epoch 4/6: loss1=0.0485, loss2=0.1282, dev_macro_f1=0.5606, dev_err=36.60%
2026-02-24 19:05:09,160 - lg_cotrain - INFO - Phase 2 epoch 5/6: loss1=0.0258, loss2=0.0738, dev_macro_f1=0.5599, dev_err=37.50%
2026-02-24 19:06:46,927 - lg_cotrain - INFO - Phase 2 epoch 6/6: loss1=0.0218, loss2=0.0346, dev_macro_f1=0.5687, dev_err=36.86%
2026-02-24 19:06:46,927 - lg_cotrain - INFO - === Phase 3: Fine-Tuning ===
2026-02-24 19:06:51,759 - lg_cotrain - INFO - Phase 3 epoch 1: dev_macro_f1=0.5465, dev_err=38.02%, es_counter1=0, es_counter2=0
2026-02-24 19:06:56,665 - lg_cotrain - INFO - Phase 3 epoch 2: dev_macro_f1=0.5904, dev_err=36.60%, es_counter1=0, es_counter2=0
2026-02-24 19:07:01,671 - lg_cotrain - INFO - Phase 3 epoch 3: dev_macro_f1=0.5794, dev_err=35.95%, es_counter1=1, es_counter2=1
2026-02-24 19:07:06,766 - lg_cotrain - INFO - Phase 3 epoch 4: dev_macro_f1=0.5836, dev_err=36.86%, es_counter1=2, es_counter2=2
2026-02-24 19:07:11,599 - lg_cotrain - INFO - Phase 3 epoch 5: dev_macro_f1=0.5757, dev_err=37.76%, es_counter1=3, es_counter2=3
2026-02-24 19:07:16,458 - lg_cotrain - INFO - Phase 3 epoch 6: dev_macro_f1=0.5803, dev_err=37.50%, es_counter1=4, es_counter2=4
2026-02-24 19:07:21,324 - lg_cotrain - INFO - Phase 3 epoch 7: dev_macro_f1=0.5743, dev_err=37.76%, es_counter1=5, es_counter2=5
2026-02-24 19:07:26,349 - lg_cotrain - INFO - Phase 3 epoch 8: dev_macro_f1=0.5830, dev_err=37.11%, es_counter1=6, es_counter2=6
2026-02-24 19:07:26,350 - lg_cotrain - INFO - Early stopping at epoch 8
2026-02-24 19:07:26,359 - lg_cotrain - INFO - === Final Evaluation ===
2026-02-24 19:07:35,626 - lg_cotrain - INFO - Results saved to C:\Users\anhtr\AppData\Local\Temp\tmpgqlob9tr\hurricane_dorian_2019\25_set1\metrics.json
2026-02-24 19:07:35,627 - lg_cotrain - INFO - Test error rate: 36.47%, Test macro-F1: 0.5939, Test ECE: 0.0463
2026-02-24 19:07:35,636 - lg_cotrain - INFO - --- Trial 10/10 done: dev_macro_f1=0.5904 ---
