2026-02-28 11:38:42,464 - lg_cotrain - INFO - === Optuna study: kaikoura_earthquake_2016 budget=25 seed=2 | target=10 trials, 0 replayed, 10 new ===
2026-02-28 11:38:42,464 - lg_cotrain - INFO - --- Trial 1/10 ---
2026-02-28 11:38:42,953 - lg_cotrain - INFO - Starting LG-CoTrain: event=kaikoura_earthquake_2016, budget=25, seed_set=2
2026-02-28 11:38:42,984 - lg_cotrain - INFO - Detected 9 classes for event kaikoura_earthquake_2016: ['caution_and_advice', 'displaced_people_and_evacuations', 'infrastructure_and_utility_damage', 'injured_or_dead_people', 'not_humanitarian', 'other_relevant_information', 'requests_or_urgent_needs', 'rescue_volunteering_or_donation_effort', 'sympathy_and_support']
2026-02-28 11:38:42,989 - lg_cotrain - INFO - D_l1: 113, D_l2: 104, D_LG: 1319
2026-02-28 11:38:42,990 - lg_cotrain - INFO - === Phase 1: Weight Generation ===
2026-02-28 11:38:50,228 - lg_cotrain - INFO - Phase 1 epoch 1/7: mean_prob1=0.1142, mean_prob2=0.1247
2026-02-28 11:38:56,418 - lg_cotrain - INFO - Phase 1 epoch 2/7: mean_prob1=0.0941, mean_prob2=0.1199
2026-02-28 11:39:02,669 - lg_cotrain - INFO - Phase 1 epoch 3/7: mean_prob1=0.1133, mean_prob2=0.1176
2026-02-28 11:39:08,952 - lg_cotrain - INFO - Phase 1 epoch 4/7: mean_prob1=0.1111, mean_prob2=0.1074
2026-02-28 11:39:15,150 - lg_cotrain - INFO - Phase 1 epoch 5/7: mean_prob1=0.1194, mean_prob2=0.1115
2026-02-28 11:39:21,351 - lg_cotrain - INFO - Phase 1 epoch 6/7: mean_prob1=0.1115, mean_prob2=0.1172
2026-02-28 11:39:27,588 - lg_cotrain - INFO - Phase 1 epoch 7/7: mean_prob1=0.1248, mean_prob2=0.1149
2026-02-28 11:39:27,588 - lg_cotrain - INFO - === Phase 2: Co-Training ===
2026-02-28 11:39:28,624 - lg_cotrain - INFO - LR scheduler: total_steps_1=4635, warmup=791; total_steps_2=4435, warmup=757
2026-02-28 11:39:28,624 - lg_cotrain - INFO - Phase 1 done -> seeded Phase 2 trackers. lambda1: mean=0.1248, range=[0.0525, 0.1881]
2026-02-28 11:39:28,625 - lg_cotrain - INFO - Phase 1 done -> seeded Phase 2 trackers. lambda2: mean=0.1149, range=[0.0777, 0.1523]
2026-02-28 11:39:50,674 - lg_cotrain - INFO - Phase 2 epoch 1/19: loss1=0.1702, loss2=0.1743, dev_macro_f1=0.5079, dev_err=37.50%
2026-02-28 11:40:12,663 - lg_cotrain - INFO - Phase 2 epoch 2/19: loss1=0.0943, loss2=0.8965, dev_macro_f1=0.3339, dev_err=47.77%
2026-02-28 11:40:34,666 - lg_cotrain - INFO - Phase 2 epoch 3/19: loss1=0.0991, loss2=1.1883, dev_macro_f1=0.0278, dev_err=85.71%
2026-02-28 11:40:56,638 - lg_cotrain - INFO - Phase 2 epoch 4/19: loss1=0.1012, loss2=1.0823, dev_macro_f1=0.0365, dev_err=80.36%
2026-02-28 11:41:18,622 - lg_cotrain - INFO - Phase 2 epoch 5/19: loss1=0.0981, loss2=0.9850, dev_macro_f1=0.0278, dev_err=85.71%
2026-02-28 11:41:40,661 - lg_cotrain - INFO - Phase 2 epoch 6/19: loss1=0.1057, loss2=0.9250, dev_macro_f1=0.0365, dev_err=80.36%
2026-02-28 11:42:02,735 - lg_cotrain - INFO - Phase 2 epoch 7/19: loss1=0.1094, loss2=0.8672, dev_macro_f1=0.0406, dev_err=77.68%
2026-02-28 11:42:24,813 - lg_cotrain - INFO - Phase 2 epoch 8/19: loss1=0.1101, loss2=0.8284, dev_macro_f1=0.0406, dev_err=77.68%
2026-02-28 11:42:46,805 - lg_cotrain - INFO - Phase 2 epoch 9/19: loss1=0.1150, loss2=0.7971, dev_macro_f1=0.0365, dev_err=80.36%
2026-02-28 11:43:08,762 - lg_cotrain - INFO - Phase 2 epoch 10/19: loss1=0.1174, loss2=0.7692, dev_macro_f1=0.0406, dev_err=77.68%
2026-02-28 11:43:30,750 - lg_cotrain - INFO - Phase 2 epoch 11/19: loss1=0.1204, loss2=0.7449, dev_macro_f1=0.0406, dev_err=77.68%
2026-02-28 11:43:52,715 - lg_cotrain - INFO - Phase 2 epoch 12/19: loss1=0.1235, loss2=0.7247, dev_macro_f1=0.0406, dev_err=77.68%
2026-02-28 11:44:14,641 - lg_cotrain - INFO - Phase 2 epoch 13/19: loss1=0.1273, loss2=0.7039, dev_macro_f1=0.0365, dev_err=80.36%
2026-02-28 11:44:36,707 - lg_cotrain - INFO - Phase 2 epoch 14/19: loss1=0.1277, loss2=0.6854, dev_macro_f1=0.0365, dev_err=80.36%
2026-02-28 11:44:59,386 - lg_cotrain - INFO - Phase 2 epoch 15/19: loss1=0.1300, loss2=0.6714, dev_macro_f1=0.0365, dev_err=80.36%
2026-02-28 11:45:21,242 - lg_cotrain - INFO - Phase 2 epoch 16/19: loss1=0.1307, loss2=0.6575, dev_macro_f1=0.0406, dev_err=77.68%
2026-02-28 11:45:43,016 - lg_cotrain - INFO - Phase 2 epoch 17/19: loss1=0.1317, loss2=0.6415, dev_macro_f1=0.0406, dev_err=77.68%
2026-02-28 11:46:04,732 - lg_cotrain - INFO - Phase 2 epoch 18/19: loss1=0.1361, loss2=0.6318, dev_macro_f1=0.0365, dev_err=80.36%
2026-02-28 11:46:26,452 - lg_cotrain - INFO - Phase 2 epoch 19/19: loss1=0.1378, loss2=0.6215, dev_macro_f1=0.0406, dev_err=77.68%
2026-02-28 11:46:26,453 - lg_cotrain - INFO - === Phase 3: Fine-Tuning ===
2026-02-28 11:46:28,607 - lg_cotrain - INFO - Phase 3 epoch 1: dev_macro_f1=0.0207, dev_err=89.73%, es_counter1=0, es_counter2=0
2026-02-28 11:46:30,766 - lg_cotrain - INFO - Phase 3 epoch 2: dev_macro_f1=0.0406, dev_err=77.68%, es_counter1=0, es_counter2=0
2026-02-28 11:46:32,906 - lg_cotrain - INFO - Phase 3 epoch 3: dev_macro_f1=0.0190, dev_err=90.62%, es_counter1=1, es_counter2=1
2026-02-28 11:46:35,036 - lg_cotrain - INFO - Phase 3 epoch 4: dev_macro_f1=0.0104, dev_err=95.09%, es_counter1=2, es_counter2=2
2026-02-28 11:46:37,166 - lg_cotrain - INFO - Phase 3 epoch 5: dev_macro_f1=0.0086, dev_err=95.98%, es_counter1=3, es_counter2=3
2026-02-28 11:46:39,300 - lg_cotrain - INFO - Phase 3 epoch 6: dev_macro_f1=0.0278, dev_err=85.71%, es_counter1=4, es_counter2=4
2026-02-28 11:46:41,423 - lg_cotrain - INFO - Phase 3 epoch 7: dev_macro_f1=0.0207, dev_err=89.73%, es_counter1=5, es_counter2=5
2026-02-28 11:46:43,566 - lg_cotrain - INFO - Phase 3 epoch 8: dev_macro_f1=0.0278, dev_err=85.71%, es_counter1=6, es_counter2=6
2026-02-28 11:46:45,695 - lg_cotrain - INFO - Phase 3 epoch 9: dev_macro_f1=0.0278, dev_err=85.71%, es_counter1=7, es_counter2=7
2026-02-28 11:46:47,825 - lg_cotrain - INFO - Phase 3 epoch 10: dev_macro_f1=0.0190, dev_err=90.62%, es_counter1=8, es_counter2=8
2026-02-28 11:46:49,961 - lg_cotrain - INFO - Phase 3 epoch 11: dev_macro_f1=0.0278, dev_err=85.71%, es_counter1=9, es_counter2=9
2026-02-28 11:46:49,962 - lg_cotrain - INFO - Early stopping at epoch 11
2026-02-28 11:46:49,970 - lg_cotrain - INFO - === Final Evaluation ===
2026-02-28 11:46:52,224 - lg_cotrain - INFO - Results saved to C:\Users\anhtr\AppData\Local\Temp\tmpa0_rnt6s\kaikoura_earthquake_2016\25_set2\metrics.json
2026-02-28 11:46:52,224 - lg_cotrain - INFO - Test error rate: 77.47%, Test macro-F1: 0.0409, Test ECE: 0.0715
2026-02-28 11:46:52,232 - lg_cotrain - INFO - --- Trial 1/10 done: dev_macro_f1=0.0406 ---
2026-02-28 11:46:52,232 - lg_cotrain - INFO - --- Trial 2/10 ---
2026-02-28 11:46:52,737 - lg_cotrain - INFO - Starting LG-CoTrain: event=kaikoura_earthquake_2016, budget=25, seed_set=2
2026-02-28 11:46:52,747 - lg_cotrain - INFO - Detected 9 classes for event kaikoura_earthquake_2016: ['caution_and_advice', 'displaced_people_and_evacuations', 'infrastructure_and_utility_damage', 'injured_or_dead_people', 'not_humanitarian', 'other_relevant_information', 'requests_or_urgent_needs', 'rescue_volunteering_or_donation_effort', 'sympathy_and_support']
2026-02-28 11:46:52,751 - lg_cotrain - INFO - D_l1: 113, D_l2: 104, D_LG: 1319
2026-02-28 11:46:52,752 - lg_cotrain - INFO - === Phase 1: Weight Generation ===
2026-02-28 11:46:58,526 - lg_cotrain - INFO - Phase 1 epoch 1/7: mean_prob1=0.1146, mean_prob2=0.1152
2026-02-28 11:47:03,364 - lg_cotrain - INFO - Phase 1 epoch 2/7: mean_prob1=0.1217, mean_prob2=0.1192
2026-02-28 11:47:08,225 - lg_cotrain - INFO - Phase 1 epoch 3/7: mean_prob1=0.1194, mean_prob2=0.1242
2026-02-28 11:47:13,057 - lg_cotrain - INFO - Phase 1 epoch 4/7: mean_prob1=0.1260, mean_prob2=0.1304
2026-02-28 11:47:17,894 - lg_cotrain - INFO - Phase 1 epoch 5/7: mean_prob1=0.1407, mean_prob2=0.1358
2026-02-28 11:47:22,746 - lg_cotrain - INFO - Phase 1 epoch 6/7: mean_prob1=0.1464, mean_prob2=0.1440
2026-02-28 11:47:27,602 - lg_cotrain - INFO - Phase 1 epoch 7/7: mean_prob1=0.1426, mean_prob2=0.1454
2026-02-28 11:47:27,602 - lg_cotrain - INFO - === Phase 2: Co-Training ===
2026-02-28 11:47:28,568 - lg_cotrain - INFO - LR scheduler: total_steps_1=431, warmup=10; total_steps_2=431, warmup=10
2026-02-28 11:47:28,569 - lg_cotrain - INFO - Phase 1 done -> seeded Phase 2 trackers. lambda1: mean=0.1426, range=[0.0299, 0.2989]
2026-02-28 11:47:28,569 - lg_cotrain - INFO - Phase 1 done -> seeded Phase 2 trackers. lambda2: mean=0.1454, range=[0.0316, 0.3000]
2026-02-28 11:47:43,967 - lg_cotrain - INFO - Phase 2 epoch 1/11: loss1=0.2752, loss2=0.2743, dev_macro_f1=0.1273, dev_err=60.27%
2026-02-28 11:47:59,373 - lg_cotrain - INFO - Phase 2 epoch 2/11: loss1=0.1523, loss2=0.2971, dev_macro_f1=0.2477, dev_err=47.32%
2026-02-28 11:48:14,792 - lg_cotrain - INFO - Phase 2 epoch 3/11: loss1=0.0767, loss2=0.2916, dev_macro_f1=0.4429, dev_err=39.73%
2026-02-28 11:48:30,205 - lg_cotrain - INFO - Phase 2 epoch 4/11: loss1=0.0433, loss2=0.2403, dev_macro_f1=0.4872, dev_err=37.05%
2026-02-28 11:48:45,603 - lg_cotrain - INFO - Phase 2 epoch 5/11: loss1=0.0236, loss2=0.1671, dev_macro_f1=0.5532, dev_err=31.25%
2026-02-28 11:49:01,031 - lg_cotrain - INFO - Phase 2 epoch 6/11: loss1=0.0158, loss2=0.1080, dev_macro_f1=0.5349, dev_err=32.59%
2026-02-28 11:49:16,456 - lg_cotrain - INFO - Phase 2 epoch 7/11: loss1=0.0121, loss2=0.0699, dev_macro_f1=0.5985, dev_err=29.91%
2026-02-28 11:49:31,892 - lg_cotrain - INFO - Phase 2 epoch 8/11: loss1=0.0087, loss2=0.0444, dev_macro_f1=0.6208, dev_err=29.91%
2026-02-28 11:49:47,348 - lg_cotrain - INFO - Phase 2 epoch 9/11: loss1=0.0067, loss2=0.0291, dev_macro_f1=0.6097, dev_err=30.36%
2026-02-28 11:50:02,807 - lg_cotrain - INFO - Phase 2 epoch 10/11: loss1=0.0058, loss2=0.0213, dev_macro_f1=0.6272, dev_err=29.91%
2026-02-28 11:50:18,265 - lg_cotrain - INFO - Phase 2 epoch 11/11: loss1=0.0056, loss2=0.0167, dev_macro_f1=0.6143, dev_err=30.36%
2026-02-28 11:50:18,266 - lg_cotrain - INFO - === Phase 3: Fine-Tuning ===
2026-02-28 11:50:19,817 - lg_cotrain - INFO - Phase 3 epoch 1: dev_macro_f1=0.6316, dev_err=28.57%, es_counter1=0, es_counter2=0
2026-02-28 11:50:21,366 - lg_cotrain - INFO - Phase 3 epoch 2: dev_macro_f1=0.6472, dev_err=27.68%, es_counter1=0, es_counter2=0
2026-02-28 11:50:22,893 - lg_cotrain - INFO - Phase 3 epoch 3: dev_macro_f1=0.6320, dev_err=29.91%, es_counter1=1, es_counter2=1
2026-02-28 11:50:24,415 - lg_cotrain - INFO - Phase 3 epoch 4: dev_macro_f1=0.6276, dev_err=30.36%, es_counter1=2, es_counter2=2
2026-02-28 11:50:25,935 - lg_cotrain - INFO - Phase 3 epoch 5: dev_macro_f1=0.6465, dev_err=28.57%, es_counter1=3, es_counter2=3
2026-02-28 11:50:27,481 - lg_cotrain - INFO - Phase 3 epoch 6: dev_macro_f1=0.6677, dev_err=27.23%, es_counter1=0, es_counter2=0
2026-02-28 11:50:29,030 - lg_cotrain - INFO - Phase 3 epoch 7: dev_macro_f1=0.6757, dev_err=26.34%, es_counter1=0, es_counter2=0
2026-02-28 11:50:30,554 - lg_cotrain - INFO - Phase 3 epoch 8: dev_macro_f1=0.6698, dev_err=27.68%, es_counter1=1, es_counter2=1
2026-02-28 11:50:32,083 - lg_cotrain - INFO - Phase 3 epoch 9: dev_macro_f1=0.6646, dev_err=28.57%, es_counter1=2, es_counter2=2
2026-02-28 11:50:33,614 - lg_cotrain - INFO - Phase 3 epoch 10: dev_macro_f1=0.6735, dev_err=27.68%, es_counter1=3, es_counter2=3
2026-02-28 11:50:35,138 - lg_cotrain - INFO - Phase 3 epoch 11: dev_macro_f1=0.6749, dev_err=27.23%, es_counter1=4, es_counter2=4
2026-02-28 11:50:36,658 - lg_cotrain - INFO - Phase 3 epoch 12: dev_macro_f1=0.6696, dev_err=27.68%, es_counter1=5, es_counter2=5
2026-02-28 11:50:38,187 - lg_cotrain - INFO - Phase 3 epoch 13: dev_macro_f1=0.6649, dev_err=28.12%, es_counter1=6, es_counter2=6
2026-02-28 11:50:39,713 - lg_cotrain - INFO - Phase 3 epoch 14: dev_macro_f1=0.6605, dev_err=28.57%, es_counter1=7, es_counter2=7
2026-02-28 11:50:41,231 - lg_cotrain - INFO - Phase 3 epoch 15: dev_macro_f1=0.6567, dev_err=29.02%, es_counter1=8, es_counter2=8
2026-02-28 11:50:42,755 - lg_cotrain - INFO - Phase 3 epoch 16: dev_macro_f1=0.6584, dev_err=29.02%, es_counter1=9, es_counter2=9
2026-02-28 11:50:42,755 - lg_cotrain - INFO - Early stopping at epoch 16
2026-02-28 11:50:42,766 - lg_cotrain - INFO - === Final Evaluation ===
2026-02-28 11:50:44,648 - lg_cotrain - INFO - Results saved to C:\Users\anhtr\AppData\Local\Temp\tmpm7xdap60\kaikoura_earthquake_2016\25_set2\metrics.json
2026-02-28 11:50:44,649 - lg_cotrain - INFO - Test error rate: 23.22%, Test macro-F1: 0.7031, Test ECE: 0.1216
2026-02-28 11:50:44,660 - lg_cotrain - INFO - --- Trial 2/10 done: dev_macro_f1=0.6757 ---
2026-02-28 11:50:44,660 - lg_cotrain - INFO - --- Trial 3/10 ---
2026-02-28 11:50:45,172 - lg_cotrain - INFO - Starting LG-CoTrain: event=kaikoura_earthquake_2016, budget=25, seed_set=2
2026-02-28 11:50:45,183 - lg_cotrain - INFO - Detected 9 classes for event kaikoura_earthquake_2016: ['caution_and_advice', 'displaced_people_and_evacuations', 'infrastructure_and_utility_damage', 'injured_or_dead_people', 'not_humanitarian', 'other_relevant_information', 'requests_or_urgent_needs', 'rescue_volunteering_or_donation_effort', 'sympathy_and_support']
2026-02-28 11:50:45,189 - lg_cotrain - INFO - D_l1: 113, D_l2: 104, D_LG: 1319
2026-02-28 11:50:45,190 - lg_cotrain - INFO - === Phase 1: Weight Generation ===
2026-02-28 11:50:50,978 - lg_cotrain - INFO - Phase 1 epoch 1/7: mean_prob1=0.1134, mean_prob2=0.1143
2026-02-28 11:50:55,832 - lg_cotrain - INFO - Phase 1 epoch 2/7: mean_prob1=0.1175, mean_prob2=0.1160
2026-02-28 11:51:00,659 - lg_cotrain - INFO - Phase 1 epoch 3/7: mean_prob1=0.1193, mean_prob2=0.1184
2026-02-28 11:51:05,528 - lg_cotrain - INFO - Phase 1 epoch 4/7: mean_prob1=0.1198, mean_prob2=0.1214
2026-02-28 11:51:10,354 - lg_cotrain - INFO - Phase 1 epoch 5/7: mean_prob1=0.1224, mean_prob2=0.1244
2026-02-28 11:51:15,202 - lg_cotrain - INFO - Phase 1 epoch 6/7: mean_prob1=0.1260, mean_prob2=0.1275
2026-02-28 11:51:20,042 - lg_cotrain - INFO - Phase 1 epoch 7/7: mean_prob1=0.1305, mean_prob2=0.1303
2026-02-28 11:51:20,042 - lg_cotrain - INFO - === Phase 2: Co-Training ===
2026-02-28 11:51:21,158 - lg_cotrain - INFO - LR scheduler: total_steps_1=599, warmup=110; total_steps_2=599, warmup=110
2026-02-28 11:51:21,158 - lg_cotrain - INFO - Phase 1 done -> seeded Phase 2 trackers. lambda1: mean=0.1305, range=[0.0547, 0.2599]
2026-02-28 11:51:21,158 - lg_cotrain - INFO - Phase 1 done -> seeded Phase 2 trackers. lambda2: mean=0.1303, range=[0.0397, 0.2808]
2026-02-28 11:51:36,569 - lg_cotrain - INFO - Phase 2 epoch 1/19: loss1=0.2800, loss2=0.2893, dev_macro_f1=0.0410, dev_err=77.68%
2026-02-28 11:51:51,991 - lg_cotrain - INFO - Phase 2 epoch 2/19: loss1=0.2114, loss2=0.3221, dev_macro_f1=0.0810, dev_err=74.11%
2026-02-28 11:52:07,406 - lg_cotrain - INFO - Phase 2 epoch 3/19: loss1=0.1910, loss2=0.3138, dev_macro_f1=0.1234, dev_err=64.29%
2026-02-28 11:52:22,839 - lg_cotrain - INFO - Phase 2 epoch 4/19: loss1=0.1648, loss2=0.3065, dev_macro_f1=0.2076, dev_err=51.79%
2026-02-28 11:52:38,239 - lg_cotrain - INFO - Phase 2 epoch 5/19: loss1=0.1222, loss2=0.2913, dev_macro_f1=0.2411, dev_err=46.88%
2026-02-28 11:52:53,651 - lg_cotrain - INFO - Phase 2 epoch 6/19: loss1=0.0833, loss2=0.2477, dev_macro_f1=0.3303, dev_err=43.30%
2026-02-28 11:53:09,091 - lg_cotrain - INFO - Phase 2 epoch 7/19: loss1=0.0555, loss2=0.2163, dev_macro_f1=0.3870, dev_err=40.62%
2026-02-28 11:53:24,542 - lg_cotrain - INFO - Phase 2 epoch 8/19: loss1=0.0394, loss2=0.1853, dev_macro_f1=0.4785, dev_err=37.05%
2026-02-28 11:53:39,997 - lg_cotrain - INFO - Phase 2 epoch 9/19: loss1=0.0256, loss2=0.1434, dev_macro_f1=0.4854, dev_err=36.61%
2026-02-28 11:53:55,392 - lg_cotrain - INFO - Phase 2 epoch 10/19: loss1=0.0178, loss2=0.1162, dev_macro_f1=0.4914, dev_err=36.61%
2026-02-28 11:54:10,806 - lg_cotrain - INFO - Phase 2 epoch 11/19: loss1=0.0147, loss2=0.0935, dev_macro_f1=0.4852, dev_err=37.05%
2026-02-28 11:54:26,217 - lg_cotrain - INFO - Phase 2 epoch 12/19: loss1=0.0124, loss2=0.0690, dev_macro_f1=0.5153, dev_err=34.38%
2026-02-28 11:54:41,663 - lg_cotrain - INFO - Phase 2 epoch 13/19: loss1=0.0112, loss2=0.0559, dev_macro_f1=0.5092, dev_err=35.27%
2026-02-28 11:54:57,120 - lg_cotrain - INFO - Phase 2 epoch 14/19: loss1=0.0114, loss2=0.0458, dev_macro_f1=0.5271, dev_err=33.93%
2026-02-28 11:55:12,525 - lg_cotrain - INFO - Phase 2 epoch 15/19: loss1=0.0117, loss2=0.0394, dev_macro_f1=0.5373, dev_err=34.38%
2026-02-28 11:55:27,953 - lg_cotrain - INFO - Phase 2 epoch 16/19: loss1=0.0115, loss2=0.0325, dev_macro_f1=0.5535, dev_err=33.04%
2026-02-28 11:55:43,380 - lg_cotrain - INFO - Phase 2 epoch 17/19: loss1=0.0111, loss2=0.0299, dev_macro_f1=0.5320, dev_err=34.82%
2026-02-28 11:55:58,762 - lg_cotrain - INFO - Phase 2 epoch 18/19: loss1=0.0110, loss2=0.0261, dev_macro_f1=0.5681, dev_err=32.59%
2026-02-28 11:56:14,175 - lg_cotrain - INFO - Phase 2 epoch 19/19: loss1=0.0104, loss2=0.0238, dev_macro_f1=0.5459, dev_err=33.93%
2026-02-28 11:56:14,175 - lg_cotrain - INFO - === Phase 3: Fine-Tuning ===
2026-02-28 11:56:15,713 - lg_cotrain - INFO - Phase 3 epoch 1: dev_macro_f1=0.6236, dev_err=29.91%, es_counter1=0, es_counter2=0
2026-02-28 11:56:17,239 - lg_cotrain - INFO - Phase 3 epoch 2: dev_macro_f1=0.6399, dev_err=28.57%, es_counter1=0, es_counter2=0
2026-02-28 11:56:18,761 - lg_cotrain - INFO - Phase 3 epoch 3: dev_macro_f1=0.6209, dev_err=30.36%, es_counter1=1, es_counter2=1
2026-02-28 11:56:20,281 - lg_cotrain - INFO - Phase 3 epoch 4: dev_macro_f1=0.6232, dev_err=29.02%, es_counter1=2, es_counter2=2
2026-02-28 11:56:21,801 - lg_cotrain - INFO - Phase 3 epoch 5: dev_macro_f1=0.6204, dev_err=29.91%, es_counter1=3, es_counter2=3
2026-02-28 11:56:23,326 - lg_cotrain - INFO - Phase 3 epoch 6: dev_macro_f1=0.6226, dev_err=29.91%, es_counter1=4, es_counter2=4
2026-02-28 11:56:24,848 - lg_cotrain - INFO - Phase 3 epoch 7: dev_macro_f1=0.6182, dev_err=30.36%, es_counter1=5, es_counter2=5
2026-02-28 11:56:26,370 - lg_cotrain - INFO - Phase 3 epoch 8: dev_macro_f1=0.6250, dev_err=29.46%, es_counter1=6, es_counter2=6
2026-02-28 11:56:27,888 - lg_cotrain - INFO - Phase 3 epoch 9: dev_macro_f1=0.6286, dev_err=29.02%, es_counter1=7, es_counter2=7
2026-02-28 11:56:29,405 - lg_cotrain - INFO - Phase 3 epoch 10: dev_macro_f1=0.6297, dev_err=29.02%, es_counter1=8, es_counter2=8
2026-02-28 11:56:30,930 - lg_cotrain - INFO - Phase 3 epoch 11: dev_macro_f1=0.6306, dev_err=29.02%, es_counter1=9, es_counter2=9
2026-02-28 11:56:30,931 - lg_cotrain - INFO - Early stopping at epoch 11
2026-02-28 11:56:30,943 - lg_cotrain - INFO - === Final Evaluation ===
2026-02-28 11:56:32,823 - lg_cotrain - INFO - Results saved to C:\Users\anhtr\AppData\Local\Temp\tmptlm3tlob\kaikoura_earthquake_2016\25_set2\metrics.json
2026-02-28 11:56:32,823 - lg_cotrain - INFO - Test error rate: 25.06%, Test macro-F1: 0.6824, Test ECE: 0.1383
2026-02-28 11:56:32,836 - lg_cotrain - INFO - --- Trial 3/10 done: dev_macro_f1=0.6399 ---
2026-02-28 11:56:32,836 - lg_cotrain - INFO - --- Trial 4/10 ---
2026-02-28 11:56:33,346 - lg_cotrain - INFO - Starting LG-CoTrain: event=kaikoura_earthquake_2016, budget=25, seed_set=2
2026-02-28 11:56:33,359 - lg_cotrain - INFO - Detected 9 classes for event kaikoura_earthquake_2016: ['caution_and_advice', 'displaced_people_and_evacuations', 'infrastructure_and_utility_damage', 'injured_or_dead_people', 'not_humanitarian', 'other_relevant_information', 'requests_or_urgent_needs', 'rescue_volunteering_or_donation_effort', 'sympathy_and_support']
2026-02-28 11:56:33,365 - lg_cotrain - INFO - D_l1: 113, D_l2: 104, D_LG: 1319
2026-02-28 11:56:33,366 - lg_cotrain - INFO - === Phase 1: Weight Generation ===
2026-02-28 11:56:40,462 - lg_cotrain - INFO - Phase 1 epoch 1/7: mean_prob1=0.1254, mean_prob2=0.1211
2026-02-28 11:56:46,644 - lg_cotrain - INFO - Phase 1 epoch 2/7: mean_prob1=0.1371, mean_prob2=0.1178
2026-02-28 11:56:52,868 - lg_cotrain - INFO - Phase 1 epoch 3/7: mean_prob1=0.1807, mean_prob2=0.1163
2026-02-28 11:56:59,045 - lg_cotrain - INFO - Phase 1 epoch 4/7: mean_prob1=0.2321, mean_prob2=0.1159
2026-02-28 11:57:05,240 - lg_cotrain - INFO - Phase 1 epoch 5/7: mean_prob1=0.3528, mean_prob2=0.1166
2026-02-28 11:57:11,475 - lg_cotrain - INFO - Phase 1 epoch 6/7: mean_prob1=0.4849, mean_prob2=0.1374
2026-02-28 11:57:17,667 - lg_cotrain - INFO - Phase 1 epoch 7/7: mean_prob1=0.5457, mean_prob2=0.2120
2026-02-28 11:57:17,667 - lg_cotrain - INFO - === Phase 2: Co-Training ===
2026-02-28 11:57:18,680 - lg_cotrain - INFO - LR scheduler: total_steps_1=4140, warmup=1105; total_steps_2=3940, warmup=1051
2026-02-28 11:57:18,680 - lg_cotrain - INFO - Phase 1 done -> seeded Phase 2 trackers. lambda1: mean=0.5457, range=[0.0024, 0.9661]
2026-02-28 11:57:18,680 - lg_cotrain - INFO - Phase 1 done -> seeded Phase 2 trackers. lambda2: mean=0.2120, range=[0.0180, 0.5836]
2026-02-28 11:57:40,478 - lg_cotrain - INFO - Phase 2 epoch 1/16: loss1=0.3978, loss2=1.0524, dev_macro_f1=0.2101, dev_err=52.68%
2026-02-28 11:58:02,243 - lg_cotrain - INFO - Phase 2 epoch 2/16: loss1=0.1426, loss2=0.5044, dev_macro_f1=0.4994, dev_err=35.71%
2026-02-28 11:58:24,007 - lg_cotrain - INFO - Phase 2 epoch 3/16: loss1=0.0545, loss2=0.2646, dev_macro_f1=0.5688, dev_err=33.48%
2026-02-28 11:58:45,788 - lg_cotrain - INFO - Phase 2 epoch 4/16: loss1=0.0413, loss2=0.2222, dev_macro_f1=0.5578, dev_err=33.93%
2026-02-28 11:59:07,609 - lg_cotrain - INFO - Phase 2 epoch 5/16: loss1=0.0625, loss2=0.2933, dev_macro_f1=0.5131, dev_err=34.82%
2026-02-28 11:59:29,379 - lg_cotrain - INFO - Phase 2 epoch 6/16: loss1=0.1154, loss2=0.2734, dev_macro_f1=0.5992, dev_err=32.14%
2026-02-28 11:59:51,183 - lg_cotrain - INFO - Phase 2 epoch 7/16: loss1=0.1182, loss2=0.2389, dev_macro_f1=0.6290, dev_err=29.91%
2026-02-28 12:00:12,957 - lg_cotrain - INFO - Phase 2 epoch 8/16: loss1=0.1231, loss2=0.2357, dev_macro_f1=0.5917, dev_err=32.14%
2026-02-28 12:00:34,720 - lg_cotrain - INFO - Phase 2 epoch 9/16: loss1=0.0815, loss2=0.1619, dev_macro_f1=0.6005, dev_err=32.59%
2026-02-28 12:00:56,455 - lg_cotrain - INFO - Phase 2 epoch 10/16: loss1=0.0958, loss2=0.1355, dev_macro_f1=0.6258, dev_err=29.46%
2026-02-28 12:01:18,232 - lg_cotrain - INFO - Phase 2 epoch 11/16: loss1=0.0920, loss2=0.1002, dev_macro_f1=0.6245, dev_err=31.25%
2026-02-28 12:01:40,056 - lg_cotrain - INFO - Phase 2 epoch 12/16: loss1=0.0565, loss2=0.0628, dev_macro_f1=0.6326, dev_err=30.36%
2026-02-28 12:02:01,859 - lg_cotrain - INFO - Phase 2 epoch 13/16: loss1=0.0519, loss2=0.0402, dev_macro_f1=0.6202, dev_err=30.36%
2026-02-28 12:02:23,644 - lg_cotrain - INFO - Phase 2 epoch 14/16: loss1=0.0611, loss2=0.0273, dev_macro_f1=0.6423, dev_err=29.46%
2026-02-28 12:02:45,424 - lg_cotrain - INFO - Phase 2 epoch 15/16: loss1=0.0527, loss2=0.0138, dev_macro_f1=0.6680, dev_err=27.68%
2026-02-28 12:03:07,167 - lg_cotrain - INFO - Phase 2 epoch 16/16: loss1=0.0234, loss2=0.0119, dev_macro_f1=0.6446, dev_err=29.46%
2026-02-28 12:03:07,168 - lg_cotrain - INFO - === Phase 3: Fine-Tuning ===
2026-02-28 12:03:09,318 - lg_cotrain - INFO - Phase 3 epoch 1: dev_macro_f1=0.6198, dev_err=34.38%, es_counter1=0, es_counter2=0
2026-02-28 12:03:11,473 - lg_cotrain - INFO - Phase 3 epoch 2: dev_macro_f1=0.6364, dev_err=33.48%, es_counter1=0, es_counter2=0
2026-02-28 12:03:13,630 - lg_cotrain - INFO - Phase 3 epoch 3: dev_macro_f1=0.6712, dev_err=30.80%, es_counter1=0, es_counter2=0
2026-02-28 12:03:15,767 - lg_cotrain - INFO - Phase 3 epoch 4: dev_macro_f1=0.6456, dev_err=33.48%, es_counter1=1, es_counter2=1
2026-02-28 12:03:17,895 - lg_cotrain - INFO - Phase 3 epoch 5: dev_macro_f1=0.6317, dev_err=35.27%, es_counter1=2, es_counter2=2
2026-02-28 12:03:20,029 - lg_cotrain - INFO - Phase 3 epoch 6: dev_macro_f1=0.6421, dev_err=33.48%, es_counter1=3, es_counter2=3
2026-02-28 12:03:22,165 - lg_cotrain - INFO - Phase 3 epoch 7: dev_macro_f1=0.6477, dev_err=33.04%, es_counter1=4, es_counter2=4
2026-02-28 12:03:24,291 - lg_cotrain - INFO - Phase 3 epoch 8: dev_macro_f1=0.6538, dev_err=32.59%, es_counter1=5, es_counter2=5
2026-02-28 12:03:26,420 - lg_cotrain - INFO - Phase 3 epoch 9: dev_macro_f1=0.6487, dev_err=32.59%, es_counter1=6, es_counter2=6
2026-02-28 12:03:28,550 - lg_cotrain - INFO - Phase 3 epoch 10: dev_macro_f1=0.6614, dev_err=31.70%, es_counter1=7, es_counter2=7
2026-02-28 12:03:30,683 - lg_cotrain - INFO - Phase 3 epoch 11: dev_macro_f1=0.6640, dev_err=30.80%, es_counter1=8, es_counter2=8
2026-02-28 12:03:32,844 - lg_cotrain - INFO - Phase 3 epoch 12: dev_macro_f1=0.6728, dev_err=29.91%, es_counter1=0, es_counter2=0
2026-02-28 12:03:34,981 - lg_cotrain - INFO - Phase 3 epoch 13: dev_macro_f1=0.6494, dev_err=33.48%, es_counter1=1, es_counter2=1
2026-02-28 12:03:37,103 - lg_cotrain - INFO - Phase 3 epoch 14: dev_macro_f1=0.6683, dev_err=30.80%, es_counter1=2, es_counter2=2
2026-02-28 12:03:39,235 - lg_cotrain - INFO - Phase 3 epoch 15: dev_macro_f1=0.6659, dev_err=31.25%, es_counter1=3, es_counter2=3
2026-02-28 12:03:41,363 - lg_cotrain - INFO - Phase 3 epoch 16: dev_macro_f1=0.6724, dev_err=30.36%, es_counter1=4, es_counter2=4
2026-02-28 12:03:43,534 - lg_cotrain - INFO - Phase 3 epoch 17: dev_macro_f1=0.6779, dev_err=29.91%, es_counter1=0, es_counter2=0
2026-02-28 12:03:45,688 - lg_cotrain - INFO - Phase 3 epoch 18: dev_macro_f1=0.6822, dev_err=29.46%, es_counter1=0, es_counter2=0
2026-02-28 12:03:47,817 - lg_cotrain - INFO - Phase 3 epoch 19: dev_macro_f1=0.6719, dev_err=30.36%, es_counter1=1, es_counter2=1
2026-02-28 12:03:49,953 - lg_cotrain - INFO - Phase 3 epoch 20: dev_macro_f1=0.6759, dev_err=30.36%, es_counter1=2, es_counter2=2
2026-02-28 12:03:52,095 - lg_cotrain - INFO - Phase 3 epoch 21: dev_macro_f1=0.6689, dev_err=31.70%, es_counter1=3, es_counter2=3
2026-02-28 12:03:54,239 - lg_cotrain - INFO - Phase 3 epoch 22: dev_macro_f1=0.6486, dev_err=33.48%, es_counter1=4, es_counter2=4
2026-02-28 12:03:56,382 - lg_cotrain - INFO - Phase 3 epoch 23: dev_macro_f1=0.6671, dev_err=31.70%, es_counter1=5, es_counter2=5
2026-02-28 12:03:58,525 - lg_cotrain - INFO - Phase 3 epoch 24: dev_macro_f1=0.6764, dev_err=30.36%, es_counter1=6, es_counter2=6
2026-02-28 12:04:00,670 - lg_cotrain - INFO - Phase 3 epoch 25: dev_macro_f1=0.6760, dev_err=30.36%, es_counter1=7, es_counter2=7
2026-02-28 12:04:02,817 - lg_cotrain - INFO - Phase 3 epoch 26: dev_macro_f1=0.6760, dev_err=30.36%, es_counter1=8, es_counter2=8
2026-02-28 12:04:04,956 - lg_cotrain - INFO - Phase 3 epoch 27: dev_macro_f1=0.6760, dev_err=30.36%, es_counter1=9, es_counter2=9
2026-02-28 12:04:07,114 - lg_cotrain - INFO - Phase 3 epoch 28: dev_macro_f1=0.6766, dev_err=30.36%, es_counter1=10, es_counter2=10
2026-02-28 12:04:07,114 - lg_cotrain - INFO - Early stopping at epoch 28
2026-02-28 12:04:07,126 - lg_cotrain - INFO - === Final Evaluation ===
2026-02-28 12:04:09,409 - lg_cotrain - INFO - Results saved to C:\Users\anhtr\AppData\Local\Temp\tmp6349a8s1\kaikoura_earthquake_2016\25_set2\metrics.json
2026-02-28 12:04:09,409 - lg_cotrain - INFO - Test error rate: 28.05%, Test macro-F1: 0.6885, Test ECE: 0.1534
2026-02-28 12:04:09,420 - lg_cotrain - INFO - --- Trial 4/10 done: dev_macro_f1=0.6822 ---
2026-02-28 12:04:09,420 - lg_cotrain - INFO - --- Trial 5/10 ---
2026-02-28 12:04:09,927 - lg_cotrain - INFO - Starting LG-CoTrain: event=kaikoura_earthquake_2016, budget=25, seed_set=2
2026-02-28 12:04:09,939 - lg_cotrain - INFO - Detected 9 classes for event kaikoura_earthquake_2016: ['caution_and_advice', 'displaced_people_and_evacuations', 'infrastructure_and_utility_damage', 'injured_or_dead_people', 'not_humanitarian', 'other_relevant_information', 'requests_or_urgent_needs', 'rescue_volunteering_or_donation_effort', 'sympathy_and_support']
2026-02-28 12:04:09,943 - lg_cotrain - INFO - D_l1: 113, D_l2: 104, D_LG: 1319
2026-02-28 12:04:09,944 - lg_cotrain - INFO - === Phase 1: Weight Generation ===
2026-02-28 12:04:17,168 - lg_cotrain - INFO - Phase 1 epoch 1/7: mean_prob1=0.1272, mean_prob2=0.1134
2026-02-28 12:04:23,372 - lg_cotrain - INFO - Phase 1 epoch 2/7: mean_prob1=0.1264, mean_prob2=0.1213
2026-02-28 12:04:29,545 - lg_cotrain - INFO - Phase 1 epoch 3/7: mean_prob1=0.1243, mean_prob2=0.1261
2026-02-28 12:04:35,783 - lg_cotrain - INFO - Phase 1 epoch 4/7: mean_prob1=0.1286, mean_prob2=0.1345
2026-02-28 12:04:41,982 - lg_cotrain - INFO - Phase 1 epoch 5/7: mean_prob1=0.1304, mean_prob2=0.1368
2026-02-28 12:04:48,157 - lg_cotrain - INFO - Phase 1 epoch 6/7: mean_prob1=0.1443, mean_prob2=0.1430
2026-02-28 12:04:54,365 - lg_cotrain - INFO - Phase 1 epoch 7/7: mean_prob1=0.1525, mean_prob2=0.1531
2026-02-28 12:04:54,365 - lg_cotrain - INFO - === Phase 2: Co-Training ===
2026-02-28 12:04:55,337 - lg_cotrain - INFO - LR scheduler: total_steps_1=3150, warmup=858; total_steps_2=2950, warmup=803
2026-02-28 12:04:55,337 - lg_cotrain - INFO - Phase 1 done -> seeded Phase 2 trackers. lambda1: mean=0.1525, range=[0.0369, 0.3888]
2026-02-28 12:04:55,337 - lg_cotrain - INFO - Phase 1 done -> seeded Phase 2 trackers. lambda2: mean=0.1531, range=[0.0294, 0.3364]
2026-02-28 12:05:17,110 - lg_cotrain - INFO - Phase 2 epoch 1/10: loss1=0.3166, loss2=0.3260, dev_macro_f1=0.1315, dev_err=63.84%
2026-02-28 12:05:38,880 - lg_cotrain - INFO - Phase 2 epoch 2/10: loss1=0.2057, loss2=0.3296, dev_macro_f1=0.1591, dev_err=58.48%
2026-02-28 12:06:00,642 - lg_cotrain - INFO - Phase 2 epoch 3/10: loss1=0.1428, loss2=0.2813, dev_macro_f1=0.2357, dev_err=48.21%
2026-02-28 12:06:22,479 - lg_cotrain - INFO - Phase 2 epoch 4/10: loss1=0.0836, loss2=0.2093, dev_macro_f1=0.4404, dev_err=39.73%
2026-02-28 12:06:44,282 - lg_cotrain - INFO - Phase 2 epoch 5/10: loss1=0.0473, loss2=0.1549, dev_macro_f1=0.4726, dev_err=37.50%
2026-02-28 12:07:06,092 - lg_cotrain - INFO - Phase 2 epoch 6/10: loss1=0.0227, loss2=0.1133, dev_macro_f1=0.4753, dev_err=36.61%
2026-02-28 12:07:27,863 - lg_cotrain - INFO - Phase 2 epoch 7/10: loss1=0.0143, loss2=0.0737, dev_macro_f1=0.5807, dev_err=33.48%
2026-02-28 12:07:49,652 - lg_cotrain - INFO - Phase 2 epoch 8/10: loss1=0.0130, loss2=0.0529, dev_macro_f1=0.5611, dev_err=33.48%
2026-02-28 12:08:11,398 - lg_cotrain - INFO - Phase 2 epoch 9/10: loss1=0.0088, loss2=0.0337, dev_macro_f1=0.5663, dev_err=33.04%
2026-02-28 12:08:33,192 - lg_cotrain - INFO - Phase 2 epoch 10/10: loss1=0.0077, loss2=0.0205, dev_macro_f1=0.5678, dev_err=33.04%
2026-02-28 12:08:33,193 - lg_cotrain - INFO - === Phase 3: Fine-Tuning ===
2026-02-28 12:08:35,348 - lg_cotrain - INFO - Phase 3 epoch 1: dev_macro_f1=0.6383, dev_err=28.57%, es_counter1=0, es_counter2=0
2026-02-28 12:08:37,520 - lg_cotrain - INFO - Phase 3 epoch 2: dev_macro_f1=0.6432, dev_err=29.02%, es_counter1=0, es_counter2=0
2026-02-28 12:08:39,678 - lg_cotrain - INFO - Phase 3 epoch 3: dev_macro_f1=0.6473, dev_err=27.68%, es_counter1=0, es_counter2=0
2026-02-28 12:08:41,822 - lg_cotrain - INFO - Phase 3 epoch 4: dev_macro_f1=0.6450, dev_err=28.12%, es_counter1=1, es_counter2=1
2026-02-28 12:08:43,982 - lg_cotrain - INFO - Phase 3 epoch 5: dev_macro_f1=0.6576, dev_err=26.79%, es_counter1=0, es_counter2=0
2026-02-28 12:08:46,137 - lg_cotrain - INFO - Phase 3 epoch 6: dev_macro_f1=0.6694, dev_err=26.79%, es_counter1=0, es_counter2=0
2026-02-28 12:08:48,273 - lg_cotrain - INFO - Phase 3 epoch 7: dev_macro_f1=0.6632, dev_err=28.12%, es_counter1=1, es_counter2=1
2026-02-28 12:08:50,410 - lg_cotrain - INFO - Phase 3 epoch 8: dev_macro_f1=0.6596, dev_err=28.12%, es_counter1=2, es_counter2=2
2026-02-28 12:08:52,556 - lg_cotrain - INFO - Phase 3 epoch 9: dev_macro_f1=0.6625, dev_err=27.68%, es_counter1=3, es_counter2=3
2026-02-28 12:08:54,696 - lg_cotrain - INFO - Phase 3 epoch 10: dev_macro_f1=0.6582, dev_err=28.12%, es_counter1=4, es_counter2=4
2026-02-28 12:08:56,837 - lg_cotrain - INFO - Phase 3 epoch 11: dev_macro_f1=0.6686, dev_err=27.23%, es_counter1=5, es_counter2=5
2026-02-28 12:08:58,978 - lg_cotrain - INFO - Phase 3 epoch 12: dev_macro_f1=0.6647, dev_err=27.68%, es_counter1=6, es_counter2=6
2026-02-28 12:09:01,118 - lg_cotrain - INFO - Phase 3 epoch 13: dev_macro_f1=0.6647, dev_err=27.68%, es_counter1=7, es_counter2=7
2026-02-28 12:09:03,261 - lg_cotrain - INFO - Phase 3 epoch 14: dev_macro_f1=0.6663, dev_err=27.23%, es_counter1=8, es_counter2=8
2026-02-28 12:09:05,388 - lg_cotrain - INFO - Phase 3 epoch 15: dev_macro_f1=0.6624, dev_err=27.68%, es_counter1=9, es_counter2=9
2026-02-28 12:09:05,389 - lg_cotrain - INFO - Early stopping at epoch 15
2026-02-28 12:09:05,398 - lg_cotrain - INFO - === Final Evaluation ===
2026-02-28 12:09:07,682 - lg_cotrain - INFO - Results saved to C:\Users\anhtr\AppData\Local\Temp\tmp3v2d38bb\kaikoura_earthquake_2016\25_set2\metrics.json
2026-02-28 12:09:07,684 - lg_cotrain - INFO - Test error rate: 23.45%, Test macro-F1: 0.7092, Test ECE: 0.0997
2026-02-28 12:09:07,691 - lg_cotrain - INFO - --- Trial 5/10 done: dev_macro_f1=0.6694 ---
2026-02-28 12:09:07,691 - lg_cotrain - INFO - --- Trial 6/10 ---
2026-02-28 12:09:08,215 - lg_cotrain - INFO - Starting LG-CoTrain: event=kaikoura_earthquake_2016, budget=25, seed_set=2
2026-02-28 12:09:08,227 - lg_cotrain - INFO - Detected 9 classes for event kaikoura_earthquake_2016: ['caution_and_advice', 'displaced_people_and_evacuations', 'infrastructure_and_utility_damage', 'injured_or_dead_people', 'not_humanitarian', 'other_relevant_information', 'requests_or_urgent_needs', 'rescue_volunteering_or_donation_effort', 'sympathy_and_support']
2026-02-28 12:09:08,230 - lg_cotrain - INFO - D_l1: 113, D_l2: 104, D_LG: 1319
2026-02-28 12:09:08,231 - lg_cotrain - INFO - === Phase 1: Weight Generation ===
2026-02-28 12:09:14,258 - lg_cotrain - INFO - Phase 1 epoch 1/7: mean_prob1=0.1174, mean_prob2=0.0965
2026-02-28 12:09:19,294 - lg_cotrain - INFO - Phase 1 epoch 2/7: mean_prob1=0.1130, mean_prob2=0.1216
2026-02-28 12:09:24,355 - lg_cotrain - INFO - Phase 1 epoch 3/7: mean_prob1=0.1137, mean_prob2=0.1116
2026-02-28 12:09:29,401 - lg_cotrain - INFO - Phase 1 epoch 4/7: mean_prob1=0.1083, mean_prob2=0.1151
2026-02-28 12:09:34,457 - lg_cotrain - INFO - Phase 1 epoch 5/7: mean_prob1=0.1139, mean_prob2=0.1138
2026-02-28 12:09:39,514 - lg_cotrain - INFO - Phase 1 epoch 6/7: mean_prob1=0.1169, mean_prob2=0.1207
2026-02-28 12:09:44,587 - lg_cotrain - INFO - Phase 1 epoch 7/7: mean_prob1=0.1136, mean_prob2=0.1162
2026-02-28 12:09:44,587 - lg_cotrain - INFO - === Phase 2: Co-Training ===
2026-02-28 12:09:45,565 - lg_cotrain - INFO - LR scheduler: total_steps_1=1156, warmup=248; total_steps_2=1156, warmup=248
2026-02-28 12:09:45,565 - lg_cotrain - INFO - Phase 1 done -> seeded Phase 2 trackers. lambda1: mean=0.1136, range=[0.0863, 0.1520]
2026-02-28 12:09:45,565 - lg_cotrain - INFO - Phase 1 done -> seeded Phase 2 trackers. lambda2: mean=0.1162, range=[0.0562, 0.1859]
2026-02-28 12:10:02,165 - lg_cotrain - INFO - Phase 2 epoch 1/18: loss1=0.2126, loss2=0.2153, dev_macro_f1=0.2828, dev_err=45.98%
2026-02-28 12:10:18,804 - lg_cotrain - INFO - Phase 2 epoch 2/18: loss1=0.0751, loss2=0.2713, dev_macro_f1=0.5036, dev_err=34.38%
2026-02-28 12:10:35,484 - lg_cotrain - INFO - Phase 2 epoch 3/18: loss1=0.0513, loss2=0.2961, dev_macro_f1=0.4819, dev_err=37.05%
2026-02-28 12:10:52,116 - lg_cotrain - INFO - Phase 2 epoch 4/18: loss1=0.0792, loss2=0.5279, dev_macro_f1=0.5181, dev_err=37.95%
2026-02-28 12:11:08,740 - lg_cotrain - INFO - Phase 2 epoch 5/18: loss1=0.1478, loss2=1.5212, dev_macro_f1=0.3236, dev_err=51.34%
2026-02-28 12:11:25,281 - lg_cotrain - INFO - Phase 2 epoch 6/18: loss1=0.2153, loss2=1.4964, dev_macro_f1=0.0365, dev_err=80.36%
2026-02-28 12:11:41,840 - lg_cotrain - INFO - Phase 2 epoch 7/18: loss1=0.1560, loss2=1.3908, dev_macro_f1=0.0365, dev_err=80.36%
2026-02-28 12:11:58,390 - lg_cotrain - INFO - Phase 2 epoch 8/18: loss1=0.1261, loss2=1.3216, dev_macro_f1=0.0406, dev_err=77.68%
2026-02-28 12:12:14,914 - lg_cotrain - INFO - Phase 2 epoch 9/18: loss1=0.1056, loss2=1.2624, dev_macro_f1=0.0365, dev_err=80.36%
2026-02-28 12:12:31,466 - lg_cotrain - INFO - Phase 2 epoch 10/18: loss1=0.0969, loss2=1.2066, dev_macro_f1=0.0365, dev_err=80.36%
2026-02-28 12:12:47,977 - lg_cotrain - INFO - Phase 2 epoch 11/18: loss1=0.0920, loss2=1.1495, dev_macro_f1=0.0365, dev_err=80.36%
2026-02-28 12:13:04,500 - lg_cotrain - INFO - Phase 2 epoch 12/18: loss1=0.0873, loss2=1.1146, dev_macro_f1=0.0406, dev_err=77.68%
2026-02-28 12:13:22,230 - lg_cotrain - INFO - Phase 2 epoch 13/18: loss1=0.0859, loss2=1.0794, dev_macro_f1=0.0365, dev_err=80.36%
2026-02-28 12:13:39,366 - lg_cotrain - INFO - Phase 2 epoch 14/18: loss1=0.0847, loss2=1.0456, dev_macro_f1=0.0406, dev_err=77.68%
2026-02-28 12:13:56,070 - lg_cotrain - INFO - Phase 2 epoch 15/18: loss1=0.0827, loss2=1.0158, dev_macro_f1=0.0365, dev_err=80.36%
2026-02-28 12:14:12,791 - lg_cotrain - INFO - Phase 2 epoch 16/18: loss1=0.0837, loss2=0.9906, dev_macro_f1=0.0406, dev_err=77.68%
2026-02-28 12:14:29,544 - lg_cotrain - INFO - Phase 2 epoch 17/18: loss1=0.0842, loss2=0.9666, dev_macro_f1=0.0406, dev_err=77.68%
2026-02-28 12:14:46,215 - lg_cotrain - INFO - Phase 2 epoch 18/18: loss1=0.0843, loss2=0.9439, dev_macro_f1=0.0406, dev_err=77.68%
2026-02-28 12:14:46,215 - lg_cotrain - INFO - === Phase 3: Fine-Tuning ===
2026-02-28 12:14:47,996 - lg_cotrain - INFO - Phase 3 epoch 1: dev_macro_f1=0.0365, dev_err=80.36%, es_counter1=0, es_counter2=0
2026-02-28 12:14:49,634 - lg_cotrain - INFO - Phase 3 epoch 2: dev_macro_f1=0.0104, dev_err=95.09%, es_counter1=1, es_counter2=1
2026-02-28 12:14:51,277 - lg_cotrain - INFO - Phase 3 epoch 3: dev_macro_f1=0.0086, dev_err=95.98%, es_counter1=2, es_counter2=2
2026-02-28 12:14:52,921 - lg_cotrain - INFO - Phase 3 epoch 4: dev_macro_f1=0.0086, dev_err=95.98%, es_counter1=3, es_counter2=3
2026-02-28 12:14:54,650 - lg_cotrain - INFO - Phase 3 epoch 5: dev_macro_f1=0.0190, dev_err=90.62%, es_counter1=4, es_counter2=4
2026-02-28 12:14:56,284 - lg_cotrain - INFO - Phase 3 epoch 6: dev_macro_f1=0.0190, dev_err=90.62%, es_counter1=5, es_counter2=5
2026-02-28 12:14:57,919 - lg_cotrain - INFO - Phase 3 epoch 7: dev_macro_f1=0.0365, dev_err=80.36%, es_counter1=6, es_counter2=6
2026-02-28 12:14:59,557 - lg_cotrain - INFO - Phase 3 epoch 8: dev_macro_f1=0.0207, dev_err=89.73%, es_counter1=7, es_counter2=7
2026-02-28 12:14:59,557 - lg_cotrain - INFO - Early stopping at epoch 8
2026-02-28 12:14:59,567 - lg_cotrain - INFO - === Final Evaluation ===
2026-02-28 12:15:01,503 - lg_cotrain - INFO - Results saved to C:\Users\anhtr\AppData\Local\Temp\tmp5tjvlsac\kaikoura_earthquake_2016\25_set2\metrics.json
2026-02-28 12:15:01,503 - lg_cotrain - INFO - Test error rate: 80.23%, Test macro-F1: 0.0367, Test ECE: 0.0142
2026-02-28 12:15:01,511 - lg_cotrain - INFO - --- Trial 6/10 done: dev_macro_f1=0.0365 ---
2026-02-28 12:15:01,511 - lg_cotrain - INFO - --- Trial 7/10 ---
2026-02-28 12:15:02,080 - lg_cotrain - INFO - Starting LG-CoTrain: event=kaikoura_earthquake_2016, budget=25, seed_set=2
2026-02-28 12:15:02,094 - lg_cotrain - INFO - Detected 9 classes for event kaikoura_earthquake_2016: ['caution_and_advice', 'displaced_people_and_evacuations', 'infrastructure_and_utility_damage', 'injured_or_dead_people', 'not_humanitarian', 'other_relevant_information', 'requests_or_urgent_needs', 'rescue_volunteering_or_donation_effort', 'sympathy_and_support']
2026-02-28 12:15:02,098 - lg_cotrain - INFO - D_l1: 113, D_l2: 104, D_LG: 1319
2026-02-28 12:15:02,100 - lg_cotrain - INFO - === Phase 1: Weight Generation ===
2026-02-28 12:15:08,787 - lg_cotrain - INFO - Phase 1 epoch 1/7: mean_prob1=0.1231, mean_prob2=0.1074
2026-02-28 12:15:14,393 - lg_cotrain - INFO - Phase 1 epoch 2/7: mean_prob1=0.0991, mean_prob2=0.1238
2026-02-28 12:15:19,980 - lg_cotrain - INFO - Phase 1 epoch 3/7: mean_prob1=0.1051, mean_prob2=0.1151
2026-02-28 12:15:25,596 - lg_cotrain - INFO - Phase 1 epoch 4/7: mean_prob1=0.1131, mean_prob2=0.1116
2026-02-28 12:15:31,199 - lg_cotrain - INFO - Phase 1 epoch 5/7: mean_prob1=0.1144, mean_prob2=0.1103
2026-02-28 12:15:36,822 - lg_cotrain - INFO - Phase 1 epoch 6/7: mean_prob1=0.1242, mean_prob2=0.1189
2026-02-28 12:15:42,431 - lg_cotrain - INFO - Phase 1 epoch 7/7: mean_prob1=0.1202, mean_prob2=0.1160
2026-02-28 12:15:42,431 - lg_cotrain - INFO - === Phase 2: Co-Training ===
2026-02-28 12:15:43,453 - lg_cotrain - INFO - LR scheduler: total_steps_1=1879, warmup=455; total_steps_2=1779, warmup=431
2026-02-28 12:15:43,453 - lg_cotrain - INFO - Phase 1 done -> seeded Phase 2 trackers. lambda1: mean=0.1202, range=[0.0490, 0.2029]
2026-02-28 12:15:43,453 - lg_cotrain - INFO - Phase 1 done -> seeded Phase 2 trackers. lambda2: mean=0.1160, range=[0.0450, 0.1740]
2026-02-28 12:16:02,739 - lg_cotrain - INFO - Phase 2 epoch 1/13: loss1=0.1875, loss2=0.1951, dev_macro_f1=0.5000, dev_err=34.82%
2026-02-28 12:16:21,713 - lg_cotrain - INFO - Phase 2 epoch 2/13: loss1=0.0837, loss2=0.4373, dev_macro_f1=0.5295, dev_err=31.70%
2026-02-28 12:16:40,822 - lg_cotrain - INFO - Phase 2 epoch 3/13: loss1=0.1951, loss2=0.9783, dev_macro_f1=0.0406, dev_err=77.68%
2026-02-28 12:16:59,748 - lg_cotrain - INFO - Phase 2 epoch 4/13: loss1=0.1895, loss2=1.2698, dev_macro_f1=0.0406, dev_err=77.68%
2026-02-28 12:17:18,821 - lg_cotrain - INFO - Phase 2 epoch 5/13: loss1=0.1178, loss2=1.1568, dev_macro_f1=0.0406, dev_err=77.68%
2026-02-28 12:17:37,840 - lg_cotrain - INFO - Phase 2 epoch 6/13: loss1=0.0871, loss2=1.0741, dev_macro_f1=0.0406, dev_err=77.68%
2026-02-28 12:17:56,779 - lg_cotrain - INFO - Phase 2 epoch 7/13: loss1=0.0667, loss2=1.0228, dev_macro_f1=0.0406, dev_err=77.68%
2026-02-28 12:18:15,878 - lg_cotrain - INFO - Phase 2 epoch 8/13: loss1=0.0663, loss2=0.9664, dev_macro_f1=0.0406, dev_err=77.68%
2026-02-28 12:18:34,876 - lg_cotrain - INFO - Phase 2 epoch 9/13: loss1=0.0615, loss2=0.9251, dev_macro_f1=0.0406, dev_err=77.68%
2026-02-28 12:18:53,810 - lg_cotrain - INFO - Phase 2 epoch 10/13: loss1=0.0624, loss2=0.8836, dev_macro_f1=0.0406, dev_err=77.68%
2026-02-28 12:19:12,862 - lg_cotrain - INFO - Phase 2 epoch 11/13: loss1=0.0605, loss2=0.8505, dev_macro_f1=0.0406, dev_err=77.68%
2026-02-28 12:19:31,761 - lg_cotrain - INFO - Phase 2 epoch 12/13: loss1=0.0625, loss2=0.8284, dev_macro_f1=0.0406, dev_err=77.68%
2026-02-28 12:19:50,797 - lg_cotrain - INFO - Phase 2 epoch 13/13: loss1=0.0615, loss2=0.8018, dev_macro_f1=0.0406, dev_err=77.68%
2026-02-28 12:19:50,798 - lg_cotrain - INFO - === Phase 3: Fine-Tuning ===
2026-02-28 12:19:52,681 - lg_cotrain - INFO - Phase 3 epoch 1: dev_macro_f1=0.0406, dev_err=77.68%, es_counter1=0, es_counter2=0
2026-02-28 12:19:54,544 - lg_cotrain - INFO - Phase 3 epoch 2: dev_macro_f1=0.0104, dev_err=95.09%, es_counter1=1, es_counter2=1
2026-02-28 12:19:56,478 - lg_cotrain - INFO - Phase 3 epoch 3: dev_macro_f1=0.0020, dev_err=99.11%, es_counter1=2, es_counter2=2
2026-02-28 12:19:58,343 - lg_cotrain - INFO - Phase 3 epoch 4: dev_macro_f1=0.0207, dev_err=89.73%, es_counter1=3, es_counter2=3
2026-02-28 12:20:00,200 - lg_cotrain - INFO - Phase 3 epoch 5: dev_macro_f1=0.0104, dev_err=95.09%, es_counter1=4, es_counter2=4
2026-02-28 12:20:02,062 - lg_cotrain - INFO - Phase 3 epoch 6: dev_macro_f1=0.0365, dev_err=80.36%, es_counter1=5, es_counter2=5
2026-02-28 12:20:03,922 - lg_cotrain - INFO - Phase 3 epoch 7: dev_macro_f1=0.0406, dev_err=77.68%, es_counter1=6, es_counter2=6
2026-02-28 12:20:05,779 - lg_cotrain - INFO - Phase 3 epoch 8: dev_macro_f1=0.0104, dev_err=95.09%, es_counter1=7, es_counter2=7
2026-02-28 12:20:07,645 - lg_cotrain - INFO - Phase 3 epoch 9: dev_macro_f1=0.0086, dev_err=95.98%, es_counter1=8, es_counter2=8
2026-02-28 12:20:07,645 - lg_cotrain - INFO - Early stopping at epoch 9
2026-02-28 12:20:07,658 - lg_cotrain - INFO - === Final Evaluation ===
2026-02-28 12:20:09,807 - lg_cotrain - INFO - Results saved to C:\Users\anhtr\AppData\Local\Temp\tmpwsuoew5i\kaikoura_earthquake_2016\25_set2\metrics.json
2026-02-28 12:20:09,807 - lg_cotrain - INFO - Test error rate: 77.47%, Test macro-F1: 0.0409, Test ECE: 0.0370
2026-02-28 12:20:09,819 - lg_cotrain - INFO - --- Trial 7/10 done: dev_macro_f1=0.0406 ---
2026-02-28 12:20:09,820 - lg_cotrain - INFO - --- Trial 8/10 ---
2026-02-28 12:20:10,321 - lg_cotrain - INFO - Starting LG-CoTrain: event=kaikoura_earthquake_2016, budget=25, seed_set=2
2026-02-28 12:20:10,332 - lg_cotrain - INFO - Detected 9 classes for event kaikoura_earthquake_2016: ['caution_and_advice', 'displaced_people_and_evacuations', 'infrastructure_and_utility_damage', 'injured_or_dead_people', 'not_humanitarian', 'other_relevant_information', 'requests_or_urgent_needs', 'rescue_volunteering_or_donation_effort', 'sympathy_and_support']
2026-02-28 12:20:10,339 - lg_cotrain - INFO - D_l1: 113, D_l2: 104, D_LG: 1319
2026-02-28 12:20:10,341 - lg_cotrain - INFO - === Phase 1: Weight Generation ===
2026-02-28 12:20:16,522 - lg_cotrain - INFO - Phase 1 epoch 1/7: mean_prob1=0.1166, mean_prob2=0.1169
2026-02-28 12:20:21,642 - lg_cotrain - INFO - Phase 1 epoch 2/7: mean_prob1=0.1154, mean_prob2=0.1161
2026-02-28 12:20:26,748 - lg_cotrain - INFO - Phase 1 epoch 3/7: mean_prob1=0.1268, mean_prob2=0.1180
2026-02-28 12:20:31,894 - lg_cotrain - INFO - Phase 1 epoch 4/7: mean_prob1=0.1280, mean_prob2=0.1223
2026-02-28 12:20:37,089 - lg_cotrain - INFO - Phase 1 epoch 5/7: mean_prob1=0.1394, mean_prob2=0.1289
2026-02-28 12:20:42,233 - lg_cotrain - INFO - Phase 1 epoch 6/7: mean_prob1=0.1544, mean_prob2=0.1342
2026-02-28 12:20:47,351 - lg_cotrain - INFO - Phase 1 epoch 7/7: mean_prob1=0.1648, mean_prob2=0.1448
2026-02-28 12:20:47,351 - lg_cotrain - INFO - === Phase 2: Co-Training ===
2026-02-28 12:20:48,373 - lg_cotrain - INFO - LR scheduler: total_steps_1=1072, warmup=65; total_steps_2=1072, warmup=65
2026-02-28 12:20:48,374 - lg_cotrain - INFO - Phase 1 done -> seeded Phase 2 trackers. lambda1: mean=0.1648, range=[0.0287, 0.3698]
2026-02-28 12:20:48,374 - lg_cotrain - INFO - Phase 1 done -> seeded Phase 2 trackers. lambda2: mean=0.1448, range=[0.0281, 0.3528]
2026-02-28 12:21:05,104 - lg_cotrain - INFO - Phase 2 epoch 1/16: loss1=0.2847, loss2=0.3326, dev_macro_f1=0.1214, dev_err=62.05%
2026-02-28 12:21:21,844 - lg_cotrain - INFO - Phase 2 epoch 2/16: loss1=0.1470, loss2=0.3068, dev_macro_f1=0.3456, dev_err=41.96%
2026-02-28 12:21:38,597 - lg_cotrain - INFO - Phase 2 epoch 3/16: loss1=0.0652, loss2=0.2703, dev_macro_f1=0.5116, dev_err=34.82%
2026-02-28 12:21:55,340 - lg_cotrain - INFO - Phase 2 epoch 4/16: loss1=0.0297, loss2=0.1879, dev_macro_f1=0.5374, dev_err=33.04%
2026-02-28 12:22:12,078 - lg_cotrain - INFO - Phase 2 epoch 5/16: loss1=0.0181, loss2=0.1120, dev_macro_f1=0.5217, dev_err=33.93%
2026-02-28 12:22:28,815 - lg_cotrain - INFO - Phase 2 epoch 6/16: loss1=0.0134, loss2=0.0837, dev_macro_f1=0.5801, dev_err=32.59%
2026-02-28 12:22:45,750 - lg_cotrain - INFO - Phase 2 epoch 7/16: loss1=0.0097, loss2=0.0492, dev_macro_f1=0.6033, dev_err=30.80%
2026-02-28 12:23:02,472 - lg_cotrain - INFO - Phase 2 epoch 8/16: loss1=0.0066, loss2=0.0335, dev_macro_f1=0.6074, dev_err=30.80%
2026-02-28 12:23:19,770 - lg_cotrain - INFO - Phase 2 epoch 9/16: loss1=0.0147, loss2=0.0212, dev_macro_f1=0.5983, dev_err=32.59%
2026-02-28 12:23:36,742 - lg_cotrain - INFO - Phase 2 epoch 10/16: loss1=0.0385, loss2=0.0196, dev_macro_f1=0.6075, dev_err=30.80%
2026-02-28 12:23:53,610 - lg_cotrain - INFO - Phase 2 epoch 11/16: loss1=0.0158, loss2=0.0113, dev_macro_f1=0.6102, dev_err=31.25%
2026-02-28 12:24:10,666 - lg_cotrain - INFO - Phase 2 epoch 12/16: loss1=0.0076, loss2=0.0087, dev_macro_f1=0.6267, dev_err=30.36%
2026-02-28 12:24:27,762 - lg_cotrain - INFO - Phase 2 epoch 13/16: loss1=0.0080, loss2=0.0073, dev_macro_f1=0.6313, dev_err=29.91%
2026-02-28 12:24:44,865 - lg_cotrain - INFO - Phase 2 epoch 14/16: loss1=0.0080, loss2=0.0072, dev_macro_f1=0.6229, dev_err=29.91%
2026-02-28 12:25:01,966 - lg_cotrain - INFO - Phase 2 epoch 15/16: loss1=0.0068, loss2=0.0066, dev_macro_f1=0.6343, dev_err=29.46%
2026-02-28 12:25:19,083 - lg_cotrain - INFO - Phase 2 epoch 16/16: loss1=0.0034, loss2=0.0050, dev_macro_f1=0.6343, dev_err=29.46%
2026-02-28 12:25:19,083 - lg_cotrain - INFO - === Phase 3: Fine-Tuning ===
2026-02-28 12:25:20,784 - lg_cotrain - INFO - Phase 3 epoch 1: dev_macro_f1=0.6372, dev_err=29.02%, es_counter1=0, es_counter2=0
2026-02-28 12:25:22,448 - lg_cotrain - INFO - Phase 3 epoch 2: dev_macro_f1=0.6183, dev_err=30.80%, es_counter1=1, es_counter2=1
2026-02-28 12:25:24,131 - lg_cotrain - INFO - Phase 3 epoch 3: dev_macro_f1=0.6358, dev_err=29.02%, es_counter1=2, es_counter2=2
2026-02-28 12:25:25,827 - lg_cotrain - INFO - Phase 3 epoch 4: dev_macro_f1=0.6357, dev_err=29.46%, es_counter1=3, es_counter2=3
2026-02-28 12:25:27,508 - lg_cotrain - INFO - Phase 3 epoch 5: dev_macro_f1=0.6503, dev_err=28.12%, es_counter1=0, es_counter2=0
2026-02-28 12:25:29,208 - lg_cotrain - INFO - Phase 3 epoch 6: dev_macro_f1=0.6653, dev_err=26.79%, es_counter1=0, es_counter2=0
2026-02-28 12:25:30,868 - lg_cotrain - INFO - Phase 3 epoch 7: dev_macro_f1=0.6578, dev_err=27.23%, es_counter1=1, es_counter2=1
2026-02-28 12:25:32,537 - lg_cotrain - INFO - Phase 3 epoch 8: dev_macro_f1=0.6578, dev_err=27.23%, es_counter1=2, es_counter2=2
2026-02-28 12:25:34,243 - lg_cotrain - INFO - Phase 3 epoch 9: dev_macro_f1=0.6548, dev_err=27.68%, es_counter1=3, es_counter2=3
2026-02-28 12:25:35,949 - lg_cotrain - INFO - Phase 3 epoch 10: dev_macro_f1=0.6577, dev_err=27.68%, es_counter1=4, es_counter2=4
2026-02-28 12:25:37,621 - lg_cotrain - INFO - Phase 3 epoch 11: dev_macro_f1=0.6577, dev_err=27.68%, es_counter1=5, es_counter2=5
2026-02-28 12:25:39,307 - lg_cotrain - INFO - Phase 3 epoch 12: dev_macro_f1=0.6601, dev_err=28.57%, es_counter1=6, es_counter2=6
2026-02-28 12:25:39,307 - lg_cotrain - INFO - Early stopping at epoch 12
2026-02-28 12:25:39,319 - lg_cotrain - INFO - === Final Evaluation ===
2026-02-28 12:25:41,343 - lg_cotrain - INFO - Results saved to C:\Users\anhtr\AppData\Local\Temp\tmpz4e4n93f\kaikoura_earthquake_2016\25_set2\metrics.json
2026-02-28 12:25:41,343 - lg_cotrain - INFO - Test error rate: 24.14%, Test macro-F1: 0.6858, Test ECE: 0.1124
2026-02-28 12:25:41,352 - lg_cotrain - INFO - --- Trial 8/10 done: dev_macro_f1=0.6653 ---
2026-02-28 12:25:41,352 - lg_cotrain - INFO - --- Trial 9/10 ---
2026-02-28 12:25:41,857 - lg_cotrain - INFO - Starting LG-CoTrain: event=kaikoura_earthquake_2016, budget=25, seed_set=2
2026-02-28 12:25:41,873 - lg_cotrain - INFO - Detected 9 classes for event kaikoura_earthquake_2016: ['caution_and_advice', 'displaced_people_and_evacuations', 'infrastructure_and_utility_damage', 'injured_or_dead_people', 'not_humanitarian', 'other_relevant_information', 'requests_or_urgent_needs', 'rescue_volunteering_or_donation_effort', 'sympathy_and_support']
2026-02-28 12:25:41,879 - lg_cotrain - INFO - D_l1: 113, D_l2: 104, D_LG: 1319
2026-02-28 12:25:41,880 - lg_cotrain - INFO - === Phase 1: Weight Generation ===
2026-02-28 12:25:47,867 - lg_cotrain - INFO - Phase 1 epoch 1/7: mean_prob1=0.1145, mean_prob2=0.1143
2026-02-28 12:25:52,770 - lg_cotrain - INFO - Phase 1 epoch 2/7: mean_prob1=0.1219, mean_prob2=0.1180
2026-02-28 12:25:57,658 - lg_cotrain - INFO - Phase 1 epoch 3/7: mean_prob1=0.1190, mean_prob2=0.1209
2026-02-28 12:26:02,583 - lg_cotrain - INFO - Phase 1 epoch 4/7: mean_prob1=0.1203, mean_prob2=0.1257
2026-02-28 12:26:07,485 - lg_cotrain - INFO - Phase 1 epoch 5/7: mean_prob1=0.1345, mean_prob2=0.1320
2026-02-28 12:26:12,542 - lg_cotrain - INFO - Phase 1 epoch 6/7: mean_prob1=0.1421, mean_prob2=0.1420
2026-02-28 12:26:17,473 - lg_cotrain - INFO - Phase 1 epoch 7/7: mean_prob1=0.1432, mean_prob2=0.1483
2026-02-28 12:26:17,473 - lg_cotrain - INFO - === Phase 2: Co-Training ===
2026-02-28 12:26:18,473 - lg_cotrain - INFO - LR scheduler: total_steps_1=599, warmup=179; total_steps_2=599, warmup=179
2026-02-28 12:26:18,473 - lg_cotrain - INFO - Phase 1 done -> seeded Phase 2 trackers. lambda1: mean=0.1432, range=[0.0449, 0.2839]
2026-02-28 12:26:18,474 - lg_cotrain - INFO - Phase 1 done -> seeded Phase 2 trackers. lambda2: mean=0.1483, range=[0.0322, 0.2986]
2026-02-28 12:26:34,149 - lg_cotrain - INFO - Phase 2 epoch 1/19: loss1=0.3158, loss2=0.3151, dev_macro_f1=0.0408, dev_err=77.68%
2026-02-28 12:26:49,738 - lg_cotrain - INFO - Phase 2 epoch 2/19: loss1=0.2136, loss2=0.3484, dev_macro_f1=0.1006, dev_err=69.64%
2026-02-28 12:27:05,605 - lg_cotrain - INFO - Phase 2 epoch 3/19: loss1=0.1882, loss2=0.3230, dev_macro_f1=0.1274, dev_err=62.05%
2026-02-28 12:27:21,214 - lg_cotrain - INFO - Phase 2 epoch 4/19: loss1=0.1570, loss2=0.3048, dev_macro_f1=0.2264, dev_err=49.11%
2026-02-28 12:27:36,780 - lg_cotrain - INFO - Phase 2 epoch 5/19: loss1=0.1110, loss2=0.2713, dev_macro_f1=0.2421, dev_err=47.77%
2026-02-28 12:27:52,361 - lg_cotrain - INFO - Phase 2 epoch 6/19: loss1=0.0707, loss2=0.2216, dev_macro_f1=0.3534, dev_err=42.41%
2026-02-28 12:28:08,396 - lg_cotrain - INFO - Phase 2 epoch 7/19: loss1=0.0430, loss2=0.1866, dev_macro_f1=0.5029, dev_err=35.71%
2026-02-28 12:28:23,969 - lg_cotrain - INFO - Phase 2 epoch 8/19: loss1=0.0245, loss2=0.1394, dev_macro_f1=0.5059, dev_err=34.82%
2026-02-28 12:28:39,604 - lg_cotrain - INFO - Phase 2 epoch 9/19: loss1=0.0139, loss2=0.0894, dev_macro_f1=0.5196, dev_err=34.38%
2026-02-28 12:28:55,192 - lg_cotrain - INFO - Phase 2 epoch 10/19: loss1=0.0082, loss2=0.0858, dev_macro_f1=0.5491, dev_err=34.82%
2026-02-28 12:29:10,745 - lg_cotrain - INFO - Phase 2 epoch 11/19: loss1=0.0076, loss2=0.0618, dev_macro_f1=0.5600, dev_err=33.48%
2026-02-28 12:29:26,815 - lg_cotrain - INFO - Phase 2 epoch 12/19: loss1=0.0065, loss2=0.0348, dev_macro_f1=0.5366, dev_err=33.93%
2026-02-28 12:29:42,391 - lg_cotrain - INFO - Phase 2 epoch 13/19: loss1=0.0106, loss2=0.0219, dev_macro_f1=0.5289, dev_err=34.82%
2026-02-28 12:29:58,256 - lg_cotrain - INFO - Phase 2 epoch 14/19: loss1=0.0125, loss2=0.0175, dev_macro_f1=0.6019, dev_err=31.25%
2026-02-28 12:30:13,850 - lg_cotrain - INFO - Phase 2 epoch 15/19: loss1=0.0085, loss2=0.0157, dev_macro_f1=0.5395, dev_err=35.27%
2026-02-28 12:30:29,404 - lg_cotrain - INFO - Phase 2 epoch 16/19: loss1=0.0090, loss2=0.0265, dev_macro_f1=0.5478, dev_err=35.71%
2026-02-28 12:30:45,060 - lg_cotrain - INFO - Phase 2 epoch 17/19: loss1=0.0054, loss2=0.0153, dev_macro_f1=0.5438, dev_err=33.48%
2026-02-28 12:31:00,512 - lg_cotrain - INFO - Phase 2 epoch 18/19: loss1=0.0057, loss2=0.0108, dev_macro_f1=0.5759, dev_err=32.14%
2026-02-28 12:31:15,999 - lg_cotrain - INFO - Phase 2 epoch 19/19: loss1=0.0065, loss2=0.0100, dev_macro_f1=0.5923, dev_err=31.70%
2026-02-28 12:31:15,999 - lg_cotrain - INFO - === Phase 3: Fine-Tuning ===
2026-02-28 12:31:17,552 - lg_cotrain - INFO - Phase 3 epoch 1: dev_macro_f1=0.6210, dev_err=30.36%, es_counter1=0, es_counter2=0
2026-02-28 12:31:19,091 - lg_cotrain - INFO - Phase 3 epoch 2: dev_macro_f1=0.6439, dev_err=29.02%, es_counter1=0, es_counter2=0
2026-02-28 12:31:20,614 - lg_cotrain - INFO - Phase 3 epoch 3: dev_macro_f1=0.6232, dev_err=30.36%, es_counter1=1, es_counter2=1
2026-02-28 12:31:22,142 - lg_cotrain - INFO - Phase 3 epoch 4: dev_macro_f1=0.5919, dev_err=33.48%, es_counter1=2, es_counter2=2
2026-02-28 12:31:23,673 - lg_cotrain - INFO - Phase 3 epoch 5: dev_macro_f1=0.6042, dev_err=32.14%, es_counter1=3, es_counter2=3
2026-02-28 12:31:25,197 - lg_cotrain - INFO - Phase 3 epoch 6: dev_macro_f1=0.6098, dev_err=32.14%, es_counter1=4, es_counter2=4
2026-02-28 12:31:25,198 - lg_cotrain - INFO - Early stopping at epoch 6
2026-02-28 12:31:25,209 - lg_cotrain - INFO - === Final Evaluation ===
2026-02-28 12:31:27,084 - lg_cotrain - INFO - Results saved to C:\Users\anhtr\AppData\Local\Temp\tmpeaifar9b\kaikoura_earthquake_2016\25_set2\metrics.json
2026-02-28 12:31:27,084 - lg_cotrain - INFO - Test error rate: 24.37%, Test macro-F1: 0.6845, Test ECE: 0.1105
2026-02-28 12:31:27,096 - lg_cotrain - INFO - --- Trial 9/10 done: dev_macro_f1=0.6439 ---
2026-02-28 12:31:27,096 - lg_cotrain - INFO - --- Trial 10/10 ---
2026-02-28 12:31:27,632 - lg_cotrain - INFO - Starting LG-CoTrain: event=kaikoura_earthquake_2016, budget=25, seed_set=2
2026-02-28 12:31:27,678 - lg_cotrain - INFO - Detected 9 classes for event kaikoura_earthquake_2016: ['caution_and_advice', 'displaced_people_and_evacuations', 'infrastructure_and_utility_damage', 'injured_or_dead_people', 'not_humanitarian', 'other_relevant_information', 'requests_or_urgent_needs', 'rescue_volunteering_or_donation_effort', 'sympathy_and_support']
2026-02-28 12:31:27,683 - lg_cotrain - INFO - D_l1: 113, D_l2: 104, D_LG: 1319
2026-02-28 12:31:27,684 - lg_cotrain - INFO - === Phase 1: Weight Generation ===
2026-02-28 12:31:33,783 - lg_cotrain - INFO - Phase 1 epoch 1/7: mean_prob1=0.1158, mean_prob2=0.1142
2026-02-28 12:31:38,885 - lg_cotrain - INFO - Phase 1 epoch 2/7: mean_prob1=0.1134, mean_prob2=0.1153
2026-02-28 12:31:44,030 - lg_cotrain - INFO - Phase 1 epoch 3/7: mean_prob1=0.1240, mean_prob2=0.1195
2026-02-28 12:31:49,164 - lg_cotrain - INFO - Phase 1 epoch 4/7: mean_prob1=0.1278, mean_prob2=0.1214
2026-02-28 12:31:54,265 - lg_cotrain - INFO - Phase 1 epoch 5/7: mean_prob1=0.1322, mean_prob2=0.1229
2026-02-28 12:31:59,369 - lg_cotrain - INFO - Phase 1 epoch 6/7: mean_prob1=0.1389, mean_prob2=0.1319
2026-02-28 12:32:04,492 - lg_cotrain - INFO - Phase 1 epoch 7/7: mean_prob1=0.1461, mean_prob2=0.1366
2026-02-28 12:32:04,493 - lg_cotrain - INFO - === Phase 2: Co-Training ===
2026-02-28 12:32:05,676 - lg_cotrain - INFO - LR scheduler: total_steps_1=694, warmup=127; total_steps_2=694, warmup=127
2026-02-28 12:32:05,678 - lg_cotrain - INFO - Phase 1 done -> seeded Phase 2 trackers. lambda1: mean=0.1461, range=[0.0361, 0.3045]
2026-02-28 12:32:05,679 - lg_cotrain - INFO - Phase 1 done -> seeded Phase 2 trackers. lambda2: mean=0.1366, range=[0.0317, 0.3241]
2026-02-28 12:32:22,359 - lg_cotrain - INFO - Phase 2 epoch 1/7: loss1=0.2806, loss2=0.3130, dev_macro_f1=0.1299, dev_err=61.61%
2026-02-28 12:32:39,044 - lg_cotrain - INFO - Phase 2 epoch 2/7: loss1=0.1922, loss2=0.3208, dev_macro_f1=0.1239, dev_err=61.16%
2026-02-28 12:32:55,731 - lg_cotrain - INFO - Phase 2 epoch 3/7: loss1=0.1182, loss2=0.2892, dev_macro_f1=0.2612, dev_err=46.43%
2026-02-28 12:33:12,484 - lg_cotrain - INFO - Phase 2 epoch 4/7: loss1=0.0649, loss2=0.2213, dev_macro_f1=0.4671, dev_err=38.39%
2026-02-28 12:33:29,186 - lg_cotrain - INFO - Phase 2 epoch 5/7: loss1=0.0320, loss2=0.1589, dev_macro_f1=0.5010, dev_err=36.16%
2026-02-28 12:33:46,359 - lg_cotrain - INFO - Phase 2 epoch 6/7: loss1=0.0174, loss2=0.1239, dev_macro_f1=0.4878, dev_err=36.16%
2026-02-28 12:34:03,098 - lg_cotrain - INFO - Phase 2 epoch 7/7: loss1=0.0143, loss2=0.0765, dev_macro_f1=0.5507, dev_err=30.80%
2026-02-28 12:34:03,099 - lg_cotrain - INFO - === Phase 3: Fine-Tuning ===
2026-02-28 12:34:04,772 - lg_cotrain - INFO - Phase 3 epoch 1: dev_macro_f1=0.5527, dev_err=32.59%, es_counter1=0, es_counter2=0
2026-02-28 12:34:06,435 - lg_cotrain - INFO - Phase 3 epoch 2: dev_macro_f1=0.6206, dev_err=29.91%, es_counter1=0, es_counter2=0
2026-02-28 12:34:08,108 - lg_cotrain - INFO - Phase 3 epoch 3: dev_macro_f1=0.6467, dev_err=28.12%, es_counter1=0, es_counter2=0
2026-02-28 12:34:09,760 - lg_cotrain - INFO - Phase 3 epoch 4: dev_macro_f1=0.6131, dev_err=30.80%, es_counter1=1, es_counter2=1
2026-02-28 12:34:11,404 - lg_cotrain - INFO - Phase 3 epoch 5: dev_macro_f1=0.6283, dev_err=29.46%, es_counter1=2, es_counter2=2
2026-02-28 12:34:13,055 - lg_cotrain - INFO - Phase 3 epoch 6: dev_macro_f1=0.6340, dev_err=29.02%, es_counter1=3, es_counter2=3
2026-02-28 12:34:14,702 - lg_cotrain - INFO - Phase 3 epoch 7: dev_macro_f1=0.6320, dev_err=29.02%, es_counter1=4, es_counter2=4
2026-02-28 12:34:16,351 - lg_cotrain - INFO - Phase 3 epoch 8: dev_macro_f1=0.6405, dev_err=29.91%, es_counter1=5, es_counter2=5
2026-02-28 12:34:18,015 - lg_cotrain - INFO - Phase 3 epoch 9: dev_macro_f1=0.6487, dev_err=29.91%, es_counter1=0, es_counter2=0
2026-02-28 12:34:19,666 - lg_cotrain - INFO - Phase 3 epoch 10: dev_macro_f1=0.6475, dev_err=29.46%, es_counter1=1, es_counter2=1
2026-02-28 12:34:21,321 - lg_cotrain - INFO - Phase 3 epoch 11: dev_macro_f1=0.6439, dev_err=29.46%, es_counter1=2, es_counter2=2
2026-02-28 12:34:22,977 - lg_cotrain - INFO - Phase 3 epoch 12: dev_macro_f1=0.6478, dev_err=29.46%, es_counter1=3, es_counter2=3
2026-02-28 12:34:24,647 - lg_cotrain - INFO - Phase 3 epoch 13: dev_macro_f1=0.6432, dev_err=29.91%, es_counter1=4, es_counter2=4
2026-02-28 12:34:26,303 - lg_cotrain - INFO - Phase 3 epoch 14: dev_macro_f1=0.6473, dev_err=29.91%, es_counter1=5, es_counter2=5
2026-02-28 12:34:27,960 - lg_cotrain - INFO - Phase 3 epoch 15: dev_macro_f1=0.6422, dev_err=29.91%, es_counter1=6, es_counter2=6
2026-02-28 12:34:27,961 - lg_cotrain - INFO - Early stopping at epoch 15
2026-02-28 12:34:27,975 - lg_cotrain - INFO - === Final Evaluation ===
2026-02-28 12:34:29,943 - lg_cotrain - INFO - Results saved to C:\Users\anhtr\AppData\Local\Temp\tmptnmecm4d\kaikoura_earthquake_2016\25_set2\metrics.json
2026-02-28 12:34:29,944 - lg_cotrain - INFO - Test error rate: 24.14%, Test macro-F1: 0.7261, Test ECE: 0.1155
2026-02-28 12:34:29,956 - lg_cotrain - INFO - --- Trial 10/10 done: dev_macro_f1=0.6487 ---
