2026-02-27 02:27:19,872 - lg_cotrain - INFO - === Optuna study: hurricane_irma_2017 budget=25 seed=1 | target=10 trials, 0 replayed, 10 new ===
2026-02-27 02:27:19,873 - lg_cotrain - INFO - --- Trial 1/10 ---
2026-02-27 02:27:20,453 - lg_cotrain - INFO - Starting LG-CoTrain: event=hurricane_irma_2017, budget=25, seed_set=1
2026-02-27 02:27:20,513 - lg_cotrain - INFO - Detected 9 classes for event hurricane_irma_2017: ['caution_and_advice', 'displaced_people_and_evacuations', 'infrastructure_and_utility_damage', 'injured_or_dead_people', 'not_humanitarian', 'other_relevant_information', 'requests_or_urgent_needs', 'rescue_volunteering_or_donation_effort', 'sympathy_and_support']
2026-02-27 02:27:20,522 - lg_cotrain - INFO - D_l1: 117, D_l2: 108, D_LG: 6354
2026-02-27 02:27:20,524 - lg_cotrain - INFO - === Phase 1: Weight Generation ===
2026-02-27 02:27:48,455 - lg_cotrain - INFO - Phase 1 epoch 1/7: mean_prob1=0.1055, mean_prob2=0.1118
2026-02-27 02:28:15,151 - lg_cotrain - INFO - Phase 1 epoch 2/7: mean_prob1=0.1201, mean_prob2=0.1197
2026-02-27 02:28:41,883 - lg_cotrain - INFO - Phase 1 epoch 3/7: mean_prob1=0.1052, mean_prob2=0.1154
2026-02-27 02:29:08,478 - lg_cotrain - INFO - Phase 1 epoch 4/7: mean_prob1=0.1212, mean_prob2=0.1056
2026-02-27 02:29:34,891 - lg_cotrain - INFO - Phase 1 epoch 5/7: mean_prob1=0.1134, mean_prob2=0.1150
2026-02-27 02:30:01,220 - lg_cotrain - INFO - Phase 1 epoch 6/7: mean_prob1=0.1090, mean_prob2=0.1095
2026-02-27 02:30:27,648 - lg_cotrain - INFO - Phase 1 epoch 7/7: mean_prob1=0.1113, mean_prob2=0.1056
2026-02-27 02:30:27,649 - lg_cotrain - INFO - === Phase 2: Co-Training ===
2026-02-27 02:30:28,702 - lg_cotrain - INFO - LR scheduler: total_steps_1=6270, warmup=1694; total_steps_2=6170, warmup=1667
2026-02-27 02:30:28,703 - lg_cotrain - INFO - Phase 1 done -> seeded Phase 2 trackers. lambda1: mean=0.1113, range=[0.0907, 0.2690]
2026-02-27 02:30:28,703 - lg_cotrain - INFO - Phase 1 done -> seeded Phase 2 trackers. lambda2: mean=0.1056, range=[0.0566, 0.1663]
2026-02-27 02:32:23,215 - lg_cotrain - INFO - Phase 2 epoch 1/6: loss1=0.1307, loss2=0.1274, dev_macro_f1=0.5597, dev_err=40.50%
2026-02-27 02:34:17,388 - lg_cotrain - INFO - Phase 2 epoch 2/6: loss1=0.0894, loss2=1.2152, dev_macro_f1=0.3533, dev_err=55.32%
2026-02-27 02:36:11,974 - lg_cotrain - INFO - Phase 2 epoch 3/6: loss1=0.0824, loss2=1.3107, dev_macro_f1=0.0371, dev_err=79.96%
2026-02-27 02:38:06,339 - lg_cotrain - INFO - Phase 2 epoch 4/6: loss1=0.0743, loss2=1.1755, dev_macro_f1=0.0321, dev_err=83.09%
2026-02-27 02:40:00,648 - lg_cotrain - INFO - Phase 2 epoch 5/6: loss1=0.0753, loss2=1.0699, dev_macro_f1=0.0371, dev_err=79.96%
2026-02-27 02:41:55,003 - lg_cotrain - INFO - Phase 2 epoch 6/6: loss1=0.0757, loss2=0.9926, dev_macro_f1=0.0371, dev_err=79.96%
2026-02-27 02:41:55,003 - lg_cotrain - INFO - === Phase 3: Fine-Tuning ===
2026-02-27 02:42:00,165 - lg_cotrain - INFO - Phase 3 epoch 1: dev_macro_f1=0.0127, dev_err=93.95%, es_counter1=0, es_counter2=0
2026-02-27 02:42:05,301 - lg_cotrain - INFO - Phase 3 epoch 2: dev_macro_f1=0.0165, dev_err=91.96%, es_counter1=0, es_counter2=0
2026-02-27 02:42:10,428 - lg_cotrain - INFO - Phase 3 epoch 3: dev_macro_f1=0.0165, dev_err=91.96%, es_counter1=1, es_counter2=1
2026-02-27 02:42:15,567 - lg_cotrain - INFO - Phase 3 epoch 4: dev_macro_f1=0.0371, dev_err=79.96%, es_counter1=0, es_counter2=0
2026-02-27 02:42:20,679 - lg_cotrain - INFO - Phase 3 epoch 5: dev_macro_f1=0.0030, dev_err=98.64%, es_counter1=1, es_counter2=1
2026-02-27 02:42:25,814 - lg_cotrain - INFO - Phase 3 epoch 6: dev_macro_f1=0.0445, dev_err=74.95%, es_counter1=0, es_counter2=0
2026-02-27 02:42:30,932 - lg_cotrain - INFO - Phase 3 epoch 7: dev_macro_f1=0.0135, dev_err=93.53%, es_counter1=1, es_counter2=1
2026-02-27 02:42:36,042 - lg_cotrain - INFO - Phase 3 epoch 8: dev_macro_f1=0.0137, dev_err=93.42%, es_counter1=2, es_counter2=2
2026-02-27 02:42:41,143 - lg_cotrain - INFO - Phase 3 epoch 9: dev_macro_f1=0.0321, dev_err=83.09%, es_counter1=3, es_counter2=3
2026-02-27 02:42:46,243 - lg_cotrain - INFO - Phase 3 epoch 10: dev_macro_f1=0.0030, dev_err=98.64%, es_counter1=4, es_counter2=4
2026-02-27 02:42:51,351 - lg_cotrain - INFO - Phase 3 epoch 11: dev_macro_f1=0.0030, dev_err=98.64%, es_counter1=5, es_counter2=5
2026-02-27 02:42:56,445 - lg_cotrain - INFO - Phase 3 epoch 12: dev_macro_f1=0.0445, dev_err=74.95%, es_counter1=6, es_counter2=6
2026-02-27 02:42:56,445 - lg_cotrain - INFO - Early stopping at epoch 12
2026-02-27 02:42:56,456 - lg_cotrain - INFO - === Final Evaluation ===
2026-02-27 02:43:06,929 - lg_cotrain - INFO - Results saved to C:\Users\anhtr\AppData\Local\Temp\tmpxvbyyfnh\hurricane_irma_2017\25_set1\metrics.json
2026-02-27 02:43:06,930 - lg_cotrain - INFO - Test error rate: 74.92%, Test macro-F1: 0.0446, Test ECE: 0.1309
2026-02-27 02:43:06,940 - lg_cotrain - INFO - --- Trial 1/10 done: dev_macro_f1=0.0445 ---
2026-02-27 02:43:06,940 - lg_cotrain - INFO - --- Trial 2/10 ---
2026-02-27 02:43:07,521 - lg_cotrain - INFO - Starting LG-CoTrain: event=hurricane_irma_2017, budget=25, seed_set=1
2026-02-27 02:43:07,568 - lg_cotrain - INFO - Detected 9 classes for event hurricane_irma_2017: ['caution_and_advice', 'displaced_people_and_evacuations', 'infrastructure_and_utility_damage', 'injured_or_dead_people', 'not_humanitarian', 'other_relevant_information', 'requests_or_urgent_needs', 'rescue_volunteering_or_donation_effort', 'sympathy_and_support']
2026-02-27 02:43:07,577 - lg_cotrain - INFO - D_l1: 117, D_l2: 108, D_LG: 6354
2026-02-27 02:43:07,579 - lg_cotrain - INFO - === Phase 1: Weight Generation ===
2026-02-27 02:43:31,846 - lg_cotrain - INFO - Phase 1 epoch 1/7: mean_prob1=0.1239, mean_prob2=0.1049
2026-02-27 02:43:55,118 - lg_cotrain - INFO - Phase 1 epoch 2/7: mean_prob1=0.1133, mean_prob2=0.1028
2026-02-27 02:44:18,293 - lg_cotrain - INFO - Phase 1 epoch 3/7: mean_prob1=0.1081, mean_prob2=0.1043
2026-02-27 02:44:41,489 - lg_cotrain - INFO - Phase 1 epoch 4/7: mean_prob1=0.1135, mean_prob2=0.1065
2026-02-27 02:45:04,604 - lg_cotrain - INFO - Phase 1 epoch 5/7: mean_prob1=0.1109, mean_prob2=0.1119
2026-02-27 02:45:27,828 - lg_cotrain - INFO - Phase 1 epoch 6/7: mean_prob1=0.1106, mean_prob2=0.1169
2026-02-27 02:45:50,990 - lg_cotrain - INFO - Phase 1 epoch 7/7: mean_prob1=0.1129, mean_prob2=0.1175
2026-02-27 02:45:50,990 - lg_cotrain - INFO - === Phase 2: Co-Training ===
2026-02-27 02:45:52,162 - lg_cotrain - INFO - LR scheduler: total_steps_1=4181, warmup=73; total_steps_2=4181, warmup=73
2026-02-27 02:45:52,163 - lg_cotrain - INFO - Phase 1 done -> seeded Phase 2 trackers. lambda1: mean=0.1129, range=[0.0983, 0.1246]
2026-02-27 02:45:52,163 - lg_cotrain - INFO - Phase 1 done -> seeded Phase 2 trackers. lambda2: mean=0.1175, range=[0.0714, 0.1871]
2026-02-27 02:47:20,210 - lg_cotrain - INFO - Phase 2 epoch 1/19: loss1=0.2190, loss2=0.2173, dev_macro_f1=0.0137, dev_err=93.42%
2026-02-27 02:48:48,353 - lg_cotrain - INFO - Phase 2 epoch 2/19: loss1=0.1823, loss2=0.3275, dev_macro_f1=0.0137, dev_err=93.42%
2026-02-27 02:50:16,461 - lg_cotrain - INFO - Phase 2 epoch 3/19: loss1=0.1708, loss2=0.3276, dev_macro_f1=0.0321, dev_err=83.09%
2026-02-27 02:51:44,596 - lg_cotrain - INFO - Phase 2 epoch 4/19: loss1=0.1644, loss2=0.3432, dev_macro_f1=0.0321, dev_err=83.09%
2026-02-27 02:53:12,675 - lg_cotrain - INFO - Phase 2 epoch 5/19: loss1=0.1610, loss2=0.3468, dev_macro_f1=0.0371, dev_err=79.96%
2026-02-27 02:54:40,778 - lg_cotrain - INFO - Phase 2 epoch 6/19: loss1=0.1623, loss2=0.3488, dev_macro_f1=0.0321, dev_err=83.09%
2026-02-27 02:56:08,877 - lg_cotrain - INFO - Phase 2 epoch 7/19: loss1=0.1660, loss2=0.3457, dev_macro_f1=0.0321, dev_err=83.09%
2026-02-27 02:57:37,038 - lg_cotrain - INFO - Phase 2 epoch 8/19: loss1=0.1676, loss2=0.3429, dev_macro_f1=0.0321, dev_err=83.09%
2026-02-27 02:59:05,183 - lg_cotrain - INFO - Phase 2 epoch 9/19: loss1=0.1687, loss2=0.3416, dev_macro_f1=0.0321, dev_err=83.09%
2026-02-27 03:00:33,259 - lg_cotrain - INFO - Phase 2 epoch 10/19: loss1=0.1696, loss2=0.3389, dev_macro_f1=0.0371, dev_err=79.96%
2026-02-27 03:02:01,260 - lg_cotrain - INFO - Phase 2 epoch 11/19: loss1=0.1717, loss2=0.3373, dev_macro_f1=0.0321, dev_err=83.09%
2026-02-27 03:03:28,952 - lg_cotrain - INFO - Phase 2 epoch 12/19: loss1=0.1714, loss2=0.3350, dev_macro_f1=0.0321, dev_err=83.09%
2026-02-27 03:04:56,842 - lg_cotrain - INFO - Phase 2 epoch 13/19: loss1=0.1714, loss2=0.3335, dev_macro_f1=0.0321, dev_err=83.09%
2026-02-27 03:06:24,769 - lg_cotrain - INFO - Phase 2 epoch 14/19: loss1=0.1713, loss2=0.3310, dev_macro_f1=0.0321, dev_err=83.09%
2026-02-27 03:07:53,065 - lg_cotrain - INFO - Phase 2 epoch 15/19: loss1=0.1706, loss2=0.3305, dev_macro_f1=0.0321, dev_err=83.09%
2026-02-27 03:09:21,227 - lg_cotrain - INFO - Phase 2 epoch 16/19: loss1=0.1700, loss2=0.3294, dev_macro_f1=0.0321, dev_err=83.09%
2026-02-27 03:10:49,356 - lg_cotrain - INFO - Phase 2 epoch 17/19: loss1=0.1691, loss2=0.3283, dev_macro_f1=0.0321, dev_err=83.09%
2026-02-27 03:12:17,374 - lg_cotrain - INFO - Phase 2 epoch 18/19: loss1=0.1688, loss2=0.3271, dev_macro_f1=0.0321, dev_err=83.09%
2026-02-27 03:13:45,349 - lg_cotrain - INFO - Phase 2 epoch 19/19: loss1=0.1686, loss2=0.3254, dev_macro_f1=0.0321, dev_err=83.09%
2026-02-27 03:13:45,349 - lg_cotrain - INFO - === Phase 3: Fine-Tuning ===
2026-02-27 03:13:49,624 - lg_cotrain - INFO - Phase 3 epoch 1: dev_macro_f1=0.0321, dev_err=83.09%, es_counter1=0, es_counter2=0
2026-02-27 03:13:53,882 - lg_cotrain - INFO - Phase 3 epoch 2: dev_macro_f1=0.0321, dev_err=83.09%, es_counter1=1, es_counter2=1
2026-02-27 03:13:58,146 - lg_cotrain - INFO - Phase 3 epoch 3: dev_macro_f1=0.0321, dev_err=83.09%, es_counter1=2, es_counter2=2
2026-02-27 03:14:02,407 - lg_cotrain - INFO - Phase 3 epoch 4: dev_macro_f1=0.0321, dev_err=83.09%, es_counter1=3, es_counter2=3
2026-02-27 03:14:06,680 - lg_cotrain - INFO - Phase 3 epoch 5: dev_macro_f1=0.0445, dev_err=74.95%, es_counter1=0, es_counter2=0
2026-02-27 03:14:10,938 - lg_cotrain - INFO - Phase 3 epoch 6: dev_macro_f1=0.0193, dev_err=90.50%, es_counter1=1, es_counter2=1
2026-02-27 03:14:15,194 - lg_cotrain - INFO - Phase 3 epoch 7: dev_macro_f1=0.0193, dev_err=90.50%, es_counter1=2, es_counter2=2
2026-02-27 03:14:19,449 - lg_cotrain - INFO - Phase 3 epoch 8: dev_macro_f1=0.0193, dev_err=90.50%, es_counter1=3, es_counter2=3
2026-02-27 03:14:23,701 - lg_cotrain - INFO - Phase 3 epoch 9: dev_macro_f1=0.0321, dev_err=83.09%, es_counter1=4, es_counter2=4
2026-02-27 03:14:27,960 - lg_cotrain - INFO - Phase 3 epoch 10: dev_macro_f1=0.0321, dev_err=83.09%, es_counter1=5, es_counter2=5
2026-02-27 03:14:32,229 - lg_cotrain - INFO - Phase 3 epoch 11: dev_macro_f1=0.0030, dev_err=98.64%, es_counter1=6, es_counter2=6
2026-02-27 03:14:36,484 - lg_cotrain - INFO - Phase 3 epoch 12: dev_macro_f1=0.0030, dev_err=98.64%, es_counter1=7, es_counter2=7
2026-02-27 03:14:40,759 - lg_cotrain - INFO - Phase 3 epoch 13: dev_macro_f1=0.0321, dev_err=83.09%, es_counter1=8, es_counter2=8
2026-02-27 03:14:45,015 - lg_cotrain - INFO - Phase 3 epoch 14: dev_macro_f1=0.0030, dev_err=98.64%, es_counter1=9, es_counter2=9
2026-02-27 03:14:49,269 - lg_cotrain - INFO - Phase 3 epoch 15: dev_macro_f1=0.0321, dev_err=83.09%, es_counter1=10, es_counter2=10
2026-02-27 03:14:49,270 - lg_cotrain - INFO - Early stopping at epoch 15
2026-02-27 03:14:49,280 - lg_cotrain - INFO - === Final Evaluation ===
2026-02-27 03:14:58,532 - lg_cotrain - INFO - Results saved to C:\Users\anhtr\AppData\Local\Temp\tmpaxtdpc4g\hurricane_irma_2017\25_set1\metrics.json
2026-02-27 03:14:58,532 - lg_cotrain - INFO - Test error rate: 74.92%, Test macro-F1: 0.0446, Test ECE: 0.1194
2026-02-27 03:14:58,544 - lg_cotrain - INFO - --- Trial 2/10 done: dev_macro_f1=0.0445 ---
2026-02-27 03:14:58,544 - lg_cotrain - INFO - --- Trial 3/10 ---
2026-02-27 03:14:59,140 - lg_cotrain - INFO - Starting LG-CoTrain: event=hurricane_irma_2017, budget=25, seed_set=1
2026-02-27 03:14:59,179 - lg_cotrain - INFO - Detected 9 classes for event hurricane_irma_2017: ['caution_and_advice', 'displaced_people_and_evacuations', 'infrastructure_and_utility_damage', 'injured_or_dead_people', 'not_humanitarian', 'other_relevant_information', 'requests_or_urgent_needs', 'rescue_volunteering_or_donation_effort', 'sympathy_and_support']
2026-02-27 03:14:59,187 - lg_cotrain - INFO - D_l1: 117, D_l2: 108, D_LG: 6354
2026-02-27 03:14:59,188 - lg_cotrain - INFO - === Phase 1: Weight Generation ===
2026-02-27 03:15:26,908 - lg_cotrain - INFO - Phase 1 epoch 1/7: mean_prob1=0.1186, mean_prob2=0.1192
2026-02-27 03:15:53,616 - lg_cotrain - INFO - Phase 1 epoch 2/7: mean_prob1=0.1242, mean_prob2=0.1264
2026-02-27 03:16:20,299 - lg_cotrain - INFO - Phase 1 epoch 3/7: mean_prob1=0.1862, mean_prob2=0.2027
2026-02-27 03:16:46,987 - lg_cotrain - INFO - Phase 1 epoch 4/7: mean_prob1=0.2924, mean_prob2=0.3255
2026-02-27 03:17:13,692 - lg_cotrain - INFO - Phase 1 epoch 5/7: mean_prob1=0.3596, mean_prob2=0.3855
2026-02-27 03:17:40,386 - lg_cotrain - INFO - Phase 1 epoch 6/7: mean_prob1=0.4079, mean_prob2=0.4578
2026-02-27 03:18:07,081 - lg_cotrain - INFO - Phase 1 epoch 7/7: mean_prob1=0.3577, mean_prob2=0.4604
2026-02-27 03:18:07,081 - lg_cotrain - INFO - === Phase 2: Co-Training ===
2026-02-27 03:18:08,150 - lg_cotrain - INFO - LR scheduler: total_steps_1=13425, warmup=2838; total_steps_2=13325, warmup=2816
2026-02-27 03:18:08,152 - lg_cotrain - INFO - Phase 1 done -> seeded Phase 2 trackers. lambda1: mean=0.3577, range=[0.0009, 0.9822]
2026-02-27 03:18:08,152 - lg_cotrain - INFO - Phase 1 done -> seeded Phase 2 trackers. lambda2: mean=0.4604, range=[0.0013, 0.9761]
2026-02-27 03:20:02,818 - lg_cotrain - INFO - Phase 2 epoch 1/15: loss1=0.5245, loss2=0.4470, dev_macro_f1=0.5536, dev_err=38.94%
2026-02-27 03:21:57,391 - lg_cotrain - INFO - Phase 2 epoch 2/15: loss1=0.0704, loss2=0.3101, dev_macro_f1=0.6055, dev_err=38.00%
2026-02-27 03:23:51,654 - lg_cotrain - INFO - Phase 2 epoch 3/15: loss1=0.0690, loss2=0.2517, dev_macro_f1=0.5783, dev_err=39.46%
2026-02-27 03:25:46,091 - lg_cotrain - INFO - Phase 2 epoch 4/15: loss1=0.0996, loss2=0.2483, dev_macro_f1=0.6087, dev_err=38.62%
2026-02-27 03:27:41,116 - lg_cotrain - INFO - Phase 2 epoch 5/15: loss1=0.0866, loss2=0.1663, dev_macro_f1=0.6147, dev_err=36.43%
2026-02-27 03:29:36,083 - lg_cotrain - INFO - Phase 2 epoch 6/15: loss1=0.0670, loss2=0.1106, dev_macro_f1=0.6030, dev_err=38.62%
2026-02-27 03:31:30,901 - lg_cotrain - INFO - Phase 2 epoch 7/15: loss1=0.0491, loss2=0.0964, dev_macro_f1=0.5866, dev_err=38.41%
2026-02-27 03:33:25,680 - lg_cotrain - INFO - Phase 2 epoch 8/15: loss1=0.0369, loss2=0.0539, dev_macro_f1=0.5887, dev_err=38.62%
2026-02-27 03:35:20,432 - lg_cotrain - INFO - Phase 2 epoch 9/15: loss1=0.0288, loss2=0.0703, dev_macro_f1=0.5981, dev_err=37.68%
2026-02-27 03:37:15,185 - lg_cotrain - INFO - Phase 2 epoch 10/15: loss1=0.0321, loss2=0.0472, dev_macro_f1=0.6155, dev_err=36.33%
2026-02-27 03:39:09,914 - lg_cotrain - INFO - Phase 2 epoch 11/15: loss1=0.0234, loss2=0.0185, dev_macro_f1=0.5952, dev_err=37.68%
2026-02-27 03:41:04,648 - lg_cotrain - INFO - Phase 2 epoch 12/15: loss1=0.0172, loss2=0.0152, dev_macro_f1=0.6038, dev_err=37.68%
2026-02-27 03:42:59,218 - lg_cotrain - INFO - Phase 2 epoch 13/15: loss1=0.0180, loss2=0.0077, dev_macro_f1=0.5970, dev_err=38.00%
2026-02-27 03:44:53,563 - lg_cotrain - INFO - Phase 2 epoch 14/15: loss1=0.0113, loss2=0.0042, dev_macro_f1=0.5965, dev_err=38.52%
2026-02-27 03:46:48,036 - lg_cotrain - INFO - Phase 2 epoch 15/15: loss1=0.0094, loss2=0.0055, dev_macro_f1=0.6012, dev_err=37.47%
2026-02-27 03:46:48,036 - lg_cotrain - INFO - === Phase 3: Fine-Tuning ===
2026-02-27 03:46:53,217 - lg_cotrain - INFO - Phase 3 epoch 1: dev_macro_f1=0.6128, dev_err=36.53%, es_counter1=0, es_counter2=0
2026-02-27 03:46:58,384 - lg_cotrain - INFO - Phase 3 epoch 2: dev_macro_f1=0.6178, dev_err=36.43%, es_counter1=0, es_counter2=0
2026-02-27 03:47:03,563 - lg_cotrain - INFO - Phase 3 epoch 3: dev_macro_f1=0.6200, dev_err=35.70%, es_counter1=0, es_counter2=0
2026-02-27 03:47:08,733 - lg_cotrain - INFO - Phase 3 epoch 4: dev_macro_f1=0.6138, dev_err=36.43%, es_counter1=1, es_counter2=1
2026-02-27 03:47:13,904 - lg_cotrain - INFO - Phase 3 epoch 5: dev_macro_f1=0.6140, dev_err=36.43%, es_counter1=2, es_counter2=2
2026-02-27 03:47:19,079 - lg_cotrain - INFO - Phase 3 epoch 6: dev_macro_f1=0.6130, dev_err=36.53%, es_counter1=3, es_counter2=3
2026-02-27 03:47:24,256 - lg_cotrain - INFO - Phase 3 epoch 7: dev_macro_f1=0.6108, dev_err=36.85%, es_counter1=4, es_counter2=4
2026-02-27 03:47:29,429 - lg_cotrain - INFO - Phase 3 epoch 8: dev_macro_f1=0.6129, dev_err=36.64%, es_counter1=5, es_counter2=5
2026-02-27 03:47:34,590 - lg_cotrain - INFO - Phase 3 epoch 9: dev_macro_f1=0.6127, dev_err=36.64%, es_counter1=6, es_counter2=6
2026-02-27 03:47:34,591 - lg_cotrain - INFO - Early stopping at epoch 9
2026-02-27 03:47:34,600 - lg_cotrain - INFO - === Final Evaluation ===
2026-02-27 03:47:45,260 - lg_cotrain - INFO - Results saved to C:\Users\anhtr\AppData\Local\Temp\tmpp3xy0245\hurricane_irma_2017\25_set1\metrics.json
2026-02-27 03:47:45,260 - lg_cotrain - INFO - Test error rate: 35.34%, Test macro-F1: 0.6227, Test ECE: 0.1297
2026-02-27 03:47:45,273 - lg_cotrain - INFO - --- Trial 3/10 done: dev_macro_f1=0.6200 ---
2026-02-27 03:47:45,273 - lg_cotrain - INFO - --- Trial 4/10 ---
2026-02-27 03:47:45,840 - lg_cotrain - INFO - Starting LG-CoTrain: event=hurricane_irma_2017, budget=25, seed_set=1
2026-02-27 03:47:45,877 - lg_cotrain - INFO - Detected 9 classes for event hurricane_irma_2017: ['caution_and_advice', 'displaced_people_and_evacuations', 'infrastructure_and_utility_damage', 'injured_or_dead_people', 'not_humanitarian', 'other_relevant_information', 'requests_or_urgent_needs', 'rescue_volunteering_or_donation_effort', 'sympathy_and_support']
2026-02-27 03:47:45,885 - lg_cotrain - INFO - D_l1: 117, D_l2: 108, D_LG: 6354
2026-02-27 03:47:45,886 - lg_cotrain - INFO - === Phase 1: Weight Generation ===
2026-02-27 03:48:10,274 - lg_cotrain - INFO - Phase 1 epoch 1/7: mean_prob1=0.1043, mean_prob2=0.1098
2026-02-27 03:48:33,599 - lg_cotrain - INFO - Phase 1 epoch 2/7: mean_prob1=0.1189, mean_prob2=0.1056
2026-02-27 03:48:56,994 - lg_cotrain - INFO - Phase 1 epoch 3/7: mean_prob1=0.1104, mean_prob2=0.1117
2026-02-27 03:49:20,459 - lg_cotrain - INFO - Phase 1 epoch 4/7: mean_prob1=0.1389, mean_prob2=0.1358
2026-02-27 03:49:44,007 - lg_cotrain - INFO - Phase 1 epoch 5/7: mean_prob1=0.1496, mean_prob2=0.1550
2026-02-27 03:50:07,418 - lg_cotrain - INFO - Phase 1 epoch 6/7: mean_prob1=0.1816, mean_prob2=0.1605
2026-02-27 03:50:30,760 - lg_cotrain - INFO - Phase 1 epoch 7/7: mean_prob1=0.2650, mean_prob2=0.2757
2026-02-27 03:50:30,761 - lg_cotrain - INFO - === Phase 2: Co-Training ===
2026-02-27 03:50:31,802 - lg_cotrain - INFO - LR scheduler: total_steps_1=3385, warmup=47; total_steps_2=3385, warmup=47
2026-02-27 03:50:31,803 - lg_cotrain - INFO - Phase 1 done -> seeded Phase 2 trackers. lambda1: mean=0.2650, range=[0.0047, 0.8574]
2026-02-27 03:50:31,803 - lg_cotrain - INFO - Phase 1 done -> seeded Phase 2 trackers. lambda2: mean=0.2757, range=[0.0026, 0.8729]
2026-02-27 03:52:00,492 - lg_cotrain - INFO - Phase 2 epoch 1/15: loss1=0.2597, loss2=0.2289, dev_macro_f1=0.5071, dev_err=43.01%
2026-02-27 03:53:28,906 - lg_cotrain - INFO - Phase 2 epoch 2/15: loss1=0.0615, loss2=1.0787, dev_macro_f1=0.5227, dev_err=42.69%
2026-02-27 03:54:57,244 - lg_cotrain - INFO - Phase 2 epoch 3/15: loss1=0.0329, loss2=1.2473, dev_macro_f1=0.4315, dev_err=44.89%
2026-02-27 03:56:25,575 - lg_cotrain - INFO - Phase 2 epoch 4/15: loss1=0.0209, loss2=1.3731, dev_macro_f1=0.5198, dev_err=40.50%
2026-02-27 03:57:53,911 - lg_cotrain - INFO - Phase 2 epoch 5/15: loss1=0.0129, loss2=1.4793, dev_macro_f1=0.5061, dev_err=41.75%
2026-02-27 03:59:22,204 - lg_cotrain - INFO - Phase 2 epoch 6/15: loss1=0.0118, loss2=1.7143, dev_macro_f1=0.4160, dev_err=47.18%
2026-02-27 04:00:50,443 - lg_cotrain - INFO - Phase 2 epoch 7/15: loss1=0.0135, loss2=1.7383, dev_macro_f1=0.5005, dev_err=42.59%
2026-02-27 04:02:18,616 - lg_cotrain - INFO - Phase 2 epoch 8/15: loss1=0.0082, loss2=1.7507, dev_macro_f1=0.3832, dev_err=50.10%
2026-02-27 04:03:46,829 - lg_cotrain - INFO - Phase 2 epoch 9/15: loss1=0.0056, loss2=1.8083, dev_macro_f1=0.4085, dev_err=49.06%
2026-02-27 04:05:15,145 - lg_cotrain - INFO - Phase 2 epoch 10/15: loss1=0.0041, loss2=1.8360, dev_macro_f1=0.4587, dev_err=46.03%
2026-02-27 04:06:43,479 - lg_cotrain - INFO - Phase 2 epoch 11/15: loss1=0.0029, loss2=1.8541, dev_macro_f1=0.4779, dev_err=44.99%
2026-02-27 04:08:11,704 - lg_cotrain - INFO - Phase 2 epoch 12/15: loss1=0.0021, loss2=1.8761, dev_macro_f1=0.4964, dev_err=44.05%
2026-02-27 04:09:39,951 - lg_cotrain - INFO - Phase 2 epoch 13/15: loss1=0.0021, loss2=1.8874, dev_macro_f1=0.4702, dev_err=45.20%
2026-02-27 04:11:08,293 - lg_cotrain - INFO - Phase 2 epoch 14/15: loss1=0.0017, loss2=1.8882, dev_macro_f1=0.4732, dev_err=45.51%
2026-02-27 04:12:36,190 - lg_cotrain - INFO - Phase 2 epoch 15/15: loss1=0.0013, loss2=1.8953, dev_macro_f1=0.4753, dev_err=44.68%
2026-02-27 04:12:36,192 - lg_cotrain - INFO - === Phase 3: Fine-Tuning ===
2026-02-27 04:12:40,472 - lg_cotrain - INFO - Phase 3 epoch 1: dev_macro_f1=0.4047, dev_err=57.10%, es_counter1=0, es_counter2=0
2026-02-27 04:12:44,756 - lg_cotrain - INFO - Phase 3 epoch 2: dev_macro_f1=0.4728, dev_err=48.75%, es_counter1=0, es_counter2=0
2026-02-27 04:12:49,037 - lg_cotrain - INFO - Phase 3 epoch 3: dev_macro_f1=0.5370, dev_err=41.86%, es_counter1=0, es_counter2=0
2026-02-27 04:12:53,305 - lg_cotrain - INFO - Phase 3 epoch 4: dev_macro_f1=0.5181, dev_err=43.32%, es_counter1=1, es_counter2=1
2026-02-27 04:12:57,575 - lg_cotrain - INFO - Phase 3 epoch 5: dev_macro_f1=0.5293, dev_err=44.99%, es_counter1=2, es_counter2=2
2026-02-27 04:13:01,858 - lg_cotrain - INFO - Phase 3 epoch 6: dev_macro_f1=0.5394, dev_err=43.84%, es_counter1=0, es_counter2=0
2026-02-27 04:13:06,125 - lg_cotrain - INFO - Phase 3 epoch 7: dev_macro_f1=0.5355, dev_err=42.90%, es_counter1=1, es_counter2=1
2026-02-27 04:13:10,397 - lg_cotrain - INFO - Phase 3 epoch 8: dev_macro_f1=0.5376, dev_err=43.01%, es_counter1=2, es_counter2=2
2026-02-27 04:13:14,691 - lg_cotrain - INFO - Phase 3 epoch 9: dev_macro_f1=0.5640, dev_err=39.77%, es_counter1=0, es_counter2=0
2026-02-27 04:13:18,981 - lg_cotrain - INFO - Phase 3 epoch 10: dev_macro_f1=0.5707, dev_err=39.87%, es_counter1=0, es_counter2=0
2026-02-27 04:13:23,247 - lg_cotrain - INFO - Phase 3 epoch 11: dev_macro_f1=0.5681, dev_err=40.50%, es_counter1=1, es_counter2=1
2026-02-27 04:13:27,515 - lg_cotrain - INFO - Phase 3 epoch 12: dev_macro_f1=0.5696, dev_err=40.08%, es_counter1=2, es_counter2=2
2026-02-27 04:13:31,785 - lg_cotrain - INFO - Phase 3 epoch 13: dev_macro_f1=0.5673, dev_err=40.29%, es_counter1=3, es_counter2=3
2026-02-27 04:13:36,063 - lg_cotrain - INFO - Phase 3 epoch 14: dev_macro_f1=0.5650, dev_err=40.71%, es_counter1=4, es_counter2=4
2026-02-27 04:13:40,334 - lg_cotrain - INFO - Phase 3 epoch 15: dev_macro_f1=0.5625, dev_err=41.54%, es_counter1=5, es_counter2=5
2026-02-27 04:13:44,610 - lg_cotrain - INFO - Phase 3 epoch 16: dev_macro_f1=0.5632, dev_err=41.65%, es_counter1=6, es_counter2=6
2026-02-27 04:13:44,611 - lg_cotrain - INFO - Early stopping at epoch 16
2026-02-27 04:13:44,622 - lg_cotrain - INFO - === Final Evaluation ===
2026-02-27 04:13:53,939 - lg_cotrain - INFO - Results saved to C:\Users\anhtr\AppData\Local\Temp\tmpizdxek5v\hurricane_irma_2017\25_set1\metrics.json
2026-02-27 04:13:53,939 - lg_cotrain - INFO - Test error rate: 39.31%, Test macro-F1: 0.5754, Test ECE: 0.1402
2026-02-27 04:13:53,948 - lg_cotrain - INFO - --- Trial 4/10 done: dev_macro_f1=0.5707 ---
2026-02-27 04:13:53,949 - lg_cotrain - INFO - --- Trial 5/10 ---
2026-02-27 04:13:54,513 - lg_cotrain - INFO - Starting LG-CoTrain: event=hurricane_irma_2017, budget=25, seed_set=1
2026-02-27 04:13:54,558 - lg_cotrain - INFO - Detected 9 classes for event hurricane_irma_2017: ['caution_and_advice', 'displaced_people_and_evacuations', 'infrastructure_and_utility_damage', 'injured_or_dead_people', 'not_humanitarian', 'other_relevant_information', 'requests_or_urgent_needs', 'rescue_volunteering_or_donation_effort', 'sympathy_and_support']
2026-02-27 04:13:54,566 - lg_cotrain - INFO - D_l1: 117, D_l2: 108, D_LG: 6354
2026-02-27 04:13:54,568 - lg_cotrain - INFO - === Phase 1: Weight Generation ===
2026-02-27 04:14:19,903 - lg_cotrain - INFO - Phase 1 epoch 1/7: mean_prob1=0.1021, mean_prob2=0.1157
2026-02-27 04:14:44,205 - lg_cotrain - INFO - Phase 1 epoch 2/7: mean_prob1=0.1119, mean_prob2=0.1131
2026-02-27 04:15:08,481 - lg_cotrain - INFO - Phase 1 epoch 3/7: mean_prob1=0.1046, mean_prob2=0.1109
2026-02-27 04:15:32,710 - lg_cotrain - INFO - Phase 1 epoch 4/7: mean_prob1=0.1103, mean_prob2=0.1059
2026-02-27 04:15:56,961 - lg_cotrain - INFO - Phase 1 epoch 5/7: mean_prob1=0.1135, mean_prob2=0.1092
2026-02-27 04:16:21,189 - lg_cotrain - INFO - Phase 1 epoch 6/7: mean_prob1=0.1098, mean_prob2=0.1098
2026-02-27 04:16:45,610 - lg_cotrain - INFO - Phase 1 epoch 7/7: mean_prob1=0.1090, mean_prob2=0.1150
2026-02-27 04:16:45,610 - lg_cotrain - INFO - === Phase 2: Co-Training ===
2026-02-27 04:16:46,788 - lg_cotrain - INFO - LR scheduler: total_steps_1=6372, warmup=1135; total_steps_2=6272, warmup=1117
2026-02-27 04:16:46,789 - lg_cotrain - INFO - Phase 1 done -> seeded Phase 2 trackers. lambda1: mean=0.1090, range=[0.0901, 0.1377]
2026-02-27 04:16:46,789 - lg_cotrain - INFO - Phase 1 done -> seeded Phase 2 trackers. lambda2: mean=0.1150, range=[0.0942, 0.1301]
2026-02-27 04:18:24,861 - lg_cotrain - INFO - Phase 2 epoch 1/14: loss1=0.1357, loss2=0.1284, dev_macro_f1=0.5600, dev_err=41.02%
2026-02-27 04:20:02,244 - lg_cotrain - INFO - Phase 2 epoch 2/14: loss1=0.0997, loss2=1.1018, dev_macro_f1=0.0321, dev_err=83.09%
2026-02-27 04:21:39,500 - lg_cotrain - INFO - Phase 2 epoch 3/14: loss1=0.0840, loss2=1.0842, dev_macro_f1=0.0321, dev_err=83.09%
2026-02-27 04:23:16,730 - lg_cotrain - INFO - Phase 2 epoch 4/14: loss1=0.0705, loss2=0.9767, dev_macro_f1=0.0321, dev_err=83.09%
2026-02-27 04:24:53,892 - lg_cotrain - INFO - Phase 2 epoch 5/14: loss1=0.0683, loss2=0.9003, dev_macro_f1=0.0321, dev_err=83.09%
2026-02-27 04:26:30,904 - lg_cotrain - INFO - Phase 2 epoch 6/14: loss1=0.0668, loss2=0.8428, dev_macro_f1=0.0321, dev_err=83.09%
2026-02-27 04:28:08,227 - lg_cotrain - INFO - Phase 2 epoch 7/14: loss1=0.0669, loss2=0.7953, dev_macro_f1=0.0321, dev_err=83.09%
2026-02-27 04:29:45,408 - lg_cotrain - INFO - Phase 2 epoch 8/14: loss1=0.0687, loss2=0.7564, dev_macro_f1=0.0321, dev_err=83.09%
2026-02-27 04:31:22,564 - lg_cotrain - INFO - Phase 2 epoch 9/14: loss1=0.0695, loss2=0.7258, dev_macro_f1=0.0321, dev_err=83.09%
2026-02-27 04:32:59,852 - lg_cotrain - INFO - Phase 2 epoch 10/14: loss1=0.0724, loss2=0.6992, dev_macro_f1=0.0321, dev_err=83.09%
2026-02-27 04:34:37,020 - lg_cotrain - INFO - Phase 2 epoch 11/14: loss1=0.0739, loss2=0.6768, dev_macro_f1=0.0321, dev_err=83.09%
2026-02-27 04:36:14,183 - lg_cotrain - INFO - Phase 2 epoch 12/14: loss1=0.0756, loss2=0.6556, dev_macro_f1=0.0321, dev_err=83.09%
2026-02-27 04:37:51,380 - lg_cotrain - INFO - Phase 2 epoch 13/14: loss1=0.0779, loss2=0.6380, dev_macro_f1=0.0321, dev_err=83.09%
2026-02-27 04:39:28,497 - lg_cotrain - INFO - Phase 2 epoch 14/14: loss1=0.0793, loss2=0.6209, dev_macro_f1=0.0321, dev_err=83.09%
2026-02-27 04:39:28,497 - lg_cotrain - INFO - === Phase 3: Fine-Tuning ===
2026-02-27 04:39:33,069 - lg_cotrain - INFO - Phase 3 epoch 1: dev_macro_f1=0.0030, dev_err=98.64%, es_counter1=0, es_counter2=0
2026-02-27 04:39:37,618 - lg_cotrain - INFO - Phase 3 epoch 2: dev_macro_f1=0.0030, dev_err=98.64%, es_counter1=1, es_counter2=1
2026-02-27 04:39:42,171 - lg_cotrain - INFO - Phase 3 epoch 3: dev_macro_f1=0.0030, dev_err=98.64%, es_counter1=2, es_counter2=2
2026-02-27 04:39:46,729 - lg_cotrain - INFO - Phase 3 epoch 4: dev_macro_f1=0.0445, dev_err=74.95%, es_counter1=0, es_counter2=0
2026-02-27 04:39:51,276 - lg_cotrain - INFO - Phase 3 epoch 5: dev_macro_f1=0.0137, dev_err=93.42%, es_counter1=1, es_counter2=1
2026-02-27 04:39:55,836 - lg_cotrain - INFO - Phase 3 epoch 6: dev_macro_f1=0.0127, dev_err=93.95%, es_counter1=2, es_counter2=2
2026-02-27 04:40:00,384 - lg_cotrain - INFO - Phase 3 epoch 7: dev_macro_f1=0.0445, dev_err=74.95%, es_counter1=3, es_counter2=3
2026-02-27 04:40:04,931 - lg_cotrain - INFO - Phase 3 epoch 8: dev_macro_f1=0.0445, dev_err=74.95%, es_counter1=4, es_counter2=4
2026-02-27 04:40:09,492 - lg_cotrain - INFO - Phase 3 epoch 9: dev_macro_f1=0.0137, dev_err=93.42%, es_counter1=5, es_counter2=5
2026-02-27 04:40:14,047 - lg_cotrain - INFO - Phase 3 epoch 10: dev_macro_f1=0.0137, dev_err=93.42%, es_counter1=6, es_counter2=6
2026-02-27 04:40:14,047 - lg_cotrain - INFO - Early stopping at epoch 10
2026-02-27 04:40:14,056 - lg_cotrain - INFO - === Final Evaluation ===
2026-02-27 04:40:23,753 - lg_cotrain - INFO - Results saved to C:\Users\anhtr\AppData\Local\Temp\tmplkhhm9ga\hurricane_irma_2017\25_set1\metrics.json
2026-02-27 04:40:23,753 - lg_cotrain - INFO - Test error rate: 74.92%, Test macro-F1: 0.0446, Test ECE: 0.1153
2026-02-27 04:40:23,763 - lg_cotrain - INFO - --- Trial 5/10 done: dev_macro_f1=0.0445 ---
2026-02-27 04:40:23,764 - lg_cotrain - INFO - --- Trial 6/10 ---
2026-02-27 04:40:24,351 - lg_cotrain - INFO - Starting LG-CoTrain: event=hurricane_irma_2017, budget=25, seed_set=1
2026-02-27 04:40:24,397 - lg_cotrain - INFO - Detected 9 classes for event hurricane_irma_2017: ['caution_and_advice', 'displaced_people_and_evacuations', 'infrastructure_and_utility_damage', 'injured_or_dead_people', 'not_humanitarian', 'other_relevant_information', 'requests_or_urgent_needs', 'rescue_volunteering_or_donation_effort', 'sympathy_and_support']
2026-02-27 04:40:24,405 - lg_cotrain - INFO - D_l1: 117, D_l2: 108, D_LG: 6354
2026-02-27 04:40:24,406 - lg_cotrain - INFO - === Phase 1: Weight Generation ===
2026-02-27 04:40:49,828 - lg_cotrain - INFO - Phase 1 epoch 1/7: mean_prob1=0.1059, mean_prob2=0.1183
2026-02-27 04:41:14,120 - lg_cotrain - INFO - Phase 1 epoch 2/7: mean_prob1=0.1127, mean_prob2=0.1166
2026-02-27 04:41:38,425 - lg_cotrain - INFO - Phase 1 epoch 3/7: mean_prob1=0.1060, mean_prob2=0.1045
2026-02-27 04:42:02,718 - lg_cotrain - INFO - Phase 1 epoch 4/7: mean_prob1=0.1122, mean_prob2=0.1174
2026-02-27 04:42:27,140 - lg_cotrain - INFO - Phase 1 epoch 5/7: mean_prob1=0.1088, mean_prob2=0.1107
2026-02-27 04:42:51,415 - lg_cotrain - INFO - Phase 1 epoch 6/7: mean_prob1=0.1091, mean_prob2=0.1077
2026-02-27 04:43:15,685 - lg_cotrain - INFO - Phase 1 epoch 7/7: mean_prob1=0.1101, mean_prob2=0.1240
2026-02-27 04:43:15,685 - lg_cotrain - INFO - === Phase 2: Co-Training ===
2026-02-27 04:43:16,758 - lg_cotrain - INFO - LR scheduler: total_steps_1=2790, warmup=45; total_steps_2=2690, warmup=43
2026-02-27 04:43:16,759 - lg_cotrain - INFO - Phase 1 done -> seeded Phase 2 trackers. lambda1: mean=0.1101, range=[0.0814, 0.1305]
2026-02-27 04:43:16,759 - lg_cotrain - INFO - Phase 1 done -> seeded Phase 2 trackers. lambda2: mean=0.1240, range=[0.0761, 0.1574]
2026-02-27 04:44:53,819 - lg_cotrain - INFO - Phase 2 epoch 1/5: loss1=0.2322, loss2=0.2200, dev_macro_f1=0.0371, dev_err=79.96%
2026-02-27 04:46:30,910 - lg_cotrain - INFO - Phase 2 epoch 2/5: loss1=0.1890, loss2=0.3353, dev_macro_f1=0.0321, dev_err=83.09%
2026-02-27 04:48:08,127 - lg_cotrain - INFO - Phase 2 epoch 3/5: loss1=0.1567, loss2=0.3324, dev_macro_f1=0.0321, dev_err=83.09%
2026-02-27 04:49:45,087 - lg_cotrain - INFO - Phase 2 epoch 4/5: loss1=0.1536, loss2=0.3450, dev_macro_f1=0.0321, dev_err=83.09%
2026-02-27 04:51:22,082 - lg_cotrain - INFO - Phase 2 epoch 5/5: loss1=0.1511, loss2=0.3470, dev_macro_f1=0.0371, dev_err=79.96%
2026-02-27 04:51:22,082 - lg_cotrain - INFO - === Phase 3: Fine-Tuning ===
2026-02-27 04:51:26,670 - lg_cotrain - INFO - Phase 3 epoch 1: dev_macro_f1=0.0030, dev_err=98.64%, es_counter1=0, es_counter2=0
2026-02-27 04:51:31,227 - lg_cotrain - INFO - Phase 3 epoch 2: dev_macro_f1=0.0030, dev_err=98.64%, es_counter1=1, es_counter2=1
2026-02-27 04:51:35,793 - lg_cotrain - INFO - Phase 3 epoch 3: dev_macro_f1=0.0371, dev_err=79.96%, es_counter1=0, es_counter2=0
2026-02-27 04:51:40,372 - lg_cotrain - INFO - Phase 3 epoch 4: dev_macro_f1=0.0321, dev_err=83.09%, es_counter1=1, es_counter2=1
2026-02-27 04:51:44,930 - lg_cotrain - INFO - Phase 3 epoch 5: dev_macro_f1=0.0127, dev_err=93.95%, es_counter1=2, es_counter2=2
2026-02-27 04:51:49,485 - lg_cotrain - INFO - Phase 3 epoch 6: dev_macro_f1=0.0030, dev_err=98.64%, es_counter1=3, es_counter2=3
2026-02-27 04:51:54,076 - lg_cotrain - INFO - Phase 3 epoch 7: dev_macro_f1=0.0445, dev_err=74.95%, es_counter1=0, es_counter2=0
2026-02-27 04:51:58,637 - lg_cotrain - INFO - Phase 3 epoch 8: dev_macro_f1=0.0135, dev_err=93.53%, es_counter1=1, es_counter2=1
2026-02-27 04:52:03,194 - lg_cotrain - INFO - Phase 3 epoch 9: dev_macro_f1=0.0030, dev_err=98.64%, es_counter1=2, es_counter2=2
2026-02-27 04:52:07,756 - lg_cotrain - INFO - Phase 3 epoch 10: dev_macro_f1=0.0321, dev_err=83.09%, es_counter1=3, es_counter2=3
2026-02-27 04:52:12,317 - lg_cotrain - INFO - Phase 3 epoch 11: dev_macro_f1=0.0445, dev_err=74.95%, es_counter1=4, es_counter2=4
2026-02-27 04:52:16,882 - lg_cotrain - INFO - Phase 3 epoch 12: dev_macro_f1=0.0135, dev_err=93.53%, es_counter1=5, es_counter2=5
2026-02-27 04:52:16,882 - lg_cotrain - INFO - Early stopping at epoch 12
2026-02-27 04:52:16,891 - lg_cotrain - INFO - === Final Evaluation ===
2026-02-27 04:52:26,628 - lg_cotrain - INFO - Results saved to C:\Users\anhtr\AppData\Local\Temp\tmphe5ya6t9\hurricane_irma_2017\25_set1\metrics.json
2026-02-27 04:52:26,628 - lg_cotrain - INFO - Test error rate: 74.92%, Test macro-F1: 0.0446, Test ECE: 0.1313
2026-02-27 04:52:26,641 - lg_cotrain - INFO - --- Trial 6/10 done: dev_macro_f1=0.0445 ---
2026-02-27 04:52:26,641 - lg_cotrain - INFO - --- Trial 7/10 ---
2026-02-27 04:52:27,214 - lg_cotrain - INFO - Starting LG-CoTrain: event=hurricane_irma_2017, budget=25, seed_set=1
2026-02-27 04:52:27,252 - lg_cotrain - INFO - Detected 9 classes for event hurricane_irma_2017: ['caution_and_advice', 'displaced_people_and_evacuations', 'infrastructure_and_utility_damage', 'injured_or_dead_people', 'not_humanitarian', 'other_relevant_information', 'requests_or_urgent_needs', 'rescue_volunteering_or_donation_effort', 'sympathy_and_support']
2026-02-27 04:52:27,260 - lg_cotrain - INFO - D_l1: 117, D_l2: 108, D_LG: 6354
2026-02-27 04:52:27,262 - lg_cotrain - INFO - === Phase 1: Weight Generation ===
2026-02-27 04:52:51,651 - lg_cotrain - INFO - Phase 1 epoch 1/7: mean_prob1=0.0993, mean_prob2=0.1077
2026-02-27 04:53:15,023 - lg_cotrain - INFO - Phase 1 epoch 2/7: mean_prob1=0.1244, mean_prob2=0.1104
2026-02-27 04:53:38,485 - lg_cotrain - INFO - Phase 1 epoch 3/7: mean_prob1=0.1271, mean_prob2=0.1202
2026-02-27 04:54:01,936 - lg_cotrain - INFO - Phase 1 epoch 4/7: mean_prob1=0.1737, mean_prob2=0.1530
2026-02-27 04:54:25,556 - lg_cotrain - INFO - Phase 1 epoch 5/7: mean_prob1=0.1979, mean_prob2=0.1782
2026-02-27 04:54:49,244 - lg_cotrain - INFO - Phase 1 epoch 6/7: mean_prob1=0.2735, mean_prob2=0.2727
2026-02-27 04:55:12,840 - lg_cotrain - INFO - Phase 1 epoch 7/7: mean_prob1=0.3870, mean_prob2=0.3112
2026-02-27 04:55:12,840 - lg_cotrain - INFO - === Phase 2: Co-Training ===
2026-02-27 04:55:13,924 - lg_cotrain - INFO - LR scheduler: total_steps_1=1395, warmup=393; total_steps_2=1395, warmup=393
2026-02-27 04:55:13,924 - lg_cotrain - INFO - Phase 1 done -> seeded Phase 2 trackers. lambda1: mean=0.3870, range=[0.0037, 0.9138]
2026-02-27 04:55:13,924 - lg_cotrain - INFO - Phase 1 done -> seeded Phase 2 trackers. lambda2: mean=0.3112, range=[0.0027, 0.9090]
2026-02-27 04:56:42,735 - lg_cotrain - INFO - Phase 2 epoch 1/5: loss1=0.3425, loss2=0.4143, dev_macro_f1=0.6026, dev_err=37.27%
2026-02-27 04:58:11,633 - lg_cotrain - INFO - Phase 2 epoch 2/5: loss1=0.0585, loss2=0.3202, dev_macro_f1=0.5803, dev_err=39.67%
2026-02-27 04:59:40,293 - lg_cotrain - INFO - Phase 2 epoch 3/5: loss1=0.0709, loss2=0.2873, dev_macro_f1=0.6162, dev_err=37.16%
2026-02-27 05:01:09,031 - lg_cotrain - INFO - Phase 2 epoch 4/5: loss1=0.0610, loss2=0.1667, dev_macro_f1=0.6110, dev_err=37.27%
2026-02-27 05:02:37,836 - lg_cotrain - INFO - Phase 2 epoch 5/5: loss1=0.0311, loss2=0.0765, dev_macro_f1=0.6079, dev_err=37.79%
2026-02-27 05:02:37,836 - lg_cotrain - INFO - === Phase 3: Fine-Tuning ===
2026-02-27 05:02:42,185 - lg_cotrain - INFO - Phase 3 epoch 1: dev_macro_f1=0.6065, dev_err=39.46%, es_counter1=0, es_counter2=0
2026-02-27 05:02:46,518 - lg_cotrain - INFO - Phase 3 epoch 2: dev_macro_f1=0.6264, dev_err=35.91%, es_counter1=0, es_counter2=0
2026-02-27 05:02:50,833 - lg_cotrain - INFO - Phase 3 epoch 3: dev_macro_f1=0.6123, dev_err=35.91%, es_counter1=1, es_counter2=1
2026-02-27 05:02:55,148 - lg_cotrain - INFO - Phase 3 epoch 4: dev_macro_f1=0.5984, dev_err=36.74%, es_counter1=2, es_counter2=2
2026-02-27 05:02:59,474 - lg_cotrain - INFO - Phase 3 epoch 5: dev_macro_f1=0.5843, dev_err=37.58%, es_counter1=3, es_counter2=3
2026-02-27 05:03:03,795 - lg_cotrain - INFO - Phase 3 epoch 6: dev_macro_f1=0.5904, dev_err=36.85%, es_counter1=4, es_counter2=4
2026-02-27 05:03:08,120 - lg_cotrain - INFO - Phase 3 epoch 7: dev_macro_f1=0.5971, dev_err=36.33%, es_counter1=5, es_counter2=5
2026-02-27 05:03:08,120 - lg_cotrain - INFO - Early stopping at epoch 7
2026-02-27 05:03:08,135 - lg_cotrain - INFO - === Final Evaluation ===
2026-02-27 05:03:17,548 - lg_cotrain - INFO - Results saved to C:\Users\anhtr\AppData\Local\Temp\tmptqqtxgsd\hurricane_irma_2017\25_set1\metrics.json
2026-02-27 05:03:17,548 - lg_cotrain - INFO - Test error rate: 33.08%, Test macro-F1: 0.6472, Test ECE: 0.0419
2026-02-27 05:03:17,557 - lg_cotrain - INFO - --- Trial 7/10 done: dev_macro_f1=0.6264 ---
2026-02-27 05:03:17,558 - lg_cotrain - INFO - --- Trial 8/10 ---
2026-02-27 05:03:18,178 - lg_cotrain - INFO - Starting LG-CoTrain: event=hurricane_irma_2017, budget=25, seed_set=1
2026-02-27 05:03:18,222 - lg_cotrain - INFO - Detected 9 classes for event hurricane_irma_2017: ['caution_and_advice', 'displaced_people_and_evacuations', 'infrastructure_and_utility_damage', 'injured_or_dead_people', 'not_humanitarian', 'other_relevant_information', 'requests_or_urgent_needs', 'rescue_volunteering_or_donation_effort', 'sympathy_and_support']
2026-02-27 05:03:18,232 - lg_cotrain - INFO - D_l1: 117, D_l2: 108, D_LG: 6354
2026-02-27 05:03:18,234 - lg_cotrain - INFO - === Phase 1: Weight Generation ===
2026-02-27 05:03:43,929 - lg_cotrain - INFO - Phase 1 epoch 1/7: mean_prob1=0.1138, mean_prob2=0.1093
2026-02-27 05:04:08,481 - lg_cotrain - INFO - Phase 1 epoch 2/7: mean_prob1=0.1076, mean_prob2=0.1130
2026-02-27 05:04:32,988 - lg_cotrain - INFO - Phase 1 epoch 3/7: mean_prob1=0.1291, mean_prob2=0.1245
2026-02-27 05:04:57,567 - lg_cotrain - INFO - Phase 1 epoch 4/7: mean_prob1=0.2049, mean_prob2=0.1149
2026-02-27 05:05:22,115 - lg_cotrain - INFO - Phase 1 epoch 5/7: mean_prob1=0.3417, mean_prob2=0.2215
2026-02-27 05:05:46,681 - lg_cotrain - INFO - Phase 1 epoch 6/7: mean_prob1=0.4415, mean_prob2=0.3280
2026-02-27 05:06:11,234 - lg_cotrain - INFO - Phase 1 epoch 7/7: mean_prob1=0.3560, mean_prob2=0.3807
2026-02-27 05:06:11,234 - lg_cotrain - INFO - === Phase 2: Co-Training ===
2026-02-27 05:06:12,349 - lg_cotrain - INFO - LR scheduler: total_steps_1=5974, warmup=1295; total_steps_2=5874, warmup=1273
2026-02-27 05:06:12,349 - lg_cotrain - INFO - Phase 1 done -> seeded Phase 2 trackers. lambda1: mean=0.3560, range=[0.0007, 0.9867]
2026-02-27 05:06:12,349 - lg_cotrain - INFO - Phase 1 done -> seeded Phase 2 trackers. lambda2: mean=0.3807, range=[0.0011, 0.9623]
2026-02-27 05:07:50,453 - lg_cotrain - INFO - Phase 2 epoch 1/13: loss1=0.4018, loss2=0.3665, dev_macro_f1=0.5761, dev_err=38.41%
2026-02-27 05:09:28,509 - lg_cotrain - INFO - Phase 2 epoch 2/13: loss1=0.0892, loss2=0.3763, dev_macro_f1=0.5639, dev_err=39.46%
2026-02-27 05:11:06,575 - lg_cotrain - INFO - Phase 2 epoch 3/13: loss1=0.1241, loss2=0.4790, dev_macro_f1=0.5187, dev_err=41.96%
2026-02-27 05:12:44,086 - lg_cotrain - INFO - Phase 2 epoch 4/13: loss1=0.4928, loss2=1.5171, dev_macro_f1=0.0321, dev_err=83.09%
2026-02-27 05:14:21,420 - lg_cotrain - INFO - Phase 2 epoch 5/13: loss1=0.3942, loss2=1.5392, dev_macro_f1=0.0371, dev_err=79.96%
2026-02-27 05:15:59,083 - lg_cotrain - INFO - Phase 2 epoch 6/13: loss1=0.2520, loss2=1.4394, dev_macro_f1=0.0371, dev_err=79.96%
2026-02-27 05:17:36,677 - lg_cotrain - INFO - Phase 2 epoch 7/13: loss1=0.1717, loss2=1.3507, dev_macro_f1=0.0371, dev_err=79.96%
2026-02-27 05:19:14,253 - lg_cotrain - INFO - Phase 2 epoch 8/13: loss1=0.1216, loss2=1.2800, dev_macro_f1=0.0371, dev_err=79.96%
2026-02-27 05:20:51,697 - lg_cotrain - INFO - Phase 2 epoch 9/13: loss1=0.0892, loss2=1.2164, dev_macro_f1=0.0371, dev_err=79.96%
2026-02-27 05:22:29,300 - lg_cotrain - INFO - Phase 2 epoch 10/13: loss1=0.0688, loss2=1.1645, dev_macro_f1=0.0371, dev_err=79.96%
2026-02-27 05:24:06,745 - lg_cotrain - INFO - Phase 2 epoch 11/13: loss1=0.0564, loss2=1.1209, dev_macro_f1=0.0371, dev_err=79.96%
2026-02-27 05:25:44,102 - lg_cotrain - INFO - Phase 2 epoch 12/13: loss1=0.0494, loss2=1.0832, dev_macro_f1=0.0371, dev_err=79.96%
2026-02-27 05:27:21,487 - lg_cotrain - INFO - Phase 2 epoch 13/13: loss1=0.0480, loss2=1.0477, dev_macro_f1=0.0371, dev_err=79.96%
2026-02-27 05:27:21,487 - lg_cotrain - INFO - === Phase 3: Fine-Tuning ===
2026-02-27 05:27:26,076 - lg_cotrain - INFO - Phase 3 epoch 1: dev_macro_f1=0.0371, dev_err=79.96%, es_counter1=0, es_counter2=0
2026-02-27 05:27:30,645 - lg_cotrain - INFO - Phase 3 epoch 2: dev_macro_f1=0.0127, dev_err=93.95%, es_counter1=1, es_counter2=1
2026-02-27 05:27:35,217 - lg_cotrain - INFO - Phase 3 epoch 3: dev_macro_f1=0.0371, dev_err=79.96%, es_counter1=2, es_counter2=2
2026-02-27 05:27:39,798 - lg_cotrain - INFO - Phase 3 epoch 4: dev_macro_f1=0.0371, dev_err=79.96%, es_counter1=3, es_counter2=3
2026-02-27 05:27:44,371 - lg_cotrain - INFO - Phase 3 epoch 5: dev_macro_f1=0.0030, dev_err=98.64%, es_counter1=4, es_counter2=4
2026-02-27 05:27:44,372 - lg_cotrain - INFO - Early stopping at epoch 5
2026-02-27 05:27:44,381 - lg_cotrain - INFO - === Final Evaluation ===
2026-02-27 05:27:54,117 - lg_cotrain - INFO - Results saved to C:\Users\anhtr\AppData\Local\Temp\tmpw85mm945\hurricane_irma_2017\25_set1\metrics.json
2026-02-27 05:27:54,117 - lg_cotrain - INFO - Test error rate: 80.02%, Test macro-F1: 0.0370, Test ECE: 0.1201
2026-02-27 05:27:54,130 - lg_cotrain - INFO - --- Trial 8/10 done: dev_macro_f1=0.0371 ---
2026-02-27 05:27:54,130 - lg_cotrain - INFO - --- Trial 9/10 ---
2026-02-27 05:27:54,701 - lg_cotrain - INFO - Starting LG-CoTrain: event=hurricane_irma_2017, budget=25, seed_set=1
2026-02-27 05:27:54,750 - lg_cotrain - INFO - Detected 9 classes for event hurricane_irma_2017: ['caution_and_advice', 'displaced_people_and_evacuations', 'infrastructure_and_utility_damage', 'injured_or_dead_people', 'not_humanitarian', 'other_relevant_information', 'requests_or_urgent_needs', 'rescue_volunteering_or_donation_effort', 'sympathy_and_support']
2026-02-27 05:27:54,758 - lg_cotrain - INFO - D_l1: 117, D_l2: 108, D_LG: 6354
2026-02-27 05:27:54,759 - lg_cotrain - INFO - === Phase 1: Weight Generation ===
2026-02-27 05:28:18,123 - lg_cotrain - INFO - Phase 1 epoch 1/7: mean_prob1=0.1246, mean_prob2=0.1161
2026-02-27 05:28:40,339 - lg_cotrain - INFO - Phase 1 epoch 2/7: mean_prob1=0.1206, mean_prob2=0.1193
2026-02-27 05:29:02,424 - lg_cotrain - INFO - Phase 1 epoch 3/7: mean_prob1=0.1179, mean_prob2=0.1239
2026-02-27 05:29:24,591 - lg_cotrain - INFO - Phase 1 epoch 4/7: mean_prob1=0.1184, mean_prob2=0.1283
2026-02-27 05:29:46,741 - lg_cotrain - INFO - Phase 1 epoch 5/7: mean_prob1=0.1188, mean_prob2=0.1317
2026-02-27 05:30:08,758 - lg_cotrain - INFO - Phase 1 epoch 6/7: mean_prob1=0.1210, mean_prob2=0.1350
2026-02-27 05:30:30,859 - lg_cotrain - INFO - Phase 1 epoch 7/7: mean_prob1=0.1235, mean_prob2=0.1389
2026-02-27 05:30:30,860 - lg_cotrain - INFO - === Phase 2: Co-Training ===
2026-02-27 05:30:31,919 - lg_cotrain - INFO - LR scheduler: total_steps_1=2100, warmup=555; total_steps_2=2100, warmup=555
2026-02-27 05:30:31,919 - lg_cotrain - INFO - Phase 1 done -> seeded Phase 2 trackers. lambda1: mean=0.1235, range=[0.0428, 0.2406]
2026-02-27 05:30:31,919 - lg_cotrain - INFO - Phase 1 done -> seeded Phase 2 trackers. lambda2: mean=0.1389, range=[0.0332, 0.3272]
2026-02-27 05:31:52,463 - lg_cotrain - INFO - Phase 2 epoch 1/19: loss1=0.3042, loss2=0.2569, dev_macro_f1=0.0816, dev_err=77.87%
2026-02-27 05:33:13,265 - lg_cotrain - INFO - Phase 2 epoch 2/19: loss1=0.1954, loss2=0.2546, dev_macro_f1=0.2522, dev_err=57.31%
2026-02-27 05:34:34,034 - lg_cotrain - INFO - Phase 2 epoch 3/19: loss1=0.1210, loss2=0.2191, dev_macro_f1=0.5245, dev_err=40.81%
2026-02-27 05:35:54,593 - lg_cotrain - INFO - Phase 2 epoch 4/19: loss1=0.0623, loss2=0.1600, dev_macro_f1=0.5430, dev_err=38.83%
2026-02-27 05:37:16,202 - lg_cotrain - INFO - Phase 2 epoch 5/19: loss1=0.0379, loss2=0.1280, dev_macro_f1=0.5531, dev_err=38.10%
2026-02-27 05:38:37,066 - lg_cotrain - INFO - Phase 2 epoch 6/19: loss1=0.0254, loss2=0.1046, dev_macro_f1=0.5474, dev_err=39.35%
2026-02-27 05:39:58,143 - lg_cotrain - INFO - Phase 2 epoch 7/19: loss1=0.0177, loss2=0.0755, dev_macro_f1=0.5582, dev_err=38.10%
2026-02-27 05:41:19,017 - lg_cotrain - INFO - Phase 2 epoch 8/19: loss1=0.0156, loss2=0.0592, dev_macro_f1=0.5500, dev_err=37.89%
2026-02-27 05:42:39,780 - lg_cotrain - INFO - Phase 2 epoch 9/19: loss1=0.0131, loss2=0.0430, dev_macro_f1=0.5452, dev_err=39.35%
2026-02-27 05:44:00,883 - lg_cotrain - INFO - Phase 2 epoch 10/19: loss1=0.0137, loss2=0.0345, dev_macro_f1=0.5494, dev_err=38.83%
2026-02-27 05:45:21,644 - lg_cotrain - INFO - Phase 2 epoch 11/19: loss1=0.0107, loss2=0.0327, dev_macro_f1=0.5514, dev_err=38.20%
2026-02-27 05:46:42,598 - lg_cotrain - INFO - Phase 2 epoch 12/19: loss1=0.0092, loss2=0.0259, dev_macro_f1=0.5658, dev_err=38.52%
2026-02-27 05:48:03,625 - lg_cotrain - INFO - Phase 2 epoch 13/19: loss1=0.0091, loss2=0.0188, dev_macro_f1=0.5621, dev_err=38.41%
2026-02-27 05:49:24,456 - lg_cotrain - INFO - Phase 2 epoch 14/19: loss1=0.0072, loss2=0.0164, dev_macro_f1=0.5639, dev_err=38.62%
2026-02-27 05:50:45,525 - lg_cotrain - INFO - Phase 2 epoch 15/19: loss1=0.0069, loss2=0.0152, dev_macro_f1=0.5522, dev_err=38.52%
2026-02-27 05:52:06,338 - lg_cotrain - INFO - Phase 2 epoch 16/19: loss1=0.0075, loss2=0.0135, dev_macro_f1=0.5713, dev_err=37.79%
2026-02-27 05:53:27,253 - lg_cotrain - INFO - Phase 2 epoch 17/19: loss1=0.0079, loss2=0.0134, dev_macro_f1=0.5733, dev_err=37.68%
2026-02-27 05:54:48,383 - lg_cotrain - INFO - Phase 2 epoch 18/19: loss1=0.0077, loss2=0.0097, dev_macro_f1=0.5736, dev_err=37.68%
2026-02-27 05:56:09,030 - lg_cotrain - INFO - Phase 2 epoch 19/19: loss1=0.0080, loss2=0.0096, dev_macro_f1=0.5732, dev_err=37.68%
2026-02-27 05:56:09,030 - lg_cotrain - INFO - === Phase 3: Fine-Tuning ===
2026-02-27 05:56:13,067 - lg_cotrain - INFO - Phase 3 epoch 1: dev_macro_f1=0.5756, dev_err=37.47%, es_counter1=0, es_counter2=0
2026-02-27 05:56:17,098 - lg_cotrain - INFO - Phase 3 epoch 2: dev_macro_f1=0.5956, dev_err=36.74%, es_counter1=0, es_counter2=0
2026-02-27 05:56:21,165 - lg_cotrain - INFO - Phase 3 epoch 3: dev_macro_f1=0.6143, dev_err=36.01%, es_counter1=0, es_counter2=0
2026-02-27 05:56:25,218 - lg_cotrain - INFO - Phase 3 epoch 4: dev_macro_f1=0.6282, dev_err=34.45%, es_counter1=0, es_counter2=0
2026-02-27 05:56:29,276 - lg_cotrain - INFO - Phase 3 epoch 5: dev_macro_f1=0.6343, dev_err=33.92%, es_counter1=0, es_counter2=0
2026-02-27 05:56:33,335 - lg_cotrain - INFO - Phase 3 epoch 6: dev_macro_f1=0.6526, dev_err=32.78%, es_counter1=0, es_counter2=0
2026-02-27 05:56:37,388 - lg_cotrain - INFO - Phase 3 epoch 7: dev_macro_f1=0.6549, dev_err=32.88%, es_counter1=0, es_counter2=0
2026-02-27 05:56:41,431 - lg_cotrain - INFO - Phase 3 epoch 8: dev_macro_f1=0.6499, dev_err=32.78%, es_counter1=1, es_counter2=1
2026-02-27 05:56:45,466 - lg_cotrain - INFO - Phase 3 epoch 9: dev_macro_f1=0.6511, dev_err=32.99%, es_counter1=2, es_counter2=2
2026-02-27 05:56:49,510 - lg_cotrain - INFO - Phase 3 epoch 10: dev_macro_f1=0.6437, dev_err=33.30%, es_counter1=3, es_counter2=3
2026-02-27 05:56:53,538 - lg_cotrain - INFO - Phase 3 epoch 11: dev_macro_f1=0.6354, dev_err=33.92%, es_counter1=4, es_counter2=4
2026-02-27 05:56:57,575 - lg_cotrain - INFO - Phase 3 epoch 12: dev_macro_f1=0.6322, dev_err=34.34%, es_counter1=5, es_counter2=5
2026-02-27 05:57:01,610 - lg_cotrain - INFO - Phase 3 epoch 13: dev_macro_f1=0.6283, dev_err=34.86%, es_counter1=6, es_counter2=6
2026-02-27 05:57:05,628 - lg_cotrain - INFO - Phase 3 epoch 14: dev_macro_f1=0.6304, dev_err=34.76%, es_counter1=7, es_counter2=7
2026-02-27 05:57:09,672 - lg_cotrain - INFO - Phase 3 epoch 15: dev_macro_f1=0.6312, dev_err=34.66%, es_counter1=8, es_counter2=8
2026-02-27 05:57:13,691 - lg_cotrain - INFO - Phase 3 epoch 16: dev_macro_f1=0.6293, dev_err=34.86%, es_counter1=9, es_counter2=9
2026-02-27 05:57:17,727 - lg_cotrain - INFO - Phase 3 epoch 17: dev_macro_f1=0.6229, dev_err=35.49%, es_counter1=10, es_counter2=10
2026-02-27 05:57:17,728 - lg_cotrain - INFO - Early stopping at epoch 17
2026-02-27 05:57:17,736 - lg_cotrain - INFO - === Final Evaluation ===
2026-02-27 05:57:26,636 - lg_cotrain - INFO - Results saved to C:\Users\anhtr\AppData\Local\Temp\tmpl01cplps\hurricane_irma_2017\25_set1\metrics.json
2026-02-27 05:57:26,636 - lg_cotrain - INFO - Test error rate: 32.71%, Test macro-F1: 0.6494, Test ECE: 0.1812
2026-02-27 05:57:26,650 - lg_cotrain - INFO - --- Trial 9/10 done: dev_macro_f1=0.6549 ---
2026-02-27 05:57:26,650 - lg_cotrain - INFO - --- Trial 10/10 ---
2026-02-27 05:57:27,219 - lg_cotrain - INFO - Starting LG-CoTrain: event=hurricane_irma_2017, budget=25, seed_set=1
2026-02-27 05:57:27,267 - lg_cotrain - INFO - Detected 9 classes for event hurricane_irma_2017: ['caution_and_advice', 'displaced_people_and_evacuations', 'infrastructure_and_utility_damage', 'injured_or_dead_people', 'not_humanitarian', 'other_relevant_information', 'requests_or_urgent_needs', 'rescue_volunteering_or_donation_effort', 'sympathy_and_support']
2026-02-27 05:57:27,276 - lg_cotrain - INFO - D_l1: 117, D_l2: 108, D_LG: 6354
2026-02-27 05:57:27,277 - lg_cotrain - INFO - === Phase 1: Weight Generation ===
2026-02-27 05:57:52,807 - lg_cotrain - INFO - Phase 1 epoch 1/7: mean_prob1=0.1241, mean_prob2=0.1131
2026-02-27 05:58:17,302 - lg_cotrain - INFO - Phase 1 epoch 2/7: mean_prob1=0.1232, mean_prob2=0.1236
2026-02-27 05:58:41,886 - lg_cotrain - INFO - Phase 1 epoch 3/7: mean_prob1=0.1493, mean_prob2=0.1492
2026-02-27 05:59:06,476 - lg_cotrain - INFO - Phase 1 epoch 4/7: mean_prob1=0.1731, mean_prob2=0.1603
2026-02-27 05:59:31,032 - lg_cotrain - INFO - Phase 1 epoch 5/7: mean_prob1=0.1993, mean_prob2=0.1712
2026-02-27 05:59:55,563 - lg_cotrain - INFO - Phase 1 epoch 6/7: mean_prob1=0.2312, mean_prob2=0.2070
2026-02-27 06:00:20,189 - lg_cotrain - INFO - Phase 1 epoch 7/7: mean_prob1=0.2589, mean_prob2=0.2349
2026-02-27 06:00:20,190 - lg_cotrain - INFO - === Phase 2: Co-Training ===
2026-02-27 06:00:21,270 - lg_cotrain - INFO - LR scheduler: total_steps_1=2790, warmup=157; total_steps_2=2690, warmup=151
2026-02-27 06:00:21,271 - lg_cotrain - INFO - Phase 1 done -> seeded Phase 2 trackers. lambda1: mean=0.2589, range=[0.0107, 0.8687]
2026-02-27 06:00:21,271 - lg_cotrain - INFO - Phase 1 done -> seeded Phase 2 trackers. lambda2: mean=0.2349, range=[0.0089, 0.7590]
2026-02-27 06:01:59,377 - lg_cotrain - INFO - Phase 2 epoch 1/5: loss1=0.2263, loss2=0.2298, dev_macro_f1=0.5752, dev_err=41.02%
2026-02-27 06:03:37,420 - lg_cotrain - INFO - Phase 2 epoch 2/5: loss1=0.0436, loss2=0.2555, dev_macro_f1=0.6192, dev_err=37.37%
2026-02-27 06:05:15,349 - lg_cotrain - INFO - Phase 2 epoch 3/5: loss1=0.0272, loss2=0.1595, dev_macro_f1=0.6041, dev_err=37.58%
2026-02-27 06:06:53,337 - lg_cotrain - INFO - Phase 2 epoch 4/5: loss1=0.0239, loss2=0.0841, dev_macro_f1=0.6087, dev_err=37.68%
2026-02-27 06:08:31,361 - lg_cotrain - INFO - Phase 2 epoch 5/5: loss1=0.0114, loss2=0.0420, dev_macro_f1=0.5981, dev_err=38.00%
2026-02-27 06:08:31,361 - lg_cotrain - INFO - === Phase 3: Fine-Tuning ===
2026-02-27 06:08:35,995 - lg_cotrain - INFO - Phase 3 epoch 1: dev_macro_f1=0.6223, dev_err=37.27%, es_counter1=0, es_counter2=0
2026-02-27 06:08:40,613 - lg_cotrain - INFO - Phase 3 epoch 2: dev_macro_f1=0.6153, dev_err=36.64%, es_counter1=1, es_counter2=1
2026-02-27 06:08:45,246 - lg_cotrain - INFO - Phase 3 epoch 3: dev_macro_f1=0.6343, dev_err=34.24%, es_counter1=0, es_counter2=0
2026-02-27 06:08:49,848 - lg_cotrain - INFO - Phase 3 epoch 4: dev_macro_f1=0.6303, dev_err=35.18%, es_counter1=1, es_counter2=1
2026-02-27 06:08:54,485 - lg_cotrain - INFO - Phase 3 epoch 5: dev_macro_f1=0.6355, dev_err=34.34%, es_counter1=0, es_counter2=0
2026-02-27 06:08:59,132 - lg_cotrain - INFO - Phase 3 epoch 6: dev_macro_f1=0.6377, dev_err=34.24%, es_counter1=0, es_counter2=0
2026-02-27 06:09:03,743 - lg_cotrain - INFO - Phase 3 epoch 7: dev_macro_f1=0.6303, dev_err=34.76%, es_counter1=1, es_counter2=1
2026-02-27 06:09:08,356 - lg_cotrain - INFO - Phase 3 epoch 8: dev_macro_f1=0.6235, dev_err=34.97%, es_counter1=2, es_counter2=2
2026-02-27 06:09:12,983 - lg_cotrain - INFO - Phase 3 epoch 9: dev_macro_f1=0.6264, dev_err=35.18%, es_counter1=3, es_counter2=3
2026-02-27 06:09:17,608 - lg_cotrain - INFO - Phase 3 epoch 10: dev_macro_f1=0.6271, dev_err=35.18%, es_counter1=4, es_counter2=4
2026-02-27 06:09:22,246 - lg_cotrain - INFO - Phase 3 epoch 11: dev_macro_f1=0.6258, dev_err=35.28%, es_counter1=5, es_counter2=5
2026-02-27 06:09:26,881 - lg_cotrain - INFO - Phase 3 epoch 12: dev_macro_f1=0.6278, dev_err=35.07%, es_counter1=6, es_counter2=6
2026-02-27 06:09:31,524 - lg_cotrain - INFO - Phase 3 epoch 13: dev_macro_f1=0.6274, dev_err=35.07%, es_counter1=7, es_counter2=7
2026-02-27 06:09:36,160 - lg_cotrain - INFO - Phase 3 epoch 14: dev_macro_f1=0.6274, dev_err=35.07%, es_counter1=8, es_counter2=8
2026-02-27 06:09:36,160 - lg_cotrain - INFO - Early stopping at epoch 14
2026-02-27 06:09:36,171 - lg_cotrain - INFO - === Final Evaluation ===
2026-02-27 06:09:46,039 - lg_cotrain - INFO - Results saved to C:\Users\anhtr\AppData\Local\Temp\tmpujrdua_p\hurricane_irma_2017\25_set1\metrics.json
2026-02-27 06:09:46,039 - lg_cotrain - INFO - Test error rate: 32.44%, Test macro-F1: 0.6501, Test ECE: 0.1577
2026-02-27 06:09:46,048 - lg_cotrain - INFO - --- Trial 10/10 done: dev_macro_f1=0.6377 ---
