2026-02-28 21:38:35,628 - lg_cotrain - INFO - === Optuna study: kerala_floods_2018 budget=10 seed=3 | target=10 trials, 0 replayed, 10 new ===
2026-02-28 21:38:35,629 - lg_cotrain - INFO - --- Trial 1/10 ---
2026-02-28 21:38:36,143 - lg_cotrain - INFO - Starting LG-CoTrain: event=kerala_floods_2018, budget=10, seed_set=3
2026-02-28 21:38:36,198 - lg_cotrain - INFO - Detected 9 classes for event kerala_floods_2018: ['caution_and_advice', 'displaced_people_and_evacuations', 'infrastructure_and_utility_damage', 'injured_or_dead_people', 'not_humanitarian', 'other_relevant_information', 'requests_or_urgent_needs', 'rescue_volunteering_or_donation_effort', 'sympathy_and_support']
2026-02-28 21:38:36,206 - lg_cotrain - INFO - D_l1: 45, D_l2: 45, D_LG: 5498
2026-02-28 21:38:36,207 - lg_cotrain - INFO - === Phase 1: Weight Generation ===
2026-02-28 21:38:57,445 - lg_cotrain - INFO - Phase 1 epoch 1/7: mean_prob1=0.1093, mean_prob2=0.1187
2026-02-28 21:39:17,600 - lg_cotrain - INFO - Phase 1 epoch 2/7: mean_prob1=0.1102, mean_prob2=0.1234
2026-02-28 21:39:37,871 - lg_cotrain - INFO - Phase 1 epoch 3/7: mean_prob1=0.1140, mean_prob2=0.1279
2026-02-28 21:39:58,055 - lg_cotrain - INFO - Phase 1 epoch 4/7: mean_prob1=0.1148, mean_prob2=0.1337
2026-02-28 21:40:18,317 - lg_cotrain - INFO - Phase 1 epoch 5/7: mean_prob1=0.1129, mean_prob2=0.1336
2026-02-28 21:40:38,564 - lg_cotrain - INFO - Phase 1 epoch 6/7: mean_prob1=0.1137, mean_prob2=0.1347
2026-02-28 21:40:58,863 - lg_cotrain - INFO - Phase 1 epoch 7/7: mean_prob1=0.1181, mean_prob2=0.1342
2026-02-28 21:40:58,864 - lg_cotrain - INFO - === Phase 2: Co-Training ===
2026-02-28 21:40:59,775 - lg_cotrain - INFO - LR scheduler: total_steps_1=2780, warmup=142; total_steps_2=2780, warmup=142
2026-02-28 21:40:59,775 - lg_cotrain - INFO - Phase 1 done -> seeded Phase 2 trackers. lambda1: mean=0.1181, range=[0.0383, 0.2438]
2026-02-28 21:40:59,775 - lg_cotrain - INFO - Phase 1 done -> seeded Phase 2 trackers. lambda2: mean=0.1342, range=[0.0214, 0.3671]
2026-02-28 21:42:18,306 - lg_cotrain - INFO - Phase 2 epoch 1/15: loss1=0.1634, loss2=0.1553, dev_macro_f1=0.4850, dev_err=28.26%
2026-02-28 21:43:37,122 - lg_cotrain - INFO - Phase 2 epoch 2/15: loss1=0.0595, loss2=0.1838, dev_macro_f1=0.5235, dev_err=26.17%
2026-02-28 21:44:55,711 - lg_cotrain - INFO - Phase 2 epoch 3/15: loss1=0.0307, loss2=0.1411, dev_macro_f1=0.5516, dev_err=26.78%
2026-02-28 21:46:13,685 - lg_cotrain - INFO - Phase 2 epoch 4/15: loss1=0.0245, loss2=0.0943, dev_macro_f1=0.6034, dev_err=27.15%
2026-02-28 21:47:32,211 - lg_cotrain - INFO - Phase 2 epoch 5/15: loss1=0.0188, loss2=0.0558, dev_macro_f1=0.5916, dev_err=25.92%
2026-02-28 21:48:51,639 - lg_cotrain - INFO - Phase 2 epoch 6/15: loss1=0.0115, loss2=0.0401, dev_macro_f1=0.5927, dev_err=25.92%
2026-02-28 21:50:10,317 - lg_cotrain - INFO - Phase 2 epoch 7/15: loss1=0.0104, loss2=0.0244, dev_macro_f1=0.6298, dev_err=24.45%
2026-02-28 21:51:28,287 - lg_cotrain - INFO - Phase 2 epoch 8/15: loss1=0.0106, loss2=0.0131, dev_macro_f1=0.6274, dev_err=24.69%
2026-02-28 21:52:46,042 - lg_cotrain - INFO - Phase 2 epoch 9/15: loss1=0.0115, loss2=0.0074, dev_macro_f1=0.6219, dev_err=26.29%
2026-02-28 21:54:03,692 - lg_cotrain - INFO - Phase 2 epoch 10/15: loss1=0.0081, loss2=0.0054, dev_macro_f1=0.6307, dev_err=25.18%
2026-02-28 21:55:21,311 - lg_cotrain - INFO - Phase 2 epoch 11/15: loss1=0.0049, loss2=0.0045, dev_macro_f1=0.6274, dev_err=25.92%
2026-02-28 21:56:38,972 - lg_cotrain - INFO - Phase 2 epoch 12/15: loss1=0.0032, loss2=0.0044, dev_macro_f1=0.6141, dev_err=26.29%
2026-02-28 21:57:56,605 - lg_cotrain - INFO - Phase 2 epoch 13/15: loss1=0.0030, loss2=0.0030, dev_macro_f1=0.6093, dev_err=27.03%
2026-02-28 21:59:14,379 - lg_cotrain - INFO - Phase 2 epoch 14/15: loss1=0.0033, loss2=0.0024, dev_macro_f1=0.6093, dev_err=26.41%
2026-02-28 22:00:32,240 - lg_cotrain - INFO - Phase 2 epoch 15/15: loss1=0.0031, loss2=0.0021, dev_macro_f1=0.6069, dev_err=26.78%
2026-02-28 22:00:32,240 - lg_cotrain - INFO - === Phase 3: Fine-Tuning ===
2026-02-28 22:00:35,486 - lg_cotrain - INFO - Phase 3 epoch 1: dev_macro_f1=0.6104, dev_err=26.54%, es_counter1=0, es_counter2=0
2026-02-28 22:00:38,703 - lg_cotrain - INFO - Phase 3 epoch 2: dev_macro_f1=0.6011, dev_err=27.40%, es_counter1=1, es_counter2=1
2026-02-28 22:00:41,929 - lg_cotrain - INFO - Phase 3 epoch 3: dev_macro_f1=0.6070, dev_err=27.27%, es_counter1=2, es_counter2=2
2026-02-28 22:00:45,153 - lg_cotrain - INFO - Phase 3 epoch 4: dev_macro_f1=0.6069, dev_err=27.27%, es_counter1=3, es_counter2=3
2026-02-28 22:00:48,388 - lg_cotrain - INFO - Phase 3 epoch 5: dev_macro_f1=0.5964, dev_err=28.01%, es_counter1=4, es_counter2=4
2026-02-28 22:00:51,601 - lg_cotrain - INFO - Phase 3 epoch 6: dev_macro_f1=0.5955, dev_err=28.13%, es_counter1=5, es_counter2=5
2026-02-28 22:00:54,827 - lg_cotrain - INFO - Phase 3 epoch 7: dev_macro_f1=0.5900, dev_err=28.50%, es_counter1=6, es_counter2=6
2026-02-28 22:00:54,827 - lg_cotrain - INFO - Early stopping at epoch 7
2026-02-28 22:00:54,836 - lg_cotrain - INFO - === Final Evaluation ===
2026-02-28 22:01:02,944 - lg_cotrain - INFO - Results saved to C:\Users\anhtr\AppData\Local\Temp\tmp630md0sx\kerala_floods_2018\10_set3\metrics.json
2026-02-28 22:01:02,945 - lg_cotrain - INFO - Test error rate: 29.90%, Test macro-F1: 0.5564, Test ECE: 0.2285
2026-02-28 22:01:02,953 - lg_cotrain - INFO - --- Trial 1/10 done: dev_macro_f1=0.6104 ---
2026-02-28 22:01:02,954 - lg_cotrain - INFO - --- Trial 2/10 ---
2026-02-28 22:01:03,486 - lg_cotrain - INFO - Starting LG-CoTrain: event=kerala_floods_2018, budget=10, seed_set=3
2026-02-28 22:01:03,524 - lg_cotrain - INFO - Detected 9 classes for event kerala_floods_2018: ['caution_and_advice', 'displaced_people_and_evacuations', 'infrastructure_and_utility_damage', 'injured_or_dead_people', 'not_humanitarian', 'other_relevant_information', 'requests_or_urgent_needs', 'rescue_volunteering_or_donation_effort', 'sympathy_and_support']
2026-02-28 22:01:03,533 - lg_cotrain - INFO - D_l1: 45, D_l2: 45, D_LG: 5498
2026-02-28 22:01:03,535 - lg_cotrain - INFO - === Phase 1: Weight Generation ===
2026-02-28 22:01:27,277 - lg_cotrain - INFO - Phase 1 epoch 1/7: mean_prob1=0.1104, mean_prob2=0.1057
2026-02-28 22:01:50,004 - lg_cotrain - INFO - Phase 1 epoch 2/7: mean_prob1=0.1028, mean_prob2=0.1090
2026-02-28 22:02:12,850 - lg_cotrain - INFO - Phase 1 epoch 3/7: mean_prob1=0.0968, mean_prob2=0.1149
2026-02-28 22:02:35,628 - lg_cotrain - INFO - Phase 1 epoch 4/7: mean_prob1=0.1028, mean_prob2=0.0966
2026-02-28 22:02:58,546 - lg_cotrain - INFO - Phase 1 epoch 5/7: mean_prob1=0.1099, mean_prob2=0.1437
2026-02-28 22:03:21,259 - lg_cotrain - INFO - Phase 1 epoch 6/7: mean_prob1=0.1036, mean_prob2=0.1256
2026-02-28 22:03:43,946 - lg_cotrain - INFO - Phase 1 epoch 7/7: mean_prob1=0.1192, mean_prob2=0.1191
2026-02-28 22:03:43,946 - lg_cotrain - INFO - === Phase 2: Co-Training ===
2026-02-28 22:03:44,934 - lg_cotrain - INFO - LR scheduler: total_steps_1=5416, warmup=806; total_steps_2=5416, warmup=806
2026-02-28 22:03:44,934 - lg_cotrain - INFO - Phase 1 done -> seeded Phase 2 trackers. lambda1: mean=0.1192, range=[0.0847, 0.1285]
2026-02-28 22:03:44,935 - lg_cotrain - INFO - Phase 1 done -> seeded Phase 2 trackers. lambda2: mean=0.1191, range=[0.0080, 0.3916]
2026-02-28 22:05:25,966 - lg_cotrain - INFO - Phase 2 epoch 1/7: loss1=0.1419, loss2=0.1225, dev_macro_f1=0.4606, dev_err=32.06%
2026-02-28 22:07:07,352 - lg_cotrain - INFO - Phase 2 epoch 2/7: loss1=0.0783, loss2=0.6633, dev_macro_f1=0.3379, dev_err=35.87%
2026-02-28 22:08:48,802 - lg_cotrain - INFO - Phase 2 epoch 3/7: loss1=0.0194, loss2=0.9638, dev_macro_f1=0.2715, dev_err=40.42%
2026-02-28 22:10:30,208 - lg_cotrain - INFO - Phase 2 epoch 4/7: loss1=0.0086, loss2=1.0616, dev_macro_f1=0.2375, dev_err=39.80%
2026-02-28 22:12:11,713 - lg_cotrain - INFO - Phase 2 epoch 5/7: loss1=0.0063, loss2=1.0773, dev_macro_f1=0.1601, dev_err=42.63%
2026-02-28 22:13:54,904 - lg_cotrain - INFO - Phase 2 epoch 6/7: loss1=0.0035, loss2=1.0824, dev_macro_f1=0.2251, dev_err=38.70%
2026-02-28 22:15:36,615 - lg_cotrain - INFO - Phase 2 epoch 7/7: loss1=0.0025, loss2=1.1156, dev_macro_f1=0.3109, dev_err=36.12%
2026-02-28 22:15:36,615 - lg_cotrain - INFO - === Phase 3: Fine-Tuning ===
2026-02-28 22:15:40,396 - lg_cotrain - INFO - Phase 3 epoch 1: dev_macro_f1=0.3531, dev_err=38.82%, es_counter1=0, es_counter2=0
2026-02-28 22:15:44,175 - lg_cotrain - INFO - Phase 3 epoch 2: dev_macro_f1=0.4498, dev_err=36.36%, es_counter1=0, es_counter2=0
2026-02-28 22:15:47,991 - lg_cotrain - INFO - Phase 3 epoch 3: dev_macro_f1=0.4697, dev_err=34.52%, es_counter1=0, es_counter2=0
2026-02-28 22:15:51,775 - lg_cotrain - INFO - Phase 3 epoch 4: dev_macro_f1=0.5105, dev_err=31.94%, es_counter1=0, es_counter2=0
2026-02-28 22:15:55,540 - lg_cotrain - INFO - Phase 3 epoch 5: dev_macro_f1=0.5050, dev_err=34.64%, es_counter1=1, es_counter2=1
2026-02-28 22:15:59,318 - lg_cotrain - INFO - Phase 3 epoch 6: dev_macro_f1=0.5083, dev_err=36.00%, es_counter1=2, es_counter2=2
2026-02-28 22:16:03,111 - lg_cotrain - INFO - Phase 3 epoch 7: dev_macro_f1=0.5114, dev_err=36.61%, es_counter1=0, es_counter2=0
2026-02-28 22:16:06,899 - lg_cotrain - INFO - Phase 3 epoch 8: dev_macro_f1=0.5070, dev_err=37.84%, es_counter1=1, es_counter2=1
2026-02-28 22:16:10,684 - lg_cotrain - INFO - Phase 3 epoch 9: dev_macro_f1=0.5047, dev_err=39.31%, es_counter1=2, es_counter2=2
2026-02-28 22:16:14,491 - lg_cotrain - INFO - Phase 3 epoch 10: dev_macro_f1=0.5071, dev_err=39.43%, es_counter1=3, es_counter2=3
2026-02-28 22:16:18,477 - lg_cotrain - INFO - Phase 3 epoch 11: dev_macro_f1=0.5053, dev_err=40.05%, es_counter1=4, es_counter2=4
2026-02-28 22:16:22,289 - lg_cotrain - INFO - Phase 3 epoch 12: dev_macro_f1=0.5053, dev_err=40.05%, es_counter1=5, es_counter2=5
2026-02-28 22:16:26,082 - lg_cotrain - INFO - Phase 3 epoch 13: dev_macro_f1=0.5053, dev_err=40.05%, es_counter1=6, es_counter2=6
2026-02-28 22:16:29,883 - lg_cotrain - INFO - Phase 3 epoch 14: dev_macro_f1=0.5107, dev_err=39.68%, es_counter1=7, es_counter2=7
2026-02-28 22:16:33,677 - lg_cotrain - INFO - Phase 3 epoch 15: dev_macro_f1=0.5109, dev_err=39.56%, es_counter1=8, es_counter2=8
2026-02-28 22:16:37,503 - lg_cotrain - INFO - Phase 3 epoch 16: dev_macro_f1=0.5107, dev_err=39.68%, es_counter1=9, es_counter2=9
2026-02-28 22:16:41,406 - lg_cotrain - INFO - Phase 3 epoch 17: dev_macro_f1=0.5122, dev_err=39.68%, es_counter1=0, es_counter2=0
2026-02-28 22:16:45,433 - lg_cotrain - INFO - Phase 3 epoch 18: dev_macro_f1=0.5116, dev_err=39.80%, es_counter1=1, es_counter2=1
2026-02-28 22:16:49,297 - lg_cotrain - INFO - Phase 3 epoch 19: dev_macro_f1=0.5127, dev_err=39.68%, es_counter1=0, es_counter2=0
2026-02-28 22:16:53,116 - lg_cotrain - INFO - Phase 3 epoch 20: dev_macro_f1=0.5127, dev_err=39.68%, es_counter1=1, es_counter2=1
2026-02-28 22:16:56,929 - lg_cotrain - INFO - Phase 3 epoch 21: dev_macro_f1=0.5126, dev_err=39.68%, es_counter1=2, es_counter2=2
2026-02-28 22:17:00,699 - lg_cotrain - INFO - Phase 3 epoch 22: dev_macro_f1=0.5113, dev_err=39.80%, es_counter1=3, es_counter2=3
2026-02-28 22:17:04,477 - lg_cotrain - INFO - Phase 3 epoch 23: dev_macro_f1=0.5107, dev_err=39.93%, es_counter1=4, es_counter2=4
2026-02-28 22:17:08,325 - lg_cotrain - INFO - Phase 3 epoch 24: dev_macro_f1=0.5107, dev_err=39.93%, es_counter1=5, es_counter2=5
2026-02-28 22:17:12,185 - lg_cotrain - INFO - Phase 3 epoch 25: dev_macro_f1=0.5107, dev_err=39.93%, es_counter1=6, es_counter2=6
2026-02-28 22:17:16,021 - lg_cotrain - INFO - Phase 3 epoch 26: dev_macro_f1=0.5102, dev_err=40.05%, es_counter1=7, es_counter2=7
2026-02-28 22:17:19,875 - lg_cotrain - INFO - Phase 3 epoch 27: dev_macro_f1=0.5120, dev_err=39.93%, es_counter1=8, es_counter2=8
2026-02-28 22:17:23,759 - lg_cotrain - INFO - Phase 3 epoch 28: dev_macro_f1=0.5125, dev_err=39.80%, es_counter1=9, es_counter2=9
2026-02-28 22:17:27,650 - lg_cotrain - INFO - Phase 3 epoch 29: dev_macro_f1=0.5125, dev_err=39.80%, es_counter1=10, es_counter2=10
2026-02-28 22:17:27,651 - lg_cotrain - INFO - Early stopping at epoch 29
2026-02-28 22:17:27,660 - lg_cotrain - INFO - === Final Evaluation ===
2026-02-28 22:17:37,308 - lg_cotrain - INFO - Results saved to C:\Users\anhtr\AppData\Local\Temp\tmp7w41_ksa\kerala_floods_2018\10_set3\metrics.json
2026-02-28 22:17:37,308 - lg_cotrain - INFO - Test error rate: 40.01%, Test macro-F1: 0.4856, Test ECE: 0.1324
2026-02-28 22:17:37,319 - lg_cotrain - INFO - --- Trial 2/10 done: dev_macro_f1=0.5127 ---
2026-02-28 22:17:37,319 - lg_cotrain - INFO - --- Trial 3/10 ---
2026-02-28 22:17:37,838 - lg_cotrain - INFO - Starting LG-CoTrain: event=kerala_floods_2018, budget=10, seed_set=3
2026-02-28 22:17:37,883 - lg_cotrain - INFO - Detected 9 classes for event kerala_floods_2018: ['caution_and_advice', 'displaced_people_and_evacuations', 'infrastructure_and_utility_damage', 'injured_or_dead_people', 'not_humanitarian', 'other_relevant_information', 'requests_or_urgent_needs', 'rescue_volunteering_or_donation_effort', 'sympathy_and_support']
2026-02-28 22:17:37,895 - lg_cotrain - INFO - D_l1: 45, D_l2: 45, D_LG: 5498
2026-02-28 22:17:37,898 - lg_cotrain - INFO - === Phase 1: Weight Generation ===
2026-02-28 22:18:00,672 - lg_cotrain - INFO - Phase 1 epoch 1/7: mean_prob1=0.1134, mean_prob2=0.1047
2026-02-28 22:18:22,462 - lg_cotrain - INFO - Phase 1 epoch 2/7: mean_prob1=0.1212, mean_prob2=0.1096
2026-02-28 22:18:44,270 - lg_cotrain - INFO - Phase 1 epoch 3/7: mean_prob1=0.1088, mean_prob2=0.1138
2026-02-28 22:19:06,112 - lg_cotrain - INFO - Phase 1 epoch 4/7: mean_prob1=0.1213, mean_prob2=0.1193
2026-02-28 22:19:27,925 - lg_cotrain - INFO - Phase 1 epoch 5/7: mean_prob1=0.1235, mean_prob2=0.1125
2026-02-28 22:19:49,674 - lg_cotrain - INFO - Phase 1 epoch 6/7: mean_prob1=0.1479, mean_prob2=0.1424
2026-02-28 22:20:11,393 - lg_cotrain - INFO - Phase 1 epoch 7/7: mean_prob1=0.1678, mean_prob2=0.1063
2026-02-28 22:20:11,394 - lg_cotrain - INFO - === Phase 2: Co-Training ===
2026-02-28 22:20:12,520 - lg_cotrain - INFO - LR scheduler: total_steps_1=2020, warmup=281; total_steps_2=2020, warmup=281
2026-02-28 22:20:12,520 - lg_cotrain - INFO - Phase 1 done -> seeded Phase 2 trackers. lambda1: mean=0.1678, range=[0.0127, 0.6692]
2026-02-28 22:20:12,520 - lg_cotrain - INFO - Phase 1 done -> seeded Phase 2 trackers. lambda2: mean=0.1063, range=[0.0112, 0.4608]
2026-02-28 22:21:40,521 - lg_cotrain - INFO - Phase 2 epoch 1/5: loss1=0.1262, loss2=0.1626, dev_macro_f1=0.4944, dev_err=30.84%
2026-02-28 22:23:07,942 - lg_cotrain - INFO - Phase 2 epoch 2/5: loss1=0.0496, loss2=0.3936, dev_macro_f1=0.5518, dev_err=29.12%
2026-02-28 22:24:36,024 - lg_cotrain - INFO - Phase 2 epoch 3/5: loss1=0.0330, loss2=0.3273, dev_macro_f1=0.5492, dev_err=28.50%
2026-02-28 22:26:02,598 - lg_cotrain - INFO - Phase 2 epoch 4/5: loss1=0.0196, loss2=0.1916, dev_macro_f1=0.5766, dev_err=27.76%
2026-02-28 22:27:30,511 - lg_cotrain - INFO - Phase 2 epoch 5/5: loss1=0.0107, loss2=0.1074, dev_macro_f1=0.5780, dev_err=28.75%
2026-02-28 22:27:30,511 - lg_cotrain - INFO - === Phase 3: Fine-Tuning ===
2026-02-28 22:27:33,958 - lg_cotrain - INFO - Phase 3 epoch 1: dev_macro_f1=0.5943, dev_err=28.50%, es_counter1=0, es_counter2=0
2026-02-28 22:27:37,374 - lg_cotrain - INFO - Phase 3 epoch 2: dev_macro_f1=0.5916, dev_err=29.48%, es_counter1=1, es_counter2=1
2026-02-28 22:27:40,785 - lg_cotrain - INFO - Phase 3 epoch 3: dev_macro_f1=0.5811, dev_err=32.43%, es_counter1=2, es_counter2=2
2026-02-28 22:27:44,213 - lg_cotrain - INFO - Phase 3 epoch 4: dev_macro_f1=0.5699, dev_err=35.38%, es_counter1=3, es_counter2=3
2026-02-28 22:27:47,661 - lg_cotrain - INFO - Phase 3 epoch 5: dev_macro_f1=0.5537, dev_err=36.61%, es_counter1=4, es_counter2=4
2026-02-28 22:27:51,118 - lg_cotrain - INFO - Phase 3 epoch 6: dev_macro_f1=0.5554, dev_err=35.26%, es_counter1=5, es_counter2=5
2026-02-28 22:27:54,503 - lg_cotrain - INFO - Phase 3 epoch 7: dev_macro_f1=0.5684, dev_err=33.66%, es_counter1=6, es_counter2=6
2026-02-28 22:27:57,967 - lg_cotrain - INFO - Phase 3 epoch 8: dev_macro_f1=0.5756, dev_err=32.92%, es_counter1=7, es_counter2=7
2026-02-28 22:27:57,968 - lg_cotrain - INFO - Early stopping at epoch 8
2026-02-28 22:27:57,978 - lg_cotrain - INFO - === Final Evaluation ===
2026-02-28 22:28:06,709 - lg_cotrain - INFO - Results saved to C:\Users\anhtr\AppData\Local\Temp\tmpbhp5oite\kerala_floods_2018\10_set3\metrics.json
2026-02-28 22:28:06,710 - lg_cotrain - INFO - Test error rate: 29.33%, Test macro-F1: 0.5652, Test ECE: 0.1677
2026-02-28 22:28:06,719 - lg_cotrain - INFO - --- Trial 3/10 done: dev_macro_f1=0.5943 ---
2026-02-28 22:28:06,720 - lg_cotrain - INFO - --- Trial 4/10 ---
2026-02-28 22:28:07,228 - lg_cotrain - INFO - Starting LG-CoTrain: event=kerala_floods_2018, budget=10, seed_set=3
2026-02-28 22:28:07,271 - lg_cotrain - INFO - Detected 9 classes for event kerala_floods_2018: ['caution_and_advice', 'displaced_people_and_evacuations', 'infrastructure_and_utility_damage', 'injured_or_dead_people', 'not_humanitarian', 'other_relevant_information', 'requests_or_urgent_needs', 'rescue_volunteering_or_donation_effort', 'sympathy_and_support']
2026-02-28 22:28:07,279 - lg_cotrain - INFO - D_l1: 45, D_l2: 45, D_LG: 5498
2026-02-28 22:28:07,280 - lg_cotrain - INFO - === Phase 1: Weight Generation ===
2026-02-28 22:28:29,816 - lg_cotrain - INFO - Phase 1 epoch 1/7: mean_prob1=0.1253, mean_prob2=0.1040
2026-02-28 22:28:51,189 - lg_cotrain - INFO - Phase 1 epoch 2/7: mean_prob1=0.1134, mean_prob2=0.1163
2026-02-28 22:29:12,310 - lg_cotrain - INFO - Phase 1 epoch 3/7: mean_prob1=0.1161, mean_prob2=0.1023
2026-02-28 22:29:33,461 - lg_cotrain - INFO - Phase 1 epoch 4/7: mean_prob1=0.1542, mean_prob2=0.1371
2026-02-28 22:29:54,959 - lg_cotrain - INFO - Phase 1 epoch 5/7: mean_prob1=0.1586, mean_prob2=0.0895
2026-02-28 22:30:16,245 - lg_cotrain - INFO - Phase 1 epoch 6/7: mean_prob1=0.1423, mean_prob2=0.1072
2026-02-28 22:30:37,926 - lg_cotrain - INFO - Phase 1 epoch 7/7: mean_prob1=0.1441, mean_prob2=0.1071
2026-02-28 22:30:37,926 - lg_cotrain - INFO - === Phase 2: Co-Training ===
2026-02-28 22:30:38,989 - lg_cotrain - INFO - LR scheduler: total_steps_1=5804, warmup=1321; total_steps_2=5804, warmup=1321
2026-02-28 22:30:38,989 - lg_cotrain - INFO - Phase 1 done -> seeded Phase 2 trackers. lambda1: mean=0.1441, range=[0.0128, 0.5578]
2026-02-28 22:30:38,989 - lg_cotrain - INFO - Phase 1 done -> seeded Phase 2 trackers. lambda2: mean=0.1071, range=[0.0153, 0.4625]
2026-02-28 22:32:08,966 - lg_cotrain - INFO - Phase 2 epoch 1/16: loss1=0.1416, loss2=0.1790, dev_macro_f1=0.4645, dev_err=30.34%
2026-02-28 22:33:38,798 - lg_cotrain - INFO - Phase 2 epoch 2/16: loss1=0.0560, loss2=0.2853, dev_macro_f1=0.4892, dev_err=29.12%
2026-02-28 22:35:09,409 - lg_cotrain - INFO - Phase 2 epoch 3/16: loss1=0.0940, loss2=0.3199, dev_macro_f1=0.5178, dev_err=28.01%
2026-02-28 22:36:39,773 - lg_cotrain - INFO - Phase 2 epoch 4/16: loss1=0.2132, loss2=0.6022, dev_macro_f1=0.0777, dev_err=46.19%
2026-02-28 22:38:09,661 - lg_cotrain - INFO - Phase 2 epoch 5/16: loss1=0.1925, loss2=1.1814, dev_macro_f1=0.0777, dev_err=46.19%
2026-02-28 22:39:38,465 - lg_cotrain - INFO - Phase 2 epoch 6/16: loss1=0.0931, loss2=1.1167, dev_macro_f1=0.0777, dev_err=46.19%
2026-02-28 22:41:05,399 - lg_cotrain - INFO - Phase 2 epoch 7/16: loss1=0.0352, loss2=1.0536, dev_macro_f1=0.0777, dev_err=46.19%
2026-02-28 22:42:32,618 - lg_cotrain - INFO - Phase 2 epoch 8/16: loss1=0.0095, loss2=0.9987, dev_macro_f1=0.0777, dev_err=46.19%
2026-02-28 22:43:59,072 - lg_cotrain - INFO - Phase 2 epoch 9/16: loss1=0.0077, loss2=0.9543, dev_macro_f1=0.0777, dev_err=46.19%
2026-02-28 22:45:26,203 - lg_cotrain - INFO - Phase 2 epoch 10/16: loss1=0.0068, loss2=0.9094, dev_macro_f1=0.0777, dev_err=46.19%
2026-02-28 22:46:53,117 - lg_cotrain - INFO - Phase 2 epoch 11/16: loss1=0.0065, loss2=0.8730, dev_macro_f1=0.0777, dev_err=46.19%
2026-02-28 22:48:21,504 - lg_cotrain - INFO - Phase 2 epoch 12/16: loss1=0.0063, loss2=0.8395, dev_macro_f1=0.0777, dev_err=46.19%
2026-02-28 22:49:51,873 - lg_cotrain - INFO - Phase 2 epoch 13/16: loss1=0.0063, loss2=0.8108, dev_macro_f1=0.0777, dev_err=46.19%
2026-02-28 22:51:20,121 - lg_cotrain - INFO - Phase 2 epoch 14/16: loss1=0.0063, loss2=0.7841, dev_macro_f1=0.0777, dev_err=46.19%
2026-02-28 22:52:45,854 - lg_cotrain - INFO - Phase 2 epoch 15/16: loss1=0.0061, loss2=0.7592, dev_macro_f1=0.0777, dev_err=46.19%
2026-02-28 22:54:11,517 - lg_cotrain - INFO - Phase 2 epoch 16/16: loss1=0.0061, loss2=0.7350, dev_macro_f1=0.0777, dev_err=46.19%
2026-02-28 22:54:11,517 - lg_cotrain - INFO - === Phase 3: Fine-Tuning ===
2026-02-28 22:54:14,893 - lg_cotrain - INFO - Phase 3 epoch 1: dev_macro_f1=0.0777, dev_err=46.19%, es_counter1=0, es_counter2=0
2026-02-28 22:54:18,248 - lg_cotrain - INFO - Phase 3 epoch 2: dev_macro_f1=0.0777, dev_err=46.19%, es_counter1=1, es_counter2=1
2026-02-28 22:54:21,627 - lg_cotrain - INFO - Phase 3 epoch 3: dev_macro_f1=0.0777, dev_err=46.19%, es_counter1=2, es_counter2=2
2026-02-28 22:54:25,085 - lg_cotrain - INFO - Phase 3 epoch 4: dev_macro_f1=0.0777, dev_err=46.19%, es_counter1=3, es_counter2=3
2026-02-28 22:54:28,505 - lg_cotrain - INFO - Phase 3 epoch 5: dev_macro_f1=0.0777, dev_err=46.19%, es_counter1=4, es_counter2=4
2026-02-28 22:54:31,962 - lg_cotrain - INFO - Phase 3 epoch 6: dev_macro_f1=0.0777, dev_err=46.19%, es_counter1=5, es_counter2=5
2026-02-28 22:54:35,549 - lg_cotrain - INFO - Phase 3 epoch 7: dev_macro_f1=0.0777, dev_err=46.19%, es_counter1=6, es_counter2=6
2026-02-28 22:54:39,026 - lg_cotrain - INFO - Phase 3 epoch 8: dev_macro_f1=0.0777, dev_err=46.19%, es_counter1=7, es_counter2=7
2026-02-28 22:54:42,473 - lg_cotrain - INFO - Phase 3 epoch 9: dev_macro_f1=0.0097, dev_err=95.45%, es_counter1=8, es_counter2=8
2026-02-28 22:54:45,863 - lg_cotrain - INFO - Phase 3 epoch 10: dev_macro_f1=0.0079, dev_err=96.31%, es_counter1=9, es_counter2=9
2026-02-28 22:54:49,299 - lg_cotrain - INFO - Phase 3 epoch 11: dev_macro_f1=0.0079, dev_err=96.31%, es_counter1=10, es_counter2=10
2026-02-28 22:54:49,299 - lg_cotrain - INFO - Early stopping at epoch 11
2026-02-28 22:54:49,310 - lg_cotrain - INFO - === Final Evaluation ===
2026-02-28 22:54:57,837 - lg_cotrain - INFO - Results saved to C:\Users\anhtr\AppData\Local\Temp\tmprz_yqn48\kerala_floods_2018\10_set3\metrics.json
2026-02-28 22:54:57,837 - lg_cotrain - INFO - Test error rate: 46.21%, Test macro-F1: 0.0777, Test ECE: 0.3439
2026-02-28 22:54:57,849 - lg_cotrain - INFO - --- Trial 4/10 done: dev_macro_f1=0.0777 ---
2026-02-28 22:54:57,849 - lg_cotrain - INFO - --- Trial 5/10 ---
2026-02-28 22:54:58,399 - lg_cotrain - INFO - Starting LG-CoTrain: event=kerala_floods_2018, budget=10, seed_set=3
2026-02-28 22:54:58,446 - lg_cotrain - INFO - Detected 9 classes for event kerala_floods_2018: ['caution_and_advice', 'displaced_people_and_evacuations', 'infrastructure_and_utility_damage', 'injured_or_dead_people', 'not_humanitarian', 'other_relevant_information', 'requests_or_urgent_needs', 'rescue_volunteering_or_donation_effort', 'sympathy_and_support']
2026-02-28 22:54:58,454 - lg_cotrain - INFO - D_l1: 45, D_l2: 45, D_LG: 5498
2026-02-28 22:54:58,456 - lg_cotrain - INFO - === Phase 1: Weight Generation ===
2026-02-28 22:55:22,801 - lg_cotrain - INFO - Phase 1 epoch 1/7: mean_prob1=0.0981, mean_prob2=0.1054
2026-02-28 22:55:46,124 - lg_cotrain - INFO - Phase 1 epoch 2/7: mean_prob1=0.1152, mean_prob2=0.1475
2026-02-28 22:56:09,249 - lg_cotrain - INFO - Phase 1 epoch 3/7: mean_prob1=0.1406, mean_prob2=0.0990
2026-02-28 22:56:32,438 - lg_cotrain - INFO - Phase 1 epoch 4/7: mean_prob1=0.1152, mean_prob2=0.1291
2026-02-28 22:56:55,663 - lg_cotrain - INFO - Phase 1 epoch 5/7: mean_prob1=0.1018, mean_prob2=0.0804
2026-02-28 22:57:18,671 - lg_cotrain - INFO - Phase 1 epoch 6/7: mean_prob1=0.0922, mean_prob2=0.1297
2026-02-28 22:57:41,964 - lg_cotrain - INFO - Phase 1 epoch 7/7: mean_prob1=0.1452, mean_prob2=0.1187
2026-02-28 22:57:41,964 - lg_cotrain - INFO - === Phase 2: Co-Training ===
2026-02-28 22:57:43,042 - lg_cotrain - INFO - LR scheduler: total_steps_1=14360, warmup=3102; total_steps_2=14360, warmup=3102
2026-02-28 22:57:43,043 - lg_cotrain - INFO - Phase 1 done -> seeded Phase 2 trackers. lambda1: mean=0.1452, range=[0.0666, 0.1788]
2026-02-28 22:57:43,043 - lg_cotrain - INFO - Phase 1 done -> seeded Phase 2 trackers. lambda2: mean=0.1187, range=[0.0641, 0.1519]
2026-02-28 22:59:29,538 - lg_cotrain - INFO - Phase 2 epoch 1/20: loss1=0.1303, loss2=0.1376, dev_macro_f1=0.3699, dev_err=35.63%
2026-02-28 23:01:13,950 - lg_cotrain - INFO - Phase 2 epoch 2/20: loss1=0.1344, loss2=0.6594, dev_macro_f1=0.0777, dev_err=46.19%
2026-02-28 23:02:56,988 - lg_cotrain - INFO - Phase 2 epoch 3/20: loss1=0.0713, loss2=0.5989, dev_macro_f1=0.0777, dev_err=46.19%
2026-02-28 23:04:41,041 - lg_cotrain - INFO - Phase 2 epoch 4/20: loss1=0.0407, loss2=0.5505, dev_macro_f1=0.0777, dev_err=46.19%
2026-02-28 23:06:22,711 - lg_cotrain - INFO - Phase 2 epoch 5/20: loss1=0.0218, loss2=0.5174, dev_macro_f1=0.0777, dev_err=46.19%
2026-02-28 23:08:11,142 - lg_cotrain - INFO - Phase 2 epoch 6/20: loss1=0.0166, loss2=0.5049, dev_macro_f1=0.0777, dev_err=46.19%
2026-02-28 23:09:55,721 - lg_cotrain - INFO - Phase 2 epoch 7/20: loss1=0.0160, loss2=0.4499, dev_macro_f1=0.0777, dev_err=46.19%
2026-02-28 23:11:38,186 - lg_cotrain - INFO - Phase 2 epoch 8/20: loss1=0.0109, loss2=0.4235, dev_macro_f1=0.0777, dev_err=46.19%
2026-02-28 23:13:22,852 - lg_cotrain - INFO - Phase 2 epoch 9/20: loss1=0.0105, loss2=0.3994, dev_macro_f1=0.0777, dev_err=46.19%
2026-02-28 23:15:05,766 - lg_cotrain - INFO - Phase 2 epoch 10/20: loss1=0.0077, loss2=0.3824, dev_macro_f1=0.0777, dev_err=46.19%
2026-02-28 23:16:52,230 - lg_cotrain - INFO - Phase 2 epoch 11/20: loss1=0.0061, loss2=0.3619, dev_macro_f1=0.0777, dev_err=46.19%
2026-02-28 23:18:34,768 - lg_cotrain - INFO - Phase 2 epoch 12/20: loss1=0.0052, loss2=0.3466, dev_macro_f1=0.0777, dev_err=46.19%
2026-02-28 23:20:22,466 - lg_cotrain - INFO - Phase 2 epoch 13/20: loss1=0.0050, loss2=0.3329, dev_macro_f1=0.0777, dev_err=46.19%
2026-02-28 23:22:09,574 - lg_cotrain - INFO - Phase 2 epoch 14/20: loss1=0.0045, loss2=0.3194, dev_macro_f1=0.0777, dev_err=46.19%
2026-02-28 23:23:57,288 - lg_cotrain - INFO - Phase 2 epoch 15/20: loss1=0.0041, loss2=0.3101, dev_macro_f1=0.0777, dev_err=46.19%
2026-02-28 23:25:40,384 - lg_cotrain - INFO - Phase 2 epoch 16/20: loss1=0.0037, loss2=0.2997, dev_macro_f1=0.0777, dev_err=46.19%
2026-02-28 23:27:22,082 - lg_cotrain - INFO - Phase 2 epoch 17/20: loss1=0.0036, loss2=0.2887, dev_macro_f1=0.0777, dev_err=46.19%
2026-02-28 23:29:04,055 - lg_cotrain - INFO - Phase 2 epoch 18/20: loss1=0.0032, loss2=0.2814, dev_macro_f1=0.0777, dev_err=46.19%
2026-02-28 23:30:48,006 - lg_cotrain - INFO - Phase 2 epoch 19/20: loss1=0.0029, loss2=0.2735, dev_macro_f1=0.0777, dev_err=46.19%
2026-02-28 23:32:34,463 - lg_cotrain - INFO - Phase 2 epoch 20/20: loss1=0.0028, loss2=0.2650, dev_macro_f1=0.0777, dev_err=46.19%
2026-02-28 23:32:34,464 - lg_cotrain - INFO - === Phase 3: Fine-Tuning ===
2026-02-28 23:32:38,458 - lg_cotrain - INFO - Phase 3 epoch 1: dev_macro_f1=0.0777, dev_err=46.19%, es_counter1=0, es_counter2=0
2026-02-28 23:32:42,214 - lg_cotrain - INFO - Phase 3 epoch 2: dev_macro_f1=0.0777, dev_err=46.19%, es_counter1=1, es_counter2=1
2026-02-28 23:32:46,010 - lg_cotrain - INFO - Phase 3 epoch 3: dev_macro_f1=0.0097, dev_err=95.45%, es_counter1=2, es_counter2=2
2026-02-28 23:32:49,787 - lg_cotrain - INFO - Phase 3 epoch 4: dev_macro_f1=0.0210, dev_err=89.56%, es_counter1=3, es_counter2=3
2026-02-28 23:32:53,556 - lg_cotrain - INFO - Phase 3 epoch 5: dev_macro_f1=0.0237, dev_err=88.08%, es_counter1=4, es_counter2=4
2026-02-28 23:32:57,317 - lg_cotrain - INFO - Phase 3 epoch 6: dev_macro_f1=0.0153, dev_err=92.63%, es_counter1=5, es_counter2=5
2026-02-28 23:33:01,160 - lg_cotrain - INFO - Phase 3 epoch 7: dev_macro_f1=0.0153, dev_err=92.63%, es_counter1=6, es_counter2=6
2026-02-28 23:33:05,138 - lg_cotrain - INFO - Phase 3 epoch 8: dev_macro_f1=0.0153, dev_err=92.63%, es_counter1=7, es_counter2=7
2026-02-28 23:33:09,231 - lg_cotrain - INFO - Phase 3 epoch 9: dev_macro_f1=0.0153, dev_err=92.63%, es_counter1=8, es_counter2=8
2026-02-28 23:33:13,057 - lg_cotrain - INFO - Phase 3 epoch 10: dev_macro_f1=0.0210, dev_err=89.56%, es_counter1=9, es_counter2=9
2026-02-28 23:33:13,057 - lg_cotrain - INFO - Early stopping at epoch 10
2026-02-28 23:33:13,067 - lg_cotrain - INFO - === Final Evaluation ===
2026-02-28 23:33:22,611 - lg_cotrain - INFO - Results saved to C:\Users\anhtr\AppData\Local\Temp\tmpnrpjmlrk\kerala_floods_2018\10_set3\metrics.json
2026-02-28 23:33:22,611 - lg_cotrain - INFO - Test error rate: 46.21%, Test macro-F1: 0.0777, Test ECE: 0.3536
2026-02-28 23:33:22,624 - lg_cotrain - INFO - --- Trial 5/10 done: dev_macro_f1=0.0777 ---
2026-02-28 23:33:22,624 - lg_cotrain - INFO - --- Trial 6/10 ---
2026-02-28 23:33:23,156 - lg_cotrain - INFO - Starting LG-CoTrain: event=kerala_floods_2018, budget=10, seed_set=3
2026-02-28 23:33:23,204 - lg_cotrain - INFO - Detected 9 classes for event kerala_floods_2018: ['caution_and_advice', 'displaced_people_and_evacuations', 'infrastructure_and_utility_damage', 'injured_or_dead_people', 'not_humanitarian', 'other_relevant_information', 'requests_or_urgent_needs', 'rescue_volunteering_or_donation_effort', 'sympathy_and_support']
2026-02-28 23:33:23,215 - lg_cotrain - INFO - D_l1: 45, D_l2: 45, D_LG: 5498
2026-02-28 23:33:23,217 - lg_cotrain - INFO - === Phase 1: Weight Generation ===
2026-02-28 23:33:43,907 - lg_cotrain - INFO - Phase 1 epoch 1/7: mean_prob1=0.1116, mean_prob2=0.1162
2026-02-28 23:34:03,441 - lg_cotrain - INFO - Phase 1 epoch 2/7: mean_prob1=0.1143, mean_prob2=0.1175
2026-02-28 23:34:23,334 - lg_cotrain - INFO - Phase 1 epoch 3/7: mean_prob1=0.1165, mean_prob2=0.1200
2026-02-28 23:34:43,964 - lg_cotrain - INFO - Phase 1 epoch 4/7: mean_prob1=0.1193, mean_prob2=0.1198
2026-02-28 23:35:03,515 - lg_cotrain - INFO - Phase 1 epoch 5/7: mean_prob1=0.1195, mean_prob2=0.1216
2026-02-28 23:35:23,423 - lg_cotrain - INFO - Phase 1 epoch 6/7: mean_prob1=0.1176, mean_prob2=0.1191
2026-02-28 23:35:43,508 - lg_cotrain - INFO - Phase 1 epoch 7/7: mean_prob1=0.1154, mean_prob2=0.1190
2026-02-28 23:35:43,508 - lg_cotrain - INFO - === Phase 2: Co-Training ===
2026-02-28 23:35:44,509 - lg_cotrain - INFO - LR scheduler: total_steps_1=1304, warmup=85; total_steps_2=1304, warmup=85
2026-02-28 23:35:44,510 - lg_cotrain - INFO - Phase 1 done -> seeded Phase 2 trackers. lambda1: mean=0.1154, range=[0.0387, 0.2901]
2026-02-28 23:35:44,510 - lg_cotrain - INFO - Phase 1 done -> seeded Phase 2 trackers. lambda2: mean=0.1190, range=[0.0261, 0.2987]
2026-02-28 23:36:58,325 - lg_cotrain - INFO - Phase 2 epoch 1/14: loss1=0.1630, loss2=0.1701, dev_macro_f1=0.4389, dev_err=29.61%
2026-02-28 23:38:11,231 - lg_cotrain - INFO - Phase 2 epoch 2/14: loss1=0.0597, loss2=0.1872, dev_macro_f1=0.4989, dev_err=26.90%
2026-02-28 23:39:24,873 - lg_cotrain - INFO - Phase 2 epoch 3/14: loss1=0.0264, loss2=0.1486, dev_macro_f1=0.5577, dev_err=27.52%
2026-02-28 23:40:38,648 - lg_cotrain - INFO - Phase 2 epoch 4/14: loss1=0.0198, loss2=0.1367, dev_macro_f1=0.5718, dev_err=27.03%
2026-02-28 23:41:52,038 - lg_cotrain - INFO - Phase 2 epoch 5/14: loss1=0.0139, loss2=0.0693, dev_macro_f1=0.5819, dev_err=26.90%
2026-02-28 23:43:06,396 - lg_cotrain - INFO - Phase 2 epoch 6/14: loss1=0.0109, loss2=0.0373, dev_macro_f1=0.6297, dev_err=25.43%
2026-02-28 23:44:22,270 - lg_cotrain - INFO - Phase 2 epoch 7/14: loss1=0.0167, loss2=0.0256, dev_macro_f1=0.6217, dev_err=25.68%
2026-02-28 23:45:36,798 - lg_cotrain - INFO - Phase 2 epoch 8/14: loss1=0.0126, loss2=0.0160, dev_macro_f1=0.6072, dev_err=26.29%
2026-02-28 23:46:50,182 - lg_cotrain - INFO - Phase 2 epoch 9/14: loss1=0.0086, loss2=0.0195, dev_macro_f1=0.5929, dev_err=26.90%
2026-02-28 23:48:04,466 - lg_cotrain - INFO - Phase 2 epoch 10/14: loss1=0.0052, loss2=0.0132, dev_macro_f1=0.5898, dev_err=27.15%
2026-02-28 23:49:18,634 - lg_cotrain - INFO - Phase 2 epoch 11/14: loss1=0.0043, loss2=0.0064, dev_macro_f1=0.6156, dev_err=26.78%
2026-02-28 23:50:33,237 - lg_cotrain - INFO - Phase 2 epoch 12/14: loss1=0.0052, loss2=0.0084, dev_macro_f1=0.6004, dev_err=27.27%
2026-02-28 23:51:47,816 - lg_cotrain - INFO - Phase 2 epoch 13/14: loss1=0.0039, loss2=0.0050, dev_macro_f1=0.6117, dev_err=26.29%
2026-02-28 23:53:03,118 - lg_cotrain - INFO - Phase 2 epoch 14/14: loss1=0.0036, loss2=0.0041, dev_macro_f1=0.6113, dev_err=26.41%
2026-02-28 23:53:03,119 - lg_cotrain - INFO - === Phase 3: Fine-Tuning ===
2026-02-28 23:53:06,377 - lg_cotrain - INFO - Phase 3 epoch 1: dev_macro_f1=0.6051, dev_err=27.03%, es_counter1=0, es_counter2=0
2026-02-28 23:53:09,604 - lg_cotrain - INFO - Phase 3 epoch 2: dev_macro_f1=0.6058, dev_err=27.03%, es_counter1=0, es_counter2=0
2026-02-28 23:53:12,812 - lg_cotrain - INFO - Phase 3 epoch 3: dev_macro_f1=0.6055, dev_err=27.03%, es_counter1=1, es_counter2=1
2026-02-28 23:53:16,027 - lg_cotrain - INFO - Phase 3 epoch 4: dev_macro_f1=0.6159, dev_err=26.90%, es_counter1=0, es_counter2=0
2026-02-28 23:53:19,193 - lg_cotrain - INFO - Phase 3 epoch 5: dev_macro_f1=0.6116, dev_err=27.15%, es_counter1=1, es_counter2=1
2026-02-28 23:53:22,442 - lg_cotrain - INFO - Phase 3 epoch 6: dev_macro_f1=0.6061, dev_err=27.64%, es_counter1=2, es_counter2=2
2026-02-28 23:53:25,681 - lg_cotrain - INFO - Phase 3 epoch 7: dev_macro_f1=0.6029, dev_err=27.89%, es_counter1=3, es_counter2=3
2026-02-28 23:53:28,891 - lg_cotrain - INFO - Phase 3 epoch 8: dev_macro_f1=0.6065, dev_err=28.01%, es_counter1=4, es_counter2=4
2026-02-28 23:53:28,891 - lg_cotrain - INFO - Early stopping at epoch 8
2026-02-28 23:53:28,902 - lg_cotrain - INFO - === Final Evaluation ===
2026-02-28 23:53:37,046 - lg_cotrain - INFO - Results saved to C:\Users\anhtr\AppData\Local\Temp\tmptiajyzz7\kerala_floods_2018\10_set3\metrics.json
2026-02-28 23:53:37,046 - lg_cotrain - INFO - Test error rate: 29.58%, Test macro-F1: 0.5579, Test ECE: 0.2173
2026-02-28 23:53:37,060 - lg_cotrain - INFO - --- Trial 6/10 done: dev_macro_f1=0.6159 ---
2026-02-28 23:53:37,060 - lg_cotrain - INFO - --- Trial 7/10 ---
2026-02-28 23:53:37,569 - lg_cotrain - INFO - Starting LG-CoTrain: event=kerala_floods_2018, budget=10, seed_set=3
2026-02-28 23:53:37,606 - lg_cotrain - INFO - Detected 9 classes for event kerala_floods_2018: ['caution_and_advice', 'displaced_people_and_evacuations', 'infrastructure_and_utility_damage', 'injured_or_dead_people', 'not_humanitarian', 'other_relevant_information', 'requests_or_urgent_needs', 'rescue_volunteering_or_donation_effort', 'sympathy_and_support']
2026-02-28 23:53:37,614 - lg_cotrain - INFO - D_l1: 45, D_l2: 45, D_LG: 5498
2026-02-28 23:53:37,616 - lg_cotrain - INFO - === Phase 1: Weight Generation ===
2026-02-28 23:54:00,066 - lg_cotrain - INFO - Phase 1 epoch 1/7: mean_prob1=0.1106, mean_prob2=0.1283
2026-02-28 23:54:21,196 - lg_cotrain - INFO - Phase 1 epoch 2/7: mean_prob1=0.1120, mean_prob2=0.1271
2026-02-28 23:54:41,688 - lg_cotrain - INFO - Phase 1 epoch 3/7: mean_prob1=0.1123, mean_prob2=0.1270
2026-02-28 23:55:02,550 - lg_cotrain - INFO - Phase 1 epoch 4/7: mean_prob1=0.1135, mean_prob2=0.1279
2026-02-28 23:55:23,740 - lg_cotrain - INFO - Phase 1 epoch 5/7: mean_prob1=0.1146, mean_prob2=0.1280
2026-02-28 23:55:45,016 - lg_cotrain - INFO - Phase 1 epoch 6/7: mean_prob1=0.1161, mean_prob2=0.1296
2026-02-28 23:56:05,979 - lg_cotrain - INFO - Phase 1 epoch 7/7: mean_prob1=0.1169, mean_prob2=0.1307
2026-02-28 23:56:05,979 - lg_cotrain - INFO - === Phase 2: Co-Training ===
2026-02-28 23:56:07,065 - lg_cotrain - INFO - LR scheduler: total_steps_1=2952, warmup=559; total_steps_2=2952, warmup=559
2026-02-28 23:56:07,066 - lg_cotrain - INFO - Phase 1 done -> seeded Phase 2 trackers. lambda1: mean=0.1169, range=[0.0518, 0.2245]
2026-02-28 23:56:07,066 - lg_cotrain - INFO - Phase 1 done -> seeded Phase 2 trackers. lambda2: mean=0.1307, range=[0.0365, 0.2740]
2026-02-28 23:57:27,770 - lg_cotrain - INFO - Phase 2 epoch 1/16: loss1=0.2074, loss2=0.2142, dev_macro_f1=0.0777, dev_err=46.19%
