2026-02-23 17:49:20,169 - lg_cotrain - INFO - === Optuna study: canada_wildfires_2016 budget=25 seed=3 | target=10 trials, 0 replayed, 10 new ===
2026-02-23 17:49:20,170 - lg_cotrain - INFO - --- Trial 1/10 ---
2026-02-23 17:49:20,742 - lg_cotrain - INFO - Starting LG-CoTrain: event=canada_wildfires_2016, budget=25, seed_set=3
2026-02-23 17:49:20,778 - lg_cotrain - INFO - Detected 8 classes for event canada_wildfires_2016: ['caution_and_advice', 'displaced_people_and_evacuations', 'infrastructure_and_utility_damage', 'not_humanitarian', 'other_relevant_information', 'requests_or_urgent_needs', 'rescue_volunteering_or_donation_effort', 'sympathy_and_support']
2026-02-23 17:49:20,783 - lg_cotrain - INFO - D_l1: 98, D_l2: 91, D_LG: 1380
2026-02-23 17:49:20,785 - lg_cotrain - INFO - === Phase 1: Weight Generation ===
2026-02-23 17:49:28,000 - lg_cotrain - INFO - Phase 1 epoch 1/7: mean_prob1=0.1274, mean_prob2=0.1602
2026-02-23 17:49:34,114 - lg_cotrain - INFO - Phase 1 epoch 2/7: mean_prob1=0.1308, mean_prob2=0.1450
2026-02-23 17:49:40,348 - lg_cotrain - INFO - Phase 1 epoch 3/7: mean_prob1=0.1235, mean_prob2=0.1231
2026-02-23 17:49:46,859 - lg_cotrain - INFO - Phase 1 epoch 4/7: mean_prob1=0.1300, mean_prob2=0.1281
2026-02-23 17:49:53,626 - lg_cotrain - INFO - Phase 1 epoch 5/7: mean_prob1=0.1188, mean_prob2=0.1329
2026-02-23 17:50:00,128 - lg_cotrain - INFO - Phase 1 epoch 6/7: mean_prob1=0.1200, mean_prob2=0.1317
2026-02-23 17:50:06,262 - lg_cotrain - INFO - Phase 1 epoch 7/7: mean_prob1=0.1320, mean_prob2=0.1335
2026-02-23 17:50:06,263 - lg_cotrain - INFO - === Phase 2: Co-Training ===
2026-02-23 17:50:07,335 - lg_cotrain - INFO - LR scheduler: total_steps_1=2179, warmup=102; total_steps_2=2079, warmup=97
2026-02-23 17:50:07,335 - lg_cotrain - INFO - Phase 1 done -> seeded Phase 2 trackers. lambda1: mean=0.1320, range=[0.0789, 0.1964]
2026-02-23 17:50:07,335 - lg_cotrain - INFO - Phase 1 done -> seeded Phase 2 trackers. lambda2: mean=0.1335, range=[0.0724, 0.1540]
2026-02-23 17:50:28,968 - lg_cotrain - INFO - Phase 2 epoch 1/17: loss1=0.1662, loss2=0.1745, dev_macro_f1=0.3336, dev_err=35.53%
2026-02-23 17:50:52,269 - lg_cotrain - INFO - Phase 2 epoch 2/17: loss1=0.1865, loss2=0.5671, dev_macro_f1=0.0735, dev_err=58.33%
2026-02-23 17:51:14,285 - lg_cotrain - INFO - Phase 2 epoch 3/17: loss1=0.1104, loss2=0.5367, dev_macro_f1=0.0735, dev_err=58.33%
2026-02-23 17:51:36,315 - lg_cotrain - INFO - Phase 2 epoch 4/17: loss1=0.0520, loss2=0.4898, dev_macro_f1=0.0735, dev_err=58.33%
2026-02-23 17:51:58,342 - lg_cotrain - INFO - Phase 2 epoch 5/17: loss1=0.0387, loss2=0.4707, dev_macro_f1=0.0735, dev_err=58.33%
2026-02-23 17:52:20,624 - lg_cotrain - INFO - Phase 2 epoch 6/17: loss1=0.0308, loss2=0.4432, dev_macro_f1=0.0735, dev_err=58.33%
2026-02-23 17:52:42,181 - lg_cotrain - INFO - Phase 2 epoch 7/17: loss1=0.0237, loss2=0.4218, dev_macro_f1=0.0735, dev_err=58.33%
2026-02-23 17:53:03,881 - lg_cotrain - INFO - Phase 2 epoch 8/17: loss1=0.0205, loss2=0.4011, dev_macro_f1=0.0735, dev_err=58.33%
2026-02-23 17:53:25,515 - lg_cotrain - INFO - Phase 2 epoch 9/17: loss1=0.0164, loss2=0.3809, dev_macro_f1=0.0735, dev_err=58.33%
2026-02-23 17:53:47,331 - lg_cotrain - INFO - Phase 2 epoch 10/17: loss1=0.0137, loss2=0.3661, dev_macro_f1=0.0735, dev_err=58.33%
2026-02-23 17:54:09,218 - lg_cotrain - INFO - Phase 2 epoch 11/17: loss1=0.0117, loss2=0.3516, dev_macro_f1=0.0735, dev_err=58.33%
2026-02-23 17:54:31,166 - lg_cotrain - INFO - Phase 2 epoch 12/17: loss1=0.0096, loss2=0.3373, dev_macro_f1=0.0735, dev_err=58.33%
2026-02-23 17:54:52,920 - lg_cotrain - INFO - Phase 2 epoch 13/17: loss1=0.0088, loss2=0.3250, dev_macro_f1=0.0735, dev_err=58.33%
2026-02-23 17:55:14,630 - lg_cotrain - INFO - Phase 2 epoch 14/17: loss1=0.0074, loss2=0.3145, dev_macro_f1=0.0735, dev_err=58.33%
2026-02-23 17:55:36,461 - lg_cotrain - INFO - Phase 2 epoch 15/17: loss1=0.0068, loss2=0.3064, dev_macro_f1=0.0735, dev_err=58.33%
2026-02-23 17:55:58,340 - lg_cotrain - INFO - Phase 2 epoch 16/17: loss1=0.0063, loss2=0.2953, dev_macro_f1=0.0735, dev_err=58.33%
2026-02-23 17:56:20,214 - lg_cotrain - INFO - Phase 2 epoch 17/17: loss1=0.0056, loss2=0.2857, dev_macro_f1=0.0735, dev_err=58.33%
2026-02-23 17:56:20,215 - lg_cotrain - INFO - === Phase 3: Fine-Tuning ===
2026-02-23 17:56:22,137 - lg_cotrain - INFO - Phase 3 epoch 1: dev_macro_f1=0.0735, dev_err=58.33%, es_counter1=0, es_counter2=0
2026-02-23 17:56:24,062 - lg_cotrain - INFO - Phase 3 epoch 2: dev_macro_f1=0.0308, dev_err=85.96%, es_counter1=1, es_counter2=1
2026-02-23 17:56:25,972 - lg_cotrain - INFO - Phase 3 epoch 3: dev_macro_f1=0.0308, dev_err=85.96%, es_counter1=2, es_counter2=2
2026-02-23 17:56:27,930 - lg_cotrain - INFO - Phase 3 epoch 4: dev_macro_f1=0.0085, dev_err=96.49%, es_counter1=3, es_counter2=3
2026-02-23 17:56:29,845 - lg_cotrain - INFO - Phase 3 epoch 5: dev_macro_f1=0.0115, dev_err=95.18%, es_counter1=4, es_counter2=4
2026-02-23 17:56:31,764 - lg_cotrain - INFO - Phase 3 epoch 6: dev_macro_f1=0.0115, dev_err=95.18%, es_counter1=5, es_counter2=5
2026-02-23 17:56:33,682 - lg_cotrain - INFO - Phase 3 epoch 7: dev_macro_f1=0.0735, dev_err=58.33%, es_counter1=6, es_counter2=6
2026-02-23 17:56:33,682 - lg_cotrain - INFO - Early stopping at epoch 7
2026-02-23 17:56:33,695 - lg_cotrain - INFO - === Final Evaluation ===
2026-02-23 17:56:36,038 - lg_cotrain - INFO - Results saved to C:\Users\anhtr\AppData\Local\Temp\tmpazmo2722\canada_wildfires_2016\25_set3\metrics.json
2026-02-23 17:56:36,039 - lg_cotrain - INFO - Test error rate: 58.20%, Test macro-F1: 0.0737, Test ECE: 0.1278
2026-02-23 17:56:36,049 - lg_cotrain - INFO - --- Trial 1/10 done: dev_macro_f1=0.0735 ---
2026-02-23 17:56:36,049 - lg_cotrain - INFO - --- Trial 2/10 ---
2026-02-23 17:56:36,637 - lg_cotrain - INFO - Starting LG-CoTrain: event=canada_wildfires_2016, budget=25, seed_set=3
2026-02-23 17:56:36,648 - lg_cotrain - INFO - Detected 8 classes for event canada_wildfires_2016: ['caution_and_advice', 'displaced_people_and_evacuations', 'infrastructure_and_utility_damage', 'not_humanitarian', 'other_relevant_information', 'requests_or_urgent_needs', 'rescue_volunteering_or_donation_effort', 'sympathy_and_support']
2026-02-23 17:56:36,652 - lg_cotrain - INFO - D_l1: 98, D_l2: 91, D_LG: 1380
2026-02-23 17:56:36,653 - lg_cotrain - INFO - === Phase 1: Weight Generation ===
2026-02-23 17:56:43,215 - lg_cotrain - INFO - Phase 1 epoch 1/7: mean_prob1=0.1204, mean_prob2=0.1220
2026-02-23 17:56:48,813 - lg_cotrain - INFO - Phase 1 epoch 2/7: mean_prob1=0.1195, mean_prob2=0.1251
2026-02-23 17:56:54,355 - lg_cotrain - INFO - Phase 1 epoch 3/7: mean_prob1=0.1235, mean_prob2=0.1267
2026-02-23 17:56:59,898 - lg_cotrain - INFO - Phase 1 epoch 4/7: mean_prob1=0.1286, mean_prob2=0.1299
2026-02-23 17:57:05,400 - lg_cotrain - INFO - Phase 1 epoch 5/7: mean_prob1=0.1369, mean_prob2=0.1347
2026-02-23 17:57:10,888 - lg_cotrain - INFO - Phase 1 epoch 6/7: mean_prob1=0.1418, mean_prob2=0.1451
2026-02-23 17:57:16,363 - lg_cotrain - INFO - Phase 1 epoch 7/7: mean_prob1=0.1452, mean_prob2=0.1519
2026-02-23 17:57:16,363 - lg_cotrain - INFO - === Phase 2: Co-Training ===
2026-02-23 17:57:17,357 - lg_cotrain - INFO - LR scheduler: total_steps_1=552, warmup=42; total_steps_2=552, warmup=42
2026-02-23 17:57:17,357 - lg_cotrain - INFO - Phase 1 done -> seeded Phase 2 trackers. lambda1: mean=0.1452, range=[0.0622, 0.2548]
2026-02-23 17:57:17,357 - lg_cotrain - INFO - Phase 1 done -> seeded Phase 2 trackers. lambda2: mean=0.1519, range=[0.0522, 0.2399]
2026-02-23 17:57:35,225 - lg_cotrain - INFO - Phase 2 epoch 1/16: loss1=0.3083, loss2=0.2935, dev_macro_f1=0.0928, dev_err=57.89%
2026-02-23 17:57:53,154 - lg_cotrain - INFO - Phase 2 epoch 2/16: loss1=0.2089, loss2=0.3244, dev_macro_f1=0.1480, dev_err=50.00%
2026-02-23 17:58:11,066 - lg_cotrain - INFO - Phase 2 epoch 3/16: loss1=0.1371, loss2=0.2456, dev_macro_f1=0.1710, dev_err=42.98%
2026-02-23 17:58:28,994 - lg_cotrain - INFO - Phase 2 epoch 4/16: loss1=0.1077, loss2=0.1913, dev_macro_f1=0.1679, dev_err=43.86%
2026-02-23 17:58:46,894 - lg_cotrain - INFO - Phase 2 epoch 5/16: loss1=0.0868, loss2=0.1545, dev_macro_f1=0.2316, dev_err=40.79%
2026-02-23 17:59:04,853 - lg_cotrain - INFO - Phase 2 epoch 6/16: loss1=0.0671, loss2=0.1396, dev_macro_f1=0.3533, dev_err=31.58%
2026-02-23 17:59:22,755 - lg_cotrain - INFO - Phase 2 epoch 7/16: loss1=0.0516, loss2=0.1358, dev_macro_f1=0.3870, dev_err=29.82%
2026-02-23 17:59:40,655 - lg_cotrain - INFO - Phase 2 epoch 8/16: loss1=0.0412, loss2=0.1238, dev_macro_f1=0.4544, dev_err=26.75%
2026-02-23 17:59:58,631 - lg_cotrain - INFO - Phase 2 epoch 9/16: loss1=0.0354, loss2=0.1161, dev_macro_f1=0.4741, dev_err=25.88%
2026-02-23 18:00:16,593 - lg_cotrain - INFO - Phase 2 epoch 10/16: loss1=0.0321, loss2=0.1073, dev_macro_f1=0.4603, dev_err=26.32%
2026-02-23 18:00:34,482 - lg_cotrain - INFO - Phase 2 epoch 11/16: loss1=0.0265, loss2=0.0958, dev_macro_f1=0.4924, dev_err=24.12%
2026-02-23 18:00:52,359 - lg_cotrain - INFO - Phase 2 epoch 12/16: loss1=0.0241, loss2=0.0833, dev_macro_f1=0.4927, dev_err=24.56%
2026-02-23 18:01:10,243 - lg_cotrain - INFO - Phase 2 epoch 13/16: loss1=0.0216, loss2=0.0743, dev_macro_f1=0.4599, dev_err=27.63%
2026-02-23 18:01:28,113 - lg_cotrain - INFO - Phase 2 epoch 14/16: loss1=0.0206, loss2=0.0768, dev_macro_f1=0.4733, dev_err=26.32%
2026-02-23 18:01:45,944 - lg_cotrain - INFO - Phase 2 epoch 15/16: loss1=0.0190, loss2=0.0624, dev_macro_f1=0.4970, dev_err=25.00%
2026-02-23 18:02:03,813 - lg_cotrain - INFO - Phase 2 epoch 16/16: loss1=0.0179, loss2=0.0571, dev_macro_f1=0.4936, dev_err=25.44%
2026-02-23 18:02:03,813 - lg_cotrain - INFO - === Phase 3: Fine-Tuning ===
2026-02-23 18:02:05,433 - lg_cotrain - INFO - Phase 3 epoch 1: dev_macro_f1=0.4986, dev_err=25.00%, es_counter1=0, es_counter2=0
2026-02-23 18:02:07,034 - lg_cotrain - INFO - Phase 3 epoch 2: dev_macro_f1=0.4923, dev_err=25.88%, es_counter1=1, es_counter2=1
2026-02-23 18:02:08,648 - lg_cotrain - INFO - Phase 3 epoch 3: dev_macro_f1=0.5126, dev_err=25.44%, es_counter1=0, es_counter2=0
2026-02-23 18:02:10,254 - lg_cotrain - INFO - Phase 3 epoch 4: dev_macro_f1=0.5221, dev_err=25.88%, es_counter1=0, es_counter2=0
2026-02-23 18:02:11,861 - lg_cotrain - INFO - Phase 3 epoch 5: dev_macro_f1=0.5139, dev_err=25.88%, es_counter1=1, es_counter2=1
2026-02-23 18:02:13,489 - lg_cotrain - INFO - Phase 3 epoch 6: dev_macro_f1=0.5442, dev_err=23.25%, es_counter1=0, es_counter2=0
2026-02-23 18:02:15,116 - lg_cotrain - INFO - Phase 3 epoch 7: dev_macro_f1=0.5507, dev_err=24.12%, es_counter1=0, es_counter2=0
2026-02-23 18:02:16,736 - lg_cotrain - INFO - Phase 3 epoch 8: dev_macro_f1=0.5698, dev_err=22.81%, es_counter1=0, es_counter2=0
2026-02-23 18:02:18,364 - lg_cotrain - INFO - Phase 3 epoch 9: dev_macro_f1=0.5708, dev_err=22.37%, es_counter1=0, es_counter2=0
2026-02-23 18:02:20,100 - lg_cotrain - INFO - Phase 3 epoch 10: dev_macro_f1=0.6002, dev_err=20.61%, es_counter1=0, es_counter2=0
2026-02-23 18:02:21,710 - lg_cotrain - INFO - Phase 3 epoch 11: dev_macro_f1=0.6039, dev_err=20.18%, es_counter1=0, es_counter2=0
2026-02-23 18:02:23,329 - lg_cotrain - INFO - Phase 3 epoch 12: dev_macro_f1=0.6142, dev_err=19.30%, es_counter1=0, es_counter2=0
2026-02-23 18:02:24,933 - lg_cotrain - INFO - Phase 3 epoch 13: dev_macro_f1=0.6138, dev_err=19.30%, es_counter1=1, es_counter2=1
2026-02-23 18:02:26,526 - lg_cotrain - INFO - Phase 3 epoch 14: dev_macro_f1=0.6132, dev_err=19.30%, es_counter1=2, es_counter2=2
2026-02-23 18:02:28,131 - lg_cotrain - INFO - Phase 3 epoch 15: dev_macro_f1=0.6132, dev_err=19.30%, es_counter1=3, es_counter2=3
2026-02-23 18:02:29,731 - lg_cotrain - INFO - Phase 3 epoch 16: dev_macro_f1=0.6010, dev_err=20.18%, es_counter1=4, es_counter2=4
2026-02-23 18:02:31,326 - lg_cotrain - INFO - Phase 3 epoch 17: dev_macro_f1=0.5928, dev_err=20.61%, es_counter1=5, es_counter2=5
2026-02-23 18:02:32,925 - lg_cotrain - INFO - Phase 3 epoch 18: dev_macro_f1=0.5928, dev_err=20.61%, es_counter1=6, es_counter2=6
2026-02-23 18:02:34,545 - lg_cotrain - INFO - Phase 3 epoch 19: dev_macro_f1=0.5928, dev_err=20.61%, es_counter1=7, es_counter2=7
2026-02-23 18:02:34,546 - lg_cotrain - INFO - Early stopping at epoch 19
2026-02-23 18:02:34,559 - lg_cotrain - INFO - === Final Evaluation ===
2026-02-23 18:02:36,717 - lg_cotrain - INFO - Results saved to C:\Users\anhtr\AppData\Local\Temp\tmpu93nl_zx\canada_wildfires_2016\25_set3\metrics.json
2026-02-23 18:02:36,717 - lg_cotrain - INFO - Test error rate: 22.70%, Test macro-F1: 0.5706, Test ECE: 0.0310
2026-02-23 18:02:36,725 - lg_cotrain - INFO - --- Trial 2/10 done: dev_macro_f1=0.6142 ---
2026-02-23 18:02:36,725 - lg_cotrain - INFO - --- Trial 3/10 ---
2026-02-23 18:02:37,287 - lg_cotrain - INFO - Starting LG-CoTrain: event=canada_wildfires_2016, budget=25, seed_set=3
2026-02-23 18:02:37,298 - lg_cotrain - INFO - Detected 8 classes for event canada_wildfires_2016: ['caution_and_advice', 'displaced_people_and_evacuations', 'infrastructure_and_utility_damage', 'not_humanitarian', 'other_relevant_information', 'requests_or_urgent_needs', 'rescue_volunteering_or_donation_effort', 'sympathy_and_support']
2026-02-23 18:02:37,298 - lg_cotrain - INFO - D_l1: 98, D_l2: 91, D_LG: 1380
2026-02-23 18:02:37,298 - lg_cotrain - INFO - === Phase 1: Weight Generation ===
2026-02-23 18:02:44,434 - lg_cotrain - INFO - Phase 1 epoch 1/7: mean_prob1=0.1209, mean_prob2=0.1575
2026-02-23 18:02:50,599 - lg_cotrain - INFO - Phase 1 epoch 2/7: mean_prob1=0.1693, mean_prob2=0.1797
2026-02-23 18:02:56,733 - lg_cotrain - INFO - Phase 1 epoch 3/7: mean_prob1=0.1413, mean_prob2=0.1541
2026-02-23 18:03:02,910 - lg_cotrain - INFO - Phase 1 epoch 4/7: mean_prob1=0.2329, mean_prob2=0.2208
2026-02-23 18:03:09,100 - lg_cotrain - INFO - Phase 1 epoch 5/7: mean_prob1=0.2431, mean_prob2=0.2538
2026-02-23 18:03:15,285 - lg_cotrain - INFO - Phase 1 epoch 6/7: mean_prob1=0.3609, mean_prob2=0.2918
2026-02-23 18:03:21,482 - lg_cotrain - INFO - Phase 1 epoch 7/7: mean_prob1=0.3810, mean_prob2=0.3876
2026-02-23 18:03:21,482 - lg_cotrain - INFO - === Phase 2: Co-Training ===
2026-02-23 18:03:22,518 - lg_cotrain - INFO - LR scheduler: total_steps_1=2179, warmup=281; total_steps_2=2079, warmup=268
2026-02-23 18:03:22,518 - lg_cotrain - INFO - Phase 1 done -> seeded Phase 2 trackers. lambda1: mean=0.3810, range=[0.0090, 0.7926]
2026-02-23 18:03:22,518 - lg_cotrain - INFO - Phase 1 done -> seeded Phase 2 trackers. lambda2: mean=0.3876, range=[0.0147, 0.7705]
2026-02-23 18:03:44,066 - lg_cotrain - INFO - Phase 2 epoch 1/17: loss1=0.5939, loss2=0.6223, dev_macro_f1=0.1665, dev_err=44.30%
2026-02-23 18:04:05,577 - lg_cotrain - INFO - Phase 2 epoch 2/17: loss1=0.1549, loss2=0.2656, dev_macro_f1=0.3976, dev_err=28.51%
2026-02-23 18:04:27,154 - lg_cotrain - INFO - Phase 2 epoch 3/17: loss1=0.0653, loss2=0.1840, dev_macro_f1=0.4861, dev_err=23.68%
2026-02-23 18:04:48,676 - lg_cotrain - INFO - Phase 2 epoch 4/17: loss1=0.0339, loss2=0.1171, dev_macro_f1=0.5153, dev_err=21.49%
2026-02-23 18:05:10,158 - lg_cotrain - INFO - Phase 2 epoch 5/17: loss1=0.0355, loss2=0.1004, dev_macro_f1=0.5085, dev_err=23.68%
2026-02-23 18:05:31,708 - lg_cotrain - INFO - Phase 2 epoch 6/17: loss1=0.0332, loss2=0.0935, dev_macro_f1=0.5074, dev_err=21.05%
2026-02-23 18:05:53,216 - lg_cotrain - INFO - Phase 2 epoch 7/17: loss1=0.0232, loss2=0.0646, dev_macro_f1=0.5339, dev_err=22.81%
2026-02-23 18:06:14,681 - lg_cotrain - INFO - Phase 2 epoch 8/17: loss1=0.0207, loss2=0.0268, dev_macro_f1=0.4847, dev_err=25.00%
2026-02-23 18:06:36,166 - lg_cotrain - INFO - Phase 2 epoch 9/17: loss1=0.0250, loss2=0.0405, dev_macro_f1=0.5426, dev_err=21.93%
2026-02-23 18:06:57,655 - lg_cotrain - INFO - Phase 2 epoch 10/17: loss1=0.0254, loss2=0.0312, dev_macro_f1=0.5103, dev_err=23.25%
2026-02-23 18:07:19,152 - lg_cotrain - INFO - Phase 2 epoch 11/17: loss1=0.0095, loss2=0.0130, dev_macro_f1=0.5465, dev_err=23.68%
2026-02-23 18:07:40,605 - lg_cotrain - INFO - Phase 2 epoch 12/17: loss1=0.0066, loss2=0.0109, dev_macro_f1=0.4981, dev_err=25.44%
2026-02-23 18:08:02,109 - lg_cotrain - INFO - Phase 2 epoch 13/17: loss1=0.0051, loss2=0.0056, dev_macro_f1=0.5538, dev_err=23.25%
2026-02-23 18:08:23,636 - lg_cotrain - INFO - Phase 2 epoch 14/17: loss1=0.0045, loss2=0.0046, dev_macro_f1=0.5261, dev_err=24.12%
2026-02-23 18:08:45,150 - lg_cotrain - INFO - Phase 2 epoch 15/17: loss1=0.0049, loss2=0.0041, dev_macro_f1=0.5292, dev_err=23.68%
2026-02-23 18:09:06,560 - lg_cotrain - INFO - Phase 2 epoch 16/17: loss1=0.0073, loss2=0.0043, dev_macro_f1=0.5416, dev_err=23.25%
2026-02-23 18:09:27,982 - lg_cotrain - INFO - Phase 2 epoch 17/17: loss1=0.0082, loss2=0.0035, dev_macro_f1=0.5909, dev_err=20.61%
2026-02-23 18:09:27,983 - lg_cotrain - INFO - === Phase 3: Fine-Tuning ===
2026-02-23 18:09:29,889 - lg_cotrain - INFO - Phase 3 epoch 1: dev_macro_f1=0.5421, dev_err=25.44%, es_counter1=0, es_counter2=0
2026-02-23 18:09:31,789 - lg_cotrain - INFO - Phase 3 epoch 2: dev_macro_f1=0.5875, dev_err=24.12%, es_counter1=0, es_counter2=0
2026-02-23 18:09:33,698 - lg_cotrain - INFO - Phase 3 epoch 3: dev_macro_f1=0.6215, dev_err=21.93%, es_counter1=0, es_counter2=0
2026-02-23 18:09:35,584 - lg_cotrain - INFO - Phase 3 epoch 4: dev_macro_f1=0.6170, dev_err=20.61%, es_counter1=1, es_counter2=1
2026-02-23 18:09:37,472 - lg_cotrain - INFO - Phase 3 epoch 5: dev_macro_f1=0.6169, dev_err=20.61%, es_counter1=2, es_counter2=2
2026-02-23 18:09:39,380 - lg_cotrain - INFO - Phase 3 epoch 6: dev_macro_f1=0.6733, dev_err=20.61%, es_counter1=0, es_counter2=0
2026-02-23 18:09:41,281 - lg_cotrain - INFO - Phase 3 epoch 7: dev_macro_f1=0.6937, dev_err=20.18%, es_counter1=0, es_counter2=0
2026-02-23 18:09:43,166 - lg_cotrain - INFO - Phase 3 epoch 8: dev_macro_f1=0.6620, dev_err=21.05%, es_counter1=1, es_counter2=1
2026-02-23 18:09:45,044 - lg_cotrain - INFO - Phase 3 epoch 9: dev_macro_f1=0.6669, dev_err=21.05%, es_counter1=2, es_counter2=2
2026-02-23 18:09:46,956 - lg_cotrain - INFO - Phase 3 epoch 10: dev_macro_f1=0.6669, dev_err=21.05%, es_counter1=3, es_counter2=3
2026-02-23 18:09:48,848 - lg_cotrain - INFO - Phase 3 epoch 11: dev_macro_f1=0.6746, dev_err=20.61%, es_counter1=4, es_counter2=4
2026-02-23 18:09:50,748 - lg_cotrain - INFO - Phase 3 epoch 12: dev_macro_f1=0.6899, dev_err=19.74%, es_counter1=5, es_counter2=5
2026-02-23 18:09:52,688 - lg_cotrain - INFO - Phase 3 epoch 13: dev_macro_f1=0.6956, dev_err=19.30%, es_counter1=0, es_counter2=0
2026-02-23 18:09:54,583 - lg_cotrain - INFO - Phase 3 epoch 14: dev_macro_f1=0.6899, dev_err=19.74%, es_counter1=1, es_counter2=1
2026-02-23 18:09:56,475 - lg_cotrain - INFO - Phase 3 epoch 15: dev_macro_f1=0.6899, dev_err=19.74%, es_counter1=2, es_counter2=2
2026-02-23 18:09:58,377 - lg_cotrain - INFO - Phase 3 epoch 16: dev_macro_f1=0.6899, dev_err=19.74%, es_counter1=3, es_counter2=3
2026-02-23 18:10:00,274 - lg_cotrain - INFO - Phase 3 epoch 17: dev_macro_f1=0.6884, dev_err=19.74%, es_counter1=4, es_counter2=4
2026-02-23 18:10:02,159 - lg_cotrain - INFO - Phase 3 epoch 18: dev_macro_f1=0.6884, dev_err=19.74%, es_counter1=5, es_counter2=5
2026-02-23 18:10:04,060 - lg_cotrain - INFO - Phase 3 epoch 19: dev_macro_f1=0.6884, dev_err=19.74%, es_counter1=6, es_counter2=6
2026-02-23 18:10:05,952 - lg_cotrain - INFO - Phase 3 epoch 20: dev_macro_f1=0.6884, dev_err=19.74%, es_counter1=7, es_counter2=7
2026-02-23 18:10:07,846 - lg_cotrain - INFO - Phase 3 epoch 21: dev_macro_f1=0.6884, dev_err=19.74%, es_counter1=8, es_counter2=8
2026-02-23 18:10:09,750 - lg_cotrain - INFO - Phase 3 epoch 22: dev_macro_f1=0.6859, dev_err=20.18%, es_counter1=9, es_counter2=9
2026-02-23 18:10:09,750 - lg_cotrain - INFO - Early stopping at epoch 22
2026-02-23 18:10:09,763 - lg_cotrain - INFO - === Final Evaluation ===
2026-02-23 18:10:12,139 - lg_cotrain - INFO - Results saved to C:\Users\anhtr\AppData\Local\Temp\tmp8hbx84z1\canada_wildfires_2016\25_set3\metrics.json
2026-02-23 18:10:12,139 - lg_cotrain - INFO - Test error rate: 26.07%, Test macro-F1: 0.5647, Test ECE: 0.1270
2026-02-23 18:10:12,156 - lg_cotrain - INFO - --- Trial 3/10 done: dev_macro_f1=0.6956 ---
2026-02-23 18:10:12,156 - lg_cotrain - INFO - --- Trial 4/10 ---
2026-02-23 18:10:12,730 - lg_cotrain - INFO - Starting LG-CoTrain: event=canada_wildfires_2016, budget=25, seed_set=3
2026-02-23 18:10:12,740 - lg_cotrain - INFO - Detected 8 classes for event canada_wildfires_2016: ['caution_and_advice', 'displaced_people_and_evacuations', 'infrastructure_and_utility_damage', 'not_humanitarian', 'other_relevant_information', 'requests_or_urgent_needs', 'rescue_volunteering_or_donation_effort', 'sympathy_and_support']
2026-02-23 18:10:12,740 - lg_cotrain - INFO - D_l1: 98, D_l2: 91, D_LG: 1380
2026-02-23 18:10:12,740 - lg_cotrain - INFO - === Phase 1: Weight Generation ===
2026-02-23 18:10:19,852 - lg_cotrain - INFO - Phase 1 epoch 1/7: mean_prob1=0.1299, mean_prob2=0.1588
2026-02-23 18:10:25,997 - lg_cotrain - INFO - Phase 1 epoch 2/7: mean_prob1=0.1297, mean_prob2=0.1201
2026-02-23 18:10:32,116 - lg_cotrain - INFO - Phase 1 epoch 3/7: mean_prob1=0.1228, mean_prob2=0.1289
2026-02-23 18:10:38,244 - lg_cotrain - INFO - Phase 1 epoch 4/7: mean_prob1=0.1286, mean_prob2=0.1463
2026-02-23 18:10:44,342 - lg_cotrain - INFO - Phase 1 epoch 5/7: mean_prob1=0.1198, mean_prob2=0.1287
2026-02-23 18:10:50,461 - lg_cotrain - INFO - Phase 1 epoch 6/7: mean_prob1=0.1209, mean_prob2=0.1272
2026-02-23 18:10:56,521 - lg_cotrain - INFO - Phase 1 epoch 7/7: mean_prob1=0.1313, mean_prob2=0.1416
2026-02-23 18:10:56,521 - lg_cotrain - INFO - === Phase 2: Co-Training ===
2026-02-23 18:10:57,509 - lg_cotrain - INFO - LR scheduler: total_steps_1=1309, warmup=208; total_steps_2=1209, warmup=192
2026-02-23 18:10:57,509 - lg_cotrain - INFO - Phase 1 done -> seeded Phase 2 trackers. lambda1: mean=0.1313, range=[0.0730, 0.1818]
2026-02-23 18:10:57,510 - lg_cotrain - INFO - Phase 1 done -> seeded Phase 2 trackers. lambda2: mean=0.1416, range=[0.0356, 0.4581]
2026-02-23 18:11:18,933 - lg_cotrain - INFO - Phase 2 epoch 1/7: loss1=0.1853, loss2=0.1689, dev_macro_f1=0.4887, dev_err=24.56%
2026-02-23 18:11:40,336 - lg_cotrain - INFO - Phase 2 epoch 2/7: loss1=0.0855, loss2=0.4843, dev_macro_f1=0.4728, dev_err=24.56%
2026-02-23 18:12:01,686 - lg_cotrain - INFO - Phase 2 epoch 3/7: loss1=0.1957, loss2=1.0635, dev_macro_f1=0.1707, dev_err=48.25%
2026-02-23 18:12:23,027 - lg_cotrain - INFO - Phase 2 epoch 4/7: loss1=0.1470, loss2=1.0184, dev_macro_f1=0.1707, dev_err=48.25%
2026-02-23 18:12:44,345 - lg_cotrain - INFO - Phase 2 epoch 5/7: loss1=0.0979, loss2=0.9663, dev_macro_f1=0.1707, dev_err=48.25%
2026-02-23 18:13:05,706 - lg_cotrain - INFO - Phase 2 epoch 6/7: loss1=0.0734, loss2=0.9198, dev_macro_f1=0.1688, dev_err=44.74%
2026-02-23 18:13:27,077 - lg_cotrain - INFO - Phase 2 epoch 7/7: loss1=0.0848, loss2=0.9024, dev_macro_f1=0.0735, dev_err=58.33%
2026-02-23 18:13:27,077 - lg_cotrain - INFO - === Phase 3: Fine-Tuning ===
2026-02-23 18:13:28,979 - lg_cotrain - INFO - Phase 3 epoch 1: dev_macro_f1=0.0735, dev_err=58.33%, es_counter1=0, es_counter2=0
2026-02-23 18:13:30,865 - lg_cotrain - INFO - Phase 3 epoch 2: dev_macro_f1=0.0115, dev_err=95.18%, es_counter1=1, es_counter2=1
2026-02-23 18:13:32,741 - lg_cotrain - INFO - Phase 3 epoch 3: dev_macro_f1=0.0164, dev_err=92.98%, es_counter1=2, es_counter2=2
2026-02-23 18:13:34,611 - lg_cotrain - INFO - Phase 3 epoch 4: dev_macro_f1=0.0085, dev_err=96.49%, es_counter1=3, es_counter2=3
2026-02-23 18:13:36,488 - lg_cotrain - INFO - Phase 3 epoch 5: dev_macro_f1=0.0365, dev_err=82.89%, es_counter1=4, es_counter2=4
2026-02-23 18:13:36,488 - lg_cotrain - INFO - Early stopping at epoch 5
2026-02-23 18:13:36,502 - lg_cotrain - INFO - === Final Evaluation ===
2026-02-23 18:13:38,815 - lg_cotrain - INFO - Results saved to C:\Users\anhtr\AppData\Local\Temp\tmp6amvigqw\canada_wildfires_2016\25_set3\metrics.json
2026-02-23 18:13:38,815 - lg_cotrain - INFO - Test error rate: 58.20%, Test macro-F1: 0.0737, Test ECE: 0.0500
2026-02-23 18:13:38,825 - lg_cotrain - INFO - --- Trial 4/10 done: dev_macro_f1=0.0735 ---
2026-02-23 18:13:38,826 - lg_cotrain - INFO - --- Trial 5/10 ---
2026-02-23 18:13:39,412 - lg_cotrain - INFO - Starting LG-CoTrain: event=canada_wildfires_2016, budget=25, seed_set=3
2026-02-23 18:13:39,432 - lg_cotrain - INFO - Detected 8 classes for event canada_wildfires_2016: ['caution_and_advice', 'displaced_people_and_evacuations', 'infrastructure_and_utility_damage', 'not_humanitarian', 'other_relevant_information', 'requests_or_urgent_needs', 'rescue_volunteering_or_donation_effort', 'sympathy_and_support']
2026-02-23 18:13:39,438 - lg_cotrain - INFO - D_l1: 98, D_l2: 91, D_LG: 1380
2026-02-23 18:13:39,439 - lg_cotrain - INFO - === Phase 1: Weight Generation ===
2026-02-23 18:13:46,515 - lg_cotrain - INFO - Phase 1 epoch 1/7: mean_prob1=0.1325, mean_prob2=0.1398
2026-02-23 18:13:52,645 - lg_cotrain - INFO - Phase 1 epoch 2/7: mean_prob1=0.1334, mean_prob2=0.1380
2026-02-23 18:13:58,766 - lg_cotrain - INFO - Phase 1 epoch 3/7: mean_prob1=0.1178, mean_prob2=0.1604
2026-02-23 18:14:04,861 - lg_cotrain - INFO - Phase 1 epoch 4/7: mean_prob1=0.1184, mean_prob2=0.1663
2026-02-23 18:14:11,031 - lg_cotrain - INFO - Phase 1 epoch 5/7: mean_prob1=0.1237, mean_prob2=0.1983
2026-02-23 18:14:17,202 - lg_cotrain - INFO - Phase 1 epoch 6/7: mean_prob1=0.1197, mean_prob2=0.1991
2026-02-23 18:14:23,395 - lg_cotrain - INFO - Phase 1 epoch 7/7: mean_prob1=0.1243, mean_prob2=0.2025
2026-02-23 18:14:23,395 - lg_cotrain - INFO - === Phase 2: Co-Training ===
2026-02-23 18:14:24,409 - lg_cotrain - INFO - LR scheduler: total_steps_1=1657, warmup=326; total_steps_2=1557, warmup=306
2026-02-23 18:14:24,410 - lg_cotrain - INFO - Phase 1 done -> seeded Phase 2 trackers. lambda1: mean=0.1243, range=[0.0687, 0.1702]
2026-02-23 18:14:24,410 - lg_cotrain - INFO - Phase 1 done -> seeded Phase 2 trackers. lambda2: mean=0.2025, range=[0.0015, 0.9768]
2026-02-23 18:14:45,836 - lg_cotrain - INFO - Phase 2 epoch 1/11: loss1=0.3208, loss2=0.1875, dev_macro_f1=0.4446, dev_err=24.56%
2026-02-23 18:15:07,287 - lg_cotrain - INFO - Phase 2 epoch 2/11: loss1=0.0725, loss2=0.2080, dev_macro_f1=0.4311, dev_err=25.88%
2026-02-23 18:15:28,800 - lg_cotrain - INFO - Phase 2 epoch 3/11: loss1=0.0561, loss2=0.4156, dev_macro_f1=0.2636, dev_err=47.37%
2026-02-23 18:15:50,185 - lg_cotrain - INFO - Phase 2 epoch 4/11: loss1=0.0749, loss2=1.2756, dev_macro_f1=0.0735, dev_err=58.33%
2026-02-23 18:16:11,591 - lg_cotrain - INFO - Phase 2 epoch 5/11: loss1=0.1199, loss2=1.1849, dev_macro_f1=0.0735, dev_err=58.33%
2026-02-23 18:16:32,987 - lg_cotrain - INFO - Phase 2 epoch 6/11: loss1=0.0784, loss2=1.0959, dev_macro_f1=0.0735, dev_err=58.33%
2026-02-23 18:16:54,346 - lg_cotrain - INFO - Phase 2 epoch 7/11: loss1=0.0604, loss2=1.0357, dev_macro_f1=0.0735, dev_err=58.33%
2026-02-23 18:17:15,697 - lg_cotrain - INFO - Phase 2 epoch 8/11: loss1=0.0468, loss2=0.9834, dev_macro_f1=0.0735, dev_err=58.33%
2026-02-23 18:17:37,044 - lg_cotrain - INFO - Phase 2 epoch 9/11: loss1=0.0376, loss2=0.9396, dev_macro_f1=0.0735, dev_err=58.33%
2026-02-23 18:17:58,407 - lg_cotrain - INFO - Phase 2 epoch 10/11: loss1=0.0295, loss2=0.9014, dev_macro_f1=0.0735, dev_err=58.33%
2026-02-23 18:18:19,771 - lg_cotrain - INFO - Phase 2 epoch 11/11: loss1=0.0276, loss2=0.8644, dev_macro_f1=0.0735, dev_err=58.33%
2026-02-23 18:18:19,771 - lg_cotrain - INFO - === Phase 3: Fine-Tuning ===
2026-02-23 18:18:21,681 - lg_cotrain - INFO - Phase 3 epoch 1: dev_macro_f1=0.0735, dev_err=58.33%, es_counter1=0, es_counter2=0
2026-02-23 18:18:23,559 - lg_cotrain - INFO - Phase 3 epoch 2: dev_macro_f1=0.0115, dev_err=95.18%, es_counter1=1, es_counter2=1
2026-02-23 18:18:25,426 - lg_cotrain - INFO - Phase 3 epoch 3: dev_macro_f1=0.0085, dev_err=96.49%, es_counter1=2, es_counter2=2
2026-02-23 18:18:27,305 - lg_cotrain - INFO - Phase 3 epoch 4: dev_macro_f1=0.0247, dev_err=89.04%, es_counter1=3, es_counter2=3
2026-02-23 18:18:29,188 - lg_cotrain - INFO - Phase 3 epoch 5: dev_macro_f1=0.0308, dev_err=85.96%, es_counter1=4, es_counter2=4
2026-02-23 18:18:31,063 - lg_cotrain - INFO - Phase 3 epoch 6: dev_macro_f1=0.0735, dev_err=58.33%, es_counter1=5, es_counter2=5
2026-02-23 18:18:32,944 - lg_cotrain - INFO - Phase 3 epoch 7: dev_macro_f1=0.0735, dev_err=58.33%, es_counter1=6, es_counter2=6
2026-02-23 18:18:34,821 - lg_cotrain - INFO - Phase 3 epoch 8: dev_macro_f1=0.0365, dev_err=82.89%, es_counter1=7, es_counter2=7
2026-02-23 18:18:36,687 - lg_cotrain - INFO - Phase 3 epoch 9: dev_macro_f1=0.0308, dev_err=85.96%, es_counter1=8, es_counter2=8
2026-02-23 18:18:38,565 - lg_cotrain - INFO - Phase 3 epoch 10: dev_macro_f1=0.0308, dev_err=85.96%, es_counter1=9, es_counter2=9
2026-02-23 18:18:38,565 - lg_cotrain - INFO - Early stopping at epoch 10
2026-02-23 18:18:38,584 - lg_cotrain - INFO - === Final Evaluation ===
2026-02-23 18:18:40,906 - lg_cotrain - INFO - Results saved to C:\Users\anhtr\AppData\Local\Temp\tmphywjafj4\canada_wildfires_2016\25_set3\metrics.json
2026-02-23 18:18:40,906 - lg_cotrain - INFO - Test error rate: 58.20%, Test macro-F1: 0.0737, Test ECE: 0.1527
2026-02-23 18:18:40,918 - lg_cotrain - INFO - --- Trial 5/10 done: dev_macro_f1=0.0735 ---
2026-02-23 18:18:40,918 - lg_cotrain - INFO - --- Trial 6/10 ---
2026-02-23 18:18:41,467 - lg_cotrain - INFO - Starting LG-CoTrain: event=canada_wildfires_2016, budget=25, seed_set=3
2026-02-23 18:18:41,478 - lg_cotrain - INFO - Detected 8 classes for event canada_wildfires_2016: ['caution_and_advice', 'displaced_people_and_evacuations', 'infrastructure_and_utility_damage', 'not_humanitarian', 'other_relevant_information', 'requests_or_urgent_needs', 'rescue_volunteering_or_donation_effort', 'sympathy_and_support']
2026-02-23 18:18:41,484 - lg_cotrain - INFO - D_l1: 98, D_l2: 91, D_LG: 1380
2026-02-23 18:18:41,484 - lg_cotrain - INFO - === Phase 1: Weight Generation ===
2026-02-23 18:18:49,296 - lg_cotrain - INFO - Phase 1 epoch 1/7: mean_prob1=0.1264, mean_prob2=0.1342
2026-02-23 18:18:56,117 - lg_cotrain - INFO - Phase 1 epoch 2/7: mean_prob1=0.1463, mean_prob2=0.1578
2026-02-23 18:19:02,961 - lg_cotrain - INFO - Phase 1 epoch 3/7: mean_prob1=0.1463, mean_prob2=0.1519
2026-02-23 18:19:09,826 - lg_cotrain - INFO - Phase 1 epoch 4/7: mean_prob1=0.1734, mean_prob2=0.1665
2026-02-23 18:19:16,716 - lg_cotrain - INFO - Phase 1 epoch 5/7: mean_prob1=0.1802, mean_prob2=0.1695
2026-02-23 18:19:23,620 - lg_cotrain - INFO - Phase 1 epoch 6/7: mean_prob1=0.1957, mean_prob2=0.1758
2026-02-23 18:19:30,530 - lg_cotrain - INFO - Phase 1 epoch 7/7: mean_prob1=0.2266, mean_prob2=0.1941
2026-02-23 18:19:30,530 - lg_cotrain - INFO - === Phase 2: Co-Training ===
2026-02-23 18:19:31,642 - lg_cotrain - INFO - LR scheduler: total_steps_1=3549, warmup=354; total_steps_2=3449, warmup=344
2026-02-23 18:19:31,642 - lg_cotrain - INFO - Phase 1 done -> seeded Phase 2 trackers. lambda1: mean=0.2266, range=[0.0233, 0.4694]
2026-02-23 18:19:31,642 - lg_cotrain - INFO - Phase 1 done -> seeded Phase 2 trackers. lambda2: mean=0.1941, range=[0.0355, 0.4706]
2026-02-23 18:19:56,972 - lg_cotrain - INFO - Phase 2 epoch 1/13: loss1=0.3342, loss2=0.3836, dev_macro_f1=0.1626, dev_err=45.18%
2026-02-23 18:20:22,266 - lg_cotrain - INFO - Phase 2 epoch 2/13: loss1=0.1195, loss2=0.2220, dev_macro_f1=0.3456, dev_err=32.02%
2026-02-23 18:20:47,669 - lg_cotrain - INFO - Phase 2 epoch 3/13: loss1=0.0538, loss2=0.1497, dev_macro_f1=0.4836, dev_err=25.00%
2026-02-23 18:21:13,052 - lg_cotrain - INFO - Phase 2 epoch 4/13: loss1=0.0280, loss2=0.1113, dev_macro_f1=0.5148, dev_err=21.93%
2026-02-23 18:21:38,434 - lg_cotrain - INFO - Phase 2 epoch 5/13: loss1=0.0188, loss2=0.0757, dev_macro_f1=0.5136, dev_err=23.25%
2026-02-23 18:22:03,850 - lg_cotrain - INFO - Phase 2 epoch 6/13: loss1=0.0170, loss2=0.0492, dev_macro_f1=0.5270, dev_err=21.93%
2026-02-23 18:22:29,265 - lg_cotrain - INFO - Phase 2 epoch 7/13: loss1=0.0167, loss2=0.0383, dev_macro_f1=0.5121, dev_err=22.37%
2026-02-23 18:22:54,673 - lg_cotrain - INFO - Phase 2 epoch 8/13: loss1=0.0133, loss2=0.0260, dev_macro_f1=0.5206, dev_err=22.81%
2026-02-23 18:23:20,082 - lg_cotrain - INFO - Phase 2 epoch 9/13: loss1=0.0088, loss2=0.0170, dev_macro_f1=0.5386, dev_err=21.05%
2026-02-23 18:23:45,438 - lg_cotrain - INFO - Phase 2 epoch 10/13: loss1=0.0079, loss2=0.0118, dev_macro_f1=0.5128, dev_err=24.12%
2026-02-23 18:24:10,862 - lg_cotrain - INFO - Phase 2 epoch 11/13: loss1=0.0155, loss2=0.0095, dev_macro_f1=0.5199, dev_err=22.81%
2026-02-23 18:24:36,291 - lg_cotrain - INFO - Phase 2 epoch 12/13: loss1=0.0055, loss2=0.0073, dev_macro_f1=0.5347, dev_err=21.93%
2026-02-23 18:25:01,686 - lg_cotrain - INFO - Phase 2 epoch 13/13: loss1=0.0055, loss2=0.0062, dev_macro_f1=0.5675, dev_err=21.49%
2026-02-23 18:25:01,687 - lg_cotrain - INFO - === Phase 3: Fine-Tuning ===
2026-02-23 18:25:03,923 - lg_cotrain - INFO - Phase 3 epoch 1: dev_macro_f1=0.5734, dev_err=23.68%, es_counter1=0, es_counter2=0
2026-02-23 18:25:06,146 - lg_cotrain - INFO - Phase 3 epoch 2: dev_macro_f1=0.5521, dev_err=25.00%, es_counter1=1, es_counter2=1
2026-02-23 18:25:08,376 - lg_cotrain - INFO - Phase 3 epoch 3: dev_macro_f1=0.6245, dev_err=21.05%, es_counter1=0, es_counter2=0
2026-02-23 18:25:10,633 - lg_cotrain - INFO - Phase 3 epoch 4: dev_macro_f1=0.7010, dev_err=22.37%, es_counter1=0, es_counter2=0
2026-02-23 18:25:12,862 - lg_cotrain - INFO - Phase 3 epoch 5: dev_macro_f1=0.7057, dev_err=21.05%, es_counter1=0, es_counter2=0
2026-02-23 18:25:15,094 - lg_cotrain - INFO - Phase 3 epoch 6: dev_macro_f1=0.7553, dev_err=19.74%, es_counter1=0, es_counter2=0
2026-02-23 18:25:17,281 - lg_cotrain - INFO - Phase 3 epoch 7: dev_macro_f1=0.7200, dev_err=20.18%, es_counter1=1, es_counter2=1
2026-02-23 18:25:19,493 - lg_cotrain - INFO - Phase 3 epoch 8: dev_macro_f1=0.7311, dev_err=19.74%, es_counter1=2, es_counter2=2
2026-02-23 18:25:21,702 - lg_cotrain - INFO - Phase 3 epoch 9: dev_macro_f1=0.7270, dev_err=20.18%, es_counter1=3, es_counter2=3
2026-02-23 18:25:23,928 - lg_cotrain - INFO - Phase 3 epoch 10: dev_macro_f1=0.7341, dev_err=19.30%, es_counter1=4, es_counter2=4
2026-02-23 18:25:26,139 - lg_cotrain - INFO - Phase 3 epoch 11: dev_macro_f1=0.7328, dev_err=19.74%, es_counter1=5, es_counter2=5
2026-02-23 18:25:26,139 - lg_cotrain - INFO - Early stopping at epoch 11
2026-02-23 18:25:26,148 - lg_cotrain - INFO - === Final Evaluation ===
2026-02-23 18:25:28,713 - lg_cotrain - INFO - Results saved to C:\Users\anhtr\AppData\Local\Temp\tmp88h5_8la\canada_wildfires_2016\25_set3\metrics.json
2026-02-23 18:25:28,714 - lg_cotrain - INFO - Test error rate: 24.49%, Test macro-F1: 0.6050, Test ECE: 0.0984
2026-02-23 18:25:28,725 - lg_cotrain - INFO - --- Trial 6/10 done: dev_macro_f1=0.7553 ---
2026-02-23 18:25:28,725 - lg_cotrain - INFO - --- Trial 7/10 ---
2026-02-23 18:25:29,310 - lg_cotrain - INFO - Starting LG-CoTrain: event=canada_wildfires_2016, budget=25, seed_set=3
2026-02-23 18:25:29,320 - lg_cotrain - INFO - Detected 8 classes for event canada_wildfires_2016: ['caution_and_advice', 'displaced_people_and_evacuations', 'infrastructure_and_utility_damage', 'not_humanitarian', 'other_relevant_information', 'requests_or_urgent_needs', 'rescue_volunteering_or_donation_effort', 'sympathy_and_support']
2026-02-23 18:25:29,325 - lg_cotrain - INFO - D_l1: 98, D_l2: 91, D_LG: 1380
2026-02-23 18:25:29,326 - lg_cotrain - INFO - === Phase 1: Weight Generation ===
2026-02-23 18:25:37,021 - lg_cotrain - INFO - Phase 1 epoch 1/7: mean_prob1=0.1360, mean_prob2=0.1533
2026-02-23 18:25:43,846 - lg_cotrain - INFO - Phase 1 epoch 2/7: mean_prob1=0.1309, mean_prob2=0.1426
2026-02-23 18:25:50,654 - lg_cotrain - INFO - Phase 1 epoch 3/7: mean_prob1=0.1289, mean_prob2=0.1224
2026-02-23 18:25:57,490 - lg_cotrain - INFO - Phase 1 epoch 4/7: mean_prob1=0.1367, mean_prob2=0.1277
2026-02-23 18:26:04,315 - lg_cotrain - INFO - Phase 1 epoch 5/7: mean_prob1=0.1277, mean_prob2=0.1324
2026-02-23 18:26:11,154 - lg_cotrain - INFO - Phase 1 epoch 6/7: mean_prob1=0.1274, mean_prob2=0.1306
2026-02-23 18:26:18,019 - lg_cotrain - INFO - Phase 1 epoch 7/7: mean_prob1=0.1345, mean_prob2=0.1355
2026-02-23 18:26:18,020 - lg_cotrain - INFO - === Phase 2: Co-Training ===
2026-02-23 18:26:19,062 - lg_cotrain - INFO - LR scheduler: total_steps_1=4068, warmup=504; total_steps_2=3968, warmup=491
2026-02-23 18:26:19,062 - lg_cotrain - INFO - Phase 1 done -> seeded Phase 2 trackers. lambda1: mean=0.1345, range=[0.0816, 0.1612]
2026-02-23 18:26:19,062 - lg_cotrain - INFO - Phase 1 done -> seeded Phase 2 trackers. lambda2: mean=0.1355, range=[0.0738, 0.1521]
2026-02-23 18:26:44,299 - lg_cotrain - INFO - Phase 2 epoch 1/16: loss1=0.1699, loss2=0.1703, dev_macro_f1=0.4687, dev_err=24.56%
2026-02-23 18:27:09,571 - lg_cotrain - INFO - Phase 2 epoch 2/16: loss1=0.0896, loss2=0.4916, dev_macro_f1=0.3130, dev_err=42.11%
2026-02-23 18:27:34,889 - lg_cotrain - INFO - Phase 2 epoch 3/16: loss1=0.1078, loss2=1.1280, dev_macro_f1=0.0735, dev_err=58.33%
2026-02-23 18:28:00,194 - lg_cotrain - INFO - Phase 2 epoch 4/16: loss1=0.0817, loss2=0.9824, dev_macro_f1=0.0735, dev_err=58.33%
2026-02-23 18:28:25,485 - lg_cotrain - INFO - Phase 2 epoch 5/16: loss1=0.0664, loss2=0.9038, dev_macro_f1=0.0735, dev_err=58.33%
2026-02-23 18:28:50,738 - lg_cotrain - INFO - Phase 2 epoch 6/16: loss1=0.0635, loss2=0.8304, dev_macro_f1=0.0735, dev_err=58.33%
2026-02-23 18:29:16,052 - lg_cotrain - INFO - Phase 2 epoch 7/16: loss1=0.0627, loss2=0.7862, dev_macro_f1=0.0735, dev_err=58.33%
2026-02-23 18:29:41,404 - lg_cotrain - INFO - Phase 2 epoch 8/16: loss1=0.0561, loss2=0.7523, dev_macro_f1=0.0735, dev_err=58.33%
2026-02-23 18:30:06,647 - lg_cotrain - INFO - Phase 2 epoch 9/16: loss1=0.0523, loss2=0.7312, dev_macro_f1=0.0735, dev_err=58.33%
2026-02-23 18:30:31,929 - lg_cotrain - INFO - Phase 2 epoch 10/16: loss1=0.0440, loss2=0.6950, dev_macro_f1=0.0735, dev_err=58.33%
2026-02-23 18:30:57,225 - lg_cotrain - INFO - Phase 2 epoch 11/16: loss1=0.0446, loss2=0.6711, dev_macro_f1=0.0735, dev_err=58.33%
2026-02-23 18:31:22,493 - lg_cotrain - INFO - Phase 2 epoch 12/16: loss1=0.0401, loss2=0.6464, dev_macro_f1=0.0735, dev_err=58.33%
2026-02-23 18:31:47,796 - lg_cotrain - INFO - Phase 2 epoch 13/16: loss1=0.0389, loss2=0.6345, dev_macro_f1=0.0735, dev_err=58.33%
2026-02-23 18:32:13,077 - lg_cotrain - INFO - Phase 2 epoch 14/16: loss1=0.0400, loss2=0.6081, dev_macro_f1=0.0735, dev_err=58.33%
2026-02-23 18:32:38,376 - lg_cotrain - INFO - Phase 2 epoch 15/16: loss1=0.0410, loss2=0.5916, dev_macro_f1=0.0735, dev_err=58.33%
2026-02-23 18:33:03,659 - lg_cotrain - INFO - Phase 2 epoch 16/16: loss1=0.0399, loss2=0.5750, dev_macro_f1=0.0735, dev_err=58.33%
2026-02-23 18:33:03,659 - lg_cotrain - INFO - === Phase 3: Fine-Tuning ===
2026-02-23 18:33:05,898 - lg_cotrain - INFO - Phase 3 epoch 1: dev_macro_f1=0.0115, dev_err=95.18%, es_counter1=0, es_counter2=0
2026-02-23 18:33:08,123 - lg_cotrain - INFO - Phase 3 epoch 2: dev_macro_f1=0.0308, dev_err=85.96%, es_counter1=0, es_counter2=0
2026-02-23 18:33:10,346 - lg_cotrain - INFO - Phase 3 epoch 3: dev_macro_f1=0.0365, dev_err=82.89%, es_counter1=0, es_counter2=0
2026-02-23 18:33:12,547 - lg_cotrain - INFO - Phase 3 epoch 4: dev_macro_f1=0.0308, dev_err=85.96%, es_counter1=1, es_counter2=1
2026-02-23 18:33:14,765 - lg_cotrain - INFO - Phase 3 epoch 5: dev_macro_f1=0.0735, dev_err=58.33%, es_counter1=0, es_counter2=0
2026-02-23 18:33:16,961 - lg_cotrain - INFO - Phase 3 epoch 6: dev_macro_f1=0.0735, dev_err=58.33%, es_counter1=1, es_counter2=1
2026-02-23 18:33:19,171 - lg_cotrain - INFO - Phase 3 epoch 7: dev_macro_f1=0.0115, dev_err=95.18%, es_counter1=2, es_counter2=2
2026-02-23 18:33:21,395 - lg_cotrain - INFO - Phase 3 epoch 8: dev_macro_f1=0.0735, dev_err=58.33%, es_counter1=3, es_counter2=3
2026-02-23 18:33:23,602 - lg_cotrain - INFO - Phase 3 epoch 9: dev_macro_f1=0.0164, dev_err=92.98%, es_counter1=4, es_counter2=4
2026-02-23 18:33:25,809 - lg_cotrain - INFO - Phase 3 epoch 10: dev_macro_f1=0.0308, dev_err=85.96%, es_counter1=5, es_counter2=5
2026-02-23 18:33:28,001 - lg_cotrain - INFO - Phase 3 epoch 11: dev_macro_f1=0.0247, dev_err=89.04%, es_counter1=6, es_counter2=6
2026-02-23 18:33:30,201 - lg_cotrain - INFO - Phase 3 epoch 12: dev_macro_f1=0.0365, dev_err=82.89%, es_counter1=7, es_counter2=7
2026-02-23 18:33:32,390 - lg_cotrain - INFO - Phase 3 epoch 13: dev_macro_f1=0.0365, dev_err=82.89%, es_counter1=8, es_counter2=8
2026-02-23 18:33:32,390 - lg_cotrain - INFO - Early stopping at epoch 13
2026-02-23 18:33:32,405 - lg_cotrain - INFO - === Final Evaluation ===
2026-02-23 18:33:34,937 - lg_cotrain - INFO - Results saved to C:\Users\anhtr\AppData\Local\Temp\tmp9tvw5jty\canada_wildfires_2016\25_set3\metrics.json
2026-02-23 18:33:34,937 - lg_cotrain - INFO - Test error rate: 58.20%, Test macro-F1: 0.0737, Test ECE: 0.2657
2026-02-23 18:33:34,944 - lg_cotrain - INFO - --- Trial 7/10 done: dev_macro_f1=0.0735 ---
2026-02-23 18:33:34,944 - lg_cotrain - INFO - --- Trial 8/10 ---
2026-02-23 18:33:35,906 - lg_cotrain - INFO - Starting LG-CoTrain: event=canada_wildfires_2016, budget=25, seed_set=3
2026-02-23 18:33:35,923 - lg_cotrain - INFO - Detected 8 classes for event canada_wildfires_2016: ['caution_and_advice', 'displaced_people_and_evacuations', 'infrastructure_and_utility_damage', 'not_humanitarian', 'other_relevant_information', 'requests_or_urgent_needs', 'rescue_volunteering_or_donation_effort', 'sympathy_and_support']
2026-02-23 18:33:35,928 - lg_cotrain - INFO - D_l1: 98, D_l2: 91, D_LG: 1380
2026-02-23 18:33:35,929 - lg_cotrain - INFO - === Phase 1: Weight Generation ===
2026-02-23 18:33:42,683 - lg_cotrain - INFO - Phase 1 epoch 1/7: mean_prob1=0.1347, mean_prob2=0.1566
2026-02-23 18:33:48,458 - lg_cotrain - INFO - Phase 1 epoch 2/7: mean_prob1=0.1405, mean_prob2=0.0995
2026-02-23 18:33:54,290 - lg_cotrain - INFO - Phase 1 epoch 3/7: mean_prob1=0.2210, mean_prob2=0.1152
2026-02-23 18:34:00,066 - lg_cotrain - INFO - Phase 1 epoch 4/7: mean_prob1=0.3684, mean_prob2=0.1216
2026-02-23 18:34:05,877 - lg_cotrain - INFO - Phase 1 epoch 5/7: mean_prob1=0.4332, mean_prob2=0.1580
2026-02-23 18:34:11,690 - lg_cotrain - INFO - Phase 1 epoch 6/7: mean_prob1=0.5186, mean_prob2=0.1273
2026-02-23 18:34:17,499 - lg_cotrain - INFO - Phase 1 epoch 7/7: mean_prob1=0.5571, mean_prob2=0.1353
2026-02-23 18:34:17,499 - lg_cotrain - INFO - === Phase 2: Co-Training ===
2026-02-23 18:34:18,522 - lg_cotrain - INFO - LR scheduler: total_steps_1=620, warmup=81; total_steps_2=520, warmup=68
2026-02-23 18:34:18,522 - lg_cotrain - INFO - Phase 1 done -> seeded Phase 2 trackers. lambda1: mean=0.5571, range=[0.0028, 0.9749]
2026-02-23 18:34:18,523 - lg_cotrain - INFO - Phase 1 done -> seeded Phase 2 trackers. lambda2: mean=0.1353, range=[0.0569, 0.2482]
2026-02-23 18:34:38,000 - lg_cotrain - INFO - Phase 2 epoch 1/5: loss1=0.2108, loss2=0.6676, dev_macro_f1=0.4537, dev_err=24.12%
2026-02-23 18:34:57,542 - lg_cotrain - INFO - Phase 2 epoch 2/5: loss1=0.0645, loss2=0.2943, dev_macro_f1=0.4501, dev_err=26.75%
2026-02-23 18:35:17,056 - lg_cotrain - INFO - Phase 2 epoch 3/5: loss1=0.0569, loss2=0.3336, dev_macro_f1=0.3735, dev_err=29.82%
2026-02-23 18:35:36,581 - lg_cotrain - INFO - Phase 2 epoch 4/5: loss1=0.1683, loss2=0.3268, dev_macro_f1=0.4575, dev_err=25.00%
2026-02-23 18:35:56,032 - lg_cotrain - INFO - Phase 2 epoch 5/5: loss1=0.1033, loss2=0.2571, dev_macro_f1=0.4459, dev_err=26.75%
2026-02-23 18:35:56,033 - lg_cotrain - INFO - === Phase 3: Fine-Tuning ===
2026-02-23 18:35:57,777 - lg_cotrain - INFO - Phase 3 epoch 1: dev_macro_f1=0.4410, dev_err=31.14%, es_counter1=0, es_counter2=0
2026-02-23 18:35:59,509 - lg_cotrain - INFO - Phase 3 epoch 2: dev_macro_f1=0.4299, dev_err=32.02%, es_counter1=1, es_counter2=1
2026-02-23 18:36:01,244 - lg_cotrain - INFO - Phase 3 epoch 3: dev_macro_f1=0.4402, dev_err=34.21%, es_counter1=2, es_counter2=2
2026-02-23 18:36:02,991 - lg_cotrain - INFO - Phase 3 epoch 4: dev_macro_f1=0.4683, dev_err=34.21%, es_counter1=0, es_counter2=0
2026-02-23 18:36:04,733 - lg_cotrain - INFO - Phase 3 epoch 5: dev_macro_f1=0.5138, dev_err=32.02%, es_counter1=0, es_counter2=0
2026-02-23 18:36:06,452 - lg_cotrain - INFO - Phase 3 epoch 6: dev_macro_f1=0.4941, dev_err=32.46%, es_counter1=1, es_counter2=1
2026-02-23 18:36:08,197 - lg_cotrain - INFO - Phase 3 epoch 7: dev_macro_f1=0.5382, dev_err=31.58%, es_counter1=0, es_counter2=0
2026-02-23 18:36:09,932 - lg_cotrain - INFO - Phase 3 epoch 8: dev_macro_f1=0.6160, dev_err=27.19%, es_counter1=0, es_counter2=0
2026-02-23 18:36:11,660 - lg_cotrain - INFO - Phase 3 epoch 9: dev_macro_f1=0.5139, dev_err=31.14%, es_counter1=1, es_counter2=1
2026-02-23 18:36:13,384 - lg_cotrain - INFO - Phase 3 epoch 10: dev_macro_f1=0.4995, dev_err=32.02%, es_counter1=2, es_counter2=2
2026-02-23 18:36:15,107 - lg_cotrain - INFO - Phase 3 epoch 11: dev_macro_f1=0.5402, dev_err=29.82%, es_counter1=3, es_counter2=3
2026-02-23 18:36:16,825 - lg_cotrain - INFO - Phase 3 epoch 12: dev_macro_f1=0.5575, dev_err=29.82%, es_counter1=4, es_counter2=4
2026-02-23 18:36:18,545 - lg_cotrain - INFO - Phase 3 epoch 13: dev_macro_f1=0.5420, dev_err=29.82%, es_counter1=5, es_counter2=5
2026-02-23 18:36:20,265 - lg_cotrain - INFO - Phase 3 epoch 14: dev_macro_f1=0.5553, dev_err=28.51%, es_counter1=6, es_counter2=6
2026-02-23 18:36:21,981 - lg_cotrain - INFO - Phase 3 epoch 15: dev_macro_f1=0.5481, dev_err=29.82%, es_counter1=7, es_counter2=7
2026-02-23 18:36:23,701 - lg_cotrain - INFO - Phase 3 epoch 16: dev_macro_f1=0.6056, dev_err=28.07%, es_counter1=8, es_counter2=8
2026-02-23 18:36:23,701 - lg_cotrain - INFO - Early stopping at epoch 16
2026-02-23 18:36:23,705 - lg_cotrain - INFO - === Final Evaluation ===
2026-02-23 18:36:25,960 - lg_cotrain - INFO - Results saved to C:\Users\anhtr\AppData\Local\Temp\tmpmn3yruf8\canada_wildfires_2016\25_set3\metrics.json
2026-02-23 18:36:25,960 - lg_cotrain - INFO - Test error rate: 26.74%, Test macro-F1: 0.5478, Test ECE: 0.2379
2026-02-23 18:36:25,967 - lg_cotrain - INFO - --- Trial 8/10 done: dev_macro_f1=0.6160 ---
2026-02-23 18:36:25,967 - lg_cotrain - INFO - --- Trial 9/10 ---
2026-02-23 18:36:26,553 - lg_cotrain - INFO - Starting LG-CoTrain: event=canada_wildfires_2016, budget=25, seed_set=3
2026-02-23 18:36:26,565 - lg_cotrain - INFO - Detected 8 classes for event canada_wildfires_2016: ['caution_and_advice', 'displaced_people_and_evacuations', 'infrastructure_and_utility_damage', 'not_humanitarian', 'other_relevant_information', 'requests_or_urgent_needs', 'rescue_volunteering_or_donation_effort', 'sympathy_and_support']
2026-02-23 18:36:26,569 - lg_cotrain - INFO - D_l1: 98, D_l2: 91, D_LG: 1380
2026-02-23 18:36:26,569 - lg_cotrain - INFO - === Phase 1: Weight Generation ===
2026-02-23 18:36:34,276 - lg_cotrain - INFO - Phase 1 epoch 1/7: mean_prob1=0.1269, mean_prob2=0.1559
2026-02-23 18:36:41,077 - lg_cotrain - INFO - Phase 1 epoch 2/7: mean_prob1=0.1353, mean_prob2=0.1422
2026-02-23 18:36:47,839 - lg_cotrain - INFO - Phase 1 epoch 3/7: mean_prob1=0.1335, mean_prob2=0.1187
2026-02-23 18:36:54,602 - lg_cotrain - INFO - Phase 1 epoch 4/7: mean_prob1=0.1401, mean_prob2=0.1201
2026-02-23 18:37:01,410 - lg_cotrain - INFO - Phase 1 epoch 5/7: mean_prob1=0.1240, mean_prob2=0.1447
2026-02-23 18:37:08,231 - lg_cotrain - INFO - Phase 1 epoch 6/7: mean_prob1=0.1321, mean_prob2=0.1238
2026-02-23 18:37:15,071 - lg_cotrain - INFO - Phase 1 epoch 7/7: mean_prob1=0.1302, mean_prob2=0.1379
2026-02-23 18:37:15,071 - lg_cotrain - INFO - === Phase 2: Co-Training ===
2026-02-23 18:37:16,050 - lg_cotrain - INFO - LR scheduler: total_steps_1=2165, warmup=628; total_steps_2=2065, warmup=599
2026-02-23 18:37:16,050 - lg_cotrain - INFO - Phase 1 done -> seeded Phase 2 trackers. lambda1: mean=0.1302, range=[0.1002, 0.1537]
2026-02-23 18:37:16,050 - lg_cotrain - INFO - Phase 1 done -> seeded Phase 2 trackers. lambda2: mean=0.1379, range=[0.0665, 0.1629]
2026-02-23 18:37:41,337 - lg_cotrain - INFO - Phase 2 epoch 1/5: loss1=0.1734, loss2=0.1526, dev_macro_f1=0.3841, dev_err=29.82%
2026-02-23 18:38:06,602 - lg_cotrain - INFO - Phase 2 epoch 2/5: loss1=0.1454, loss2=0.8132, dev_macro_f1=0.0735, dev_err=58.33%
2026-02-23 18:38:33,770 - lg_cotrain - INFO - Phase 2 epoch 3/5: loss1=0.0609, loss2=0.7741, dev_macro_f1=0.0735, dev_err=58.33%
2026-02-23 18:38:59,354 - lg_cotrain - INFO - Phase 2 epoch 4/5: loss1=0.0240, loss2=0.7257, dev_macro_f1=0.0735, dev_err=58.33%
2026-02-23 18:39:24,977 - lg_cotrain - INFO - Phase 2 epoch 5/5: loss1=0.0193, loss2=0.6733, dev_macro_f1=0.0735, dev_err=58.33%
2026-02-23 18:39:24,977 - lg_cotrain - INFO - === Phase 3: Fine-Tuning ===
2026-02-23 18:39:27,212 - lg_cotrain - INFO - Phase 3 epoch 1: dev_macro_f1=0.0164, dev_err=92.98%, es_counter1=0, es_counter2=0
2026-02-23 18:39:29,426 - lg_cotrain - INFO - Phase 3 epoch 2: dev_macro_f1=0.0164, dev_err=92.98%, es_counter1=1, es_counter2=1
2026-02-23 18:39:31,647 - lg_cotrain - INFO - Phase 3 epoch 3: dev_macro_f1=0.0164, dev_err=92.98%, es_counter1=2, es_counter2=2
2026-02-23 18:39:33,904 - lg_cotrain - INFO - Phase 3 epoch 4: dev_macro_f1=0.0115, dev_err=95.18%, es_counter1=3, es_counter2=3
2026-02-23 18:39:36,164 - lg_cotrain - INFO - Phase 3 epoch 5: dev_macro_f1=0.0247, dev_err=89.04%, es_counter1=0, es_counter2=0
2026-02-23 18:39:38,409 - lg_cotrain - INFO - Phase 3 epoch 6: dev_macro_f1=0.0365, dev_err=82.89%, es_counter1=0, es_counter2=0
2026-02-23 18:39:40,798 - lg_cotrain - INFO - Phase 3 epoch 7: dev_macro_f1=0.0164, dev_err=92.98%, es_counter1=1, es_counter2=1
2026-02-23 18:39:43,271 - lg_cotrain - INFO - Phase 3 epoch 8: dev_macro_f1=0.0115, dev_err=95.18%, es_counter1=2, es_counter2=2
2026-02-23 18:39:45,643 - lg_cotrain - INFO - Phase 3 epoch 9: dev_macro_f1=0.0085, dev_err=96.49%, es_counter1=3, es_counter2=3
2026-02-23 18:39:47,880 - lg_cotrain - INFO - Phase 3 epoch 10: dev_macro_f1=0.0308, dev_err=85.96%, es_counter1=4, es_counter2=4
2026-02-23 18:39:50,208 - lg_cotrain - INFO - Phase 3 epoch 11: dev_macro_f1=0.0164, dev_err=92.98%, es_counter1=5, es_counter2=5
2026-02-23 18:39:52,553 - lg_cotrain - INFO - Phase 3 epoch 12: dev_macro_f1=0.0308, dev_err=85.96%, es_counter1=6, es_counter2=6
2026-02-23 18:39:52,553 - lg_cotrain - INFO - Early stopping at epoch 12
2026-02-23 18:39:52,561 - lg_cotrain - INFO - === Final Evaluation ===
2026-02-23 18:39:55,167 - lg_cotrain - INFO - Results saved to C:\Users\anhtr\AppData\Local\Temp\tmp144vgxsf\canada_wildfires_2016\25_set3\metrics.json
2026-02-23 18:39:55,167 - lg_cotrain - INFO - Test error rate: 83.15%, Test macro-F1: 0.0361, Test ECE: 0.0436
2026-02-23 18:39:55,174 - lg_cotrain - INFO - --- Trial 9/10 done: dev_macro_f1=0.0365 ---
2026-02-23 18:39:55,174 - lg_cotrain - INFO - --- Trial 10/10 ---
2026-02-23 18:39:55,743 - lg_cotrain - INFO - Starting LG-CoTrain: event=canada_wildfires_2016, budget=25, seed_set=3
2026-02-23 18:39:55,750 - lg_cotrain - INFO - Detected 8 classes for event canada_wildfires_2016: ['caution_and_advice', 'displaced_people_and_evacuations', 'infrastructure_and_utility_damage', 'not_humanitarian', 'other_relevant_information', 'requests_or_urgent_needs', 'rescue_volunteering_or_donation_effort', 'sympathy_and_support']
2026-02-23 18:39:55,750 - lg_cotrain - INFO - D_l1: 98, D_l2: 91, D_LG: 1380
2026-02-23 18:39:55,750 - lg_cotrain - INFO - === Phase 1: Weight Generation ===
2026-02-23 18:40:02,985 - lg_cotrain - INFO - Phase 1 epoch 1/7: mean_prob1=0.1322, mean_prob2=0.1325
2026-02-23 18:40:08,868 - lg_cotrain - INFO - Phase 1 epoch 2/7: mean_prob1=0.1574, mean_prob2=0.1569
2026-02-23 18:40:14,692 - lg_cotrain - INFO - Phase 1 epoch 3/7: mean_prob1=0.1501, mean_prob2=0.1712
2026-02-23 18:40:20,686 - lg_cotrain - INFO - Phase 1 epoch 4/7: mean_prob1=0.1688, mean_prob2=0.1723
2026-02-23 18:40:27,213 - lg_cotrain - INFO - Phase 1 epoch 5/7: mean_prob1=0.1747, mean_prob2=0.1845
2026-02-23 18:40:33,561 - lg_cotrain - INFO - Phase 1 epoch 6/7: mean_prob1=0.1983, mean_prob2=0.1953
2026-02-23 18:40:39,442 - lg_cotrain - INFO - Phase 1 epoch 7/7: mean_prob1=0.1985, mean_prob2=0.2217
2026-02-23 18:40:39,443 - lg_cotrain - INFO - === Phase 2: Co-Training ===
2026-02-23 18:40:40,477 - lg_cotrain - INFO - LR scheduler: total_steps_1=1016, warmup=219; total_steps_2=916, warmup=197
2026-02-23 18:40:40,477 - lg_cotrain - INFO - Phase 1 done -> seeded Phase 2 trackers. lambda1: mean=0.1985, range=[0.0253, 0.3727]
2026-02-23 18:40:40,478 - lg_cotrain - INFO - Phase 1 done -> seeded Phase 2 trackers. lambda2: mean=0.2217, range=[0.0344, 0.5361]
2026-02-23 18:41:00,373 - lg_cotrain - INFO - Phase 2 epoch 1/14: loss1=0.4196, loss2=0.3824, dev_macro_f1=0.1471, dev_err=49.12%
2026-02-23 18:41:20,883 - lg_cotrain - INFO - Phase 2 epoch 2/14: loss1=0.2009, loss2=0.2970, dev_macro_f1=0.1690, dev_err=43.42%
2026-02-23 18:41:41,308 - lg_cotrain - INFO - Phase 2 epoch 3/14: loss1=0.1073, loss2=0.1753, dev_macro_f1=0.3253, dev_err=33.77%
2026-02-23 18:42:01,090 - lg_cotrain - INFO - Phase 2 epoch 4/14: loss1=0.0610, loss2=0.1388, dev_macro_f1=0.5037, dev_err=21.05%
2026-02-23 18:42:20,628 - lg_cotrain - INFO - Phase 2 epoch 5/14: loss1=0.0333, loss2=0.1108, dev_macro_f1=0.4669, dev_err=25.88%
2026-02-23 18:42:40,219 - lg_cotrain - INFO - Phase 2 epoch 6/14: loss1=0.0282, loss2=0.0760, dev_macro_f1=0.5116, dev_err=23.25%
2026-02-23 18:42:59,813 - lg_cotrain - INFO - Phase 2 epoch 7/14: loss1=0.0169, loss2=0.0737, dev_macro_f1=0.4672, dev_err=25.88%
2026-02-23 18:43:19,467 - lg_cotrain - INFO - Phase 2 epoch 8/14: loss1=0.0120, loss2=0.0693, dev_macro_f1=0.4776, dev_err=25.44%
2026-02-23 18:43:38,928 - lg_cotrain - INFO - Phase 2 epoch 9/14: loss1=0.0233, loss2=0.0665, dev_macro_f1=0.4957, dev_err=24.12%
2026-02-23 18:43:59,029 - lg_cotrain - INFO - Phase 2 epoch 10/14: loss1=0.0106, loss2=0.0265, dev_macro_f1=0.5035, dev_err=24.12%
2026-02-23 18:44:18,610 - lg_cotrain - INFO - Phase 2 epoch 11/14: loss1=0.0064, loss2=0.0205, dev_macro_f1=0.5188, dev_err=22.81%
2026-02-23 18:44:38,119 - lg_cotrain - INFO - Phase 2 epoch 12/14: loss1=0.0053, loss2=0.0131, dev_macro_f1=0.5253, dev_err=23.25%
2026-02-23 18:44:57,615 - lg_cotrain - INFO - Phase 2 epoch 13/14: loss1=0.0052, loss2=0.0149, dev_macro_f1=0.5397, dev_err=22.37%
2026-02-23 18:45:17,152 - lg_cotrain - INFO - Phase 2 epoch 14/14: loss1=0.0078, loss2=0.0151, dev_macro_f1=0.5256, dev_err=24.56%
2026-02-23 18:45:17,153 - lg_cotrain - INFO - === Phase 3: Fine-Tuning ===
2026-02-23 18:45:18,986 - lg_cotrain - INFO - Phase 3 epoch 1: dev_macro_f1=0.5080, dev_err=25.44%, es_counter1=0, es_counter2=0
2026-02-23 18:45:20,741 - lg_cotrain - INFO - Phase 3 epoch 2: dev_macro_f1=0.5046, dev_err=26.75%, es_counter1=1, es_counter2=1
2026-02-23 18:45:22,545 - lg_cotrain - INFO - Phase 3 epoch 3: dev_macro_f1=0.5323, dev_err=25.44%, es_counter1=0, es_counter2=0
2026-02-23 18:45:24,336 - lg_cotrain - INFO - Phase 3 epoch 4: dev_macro_f1=0.5945, dev_err=22.81%, es_counter1=0, es_counter2=0
2026-02-23 18:45:26,149 - lg_cotrain - INFO - Phase 3 epoch 5: dev_macro_f1=0.5639, dev_err=23.68%, es_counter1=1, es_counter2=1
2026-02-23 18:45:27,900 - lg_cotrain - INFO - Phase 3 epoch 6: dev_macro_f1=0.6965, dev_err=22.81%, es_counter1=0, es_counter2=0
2026-02-23 18:45:29,641 - lg_cotrain - INFO - Phase 3 epoch 7: dev_macro_f1=0.6537, dev_err=22.81%, es_counter1=1, es_counter2=1
2026-02-23 18:45:31,375 - lg_cotrain - INFO - Phase 3 epoch 8: dev_macro_f1=0.6853, dev_err=21.49%, es_counter1=2, es_counter2=2
2026-02-23 18:45:33,119 - lg_cotrain - INFO - Phase 3 epoch 9: dev_macro_f1=0.6412, dev_err=23.25%, es_counter1=3, es_counter2=3
2026-02-23 18:45:34,895 - lg_cotrain - INFO - Phase 3 epoch 10: dev_macro_f1=0.6551, dev_err=22.37%, es_counter1=4, es_counter2=4
2026-02-23 18:45:36,691 - lg_cotrain - INFO - Phase 3 epoch 11: dev_macro_f1=0.6808, dev_err=21.93%, es_counter1=5, es_counter2=5
2026-02-23 18:45:38,424 - lg_cotrain - INFO - Phase 3 epoch 12: dev_macro_f1=0.6873, dev_err=21.49%, es_counter1=6, es_counter2=6
2026-02-23 18:45:40,178 - lg_cotrain - INFO - Phase 3 epoch 13: dev_macro_f1=0.6893, dev_err=21.05%, es_counter1=7, es_counter2=7
2026-02-23 18:45:40,178 - lg_cotrain - INFO - Early stopping at epoch 13
2026-02-23 18:45:40,188 - lg_cotrain - INFO - === Final Evaluation ===
2026-02-23 18:45:42,517 - lg_cotrain - INFO - Results saved to C:\Users\anhtr\AppData\Local\Temp\tmpbj88wxpy\canada_wildfires_2016\25_set3\metrics.json
2026-02-23 18:45:42,518 - lg_cotrain - INFO - Test error rate: 20.90%, Test macro-F1: 0.5936, Test ECE: 0.0732
2026-02-23 18:45:42,528 - lg_cotrain - INFO - --- Trial 10/10 done: dev_macro_f1=0.6965 ---
