2026-02-28 01:56:52,626 - lg_cotrain - INFO - === Optuna study: hurricane_maria_2017 budget=25 seed=2 | target=10 trials, 0 replayed, 10 new ===
2026-02-28 01:56:52,626 - lg_cotrain - INFO - --- Trial 1/10 ---
2026-02-28 01:56:53,155 - lg_cotrain - INFO - Starting LG-CoTrain: event=hurricane_maria_2017, budget=25, seed_set=2
2026-02-28 01:56:53,223 - lg_cotrain - INFO - Detected 9 classes for event hurricane_maria_2017: ['caution_and_advice', 'displaced_people_and_evacuations', 'infrastructure_and_utility_damage', 'injured_or_dead_people', 'not_humanitarian', 'other_relevant_information', 'requests_or_urgent_needs', 'rescue_volunteering_or_donation_effort', 'sympathy_and_support']
2026-02-28 01:56:53,233 - lg_cotrain - INFO - D_l1: 117, D_l2: 108, D_LG: 4869
2026-02-28 01:56:53,235 - lg_cotrain - INFO - === Phase 1: Weight Generation ===
2026-02-28 01:57:12,071 - lg_cotrain - INFO - Phase 1 epoch 1/7: mean_prob1=0.1012, mean_prob2=0.1053
2026-02-28 01:57:29,816 - lg_cotrain - INFO - Phase 1 epoch 2/7: mean_prob1=0.1169, mean_prob2=0.1085
2026-02-28 01:57:47,490 - lg_cotrain - INFO - Phase 1 epoch 3/7: mean_prob1=0.1084, mean_prob2=0.1148
2026-02-28 01:58:05,157 - lg_cotrain - INFO - Phase 1 epoch 4/7: mean_prob1=0.1015, mean_prob2=0.1172
2026-02-28 01:58:23,034 - lg_cotrain - INFO - Phase 1 epoch 5/7: mean_prob1=0.1129, mean_prob2=0.0875
2026-02-28 01:58:40,769 - lg_cotrain - INFO - Phase 1 epoch 6/7: mean_prob1=0.1139, mean_prob2=0.1629
2026-02-28 01:58:58,480 - lg_cotrain - INFO - Phase 1 epoch 7/7: mean_prob1=0.1523, mean_prob2=0.2476
2026-02-28 01:58:58,480 - lg_cotrain - INFO - === Phase 2: Co-Training ===
2026-02-28 01:58:59,485 - lg_cotrain - INFO - LR scheduler: total_steps_1=5070, warmup=1232; total_steps_2=4970, warmup=1208
2026-02-28 01:58:59,485 - lg_cotrain - INFO - Phase 1 done -> seeded Phase 2 trackers. lambda1: mean=0.1523, range=[0.0128, 0.3627]
2026-02-28 01:58:59,485 - lg_cotrain - INFO - Phase 1 done -> seeded Phase 2 trackers. lambda2: mean=0.2476, range=[0.0043, 0.8892]
2026-02-28 02:00:08,239 - lg_cotrain - INFO - Phase 2 epoch 1/14: loss1=0.3053, loss2=0.1947, dev_macro_f1=0.6070, dev_err=32.88%
2026-02-28 02:01:16,970 - lg_cotrain - INFO - Phase 2 epoch 2/14: loss1=0.0755, loss2=0.2853, dev_macro_f1=0.6337, dev_err=30.73%
2026-02-28 02:02:25,665 - lg_cotrain - INFO - Phase 2 epoch 3/14: loss1=0.1038, loss2=0.4067, dev_macro_f1=0.5913, dev_err=34.23%
2026-02-28 02:03:34,198 - lg_cotrain - INFO - Phase 2 epoch 4/14: loss1=0.3968, loss2=0.8447, dev_macro_f1=0.0476, dev_err=72.78%
2026-02-28 02:04:42,770 - lg_cotrain - INFO - Phase 2 epoch 5/14: loss1=0.3545, loss2=1.4082, dev_macro_f1=0.0508, dev_err=72.64%
2026-02-28 02:05:51,323 - lg_cotrain - INFO - Phase 2 epoch 6/14: loss1=0.2375, loss2=1.3089, dev_macro_f1=0.0508, dev_err=72.64%
2026-02-28 02:06:59,816 - lg_cotrain - INFO - Phase 2 epoch 7/14: loss1=0.1648, loss2=1.2287, dev_macro_f1=0.0508, dev_err=72.64%
2026-02-28 02:08:08,317 - lg_cotrain - INFO - Phase 2 epoch 8/14: loss1=0.1224, loss2=1.1623, dev_macro_f1=0.0476, dev_err=72.78%
2026-02-28 02:09:16,753 - lg_cotrain - INFO - Phase 2 epoch 9/14: loss1=0.1005, loss2=1.1093, dev_macro_f1=0.0476, dev_err=72.78%
2026-02-28 02:10:25,163 - lg_cotrain - INFO - Phase 2 epoch 10/14: loss1=0.0858, loss2=1.0655, dev_macro_f1=0.0476, dev_err=72.78%
2026-02-28 02:11:33,583 - lg_cotrain - INFO - Phase 2 epoch 11/14: loss1=0.0801, loss2=1.0244, dev_macro_f1=0.0476, dev_err=72.78%
2026-02-28 02:12:41,987 - lg_cotrain - INFO - Phase 2 epoch 12/14: loss1=0.0780, loss2=0.9875, dev_macro_f1=0.0476, dev_err=72.78%
2026-02-28 02:13:50,391 - lg_cotrain - INFO - Phase 2 epoch 13/14: loss1=0.0774, loss2=0.9554, dev_macro_f1=0.0476, dev_err=72.78%
2026-02-28 02:14:58,882 - lg_cotrain - INFO - Phase 2 epoch 14/14: loss1=0.0757, loss2=0.9281, dev_macro_f1=0.0476, dev_err=72.78%
2026-02-28 02:14:58,883 - lg_cotrain - INFO - === Phase 3: Fine-Tuning ===
2026-02-28 02:15:02,422 - lg_cotrain - INFO - Phase 3 epoch 1: dev_macro_f1=0.0476, dev_err=72.78%, es_counter1=0, es_counter2=0
2026-02-28 02:15:05,944 - lg_cotrain - INFO - Phase 3 epoch 2: dev_macro_f1=0.0476, dev_err=72.78%, es_counter1=1, es_counter2=1
2026-02-28 02:15:09,454 - lg_cotrain - INFO - Phase 3 epoch 3: dev_macro_f1=0.0089, dev_err=95.82%, es_counter1=2, es_counter2=2
2026-02-28 02:15:12,979 - lg_cotrain - INFO - Phase 3 epoch 4: dev_macro_f1=0.0038, dev_err=98.25%, es_counter1=3, es_counter2=3
2026-02-28 02:15:16,491 - lg_cotrain - INFO - Phase 3 epoch 5: dev_macro_f1=0.0038, dev_err=98.25%, es_counter1=4, es_counter2=4
2026-02-28 02:15:20,007 - lg_cotrain - INFO - Phase 3 epoch 6: dev_macro_f1=0.0189, dev_err=90.70%, es_counter1=5, es_counter2=5
2026-02-28 02:15:20,007 - lg_cotrain - INFO - Early stopping at epoch 6
2026-02-28 02:15:20,015 - lg_cotrain - INFO - === Final Evaluation ===
2026-02-28 02:15:27,001 - lg_cotrain - INFO - Results saved to C:\Users\anhtr\AppData\Local\Temp\tmpn6a5zwix\hurricane_maria_2017\25_set2\metrics.json
2026-02-28 02:15:27,002 - lg_cotrain - INFO - Test error rate: 72.88%, Test macro-F1: 0.0474, Test ECE: 0.0226
2026-02-28 02:15:27,010 - lg_cotrain - INFO - --- Trial 1/10 done: dev_macro_f1=0.0476 ---
2026-02-28 02:15:27,010 - lg_cotrain - INFO - --- Trial 2/10 ---
2026-02-28 02:15:27,497 - lg_cotrain - INFO - Starting LG-CoTrain: event=hurricane_maria_2017, budget=25, seed_set=2
2026-02-28 02:15:27,523 - lg_cotrain - INFO - Detected 9 classes for event hurricane_maria_2017: ['caution_and_advice', 'displaced_people_and_evacuations', 'infrastructure_and_utility_damage', 'injured_or_dead_people', 'not_humanitarian', 'other_relevant_information', 'requests_or_urgent_needs', 'rescue_volunteering_or_donation_effort', 'sympathy_and_support']
2026-02-28 02:15:27,529 - lg_cotrain - INFO - D_l1: 117, D_l2: 108, D_LG: 4869
2026-02-28 02:15:27,530 - lg_cotrain - INFO - === Phase 1: Weight Generation ===
2026-02-28 02:15:44,639 - lg_cotrain - INFO - Phase 1 epoch 1/7: mean_prob1=0.1068, mean_prob2=0.1144
2026-02-28 02:16:00,731 - lg_cotrain - INFO - Phase 1 epoch 2/7: mean_prob1=0.1079, mean_prob2=0.1178
2026-02-28 02:16:16,788 - lg_cotrain - INFO - Phase 1 epoch 3/7: mean_prob1=0.1087, mean_prob2=0.1138
2026-02-28 02:16:32,825 - lg_cotrain - INFO - Phase 1 epoch 4/7: mean_prob1=0.1109, mean_prob2=0.1096
2026-02-28 02:16:48,856 - lg_cotrain - INFO - Phase 1 epoch 5/7: mean_prob1=0.1066, mean_prob2=0.1028
2026-02-28 02:17:04,874 - lg_cotrain - INFO - Phase 1 epoch 6/7: mean_prob1=0.1098, mean_prob2=0.1175
2026-02-28 02:17:20,855 - lg_cotrain - INFO - Phase 1 epoch 7/7: mean_prob1=0.1101, mean_prob2=0.1031
2026-02-28 02:17:20,855 - lg_cotrain - INFO - === Phase 2: Co-Training ===
2026-02-28 02:17:21,834 - lg_cotrain - INFO - LR scheduler: total_steps_1=1318, warmup=49; total_steps_2=1318, warmup=49
2026-02-28 02:17:21,835 - lg_cotrain - INFO - Phase 1 done -> seeded Phase 2 trackers. lambda1: mean=0.1101, range=[0.0984, 0.1246]
2026-02-28 02:17:21,835 - lg_cotrain - INFO - Phase 1 done -> seeded Phase 2 trackers. lambda2: mean=0.1031, range=[0.0743, 0.1404]
2026-02-28 02:18:22,606 - lg_cotrain - INFO - Phase 2 epoch 1/6: loss1=0.1614, loss2=0.1829, dev_macro_f1=0.1175, dev_err=64.15%
2026-02-28 02:19:23,421 - lg_cotrain - INFO - Phase 2 epoch 2/6: loss1=0.1554, loss2=0.3027, dev_macro_f1=0.1159, dev_err=64.42%
2026-02-28 02:20:23,950 - lg_cotrain - INFO - Phase 2 epoch 3/6: loss1=0.1312, loss2=0.3201, dev_macro_f1=0.1175, dev_err=64.15%
2026-02-28 02:21:24,681 - lg_cotrain - INFO - Phase 2 epoch 4/6: loss1=0.1331, loss2=0.3204, dev_macro_f1=0.1188, dev_err=63.88%
2026-02-28 02:22:25,201 - lg_cotrain - INFO - Phase 2 epoch 5/6: loss1=0.1315, loss2=0.3286, dev_macro_f1=0.1203, dev_err=63.61%
2026-02-28 02:23:25,787 - lg_cotrain - INFO - Phase 2 epoch 6/6: loss1=0.1373, loss2=0.3254, dev_macro_f1=0.1203, dev_err=63.61%
2026-02-28 02:23:25,787 - lg_cotrain - INFO - === Phase 3: Fine-Tuning ===
2026-02-28 02:23:28,958 - lg_cotrain - INFO - Phase 3 epoch 1: dev_macro_f1=0.1203, dev_err=63.61%, es_counter1=0, es_counter2=0
2026-02-28 02:23:32,117 - lg_cotrain - INFO - Phase 3 epoch 2: dev_macro_f1=0.0889, dev_err=81.81%, es_counter1=1, es_counter2=1
2026-02-28 02:23:35,265 - lg_cotrain - INFO - Phase 3 epoch 3: dev_macro_f1=0.0729, dev_err=89.08%, es_counter1=2, es_counter2=2
2026-02-28 02:23:38,424 - lg_cotrain - INFO - Phase 3 epoch 4: dev_macro_f1=0.0758, dev_err=87.87%, es_counter1=3, es_counter2=3
2026-02-28 02:23:41,583 - lg_cotrain - INFO - Phase 3 epoch 5: dev_macro_f1=0.0903, dev_err=81.13%, es_counter1=4, es_counter2=4
2026-02-28 02:23:44,740 - lg_cotrain - INFO - Phase 3 epoch 6: dev_macro_f1=0.1203, dev_err=63.61%, es_counter1=5, es_counter2=5
2026-02-28 02:23:47,891 - lg_cotrain - INFO - Phase 3 epoch 7: dev_macro_f1=0.1203, dev_err=63.61%, es_counter1=6, es_counter2=6
2026-02-28 02:23:51,055 - lg_cotrain - INFO - Phase 3 epoch 8: dev_macro_f1=0.0758, dev_err=87.87%, es_counter1=7, es_counter2=7
2026-02-28 02:23:54,213 - lg_cotrain - INFO - Phase 3 epoch 9: dev_macro_f1=0.0729, dev_err=89.08%, es_counter1=8, es_counter2=8
2026-02-28 02:23:57,347 - lg_cotrain - INFO - Phase 3 epoch 10: dev_macro_f1=0.0889, dev_err=81.81%, es_counter1=9, es_counter2=9
2026-02-28 02:24:00,503 - lg_cotrain - INFO - Phase 3 epoch 11: dev_macro_f1=0.1106, dev_err=69.81%, es_counter1=10, es_counter2=10
2026-02-28 02:24:00,504 - lg_cotrain - INFO - Early stopping at epoch 11
2026-02-28 02:24:00,515 - lg_cotrain - INFO - === Final Evaluation ===
2026-02-28 02:24:06,808 - lg_cotrain - INFO - Results saved to C:\Users\anhtr\AppData\Local\Temp\tmp66fbh30o\hurricane_maria_2017\25_set2\metrics.json
2026-02-28 02:24:06,808 - lg_cotrain - INFO - Test error rate: 64.08%, Test macro-F1: 0.1183, Test ECE: 0.1309
2026-02-28 02:24:06,817 - lg_cotrain - INFO - --- Trial 2/10 done: dev_macro_f1=0.1203 ---
2026-02-28 02:24:06,817 - lg_cotrain - INFO - --- Trial 3/10 ---
2026-02-28 02:24:07,319 - lg_cotrain - INFO - Starting LG-CoTrain: event=hurricane_maria_2017, budget=25, seed_set=2
2026-02-28 02:24:07,352 - lg_cotrain - INFO - Detected 9 classes for event hurricane_maria_2017: ['caution_and_advice', 'displaced_people_and_evacuations', 'infrastructure_and_utility_damage', 'injured_or_dead_people', 'not_humanitarian', 'other_relevant_information', 'requests_or_urgent_needs', 'rescue_volunteering_or_donation_effort', 'sympathy_and_support']
2026-02-28 02:24:07,359 - lg_cotrain - INFO - D_l1: 117, D_l2: 108, D_LG: 4869
2026-02-28 02:24:07,361 - lg_cotrain - INFO - === Phase 1: Weight Generation ===
2026-02-28 02:24:23,753 - lg_cotrain - INFO - Phase 1 epoch 1/7: mean_prob1=0.1088, mean_prob2=0.1173
2026-02-28 02:24:39,185 - lg_cotrain - INFO - Phase 1 epoch 2/7: mean_prob1=0.1132, mean_prob2=0.1098
2026-02-28 02:24:54,676 - lg_cotrain - INFO - Phase 1 epoch 3/7: mean_prob1=0.1092, mean_prob2=0.1146
2026-02-28 02:25:10,267 - lg_cotrain - INFO - Phase 1 epoch 4/7: mean_prob1=0.1015, mean_prob2=0.1171
2026-02-28 02:25:25,686 - lg_cotrain - INFO - Phase 1 epoch 5/7: mean_prob1=0.1073, mean_prob2=0.1103
2026-02-28 02:25:41,088 - lg_cotrain - INFO - Phase 1 epoch 6/7: mean_prob1=0.1137, mean_prob2=0.1087
2026-02-28 02:25:56,489 - lg_cotrain - INFO - Phase 1 epoch 7/7: mean_prob1=0.1132, mean_prob2=0.1102
2026-02-28 02:25:56,490 - lg_cotrain - INFO - === Phase 2: Co-Training ===
2026-02-28 02:25:57,473 - lg_cotrain - INFO - LR scheduler: total_steps_1=585, warmup=68; total_steps_2=585, warmup=68
2026-02-28 02:25:57,473 - lg_cotrain - INFO - Phase 1 done -> seeded Phase 2 trackers. lambda1: mean=0.1132, range=[0.0988, 0.1343]
2026-02-28 02:25:57,473 - lg_cotrain - INFO - Phase 1 done -> seeded Phase 2 trackers. lambda2: mean=0.1102, range=[0.0982, 0.1307]
2026-02-28 02:26:53,920 - lg_cotrain - INFO - Phase 2 epoch 1/5: loss1=0.1443, loss2=0.1583, dev_macro_f1=0.4444, dev_err=43.26%
2026-02-28 02:27:50,254 - lg_cotrain - INFO - Phase 2 epoch 2/5: loss1=0.1194, loss2=1.0394, dev_macro_f1=0.0476, dev_err=72.78%
2026-02-28 02:28:46,526 - lg_cotrain - INFO - Phase 2 epoch 3/5: loss1=0.0950, loss2=0.8857, dev_macro_f1=0.0476, dev_err=72.78%
2026-02-28 02:29:42,811 - lg_cotrain - INFO - Phase 2 epoch 4/5: loss1=0.0910, loss2=0.7973, dev_macro_f1=0.0476, dev_err=72.78%
2026-02-28 02:30:39,045 - lg_cotrain - INFO - Phase 2 epoch 5/5: loss1=0.0824, loss2=0.7488, dev_macro_f1=0.0476, dev_err=72.78%
2026-02-28 02:30:39,046 - lg_cotrain - INFO - === Phase 3: Fine-Tuning ===
2026-02-28 02:30:42,055 - lg_cotrain - INFO - Phase 3 epoch 1: dev_macro_f1=0.0476, dev_err=72.78%, es_counter1=0, es_counter2=0
2026-02-28 02:30:45,053 - lg_cotrain - INFO - Phase 3 epoch 2: dev_macro_f1=0.0476, dev_err=72.78%, es_counter1=1, es_counter2=1
2026-02-28 02:30:48,033 - lg_cotrain - INFO - Phase 3 epoch 3: dev_macro_f1=0.0394, dev_err=78.44%, es_counter1=2, es_counter2=2
2026-02-28 02:30:51,001 - lg_cotrain - INFO - Phase 3 epoch 4: dev_macro_f1=0.0081, dev_err=96.23%, es_counter1=3, es_counter2=3
2026-02-28 02:30:53,981 - lg_cotrain - INFO - Phase 3 epoch 5: dev_macro_f1=0.0081, dev_err=96.23%, es_counter1=4, es_counter2=4
2026-02-28 02:30:56,951 - lg_cotrain - INFO - Phase 3 epoch 6: dev_macro_f1=0.0064, dev_err=97.04%, es_counter1=5, es_counter2=5
2026-02-28 02:30:59,922 - lg_cotrain - INFO - Phase 3 epoch 7: dev_macro_f1=0.0064, dev_err=97.04%, es_counter1=6, es_counter2=6
2026-02-28 02:31:02,906 - lg_cotrain - INFO - Phase 3 epoch 8: dev_macro_f1=0.0089, dev_err=95.82%, es_counter1=7, es_counter2=7
2026-02-28 02:31:05,889 - lg_cotrain - INFO - Phase 3 epoch 9: dev_macro_f1=0.0197, dev_err=90.30%, es_counter1=8, es_counter2=8
2026-02-28 02:31:08,874 - lg_cotrain - INFO - Phase 3 epoch 10: dev_macro_f1=0.0038, dev_err=98.25%, es_counter1=9, es_counter2=9
2026-02-28 02:31:08,874 - lg_cotrain - INFO - Early stopping at epoch 10
2026-02-28 02:31:08,885 - lg_cotrain - INFO - === Final Evaluation ===
2026-02-28 02:31:15,007 - lg_cotrain - INFO - Results saved to C:\Users\anhtr\AppData\Local\Temp\tmpo8x17743\hurricane_maria_2017\25_set2\metrics.json
2026-02-28 02:31:15,009 - lg_cotrain - INFO - Test error rate: 72.88%, Test macro-F1: 0.0474, Test ECE: 0.1923
2026-02-28 02:31:15,016 - lg_cotrain - INFO - --- Trial 3/10 done: dev_macro_f1=0.0476 ---
2026-02-28 02:31:15,017 - lg_cotrain - INFO - --- Trial 4/10 ---
2026-02-28 02:31:15,587 - lg_cotrain - INFO - Starting LG-CoTrain: event=hurricane_maria_2017, budget=25, seed_set=2
2026-02-28 02:31:15,615 - lg_cotrain - INFO - Detected 9 classes for event hurricane_maria_2017: ['caution_and_advice', 'displaced_people_and_evacuations', 'infrastructure_and_utility_damage', 'injured_or_dead_people', 'not_humanitarian', 'other_relevant_information', 'requests_or_urgent_needs', 'rescue_volunteering_or_donation_effort', 'sympathy_and_support']
2026-02-28 02:31:15,622 - lg_cotrain - INFO - D_l1: 117, D_l2: 108, D_LG: 4869
2026-02-28 02:31:15,623 - lg_cotrain - INFO - === Phase 1: Weight Generation ===
2026-02-28 02:31:35,926 - lg_cotrain - INFO - Phase 1 epoch 1/7: mean_prob1=0.1199, mean_prob2=0.1136
2026-02-28 02:31:55,203 - lg_cotrain - INFO - Phase 1 epoch 2/7: mean_prob1=0.1217, mean_prob2=0.1463
2026-02-28 02:32:14,472 - lg_cotrain - INFO - Phase 1 epoch 3/7: mean_prob1=0.1315, mean_prob2=0.2200
2026-02-28 02:32:33,938 - lg_cotrain - INFO - Phase 1 epoch 4/7: mean_prob1=0.2203, mean_prob2=0.3369
2026-02-28 02:32:53,262 - lg_cotrain - INFO - Phase 1 epoch 5/7: mean_prob1=0.3093, mean_prob2=0.3687
2026-02-28 02:33:12,458 - lg_cotrain - INFO - Phase 1 epoch 6/7: mean_prob1=0.4035, mean_prob2=0.4865
2026-02-28 02:33:31,653 - lg_cotrain - INFO - Phase 1 epoch 7/7: mean_prob1=0.4970, mean_prob2=0.5218
2026-02-28 02:33:31,653 - lg_cotrain - INFO - === Phase 2: Co-Training ===
2026-02-28 02:33:32,663 - lg_cotrain - INFO - LR scheduler: total_steps_1=5763, warmup=1434; total_steps_2=5663, warmup=1409
2026-02-28 02:33:32,663 - lg_cotrain - INFO - Phase 1 done -> seeded Phase 2 trackers. lambda1: mean=0.4970, range=[0.0018, 0.9571]
2026-02-28 02:33:32,664 - lg_cotrain - INFO - Phase 1 done -> seeded Phase 2 trackers. lambda2: mean=0.5218, range=[0.0018, 0.9677]
2026-02-28 02:34:52,779 - lg_cotrain - INFO - Phase 2 epoch 1/7: loss1=0.5573, loss2=0.5189, dev_macro_f1=0.6463, dev_err=31.54%
2026-02-28 02:36:12,892 - lg_cotrain - INFO - Phase 2 epoch 2/7: loss1=0.0948, loss2=0.2528, dev_macro_f1=0.5857, dev_err=34.77%
2026-02-28 02:37:33,183 - lg_cotrain - INFO - Phase 2 epoch 3/7: loss1=0.0786, loss2=0.2531, dev_macro_f1=0.6213, dev_err=33.96%
2026-02-28 02:38:53,511 - lg_cotrain - INFO - Phase 2 epoch 4/7: loss1=0.0570, loss2=0.1689, dev_macro_f1=0.6072, dev_err=32.75%
2026-02-28 02:40:13,671 - lg_cotrain - INFO - Phase 2 epoch 5/7: loss1=0.0386, loss2=0.0999, dev_macro_f1=0.6351, dev_err=32.08%
2026-02-28 02:41:34,010 - lg_cotrain - INFO - Phase 2 epoch 6/7: loss1=0.0233, loss2=0.0620, dev_macro_f1=0.6586, dev_err=29.92%
2026-02-28 02:42:54,218 - lg_cotrain - INFO - Phase 2 epoch 7/7: loss1=0.0128, loss2=0.0342, dev_macro_f1=0.6520, dev_err=30.19%
2026-02-28 02:42:54,218 - lg_cotrain - INFO - === Phase 3: Fine-Tuning ===
2026-02-28 02:42:58,181 - lg_cotrain - INFO - Phase 3 epoch 1: dev_macro_f1=0.6633, dev_err=31.40%, es_counter1=0, es_counter2=0
2026-02-28 02:43:02,161 - lg_cotrain - INFO - Phase 3 epoch 2: dev_macro_f1=0.6694, dev_err=31.81%, es_counter1=0, es_counter2=0
2026-02-28 02:43:06,140 - lg_cotrain - INFO - Phase 3 epoch 3: dev_macro_f1=0.6738, dev_err=28.57%, es_counter1=0, es_counter2=0
2026-02-28 02:43:10,082 - lg_cotrain - INFO - Phase 3 epoch 4: dev_macro_f1=0.6737, dev_err=29.51%, es_counter1=1, es_counter2=1
2026-02-28 02:43:14,084 - lg_cotrain - INFO - Phase 3 epoch 5: dev_macro_f1=0.6912, dev_err=28.44%, es_counter1=0, es_counter2=0
2026-02-28 02:43:18,053 - lg_cotrain - INFO - Phase 3 epoch 6: dev_macro_f1=0.6931, dev_err=28.44%, es_counter1=0, es_counter2=0
2026-02-28 02:43:22,033 - lg_cotrain - INFO - Phase 3 epoch 7: dev_macro_f1=0.6986, dev_err=28.03%, es_counter1=0, es_counter2=0
2026-02-28 02:43:25,997 - lg_cotrain - INFO - Phase 3 epoch 8: dev_macro_f1=0.6950, dev_err=28.30%, es_counter1=1, es_counter2=1
2026-02-28 02:43:29,958 - lg_cotrain - INFO - Phase 3 epoch 9: dev_macro_f1=0.6924, dev_err=28.30%, es_counter1=2, es_counter2=2
2026-02-28 02:43:33,920 - lg_cotrain - INFO - Phase 3 epoch 10: dev_macro_f1=0.6897, dev_err=28.57%, es_counter1=3, es_counter2=3
2026-02-28 02:43:37,878 - lg_cotrain - INFO - Phase 3 epoch 11: dev_macro_f1=0.6894, dev_err=28.57%, es_counter1=4, es_counter2=4
2026-02-28 02:43:41,850 - lg_cotrain - INFO - Phase 3 epoch 12: dev_macro_f1=0.6897, dev_err=28.71%, es_counter1=5, es_counter2=5
2026-02-28 02:43:45,836 - lg_cotrain - INFO - Phase 3 epoch 13: dev_macro_f1=0.6897, dev_err=28.71%, es_counter1=6, es_counter2=6
2026-02-28 02:43:45,836 - lg_cotrain - INFO - Early stopping at epoch 13
2026-02-28 02:43:45,852 - lg_cotrain - INFO - === Final Evaluation ===
2026-02-28 02:43:53,489 - lg_cotrain - INFO - Results saved to C:\Users\anhtr\AppData\Local\Temp\tmpiygdtujj\hurricane_maria_2017\25_set2\metrics.json
2026-02-28 02:43:53,489 - lg_cotrain - INFO - Test error rate: 28.85%, Test macro-F1: 0.6764, Test ECE: 0.1308
2026-02-28 02:43:53,497 - lg_cotrain - INFO - --- Trial 4/10 done: dev_macro_f1=0.6986 ---
2026-02-28 02:43:53,497 - lg_cotrain - INFO - --- Trial 5/10 ---
2026-02-28 02:43:53,972 - lg_cotrain - INFO - Starting LG-CoTrain: event=hurricane_maria_2017, budget=25, seed_set=2
2026-02-28 02:43:54,001 - lg_cotrain - INFO - Detected 9 classes for event hurricane_maria_2017: ['caution_and_advice', 'displaced_people_and_evacuations', 'infrastructure_and_utility_damage', 'injured_or_dead_people', 'not_humanitarian', 'other_relevant_information', 'requests_or_urgent_needs', 'rescue_volunteering_or_donation_effort', 'sympathy_and_support']
2026-02-28 02:43:54,008 - lg_cotrain - INFO - D_l1: 117, D_l2: 108, D_LG: 4869
2026-02-28 02:43:54,009 - lg_cotrain - INFO - === Phase 1: Weight Generation ===
2026-02-28 02:44:11,180 - lg_cotrain - INFO - Phase 1 epoch 1/7: mean_prob1=0.1170, mean_prob2=0.1122
2026-02-28 02:44:27,354 - lg_cotrain - INFO - Phase 1 epoch 2/7: mean_prob1=0.1295, mean_prob2=0.1358
2026-02-28 02:44:43,636 - lg_cotrain - INFO - Phase 1 epoch 3/7: mean_prob1=0.1556, mean_prob2=0.1224
2026-02-28 02:44:59,756 - lg_cotrain - INFO - Phase 1 epoch 4/7: mean_prob1=0.2144, mean_prob2=0.1325
2026-02-28 02:45:15,872 - lg_cotrain - INFO - Phase 1 epoch 5/7: mean_prob1=0.2735, mean_prob2=0.1530
2026-02-28 02:45:32,062 - lg_cotrain - INFO - Phase 1 epoch 6/7: mean_prob1=0.3087, mean_prob2=0.2088
2026-02-28 02:45:48,232 - lg_cotrain - INFO - Phase 1 epoch 7/7: mean_prob1=0.4844, mean_prob2=0.2722
2026-02-28 02:45:48,232 - lg_cotrain - INFO - === Phase 2: Co-Training ===
2026-02-28 02:45:49,193 - lg_cotrain - INFO - LR scheduler: total_steps_1=2695, warmup=760; total_steps_2=2695, warmup=760
2026-02-28 02:45:49,194 - lg_cotrain - INFO - Phase 1 done -> seeded Phase 2 trackers. lambda1: mean=0.4844, range=[0.0035, 0.9249]
2026-02-28 02:45:49,194 - lg_cotrain - INFO - Phase 1 done -> seeded Phase 2 trackers. lambda2: mean=0.2722, range=[0.0052, 0.8188]
2026-02-28 02:46:49,971 - lg_cotrain - INFO - Phase 2 epoch 1/15: loss1=0.4124, loss2=0.6997, dev_macro_f1=0.4840, dev_err=36.25%
2026-02-28 02:47:50,737 - lg_cotrain - INFO - Phase 2 epoch 2/15: loss1=0.0818, loss2=0.2701, dev_macro_f1=0.6106, dev_err=33.42%
2026-02-28 02:48:51,577 - lg_cotrain - INFO - Phase 2 epoch 3/15: loss1=0.0480, loss2=0.2067, dev_macro_f1=0.6259, dev_err=32.35%
2026-02-28 02:49:52,358 - lg_cotrain - INFO - Phase 2 epoch 4/15: loss1=0.0758, loss2=0.2246, dev_macro_f1=0.6296, dev_err=32.48%
2026-02-28 02:50:53,137 - lg_cotrain - INFO - Phase 2 epoch 5/15: loss1=0.0678, loss2=0.2044, dev_macro_f1=0.6200, dev_err=34.50%
2026-02-28 02:51:53,893 - lg_cotrain - INFO - Phase 2 epoch 6/15: loss1=0.0730, loss2=0.2415, dev_macro_f1=0.6255, dev_err=32.75%
2026-02-28 02:52:54,684 - lg_cotrain - INFO - Phase 2 epoch 7/15: loss1=0.0834, loss2=0.1462, dev_macro_f1=0.6068, dev_err=33.02%
2026-02-28 02:53:55,392 - lg_cotrain - INFO - Phase 2 epoch 8/15: loss1=0.0656, loss2=0.0582, dev_macro_f1=0.6179, dev_err=33.83%
2026-02-28 02:54:56,202 - lg_cotrain - INFO - Phase 2 epoch 9/15: loss1=0.0425, loss2=0.0416, dev_macro_f1=0.6410, dev_err=32.08%
2026-02-28 02:55:56,922 - lg_cotrain - INFO - Phase 2 epoch 10/15: loss1=0.0244, loss2=0.0553, dev_macro_f1=0.6329, dev_err=32.48%
2026-02-28 02:56:57,631 - lg_cotrain - INFO - Phase 2 epoch 11/15: loss1=0.0158, loss2=0.0428, dev_macro_f1=0.6347, dev_err=30.46%
2026-02-28 02:57:58,368 - lg_cotrain - INFO - Phase 2 epoch 12/15: loss1=0.0214, loss2=0.0133, dev_macro_f1=0.6274, dev_err=32.08%
2026-02-28 02:58:59,065 - lg_cotrain - INFO - Phase 2 epoch 13/15: loss1=0.0125, loss2=0.0081, dev_macro_f1=0.6292, dev_err=31.40%
2026-02-28 02:59:59,730 - lg_cotrain - INFO - Phase 2 epoch 14/15: loss1=0.0073, loss2=0.0085, dev_macro_f1=0.6321, dev_err=31.81%
2026-02-28 03:01:00,443 - lg_cotrain - INFO - Phase 2 epoch 15/15: loss1=0.0085, loss2=0.0042, dev_macro_f1=0.6253, dev_err=32.48%
2026-02-28 03:01:00,444 - lg_cotrain - INFO - === Phase 3: Fine-Tuning ===
2026-02-28 03:01:03,649 - lg_cotrain - INFO - Phase 3 epoch 1: dev_macro_f1=0.6299, dev_err=31.81%, es_counter1=0, es_counter2=0
2026-02-28 03:01:06,848 - lg_cotrain - INFO - Phase 3 epoch 2: dev_macro_f1=0.6474, dev_err=33.02%, es_counter1=0, es_counter2=0
2026-02-28 03:01:10,055 - lg_cotrain - INFO - Phase 3 epoch 3: dev_macro_f1=0.6633, dev_err=33.69%, es_counter1=0, es_counter2=0
2026-02-28 03:01:13,259 - lg_cotrain - INFO - Phase 3 epoch 4: dev_macro_f1=0.6715, dev_err=31.27%, es_counter1=0, es_counter2=0
2026-02-28 03:01:16,463 - lg_cotrain - INFO - Phase 3 epoch 5: dev_macro_f1=0.6780, dev_err=29.38%, es_counter1=0, es_counter2=0
2026-02-28 03:01:19,647 - lg_cotrain - INFO - Phase 3 epoch 6: dev_macro_f1=0.6687, dev_err=29.51%, es_counter1=1, es_counter2=1
2026-02-28 03:01:22,830 - lg_cotrain - INFO - Phase 3 epoch 7: dev_macro_f1=0.6640, dev_err=29.65%, es_counter1=2, es_counter2=2
2026-02-28 03:01:26,007 - lg_cotrain - INFO - Phase 3 epoch 8: dev_macro_f1=0.6653, dev_err=29.65%, es_counter1=3, es_counter2=3
2026-02-28 03:01:29,194 - lg_cotrain - INFO - Phase 3 epoch 9: dev_macro_f1=0.6739, dev_err=28.71%, es_counter1=4, es_counter2=4
2026-02-28 03:01:32,371 - lg_cotrain - INFO - Phase 3 epoch 10: dev_macro_f1=0.6672, dev_err=29.11%, es_counter1=5, es_counter2=5
2026-02-28 03:01:35,553 - lg_cotrain - INFO - Phase 3 epoch 11: dev_macro_f1=0.6677, dev_err=29.11%, es_counter1=6, es_counter2=6
2026-02-28 03:01:35,553 - lg_cotrain - INFO - Early stopping at epoch 11
2026-02-28 03:01:35,564 - lg_cotrain - INFO - === Final Evaluation ===
2026-02-28 03:01:41,968 - lg_cotrain - INFO - Results saved to C:\Users\anhtr\AppData\Local\Temp\tmpikuzgqo9\hurricane_maria_2017\25_set2\metrics.json
2026-02-28 03:01:41,969 - lg_cotrain - INFO - Test error rate: 30.31%, Test macro-F1: 0.6733, Test ECE: 0.1107
2026-02-28 03:01:41,977 - lg_cotrain - INFO - --- Trial 5/10 done: dev_macro_f1=0.6780 ---
2026-02-28 03:01:41,978 - lg_cotrain - INFO - --- Trial 6/10 ---
2026-02-28 03:01:42,515 - lg_cotrain - INFO - Starting LG-CoTrain: event=hurricane_maria_2017, budget=25, seed_set=2
2026-02-28 03:01:42,550 - lg_cotrain - INFO - Detected 9 classes for event hurricane_maria_2017: ['caution_and_advice', 'displaced_people_and_evacuations', 'infrastructure_and_utility_damage', 'injured_or_dead_people', 'not_humanitarian', 'other_relevant_information', 'requests_or_urgent_needs', 'rescue_volunteering_or_donation_effort', 'sympathy_and_support']
2026-02-28 03:01:42,560 - lg_cotrain - INFO - D_l1: 117, D_l2: 108, D_LG: 4869
2026-02-28 03:01:42,562 - lg_cotrain - INFO - === Phase 1: Weight Generation ===
2026-02-28 03:02:01,158 - lg_cotrain - INFO - Phase 1 epoch 1/7: mean_prob1=0.1077, mean_prob2=0.1173
2026-02-28 03:02:19,014 - lg_cotrain - INFO - Phase 1 epoch 2/7: mean_prob1=0.1171, mean_prob2=0.1160
2026-02-28 03:02:36,990 - lg_cotrain - INFO - Phase 1 epoch 3/7: mean_prob1=0.1212, mean_prob2=0.1242
2026-02-28 03:02:54,909 - lg_cotrain - INFO - Phase 1 epoch 4/7: mean_prob1=0.1253, mean_prob2=0.1359
2026-02-28 03:03:12,877 - lg_cotrain - INFO - Phase 1 epoch 5/7: mean_prob1=0.1304, mean_prob2=0.1154
2026-02-28 03:03:30,861 - lg_cotrain - INFO - Phase 1 epoch 6/7: mean_prob1=0.1366, mean_prob2=0.1461
2026-02-28 03:03:48,838 - lg_cotrain - INFO - Phase 1 epoch 7/7: mean_prob1=0.1448, mean_prob2=0.1454
2026-02-28 03:03:48,838 - lg_cotrain - INFO - === Phase 2: Co-Training ===
2026-02-28 03:03:49,863 - lg_cotrain - INFO - LR scheduler: total_steps_1=4765, warmup=49; total_steps_2=4665, warmup=48
2026-02-28 03:03:49,863 - lg_cotrain - INFO - Phase 1 done -> seeded Phase 2 trackers. lambda1: mean=0.1448, range=[0.0346, 0.3277]
2026-02-28 03:03:49,864 - lg_cotrain - INFO - Phase 1 done -> seeded Phase 2 trackers. lambda2: mean=0.1454, range=[0.0261, 0.4168]
2026-02-28 03:04:58,660 - lg_cotrain - INFO - Phase 2 epoch 1/13: loss1=0.1790, loss2=0.1792, dev_macro_f1=0.5864, dev_err=34.50%
2026-02-28 03:06:07,725 - lg_cotrain - INFO - Phase 2 epoch 2/13: loss1=0.0630, loss2=0.1657, dev_macro_f1=0.6444, dev_err=30.19%
2026-02-28 03:07:16,643 - lg_cotrain - INFO - Phase 2 epoch 3/13: loss1=0.0357, loss2=0.1279, dev_macro_f1=0.6262, dev_err=30.86%
2026-02-28 03:08:25,484 - lg_cotrain - INFO - Phase 2 epoch 4/13: loss1=0.0241, loss2=0.0798, dev_macro_f1=0.6231, dev_err=33.02%
2026-02-28 03:09:34,408 - lg_cotrain - INFO - Phase 2 epoch 5/13: loss1=0.0226, loss2=0.0562, dev_macro_f1=0.6239, dev_err=33.29%
2026-02-28 03:10:43,493 - lg_cotrain - INFO - Phase 2 epoch 6/13: loss1=0.0128, loss2=0.0487, dev_macro_f1=0.6520, dev_err=31.00%
2026-02-28 03:11:52,520 - lg_cotrain - INFO - Phase 2 epoch 7/13: loss1=0.0102, loss2=0.0250, dev_macro_f1=0.6422, dev_err=31.94%
2026-02-28 03:13:01,487 - lg_cotrain - INFO - Phase 2 epoch 8/13: loss1=0.0077, loss2=0.0158, dev_macro_f1=0.6479, dev_err=32.21%
2026-02-28 03:14:10,370 - lg_cotrain - INFO - Phase 2 epoch 9/13: loss1=0.0067, loss2=0.0117, dev_macro_f1=0.6410, dev_err=32.35%
2026-02-28 03:15:19,420 - lg_cotrain - INFO - Phase 2 epoch 10/13: loss1=0.0065, loss2=0.0087, dev_macro_f1=0.6387, dev_err=32.08%
2026-02-28 03:16:28,519 - lg_cotrain - INFO - Phase 2 epoch 11/13: loss1=0.0063, loss2=0.0081, dev_macro_f1=0.6447, dev_err=32.35%
2026-02-28 03:17:37,450 - lg_cotrain - INFO - Phase 2 epoch 12/13: loss1=0.0057, loss2=0.0087, dev_macro_f1=0.6461, dev_err=31.81%
2026-02-28 03:18:46,386 - lg_cotrain - INFO - Phase 2 epoch 13/13: loss1=0.0044, loss2=0.0102, dev_macro_f1=0.6422, dev_err=32.08%
2026-02-28 03:18:46,386 - lg_cotrain - INFO - === Phase 3: Fine-Tuning ===
2026-02-28 03:18:49,958 - lg_cotrain - INFO - Phase 3 epoch 1: dev_macro_f1=0.6584, dev_err=31.27%, es_counter1=0, es_counter2=0
2026-02-28 03:18:53,515 - lg_cotrain - INFO - Phase 3 epoch 2: dev_macro_f1=0.6525, dev_err=31.67%, es_counter1=1, es_counter2=1
2026-02-28 03:18:57,071 - lg_cotrain - INFO - Phase 3 epoch 3: dev_macro_f1=0.6440, dev_err=31.67%, es_counter1=2, es_counter2=2
2026-02-28 03:19:00,642 - lg_cotrain - INFO - Phase 3 epoch 4: dev_macro_f1=0.6485, dev_err=31.27%, es_counter1=3, es_counter2=3
2026-02-28 03:19:04,211 - lg_cotrain - INFO - Phase 3 epoch 5: dev_macro_f1=0.6561, dev_err=30.73%, es_counter1=4, es_counter2=4
2026-02-28 03:19:07,790 - lg_cotrain - INFO - Phase 3 epoch 6: dev_macro_f1=0.6785, dev_err=29.92%, es_counter1=0, es_counter2=0
2026-02-28 03:19:11,381 - lg_cotrain - INFO - Phase 3 epoch 7: dev_macro_f1=0.6818, dev_err=29.51%, es_counter1=0, es_counter2=0
2026-02-28 03:19:14,983 - lg_cotrain - INFO - Phase 3 epoch 8: dev_macro_f1=0.6926, dev_err=28.84%, es_counter1=0, es_counter2=0
2026-02-28 03:19:18,570 - lg_cotrain - INFO - Phase 3 epoch 9: dev_macro_f1=0.6931, dev_err=28.84%, es_counter1=0, es_counter2=0
2026-02-28 03:19:22,133 - lg_cotrain - INFO - Phase 3 epoch 10: dev_macro_f1=0.6894, dev_err=28.98%, es_counter1=1, es_counter2=1
2026-02-28 03:19:25,709 - lg_cotrain - INFO - Phase 3 epoch 11: dev_macro_f1=0.6908, dev_err=28.71%, es_counter1=2, es_counter2=2
2026-02-28 03:19:29,298 - lg_cotrain - INFO - Phase 3 epoch 12: dev_macro_f1=0.6888, dev_err=28.98%, es_counter1=3, es_counter2=3
2026-02-28 03:19:32,871 - lg_cotrain - INFO - Phase 3 epoch 13: dev_macro_f1=0.6919, dev_err=28.57%, es_counter1=4, es_counter2=4
2026-02-28 03:19:36,438 - lg_cotrain - INFO - Phase 3 epoch 14: dev_macro_f1=0.6872, dev_err=28.84%, es_counter1=5, es_counter2=5
2026-02-28 03:19:39,995 - lg_cotrain - INFO - Phase 3 epoch 15: dev_macro_f1=0.6843, dev_err=29.11%, es_counter1=6, es_counter2=6
2026-02-28 03:19:39,996 - lg_cotrain - INFO - Early stopping at epoch 15
2026-02-28 03:19:40,005 - lg_cotrain - INFO - === Final Evaluation ===
2026-02-28 03:19:47,093 - lg_cotrain - INFO - Results saved to C:\Users\anhtr\AppData\Local\Temp\tmppswk9nec\hurricane_maria_2017\25_set2\metrics.json
2026-02-28 03:19:47,093 - lg_cotrain - INFO - Test error rate: 31.41%, Test macro-F1: 0.6545, Test ECE: 0.2048
2026-02-28 03:19:47,106 - lg_cotrain - INFO - --- Trial 6/10 done: dev_macro_f1=0.6931 ---
2026-02-28 03:19:47,106 - lg_cotrain - INFO - --- Trial 7/10 ---
2026-02-28 03:19:47,705 - lg_cotrain - INFO - Starting LG-CoTrain: event=hurricane_maria_2017, budget=25, seed_set=2
2026-02-28 03:19:47,733 - lg_cotrain - INFO - Detected 9 classes for event hurricane_maria_2017: ['caution_and_advice', 'displaced_people_and_evacuations', 'infrastructure_and_utility_damage', 'injured_or_dead_people', 'not_humanitarian', 'other_relevant_information', 'requests_or_urgent_needs', 'rescue_volunteering_or_donation_effort', 'sympathy_and_support']
2026-02-28 03:19:47,740 - lg_cotrain - INFO - D_l1: 117, D_l2: 108, D_LG: 4869
2026-02-28 03:19:47,741 - lg_cotrain - INFO - === Phase 1: Weight Generation ===
2026-02-28 03:20:07,995 - lg_cotrain - INFO - Phase 1 epoch 1/7: mean_prob1=0.1093, mean_prob2=0.1192
2026-02-28 03:20:27,316 - lg_cotrain - INFO - Phase 1 epoch 2/7: mean_prob1=0.1149, mean_prob2=0.1196
2026-02-28 03:20:46,677 - lg_cotrain - INFO - Phase 1 epoch 3/7: mean_prob1=0.1218, mean_prob2=0.1202
2026-02-28 03:21:06,204 - lg_cotrain - INFO - Phase 1 epoch 4/7: mean_prob1=0.1257, mean_prob2=0.1261
2026-02-28 03:21:25,454 - lg_cotrain - INFO - Phase 1 epoch 5/7: mean_prob1=0.1340, mean_prob2=0.1297
2026-02-28 03:21:44,801 - lg_cotrain - INFO - Phase 1 epoch 6/7: mean_prob1=0.1446, mean_prob2=0.1388
2026-02-28 03:22:04,121 - lg_cotrain - INFO - Phase 1 epoch 7/7: mean_prob1=0.1534, mean_prob2=0.1521
2026-02-28 03:22:04,121 - lg_cotrain - INFO - === Phase 2: Co-Training ===
2026-02-28 03:22:05,086 - lg_cotrain - INFO - LR scheduler: total_steps_1=4545, warmup=1066; total_steps_2=4445, warmup=1043
2026-02-28 03:22:05,087 - lg_cotrain - INFO - Phase 1 done -> seeded Phase 2 trackers. lambda1: mean=0.1534, range=[0.0260, 0.3956]
2026-02-28 03:22:05,087 - lg_cotrain - INFO - Phase 1 done -> seeded Phase 2 trackers. lambda2: mean=0.1521, range=[0.0247, 0.4837]
2026-02-28 03:23:25,305 - lg_cotrain - INFO - Phase 2 epoch 1/5: loss1=0.2529, loss2=0.2589, dev_macro_f1=0.3859, dev_err=41.91%
2026-02-28 03:24:45,638 - lg_cotrain - INFO - Phase 2 epoch 2/5: loss1=0.0907, loss2=0.1843, dev_macro_f1=0.5818, dev_err=34.91%
2026-02-28 03:26:05,753 - lg_cotrain - INFO - Phase 2 epoch 3/5: loss1=0.0421, loss2=0.1455, dev_macro_f1=0.6165, dev_err=32.48%
2026-02-28 03:27:25,894 - lg_cotrain - INFO - Phase 2 epoch 4/5: loss1=0.0246, loss2=0.0926, dev_macro_f1=0.6195, dev_err=33.15%
2026-02-28 03:28:46,251 - lg_cotrain - INFO - Phase 2 epoch 5/5: loss1=0.0162, loss2=0.0577, dev_macro_f1=0.6237, dev_err=32.21%
2026-02-28 03:28:46,251 - lg_cotrain - INFO - === Phase 3: Fine-Tuning ===
2026-02-28 03:28:50,248 - lg_cotrain - INFO - Phase 3 epoch 1: dev_macro_f1=0.6332, dev_err=32.21%, es_counter1=0, es_counter2=0
2026-02-28 03:28:54,240 - lg_cotrain - INFO - Phase 3 epoch 2: dev_macro_f1=0.6558, dev_err=30.86%, es_counter1=0, es_counter2=0
2026-02-28 03:28:58,234 - lg_cotrain - INFO - Phase 3 epoch 3: dev_macro_f1=0.6579, dev_err=30.59%, es_counter1=0, es_counter2=0
2026-02-28 03:29:02,227 - lg_cotrain - INFO - Phase 3 epoch 4: dev_macro_f1=0.6763, dev_err=30.46%, es_counter1=0, es_counter2=0
2026-02-28 03:29:06,194 - lg_cotrain - INFO - Phase 3 epoch 5: dev_macro_f1=0.6674, dev_err=30.73%, es_counter1=1, es_counter2=1
2026-02-28 03:29:10,148 - lg_cotrain - INFO - Phase 3 epoch 6: dev_macro_f1=0.6643, dev_err=30.73%, es_counter1=2, es_counter2=2
2026-02-28 03:29:14,119 - lg_cotrain - INFO - Phase 3 epoch 7: dev_macro_f1=0.6666, dev_err=30.73%, es_counter1=3, es_counter2=3
2026-02-28 03:29:18,090 - lg_cotrain - INFO - Phase 3 epoch 8: dev_macro_f1=0.6732, dev_err=30.32%, es_counter1=4, es_counter2=4
2026-02-28 03:29:22,055 - lg_cotrain - INFO - Phase 3 epoch 9: dev_macro_f1=0.6701, dev_err=30.46%, es_counter1=5, es_counter2=5
2026-02-28 03:29:26,014 - lg_cotrain - INFO - Phase 3 epoch 10: dev_macro_f1=0.6675, dev_err=30.59%, es_counter1=6, es_counter2=6
2026-02-28 03:29:30,009 - lg_cotrain - INFO - Phase 3 epoch 11: dev_macro_f1=0.6675, dev_err=30.59%, es_counter1=7, es_counter2=7
2026-02-28 03:29:33,968 - lg_cotrain - INFO - Phase 3 epoch 12: dev_macro_f1=0.6648, dev_err=30.73%, es_counter1=8, es_counter2=8
2026-02-28 03:29:33,968 - lg_cotrain - INFO - Early stopping at epoch 12
2026-02-28 03:29:33,978 - lg_cotrain - INFO - === Final Evaluation ===
2026-02-28 03:29:41,556 - lg_cotrain - INFO - Results saved to C:\Users\anhtr\AppData\Local\Temp\tmpmm_israb\hurricane_maria_2017\25_set2\metrics.json
2026-02-28 03:29:41,556 - lg_cotrain - INFO - Test error rate: 29.40%, Test macro-F1: 0.6716, Test ECE: 0.1286
2026-02-28 03:29:41,566 - lg_cotrain - INFO - --- Trial 7/10 done: dev_macro_f1=0.6763 ---
2026-02-28 03:29:41,567 - lg_cotrain - INFO - --- Trial 8/10 ---
2026-02-28 03:29:42,073 - lg_cotrain - INFO - Starting LG-CoTrain: event=hurricane_maria_2017, budget=25, seed_set=2
2026-02-28 03:29:42,100 - lg_cotrain - INFO - Detected 9 classes for event hurricane_maria_2017: ['caution_and_advice', 'displaced_people_and_evacuations', 'infrastructure_and_utility_damage', 'injured_or_dead_people', 'not_humanitarian', 'other_relevant_information', 'requests_or_urgent_needs', 'rescue_volunteering_or_donation_effort', 'sympathy_and_support']
2026-02-28 03:29:42,107 - lg_cotrain - INFO - D_l1: 117, D_l2: 108, D_LG: 4869
2026-02-28 03:29:42,108 - lg_cotrain - INFO - === Phase 1: Weight Generation ===
2026-02-28 03:30:01,116 - lg_cotrain - INFO - Phase 1 epoch 1/7: mean_prob1=0.1086, mean_prob2=0.1224
2026-02-28 03:30:19,051 - lg_cotrain - INFO - Phase 1 epoch 2/7: mean_prob1=0.1205, mean_prob2=0.1256
2026-02-28 03:30:36,848 - lg_cotrain - INFO - Phase 1 epoch 3/7: mean_prob1=0.1292, mean_prob2=0.1261
2026-02-28 03:30:54,635 - lg_cotrain - INFO - Phase 1 epoch 4/7: mean_prob1=0.1324, mean_prob2=0.1494
2026-02-28 03:31:12,514 - lg_cotrain - INFO - Phase 1 epoch 5/7: mean_prob1=0.1446, mean_prob2=0.1682
2026-02-28 03:31:30,560 - lg_cotrain - INFO - Phase 1 epoch 6/7: mean_prob1=0.1554, mean_prob2=0.1685
2026-02-28 03:31:48,512 - lg_cotrain - INFO - Phase 1 epoch 7/7: mean_prob1=0.1657, mean_prob2=0.2004
2026-02-28 03:31:48,512 - lg_cotrain - INFO - === Phase 2: Co-Training ===
2026-02-28 03:31:49,565 - lg_cotrain - INFO - LR scheduler: total_steps_1=5680, warmup=833; total_steps_2=5580, warmup=818
2026-02-28 03:31:49,565 - lg_cotrain - INFO - Phase 1 done -> seeded Phase 2 trackers. lambda1: mean=0.1657, range=[0.0259, 0.5058]
2026-02-28 03:31:49,565 - lg_cotrain - INFO - Phase 1 done -> seeded Phase 2 trackers. lambda2: mean=0.2004, range=[0.0224, 0.5923]
2026-02-28 03:32:58,614 - lg_cotrain - INFO - Phase 2 epoch 1/16: loss1=0.3247, loss2=0.2908, dev_macro_f1=0.4119, dev_err=41.78%
2026-02-28 03:34:07,723 - lg_cotrain - INFO - Phase 2 epoch 2/16: loss1=0.1077, loss2=0.2028, dev_macro_f1=0.5889, dev_err=34.23%
2026-02-28 03:35:16,729 - lg_cotrain - INFO - Phase 2 epoch 3/16: loss1=0.0534, loss2=0.1770, dev_macro_f1=0.6112, dev_err=33.42%
2026-02-28 03:36:25,730 - lg_cotrain - INFO - Phase 2 epoch 4/16: loss1=0.0329, loss2=0.1337, dev_macro_f1=0.6079, dev_err=33.96%
2026-02-28 03:37:34,460 - lg_cotrain - INFO - Phase 2 epoch 5/16: loss1=0.0288, loss2=0.0800, dev_macro_f1=0.6196, dev_err=32.48%
2026-02-28 03:38:43,281 - lg_cotrain - INFO - Phase 2 epoch 6/16: loss1=0.0144, loss2=0.0450, dev_macro_f1=0.6122, dev_err=33.15%
2026-02-28 03:39:52,051 - lg_cotrain - INFO - Phase 2 epoch 7/16: loss1=0.0136, loss2=0.0370, dev_macro_f1=0.6146, dev_err=32.75%
2026-02-28 03:41:00,933 - lg_cotrain - INFO - Phase 2 epoch 8/16: loss1=0.0103, loss2=0.0198, dev_macro_f1=0.6184, dev_err=32.88%
2026-02-28 03:42:09,794 - lg_cotrain - INFO - Phase 2 epoch 9/16: loss1=0.0132, loss2=0.0185, dev_macro_f1=0.6119, dev_err=33.83%
2026-02-28 03:43:18,832 - lg_cotrain - INFO - Phase 2 epoch 10/16: loss1=0.0139, loss2=0.0183, dev_macro_f1=0.6096, dev_err=32.88%
2026-02-28 03:44:27,754 - lg_cotrain - INFO - Phase 2 epoch 11/16: loss1=0.0113, loss2=0.0142, dev_macro_f1=0.6296, dev_err=32.08%
2026-02-28 03:45:36,747 - lg_cotrain - INFO - Phase 2 epoch 12/16: loss1=0.0096, loss2=0.0114, dev_macro_f1=0.6316, dev_err=31.94%
2026-02-28 03:46:45,909 - lg_cotrain - INFO - Phase 2 epoch 13/16: loss1=0.0078, loss2=0.0067, dev_macro_f1=0.6317, dev_err=31.81%
2026-02-28 03:47:55,084 - lg_cotrain - INFO - Phase 2 epoch 14/16: loss1=0.0061, loss2=0.0081, dev_macro_f1=0.6256, dev_err=32.21%
2026-02-28 03:49:04,094 - lg_cotrain - INFO - Phase 2 epoch 15/16: loss1=0.0043, loss2=0.0058, dev_macro_f1=0.6267, dev_err=32.48%
2026-02-28 03:50:13,132 - lg_cotrain - INFO - Phase 2 epoch 16/16: loss1=0.0047, loss2=0.0041, dev_macro_f1=0.6277, dev_err=32.48%
2026-02-28 03:50:13,132 - lg_cotrain - INFO - === Phase 3: Fine-Tuning ===
2026-02-28 03:50:16,719 - lg_cotrain - INFO - Phase 3 epoch 1: dev_macro_f1=0.6383, dev_err=31.40%, es_counter1=0, es_counter2=0
2026-02-28 03:50:20,318 - lg_cotrain - INFO - Phase 3 epoch 2: dev_macro_f1=0.6419, dev_err=31.54%, es_counter1=0, es_counter2=0
2026-02-28 03:50:23,915 - lg_cotrain - INFO - Phase 3 epoch 3: dev_macro_f1=0.6443, dev_err=31.94%, es_counter1=0, es_counter2=0
2026-02-28 03:50:27,523 - lg_cotrain - INFO - Phase 3 epoch 4: dev_macro_f1=0.6457, dev_err=31.54%, es_counter1=0, es_counter2=0
2026-02-28 03:50:31,104 - lg_cotrain - INFO - Phase 3 epoch 5: dev_macro_f1=0.6461, dev_err=31.27%, es_counter1=0, es_counter2=0
2026-02-28 03:50:34,665 - lg_cotrain - INFO - Phase 3 epoch 6: dev_macro_f1=0.6415, dev_err=31.13%, es_counter1=1, es_counter2=1
2026-02-28 03:50:38,245 - lg_cotrain - INFO - Phase 3 epoch 7: dev_macro_f1=0.6492, dev_err=30.86%, es_counter1=0, es_counter2=0
2026-02-28 03:50:41,823 - lg_cotrain - INFO - Phase 3 epoch 8: dev_macro_f1=0.6583, dev_err=30.46%, es_counter1=0, es_counter2=0
2026-02-28 03:50:45,414 - lg_cotrain - INFO - Phase 3 epoch 9: dev_macro_f1=0.6610, dev_err=30.73%, es_counter1=0, es_counter2=0
2026-02-28 03:50:48,976 - lg_cotrain - INFO - Phase 3 epoch 10: dev_macro_f1=0.6581, dev_err=30.73%, es_counter1=1, es_counter2=1
2026-02-28 03:50:52,542 - lg_cotrain - INFO - Phase 3 epoch 11: dev_macro_f1=0.6600, dev_err=30.59%, es_counter1=2, es_counter2=2
2026-02-28 03:50:56,126 - lg_cotrain - INFO - Phase 3 epoch 12: dev_macro_f1=0.6643, dev_err=30.59%, es_counter1=0, es_counter2=0
2026-02-28 03:50:59,704 - lg_cotrain - INFO - Phase 3 epoch 13: dev_macro_f1=0.6648, dev_err=30.46%, es_counter1=0, es_counter2=0
2026-02-28 03:51:03,282 - lg_cotrain - INFO - Phase 3 epoch 14: dev_macro_f1=0.6754, dev_err=30.19%, es_counter1=0, es_counter2=0
2026-02-28 03:51:06,838 - lg_cotrain - INFO - Phase 3 epoch 15: dev_macro_f1=0.6724, dev_err=30.46%, es_counter1=1, es_counter2=1
2026-02-28 03:51:10,400 - lg_cotrain - INFO - Phase 3 epoch 16: dev_macro_f1=0.6724, dev_err=30.46%, es_counter1=2, es_counter2=2
2026-02-28 03:51:13,952 - lg_cotrain - INFO - Phase 3 epoch 17: dev_macro_f1=0.6711, dev_err=30.59%, es_counter1=3, es_counter2=3
2026-02-28 03:51:17,518 - lg_cotrain - INFO - Phase 3 epoch 18: dev_macro_f1=0.6715, dev_err=30.59%, es_counter1=4, es_counter2=4
2026-02-28 03:51:17,519 - lg_cotrain - INFO - Early stopping at epoch 18
2026-02-28 03:51:17,532 - lg_cotrain - INFO - === Final Evaluation ===
2026-02-28 03:51:24,625 - lg_cotrain - INFO - Results saved to C:\Users\anhtr\AppData\Local\Temp\tmpmqru4368\hurricane_maria_2017\25_set2\metrics.json
2026-02-28 03:51:24,625 - lg_cotrain - INFO - Test error rate: 31.83%, Test macro-F1: 0.6429, Test ECE: 0.1980
2026-02-28 03:51:24,636 - lg_cotrain - INFO - --- Trial 8/10 done: dev_macro_f1=0.6754 ---
2026-02-28 03:51:24,636 - lg_cotrain - INFO - --- Trial 9/10 ---
2026-02-28 03:51:25,127 - lg_cotrain - INFO - Starting LG-CoTrain: event=hurricane_maria_2017, budget=25, seed_set=2
2026-02-28 03:51:25,158 - lg_cotrain - INFO - Detected 9 classes for event hurricane_maria_2017: ['caution_and_advice', 'displaced_people_and_evacuations', 'infrastructure_and_utility_damage', 'injured_or_dead_people', 'not_humanitarian', 'other_relevant_information', 'requests_or_urgent_needs', 'rescue_volunteering_or_donation_effort', 'sympathy_and_support']
2026-02-28 03:51:25,166 - lg_cotrain - INFO - D_l1: 117, D_l2: 108, D_LG: 4869
2026-02-28 03:51:25,167 - lg_cotrain - INFO - === Phase 1: Weight Generation ===
2026-02-28 03:51:44,108 - lg_cotrain - INFO - Phase 1 epoch 1/7: mean_prob1=0.1103, mean_prob2=0.1099
2026-02-28 03:52:02,040 - lg_cotrain - INFO - Phase 1 epoch 2/7: mean_prob1=0.1188, mean_prob2=0.1365
2026-02-28 03:52:19,856 - lg_cotrain - INFO - Phase 1 epoch 3/7: mean_prob1=0.1194, mean_prob2=0.2074
2026-02-28 03:52:37,693 - lg_cotrain - INFO - Phase 1 epoch 4/7: mean_prob1=0.1175, mean_prob2=0.2947
2026-02-28 03:52:55,502 - lg_cotrain - INFO - Phase 1 epoch 5/7: mean_prob1=0.1543, mean_prob2=0.3452
2026-02-28 03:53:13,413 - lg_cotrain - INFO - Phase 1 epoch 6/7: mean_prob1=0.2277, mean_prob2=0.4632
2026-02-28 03:53:31,399 - lg_cotrain - INFO - Phase 1 epoch 7/7: mean_prob1=0.2682, mean_prob2=0.4981
2026-02-28 03:53:31,400 - lg_cotrain - INFO - === Phase 2: Co-Training ===
2026-02-28 03:53:32,510 - lg_cotrain - INFO - LR scheduler: total_steps_1=2935, warmup=357; total_steps_2=2835, warmup=345
2026-02-28 03:53:32,511 - lg_cotrain - INFO - Phase 1 done -> seeded Phase 2 trackers. lambda1: mean=0.2682, range=[0.0041, 0.7574]
2026-02-28 03:53:32,511 - lg_cotrain - INFO - Phase 1 done -> seeded Phase 2 trackers. lambda2: mean=0.4981, range=[0.0014, 0.9771]
2026-02-28 03:54:41,427 - lg_cotrain - INFO - Phase 2 epoch 1/7: loss1=0.4539, loss2=0.2811, dev_macro_f1=0.6176, dev_err=30.86%
2026-02-28 03:55:50,186 - lg_cotrain - INFO - Phase 2 epoch 2/7: loss1=0.1198, loss2=0.3980, dev_macro_f1=0.6270, dev_err=31.54%
2026-02-28 03:56:59,051 - lg_cotrain - INFO - Phase 2 epoch 3/7: loss1=0.0595, loss2=0.3177, dev_macro_f1=0.6198, dev_err=32.08%
2026-02-28 03:58:07,905 - lg_cotrain - INFO - Phase 2 epoch 4/7: loss1=0.0278, loss2=0.2418, dev_macro_f1=0.6326, dev_err=31.00%
2026-02-28 03:59:16,905 - lg_cotrain - INFO - Phase 2 epoch 5/7: loss1=0.0206, loss2=0.1670, dev_macro_f1=0.6340, dev_err=30.86%
2026-02-28 04:00:25,778 - lg_cotrain - INFO - Phase 2 epoch 6/7: loss1=0.0239, loss2=0.0946, dev_macro_f1=0.6487, dev_err=30.59%
2026-02-28 04:01:34,695 - lg_cotrain - INFO - Phase 2 epoch 7/7: loss1=0.0193, loss2=0.0591, dev_macro_f1=0.6430, dev_err=31.27%
2026-02-28 04:01:34,695 - lg_cotrain - INFO - === Phase 3: Fine-Tuning ===
2026-02-28 04:01:38,273 - lg_cotrain - INFO - Phase 3 epoch 1: dev_macro_f1=0.6466, dev_err=31.94%, es_counter1=0, es_counter2=0
2026-02-28 04:01:41,860 - lg_cotrain - INFO - Phase 3 epoch 2: dev_macro_f1=0.6593, dev_err=30.46%, es_counter1=0, es_counter2=0
2026-02-28 04:01:45,431 - lg_cotrain - INFO - Phase 3 epoch 3: dev_macro_f1=0.6616, dev_err=29.51%, es_counter1=0, es_counter2=0
2026-02-28 04:01:49,014 - lg_cotrain - INFO - Phase 3 epoch 4: dev_macro_f1=0.6665, dev_err=29.51%, es_counter1=0, es_counter2=0
2026-02-28 04:01:52,599 - lg_cotrain - INFO - Phase 3 epoch 5: dev_macro_f1=0.6681, dev_err=29.65%, es_counter1=0, es_counter2=0
2026-02-28 04:01:56,153 - lg_cotrain - INFO - Phase 3 epoch 6: dev_macro_f1=0.6648, dev_err=29.78%, es_counter1=1, es_counter2=1
2026-02-28 04:01:59,733 - lg_cotrain - INFO - Phase 3 epoch 7: dev_macro_f1=0.6703, dev_err=29.78%, es_counter1=0, es_counter2=0
2026-02-28 04:02:03,314 - lg_cotrain - INFO - Phase 3 epoch 8: dev_macro_f1=0.6612, dev_err=30.19%, es_counter1=1, es_counter2=1
2026-02-28 04:02:06,876 - lg_cotrain - INFO - Phase 3 epoch 9: dev_macro_f1=0.6534, dev_err=30.86%, es_counter1=2, es_counter2=2
2026-02-28 04:02:10,432 - lg_cotrain - INFO - Phase 3 epoch 10: dev_macro_f1=0.6516, dev_err=31.13%, es_counter1=3, es_counter2=3
2026-02-28 04:02:14,004 - lg_cotrain - INFO - Phase 3 epoch 11: dev_macro_f1=0.6548, dev_err=31.00%, es_counter1=4, es_counter2=4
2026-02-28 04:02:17,572 - lg_cotrain - INFO - Phase 3 epoch 12: dev_macro_f1=0.6540, dev_err=30.86%, es_counter1=5, es_counter2=5
2026-02-28 04:02:21,147 - lg_cotrain - INFO - Phase 3 epoch 13: dev_macro_f1=0.6558, dev_err=30.73%, es_counter1=6, es_counter2=6
2026-02-28 04:02:24,703 - lg_cotrain - INFO - Phase 3 epoch 14: dev_macro_f1=0.6592, dev_err=30.59%, es_counter1=7, es_counter2=7
2026-02-28 04:02:28,264 - lg_cotrain - INFO - Phase 3 epoch 15: dev_macro_f1=0.6616, dev_err=30.32%, es_counter1=8, es_counter2=8
2026-02-28 04:02:31,840 - lg_cotrain - INFO - Phase 3 epoch 16: dev_macro_f1=0.6619, dev_err=30.32%, es_counter1=9, es_counter2=9
2026-02-28 04:02:35,386 - lg_cotrain - INFO - Phase 3 epoch 17: dev_macro_f1=0.6612, dev_err=30.32%, es_counter1=10, es_counter2=10
2026-02-28 04:02:35,387 - lg_cotrain - INFO - Early stopping at epoch 17
2026-02-28 04:02:35,396 - lg_cotrain - INFO - === Final Evaluation ===
2026-02-28 04:02:42,446 - lg_cotrain - INFO - Results saved to C:\Users\anhtr\AppData\Local\Temp\tmp_dltfg8s\hurricane_maria_2017\25_set2\metrics.json
2026-02-28 04:02:42,447 - lg_cotrain - INFO - Test error rate: 31.48%, Test macro-F1: 0.6528, Test ECE: 0.1496
2026-02-28 04:02:42,456 - lg_cotrain - INFO - --- Trial 9/10 done: dev_macro_f1=0.6703 ---
2026-02-28 04:02:42,456 - lg_cotrain - INFO - --- Trial 10/10 ---
2026-02-28 04:02:42,956 - lg_cotrain - INFO - Starting LG-CoTrain: event=hurricane_maria_2017, budget=25, seed_set=2
2026-02-28 04:02:42,983 - lg_cotrain - INFO - Detected 9 classes for event hurricane_maria_2017: ['caution_and_advice', 'displaced_people_and_evacuations', 'infrastructure_and_utility_damage', 'injured_or_dead_people', 'not_humanitarian', 'other_relevant_information', 'requests_or_urgent_needs', 'rescue_volunteering_or_donation_effort', 'sympathy_and_support']
2026-02-28 04:02:42,989 - lg_cotrain - INFO - D_l1: 117, D_l2: 108, D_LG: 4869
2026-02-28 04:02:42,990 - lg_cotrain - INFO - === Phase 1: Weight Generation ===
2026-02-28 04:03:03,107 - lg_cotrain - INFO - Phase 1 epoch 1/7: mean_prob1=0.1117, mean_prob2=0.1158
2026-02-28 04:03:22,264 - lg_cotrain - INFO - Phase 1 epoch 2/7: mean_prob1=0.0914, mean_prob2=0.0997
2026-02-28 04:03:41,726 - lg_cotrain - INFO - Phase 1 epoch 3/7: mean_prob1=0.1075, mean_prob2=0.1238
2026-02-28 04:04:01,164 - lg_cotrain - INFO - Phase 1 epoch 4/7: mean_prob1=0.1112, mean_prob2=0.1040
2026-02-28 04:04:20,318 - lg_cotrain - INFO - Phase 1 epoch 5/7: mean_prob1=0.1122, mean_prob2=0.1156
2026-02-28 04:04:39,464 - lg_cotrain - INFO - Phase 1 epoch 6/7: mean_prob1=0.1044, mean_prob2=0.1049
2026-02-28 04:04:58,565 - lg_cotrain - INFO - Phase 1 epoch 7/7: mean_prob1=0.1099, mean_prob2=0.1102
2026-02-28 04:04:58,566 - lg_cotrain - INFO - === Phase 2: Co-Training ===
2026-02-28 04:04:59,566 - lg_cotrain - INFO - LR scheduler: total_steps_1=5763, warmup=1381; total_steps_2=5663, warmup=1357
2026-02-28 04:04:59,567 - lg_cotrain - INFO - Phase 1 done -> seeded Phase 2 trackers. lambda1: mean=0.1099, range=[0.0839, 0.1426]
2026-02-28 04:04:59,567 - lg_cotrain - INFO - Phase 1 done -> seeded Phase 2 trackers. lambda2: mean=0.1102, range=[0.0722, 0.1528]
2026-02-28 04:06:19,670 - lg_cotrain - INFO - Phase 2 epoch 1/7: loss1=0.1473, loss2=0.1389, dev_macro_f1=0.4062, dev_err=48.52%
2026-02-28 04:07:39,927 - lg_cotrain - INFO - Phase 2 epoch 2/7: loss1=0.1690, loss2=0.3273, dev_macro_f1=0.1339, dev_err=55.66%
2026-02-28 04:08:59,722 - lg_cotrain - INFO - Phase 2 epoch 3/7: loss1=0.0909, loss2=0.4691, dev_macro_f1=0.1367, dev_err=55.93%
2026-02-28 04:10:19,342 - lg_cotrain - INFO - Phase 2 epoch 4/7: loss1=0.0604, loss2=0.5164, dev_macro_f1=0.1340, dev_err=55.66%
2026-02-28 04:11:38,993 - lg_cotrain - INFO - Phase 2 epoch 5/7: loss1=0.0467, loss2=0.5352, dev_macro_f1=0.1369, dev_err=55.12%
2026-02-28 04:12:58,626 - lg_cotrain - INFO - Phase 2 epoch 6/7: loss1=0.0465, loss2=0.5530, dev_macro_f1=0.1317, dev_err=56.33%
2026-02-28 04:14:18,187 - lg_cotrain - INFO - Phase 2 epoch 7/7: loss1=0.0440, loss2=0.5544, dev_macro_f1=0.1325, dev_err=56.06%
2026-02-28 04:14:18,187 - lg_cotrain - INFO - === Phase 3: Fine-Tuning ===
2026-02-28 04:14:22,111 - lg_cotrain - INFO - Phase 3 epoch 1: dev_macro_f1=0.0488, dev_err=88.41%, es_counter1=0, es_counter2=0
2026-02-28 04:14:26,019 - lg_cotrain - INFO - Phase 3 epoch 2: dev_macro_f1=0.0291, dev_err=92.18%, es_counter1=1, es_counter2=1
2026-02-28 04:14:29,980 - lg_cotrain - INFO - Phase 3 epoch 3: dev_macro_f1=0.0724, dev_err=79.92%, es_counter1=0, es_counter2=0
2026-02-28 04:14:33,888 - lg_cotrain - INFO - Phase 3 epoch 4: dev_macro_f1=0.0557, dev_err=86.25%, es_counter1=1, es_counter2=1
2026-02-28 04:14:37,806 - lg_cotrain - INFO - Phase 3 epoch 5: dev_macro_f1=0.0491, dev_err=88.54%, es_counter1=2, es_counter2=2
2026-02-28 04:14:41,728 - lg_cotrain - INFO - Phase 3 epoch 6: dev_macro_f1=0.0496, dev_err=88.41%, es_counter1=3, es_counter2=3
2026-02-28 04:14:45,674 - lg_cotrain - INFO - Phase 3 epoch 7: dev_macro_f1=0.0753, dev_err=78.03%, es_counter1=0, es_counter2=0
2026-02-28 04:14:49,595 - lg_cotrain - INFO - Phase 3 epoch 8: dev_macro_f1=0.0461, dev_err=89.49%, es_counter1=1, es_counter2=1
2026-02-28 04:14:53,529 - lg_cotrain - INFO - Phase 3 epoch 9: dev_macro_f1=0.1151, dev_err=62.40%, es_counter1=0, es_counter2=0
2026-02-28 04:14:57,441 - lg_cotrain - INFO - Phase 3 epoch 10: dev_macro_f1=0.0461, dev_err=89.49%, es_counter1=1, es_counter2=1
2026-02-28 04:15:01,356 - lg_cotrain - INFO - Phase 3 epoch 11: dev_macro_f1=0.0894, dev_err=72.78%, es_counter1=2, es_counter2=2
2026-02-28 04:15:05,265 - lg_cotrain - INFO - Phase 3 epoch 12: dev_macro_f1=0.0461, dev_err=89.49%, es_counter1=3, es_counter2=3
2026-02-28 04:15:09,188 - lg_cotrain - INFO - Phase 3 epoch 13: dev_macro_f1=0.0409, dev_err=91.11%, es_counter1=4, es_counter2=4
2026-02-28 04:15:09,189 - lg_cotrain - INFO - Early stopping at epoch 13
2026-02-28 04:15:09,198 - lg_cotrain - INFO - === Final Evaluation ===
2026-02-28 04:15:16,621 - lg_cotrain - INFO - Results saved to C:\Users\anhtr\AppData\Local\Temp\tmpwj2i63u1\hurricane_maria_2017\25_set2\metrics.json
2026-02-28 04:15:16,622 - lg_cotrain - INFO - Test error rate: 61.86%, Test macro-F1: 0.1165, Test ECE: 0.2148
2026-02-28 04:15:16,629 - lg_cotrain - INFO - --- Trial 10/10 done: dev_macro_f1=0.1151 ---
