2026-02-21 21:00:13,352 - lg_cotrain - INFO - === Optuna study: california_wildfires_2018 budget=5 seed=2 | target=10 trials, 0 replayed, 10 new ===
2026-02-21 21:00:13,353 - lg_cotrain - INFO - --- Trial 1/10 ---
2026-02-21 21:00:35,554 - lg_cotrain - INFO - Starting LG-CoTrain: event=california_wildfires_2018, budget=5, seed_set=2
2026-02-21 21:00:35,609 - lg_cotrain - INFO - Detected 10 classes for event california_wildfires_2018: ['caution_and_advice', 'displaced_people_and_evacuations', 'infrastructure_and_utility_damage', 'injured_or_dead_people', 'missing_or_found_people', 'not_humanitarian', 'other_relevant_information', 'requests_or_urgent_needs', 'rescue_volunteering_or_donation_effort', 'sympathy_and_support']
2026-02-21 21:00:35,618 - lg_cotrain - INFO - D_l1: 30, D_l2: 20, D_LG: 5113
2026-02-21 21:00:35,619 - lg_cotrain - INFO - === Phase 1: Weight Generation ===
2026-02-21 21:00:52,964 - lg_cotrain - INFO - Phase 1 epoch 1/7: mean_prob1=0.0969, mean_prob2=0.0994
2026-02-21 21:01:09,354 - lg_cotrain - INFO - Phase 1 epoch 2/7: mean_prob1=0.0994, mean_prob2=0.1001
2026-02-21 21:01:25,882 - lg_cotrain - INFO - Phase 1 epoch 3/7: mean_prob1=0.1009, mean_prob2=0.1010
2026-02-21 21:01:42,029 - lg_cotrain - INFO - Phase 1 epoch 4/7: mean_prob1=0.1032, mean_prob2=0.1020
2026-02-21 21:01:58,109 - lg_cotrain - INFO - Phase 1 epoch 5/7: mean_prob1=0.1061, mean_prob2=0.1027
2026-02-21 21:02:14,288 - lg_cotrain - INFO - Phase 1 epoch 6/7: mean_prob1=0.1107, mean_prob2=0.1030
2026-02-21 21:02:30,688 - lg_cotrain - INFO - Phase 1 epoch 7/7: mean_prob1=0.1141, mean_prob2=0.1033
2026-02-21 21:02:30,688 - lg_cotrain - INFO - Phase 1 done. lambda1: mean=0.1160, range=[0.0546, 0.1940]
2026-02-21 21:02:30,688 - lg_cotrain - INFO - Phase 1 done. lambda2: mean=0.0956, range=[0.0303, 0.1941]
2026-02-21 21:02:30,688 - lg_cotrain - INFO - === Phase 2: Co-Training ===
2026-02-21 21:02:31,658 - lg_cotrain - INFO - LR scheduler: total_steps_1=1540, warmup=150; total_steps_2=1540, warmup=150
2026-02-21 21:03:35,066 - lg_cotrain - INFO - Phase 2 epoch 1/9: loss1=0.1550, loss2=0.1908, dev_macro_f1=0.3852, dev_err=32.98%
2026-02-21 21:04:38,604 - lg_cotrain - INFO - Phase 2 epoch 2/9: loss1=0.0478, loss2=0.1711, dev_macro_f1=0.5355, dev_err=27.79%
2026-02-21 21:05:42,088 - lg_cotrain - INFO - Phase 2 epoch 3/9: loss1=0.0216, loss2=0.1405, dev_macro_f1=0.5787, dev_err=25.53%
2026-02-21 21:06:45,526 - lg_cotrain - INFO - Phase 2 epoch 4/9: loss1=0.0152, loss2=0.0948, dev_macro_f1=0.5933, dev_err=26.20%
2026-02-21 21:07:49,019 - lg_cotrain - INFO - Phase 2 epoch 5/9: loss1=0.0121, loss2=0.0619, dev_macro_f1=0.5845, dev_err=26.86%
2026-02-21 21:08:52,633 - lg_cotrain - INFO - Phase 2 epoch 6/9: loss1=0.0070, loss2=0.0447, dev_macro_f1=0.5996, dev_err=26.20%
2026-02-21 21:09:57,320 - lg_cotrain - INFO - Phase 2 epoch 7/9: loss1=0.0068, loss2=0.0305, dev_macro_f1=0.5879, dev_err=26.86%
2026-02-21 21:11:01,213 - lg_cotrain - INFO - Phase 2 epoch 8/9: loss1=0.0063, loss2=0.0217, dev_macro_f1=0.5911, dev_err=26.86%
2026-02-21 21:12:05,579 - lg_cotrain - INFO - Phase 2 epoch 9/9: loss1=0.0056, loss2=0.0174, dev_macro_f1=0.5825, dev_err=27.53%
2026-02-21 21:12:05,579 - lg_cotrain - INFO - === Phase 3: Fine-Tuning ===
2026-02-21 21:12:08,020 - lg_cotrain - INFO - Phase 3 epoch 1: dev_macro_f1=0.5862, dev_err=27.26%, es_counter1=0, es_counter2=0
2026-02-21 21:12:10,438 - lg_cotrain - INFO - Phase 3 epoch 2: dev_macro_f1=0.5830, dev_err=27.53%, es_counter1=1, es_counter2=1
2026-02-21 21:12:12,859 - lg_cotrain - INFO - Phase 3 epoch 3: dev_macro_f1=0.5840, dev_err=27.53%, es_counter1=2, es_counter2=2
2026-02-21 21:12:15,303 - lg_cotrain - INFO - Phase 3 epoch 4: dev_macro_f1=0.5900, dev_err=27.53%, es_counter1=0, es_counter2=0
2026-02-21 21:12:17,751 - lg_cotrain - INFO - Phase 3 epoch 5: dev_macro_f1=0.6022, dev_err=27.13%, es_counter1=0, es_counter2=0
2026-02-21 21:12:20,194 - lg_cotrain - INFO - Phase 3 epoch 6: dev_macro_f1=0.6024, dev_err=27.13%, es_counter1=0, es_counter2=0
2026-02-21 21:12:22,616 - lg_cotrain - INFO - Phase 3 epoch 7: dev_macro_f1=0.5941, dev_err=27.79%, es_counter1=1, es_counter2=1
2026-02-21 21:12:25,035 - lg_cotrain - INFO - Phase 3 epoch 8: dev_macro_f1=0.5935, dev_err=28.06%, es_counter1=2, es_counter2=2
2026-02-21 21:12:27,462 - lg_cotrain - INFO - Phase 3 epoch 9: dev_macro_f1=0.5915, dev_err=28.46%, es_counter1=3, es_counter2=3
2026-02-21 21:12:29,894 - lg_cotrain - INFO - Phase 3 epoch 10: dev_macro_f1=0.5906, dev_err=28.59%, es_counter1=4, es_counter2=4
2026-02-21 21:12:32,310 - lg_cotrain - INFO - Phase 3 epoch 11: dev_macro_f1=0.5885, dev_err=28.86%, es_counter1=5, es_counter2=5
2026-02-21 21:12:34,734 - lg_cotrain - INFO - Phase 3 epoch 12: dev_macro_f1=0.5915, dev_err=28.86%, es_counter1=6, es_counter2=6
2026-02-21 21:12:37,165 - lg_cotrain - INFO - Phase 3 epoch 13: dev_macro_f1=0.5885, dev_err=29.12%, es_counter1=7, es_counter2=7
2026-02-21 21:12:37,166 - lg_cotrain - INFO - Early stopping at epoch 13
2026-02-21 21:12:37,176 - lg_cotrain - INFO - === Final Evaluation ===
2026-02-21 21:12:43,663 - lg_cotrain - INFO - Results saved to C:\Users\anhtr\AppData\Local\Temp\tmpu6jtud6p\california_wildfires_2018\5_set2\metrics.json
2026-02-21 21:12:43,664 - lg_cotrain - INFO - Test error rate: 26.97%, Test macro-F1: 0.6018, Test ECE: 0.1942
2026-02-21 21:12:43,672 - lg_cotrain - INFO - --- Trial 1/10 done: dev_macro_f1=0.6024 ---
2026-02-21 21:12:43,673 - lg_cotrain - INFO - --- Trial 2/10 ---
2026-02-21 21:12:44,226 - lg_cotrain - INFO - Starting LG-CoTrain: event=california_wildfires_2018, budget=5, seed_set=2
2026-02-21 21:12:44,257 - lg_cotrain - INFO - Detected 10 classes for event california_wildfires_2018: ['caution_and_advice', 'displaced_people_and_evacuations', 'infrastructure_and_utility_damage', 'injured_or_dead_people', 'missing_or_found_people', 'not_humanitarian', 'other_relevant_information', 'requests_or_urgent_needs', 'rescue_volunteering_or_donation_effort', 'sympathy_and_support']
2026-02-21 21:12:44,267 - lg_cotrain - INFO - D_l1: 30, D_l2: 20, D_LG: 5113
2026-02-21 21:12:44,269 - lg_cotrain - INFO - === Phase 1: Weight Generation ===
2026-02-21 21:13:02,893 - lg_cotrain - INFO - Phase 1 epoch 1/7: mean_prob1=0.1092, mean_prob2=0.0965
2026-02-21 21:13:20,519 - lg_cotrain - INFO - Phase 1 epoch 2/7: mean_prob1=0.1106, mean_prob2=0.0969
2026-02-21 21:13:38,169 - lg_cotrain - INFO - Phase 1 epoch 3/7: mean_prob1=0.0951, mean_prob2=0.1042
2026-02-21 21:13:55,811 - lg_cotrain - INFO - Phase 1 epoch 4/7: mean_prob1=0.1115, mean_prob2=0.1109
2026-02-21 21:14:13,486 - lg_cotrain - INFO - Phase 1 epoch 5/7: mean_prob1=0.1078, mean_prob2=0.1167
2026-02-21 21:14:31,092 - lg_cotrain - INFO - Phase 1 epoch 6/7: mean_prob1=0.1195, mean_prob2=0.1283
2026-02-21 21:14:48,761 - lg_cotrain - INFO - Phase 1 epoch 7/7: mean_prob1=0.1237, mean_prob2=0.1224
2026-02-21 21:14:48,762 - lg_cotrain - INFO - Phase 1 done. lambda1: mean=0.1413, range=[0.0619, 0.3400]
2026-02-21 21:14:48,762 - lg_cotrain - INFO - Phase 1 done. lambda2: mean=0.0782, range=[0.0207, 0.1474]
2026-02-21 21:14:48,762 - lg_cotrain - INFO - === Phase 2: Co-Training ===
2026-02-21 21:14:49,857 - lg_cotrain - INFO - LR scheduler: total_steps_1=2120, warmup=2; total_steps_2=2120, warmup=2
2026-02-21 21:16:01,743 - lg_cotrain - INFO - Phase 2 epoch 1/6: loss1=0.1243, loss2=0.1705, dev_macro_f1=0.4114, dev_err=37.63%
2026-02-21 21:17:13,323 - lg_cotrain - INFO - Phase 2 epoch 2/6: loss1=0.1725, loss2=0.1493, dev_macro_f1=0.3851, dev_err=37.90%
2026-02-21 21:18:24,895 - lg_cotrain - INFO - Phase 2 epoch 3/6: loss1=0.2638, loss2=0.1417, dev_macro_f1=0.4307, dev_err=32.71%
2026-02-21 21:19:36,501 - lg_cotrain - INFO - Phase 2 epoch 4/6: loss1=0.3626, loss2=0.0910, dev_macro_f1=0.3849, dev_err=36.30%
2026-02-21 21:20:47,982 - lg_cotrain - INFO - Phase 2 epoch 5/6: loss1=0.4270, loss2=0.0650, dev_macro_f1=0.4719, dev_err=32.18%
2026-02-21 21:21:59,370 - lg_cotrain - INFO - Phase 2 epoch 6/6: loss1=0.4936, loss2=0.0433, dev_macro_f1=0.5104, dev_err=30.19%
2026-02-21 21:21:59,370 - lg_cotrain - INFO - === Phase 3: Fine-Tuning ===
2026-02-21 21:22:02,065 - lg_cotrain - INFO - Phase 3 epoch 1: dev_macro_f1=0.5221, dev_err=30.32%, es_counter1=0, es_counter2=0
2026-02-21 21:22:04,762 - lg_cotrain - INFO - Phase 3 epoch 2: dev_macro_f1=0.5501, dev_err=30.05%, es_counter1=0, es_counter2=0
2026-02-21 21:22:07,427 - lg_cotrain - INFO - Phase 3 epoch 3: dev_macro_f1=0.4461, dev_err=50.93%, es_counter1=1, es_counter2=1
2026-02-21 21:22:10,085 - lg_cotrain - INFO - Phase 3 epoch 4: dev_macro_f1=0.4586, dev_err=50.80%, es_counter1=2, es_counter2=2
2026-02-21 21:22:12,770 - lg_cotrain - INFO - Phase 3 epoch 5: dev_macro_f1=0.4913, dev_err=37.10%, es_counter1=3, es_counter2=3
2026-02-21 21:22:15,443 - lg_cotrain - INFO - Phase 3 epoch 6: dev_macro_f1=0.5159, dev_err=32.71%, es_counter1=4, es_counter2=4
2026-02-21 21:22:18,114 - lg_cotrain - INFO - Phase 3 epoch 7: dev_macro_f1=0.5012, dev_err=34.18%, es_counter1=5, es_counter2=5
2026-02-21 21:22:20,793 - lg_cotrain - INFO - Phase 3 epoch 8: dev_macro_f1=0.4813, dev_err=37.37%, es_counter1=6, es_counter2=6
2026-02-21 21:22:20,794 - lg_cotrain - INFO - Early stopping at epoch 8
2026-02-21 21:22:20,805 - lg_cotrain - INFO - === Final Evaluation ===
2026-02-21 21:22:27,868 - lg_cotrain - INFO - Results saved to C:\Users\anhtr\AppData\Local\Temp\tmp7cqlmpgh\california_wildfires_2018\5_set2\metrics.json
2026-02-21 21:22:27,868 - lg_cotrain - INFO - Test error rate: 30.12%, Test macro-F1: 0.5222, Test ECE: 0.1684
2026-02-21 21:22:27,876 - lg_cotrain - INFO - --- Trial 2/10 done: dev_macro_f1=0.5501 ---
2026-02-21 21:22:27,876 - lg_cotrain - INFO - --- Trial 3/10 ---
2026-02-21 21:22:28,448 - lg_cotrain - INFO - Starting LG-CoTrain: event=california_wildfires_2018, budget=5, seed_set=2
2026-02-21 21:22:28,479 - lg_cotrain - INFO - Detected 10 classes for event california_wildfires_2018: ['caution_and_advice', 'displaced_people_and_evacuations', 'infrastructure_and_utility_damage', 'injured_or_dead_people', 'missing_or_found_people', 'not_humanitarian', 'other_relevant_information', 'requests_or_urgent_needs', 'rescue_volunteering_or_donation_effort', 'sympathy_and_support']
2026-02-21 21:22:28,487 - lg_cotrain - INFO - D_l1: 30, D_l2: 20, D_LG: 5113
2026-02-21 21:22:28,488 - lg_cotrain - INFO - === Phase 1: Weight Generation ===
2026-02-21 21:22:44,991 - lg_cotrain - INFO - Phase 1 epoch 1/7: mean_prob1=0.1020, mean_prob2=0.0992
2026-02-21 21:23:00,519 - lg_cotrain - INFO - Phase 1 epoch 2/7: mean_prob1=0.1110, mean_prob2=0.1022
2026-02-21 21:23:16,030 - lg_cotrain - INFO - Phase 1 epoch 3/7: mean_prob1=0.1128, mean_prob2=0.1025
2026-02-21 21:23:31,582 - lg_cotrain - INFO - Phase 1 epoch 4/7: mean_prob1=0.1136, mean_prob2=0.1064
2026-02-21 21:23:47,100 - lg_cotrain - INFO - Phase 1 epoch 5/7: mean_prob1=0.1139, mean_prob2=0.1100
2026-02-21 21:24:02,654 - lg_cotrain - INFO - Phase 1 epoch 6/7: mean_prob1=0.1158, mean_prob2=0.1127
2026-02-21 21:24:18,226 - lg_cotrain - INFO - Phase 1 epoch 7/7: mean_prob1=0.1198, mean_prob2=0.1172
2026-02-21 21:24:18,227 - lg_cotrain - INFO - Phase 1 done. lambda1: mean=0.1341, range=[0.0428, 0.3015]
2026-02-21 21:24:18,227 - lg_cotrain - INFO - Phase 1 done. lambda2: mean=0.0871, range=[0.0254, 0.1941]
2026-02-21 21:24:18,227 - lg_cotrain - INFO - === Phase 2: Co-Training ===
2026-02-21 21:24:19,216 - lg_cotrain - INFO - LR scheduler: total_steps_1=580, warmup=2; total_steps_2=580, warmup=2
2026-02-21 21:25:18,304 - lg_cotrain - INFO - Phase 2 epoch 1/6: loss1=0.0968, loss2=0.1503, dev_macro_f1=0.5349, dev_err=27.79%
2026-02-21 21:26:17,499 - lg_cotrain - INFO - Phase 2 epoch 2/6: loss1=0.0426, loss2=0.1909, dev_macro_f1=0.5876, dev_err=26.06%
2026-02-21 21:27:16,527 - lg_cotrain - INFO - Phase 2 epoch 3/6: loss1=0.0208, loss2=0.1510, dev_macro_f1=0.6286, dev_err=24.47%
2026-02-21 21:28:15,696 - lg_cotrain - INFO - Phase 2 epoch 4/6: loss1=0.0179, loss2=0.0933, dev_macro_f1=0.6068, dev_err=26.46%
2026-02-21 21:29:14,694 - lg_cotrain - INFO - Phase 2 epoch 5/6: loss1=0.0125, loss2=0.0506, dev_macro_f1=0.6192, dev_err=25.66%
2026-02-21 21:30:13,733 - lg_cotrain - INFO - Phase 2 epoch 6/6: loss1=0.0084, loss2=0.0269, dev_macro_f1=0.6119, dev_err=25.80%
2026-02-21 21:30:13,733 - lg_cotrain - INFO - === Phase 3: Fine-Tuning ===
2026-02-21 21:30:16,083 - lg_cotrain - INFO - Phase 3 epoch 1: dev_macro_f1=0.6111, dev_err=26.20%, es_counter1=0, es_counter2=0
2026-02-21 21:30:18,417 - lg_cotrain - INFO - Phase 3 epoch 2: dev_macro_f1=0.6033, dev_err=27.26%, es_counter1=1, es_counter2=1
2026-02-21 21:30:20,761 - lg_cotrain - INFO - Phase 3 epoch 3: dev_macro_f1=0.6238, dev_err=27.26%, es_counter1=0, es_counter2=0
2026-02-21 21:30:23,093 - lg_cotrain - INFO - Phase 3 epoch 4: dev_macro_f1=0.6150, dev_err=28.19%, es_counter1=1, es_counter2=1
2026-02-21 21:30:25,422 - lg_cotrain - INFO - Phase 3 epoch 5: dev_macro_f1=0.6075, dev_err=29.92%, es_counter1=2, es_counter2=2
2026-02-21 21:30:27,750 - lg_cotrain - INFO - Phase 3 epoch 6: dev_macro_f1=0.6218, dev_err=30.59%, es_counter1=3, es_counter2=3
2026-02-21 21:30:30,099 - lg_cotrain - INFO - Phase 3 epoch 7: dev_macro_f1=0.6111, dev_err=31.52%, es_counter1=4, es_counter2=4
2026-02-21 21:30:30,099 - lg_cotrain - INFO - Early stopping at epoch 7
2026-02-21 21:30:30,107 - lg_cotrain - INFO - === Final Evaluation ===
2026-02-21 21:30:36,432 - lg_cotrain - INFO - Results saved to C:\Users\anhtr\AppData\Local\Temp\tmphlevu6zp\california_wildfires_2018\5_set2\metrics.json
2026-02-21 21:30:36,432 - lg_cotrain - INFO - Test error rate: 27.52%, Test macro-F1: 0.6374, Test ECE: 0.1731
2026-02-21 21:30:36,443 - lg_cotrain - INFO - --- Trial 3/10 done: dev_macro_f1=0.6238 ---
2026-02-21 21:30:36,443 - lg_cotrain - INFO - --- Trial 4/10 ---
2026-02-21 21:30:37,013 - lg_cotrain - INFO - Starting LG-CoTrain: event=california_wildfires_2018, budget=5, seed_set=2
2026-02-21 21:30:37,050 - lg_cotrain - INFO - Detected 10 classes for event california_wildfires_2018: ['caution_and_advice', 'displaced_people_and_evacuations', 'infrastructure_and_utility_damage', 'injured_or_dead_people', 'missing_or_found_people', 'not_humanitarian', 'other_relevant_information', 'requests_or_urgent_needs', 'rescue_volunteering_or_donation_effort', 'sympathy_and_support']
2026-02-21 21:30:37,061 - lg_cotrain - INFO - D_l1: 30, D_l2: 20, D_LG: 5113
2026-02-21 21:30:37,063 - lg_cotrain - INFO - === Phase 1: Weight Generation ===
2026-02-21 21:30:56,912 - lg_cotrain - INFO - Phase 1 epoch 1/7: mean_prob1=0.0984, mean_prob2=0.1052
2026-02-21 21:31:15,906 - lg_cotrain - INFO - Phase 1 epoch 2/7: mean_prob1=0.1085, mean_prob2=0.1009
2026-02-21 21:31:34,838 - lg_cotrain - INFO - Phase 1 epoch 3/7: mean_prob1=0.1296, mean_prob2=0.1050
2026-02-21 21:31:54,063 - lg_cotrain - INFO - Phase 1 epoch 4/7: mean_prob1=0.1210, mean_prob2=0.1135
2026-02-21 21:32:13,353 - lg_cotrain - INFO - Phase 1 epoch 5/7: mean_prob1=0.1200, mean_prob2=0.1168
2026-02-21 21:32:32,488 - lg_cotrain - INFO - Phase 1 epoch 6/7: mean_prob1=0.1741, mean_prob2=0.1134
2026-02-21 21:32:51,562 - lg_cotrain - INFO - Phase 1 epoch 7/7: mean_prob1=0.2478, mean_prob2=0.1233
2026-02-21 21:32:51,563 - lg_cotrain - INFO - Phase 1 done. lambda1: mean=0.2241, range=[0.0623, 0.6252]
2026-02-21 21:32:51,563 - lg_cotrain - INFO - Phase 1 done. lambda2: mean=0.0731, range=[0.0000, 0.1663]
2026-02-21 21:32:51,563 - lg_cotrain - INFO - === Phase 2: Co-Training ===
2026-02-21 21:32:52,635 - lg_cotrain - INFO - LR scheduler: total_steps_1=7440, warmup=1861; total_steps_2=7340, warmup=1836
2026-02-21 21:34:17,162 - lg_cotrain - INFO - Phase 2 epoch 1/11: loss1=0.0833, loss2=0.2270, dev_macro_f1=0.5671, dev_err=28.19%
2026-02-21 21:35:41,677 - lg_cotrain - INFO - Phase 2 epoch 2/11: loss1=0.0923, loss2=0.4726, dev_macro_f1=0.4711, dev_err=33.78%
2026-02-21 21:37:05,738 - lg_cotrain - INFO - Phase 2 epoch 3/11: loss1=0.2241, loss2=0.8314, dev_macro_f1=0.1257, dev_err=59.84%
2026-02-21 21:38:30,553 - lg_cotrain - INFO - Phase 2 epoch 4/11: loss1=0.1618, loss2=1.1057, dev_macro_f1=0.0419, dev_err=73.54%
2026-02-21 21:39:54,771 - lg_cotrain - INFO - Phase 2 epoch 5/11: loss1=0.1104, loss2=1.0079, dev_macro_f1=0.0419, dev_err=73.54%
2026-02-21 21:41:18,415 - lg_cotrain - INFO - Phase 2 epoch 6/11: loss1=0.0849, loss2=0.9339, dev_macro_f1=0.0419, dev_err=73.54%
2026-02-21 21:42:41,910 - lg_cotrain - INFO - Phase 2 epoch 7/11: loss1=0.0793, loss2=0.8801, dev_macro_f1=0.0419, dev_err=73.54%
2026-02-21 21:44:05,531 - lg_cotrain - INFO - Phase 2 epoch 8/11: loss1=0.0763, loss2=0.8333, dev_macro_f1=0.0419, dev_err=73.54%
2026-02-21 21:45:29,078 - lg_cotrain - INFO - Phase 2 epoch 9/11: loss1=0.0762, loss2=0.7950, dev_macro_f1=0.0419, dev_err=73.54%
2026-02-21 21:46:52,647 - lg_cotrain - INFO - Phase 2 epoch 10/11: loss1=0.0749, loss2=0.7627, dev_macro_f1=0.0419, dev_err=73.54%
2026-02-21 21:48:16,105 - lg_cotrain - INFO - Phase 2 epoch 11/11: loss1=0.0763, loss2=0.7355, dev_macro_f1=0.0419, dev_err=73.54%
2026-02-21 21:48:16,105 - lg_cotrain - INFO - === Phase 3: Fine-Tuning ===
2026-02-21 21:48:19,004 - lg_cotrain - INFO - Phase 3 epoch 1: dev_macro_f1=0.0419, dev_err=73.54%, es_counter1=0, es_counter2=0
2026-02-21 21:48:21,881 - lg_cotrain - INFO - Phase 3 epoch 2: dev_macro_f1=0.0419, dev_err=73.54%, es_counter1=1, es_counter2=1
2026-02-21 21:48:24,747 - lg_cotrain - INFO - Phase 3 epoch 3: dev_macro_f1=0.0419, dev_err=73.54%, es_counter1=2, es_counter2=2
2026-02-21 21:48:27,625 - lg_cotrain - INFO - Phase 3 epoch 4: dev_macro_f1=0.0419, dev_err=73.54%, es_counter1=3, es_counter2=3
2026-02-21 21:48:30,496 - lg_cotrain - INFO - Phase 3 epoch 5: dev_macro_f1=0.0302, dev_err=82.18%, es_counter1=4, es_counter2=4
2026-02-21 21:48:33,358 - lg_cotrain - INFO - Phase 3 epoch 6: dev_macro_f1=0.0302, dev_err=82.18%, es_counter1=5, es_counter2=5
2026-02-21 21:48:33,358 - lg_cotrain - INFO - Early stopping at epoch 6
2026-02-21 21:48:33,368 - lg_cotrain - INFO - === Final Evaluation ===
2026-02-21 21:48:40,957 - lg_cotrain - INFO - Results saved to C:\Users\anhtr\AppData\Local\Temp\tmpej3a1di9\california_wildfires_2018\5_set2\metrics.json
2026-02-21 21:48:40,957 - lg_cotrain - INFO - Test error rate: 73.65%, Test macro-F1: 0.0417, Test ECE: 0.2615
2026-02-21 21:48:40,966 - lg_cotrain - INFO - --- Trial 4/10 done: dev_macro_f1=0.0419 ---
2026-02-21 21:48:40,966 - lg_cotrain - INFO - --- Trial 5/10 ---
2026-02-21 21:48:41,541 - lg_cotrain - INFO - Starting LG-CoTrain: event=california_wildfires_2018, budget=5, seed_set=2
2026-02-21 21:48:41,578 - lg_cotrain - INFO - Detected 10 classes for event california_wildfires_2018: ['caution_and_advice', 'displaced_people_and_evacuations', 'infrastructure_and_utility_damage', 'injured_or_dead_people', 'missing_or_found_people', 'not_humanitarian', 'other_relevant_information', 'requests_or_urgent_needs', 'rescue_volunteering_or_donation_effort', 'sympathy_and_support']
2026-02-21 21:48:41,586 - lg_cotrain - INFO - D_l1: 30, D_l2: 20, D_LG: 5113
2026-02-21 21:48:41,587 - lg_cotrain - INFO - === Phase 1: Weight Generation ===
2026-02-21 21:48:58,654 - lg_cotrain - INFO - Phase 1 epoch 1/7: mean_prob1=0.0961, mean_prob2=0.0986
2026-02-21 21:49:14,749 - lg_cotrain - INFO - Phase 1 epoch 2/7: mean_prob1=0.0973, mean_prob2=0.0994
2026-02-21 21:49:30,813 - lg_cotrain - INFO - Phase 1 epoch 3/7: mean_prob1=0.0985, mean_prob2=0.1001
2026-02-21 21:49:46,867 - lg_cotrain - INFO - Phase 1 epoch 4/7: mean_prob1=0.0999, mean_prob2=0.1006
2026-02-21 21:50:03,026 - lg_cotrain - INFO - Phase 1 epoch 5/7: mean_prob1=0.1011, mean_prob2=0.1011
2026-02-21 21:50:19,124 - lg_cotrain - INFO - Phase 1 epoch 6/7: mean_prob1=0.1023, mean_prob2=0.1015
2026-02-21 21:50:35,136 - lg_cotrain - INFO - Phase 1 epoch 7/7: mean_prob1=0.1038, mean_prob2=0.1019
2026-02-21 21:50:35,137 - lg_cotrain - INFO - Phase 1 done. lambda1: mean=0.1062, range=[0.0550, 0.1904]
2026-02-21 21:50:35,137 - lg_cotrain - INFO - Phase 1 done. lambda2: mean=0.0953, range=[0.0297, 0.1937]
2026-02-21 21:50:35,137 - lg_cotrain - INFO - === Phase 2: Co-Training ===
2026-02-21 21:50:36,106 - lg_cotrain - INFO - LR scheduler: total_steps_1=2980, warmup=254; total_steps_2=2980, warmup=254
2026-02-21 21:51:39,733 - lg_cotrain - INFO - Phase 2 epoch 1/18: loss1=0.1873, loss2=0.2123, dev_macro_f1=0.2598, dev_err=39.49%
2026-02-21 21:52:43,354 - lg_cotrain - INFO - Phase 2 epoch 2/18: loss1=0.0803, loss2=0.1875, dev_macro_f1=0.4347, dev_err=29.79%
2026-02-21 21:53:46,887 - lg_cotrain - INFO - Phase 2 epoch 3/18: loss1=0.0365, loss2=0.1542, dev_macro_f1=0.4802, dev_err=27.93%
2026-02-21 21:54:50,428 - lg_cotrain - INFO - Phase 2 epoch 4/18: loss1=0.0205, loss2=0.1202, dev_macro_f1=0.5347, dev_err=27.39%
2026-02-21 21:55:53,972 - lg_cotrain - INFO - Phase 2 epoch 5/18: loss1=0.0139, loss2=0.0911, dev_macro_f1=0.5857, dev_err=26.06%
2026-02-21 21:56:57,595 - lg_cotrain - INFO - Phase 2 epoch 6/18: loss1=0.0140, loss2=0.0709, dev_macro_f1=0.5724, dev_err=27.13%
2026-02-21 21:58:01,178 - lg_cotrain - INFO - Phase 2 epoch 7/18: loss1=0.0116, loss2=0.0546, dev_macro_f1=0.5879, dev_err=26.60%
2026-02-21 21:59:04,730 - lg_cotrain - INFO - Phase 2 epoch 8/18: loss1=0.0096, loss2=0.0420, dev_macro_f1=0.5824, dev_err=26.60%
2026-02-21 22:00:08,475 - lg_cotrain - INFO - Phase 2 epoch 9/18: loss1=0.0108, loss2=0.0328, dev_macro_f1=0.5936, dev_err=26.73%
2026-02-21 22:01:12,061 - lg_cotrain - INFO - Phase 2 epoch 10/18: loss1=0.0078, loss2=0.0252, dev_macro_f1=0.5936, dev_err=26.46%
2026-02-21 22:02:15,770 - lg_cotrain - INFO - Phase 2 epoch 11/18: loss1=0.0077, loss2=0.0226, dev_macro_f1=0.6144, dev_err=25.66%
2026-02-21 22:03:19,569 - lg_cotrain - INFO - Phase 2 epoch 12/18: loss1=0.0072, loss2=0.0192, dev_macro_f1=0.6119, dev_err=25.80%
2026-02-21 22:04:23,408 - lg_cotrain - INFO - Phase 2 epoch 13/18: loss1=0.0072, loss2=0.0176, dev_macro_f1=0.6092, dev_err=26.20%
2026-02-21 22:05:27,062 - lg_cotrain - INFO - Phase 2 epoch 14/18: loss1=0.0065, loss2=0.0134, dev_macro_f1=0.6062, dev_err=26.46%
2026-02-21 22:06:30,494 - lg_cotrain - INFO - Phase 2 epoch 15/18: loss1=0.0062, loss2=0.0126, dev_macro_f1=0.5932, dev_err=27.13%
2026-02-21 22:07:34,018 - lg_cotrain - INFO - Phase 2 epoch 16/18: loss1=0.0064, loss2=0.0110, dev_macro_f1=0.5994, dev_err=26.99%
2026-02-21 22:08:37,458 - lg_cotrain - INFO - Phase 2 epoch 17/18: loss1=0.0054, loss2=0.0106, dev_macro_f1=0.5993, dev_err=27.13%
2026-02-21 22:09:40,849 - lg_cotrain - INFO - Phase 2 epoch 18/18: loss1=0.0063, loss2=0.0119, dev_macro_f1=0.5948, dev_err=27.39%
2026-02-21 22:09:40,850 - lg_cotrain - INFO - === Phase 3: Fine-Tuning ===
2026-02-21 22:09:43,283 - lg_cotrain - INFO - Phase 3 epoch 1: dev_macro_f1=0.5977, dev_err=27.13%, es_counter1=0, es_counter2=0
2026-02-21 22:09:45,709 - lg_cotrain - INFO - Phase 3 epoch 2: dev_macro_f1=0.5960, dev_err=27.39%, es_counter1=1, es_counter2=1
2026-02-21 22:09:48,142 - lg_cotrain - INFO - Phase 3 epoch 3: dev_macro_f1=0.5954, dev_err=27.53%, es_counter1=2, es_counter2=2
2026-02-21 22:09:50,568 - lg_cotrain - INFO - Phase 3 epoch 4: dev_macro_f1=0.5943, dev_err=27.66%, es_counter1=3, es_counter2=3
2026-02-21 22:09:52,992 - lg_cotrain - INFO - Phase 3 epoch 5: dev_macro_f1=0.5951, dev_err=27.39%, es_counter1=4, es_counter2=4
2026-02-21 22:09:55,420 - lg_cotrain - INFO - Phase 3 epoch 6: dev_macro_f1=0.5959, dev_err=27.39%, es_counter1=5, es_counter2=5
2026-02-21 22:09:57,849 - lg_cotrain - INFO - Phase 3 epoch 7: dev_macro_f1=0.5954, dev_err=27.39%, es_counter1=6, es_counter2=6
2026-02-21 22:10:00,275 - lg_cotrain - INFO - Phase 3 epoch 8: dev_macro_f1=0.5962, dev_err=27.39%, es_counter1=7, es_counter2=7
2026-02-21 22:10:02,728 - lg_cotrain - INFO - Phase 3 epoch 9: dev_macro_f1=0.6039, dev_err=26.99%, es_counter1=0, es_counter2=0
2026-02-21 22:10:05,170 - lg_cotrain - INFO - Phase 3 epoch 10: dev_macro_f1=0.6071, dev_err=26.99%, es_counter1=0, es_counter2=0
2026-02-21 22:10:07,599 - lg_cotrain - INFO - Phase 3 epoch 11: dev_macro_f1=0.6058, dev_err=27.13%, es_counter1=1, es_counter2=1
2026-02-21 22:10:10,018 - lg_cotrain - INFO - Phase 3 epoch 12: dev_macro_f1=0.6040, dev_err=27.39%, es_counter1=2, es_counter2=2
2026-02-21 22:10:12,441 - lg_cotrain - INFO - Phase 3 epoch 13: dev_macro_f1=0.6030, dev_err=27.53%, es_counter1=3, es_counter2=3
2026-02-21 22:10:14,854 - lg_cotrain - INFO - Phase 3 epoch 14: dev_macro_f1=0.6029, dev_err=27.53%, es_counter1=4, es_counter2=4
2026-02-21 22:10:17,291 - lg_cotrain - INFO - Phase 3 epoch 15: dev_macro_f1=0.5967, dev_err=27.93%, es_counter1=5, es_counter2=5
2026-02-21 22:10:19,705 - lg_cotrain - INFO - Phase 3 epoch 16: dev_macro_f1=0.5983, dev_err=27.79%, es_counter1=6, es_counter2=6
2026-02-21 22:10:22,120 - lg_cotrain - INFO - Phase 3 epoch 17: dev_macro_f1=0.5971, dev_err=27.79%, es_counter1=7, es_counter2=7
2026-02-21 22:10:24,542 - lg_cotrain - INFO - Phase 3 epoch 18: dev_macro_f1=0.5977, dev_err=27.79%, es_counter1=8, es_counter2=8
2026-02-21 22:10:24,543 - lg_cotrain - INFO - Early stopping at epoch 18
2026-02-21 22:10:24,552 - lg_cotrain - INFO - === Final Evaluation ===
2026-02-21 22:10:30,990 - lg_cotrain - INFO - Results saved to C:\Users\anhtr\AppData\Local\Temp\tmp6jsltei7\california_wildfires_2018\5_set2\metrics.json
2026-02-21 22:10:30,990 - lg_cotrain - INFO - Test error rate: 27.31%, Test macro-F1: 0.6031, Test ECE: 0.2074
2026-02-21 22:10:30,999 - lg_cotrain - INFO - --- Trial 5/10 done: dev_macro_f1=0.6071 ---
2026-02-21 22:10:30,999 - lg_cotrain - INFO - --- Trial 6/10 ---
2026-02-21 22:10:31,568 - lg_cotrain - INFO - Starting LG-CoTrain: event=california_wildfires_2018, budget=5, seed_set=2
2026-02-21 22:10:31,612 - lg_cotrain - INFO - Detected 10 classes for event california_wildfires_2018: ['caution_and_advice', 'displaced_people_and_evacuations', 'infrastructure_and_utility_damage', 'injured_or_dead_people', 'missing_or_found_people', 'not_humanitarian', 'other_relevant_information', 'requests_or_urgent_needs', 'rescue_volunteering_or_donation_effort', 'sympathy_and_support']
2026-02-21 22:10:31,620 - lg_cotrain - INFO - D_l1: 30, D_l2: 20, D_LG: 5113
2026-02-21 22:10:31,622 - lg_cotrain - INFO - === Phase 1: Weight Generation ===
2026-02-21 22:10:51,597 - lg_cotrain - INFO - Phase 1 epoch 1/7: mean_prob1=0.0993, mean_prob2=0.1044
2026-02-21 22:11:10,691 - lg_cotrain - INFO - Phase 1 epoch 2/7: mean_prob1=0.1112, mean_prob2=0.1062
2026-02-21 22:11:29,987 - lg_cotrain - INFO - Phase 1 epoch 3/7: mean_prob1=0.1182, mean_prob2=0.1136
2026-02-21 22:11:48,982 - lg_cotrain - INFO - Phase 1 epoch 4/7: mean_prob1=0.1341, mean_prob2=0.1140
2026-02-21 22:12:07,975 - lg_cotrain - INFO - Phase 1 epoch 5/7: mean_prob1=0.1461, mean_prob2=0.1086
2026-02-21 22:12:27,065 - lg_cotrain - INFO - Phase 1 epoch 6/7: mean_prob1=0.1615, mean_prob2=0.1118
2026-02-21 22:12:48,172 - lg_cotrain - INFO - Phase 1 epoch 7/7: mean_prob1=0.1608, mean_prob2=0.1178
2026-02-21 22:12:48,173 - lg_cotrain - INFO - Phase 1 done. lambda1: mean=0.1795, range=[0.0473, 0.4826]
2026-02-21 22:12:48,173 - lg_cotrain - INFO - Phase 1 done. lambda2: mean=0.0760, range=[0.0000, 0.2012]
2026-02-21 22:12:48,173 - lg_cotrain - INFO - === Phase 2: Co-Training ===
2026-02-21 22:12:49,168 - lg_cotrain - INFO - LR scheduler: total_steps_1=10000, warmup=624; total_steps_2=9900, warmup=618
2026-02-21 22:14:13,823 - lg_cotrain - INFO - Phase 2 epoch 1/15: loss1=0.0866, loss2=0.1926, dev_macro_f1=0.5320, dev_err=26.99%
2026-02-21 22:15:38,669 - lg_cotrain - INFO - Phase 2 epoch 2/15: loss1=0.0734, loss2=0.5376, dev_macro_f1=0.4860, dev_err=30.45%
2026-02-21 22:17:03,024 - lg_cotrain - INFO - Phase 2 epoch 3/15: loss1=0.0336, loss2=0.5653, dev_macro_f1=0.4772, dev_err=30.85%
2026-02-21 22:18:27,646 - lg_cotrain - INFO - Phase 2 epoch 4/15: loss1=0.0374, loss2=0.3872, dev_macro_f1=0.5125, dev_err=28.86%
2026-02-21 22:19:52,210 - lg_cotrain - INFO - Phase 2 epoch 5/15: loss1=0.0449, loss2=0.2844, dev_macro_f1=0.4973, dev_err=29.79%
2026-02-21 22:21:16,152 - lg_cotrain - INFO - Phase 2 epoch 6/15: loss1=0.0426, loss2=0.1864, dev_macro_f1=0.5524, dev_err=28.46%
2026-02-21 22:22:40,151 - lg_cotrain - INFO - Phase 2 epoch 7/15: loss1=0.0855, loss2=0.1659, dev_macro_f1=0.5376, dev_err=28.72%
2026-02-21 22:24:04,326 - lg_cotrain - INFO - Phase 2 epoch 8/15: loss1=0.0313, loss2=0.0900, dev_macro_f1=0.5456, dev_err=27.79%
2026-02-21 22:25:28,254 - lg_cotrain - INFO - Phase 2 epoch 9/15: loss1=0.0314, loss2=0.0714, dev_macro_f1=0.5580, dev_err=27.26%
2026-02-21 22:26:52,157 - lg_cotrain - INFO - Phase 2 epoch 10/15: loss1=0.0400, loss2=0.0560, dev_macro_f1=0.5670, dev_err=26.46%
2026-02-21 22:28:16,270 - lg_cotrain - INFO - Phase 2 epoch 11/15: loss1=0.0231, loss2=0.0479, dev_macro_f1=0.5677, dev_err=27.13%
2026-02-21 22:29:40,319 - lg_cotrain - INFO - Phase 2 epoch 12/15: loss1=0.0263, loss2=0.0371, dev_macro_f1=0.5599, dev_err=27.66%
2026-02-21 22:31:04,369 - lg_cotrain - INFO - Phase 2 epoch 13/15: loss1=0.0223, loss2=0.0261, dev_macro_f1=0.5829, dev_err=26.99%
2026-02-21 22:32:28,582 - lg_cotrain - INFO - Phase 2 epoch 14/15: loss1=0.0167, loss2=0.0169, dev_macro_f1=0.5681, dev_err=27.66%
2026-02-21 22:33:53,579 - lg_cotrain - INFO - Phase 2 epoch 15/15: loss1=0.0172, loss2=0.0135, dev_macro_f1=0.5657, dev_err=28.06%
2026-02-21 22:33:53,579 - lg_cotrain - INFO - === Phase 3: Fine-Tuning ===
2026-02-21 22:33:56,568 - lg_cotrain - INFO - Phase 3 epoch 1: dev_macro_f1=0.5692, dev_err=27.79%, es_counter1=0, es_counter2=0
2026-02-21 22:33:59,520 - lg_cotrain - INFO - Phase 3 epoch 2: dev_macro_f1=0.5666, dev_err=27.93%, es_counter1=1, es_counter2=1
2026-02-21 22:34:02,475 - lg_cotrain - INFO - Phase 3 epoch 3: dev_macro_f1=0.5692, dev_err=28.19%, es_counter1=2, es_counter2=2
2026-02-21 22:34:05,462 - lg_cotrain - INFO - Phase 3 epoch 4: dev_macro_f1=0.5718, dev_err=28.72%, es_counter1=0, es_counter2=0
2026-02-21 22:34:08,400 - lg_cotrain - INFO - Phase 3 epoch 5: dev_macro_f1=0.5645, dev_err=29.12%, es_counter1=1, es_counter2=1
2026-02-21 22:34:11,349 - lg_cotrain - INFO - Phase 3 epoch 6: dev_macro_f1=0.5625, dev_err=29.39%, es_counter1=2, es_counter2=2
2026-02-21 22:34:14,298 - lg_cotrain - INFO - Phase 3 epoch 7: dev_macro_f1=0.5616, dev_err=29.39%, es_counter1=3, es_counter2=3
2026-02-21 22:34:17,254 - lg_cotrain - INFO - Phase 3 epoch 8: dev_macro_f1=0.5570, dev_err=29.79%, es_counter1=4, es_counter2=4
2026-02-21 22:34:17,254 - lg_cotrain - INFO - Early stopping at epoch 8
2026-02-21 22:34:17,263 - lg_cotrain - INFO - === Final Evaluation ===
2026-02-21 22:34:25,010 - lg_cotrain - INFO - Results saved to C:\Users\anhtr\AppData\Local\Temp\tmp8sef6ajt\california_wildfires_2018\5_set2\metrics.json
2026-02-21 22:34:25,010 - lg_cotrain - INFO - Test error rate: 29.30%, Test macro-F1: 0.5707, Test ECE: 0.1529
2026-02-21 22:34:25,019 - lg_cotrain - INFO - --- Trial 6/10 done: dev_macro_f1=0.5718 ---
2026-02-21 22:34:25,019 - lg_cotrain - INFO - --- Trial 7/10 ---
2026-02-21 22:34:25,594 - lg_cotrain - INFO - Starting LG-CoTrain: event=california_wildfires_2018, budget=5, seed_set=2
2026-02-21 22:34:25,626 - lg_cotrain - INFO - Detected 10 classes for event california_wildfires_2018: ['caution_and_advice', 'displaced_people_and_evacuations', 'infrastructure_and_utility_damage', 'injured_or_dead_people', 'missing_or_found_people', 'not_humanitarian', 'other_relevant_information', 'requests_or_urgent_needs', 'rescue_volunteering_or_donation_effort', 'sympathy_and_support']
2026-02-21 22:34:25,632 - lg_cotrain - INFO - D_l1: 30, D_l2: 20, D_LG: 5113
2026-02-21 22:34:25,634 - lg_cotrain - INFO - === Phase 1: Weight Generation ===
2026-02-21 22:34:46,290 - lg_cotrain - INFO - Phase 1 epoch 1/7: mean_prob1=0.0977, mean_prob2=0.0990
2026-02-21 22:35:05,925 - lg_cotrain - INFO - Phase 1 epoch 2/7: mean_prob1=0.1019, mean_prob2=0.1017
2026-02-21 22:35:25,247 - lg_cotrain - INFO - Phase 1 epoch 3/7: mean_prob1=0.1079, mean_prob2=0.1018
2026-02-21 22:35:44,512 - lg_cotrain - INFO - Phase 1 epoch 4/7: mean_prob1=0.1136, mean_prob2=0.1030
2026-02-21 22:36:03,720 - lg_cotrain - INFO - Phase 1 epoch 5/7: mean_prob1=0.1166, mean_prob2=0.1047
2026-02-21 22:36:22,885 - lg_cotrain - INFO - Phase 1 epoch 6/7: mean_prob1=0.1205, mean_prob2=0.1043
2026-02-21 22:36:42,428 - lg_cotrain - INFO - Phase 1 epoch 7/7: mean_prob1=0.1245, mean_prob2=0.1040
2026-02-21 22:36:42,429 - lg_cotrain - INFO - Phase 1 done. lambda1: mean=0.1309, range=[0.0510, 0.2472]
2026-02-21 22:36:42,429 - lg_cotrain - INFO - Phase 1 done. lambda2: mean=0.0860, range=[0.0153, 0.1817]
2026-02-21 22:36:42,429 - lg_cotrain - INFO - === Phase 2: Co-Training ===
2026-02-21 22:36:43,414 - lg_cotrain - INFO - LR scheduler: total_steps_1=8080, warmup=2094; total_steps_2=7980, warmup=2068
2026-02-21 22:38:07,544 - lg_cotrain - INFO - Phase 2 epoch 1/12: loss1=0.1487, loss2=0.2234, dev_macro_f1=0.3258, dev_err=35.51%
2026-02-21 22:39:31,669 - lg_cotrain - INFO - Phase 2 epoch 2/12: loss1=0.0552, loss2=0.1605, dev_macro_f1=0.5329, dev_err=26.86%
2026-02-21 22:40:55,726 - lg_cotrain - INFO - Phase 2 epoch 3/12: loss1=0.0317, loss2=0.1636, dev_macro_f1=0.5909, dev_err=26.06%
2026-02-21 22:42:19,909 - lg_cotrain - INFO - Phase 2 epoch 4/12: loss1=0.0229, loss2=0.1353, dev_macro_f1=0.5708, dev_err=27.13%
2026-02-21 22:43:44,310 - lg_cotrain - INFO - Phase 2 epoch 5/12: loss1=0.0168, loss2=0.0879, dev_macro_f1=0.5898, dev_err=26.06%
2026-02-21 22:45:08,566 - lg_cotrain - INFO - Phase 2 epoch 6/12: loss1=0.0157, loss2=0.0513, dev_macro_f1=0.6038, dev_err=25.40%
2026-02-21 22:46:33,044 - lg_cotrain - INFO - Phase 2 epoch 7/12: loss1=0.0103, loss2=0.0248, dev_macro_f1=0.6171, dev_err=25.00%
2026-02-21 22:47:57,382 - lg_cotrain - INFO - Phase 2 epoch 8/12: loss1=0.0096, loss2=0.0193, dev_macro_f1=0.6006, dev_err=26.20%
2026-02-21 22:49:21,729 - lg_cotrain - INFO - Phase 2 epoch 9/12: loss1=0.0069, loss2=0.0110, dev_macro_f1=0.6008, dev_err=26.06%
2026-02-21 22:50:45,935 - lg_cotrain - INFO - Phase 2 epoch 10/12: loss1=0.0072, loss2=0.0083, dev_macro_f1=0.6046, dev_err=26.73%
2026-02-21 22:52:10,002 - lg_cotrain - INFO - Phase 2 epoch 11/12: loss1=0.0049, loss2=0.0057, dev_macro_f1=0.5994, dev_err=26.33%
2026-02-21 22:53:35,007 - lg_cotrain - INFO - Phase 2 epoch 12/12: loss1=0.0044, loss2=0.0048, dev_macro_f1=0.6111, dev_err=26.20%
2026-02-21 22:53:35,008 - lg_cotrain - INFO - === Phase 3: Fine-Tuning ===
2026-02-21 22:53:37,983 - lg_cotrain - INFO - Phase 3 epoch 1: dev_macro_f1=0.6065, dev_err=26.33%, es_counter1=0, es_counter2=0
2026-02-21 22:53:40,929 - lg_cotrain - INFO - Phase 3 epoch 2: dev_macro_f1=0.6039, dev_err=26.46%, es_counter1=1, es_counter2=1
2026-02-21 22:53:43,865 - lg_cotrain - INFO - Phase 3 epoch 3: dev_macro_f1=0.6020, dev_err=26.46%, es_counter1=2, es_counter2=2
2026-02-21 22:53:46,819 - lg_cotrain - INFO - Phase 3 epoch 4: dev_macro_f1=0.6049, dev_err=26.46%, es_counter1=3, es_counter2=3
2026-02-21 22:53:49,779 - lg_cotrain - INFO - Phase 3 epoch 5: dev_macro_f1=0.6039, dev_err=26.73%, es_counter1=4, es_counter2=4
2026-02-21 22:53:52,715 - lg_cotrain - INFO - Phase 3 epoch 6: dev_macro_f1=0.5998, dev_err=27.26%, es_counter1=5, es_counter2=5
2026-02-21 22:53:55,641 - lg_cotrain - INFO - Phase 3 epoch 7: dev_macro_f1=0.6009, dev_err=27.53%, es_counter1=6, es_counter2=6
2026-02-21 22:53:58,582 - lg_cotrain - INFO - Phase 3 epoch 8: dev_macro_f1=0.5981, dev_err=27.93%, es_counter1=7, es_counter2=7
2026-02-21 22:54:01,502 - lg_cotrain - INFO - Phase 3 epoch 9: dev_macro_f1=0.5958, dev_err=28.19%, es_counter1=8, es_counter2=8
2026-02-21 22:54:04,481 - lg_cotrain - INFO - Phase 3 epoch 10: dev_macro_f1=0.5944, dev_err=28.46%, es_counter1=9, es_counter2=9
2026-02-21 22:54:07,482 - lg_cotrain - INFO - Phase 3 epoch 11: dev_macro_f1=0.5944, dev_err=28.59%, es_counter1=10, es_counter2=10
2026-02-21 22:54:07,482 - lg_cotrain - INFO - Early stopping at epoch 11
2026-02-21 22:54:07,490 - lg_cotrain - INFO - === Final Evaluation ===
2026-02-21 22:54:15,332 - lg_cotrain - INFO - Results saved to C:\Users\anhtr\AppData\Local\Temp\tmpn4jf_fnp\california_wildfires_2018\5_set2\metrics.json
2026-02-21 22:54:15,332 - lg_cotrain - INFO - Test error rate: 26.76%, Test macro-F1: 0.6078, Test ECE: 0.1985
2026-02-21 22:54:15,341 - lg_cotrain - INFO - --- Trial 7/10 done: dev_macro_f1=0.6065 ---
2026-02-21 22:54:15,342 - lg_cotrain - INFO - --- Trial 8/10 ---
2026-02-21 22:54:15,913 - lg_cotrain - INFO - Starting LG-CoTrain: event=california_wildfires_2018, budget=5, seed_set=2
2026-02-21 22:54:15,944 - lg_cotrain - INFO - Detected 10 classes for event california_wildfires_2018: ['caution_and_advice', 'displaced_people_and_evacuations', 'infrastructure_and_utility_damage', 'injured_or_dead_people', 'missing_or_found_people', 'not_humanitarian', 'other_relevant_information', 'requests_or_urgent_needs', 'rescue_volunteering_or_donation_effort', 'sympathy_and_support']
2026-02-21 22:54:15,951 - lg_cotrain - INFO - D_l1: 30, D_l2: 20, D_LG: 5113
2026-02-21 22:54:15,952 - lg_cotrain - INFO - === Phase 1: Weight Generation ===
2026-02-21 22:54:33,340 - lg_cotrain - INFO - Phase 1 epoch 1/7: mean_prob1=0.1087, mean_prob2=0.0978
2026-02-21 22:54:49,647 - lg_cotrain - INFO - Phase 1 epoch 2/7: mean_prob1=0.1103, mean_prob2=0.1005
2026-02-21 22:55:06,422 - lg_cotrain - INFO - Phase 1 epoch 3/7: mean_prob1=0.1084, mean_prob2=0.1008
2026-02-21 22:55:22,966 - lg_cotrain - INFO - Phase 1 epoch 4/7: mean_prob1=0.1129, mean_prob2=0.1088
2026-02-21 22:55:39,498 - lg_cotrain - INFO - Phase 1 epoch 5/7: mean_prob1=0.1246, mean_prob2=0.1127
2026-02-21 22:55:56,310 - lg_cotrain - INFO - Phase 1 epoch 6/7: mean_prob1=0.1326, mean_prob2=0.1159
2026-02-21 22:56:12,965 - lg_cotrain - INFO - Phase 1 epoch 7/7: mean_prob1=0.1361, mean_prob2=0.1160
2026-02-21 22:56:12,966 - lg_cotrain - INFO - Phase 1 done. lambda1: mean=0.1499, range=[0.0539, 0.3314]
2026-02-21 22:56:12,966 - lg_cotrain - INFO - Phase 1 done. lambda2: mean=0.0805, range=[0.0163, 0.1923]
2026-02-21 22:56:12,967 - lg_cotrain - INFO - === Phase 2: Co-Training ===
2026-02-21 22:56:14,129 - lg_cotrain - INFO - LR scheduler: total_steps_1=1220, warmup=280; total_steps_2=1220, warmup=280
2026-02-21 22:57:18,956 - lg_cotrain - INFO - Phase 2 epoch 1/7: loss1=0.1070, loss2=0.2002, dev_macro_f1=0.5116, dev_err=29.12%
2026-02-21 22:58:23,779 - lg_cotrain - INFO - Phase 2 epoch 2/7: loss1=0.0499, loss2=0.2882, dev_macro_f1=0.5682, dev_err=26.06%
2026-02-21 22:59:27,757 - lg_cotrain - INFO - Phase 2 epoch 3/7: loss1=0.0542, loss2=0.2899, dev_macro_f1=0.5421, dev_err=28.06%
2026-02-21 23:00:31,563 - lg_cotrain - INFO - Phase 2 epoch 4/7: loss1=0.0418, loss2=0.1687, dev_macro_f1=0.5961, dev_err=26.33%
2026-02-21 23:01:35,474 - lg_cotrain - INFO - Phase 2 epoch 5/7: loss1=0.0279, loss2=0.0937, dev_macro_f1=0.5632, dev_err=27.93%
2026-02-21 23:02:39,331 - lg_cotrain - INFO - Phase 2 epoch 6/7: loss1=0.0156, loss2=0.0452, dev_macro_f1=0.5972, dev_err=26.46%
2026-02-21 23:03:43,163 - lg_cotrain - INFO - Phase 2 epoch 7/7: loss1=0.0098, loss2=0.0237, dev_macro_f1=0.5996, dev_err=25.93%
2026-02-21 23:03:43,164 - lg_cotrain - INFO - === Phase 3: Fine-Tuning ===
2026-02-21 23:03:45,619 - lg_cotrain - INFO - Phase 3 epoch 1: dev_macro_f1=0.6018, dev_err=26.06%, es_counter1=0, es_counter2=0
2026-02-21 23:03:48,068 - lg_cotrain - INFO - Phase 3 epoch 2: dev_macro_f1=0.6055, dev_err=26.20%, es_counter1=0, es_counter2=0
2026-02-21 23:03:50,515 - lg_cotrain - INFO - Phase 3 epoch 3: dev_macro_f1=0.6063, dev_err=26.06%, es_counter1=0, es_counter2=0
2026-02-21 23:03:52,946 - lg_cotrain - INFO - Phase 3 epoch 4: dev_macro_f1=0.5960, dev_err=27.39%, es_counter1=1, es_counter2=1
2026-02-21 23:03:55,384 - lg_cotrain - INFO - Phase 3 epoch 5: dev_macro_f1=0.5761, dev_err=28.99%, es_counter1=2, es_counter2=2
2026-02-21 23:03:57,826 - lg_cotrain - INFO - Phase 3 epoch 6: dev_macro_f1=0.5610, dev_err=30.59%, es_counter1=3, es_counter2=3
2026-02-21 23:04:00,274 - lg_cotrain - INFO - Phase 3 epoch 7: dev_macro_f1=0.5672, dev_err=30.32%, es_counter1=4, es_counter2=4
2026-02-21 23:04:00,274 - lg_cotrain - INFO - Early stopping at epoch 7
2026-02-21 23:04:00,287 - lg_cotrain - INFO - === Final Evaluation ===
2026-02-21 23:04:06,810 - lg_cotrain - INFO - Results saved to C:\Users\anhtr\AppData\Local\Temp\tmpuxtquanc\california_wildfires_2018\5_set2\metrics.json
2026-02-21 23:04:06,810 - lg_cotrain - INFO - Test error rate: 27.38%, Test macro-F1: 0.5914, Test ECE: 0.1588
2026-02-21 23:04:06,818 - lg_cotrain - INFO - --- Trial 8/10 done: dev_macro_f1=0.6063 ---
2026-02-21 23:04:06,819 - lg_cotrain - INFO - --- Trial 9/10 ---
2026-02-21 23:04:07,429 - lg_cotrain - INFO - Starting LG-CoTrain: event=california_wildfires_2018, budget=5, seed_set=2
2026-02-21 23:04:07,470 - lg_cotrain - INFO - Detected 10 classes for event california_wildfires_2018: ['caution_and_advice', 'displaced_people_and_evacuations', 'infrastructure_and_utility_damage', 'injured_or_dead_people', 'missing_or_found_people', 'not_humanitarian', 'other_relevant_information', 'requests_or_urgent_needs', 'rescue_volunteering_or_donation_effort', 'sympathy_and_support']
2026-02-21 23:04:07,479 - lg_cotrain - INFO - D_l1: 30, D_l2: 20, D_LG: 5113
2026-02-21 23:04:07,480 - lg_cotrain - INFO - === Phase 1: Weight Generation ===
2026-02-21 23:04:24,984 - lg_cotrain - INFO - Phase 1 epoch 1/7: mean_prob1=0.0961, mean_prob2=0.0986
2026-02-21 23:04:41,239 - lg_cotrain - INFO - Phase 1 epoch 2/7: mean_prob1=0.0972, mean_prob2=0.0994
2026-02-21 23:04:57,443 - lg_cotrain - INFO - Phase 1 epoch 3/7: mean_prob1=0.0985, mean_prob2=0.1001
2026-02-21 23:05:13,681 - lg_cotrain - INFO - Phase 1 epoch 4/7: mean_prob1=0.0998, mean_prob2=0.1006
2026-02-21 23:05:29,970 - lg_cotrain - INFO - Phase 1 epoch 5/7: mean_prob1=0.1010, mean_prob2=0.1010
2026-02-21 23:05:46,264 - lg_cotrain - INFO - Phase 1 epoch 6/7: mean_prob1=0.1023, mean_prob2=0.1015
2026-02-21 23:06:02,787 - lg_cotrain - INFO - Phase 1 epoch 7/7: mean_prob1=0.1037, mean_prob2=0.1019
2026-02-21 23:06:02,788 - lg_cotrain - INFO - Phase 1 done. lambda1: mean=0.1061, range=[0.0550, 0.1902]
2026-02-21 23:06:02,788 - lg_cotrain - INFO - Phase 1 done. lambda2: mean=0.0953, range=[0.0296, 0.1937]
2026-02-21 23:06:02,788 - lg_cotrain - INFO - === Phase 2: Co-Training ===
2026-02-21 23:06:04,004 - lg_cotrain - INFO - LR scheduler: total_steps_1=1540, warmup=153; total_steps_2=1540, warmup=153
2026-02-21 23:07:07,814 - lg_cotrain - INFO - Phase 2 epoch 1/9: loss1=0.1737, loss2=0.1982, dev_macro_f1=0.3072, dev_err=36.44%
2026-02-21 23:08:11,392 - lg_cotrain - INFO - Phase 2 epoch 2/9: loss1=0.0677, loss2=0.1732, dev_macro_f1=0.4486, dev_err=29.39%
2026-02-21 23:09:15,049 - lg_cotrain - INFO - Phase 2 epoch 3/9: loss1=0.0346, loss2=0.1456, dev_macro_f1=0.4819, dev_err=27.93%
2026-02-21 23:10:18,648 - lg_cotrain - INFO - Phase 2 epoch 4/9: loss1=0.0205, loss2=0.1146, dev_macro_f1=0.5380, dev_err=27.53%
2026-02-21 23:11:22,237 - lg_cotrain - INFO - Phase 2 epoch 5/9: loss1=0.0137, loss2=0.0881, dev_macro_f1=0.5843, dev_err=25.80%
2026-02-21 23:12:25,907 - lg_cotrain - INFO - Phase 2 epoch 6/9: loss1=0.0119, loss2=0.0717, dev_macro_f1=0.6021, dev_err=25.66%
2026-02-21 23:13:29,782 - lg_cotrain - INFO - Phase 2 epoch 7/9: loss1=0.0114, loss2=0.0594, dev_macro_f1=0.5929, dev_err=26.06%
2026-02-21 23:14:34,603 - lg_cotrain - INFO - Phase 2 epoch 8/9: loss1=0.0096, loss2=0.0490, dev_macro_f1=0.5959, dev_err=25.66%
2026-02-21 23:15:38,457 - lg_cotrain - INFO - Phase 2 epoch 9/9: loss1=0.0096, loss2=0.0452, dev_macro_f1=0.6059, dev_err=25.53%
2026-02-21 23:15:38,457 - lg_cotrain - INFO - === Phase 3: Fine-Tuning ===
2026-02-21 23:15:40,894 - lg_cotrain - INFO - Phase 3 epoch 1: dev_macro_f1=0.6049, dev_err=25.66%, es_counter1=0, es_counter2=0
2026-02-21 23:15:43,340 - lg_cotrain - INFO - Phase 3 epoch 2: dev_macro_f1=0.6149, dev_err=25.53%, es_counter1=0, es_counter2=0
2026-02-21 23:15:45,804 - lg_cotrain - INFO - Phase 3 epoch 3: dev_macro_f1=0.6127, dev_err=25.93%, es_counter1=1, es_counter2=1
2026-02-21 23:15:48,231 - lg_cotrain - INFO - Phase 3 epoch 4: dev_macro_f1=0.6137, dev_err=25.93%, es_counter1=2, es_counter2=2
2026-02-21 23:15:50,667 - lg_cotrain - INFO - Phase 3 epoch 5: dev_macro_f1=0.6150, dev_err=25.66%, es_counter1=0, es_counter2=0
2026-02-21 23:15:53,076 - lg_cotrain - INFO - Phase 3 epoch 6: dev_macro_f1=0.6121, dev_err=25.93%, es_counter1=1, es_counter2=1
2026-02-21 23:15:55,492 - lg_cotrain - INFO - Phase 3 epoch 7: dev_macro_f1=0.6070, dev_err=25.93%, es_counter1=2, es_counter2=2
2026-02-21 23:15:57,913 - lg_cotrain - INFO - Phase 3 epoch 8: dev_macro_f1=0.6089, dev_err=26.06%, es_counter1=3, es_counter2=3
2026-02-21 23:16:00,331 - lg_cotrain - INFO - Phase 3 epoch 9: dev_macro_f1=0.6085, dev_err=26.20%, es_counter1=4, es_counter2=4
2026-02-21 23:16:02,750 - lg_cotrain - INFO - Phase 3 epoch 10: dev_macro_f1=0.6118, dev_err=26.33%, es_counter1=5, es_counter2=5
2026-02-21 23:16:05,181 - lg_cotrain - INFO - Phase 3 epoch 11: dev_macro_f1=0.6106, dev_err=26.33%, es_counter1=6, es_counter2=6
2026-02-21 23:16:07,613 - lg_cotrain - INFO - Phase 3 epoch 12: dev_macro_f1=0.6099, dev_err=26.60%, es_counter1=7, es_counter2=7
2026-02-21 23:16:10,032 - lg_cotrain - INFO - Phase 3 epoch 13: dev_macro_f1=0.6040, dev_err=26.99%, es_counter1=8, es_counter2=8
2026-02-21 23:16:12,443 - lg_cotrain - INFO - Phase 3 epoch 14: dev_macro_f1=0.5963, dev_err=27.79%, es_counter1=9, es_counter2=9
2026-02-21 23:16:14,855 - lg_cotrain - INFO - Phase 3 epoch 15: dev_macro_f1=0.5972, dev_err=27.79%, es_counter1=10, es_counter2=10
2026-02-21 23:16:14,856 - lg_cotrain - INFO - Early stopping at epoch 15
2026-02-21 23:16:14,866 - lg_cotrain - INFO - === Final Evaluation ===
2026-02-21 23:16:21,315 - lg_cotrain - INFO - Results saved to C:\Users\anhtr\AppData\Local\Temp\tmprr8u_0d9\california_wildfires_2018\5_set2\metrics.json
2026-02-21 23:16:21,316 - lg_cotrain - INFO - Test error rate: 26.28%, Test macro-F1: 0.6095, Test ECE: 0.1798
2026-02-21 23:16:21,328 - lg_cotrain - INFO - --- Trial 9/10 done: dev_macro_f1=0.6150 ---
2026-02-21 23:16:21,328 - lg_cotrain - INFO - --- Trial 10/10 ---
2026-02-21 23:16:21,888 - lg_cotrain - INFO - Starting LG-CoTrain: event=california_wildfires_2018, budget=5, seed_set=2
2026-02-21 23:16:21,918 - lg_cotrain - INFO - Detected 10 classes for event california_wildfires_2018: ['caution_and_advice', 'displaced_people_and_evacuations', 'infrastructure_and_utility_damage', 'injured_or_dead_people', 'missing_or_found_people', 'not_humanitarian', 'other_relevant_information', 'requests_or_urgent_needs', 'rescue_volunteering_or_donation_effort', 'sympathy_and_support']
2026-02-21 23:16:21,927 - lg_cotrain - INFO - D_l1: 30, D_l2: 20, D_LG: 5113
2026-02-21 23:16:21,928 - lg_cotrain - INFO - === Phase 1: Weight Generation ===
2026-02-21 23:16:39,161 - lg_cotrain - INFO - Phase 1 epoch 1/7: mean_prob1=0.1091, mean_prob2=0.0998
2026-02-21 23:16:55,353 - lg_cotrain - INFO - Phase 1 epoch 2/7: mean_prob1=0.1020, mean_prob2=0.1002
2026-02-21 23:17:11,546 - lg_cotrain - INFO - Phase 1 epoch 3/7: mean_prob1=0.1101, mean_prob2=0.1057
2026-02-21 23:17:28,131 - lg_cotrain - INFO - Phase 1 epoch 4/7: mean_prob1=0.0973, mean_prob2=0.1148
2026-02-21 23:17:44,502 - lg_cotrain - INFO - Phase 1 epoch 5/7: mean_prob1=0.1102, mean_prob2=0.1022
2026-02-21 23:18:00,747 - lg_cotrain - INFO - Phase 1 epoch 6/7: mean_prob1=0.1068, mean_prob2=0.1039
2026-02-21 23:18:18,518 - lg_cotrain - INFO - Phase 1 epoch 7/7: mean_prob1=0.1065, mean_prob2=0.1234
2026-02-21 23:18:18,519 - lg_cotrain - INFO - Phase 1 done. lambda1: mean=0.1448, range=[0.0858, 0.3976]
2026-02-21 23:18:18,519 - lg_cotrain - INFO - Phase 1 done. lambda2: mean=0.0550, range=[0.0000, 0.1132]
2026-02-21 23:18:18,519 - lg_cotrain - INFO - === Phase 2: Co-Training ===
2026-02-21 23:18:19,505 - lg_cotrain - INFO - LR scheduler: total_steps_1=1380, warmup=338; total_steps_2=1380, warmup=338
2026-02-21 23:19:24,101 - lg_cotrain - INFO - Phase 2 epoch 1/8: loss1=0.0688, loss2=0.1781, dev_macro_f1=0.3429, dev_err=38.56%
2026-02-21 23:20:29,371 - lg_cotrain - INFO - Phase 2 epoch 2/8: loss1=0.1899, loss2=0.3209, dev_macro_f1=0.0302, dev_err=82.18%
2026-02-21 23:21:41,120 - lg_cotrain - INFO - Phase 2 epoch 3/8: loss1=0.0902, loss2=0.4273, dev_macro_f1=0.0302, dev_err=82.18%
2026-02-21 23:22:48,943 - lg_cotrain - INFO - Phase 2 epoch 4/8: loss1=0.0739, loss2=0.4171, dev_macro_f1=0.0302, dev_err=82.18%
2026-02-21 23:23:52,451 - lg_cotrain - INFO - Phase 2 epoch 5/8: loss1=0.0701, loss2=0.4121, dev_macro_f1=0.0302, dev_err=82.18%
2026-02-21 23:24:56,090 - lg_cotrain - INFO - Phase 2 epoch 6/8: loss1=0.0798, loss2=0.4075, dev_macro_f1=0.0302, dev_err=82.18%
2026-02-21 23:26:00,159 - lg_cotrain - INFO - Phase 2 epoch 7/8: loss1=0.0800, loss2=0.3998, dev_macro_f1=0.0302, dev_err=82.18%
2026-02-21 23:27:04,603 - lg_cotrain - INFO - Phase 2 epoch 8/8: loss1=0.0817, loss2=0.3933, dev_macro_f1=0.0302, dev_err=82.18%
2026-02-21 23:27:04,603 - lg_cotrain - INFO - === Phase 3: Fine-Tuning ===
2026-02-21 23:27:07,102 - lg_cotrain - INFO - Phase 3 epoch 1: dev_macro_f1=0.0302, dev_err=82.18%, es_counter1=0, es_counter2=0
2026-02-21 23:27:09,522 - lg_cotrain - INFO - Phase 3 epoch 2: dev_macro_f1=0.0302, dev_err=82.18%, es_counter1=1, es_counter2=1
2026-02-21 23:27:11,984 - lg_cotrain - INFO - Phase 3 epoch 3: dev_macro_f1=0.0302, dev_err=82.18%, es_counter1=2, es_counter2=2
2026-02-21 23:27:14,403 - lg_cotrain - INFO - Phase 3 epoch 4: dev_macro_f1=0.0302, dev_err=82.18%, es_counter1=3, es_counter2=3
2026-02-21 23:27:16,843 - lg_cotrain - INFO - Phase 3 epoch 5: dev_macro_f1=0.0302, dev_err=82.18%, es_counter1=4, es_counter2=4
2026-02-21 23:27:16,844 - lg_cotrain - INFO - Early stopping at epoch 5
2026-02-21 23:27:16,855 - lg_cotrain - INFO - === Final Evaluation ===
2026-02-21 23:27:23,308 - lg_cotrain - INFO - Results saved to C:\Users\anhtr\AppData\Local\Temp\tmplvhqzlj0\california_wildfires_2018\5_set2\metrics.json
2026-02-21 23:27:23,308 - lg_cotrain - INFO - Test error rate: 82.14%, Test macro-F1: 0.0303, Test ECE: 0.3908
2026-02-21 23:27:23,318 - lg_cotrain - INFO - --- Trial 10/10 done: dev_macro_f1=0.0302 ---
