2026-02-27 14:22:15,093 - lg_cotrain - INFO - === Optuna study: hurricane_irma_2017 budget=50 seed=3 | target=10 trials, 0 replayed, 10 new ===
2026-02-27 14:22:15,093 - lg_cotrain - INFO - --- Trial 1/10 ---
2026-02-27 14:22:15,713 - lg_cotrain - INFO - Starting LG-CoTrain: event=hurricane_irma_2017, budget=50, seed_set=3
2026-02-27 14:22:15,779 - lg_cotrain - INFO - Detected 9 classes for event hurricane_irma_2017: ['caution_and_advice', 'displaced_people_and_evacuations', 'infrastructure_and_utility_damage', 'injured_or_dead_people', 'not_humanitarian', 'other_relevant_information', 'requests_or_urgent_needs', 'rescue_volunteering_or_donation_effort', 'sympathy_and_support']
2026-02-27 14:22:15,787 - lg_cotrain - INFO - D_l1: 225, D_l2: 225, D_LG: 6129
2026-02-27 14:22:15,789 - lg_cotrain - INFO - === Phase 1: Weight Generation ===
2026-02-27 14:22:41,286 - lg_cotrain - INFO - Phase 1 epoch 1/7: mean_prob1=0.1209, mean_prob2=0.1186
2026-02-27 14:23:05,795 - lg_cotrain - INFO - Phase 1 epoch 2/7: mean_prob1=0.1618, mean_prob2=0.1638
2026-02-27 14:23:30,495 - lg_cotrain - INFO - Phase 1 epoch 3/7: mean_prob1=0.1670, mean_prob2=0.1919
2026-02-27 14:23:55,128 - lg_cotrain - INFO - Phase 1 epoch 4/7: mean_prob1=0.2006, mean_prob2=0.2218
2026-02-27 14:24:19,915 - lg_cotrain - INFO - Phase 1 epoch 5/7: mean_prob1=0.2709, mean_prob2=0.2994
2026-02-27 14:24:44,664 - lg_cotrain - INFO - Phase 1 epoch 6/7: mean_prob1=0.3348, mean_prob2=0.3417
2026-02-27 14:25:09,455 - lg_cotrain - INFO - Phase 1 epoch 7/7: mean_prob1=0.4458, mean_prob2=0.4737
2026-02-27 14:25:09,455 - lg_cotrain - INFO - === Phase 2: Co-Training ===
2026-02-27 14:25:10,596 - lg_cotrain - INFO - LR scheduler: total_steps_1=2336, warmup=682; total_steps_2=2336, warmup=682
2026-02-27 14:25:10,597 - lg_cotrain - INFO - Phase 1 done -> seeded Phase 2 trackers. lambda1: mean=0.4458, range=[0.0059, 0.8601]
2026-02-27 14:25:10,597 - lg_cotrain - INFO - Phase 1 done -> seeded Phase 2 trackers. lambda2: mean=0.4737, range=[0.0038, 0.9132]
2026-02-27 14:26:38,769 - lg_cotrain - INFO - Phase 2 epoch 1/8: loss1=0.6673, loss2=0.6248, dev_macro_f1=0.5440, dev_err=37.58%
2026-02-27 14:28:06,906 - lg_cotrain - INFO - Phase 2 epoch 2/8: loss1=0.0885, loss2=0.2059, dev_macro_f1=0.5622, dev_err=36.53%
2026-02-27 14:29:35,000 - lg_cotrain - INFO - Phase 2 epoch 3/8: loss1=0.0593, loss2=0.1702, dev_macro_f1=0.5421, dev_err=38.20%
2026-02-27 14:31:03,061 - lg_cotrain - INFO - Phase 2 epoch 4/8: loss1=0.0757, loss2=0.1435, dev_macro_f1=0.5572, dev_err=36.64%
2026-02-27 14:32:31,123 - lg_cotrain - INFO - Phase 2 epoch 5/8: loss1=0.0515, loss2=0.1194, dev_macro_f1=0.5476, dev_err=37.68%
2026-02-27 14:33:59,804 - lg_cotrain - INFO - Phase 2 epoch 6/8: loss1=0.0348, loss2=0.0630, dev_macro_f1=0.5940, dev_err=36.53%
2026-02-27 14:35:27,775 - lg_cotrain - INFO - Phase 2 epoch 7/8: loss1=0.0169, loss2=0.0430, dev_macro_f1=0.5811, dev_err=37.16%
2026-02-27 14:36:57,157 - lg_cotrain - INFO - Phase 2 epoch 8/8: loss1=0.0089, loss2=0.0315, dev_macro_f1=0.6000, dev_err=36.01%
2026-02-27 14:36:57,157 - lg_cotrain - INFO - === Phase 3: Fine-Tuning ===
2026-02-27 14:37:02,838 - lg_cotrain - INFO - Phase 3 epoch 1: dev_macro_f1=0.5958, dev_err=40.81%, es_counter1=0, es_counter2=0
2026-02-27 14:37:08,500 - lg_cotrain - INFO - Phase 3 epoch 2: dev_macro_f1=0.6352, dev_err=33.72%, es_counter1=0, es_counter2=0
2026-02-27 14:37:14,154 - lg_cotrain - INFO - Phase 3 epoch 3: dev_macro_f1=0.6384, dev_err=31.32%, es_counter1=0, es_counter2=0
2026-02-27 14:37:19,812 - lg_cotrain - INFO - Phase 3 epoch 4: dev_macro_f1=0.6452, dev_err=31.32%, es_counter1=0, es_counter2=0
2026-02-27 14:37:25,443 - lg_cotrain - INFO - Phase 3 epoch 5: dev_macro_f1=0.6406, dev_err=31.52%, es_counter1=1, es_counter2=1
2026-02-27 14:37:31,119 - lg_cotrain - INFO - Phase 3 epoch 6: dev_macro_f1=0.6460, dev_err=31.84%, es_counter1=0, es_counter2=0
2026-02-27 14:37:36,745 - lg_cotrain - INFO - Phase 3 epoch 7: dev_macro_f1=0.6376, dev_err=32.78%, es_counter1=1, es_counter2=1
2026-02-27 14:37:42,414 - lg_cotrain - INFO - Phase 3 epoch 8: dev_macro_f1=0.6348, dev_err=33.19%, es_counter1=2, es_counter2=2
2026-02-27 14:37:48,069 - lg_cotrain - INFO - Phase 3 epoch 9: dev_macro_f1=0.6402, dev_err=32.57%, es_counter1=3, es_counter2=3
2026-02-27 14:37:53,704 - lg_cotrain - INFO - Phase 3 epoch 10: dev_macro_f1=0.6430, dev_err=32.46%, es_counter1=4, es_counter2=4
2026-02-27 14:37:53,704 - lg_cotrain - INFO - Early stopping at epoch 10
2026-02-27 14:37:53,719 - lg_cotrain - INFO - === Final Evaluation ===
2026-02-27 14:38:03,425 - lg_cotrain - INFO - Results saved to C:\Users\anhtr\AppData\Local\Temp\tmp35vc3sov\hurricane_irma_2017\50_set3\metrics.json
2026-02-27 14:38:03,425 - lg_cotrain - INFO - Test error rate: 31.20%, Test macro-F1: 0.6527, Test ECE: 0.1139
2026-02-27 14:38:03,438 - lg_cotrain - INFO - --- Trial 1/10 done: dev_macro_f1=0.6460 ---
2026-02-27 14:38:03,438 - lg_cotrain - INFO - --- Trial 2/10 ---
2026-02-27 14:38:04,022 - lg_cotrain - INFO - Starting LG-CoTrain: event=hurricane_irma_2017, budget=50, seed_set=3
2026-02-27 14:38:04,074 - lg_cotrain - INFO - Detected 9 classes for event hurricane_irma_2017: ['caution_and_advice', 'displaced_people_and_evacuations', 'infrastructure_and_utility_damage', 'injured_or_dead_people', 'not_humanitarian', 'other_relevant_information', 'requests_or_urgent_needs', 'rescue_volunteering_or_donation_effort', 'sympathy_and_support']
2026-02-27 14:38:04,086 - lg_cotrain - INFO - D_l1: 225, D_l2: 225, D_LG: 6129
2026-02-27 14:38:04,088 - lg_cotrain - INFO - === Phase 1: Weight Generation ===
2026-02-27 14:38:28,270 - lg_cotrain - INFO - Phase 1 epoch 1/7: mean_prob1=0.1159, mean_prob2=0.1133
2026-02-27 14:38:51,752 - lg_cotrain - INFO - Phase 1 epoch 2/7: mean_prob1=0.1182, mean_prob2=0.1152
2026-02-27 14:39:15,321 - lg_cotrain - INFO - Phase 1 epoch 3/7: mean_prob1=0.1214, mean_prob2=0.1209
2026-02-27 14:39:38,229 - lg_cotrain - INFO - Phase 1 epoch 4/7: mean_prob1=0.1243, mean_prob2=0.1252
2026-02-27 14:40:01,127 - lg_cotrain - INFO - Phase 1 epoch 5/7: mean_prob1=0.1266, mean_prob2=0.1302
2026-02-27 14:40:24,385 - lg_cotrain - INFO - Phase 1 epoch 6/7: mean_prob1=0.1299, mean_prob2=0.1396
2026-02-27 14:40:47,414 - lg_cotrain - INFO - Phase 1 epoch 7/7: mean_prob1=0.1329, mean_prob2=0.1438
2026-02-27 14:40:47,415 - lg_cotrain - INFO - === Phase 2: Co-Training ===
2026-02-27 14:40:48,490 - lg_cotrain - INFO - LR scheduler: total_steps_1=1264, warmup=1; total_steps_2=1264, warmup=1
2026-02-27 14:40:48,491 - lg_cotrain - INFO - Phase 1 done -> seeded Phase 2 trackers. lambda1: mean=0.1329, range=[0.0496, 0.2743]
2026-02-27 14:40:48,491 - lg_cotrain - INFO - Phase 1 done -> seeded Phase 2 trackers. lambda2: mean=0.1438, range=[0.0259, 0.3346]
2026-02-27 14:42:09,247 - lg_cotrain - INFO - Phase 2 epoch 1/9: loss1=0.2353, loss2=0.2115, dev_macro_f1=0.5257, dev_err=40.61%
2026-02-27 14:43:30,888 - lg_cotrain - INFO - Phase 2 epoch 2/9: loss1=0.1022, loss2=0.1966, dev_macro_f1=0.5557, dev_err=37.27%
2026-02-27 14:44:52,047 - lg_cotrain - INFO - Phase 2 epoch 3/9: loss1=0.0547, loss2=0.1479, dev_macro_f1=0.5586, dev_err=37.27%
2026-02-27 14:46:13,445 - lg_cotrain - INFO - Phase 2 epoch 4/9: loss1=0.0362, loss2=0.1104, dev_macro_f1=0.5444, dev_err=38.31%
2026-02-27 14:47:35,248 - lg_cotrain - INFO - Phase 2 epoch 5/9: loss1=0.0284, loss2=0.0884, dev_macro_f1=0.5419, dev_err=38.41%
2026-02-27 14:48:56,187 - lg_cotrain - INFO - Phase 2 epoch 6/9: loss1=0.0228, loss2=0.0693, dev_macro_f1=0.5411, dev_err=38.52%
2026-02-27 14:50:16,898 - lg_cotrain - INFO - Phase 2 epoch 7/9: loss1=0.0200, loss2=0.0572, dev_macro_f1=0.5476, dev_err=38.00%
2026-02-27 14:51:38,754 - lg_cotrain - INFO - Phase 2 epoch 8/9: loss1=0.0166, loss2=0.0475, dev_macro_f1=0.5429, dev_err=38.73%
2026-02-27 14:52:59,080 - lg_cotrain - INFO - Phase 2 epoch 9/9: loss1=0.0137, loss2=0.0401, dev_macro_f1=0.5616, dev_err=38.52%
2026-02-27 14:52:59,080 - lg_cotrain - INFO - === Phase 3: Fine-Tuning ===
2026-02-27 14:53:04,268 - lg_cotrain - INFO - Phase 3 epoch 1: dev_macro_f1=0.5472, dev_err=39.35%, es_counter1=0, es_counter2=0
2026-02-27 14:53:09,458 - lg_cotrain - INFO - Phase 3 epoch 2: dev_macro_f1=0.5568, dev_err=40.29%, es_counter1=0, es_counter2=0
2026-02-27 14:53:14,645 - lg_cotrain - INFO - Phase 3 epoch 3: dev_macro_f1=0.6035, dev_err=36.64%, es_counter1=0, es_counter2=0
2026-02-27 14:53:19,812 - lg_cotrain - INFO - Phase 3 epoch 4: dev_macro_f1=0.6390, dev_err=33.40%, es_counter1=0, es_counter2=0
2026-02-27 14:53:24,985 - lg_cotrain - INFO - Phase 3 epoch 5: dev_macro_f1=0.6364, dev_err=32.99%, es_counter1=1, es_counter2=1
2026-02-27 14:53:30,170 - lg_cotrain - INFO - Phase 3 epoch 6: dev_macro_f1=0.6250, dev_err=33.51%, es_counter1=2, es_counter2=2
2026-02-27 14:53:35,349 - lg_cotrain - INFO - Phase 3 epoch 7: dev_macro_f1=0.6191, dev_err=34.34%, es_counter1=3, es_counter2=3
2026-02-27 14:53:40,512 - lg_cotrain - INFO - Phase 3 epoch 8: dev_macro_f1=0.6249, dev_err=34.03%, es_counter1=4, es_counter2=4
2026-02-27 14:53:40,512 - lg_cotrain - INFO - Early stopping at epoch 8
2026-02-27 14:53:40,521 - lg_cotrain - INFO - === Final Evaluation ===
2026-02-27 14:53:49,790 - lg_cotrain - INFO - Results saved to C:\Users\anhtr\AppData\Local\Temp\tmphxsvg9tl\hurricane_irma_2017\50_set3\metrics.json
2026-02-27 14:53:49,790 - lg_cotrain - INFO - Test error rate: 33.03%, Test macro-F1: 0.6457, Test ECE: 0.1019
2026-02-27 14:53:49,800 - lg_cotrain - INFO - --- Trial 2/10 done: dev_macro_f1=0.6390 ---
2026-02-27 14:53:49,801 - lg_cotrain - INFO - --- Trial 3/10 ---
2026-02-27 14:53:50,392 - lg_cotrain - INFO - Starting LG-CoTrain: event=hurricane_irma_2017, budget=50, seed_set=3
2026-02-27 14:53:50,443 - lg_cotrain - INFO - Detected 9 classes for event hurricane_irma_2017: ['caution_and_advice', 'displaced_people_and_evacuations', 'infrastructure_and_utility_damage', 'injured_or_dead_people', 'not_humanitarian', 'other_relevant_information', 'requests_or_urgent_needs', 'rescue_volunteering_or_donation_effort', 'sympathy_and_support']
2026-02-27 14:53:50,455 - lg_cotrain - INFO - D_l1: 225, D_l2: 225, D_LG: 6129
2026-02-27 14:53:50,457 - lg_cotrain - INFO - === Phase 1: Weight Generation ===
2026-02-27 14:54:16,373 - lg_cotrain - INFO - Phase 1 epoch 1/7: mean_prob1=0.1277, mean_prob2=0.1227
2026-02-27 14:54:41,174 - lg_cotrain - INFO - Phase 1 epoch 2/7: mean_prob1=0.1509, mean_prob2=0.1583
2026-02-27 14:55:06,592 - lg_cotrain - INFO - Phase 1 epoch 3/7: mean_prob1=0.1760, mean_prob2=0.1558
2026-02-27 14:55:32,417 - lg_cotrain - INFO - Phase 1 epoch 4/7: mean_prob1=0.2121, mean_prob2=0.1788
2026-02-27 14:55:58,916 - lg_cotrain - INFO - Phase 1 epoch 5/7: mean_prob1=0.2523, mean_prob2=0.2224
2026-02-27 14:56:25,330 - lg_cotrain - INFO - Phase 1 epoch 6/7: mean_prob1=0.3568, mean_prob2=0.2787
2026-02-27 14:56:51,598 - lg_cotrain - INFO - Phase 1 epoch 7/7: mean_prob1=0.4289, mean_prob2=0.3627
2026-02-27 14:56:51,599 - lg_cotrain - INFO - === Phase 2: Co-Training ===
2026-02-27 14:56:52,643 - lg_cotrain - INFO - LR scheduler: total_steps_1=2912, warmup=520; total_steps_2=2912, warmup=520
2026-02-27 14:56:52,643 - lg_cotrain - INFO - Phase 1 done -> seeded Phase 2 trackers. lambda1: mean=0.4289, range=[0.0056, 0.8278]
2026-02-27 14:56:52,644 - lg_cotrain - INFO - Phase 1 done -> seeded Phase 2 trackers. lambda2: mean=0.3627, range=[0.0084, 0.8432]
2026-02-27 14:58:26,453 - lg_cotrain - INFO - Phase 2 epoch 1/11: loss1=0.5162, loss2=0.5964, dev_macro_f1=0.5389, dev_err=38.31%
2026-02-27 15:00:01,740 - lg_cotrain - INFO - Phase 2 epoch 2/11: loss1=0.0763, loss2=0.2113, dev_macro_f1=0.5608, dev_err=36.64%
2026-02-27 15:01:34,306 - lg_cotrain - INFO - Phase 2 epoch 3/11: loss1=0.0548, loss2=0.1807, dev_macro_f1=0.5353, dev_err=39.04%
2026-02-27 15:03:06,982 - lg_cotrain - INFO - Phase 2 epoch 4/11: loss1=0.0532, loss2=0.1241, dev_macro_f1=0.5872, dev_err=37.06%
2026-02-27 15:04:40,085 - lg_cotrain - INFO - Phase 2 epoch 5/11: loss1=0.0343, loss2=0.0763, dev_macro_f1=0.6031, dev_err=37.06%
2026-02-27 15:06:13,531 - lg_cotrain - INFO - Phase 2 epoch 6/11: loss1=0.0263, loss2=0.0441, dev_macro_f1=0.5905, dev_err=36.85%
2026-02-27 15:07:46,784 - lg_cotrain - INFO - Phase 2 epoch 7/11: loss1=0.0220, loss2=0.0406, dev_macro_f1=0.5845, dev_err=37.06%
2026-02-27 15:09:17,745 - lg_cotrain - INFO - Phase 2 epoch 8/11: loss1=0.0173, loss2=0.0370, dev_macro_f1=0.6016, dev_err=37.27%
2026-02-27 15:10:47,254 - lg_cotrain - INFO - Phase 2 epoch 9/11: loss1=0.0138, loss2=0.0226, dev_macro_f1=0.6229, dev_err=36.33%
2026-02-27 15:12:17,201 - lg_cotrain - INFO - Phase 2 epoch 10/11: loss1=0.0097, loss2=0.0147, dev_macro_f1=0.6198, dev_err=36.22%
2026-02-27 15:13:47,040 - lg_cotrain - INFO - Phase 2 epoch 11/11: loss1=0.0105, loss2=0.0105, dev_macro_f1=0.6231, dev_err=36.12%
2026-02-27 15:13:47,040 - lg_cotrain - INFO - === Phase 3: Fine-Tuning ===
2026-02-27 15:13:52,838 - lg_cotrain - INFO - Phase 3 epoch 1: dev_macro_f1=0.5830, dev_err=40.81%, es_counter1=0, es_counter2=0
2026-02-27 15:13:58,624 - lg_cotrain - INFO - Phase 3 epoch 2: dev_macro_f1=0.6370, dev_err=34.55%, es_counter1=0, es_counter2=0
2026-02-27 15:14:04,384 - lg_cotrain - INFO - Phase 3 epoch 3: dev_macro_f1=0.6193, dev_err=35.91%, es_counter1=1, es_counter2=1
2026-02-27 15:14:10,110 - lg_cotrain - INFO - Phase 3 epoch 4: dev_macro_f1=0.6145, dev_err=35.59%, es_counter1=2, es_counter2=2
2026-02-27 15:14:15,851 - lg_cotrain - INFO - Phase 3 epoch 5: dev_macro_f1=0.6246, dev_err=34.24%, es_counter1=3, es_counter2=3
2026-02-27 15:14:21,629 - lg_cotrain - INFO - Phase 3 epoch 6: dev_macro_f1=0.6307, dev_err=34.03%, es_counter1=4, es_counter2=4
2026-02-27 15:14:21,630 - lg_cotrain - INFO - Early stopping at epoch 6
2026-02-27 15:14:21,638 - lg_cotrain - INFO - === Final Evaluation ===
2026-02-27 15:14:31,516 - lg_cotrain - INFO - Results saved to C:\Users\anhtr\AppData\Local\Temp\tmpi6isdsvp\hurricane_irma_2017\50_set3\metrics.json
2026-02-27 15:14:31,516 - lg_cotrain - INFO - Test error rate: 34.91%, Test macro-F1: 0.6367, Test ECE: 0.1622
2026-02-27 15:14:31,527 - lg_cotrain - INFO - --- Trial 3/10 done: dev_macro_f1=0.6370 ---
2026-02-27 15:14:31,528 - lg_cotrain - INFO - --- Trial 4/10 ---
2026-02-27 15:14:32,139 - lg_cotrain - INFO - Starting LG-CoTrain: event=hurricane_irma_2017, budget=50, seed_set=3
2026-02-27 15:14:32,186 - lg_cotrain - INFO - Detected 9 classes for event hurricane_irma_2017: ['caution_and_advice', 'displaced_people_and_evacuations', 'infrastructure_and_utility_damage', 'injured_or_dead_people', 'not_humanitarian', 'other_relevant_information', 'requests_or_urgent_needs', 'rescue_volunteering_or_donation_effort', 'sympathy_and_support']
2026-02-27 15:14:32,194 - lg_cotrain - INFO - D_l1: 225, D_l2: 225, D_LG: 6129
2026-02-27 15:14:32,196 - lg_cotrain - INFO - === Phase 1: Weight Generation ===
2026-02-27 15:14:59,865 - lg_cotrain - INFO - Phase 1 epoch 1/7: mean_prob1=0.1091, mean_prob2=0.1366
2026-02-27 15:15:26,464 - lg_cotrain - INFO - Phase 1 epoch 2/7: mean_prob1=0.1165, mean_prob2=0.1797
2026-02-27 15:15:53,178 - lg_cotrain - INFO - Phase 1 epoch 3/7: mean_prob1=0.1332, mean_prob2=0.2727
2026-02-27 15:16:20,034 - lg_cotrain - INFO - Phase 1 epoch 4/7: mean_prob1=0.2003, mean_prob2=0.3708
2026-02-27 15:16:46,928 - lg_cotrain - INFO - Phase 1 epoch 5/7: mean_prob1=0.3194, mean_prob2=0.4927
2026-02-27 15:17:13,286 - lg_cotrain - INFO - Phase 1 epoch 6/7: mean_prob1=0.4649, mean_prob2=0.5368
2026-02-27 15:17:39,477 - lg_cotrain - INFO - Phase 1 epoch 7/7: mean_prob1=0.5420, mean_prob2=0.5554
2026-02-27 15:17:39,478 - lg_cotrain - INFO - === Phase 2: Co-Training ===
2026-02-27 15:17:40,579 - lg_cotrain - INFO - LR scheduler: total_steps_1=9180, warmup=1143; total_steps_2=9180, warmup=1143
2026-02-27 15:17:40,580 - lg_cotrain - INFO - Phase 1 done -> seeded Phase 2 trackers. lambda1: mean=0.5420, range=[0.0018, 0.9674]
2026-02-27 15:17:40,580 - lg_cotrain - INFO - Phase 1 done -> seeded Phase 2 trackers. lambda2: mean=0.5554, range=[0.0010, 0.9710]
2026-02-27 15:19:19,296 - lg_cotrain - INFO - Phase 2 epoch 1/20: loss1=0.6894, loss2=0.6704, dev_macro_f1=0.5467, dev_err=37.89%
2026-02-27 15:20:58,777 - lg_cotrain - INFO - Phase 2 epoch 2/20: loss1=0.0663, loss2=0.2250, dev_macro_f1=0.5726, dev_err=36.33%
2026-02-27 15:22:37,149 - lg_cotrain - INFO - Phase 2 epoch 3/20: loss1=0.0721, loss2=0.1892, dev_macro_f1=0.5441, dev_err=39.25%
2026-02-27 15:24:15,524 - lg_cotrain - INFO - Phase 2 epoch 4/20: loss1=0.0712, loss2=0.1398, dev_macro_f1=0.6000, dev_err=36.22%
2026-02-27 15:25:54,793 - lg_cotrain - INFO - Phase 2 epoch 5/20: loss1=0.0531, loss2=0.0893, dev_macro_f1=0.5965, dev_err=37.16%
2026-02-27 15:27:36,716 - lg_cotrain - INFO - Phase 2 epoch 6/20: loss1=0.0330, loss2=0.0788, dev_macro_f1=0.6085, dev_err=36.53%
2026-02-27 15:29:20,010 - lg_cotrain - INFO - Phase 2 epoch 7/20: loss1=0.0299, loss2=0.0701, dev_macro_f1=0.6131, dev_err=36.33%
2026-02-27 15:30:58,649 - lg_cotrain - INFO - Phase 2 epoch 8/20: loss1=0.0291, loss2=0.0378, dev_macro_f1=0.6010, dev_err=37.79%
2026-02-27 15:32:36,555 - lg_cotrain - INFO - Phase 2 epoch 9/20: loss1=0.0274, loss2=0.0316, dev_macro_f1=0.6058, dev_err=36.85%
2026-02-27 15:34:14,008 - lg_cotrain - INFO - Phase 2 epoch 10/20: loss1=0.0252, loss2=0.0442, dev_macro_f1=0.6024, dev_err=36.64%
2026-02-27 15:35:51,702 - lg_cotrain - INFO - Phase 2 epoch 11/20: loss1=0.0326, loss2=0.0466, dev_macro_f1=0.6075, dev_err=37.16%
2026-02-27 15:37:29,930 - lg_cotrain - INFO - Phase 2 epoch 12/20: loss1=0.0149, loss2=0.0355, dev_macro_f1=0.5994, dev_err=36.74%
2026-02-27 15:39:08,397 - lg_cotrain - INFO - Phase 2 epoch 13/20: loss1=0.0098, loss2=0.0230, dev_macro_f1=0.6168, dev_err=36.12%
2026-02-27 15:40:47,208 - lg_cotrain - INFO - Phase 2 epoch 14/20: loss1=0.0143, loss2=0.0162, dev_macro_f1=0.6176, dev_err=37.06%
2026-02-27 15:42:27,030 - lg_cotrain - INFO - Phase 2 epoch 15/20: loss1=0.0171, loss2=0.0201, dev_macro_f1=0.5987, dev_err=37.47%
2026-02-27 15:44:07,023 - lg_cotrain - INFO - Phase 2 epoch 16/20: loss1=0.0113, loss2=0.0141, dev_macro_f1=0.6036, dev_err=36.85%
2026-02-27 15:45:49,533 - lg_cotrain - INFO - Phase 2 epoch 17/20: loss1=0.0059, loss2=0.0066, dev_macro_f1=0.6130, dev_err=36.01%
2026-02-27 15:47:27,784 - lg_cotrain - INFO - Phase 2 epoch 18/20: loss1=0.0049, loss2=0.0071, dev_macro_f1=0.6090, dev_err=37.79%
2026-02-27 15:49:06,301 - lg_cotrain - INFO - Phase 2 epoch 19/20: loss1=0.0047, loss2=0.0070, dev_macro_f1=0.6195, dev_err=36.22%
2026-02-27 15:50:44,490 - lg_cotrain - INFO - Phase 2 epoch 20/20: loss1=0.0052, loss2=0.0062, dev_macro_f1=0.6191, dev_err=36.22%
2026-02-27 15:50:44,490 - lg_cotrain - INFO - === Phase 3: Fine-Tuning ===
2026-02-27 15:50:50,630 - lg_cotrain - INFO - Phase 3 epoch 1: dev_macro_f1=0.6103, dev_err=38.83%, es_counter1=0, es_counter2=0
2026-02-27 15:50:56,824 - lg_cotrain - INFO - Phase 3 epoch 2: dev_macro_f1=0.6418, dev_err=32.99%, es_counter1=0, es_counter2=0
2026-02-27 15:51:02,994 - lg_cotrain - INFO - Phase 3 epoch 3: dev_macro_f1=0.6469, dev_err=32.25%, es_counter1=0, es_counter2=0
2026-02-27 15:51:09,157 - lg_cotrain - INFO - Phase 3 epoch 4: dev_macro_f1=0.6504, dev_err=32.15%, es_counter1=0, es_counter2=0
2026-02-27 15:51:15,302 - lg_cotrain - INFO - Phase 3 epoch 5: dev_macro_f1=0.6609, dev_err=31.84%, es_counter1=0, es_counter2=0
2026-02-27 15:51:21,448 - lg_cotrain - INFO - Phase 3 epoch 6: dev_macro_f1=0.6599, dev_err=31.84%, es_counter1=1, es_counter2=1
2026-02-27 15:51:27,604 - lg_cotrain - INFO - Phase 3 epoch 7: dev_macro_f1=0.6581, dev_err=31.84%, es_counter1=2, es_counter2=2
2026-02-27 15:51:33,712 - lg_cotrain - INFO - Phase 3 epoch 8: dev_macro_f1=0.6579, dev_err=31.84%, es_counter1=3, es_counter2=3
2026-02-27 15:51:39,886 - lg_cotrain - INFO - Phase 3 epoch 9: dev_macro_f1=0.6567, dev_err=32.05%, es_counter1=4, es_counter2=4
2026-02-27 15:51:46,024 - lg_cotrain - INFO - Phase 3 epoch 10: dev_macro_f1=0.6562, dev_err=32.05%, es_counter1=5, es_counter2=5
2026-02-27 15:51:52,123 - lg_cotrain - INFO - Phase 3 epoch 11: dev_macro_f1=0.6571, dev_err=31.84%, es_counter1=6, es_counter2=6
2026-02-27 15:51:58,262 - lg_cotrain - INFO - Phase 3 epoch 12: dev_macro_f1=0.6541, dev_err=32.15%, es_counter1=7, es_counter2=7
2026-02-27 15:52:04,402 - lg_cotrain - INFO - Phase 3 epoch 13: dev_macro_f1=0.6551, dev_err=32.05%, es_counter1=8, es_counter2=8
2026-02-27 15:52:10,546 - lg_cotrain - INFO - Phase 3 epoch 14: dev_macro_f1=0.6552, dev_err=32.05%, es_counter1=9, es_counter2=9
2026-02-27 15:52:16,728 - lg_cotrain - INFO - Phase 3 epoch 15: dev_macro_f1=0.6552, dev_err=32.05%, es_counter1=10, es_counter2=10
2026-02-27 15:52:16,728 - lg_cotrain - INFO - Early stopping at epoch 15
2026-02-27 15:52:16,737 - lg_cotrain - INFO - === Final Evaluation ===
2026-02-27 15:52:26,973 - lg_cotrain - INFO - Results saved to C:\Users\anhtr\AppData\Local\Temp\tmpiz4z9pbz\hurricane_irma_2017\50_set3\metrics.json
2026-02-27 15:52:26,973 - lg_cotrain - INFO - Test error rate: 32.22%, Test macro-F1: 0.6563, Test ECE: 0.1437
2026-02-27 15:52:26,988 - lg_cotrain - INFO - --- Trial 4/10 done: dev_macro_f1=0.6609 ---
2026-02-27 15:52:26,988 - lg_cotrain - INFO - --- Trial 5/10 ---
2026-02-27 15:52:27,588 - lg_cotrain - INFO - Starting LG-CoTrain: event=hurricane_irma_2017, budget=50, seed_set=3
2026-02-27 15:52:27,633 - lg_cotrain - INFO - Detected 9 classes for event hurricane_irma_2017: ['caution_and_advice', 'displaced_people_and_evacuations', 'infrastructure_and_utility_damage', 'injured_or_dead_people', 'not_humanitarian', 'other_relevant_information', 'requests_or_urgent_needs', 'rescue_volunteering_or_donation_effort', 'sympathy_and_support']
2026-02-27 15:52:27,643 - lg_cotrain - INFO - D_l1: 225, D_l2: 225, D_LG: 6129
2026-02-27 15:52:27,645 - lg_cotrain - INFO - === Phase 1: Weight Generation ===
2026-02-27 15:52:53,442 - lg_cotrain - INFO - Phase 1 epoch 1/7: mean_prob1=0.1151, mean_prob2=0.1130
2026-02-27 15:53:18,208 - lg_cotrain - INFO - Phase 1 epoch 2/7: mean_prob1=0.1134, mean_prob2=0.1162
2026-02-27 15:53:42,975 - lg_cotrain - INFO - Phase 1 epoch 3/7: mean_prob1=0.0983, mean_prob2=0.1073
2026-02-27 15:54:07,580 - lg_cotrain - INFO - Phase 1 epoch 4/7: mean_prob1=0.1074, mean_prob2=0.1151
2026-02-27 15:54:32,854 - lg_cotrain - INFO - Phase 1 epoch 5/7: mean_prob1=0.1203, mean_prob2=0.1070
2026-02-27 15:54:57,521 - lg_cotrain - INFO - Phase 1 epoch 6/7: mean_prob1=0.1089, mean_prob2=0.1022
2026-02-27 15:55:22,435 - lg_cotrain - INFO - Phase 1 epoch 7/7: mean_prob1=0.1075, mean_prob2=0.1152
2026-02-27 15:55:22,435 - lg_cotrain - INFO - === Phase 2: Co-Training ===
2026-02-27 15:55:23,501 - lg_cotrain - INFO - LR scheduler: total_steps_1=1760, warmup=8; total_steps_2=1760, warmup=8
2026-02-27 15:55:23,502 - lg_cotrain - INFO - Phase 1 done -> seeded Phase 2 trackers. lambda1: mean=0.1075, range=[0.0631, 0.1436]
2026-02-27 15:55:23,502 - lg_cotrain - INFO - Phase 1 done -> seeded Phase 2 trackers. lambda2: mean=0.1152, range=[0.0845, 0.1689]
2026-02-27 15:56:54,750 - lg_cotrain - INFO - Phase 2 epoch 1/5: loss1=0.1562, loss2=0.1601, dev_macro_f1=0.5013, dev_err=41.54%
2026-02-27 15:58:26,234 - lg_cotrain - INFO - Phase 2 epoch 2/5: loss1=0.0923, loss2=0.9880, dev_macro_f1=0.4928, dev_err=44.47%
2026-02-27 15:59:56,411 - lg_cotrain - INFO - Phase 2 epoch 3/5: loss1=0.0765, loss2=1.2682, dev_macro_f1=0.1180, dev_err=65.87%
2026-02-27 16:01:25,536 - lg_cotrain - INFO - Phase 2 epoch 4/5: loss1=0.1334, loss2=1.1816, dev_macro_f1=0.0321, dev_err=83.09%
2026-02-27 16:02:55,316 - lg_cotrain - INFO - Phase 2 epoch 5/5: loss1=0.1410, loss2=1.0845, dev_macro_f1=0.0321, dev_err=83.09%
2026-02-27 16:02:55,316 - lg_cotrain - INFO - === Phase 3: Fine-Tuning ===
2026-02-27 16:03:01,055 - lg_cotrain - INFO - Phase 3 epoch 1: dev_macro_f1=0.0165, dev_err=91.96%, es_counter1=0, es_counter2=0
2026-02-27 16:03:06,733 - lg_cotrain - INFO - Phase 3 epoch 2: dev_macro_f1=0.0030, dev_err=98.64%, es_counter1=1, es_counter2=1
2026-02-27 16:03:12,407 - lg_cotrain - INFO - Phase 3 epoch 3: dev_macro_f1=0.0165, dev_err=91.96%, es_counter1=2, es_counter2=2
2026-02-27 16:03:18,097 - lg_cotrain - INFO - Phase 3 epoch 4: dev_macro_f1=0.0127, dev_err=93.95%, es_counter1=3, es_counter2=3
2026-02-27 16:03:23,703 - lg_cotrain - INFO - Phase 3 epoch 5: dev_macro_f1=0.0137, dev_err=93.42%, es_counter1=4, es_counter2=4
2026-02-27 16:03:29,473 - lg_cotrain - INFO - Phase 3 epoch 6: dev_macro_f1=0.0193, dev_err=90.50%, es_counter1=0, es_counter2=0
2026-02-27 16:03:35,141 - lg_cotrain - INFO - Phase 3 epoch 7: dev_macro_f1=0.0030, dev_err=98.64%, es_counter1=1, es_counter2=1
2026-02-27 16:03:40,880 - lg_cotrain - INFO - Phase 3 epoch 8: dev_macro_f1=0.0321, dev_err=83.09%, es_counter1=0, es_counter2=0
2026-02-27 16:03:46,521 - lg_cotrain - INFO - Phase 3 epoch 9: dev_macro_f1=0.0165, dev_err=91.96%, es_counter1=1, es_counter2=1
2026-02-27 16:03:52,235 - lg_cotrain - INFO - Phase 3 epoch 10: dev_macro_f1=0.0445, dev_err=74.95%, es_counter1=0, es_counter2=0
2026-02-27 16:03:57,884 - lg_cotrain - INFO - Phase 3 epoch 11: dev_macro_f1=0.0030, dev_err=98.64%, es_counter1=1, es_counter2=1
2026-02-27 16:04:03,571 - lg_cotrain - INFO - Phase 3 epoch 12: dev_macro_f1=0.0127, dev_err=93.95%, es_counter1=2, es_counter2=2
2026-02-27 16:04:09,285 - lg_cotrain - INFO - Phase 3 epoch 13: dev_macro_f1=0.0193, dev_err=90.50%, es_counter1=3, es_counter2=3
2026-02-27 16:04:14,935 - lg_cotrain - INFO - Phase 3 epoch 14: dev_macro_f1=0.0137, dev_err=93.42%, es_counter1=4, es_counter2=4
2026-02-27 16:04:20,616 - lg_cotrain - INFO - Phase 3 epoch 15: dev_macro_f1=0.0165, dev_err=91.96%, es_counter1=5, es_counter2=5
2026-02-27 16:04:26,397 - lg_cotrain - INFO - Phase 3 epoch 16: dev_macro_f1=0.0193, dev_err=90.50%, es_counter1=6, es_counter2=6
2026-02-27 16:04:32,011 - lg_cotrain - INFO - Phase 3 epoch 17: dev_macro_f1=0.0135, dev_err=93.53%, es_counter1=7, es_counter2=7
2026-02-27 16:04:37,667 - lg_cotrain - INFO - Phase 3 epoch 18: dev_macro_f1=0.0030, dev_err=98.64%, es_counter1=8, es_counter2=8
2026-02-27 16:04:43,390 - lg_cotrain - INFO - Phase 3 epoch 19: dev_macro_f1=0.0321, dev_err=83.09%, es_counter1=9, es_counter2=9
2026-02-27 16:04:43,391 - lg_cotrain - INFO - Early stopping at epoch 19
2026-02-27 16:04:43,402 - lg_cotrain - INFO - === Final Evaluation ===
2026-02-27 16:04:53,039 - lg_cotrain - INFO - Results saved to C:\Users\anhtr\AppData\Local\Temp\tmpojobozko\hurricane_irma_2017\50_set3\metrics.json
2026-02-27 16:04:53,039 - lg_cotrain - INFO - Test error rate: 74.92%, Test macro-F1: 0.0446, Test ECE: 0.0985
2026-02-27 16:04:53,054 - lg_cotrain - INFO - --- Trial 5/10 done: dev_macro_f1=0.0445 ---
2026-02-27 16:04:53,054 - lg_cotrain - INFO - --- Trial 6/10 ---
2026-02-27 16:04:53,648 - lg_cotrain - INFO - Starting LG-CoTrain: event=hurricane_irma_2017, budget=50, seed_set=3
2026-02-27 16:04:53,698 - lg_cotrain - INFO - Detected 9 classes for event hurricane_irma_2017: ['caution_and_advice', 'displaced_people_and_evacuations', 'infrastructure_and_utility_damage', 'injured_or_dead_people', 'not_humanitarian', 'other_relevant_information', 'requests_or_urgent_needs', 'rescue_volunteering_or_donation_effort', 'sympathy_and_support']
2026-02-27 16:04:53,710 - lg_cotrain - INFO - D_l1: 225, D_l2: 225, D_LG: 6129
2026-02-27 16:04:53,712 - lg_cotrain - INFO - === Phase 1: Weight Generation ===
2026-02-27 16:05:17,763 - lg_cotrain - INFO - Phase 1 epoch 1/7: mean_prob1=0.1023, mean_prob2=0.1079
2026-02-27 16:05:41,104 - lg_cotrain - INFO - Phase 1 epoch 2/7: mean_prob1=0.1121, mean_prob2=0.1221
2026-02-27 16:06:03,796 - lg_cotrain - INFO - Phase 1 epoch 3/7: mean_prob1=0.1098, mean_prob2=0.1086
2026-02-27 16:06:26,465 - lg_cotrain - INFO - Phase 1 epoch 4/7: mean_prob1=0.1095, mean_prob2=0.1083
2026-02-27 16:06:49,183 - lg_cotrain - INFO - Phase 1 epoch 5/7: mean_prob1=0.1102, mean_prob2=0.1165
2026-02-27 16:07:12,088 - lg_cotrain - INFO - Phase 1 epoch 6/7: mean_prob1=0.1139, mean_prob2=0.1153
2026-02-27 16:07:34,836 - lg_cotrain - INFO - Phase 1 epoch 7/7: mean_prob1=0.1119, mean_prob2=0.1127
2026-02-27 16:07:34,836 - lg_cotrain - INFO - === Phase 2: Co-Training ===
2026-02-27 16:07:35,955 - lg_cotrain - INFO - LR scheduler: total_steps_1=976, warmup=55; total_steps_2=976, warmup=55
2026-02-27 16:07:35,956 - lg_cotrain - INFO - Phase 1 done -> seeded Phase 2 trackers. lambda1: mean=0.1119, range=[0.0699, 0.1466]
2026-02-27 16:07:35,957 - lg_cotrain - INFO - Phase 1 done -> seeded Phase 2 trackers. lambda2: mean=0.1127, range=[0.0750, 0.1467]
2026-02-27 16:08:57,217 - lg_cotrain - INFO - Phase 2 epoch 1/6: loss1=0.1712, loss2=0.1554, dev_macro_f1=0.2318, dev_err=61.90%
2026-02-27 16:10:17,379 - lg_cotrain - INFO - Phase 2 epoch 2/6: loss1=0.1445, loss2=0.5319, dev_macro_f1=0.0728, dev_err=76.51%
2026-02-27 16:11:38,897 - lg_cotrain - INFO - Phase 2 epoch 3/6: loss1=0.0885, loss2=0.5137, dev_macro_f1=0.0452, dev_err=79.33%
2026-02-27 16:12:59,193 - lg_cotrain - INFO - Phase 2 epoch 4/6: loss1=0.0971, loss2=0.4943, dev_macro_f1=0.0371, dev_err=79.96%
2026-02-27 16:14:19,773 - lg_cotrain - INFO - Phase 2 epoch 5/6: loss1=0.1021, loss2=0.4814, dev_macro_f1=0.0371, dev_err=79.96%
2026-02-27 16:15:39,944 - lg_cotrain - INFO - Phase 2 epoch 6/6: loss1=0.1081, loss2=0.4686, dev_macro_f1=0.0371, dev_err=79.96%
2026-02-27 16:15:39,945 - lg_cotrain - INFO - === Phase 3: Fine-Tuning ===
2026-02-27 16:15:45,067 - lg_cotrain - INFO - Phase 3 epoch 1: dev_macro_f1=0.0445, dev_err=74.95%, es_counter1=0, es_counter2=0
2026-02-27 16:15:50,189 - lg_cotrain - INFO - Phase 3 epoch 2: dev_macro_f1=0.0030, dev_err=98.64%, es_counter1=1, es_counter2=1
2026-02-27 16:15:55,306 - lg_cotrain - INFO - Phase 3 epoch 3: dev_macro_f1=0.0127, dev_err=93.95%, es_counter1=2, es_counter2=2
2026-02-27 16:16:00,435 - lg_cotrain - INFO - Phase 3 epoch 4: dev_macro_f1=0.0321, dev_err=83.09%, es_counter1=3, es_counter2=3
2026-02-27 16:16:05,556 - lg_cotrain - INFO - Phase 3 epoch 5: dev_macro_f1=0.0445, dev_err=74.95%, es_counter1=4, es_counter2=4
2026-02-27 16:16:10,681 - lg_cotrain - INFO - Phase 3 epoch 6: dev_macro_f1=0.0135, dev_err=93.53%, es_counter1=5, es_counter2=5
2026-02-27 16:16:15,801 - lg_cotrain - INFO - Phase 3 epoch 7: dev_macro_f1=0.0127, dev_err=93.95%, es_counter1=6, es_counter2=6
2026-02-27 16:16:20,915 - lg_cotrain - INFO - Phase 3 epoch 8: dev_macro_f1=0.0193, dev_err=90.50%, es_counter1=7, es_counter2=7
2026-02-27 16:16:26,029 - lg_cotrain - INFO - Phase 3 epoch 9: dev_macro_f1=0.0321, dev_err=83.09%, es_counter1=8, es_counter2=8
2026-02-27 16:16:31,156 - lg_cotrain - INFO - Phase 3 epoch 10: dev_macro_f1=0.0135, dev_err=93.53%, es_counter1=9, es_counter2=9
2026-02-27 16:16:31,156 - lg_cotrain - INFO - Early stopping at epoch 10
2026-02-27 16:16:31,170 - lg_cotrain - INFO - === Final Evaluation ===
2026-02-27 16:16:40,179 - lg_cotrain - INFO - Results saved to C:\Users\anhtr\AppData\Local\Temp\tmpmz41jg86\hurricane_irma_2017\50_set3\metrics.json
2026-02-27 16:16:40,179 - lg_cotrain - INFO - Test error rate: 74.92%, Test macro-F1: 0.0446, Test ECE: 0.1046
2026-02-27 16:16:40,193 - lg_cotrain - INFO - --- Trial 6/10 done: dev_macro_f1=0.0445 ---
2026-02-27 16:16:40,193 - lg_cotrain - INFO - --- Trial 7/10 ---
2026-02-27 16:16:40,853 - lg_cotrain - INFO - Starting LG-CoTrain: event=hurricane_irma_2017, budget=50, seed_set=3
2026-02-27 16:16:40,907 - lg_cotrain - INFO - Detected 9 classes for event hurricane_irma_2017: ['caution_and_advice', 'displaced_people_and_evacuations', 'infrastructure_and_utility_damage', 'injured_or_dead_people', 'not_humanitarian', 'other_relevant_information', 'requests_or_urgent_needs', 'rescue_volunteering_or_donation_effort', 'sympathy_and_support']
2026-02-27 16:16:40,920 - lg_cotrain - INFO - D_l1: 225, D_l2: 225, D_LG: 6129
2026-02-27 16:16:40,922 - lg_cotrain - INFO - === Phase 1: Weight Generation ===
2026-02-27 16:17:06,507 - lg_cotrain - INFO - Phase 1 epoch 1/7: mean_prob1=0.1169, mean_prob2=0.1186
2026-02-27 16:17:30,913 - lg_cotrain - INFO - Phase 1 epoch 2/7: mean_prob1=0.1241, mean_prob2=0.1256
2026-02-27 16:17:55,415 - lg_cotrain - INFO - Phase 1 epoch 3/7: mean_prob1=0.1285, mean_prob2=0.1383
2026-02-27 16:18:20,236 - lg_cotrain - INFO - Phase 1 epoch 4/7: mean_prob1=0.1332, mean_prob2=0.1433
2026-02-27 16:18:44,707 - lg_cotrain - INFO - Phase 1 epoch 5/7: mean_prob1=0.1363, mean_prob2=0.1435
2026-02-27 16:19:09,183 - lg_cotrain - INFO - Phase 1 epoch 6/7: mean_prob1=0.1480, mean_prob2=0.1483
2026-02-27 16:19:33,804 - lg_cotrain - INFO - Phase 1 epoch 7/7: mean_prob1=0.1538, mean_prob2=0.1610
2026-02-27 16:19:33,804 - lg_cotrain - INFO - === Phase 2: Co-Training ===
2026-02-27 16:19:35,093 - lg_cotrain - INFO - LR scheduler: total_steps_1=4448, warmup=148; total_steps_2=4448, warmup=148
2026-02-27 16:19:35,094 - lg_cotrain - INFO - Phase 1 done -> seeded Phase 2 trackers. lambda1: mean=0.1538, range=[0.0382, 0.3253]
2026-02-27 16:19:35,094 - lg_cotrain - INFO - Phase 1 done -> seeded Phase 2 trackers. lambda2: mean=0.1610, range=[0.0187, 0.3623]
2026-02-27 16:21:03,447 - lg_cotrain - INFO - Phase 2 epoch 1/19: loss1=0.2691, loss2=0.2447, dev_macro_f1=0.5268, dev_err=41.02%
2026-02-27 16:22:31,947 - lg_cotrain - INFO - Phase 2 epoch 2/19: loss1=0.0762, loss2=0.1744, dev_macro_f1=0.5566, dev_err=37.68%
2026-02-27 16:24:00,422 - lg_cotrain - INFO - Phase 2 epoch 3/19: loss1=0.0355, loss2=0.1279, dev_macro_f1=0.5617, dev_err=37.37%
2026-02-27 16:25:28,764 - lg_cotrain - INFO - Phase 2 epoch 4/19: loss1=0.0240, loss2=0.0929, dev_macro_f1=0.5627, dev_err=36.95%
2026-02-27 16:26:57,133 - lg_cotrain - INFO - Phase 2 epoch 5/19: loss1=0.0199, loss2=0.0655, dev_macro_f1=0.5529, dev_err=37.58%
2026-02-27 16:28:25,017 - lg_cotrain - INFO - Phase 2 epoch 6/19: loss1=0.0161, loss2=0.0598, dev_macro_f1=0.5446, dev_err=38.62%
2026-02-27 16:29:52,681 - lg_cotrain - INFO - Phase 2 epoch 7/19: loss1=0.0123, loss2=0.0359, dev_macro_f1=0.5479, dev_err=37.89%
2026-02-27 16:31:20,302 - lg_cotrain - INFO - Phase 2 epoch 8/19: loss1=0.0142, loss2=0.0267, dev_macro_f1=0.5409, dev_err=38.94%
2026-02-27 16:32:47,901 - lg_cotrain - INFO - Phase 2 epoch 9/19: loss1=0.0131, loss2=0.0219, dev_macro_f1=0.5541, dev_err=37.89%
2026-02-27 16:34:15,626 - lg_cotrain - INFO - Phase 2 epoch 10/19: loss1=0.0087, loss2=0.0208, dev_macro_f1=0.5537, dev_err=38.20%
2026-02-27 16:35:43,371 - lg_cotrain - INFO - Phase 2 epoch 11/19: loss1=0.0097, loss2=0.0205, dev_macro_f1=0.5612, dev_err=37.27%
2026-02-27 16:37:11,372 - lg_cotrain - INFO - Phase 2 epoch 12/19: loss1=0.0088, loss2=0.0138, dev_macro_f1=0.5598, dev_err=37.58%
2026-02-27 16:38:39,361 - lg_cotrain - INFO - Phase 2 epoch 13/19: loss1=0.0070, loss2=0.0126, dev_macro_f1=0.5706, dev_err=38.00%
2026-02-27 16:40:08,912 - lg_cotrain - INFO - Phase 2 epoch 14/19: loss1=0.0092, loss2=0.0106, dev_macro_f1=0.5582, dev_err=37.58%
2026-02-27 16:41:37,738 - lg_cotrain - INFO - Phase 2 epoch 15/19: loss1=0.0067, loss2=0.0096, dev_macro_f1=0.5593, dev_err=38.10%
2026-02-27 16:43:08,303 - lg_cotrain - INFO - Phase 2 epoch 16/19: loss1=0.0062, loss2=0.0075, dev_macro_f1=0.5749, dev_err=38.41%
2026-02-27 16:44:40,137 - lg_cotrain - INFO - Phase 2 epoch 17/19: loss1=0.0048, loss2=0.0073, dev_macro_f1=0.5853, dev_err=37.27%
2026-02-27 16:46:10,257 - lg_cotrain - INFO - Phase 2 epoch 18/19: loss1=0.0055, loss2=0.0067, dev_macro_f1=0.5805, dev_err=37.58%
2026-02-27 16:47:39,830 - lg_cotrain - INFO - Phase 2 epoch 19/19: loss1=0.0057, loss2=0.0060, dev_macro_f1=0.5730, dev_err=38.73%
2026-02-27 16:47:39,830 - lg_cotrain - INFO - === Phase 3: Fine-Tuning ===
2026-02-27 16:47:45,480 - lg_cotrain - INFO - Phase 3 epoch 1: dev_macro_f1=0.6033, dev_err=38.31%, es_counter1=0, es_counter2=0
2026-02-27 16:47:51,135 - lg_cotrain - INFO - Phase 3 epoch 2: dev_macro_f1=0.5829, dev_err=41.34%, es_counter1=1, es_counter2=1
2026-02-27 16:47:56,877 - lg_cotrain - INFO - Phase 3 epoch 3: dev_macro_f1=0.5926, dev_err=39.87%, es_counter1=2, es_counter2=2
2026-02-27 16:48:02,902 - lg_cotrain - INFO - Phase 3 epoch 4: dev_macro_f1=0.6110, dev_err=37.06%, es_counter1=0, es_counter2=0
2026-02-27 16:48:09,205 - lg_cotrain - INFO - Phase 3 epoch 5: dev_macro_f1=0.6174, dev_err=36.01%, es_counter1=0, es_counter2=0
2026-02-27 16:48:14,997 - lg_cotrain - INFO - Phase 3 epoch 6: dev_macro_f1=0.6231, dev_err=35.39%, es_counter1=0, es_counter2=0
2026-02-27 16:48:20,704 - lg_cotrain - INFO - Phase 3 epoch 7: dev_macro_f1=0.6319, dev_err=34.86%, es_counter1=0, es_counter2=0
2026-02-27 16:48:26,425 - lg_cotrain - INFO - Phase 3 epoch 8: dev_macro_f1=0.6244, dev_err=35.28%, es_counter1=1, es_counter2=1
2026-02-27 16:48:32,176 - lg_cotrain - INFO - Phase 3 epoch 9: dev_macro_f1=0.6204, dev_err=36.12%, es_counter1=2, es_counter2=2
2026-02-27 16:48:37,873 - lg_cotrain - INFO - Phase 3 epoch 10: dev_macro_f1=0.6281, dev_err=35.28%, es_counter1=3, es_counter2=3
2026-02-27 16:48:43,825 - lg_cotrain - INFO - Phase 3 epoch 11: dev_macro_f1=0.6292, dev_err=35.18%, es_counter1=4, es_counter2=4
2026-02-27 16:48:49,705 - lg_cotrain - INFO - Phase 3 epoch 12: dev_macro_f1=0.6372, dev_err=34.24%, es_counter1=0, es_counter2=0
2026-02-27 16:48:55,560 - lg_cotrain - INFO - Phase 3 epoch 13: dev_macro_f1=0.6385, dev_err=34.03%, es_counter1=0, es_counter2=0
2026-02-27 16:49:01,434 - lg_cotrain - INFO - Phase 3 epoch 14: dev_macro_f1=0.6323, dev_err=34.13%, es_counter1=1, es_counter2=1
2026-02-27 16:49:07,508 - lg_cotrain - INFO - Phase 3 epoch 15: dev_macro_f1=0.6380, dev_err=34.03%, es_counter1=2, es_counter2=2
2026-02-27 16:49:13,645 - lg_cotrain - INFO - Phase 3 epoch 16: dev_macro_f1=0.6375, dev_err=34.03%, es_counter1=3, es_counter2=3
2026-02-27 16:49:19,766 - lg_cotrain - INFO - Phase 3 epoch 17: dev_macro_f1=0.6400, dev_err=33.92%, es_counter1=0, es_counter2=0
2026-02-27 16:49:25,847 - lg_cotrain - INFO - Phase 3 epoch 18: dev_macro_f1=0.6432, dev_err=33.61%, es_counter1=0, es_counter2=0
2026-02-27 16:49:31,827 - lg_cotrain - INFO - Phase 3 epoch 19: dev_macro_f1=0.6431, dev_err=33.51%, es_counter1=1, es_counter2=1
2026-02-27 16:49:37,743 - lg_cotrain - INFO - Phase 3 epoch 20: dev_macro_f1=0.6425, dev_err=33.51%, es_counter1=2, es_counter2=2
2026-02-27 16:49:43,648 - lg_cotrain - INFO - Phase 3 epoch 21: dev_macro_f1=0.6419, dev_err=33.51%, es_counter1=3, es_counter2=3
2026-02-27 16:49:49,591 - lg_cotrain - INFO - Phase 3 epoch 22: dev_macro_f1=0.6409, dev_err=33.61%, es_counter1=4, es_counter2=4
2026-02-27 16:49:55,546 - lg_cotrain - INFO - Phase 3 epoch 23: dev_macro_f1=0.6385, dev_err=33.82%, es_counter1=5, es_counter2=5
2026-02-27 16:49:55,546 - lg_cotrain - INFO - Early stopping at epoch 23
2026-02-27 16:49:55,555 - lg_cotrain - INFO - === Final Evaluation ===
2026-02-27 16:50:05,832 - lg_cotrain - INFO - Results saved to C:\Users\anhtr\AppData\Local\Temp\tmpxlags8ak\hurricane_irma_2017\50_set3\metrics.json
2026-02-27 16:50:05,832 - lg_cotrain - INFO - Test error rate: 32.49%, Test macro-F1: 0.6535, Test ECE: 0.1924
2026-02-27 16:50:05,848 - lg_cotrain - INFO - --- Trial 7/10 done: dev_macro_f1=0.6432 ---
2026-02-27 16:50:05,848 - lg_cotrain - INFO - --- Trial 8/10 ---
2026-02-27 16:50:06,468 - lg_cotrain - INFO - Starting LG-CoTrain: event=hurricane_irma_2017, budget=50, seed_set=3
2026-02-27 16:50:06,519 - lg_cotrain - INFO - Detected 9 classes for event hurricane_irma_2017: ['caution_and_advice', 'displaced_people_and_evacuations', 'infrastructure_and_utility_damage', 'injured_or_dead_people', 'not_humanitarian', 'other_relevant_information', 'requests_or_urgent_needs', 'rescue_volunteering_or_donation_effort', 'sympathy_and_support']
2026-02-27 16:50:06,529 - lg_cotrain - INFO - D_l1: 225, D_l2: 225, D_LG: 6129
2026-02-27 16:50:06,530 - lg_cotrain - INFO - === Phase 1: Weight Generation ===
2026-02-27 16:50:31,983 - lg_cotrain - INFO - Phase 1 epoch 1/7: mean_prob1=0.1164, mean_prob2=0.1158
2026-02-27 16:50:56,441 - lg_cotrain - INFO - Phase 1 epoch 2/7: mean_prob1=0.1214, mean_prob2=0.1180
2026-02-27 16:51:20,718 - lg_cotrain - INFO - Phase 1 epoch 3/7: mean_prob1=0.1266, mean_prob2=0.1262
2026-02-27 16:51:44,406 - lg_cotrain - INFO - Phase 1 epoch 4/7: mean_prob1=0.1327, mean_prob2=0.1424
2026-02-27 16:52:08,402 - lg_cotrain - INFO - Phase 1 epoch 5/7: mean_prob1=0.1382, mean_prob2=0.1480
2026-02-27 16:52:32,303 - lg_cotrain - INFO - Phase 1 epoch 6/7: mean_prob1=0.1451, mean_prob2=0.1551
2026-02-27 16:52:56,244 - lg_cotrain - INFO - Phase 1 epoch 7/7: mean_prob1=0.1489, mean_prob2=0.1615
2026-02-27 16:52:56,245 - lg_cotrain - INFO - === Phase 2: Co-Training ===
2026-02-27 16:52:57,357 - lg_cotrain - INFO - LR scheduler: total_steps_1=1456, warmup=308; total_steps_2=1456, warmup=308
2026-02-27 16:52:57,358 - lg_cotrain - INFO - Phase 1 done -> seeded Phase 2 trackers. lambda1: mean=0.1489, range=[0.0322, 0.3436]
2026-02-27 16:52:57,358 - lg_cotrain - INFO - Phase 1 done -> seeded Phase 2 trackers. lambda2: mean=0.1615, range=[0.0184, 0.3758]
2026-02-27 16:54:19,485 - lg_cotrain - INFO - Phase 2 epoch 1/11: loss1=0.3265, loss2=0.3040, dev_macro_f1=0.2457, dev_err=64.30%
2026-02-27 16:55:40,346 - lg_cotrain - INFO - Phase 2 epoch 2/11: loss1=0.1624, loss2=0.2446, dev_macro_f1=0.5406, dev_err=38.83%
2026-02-27 16:57:01,357 - lg_cotrain - INFO - Phase 2 epoch 3/11: loss1=0.0660, loss2=0.1761, dev_macro_f1=0.5526, dev_err=37.79%
2026-02-27 16:58:22,297 - lg_cotrain - INFO - Phase 2 epoch 4/11: loss1=0.0333, loss2=0.1289, dev_macro_f1=0.5481, dev_err=38.52%
2026-02-27 16:59:43,172 - lg_cotrain - INFO - Phase 2 epoch 5/11: loss1=0.0211, loss2=0.0867, dev_macro_f1=0.5332, dev_err=39.67%
2026-02-27 17:01:04,889 - lg_cotrain - INFO - Phase 2 epoch 6/11: loss1=0.0151, loss2=0.0694, dev_macro_f1=0.5531, dev_err=38.00%
2026-02-27 17:02:28,383 - lg_cotrain - INFO - Phase 2 epoch 7/11: loss1=0.0142, loss2=0.0474, dev_macro_f1=0.5483, dev_err=38.73%
2026-02-27 17:03:52,215 - lg_cotrain - INFO - Phase 2 epoch 8/11: loss1=0.0172, loss2=0.0371, dev_macro_f1=0.5656, dev_err=38.10%
2026-02-27 17:05:13,551 - lg_cotrain - INFO - Phase 2 epoch 9/11: loss1=0.0105, loss2=0.0250, dev_macro_f1=0.5635, dev_err=38.52%
2026-02-27 17:06:34,253 - lg_cotrain - INFO - Phase 2 epoch 10/11: loss1=0.0111, loss2=0.0216, dev_macro_f1=0.5675, dev_err=38.20%
2026-02-27 17:07:55,516 - lg_cotrain - INFO - Phase 2 epoch 11/11: loss1=0.0096, loss2=0.0206, dev_macro_f1=0.5731, dev_err=38.94%
2026-02-27 17:07:55,517 - lg_cotrain - INFO - === Phase 3: Fine-Tuning ===
2026-02-27 17:08:00,819 - lg_cotrain - INFO - Phase 3 epoch 1: dev_macro_f1=0.5913, dev_err=38.83%, es_counter1=0, es_counter2=0
2026-02-27 17:08:06,055 - lg_cotrain - INFO - Phase 3 epoch 2: dev_macro_f1=0.6034, dev_err=39.25%, es_counter1=0, es_counter2=0
2026-02-27 17:08:11,338 - lg_cotrain - INFO - Phase 3 epoch 3: dev_macro_f1=0.6173, dev_err=37.58%, es_counter1=0, es_counter2=0
2026-02-27 17:08:16,542 - lg_cotrain - INFO - Phase 3 epoch 4: dev_macro_f1=0.6318, dev_err=34.03%, es_counter1=0, es_counter2=0
2026-02-27 17:08:21,747 - lg_cotrain - INFO - Phase 3 epoch 5: dev_macro_f1=0.6338, dev_err=33.51%, es_counter1=0, es_counter2=0
2026-02-27 17:08:26,994 - lg_cotrain - INFO - Phase 3 epoch 6: dev_macro_f1=0.6406, dev_err=33.40%, es_counter1=0, es_counter2=0
2026-02-27 17:08:32,208 - lg_cotrain - INFO - Phase 3 epoch 7: dev_macro_f1=0.6477, dev_err=32.88%, es_counter1=0, es_counter2=0
2026-02-27 17:08:37,437 - lg_cotrain - INFO - Phase 3 epoch 8: dev_macro_f1=0.6496, dev_err=32.67%, es_counter1=0, es_counter2=0
2026-02-27 17:08:42,631 - lg_cotrain - INFO - Phase 3 epoch 9: dev_macro_f1=0.6485, dev_err=32.46%, es_counter1=1, es_counter2=1
2026-02-27 17:08:47,800 - lg_cotrain - INFO - Phase 3 epoch 10: dev_macro_f1=0.6492, dev_err=32.46%, es_counter1=2, es_counter2=2
2026-02-27 17:08:53,022 - lg_cotrain - INFO - Phase 3 epoch 11: dev_macro_f1=0.6527, dev_err=31.94%, es_counter1=0, es_counter2=0
2026-02-27 17:08:58,283 - lg_cotrain - INFO - Phase 3 epoch 12: dev_macro_f1=0.6653, dev_err=30.69%, es_counter1=0, es_counter2=0
2026-02-27 17:09:03,528 - lg_cotrain - INFO - Phase 3 epoch 13: dev_macro_f1=0.6695, dev_err=30.38%, es_counter1=0, es_counter2=0
2026-02-27 17:09:08,820 - lg_cotrain - INFO - Phase 3 epoch 14: dev_macro_f1=0.6651, dev_err=31.00%, es_counter1=1, es_counter2=1
2026-02-27 17:09:14,025 - lg_cotrain - INFO - Phase 3 epoch 15: dev_macro_f1=0.6651, dev_err=31.00%, es_counter1=2, es_counter2=2
2026-02-27 17:09:19,309 - lg_cotrain - INFO - Phase 3 epoch 16: dev_macro_f1=0.6670, dev_err=30.90%, es_counter1=3, es_counter2=3
2026-02-27 17:09:24,439 - lg_cotrain - INFO - Phase 3 epoch 17: dev_macro_f1=0.6672, dev_err=30.90%, es_counter1=4, es_counter2=4
2026-02-27 17:09:29,540 - lg_cotrain - INFO - Phase 3 epoch 18: dev_macro_f1=0.6587, dev_err=31.52%, es_counter1=5, es_counter2=5
2026-02-27 17:09:34,668 - lg_cotrain - INFO - Phase 3 epoch 19: dev_macro_f1=0.6575, dev_err=31.52%, es_counter1=6, es_counter2=6
2026-02-27 17:09:39,783 - lg_cotrain - INFO - Phase 3 epoch 20: dev_macro_f1=0.6542, dev_err=31.73%, es_counter1=7, es_counter2=7
2026-02-27 17:09:45,082 - lg_cotrain - INFO - Phase 3 epoch 21: dev_macro_f1=0.6537, dev_err=31.73%, es_counter1=8, es_counter2=8
2026-02-27 17:09:45,082 - lg_cotrain - INFO - Early stopping at epoch 21
2026-02-27 17:09:45,097 - lg_cotrain - INFO - === Final Evaluation ===
2026-02-27 17:09:54,290 - lg_cotrain - INFO - Results saved to C:\Users\anhtr\AppData\Local\Temp\tmpwgy7xffq\hurricane_irma_2017\50_set3\metrics.json
2026-02-27 17:09:54,290 - lg_cotrain - INFO - Test error rate: 31.42%, Test macro-F1: 0.6591, Test ECE: 0.1529
2026-02-27 17:09:54,303 - lg_cotrain - INFO - --- Trial 8/10 done: dev_macro_f1=0.6695 ---
2026-02-27 17:09:54,303 - lg_cotrain - INFO - --- Trial 9/10 ---
2026-02-27 17:09:54,878 - lg_cotrain - INFO - Starting LG-CoTrain: event=hurricane_irma_2017, budget=50, seed_set=3
2026-02-27 17:09:54,924 - lg_cotrain - INFO - Detected 9 classes for event hurricane_irma_2017: ['caution_and_advice', 'displaced_people_and_evacuations', 'infrastructure_and_utility_damage', 'injured_or_dead_people', 'not_humanitarian', 'other_relevant_information', 'requests_or_urgent_needs', 'rescue_volunteering_or_donation_effort', 'sympathy_and_support']
2026-02-27 17:09:54,935 - lg_cotrain - INFO - D_l1: 225, D_l2: 225, D_LG: 6129
2026-02-27 17:09:54,937 - lg_cotrain - INFO - === Phase 1: Weight Generation ===
2026-02-27 17:10:21,947 - lg_cotrain - INFO - Phase 1 epoch 1/7: mean_prob1=0.1122, mean_prob2=0.1185
2026-02-27 17:10:47,648 - lg_cotrain - INFO - Phase 1 epoch 2/7: mean_prob1=0.1350, mean_prob2=0.1392
2026-02-27 17:11:13,196 - lg_cotrain - INFO - Phase 1 epoch 3/7: mean_prob1=0.1167, mean_prob2=0.1796
2026-02-27 17:11:38,994 - lg_cotrain - INFO - Phase 1 epoch 4/7: mean_prob1=0.1103, mean_prob2=0.1923
2026-02-27 17:12:04,678 - lg_cotrain - INFO - Phase 1 epoch 5/7: mean_prob1=0.1159, mean_prob2=0.2595
2026-02-27 17:12:30,230 - lg_cotrain - INFO - Phase 1 epoch 6/7: mean_prob1=0.1613, mean_prob2=0.2276
2026-02-27 17:12:56,537 - lg_cotrain - INFO - Phase 1 epoch 7/7: mean_prob1=0.1671, mean_prob2=0.2233
2026-02-27 17:12:56,537 - lg_cotrain - INFO - === Phase 2: Co-Training ===
2026-02-27 17:12:57,639 - lg_cotrain - INFO - LR scheduler: total_steps_1=4572, warmup=1137; total_steps_2=4572, warmup=1137
2026-02-27 17:12:57,639 - lg_cotrain - INFO - Phase 1 done -> seeded Phase 2 trackers. lambda1: mean=0.1671, range=[0.0123, 0.7551]
2026-02-27 17:12:57,639 - lg_cotrain - INFO - Phase 1 done -> seeded Phase 2 trackers. lambda2: mean=0.2233, range=[0.0019, 0.9594]
2026-02-27 17:14:34,504 - lg_cotrain - INFO - Phase 2 epoch 1/8: loss1=0.2161, loss2=0.1821, dev_macro_f1=0.5509, dev_err=39.56%
2026-02-27 17:16:12,196 - lg_cotrain - INFO - Phase 2 epoch 2/8: loss1=0.1023, loss2=0.2796, dev_macro_f1=0.5187, dev_err=41.44%
2026-02-27 17:17:48,751 - lg_cotrain - INFO - Phase 2 epoch 3/8: loss1=0.2721, loss2=0.8483, dev_macro_f1=0.0321, dev_err=83.09%
2026-02-27 17:19:25,785 - lg_cotrain - INFO - Phase 2 epoch 4/8: loss1=0.2253, loss2=1.1848, dev_macro_f1=0.0321, dev_err=83.09%
2026-02-27 17:21:03,831 - lg_cotrain - INFO - Phase 2 epoch 5/8: loss1=0.1242, loss2=1.0878, dev_macro_f1=0.0321, dev_err=83.09%
2026-02-27 17:22:41,190 - lg_cotrain - INFO - Phase 2 epoch 6/8: loss1=0.0737, loss2=1.0077, dev_macro_f1=0.0321, dev_err=83.09%
2026-02-27 17:24:18,208 - lg_cotrain - INFO - Phase 2 epoch 7/8: loss1=0.0575, loss2=0.9488, dev_macro_f1=0.0321, dev_err=83.09%
2026-02-27 17:25:56,606 - lg_cotrain - INFO - Phase 2 epoch 8/8: loss1=0.0447, loss2=0.9016, dev_macro_f1=0.0321, dev_err=83.09%
2026-02-27 17:25:56,606 - lg_cotrain - INFO - === Phase 3: Fine-Tuning ===
2026-02-27 17:26:02,638 - lg_cotrain - INFO - Phase 3 epoch 1: dev_macro_f1=0.0371, dev_err=79.96%, es_counter1=0, es_counter2=0
2026-02-27 17:26:08,628 - lg_cotrain - INFO - Phase 3 epoch 2: dev_macro_f1=0.0137, dev_err=93.42%, es_counter1=1, es_counter2=1
2026-02-27 17:26:14,658 - lg_cotrain - INFO - Phase 3 epoch 3: dev_macro_f1=0.0193, dev_err=90.50%, es_counter1=2, es_counter2=2
2026-02-27 17:26:21,044 - lg_cotrain - INFO - Phase 3 epoch 4: dev_macro_f1=0.0030, dev_err=98.64%, es_counter1=3, es_counter2=3
2026-02-27 17:26:27,479 - lg_cotrain - INFO - Phase 3 epoch 5: dev_macro_f1=0.0137, dev_err=93.42%, es_counter1=4, es_counter2=4
2026-02-27 17:26:33,799 - lg_cotrain - INFO - Phase 3 epoch 6: dev_macro_f1=0.0165, dev_err=91.96%, es_counter1=5, es_counter2=5
2026-02-27 17:26:39,771 - lg_cotrain - INFO - Phase 3 epoch 7: dev_macro_f1=0.0030, dev_err=98.64%, es_counter1=6, es_counter2=6
2026-02-27 17:26:45,737 - lg_cotrain - INFO - Phase 3 epoch 8: dev_macro_f1=0.0321, dev_err=83.09%, es_counter1=7, es_counter2=7
2026-02-27 17:26:51,767 - lg_cotrain - INFO - Phase 3 epoch 9: dev_macro_f1=0.0445, dev_err=74.95%, es_counter1=0, es_counter2=0
2026-02-27 17:26:57,781 - lg_cotrain - INFO - Phase 3 epoch 10: dev_macro_f1=0.0193, dev_err=90.50%, es_counter1=1, es_counter2=1
2026-02-27 17:27:03,845 - lg_cotrain - INFO - Phase 3 epoch 11: dev_macro_f1=0.0137, dev_err=93.42%, es_counter1=2, es_counter2=2
2026-02-27 17:27:09,970 - lg_cotrain - INFO - Phase 3 epoch 12: dev_macro_f1=0.0321, dev_err=83.09%, es_counter1=3, es_counter2=3
2026-02-27 17:27:16,009 - lg_cotrain - INFO - Phase 3 epoch 13: dev_macro_f1=0.0193, dev_err=90.50%, es_counter1=4, es_counter2=4
2026-02-27 17:27:22,013 - lg_cotrain - INFO - Phase 3 epoch 14: dev_macro_f1=0.0135, dev_err=93.53%, es_counter1=5, es_counter2=5
2026-02-27 17:27:27,992 - lg_cotrain - INFO - Phase 3 epoch 15: dev_macro_f1=0.0321, dev_err=83.09%, es_counter1=6, es_counter2=6
2026-02-27 17:27:33,964 - lg_cotrain - INFO - Phase 3 epoch 16: dev_macro_f1=0.0371, dev_err=79.96%, es_counter1=7, es_counter2=7
2026-02-27 17:27:39,937 - lg_cotrain - INFO - Phase 3 epoch 17: dev_macro_f1=0.0321, dev_err=83.09%, es_counter1=8, es_counter2=8
2026-02-27 17:27:39,937 - lg_cotrain - INFO - Early stopping at epoch 17
2026-02-27 17:27:39,950 - lg_cotrain - INFO - === Final Evaluation ===
2026-02-27 17:27:49,859 - lg_cotrain - INFO - Results saved to C:\Users\anhtr\AppData\Local\Temp\tmpma6_ge9_\hurricane_irma_2017\50_set3\metrics.json
2026-02-27 17:27:49,859 - lg_cotrain - INFO - Test error rate: 74.92%, Test macro-F1: 0.0446, Test ECE: 0.1186
2026-02-27 17:27:49,869 - lg_cotrain - INFO - --- Trial 9/10 done: dev_macro_f1=0.0445 ---
2026-02-27 17:27:49,871 - lg_cotrain - INFO - --- Trial 10/10 ---
2026-02-27 17:27:50,461 - lg_cotrain - INFO - Starting LG-CoTrain: event=hurricane_irma_2017, budget=50, seed_set=3
2026-02-27 17:27:50,501 - lg_cotrain - INFO - Detected 9 classes for event hurricane_irma_2017: ['caution_and_advice', 'displaced_people_and_evacuations', 'infrastructure_and_utility_damage', 'injured_or_dead_people', 'not_humanitarian', 'other_relevant_information', 'requests_or_urgent_needs', 'rescue_volunteering_or_donation_effort', 'sympathy_and_support']
2026-02-27 17:27:50,514 - lg_cotrain - INFO - D_l1: 225, D_l2: 225, D_LG: 6129
2026-02-27 17:27:50,515 - lg_cotrain - INFO - === Phase 1: Weight Generation ===
2026-02-27 17:28:17,182 - lg_cotrain - INFO - Phase 1 epoch 1/7: mean_prob1=0.1085, mean_prob2=0.1333
2026-02-27 17:28:43,374 - lg_cotrain - INFO - Phase 1 epoch 2/7: mean_prob1=0.1156, mean_prob2=0.1690
2026-02-27 17:29:09,438 - lg_cotrain - INFO - Phase 1 epoch 3/7: mean_prob1=0.1504, mean_prob2=0.2279
2026-02-27 17:29:35,073 - lg_cotrain - INFO - Phase 1 epoch 4/7: mean_prob1=0.1880, mean_prob2=0.3170
2026-02-27 17:30:00,869 - lg_cotrain - INFO - Phase 1 epoch 5/7: mean_prob1=0.3167, mean_prob2=0.4038
2026-02-27 17:30:26,519 - lg_cotrain - INFO - Phase 1 epoch 6/7: mean_prob1=0.4258, mean_prob2=0.5046
2026-02-27 17:30:52,118 - lg_cotrain - INFO - Phase 1 epoch 7/7: mean_prob1=0.5238, mean_prob2=0.5465
2026-02-27 17:30:52,118 - lg_cotrain - INFO - === Phase 2: Co-Training ===
2026-02-27 17:30:53,234 - lg_cotrain - INFO - LR scheduler: total_steps_1=3804, warmup=620; total_steps_2=3804, warmup=620
2026-02-27 17:30:53,235 - lg_cotrain - INFO - Phase 1 done -> seeded Phase 2 trackers. lambda1: mean=0.5238, range=[0.0029, 0.9509]
2026-02-27 17:30:53,235 - lg_cotrain - INFO - Phase 1 done -> seeded Phase 2 trackers. lambda2: mean=0.5465, range=[0.0014, 0.9541]
2026-02-27 17:32:29,728 - lg_cotrain - INFO - Phase 2 epoch 1/6: loss1=0.5964, loss2=0.5581, dev_macro_f1=0.5330, dev_err=38.31%
2026-02-27 17:34:07,101 - lg_cotrain - INFO - Phase 2 epoch 2/6: loss1=0.0713, loss2=0.2551, dev_macro_f1=0.5908, dev_err=36.22%
2026-02-27 17:35:44,209 - lg_cotrain - INFO - Phase 2 epoch 3/6: loss1=0.0567, loss2=0.1767, dev_macro_f1=0.6204, dev_err=35.39%
2026-02-27 17:37:22,843 - lg_cotrain - INFO - Phase 2 epoch 4/6: loss1=0.0458, loss2=0.0853, dev_macro_f1=0.5983, dev_err=36.64%
2026-02-27 17:39:00,176 - lg_cotrain - INFO - Phase 2 epoch 5/6: loss1=0.0286, loss2=0.0429, dev_macro_f1=0.6030, dev_err=36.85%
2026-02-27 17:40:40,853 - lg_cotrain - INFO - Phase 2 epoch 6/6: loss1=0.0193, loss2=0.0335, dev_macro_f1=0.6194, dev_err=35.49%
2026-02-27 17:40:40,853 - lg_cotrain - INFO - === Phase 3: Fine-Tuning ===
2026-02-27 17:40:46,989 - lg_cotrain - INFO - Phase 3 epoch 1: dev_macro_f1=0.6405, dev_err=34.24%, es_counter1=0, es_counter2=0
2026-02-27 17:40:53,111 - lg_cotrain - INFO - Phase 3 epoch 2: dev_macro_f1=0.6367, dev_err=33.82%, es_counter1=1, es_counter2=1
2026-02-27 17:40:59,246 - lg_cotrain - INFO - Phase 3 epoch 3: dev_macro_f1=0.6380, dev_err=32.78%, es_counter1=2, es_counter2=2
2026-02-27 17:41:05,446 - lg_cotrain - INFO - Phase 3 epoch 4: dev_macro_f1=0.6286, dev_err=34.66%, es_counter1=3, es_counter2=3
2026-02-27 17:41:11,601 - lg_cotrain - INFO - Phase 3 epoch 5: dev_macro_f1=0.6229, dev_err=34.66%, es_counter1=4, es_counter2=4
2026-02-27 17:41:17,755 - lg_cotrain - INFO - Phase 3 epoch 6: dev_macro_f1=0.6397, dev_err=33.19%, es_counter1=5, es_counter2=5
2026-02-27 17:41:23,902 - lg_cotrain - INFO - Phase 3 epoch 7: dev_macro_f1=0.6412, dev_err=33.30%, es_counter1=0, es_counter2=0
2026-02-27 17:41:30,001 - lg_cotrain - INFO - Phase 3 epoch 8: dev_macro_f1=0.6376, dev_err=33.40%, es_counter1=1, es_counter2=1
2026-02-27 17:41:36,101 - lg_cotrain - INFO - Phase 3 epoch 9: dev_macro_f1=0.6382, dev_err=33.30%, es_counter1=2, es_counter2=2
2026-02-27 17:41:42,237 - lg_cotrain - INFO - Phase 3 epoch 10: dev_macro_f1=0.6375, dev_err=33.40%, es_counter1=3, es_counter2=3
2026-02-27 17:41:48,364 - lg_cotrain - INFO - Phase 3 epoch 11: dev_macro_f1=0.6377, dev_err=33.40%, es_counter1=4, es_counter2=4
2026-02-27 17:41:54,465 - lg_cotrain - INFO - Phase 3 epoch 12: dev_macro_f1=0.6387, dev_err=33.30%, es_counter1=5, es_counter2=5
2026-02-27 17:42:00,587 - lg_cotrain - INFO - Phase 3 epoch 13: dev_macro_f1=0.6394, dev_err=33.19%, es_counter1=6, es_counter2=6
2026-02-27 17:42:06,706 - lg_cotrain - INFO - Phase 3 epoch 14: dev_macro_f1=0.6387, dev_err=33.19%, es_counter1=7, es_counter2=7
2026-02-27 17:42:12,832 - lg_cotrain - INFO - Phase 3 epoch 15: dev_macro_f1=0.6391, dev_err=33.19%, es_counter1=8, es_counter2=8
2026-02-27 17:42:12,832 - lg_cotrain - INFO - Early stopping at epoch 15
2026-02-27 17:42:12,842 - lg_cotrain - INFO - === Final Evaluation ===
2026-02-27 17:42:23,039 - lg_cotrain - INFO - Results saved to C:\Users\anhtr\AppData\Local\Temp\tmpmgwnupiw\hurricane_irma_2017\50_set3\metrics.json
2026-02-27 17:42:23,039 - lg_cotrain - INFO - Test error rate: 32.81%, Test macro-F1: 0.6510, Test ECE: 0.1717
2026-02-27 17:42:23,047 - lg_cotrain - INFO - --- Trial 10/10 done: dev_macro_f1=0.6412 ---
