2026-02-23 18:09:45,277 - lg_cotrain - INFO - === Optuna study: canada_wildfires_2016 budget=50 seed=1 | target=10 trials, 0 replayed, 10 new ===
2026-02-23 18:09:45,277 - lg_cotrain - INFO - --- Trial 1/10 ---
2026-02-23 18:09:45,827 - lg_cotrain - INFO - Starting LG-CoTrain: event=canada_wildfires_2016, budget=50, seed_set=1
2026-02-23 18:09:45,835 - lg_cotrain - INFO - Detected 8 classes for event canada_wildfires_2016: ['caution_and_advice', 'displaced_people_and_evacuations', 'infrastructure_and_utility_damage', 'not_humanitarian', 'other_relevant_information', 'requests_or_urgent_needs', 'rescue_volunteering_or_donation_effort', 'sympathy_and_support']
2026-02-23 18:09:45,845 - lg_cotrain - INFO - D_l1: 182, D_l2: 182, D_LG: 1205
2026-02-23 18:09:45,846 - lg_cotrain - INFO - === Phase 1: Weight Generation ===
2026-02-23 18:09:53,537 - lg_cotrain - INFO - Phase 1 epoch 1/7: mean_prob1=0.1532, mean_prob2=0.1321
2026-02-23 18:10:00,102 - lg_cotrain - INFO - Phase 1 epoch 2/7: mean_prob1=0.1388, mean_prob2=0.1392
2026-02-23 18:10:06,671 - lg_cotrain - INFO - Phase 1 epoch 3/7: mean_prob1=0.1514, mean_prob2=0.1293
2026-02-23 18:10:13,228 - lg_cotrain - INFO - Phase 1 epoch 4/7: mean_prob1=0.1364, mean_prob2=0.1371
2026-02-23 18:10:19,841 - lg_cotrain - INFO - Phase 1 epoch 5/7: mean_prob1=0.1341, mean_prob2=0.1309
2026-02-23 18:10:26,448 - lg_cotrain - INFO - Phase 1 epoch 6/7: mean_prob1=0.1291, mean_prob2=0.1443
2026-02-23 18:10:33,033 - lg_cotrain - INFO - Phase 1 epoch 7/7: mean_prob1=0.1226, mean_prob2=0.1346
2026-02-23 18:10:33,034 - lg_cotrain - INFO - === Phase 2: Co-Training ===
2026-02-23 18:10:34,022 - lg_cotrain - INFO - LR scheduler: total_steps_1=4263, warmup=142; total_steps_2=4263, warmup=142
2026-02-23 18:10:34,022 - lg_cotrain - INFO - Phase 1 done -> seeded Phase 2 trackers. lambda1: mean=0.1226, range=[0.0351, 0.1646]
2026-02-23 18:10:34,023 - lg_cotrain - INFO - Phase 1 done -> seeded Phase 2 trackers. lambda2: mean=0.1346, range=[0.0383, 0.1466]
2026-02-23 18:10:53,745 - lg_cotrain - INFO - Phase 2 epoch 1/13: loss1=0.1802, loss2=0.1678, dev_macro_f1=0.1941, dev_err=43.86%
2026-02-23 18:11:13,474 - lg_cotrain - INFO - Phase 2 epoch 2/13: loss1=0.1246, loss2=0.4811, dev_macro_f1=0.0735, dev_err=58.33%
2026-02-23 18:11:33,161 - lg_cotrain - INFO - Phase 2 epoch 3/13: loss1=0.1006, loss2=0.4655, dev_macro_f1=0.0735, dev_err=58.33%
2026-02-23 18:11:52,846 - lg_cotrain - INFO - Phase 2 epoch 4/13: loss1=0.0724, loss2=0.4830, dev_macro_f1=0.1501, dev_err=52.63%
2026-02-23 18:12:12,538 - lg_cotrain - INFO - Phase 2 epoch 5/13: loss1=0.1015, loss2=0.5048, dev_macro_f1=0.0735, dev_err=58.33%
2026-02-23 18:12:32,194 - lg_cotrain - INFO - Phase 2 epoch 6/13: loss1=0.0998, loss2=0.4850, dev_macro_f1=0.0735, dev_err=58.33%
2026-02-23 18:12:51,862 - lg_cotrain - INFO - Phase 2 epoch 7/13: loss1=0.0894, loss2=0.4615, dev_macro_f1=0.0735, dev_err=58.33%
2026-02-23 18:13:11,555 - lg_cotrain - INFO - Phase 2 epoch 8/13: loss1=0.0881, loss2=0.4458, dev_macro_f1=0.0735, dev_err=58.33%
2026-02-23 18:13:31,239 - lg_cotrain - INFO - Phase 2 epoch 9/13: loss1=0.0894, loss2=0.4267, dev_macro_f1=0.0735, dev_err=58.33%
2026-02-23 18:13:50,897 - lg_cotrain - INFO - Phase 2 epoch 10/13: loss1=0.0825, loss2=0.4158, dev_macro_f1=0.0735, dev_err=58.33%
2026-02-23 18:14:10,634 - lg_cotrain - INFO - Phase 2 epoch 11/13: loss1=0.0830, loss2=0.4034, dev_macro_f1=0.0735, dev_err=58.33%
2026-02-23 18:14:30,364 - lg_cotrain - INFO - Phase 2 epoch 12/13: loss1=0.0820, loss2=0.3932, dev_macro_f1=0.0735, dev_err=58.33%
2026-02-23 18:14:50,025 - lg_cotrain - INFO - Phase 2 epoch 13/13: loss1=0.0799, loss2=0.3801, dev_macro_f1=0.0735, dev_err=58.33%
2026-02-23 18:14:50,026 - lg_cotrain - INFO - === Phase 3: Fine-Tuning ===
2026-02-23 18:14:53,018 - lg_cotrain - INFO - Phase 3 epoch 1: dev_macro_f1=0.0085, dev_err=96.49%, es_counter1=0, es_counter2=0
2026-02-23 18:14:56,016 - lg_cotrain - INFO - Phase 3 epoch 2: dev_macro_f1=0.0308, dev_err=85.96%, es_counter1=0, es_counter2=0
2026-02-23 18:14:58,995 - lg_cotrain - INFO - Phase 3 epoch 3: dev_macro_f1=0.0308, dev_err=85.96%, es_counter1=1, es_counter2=1
2026-02-23 18:15:02,017 - lg_cotrain - INFO - Phase 3 epoch 4: dev_macro_f1=0.0735, dev_err=58.33%, es_counter1=0, es_counter2=0
2026-02-23 18:15:05,003 - lg_cotrain - INFO - Phase 3 epoch 5: dev_macro_f1=0.0247, dev_err=89.04%, es_counter1=1, es_counter2=1
2026-02-23 18:15:07,980 - lg_cotrain - INFO - Phase 3 epoch 6: dev_macro_f1=0.0308, dev_err=85.96%, es_counter1=2, es_counter2=2
2026-02-23 18:15:10,963 - lg_cotrain - INFO - Phase 3 epoch 7: dev_macro_f1=0.0085, dev_err=96.49%, es_counter1=3, es_counter2=3
2026-02-23 18:15:13,939 - lg_cotrain - INFO - Phase 3 epoch 8: dev_macro_f1=0.0247, dev_err=89.04%, es_counter1=4, es_counter2=4
2026-02-23 18:15:13,940 - lg_cotrain - INFO - Early stopping at epoch 8
2026-02-23 18:15:13,950 - lg_cotrain - INFO - === Final Evaluation ===
2026-02-23 18:15:16,218 - lg_cotrain - INFO - Results saved to C:\Users\anhtr\AppData\Local\Temp\tmppe0fdwv2\canada_wildfires_2016\50_set1\metrics.json
2026-02-23 18:15:16,218 - lg_cotrain - INFO - Test error rate: 58.20%, Test macro-F1: 0.0737, Test ECE: 0.2517
2026-02-23 18:15:16,225 - lg_cotrain - INFO - --- Trial 1/10 done: dev_macro_f1=0.0735 ---
2026-02-23 18:15:16,225 - lg_cotrain - INFO - --- Trial 2/10 ---
2026-02-23 18:15:16,774 - lg_cotrain - INFO - Starting LG-CoTrain: event=canada_wildfires_2016, budget=50, seed_set=1
2026-02-23 18:15:16,785 - lg_cotrain - INFO - Detected 8 classes for event canada_wildfires_2016: ['caution_and_advice', 'displaced_people_and_evacuations', 'infrastructure_and_utility_damage', 'not_humanitarian', 'other_relevant_information', 'requests_or_urgent_needs', 'rescue_volunteering_or_donation_effort', 'sympathy_and_support']
2026-02-23 18:15:16,790 - lg_cotrain - INFO - D_l1: 182, D_l2: 182, D_LG: 1205
2026-02-23 18:15:16,791 - lg_cotrain - INFO - === Phase 1: Weight Generation ===
2026-02-23 18:15:23,692 - lg_cotrain - INFO - Phase 1 epoch 1/7: mean_prob1=0.1201, mean_prob2=0.1445
2026-02-23 18:15:29,641 - lg_cotrain - INFO - Phase 1 epoch 2/7: mean_prob1=0.1250, mean_prob2=0.1533
2026-02-23 18:15:35,529 - lg_cotrain - INFO - Phase 1 epoch 3/7: mean_prob1=0.1771, mean_prob2=0.1554
2026-02-23 18:15:41,415 - lg_cotrain - INFO - Phase 1 epoch 4/7: mean_prob1=0.1857, mean_prob2=0.1743
2026-02-23 18:15:47,360 - lg_cotrain - INFO - Phase 1 epoch 5/7: mean_prob1=0.2116, mean_prob2=0.2056
2026-02-23 18:15:53,203 - lg_cotrain - INFO - Phase 1 epoch 6/7: mean_prob1=0.2072, mean_prob2=0.2237
2026-02-23 18:15:59,084 - lg_cotrain - INFO - Phase 1 epoch 7/7: mean_prob1=0.2745, mean_prob2=0.2551
2026-02-23 18:15:59,084 - lg_cotrain - INFO - === Phase 2: Co-Training ===
2026-02-23 18:16:00,061 - lg_cotrain - INFO - LR scheduler: total_steps_1=2492, warmup=558; total_steps_2=2492, warmup=558
2026-02-23 18:16:00,061 - lg_cotrain - INFO - Phase 1 done -> seeded Phase 2 trackers. lambda1: mean=0.2745, range=[0.0373, 0.4952]
2026-02-23 18:16:00,061 - lg_cotrain - INFO - Phase 1 done -> seeded Phase 2 trackers. lambda2: mean=0.2551, range=[0.0180, 0.5021]
2026-02-23 18:16:17,000 - lg_cotrain - INFO - Phase 2 epoch 1/17: loss1=0.5297, loss2=0.6017, dev_macro_f1=0.1065, dev_err=60.53%
2026-02-23 18:16:34,008 - lg_cotrain - INFO - Phase 2 epoch 2/17: loss1=0.2606, loss2=0.4228, dev_macro_f1=0.1359, dev_err=53.95%
2026-02-23 18:16:51,040 - lg_cotrain - INFO - Phase 2 epoch 3/17: loss1=0.1743, loss2=0.3157, dev_macro_f1=0.1449, dev_err=49.12%
2026-02-23 18:17:07,982 - lg_cotrain - INFO - Phase 2 epoch 4/17: loss1=0.1185, loss2=0.2559, dev_macro_f1=0.1617, dev_err=45.18%
2026-02-23 18:17:24,936 - lg_cotrain - INFO - Phase 2 epoch 5/17: loss1=0.0896, loss2=0.2027, dev_macro_f1=0.2374, dev_err=39.91%
2026-02-23 18:17:41,905 - lg_cotrain - INFO - Phase 2 epoch 6/17: loss1=0.0635, loss2=0.1570, dev_macro_f1=0.3445, dev_err=31.58%
2026-02-23 18:17:58,938 - lg_cotrain - INFO - Phase 2 epoch 7/17: loss1=0.0438, loss2=0.1218, dev_macro_f1=0.3568, dev_err=30.70%
2026-02-23 18:18:15,904 - lg_cotrain - INFO - Phase 2 epoch 8/17: loss1=0.0324, loss2=0.0933, dev_macro_f1=0.3998, dev_err=28.51%
2026-02-23 18:18:32,899 - lg_cotrain - INFO - Phase 2 epoch 9/17: loss1=0.0237, loss2=0.0796, dev_macro_f1=0.4511, dev_err=24.12%
2026-02-23 18:18:49,957 - lg_cotrain - INFO - Phase 2 epoch 10/17: loss1=0.0175, loss2=0.0527, dev_macro_f1=0.4783, dev_err=23.68%
2026-02-23 18:19:06,982 - lg_cotrain - INFO - Phase 2 epoch 11/17: loss1=0.0143, loss2=0.0432, dev_macro_f1=0.4616, dev_err=24.56%
2026-02-23 18:19:24,055 - lg_cotrain - INFO - Phase 2 epoch 12/17: loss1=0.0124, loss2=0.0377, dev_macro_f1=0.4776, dev_err=25.00%
2026-02-23 18:19:41,074 - lg_cotrain - INFO - Phase 2 epoch 13/17: loss1=0.0123, loss2=0.0334, dev_macro_f1=0.4939, dev_err=24.56%
2026-02-23 18:19:58,138 - lg_cotrain - INFO - Phase 2 epoch 14/17: loss1=0.0202, loss2=0.0264, dev_macro_f1=0.4819, dev_err=24.56%
2026-02-23 18:20:15,129 - lg_cotrain - INFO - Phase 2 epoch 15/17: loss1=0.0125, loss2=0.0208, dev_macro_f1=0.4926, dev_err=25.00%
2026-02-23 18:20:32,157 - lg_cotrain - INFO - Phase 2 epoch 16/17: loss1=0.0096, loss2=0.0173, dev_macro_f1=0.4968, dev_err=24.56%
2026-02-23 18:20:49,200 - lg_cotrain - INFO - Phase 2 epoch 17/17: loss1=0.0095, loss2=0.0150, dev_macro_f1=0.4966, dev_err=24.12%
2026-02-23 18:20:49,200 - lg_cotrain - INFO - === Phase 3: Fine-Tuning ===
2026-02-23 18:20:51,814 - lg_cotrain - INFO - Phase 3 epoch 1: dev_macro_f1=0.5696, dev_err=23.25%, es_counter1=0, es_counter2=0
2026-02-23 18:20:54,383 - lg_cotrain - INFO - Phase 3 epoch 2: dev_macro_f1=0.5298, dev_err=25.88%, es_counter1=1, es_counter2=1
2026-02-23 18:20:56,983 - lg_cotrain - INFO - Phase 3 epoch 3: dev_macro_f1=0.6017, dev_err=20.61%, es_counter1=0, es_counter2=0
2026-02-23 18:20:59,583 - lg_cotrain - INFO - Phase 3 epoch 4: dev_macro_f1=0.6135, dev_err=19.74%, es_counter1=0, es_counter2=0
2026-02-23 18:21:02,161 - lg_cotrain - INFO - Phase 3 epoch 5: dev_macro_f1=0.5634, dev_err=23.68%, es_counter1=1, es_counter2=1
2026-02-23 18:21:04,754 - lg_cotrain - INFO - Phase 3 epoch 6: dev_macro_f1=0.6214, dev_err=19.30%, es_counter1=0, es_counter2=0
2026-02-23 18:21:07,336 - lg_cotrain - INFO - Phase 3 epoch 7: dev_macro_f1=0.6101, dev_err=19.74%, es_counter1=1, es_counter2=1
2026-02-23 18:21:09,928 - lg_cotrain - INFO - Phase 3 epoch 8: dev_macro_f1=0.5954, dev_err=21.49%, es_counter1=2, es_counter2=2
2026-02-23 18:21:12,496 - lg_cotrain - INFO - Phase 3 epoch 9: dev_macro_f1=0.6172, dev_err=19.74%, es_counter1=3, es_counter2=3
2026-02-23 18:21:15,091 - lg_cotrain - INFO - Phase 3 epoch 10: dev_macro_f1=0.6773, dev_err=20.18%, es_counter1=0, es_counter2=0
2026-02-23 18:21:17,698 - lg_cotrain - INFO - Phase 3 epoch 11: dev_macro_f1=0.6875, dev_err=18.86%, es_counter1=0, es_counter2=0
2026-02-23 18:21:20,287 - lg_cotrain - INFO - Phase 3 epoch 12: dev_macro_f1=0.7181, dev_err=19.74%, es_counter1=0, es_counter2=0
2026-02-23 18:21:22,874 - lg_cotrain - INFO - Phase 3 epoch 13: dev_macro_f1=0.7222, dev_err=18.86%, es_counter1=0, es_counter2=0
2026-02-23 18:21:25,450 - lg_cotrain - INFO - Phase 3 epoch 14: dev_macro_f1=0.7018, dev_err=19.30%, es_counter1=1, es_counter2=1
2026-02-23 18:21:28,026 - lg_cotrain - INFO - Phase 3 epoch 15: dev_macro_f1=0.7018, dev_err=19.30%, es_counter1=2, es_counter2=2
2026-02-23 18:21:30,609 - lg_cotrain - INFO - Phase 3 epoch 16: dev_macro_f1=0.6911, dev_err=19.30%, es_counter1=3, es_counter2=3
2026-02-23 18:21:33,187 - lg_cotrain - INFO - Phase 3 epoch 17: dev_macro_f1=0.7000, dev_err=19.74%, es_counter1=4, es_counter2=4
2026-02-23 18:21:35,764 - lg_cotrain - INFO - Phase 3 epoch 18: dev_macro_f1=0.6912, dev_err=19.74%, es_counter1=5, es_counter2=5
2026-02-23 18:21:38,351 - lg_cotrain - INFO - Phase 3 epoch 19: dev_macro_f1=0.7056, dev_err=18.86%, es_counter1=6, es_counter2=6
2026-02-23 18:21:40,924 - lg_cotrain - INFO - Phase 3 epoch 20: dev_macro_f1=0.7078, dev_err=19.30%, es_counter1=7, es_counter2=7
2026-02-23 18:21:43,502 - lg_cotrain - INFO - Phase 3 epoch 21: dev_macro_f1=0.6905, dev_err=19.74%, es_counter1=8, es_counter2=8
2026-02-23 18:21:46,083 - lg_cotrain - INFO - Phase 3 epoch 22: dev_macro_f1=0.6977, dev_err=18.42%, es_counter1=9, es_counter2=9
2026-02-23 18:21:46,084 - lg_cotrain - INFO - Early stopping at epoch 22
2026-02-23 18:21:46,095 - lg_cotrain - INFO - === Final Evaluation ===
2026-02-23 18:21:48,246 - lg_cotrain - INFO - Results saved to C:\Users\anhtr\AppData\Local\Temp\tmp3p_md3v0\canada_wildfires_2016\50_set1\metrics.json
2026-02-23 18:21:48,247 - lg_cotrain - INFO - Test error rate: 22.92%, Test macro-F1: 0.5974, Test ECE: 0.1209
2026-02-23 18:21:48,257 - lg_cotrain - INFO - --- Trial 2/10 done: dev_macro_f1=0.7222 ---
2026-02-23 18:21:48,257 - lg_cotrain - INFO - --- Trial 3/10 ---
2026-02-23 18:21:48,824 - lg_cotrain - INFO - Starting LG-CoTrain: event=canada_wildfires_2016, budget=50, seed_set=1
2026-02-23 18:21:48,835 - lg_cotrain - INFO - Detected 8 classes for event canada_wildfires_2016: ['caution_and_advice', 'displaced_people_and_evacuations', 'infrastructure_and_utility_damage', 'not_humanitarian', 'other_relevant_information', 'requests_or_urgent_needs', 'rescue_volunteering_or_donation_effort', 'sympathy_and_support']
2026-02-23 18:21:48,840 - lg_cotrain - INFO - D_l1: 182, D_l2: 182, D_LG: 1205
2026-02-23 18:21:48,840 - lg_cotrain - INFO - === Phase 1: Weight Generation ===
2026-02-23 18:21:55,699 - lg_cotrain - INFO - Phase 1 epoch 1/7: mean_prob1=0.2310, mean_prob2=0.1235
2026-02-23 18:22:01,632 - lg_cotrain - INFO - Phase 1 epoch 2/7: mean_prob1=0.1331, mean_prob2=0.0608
2026-02-23 18:22:07,496 - lg_cotrain - INFO - Phase 1 epoch 3/7: mean_prob1=0.1413, mean_prob2=0.1443
2026-02-23 18:22:13,343 - lg_cotrain - INFO - Phase 1 epoch 4/7: mean_prob1=0.1411, mean_prob2=0.1258
2026-02-23 18:22:19,187 - lg_cotrain - INFO - Phase 1 epoch 5/7: mean_prob1=0.1272, mean_prob2=0.1375
2026-02-23 18:22:25,106 - lg_cotrain - INFO - Phase 1 epoch 6/7: mean_prob1=0.1454, mean_prob2=0.1386
2026-02-23 18:22:31,004 - lg_cotrain - INFO - Phase 1 epoch 7/7: mean_prob1=0.1270, mean_prob2=0.1309
2026-02-23 18:22:31,004 - lg_cotrain - INFO - === Phase 2: Co-Training ===
2026-02-23 18:22:32,014 - lg_cotrain - INFO - LR scheduler: total_steps_1=1808, warmup=213; total_steps_2=1808, warmup=213
2026-02-23 18:22:32,014 - lg_cotrain - INFO - Phase 1 done -> seeded Phase 2 trackers. lambda1: mean=0.1270, range=[0.0341, 0.1602]
2026-02-23 18:22:32,014 - lg_cotrain - INFO - Phase 1 done -> seeded Phase 2 trackers. lambda2: mean=0.1309, range=[0.0360, 0.1701]
2026-02-23 18:22:49,013 - lg_cotrain - INFO - Phase 2 epoch 1/8: loss1=0.1760, loss2=0.1698, dev_macro_f1=0.3909, dev_err=29.39%
2026-02-23 18:23:05,998 - lg_cotrain - INFO - Phase 2 epoch 2/8: loss1=0.0778, loss2=0.4203, dev_macro_f1=0.3006, dev_err=37.72%
2026-02-23 18:23:22,971 - lg_cotrain - INFO - Phase 2 epoch 3/8: loss1=0.0491, loss2=1.0115, dev_macro_f1=0.1832, dev_err=46.05%
2026-02-23 18:23:39,909 - lg_cotrain - INFO - Phase 2 epoch 4/8: loss1=0.0789, loss2=0.9586, dev_macro_f1=0.0735, dev_err=58.33%
2026-02-23 18:23:56,819 - lg_cotrain - INFO - Phase 2 epoch 5/8: loss1=0.0941, loss2=0.8996, dev_macro_f1=0.0735, dev_err=58.33%
2026-02-23 18:24:13,810 - lg_cotrain - INFO - Phase 2 epoch 6/8: loss1=0.0850, loss2=0.8272, dev_macro_f1=0.0735, dev_err=58.33%
2026-02-23 18:24:30,706 - lg_cotrain - INFO - Phase 2 epoch 7/8: loss1=0.0741, loss2=0.7696, dev_macro_f1=0.0735, dev_err=58.33%
2026-02-23 18:24:47,636 - lg_cotrain - INFO - Phase 2 epoch 8/8: loss1=0.0757, loss2=0.7342, dev_macro_f1=0.0735, dev_err=58.33%
2026-02-23 18:24:47,636 - lg_cotrain - INFO - === Phase 3: Fine-Tuning ===
2026-02-23 18:24:50,221 - lg_cotrain - INFO - Phase 3 epoch 1: dev_macro_f1=0.0735, dev_err=58.33%, es_counter1=0, es_counter2=0
2026-02-23 18:24:52,785 - lg_cotrain - INFO - Phase 3 epoch 2: dev_macro_f1=0.0085, dev_err=96.49%, es_counter1=1, es_counter2=1
2026-02-23 18:24:55,352 - lg_cotrain - INFO - Phase 3 epoch 3: dev_macro_f1=0.0735, dev_err=58.33%, es_counter1=2, es_counter2=2
2026-02-23 18:24:57,934 - lg_cotrain - INFO - Phase 3 epoch 4: dev_macro_f1=0.0365, dev_err=82.89%, es_counter1=3, es_counter2=3
2026-02-23 18:25:00,511 - lg_cotrain - INFO - Phase 3 epoch 5: dev_macro_f1=0.0735, dev_err=58.33%, es_counter1=4, es_counter2=4
2026-02-23 18:25:00,512 - lg_cotrain - INFO - Early stopping at epoch 5
2026-02-23 18:25:00,521 - lg_cotrain - INFO - === Final Evaluation ===
2026-02-23 18:25:02,655 - lg_cotrain - INFO - Results saved to C:\Users\anhtr\AppData\Local\Temp\tmpshhk2f1t\canada_wildfires_2016\50_set1\metrics.json
2026-02-23 18:25:02,655 - lg_cotrain - INFO - Test error rate: 58.20%, Test macro-F1: 0.0737, Test ECE: 0.2606
2026-02-23 18:25:02,672 - lg_cotrain - INFO - --- Trial 3/10 done: dev_macro_f1=0.0735 ---
2026-02-23 18:25:02,672 - lg_cotrain - INFO - --- Trial 4/10 ---
2026-02-23 18:25:03,237 - lg_cotrain - INFO - Starting LG-CoTrain: event=canada_wildfires_2016, budget=50, seed_set=1
2026-02-23 18:25:03,249 - lg_cotrain - INFO - Detected 8 classes for event canada_wildfires_2016: ['caution_and_advice', 'displaced_people_and_evacuations', 'infrastructure_and_utility_damage', 'not_humanitarian', 'other_relevant_information', 'requests_or_urgent_needs', 'rescue_volunteering_or_donation_effort', 'sympathy_and_support']
2026-02-23 18:25:03,249 - lg_cotrain - INFO - D_l1: 182, D_l2: 182, D_LG: 1205
2026-02-23 18:25:03,249 - lg_cotrain - INFO - === Phase 1: Weight Generation ===
2026-02-23 18:25:09,419 - lg_cotrain - INFO - Phase 1 epoch 1/7: mean_prob1=0.1396, mean_prob2=0.1256
2026-02-23 18:25:14,421 - lg_cotrain - INFO - Phase 1 epoch 2/7: mean_prob1=0.1365, mean_prob2=0.1280
2026-02-23 18:25:19,410 - lg_cotrain - INFO - Phase 1 epoch 3/7: mean_prob1=0.1345, mean_prob2=0.1395
2026-02-23 18:25:24,432 - lg_cotrain - INFO - Phase 1 epoch 4/7: mean_prob1=0.1536, mean_prob2=0.1230
2026-02-23 18:25:29,424 - lg_cotrain - INFO - Phase 1 epoch 5/7: mean_prob1=0.1396, mean_prob2=0.1438
2026-02-23 18:25:34,447 - lg_cotrain - INFO - Phase 1 epoch 6/7: mean_prob1=0.1314, mean_prob2=0.1579
2026-02-23 18:25:39,454 - lg_cotrain - INFO - Phase 1 epoch 7/7: mean_prob1=0.1300, mean_prob2=0.1429
2026-02-23 18:25:39,454 - lg_cotrain - INFO - === Phase 2: Co-Training ===
2026-02-23 18:25:40,482 - lg_cotrain - INFO - LR scheduler: total_steps_1=547, warmup=40; total_steps_2=547, warmup=40
2026-02-23 18:25:40,483 - lg_cotrain - INFO - Phase 1 done -> seeded Phase 2 trackers. lambda1: mean=0.1300, range=[0.0500, 0.1529]
2026-02-23 18:25:40,483 - lg_cotrain - INFO - Phase 1 done -> seeded Phase 2 trackers. lambda2: mean=0.1429, range=[0.0446, 0.1696]
2026-02-23 18:25:54,511 - lg_cotrain - INFO - Phase 2 epoch 1/13: loss1=0.2358, loss2=0.2153, dev_macro_f1=0.3409, dev_err=34.65%
2026-02-23 18:26:08,487 - lg_cotrain - INFO - Phase 2 epoch 2/13: loss1=0.1487, loss2=0.2711, dev_macro_f1=0.0735, dev_err=58.33%
2026-02-23 18:26:22,432 - lg_cotrain - INFO - Phase 2 epoch 3/13: loss1=0.0751, loss2=0.5041, dev_macro_f1=0.0735, dev_err=58.33%
2026-02-23 18:26:36,279 - lg_cotrain - INFO - Phase 2 epoch 4/13: loss1=0.0372, loss2=0.4336, dev_macro_f1=0.0735, dev_err=58.33%
2026-02-23 18:26:50,179 - lg_cotrain - INFO - Phase 2 epoch 5/13: loss1=0.0231, loss2=0.4079, dev_macro_f1=0.0735, dev_err=58.33%
2026-02-23 18:27:04,033 - lg_cotrain - INFO - Phase 2 epoch 6/13: loss1=0.0171, loss2=0.3893, dev_macro_f1=0.0735, dev_err=58.33%
2026-02-23 18:27:17,954 - lg_cotrain - INFO - Phase 2 epoch 7/13: loss1=0.0105, loss2=0.3655, dev_macro_f1=0.0735, dev_err=58.33%
2026-02-23 18:27:31,895 - lg_cotrain - INFO - Phase 2 epoch 8/13: loss1=0.0081, loss2=0.3434, dev_macro_f1=0.0735, dev_err=58.33%
2026-02-23 18:27:45,771 - lg_cotrain - INFO - Phase 2 epoch 9/13: loss1=0.0074, loss2=0.3276, dev_macro_f1=0.0735, dev_err=58.33%
2026-02-23 18:27:59,711 - lg_cotrain - INFO - Phase 2 epoch 10/13: loss1=0.0071, loss2=0.3092, dev_macro_f1=0.0735, dev_err=58.33%
2026-02-23 18:28:13,596 - lg_cotrain - INFO - Phase 2 epoch 11/13: loss1=0.0064, loss2=0.2955, dev_macro_f1=0.0735, dev_err=58.33%
2026-02-23 18:28:27,552 - lg_cotrain - INFO - Phase 2 epoch 12/13: loss1=0.0059, loss2=0.2861, dev_macro_f1=0.0735, dev_err=58.33%
2026-02-23 18:28:41,409 - lg_cotrain - INFO - Phase 2 epoch 13/13: loss1=0.0058, loss2=0.2770, dev_macro_f1=0.0735, dev_err=58.33%
2026-02-23 18:28:41,409 - lg_cotrain - INFO - === Phase 3: Fine-Tuning ===
2026-02-23 18:28:43,502 - lg_cotrain - INFO - Phase 3 epoch 1: dev_macro_f1=0.0247, dev_err=89.04%, es_counter1=0, es_counter2=0
2026-02-23 18:28:45,593 - lg_cotrain - INFO - Phase 3 epoch 2: dev_macro_f1=0.0735, dev_err=58.33%, es_counter1=0, es_counter2=0
2026-02-23 18:28:47,667 - lg_cotrain - INFO - Phase 3 epoch 3: dev_macro_f1=0.0247, dev_err=89.04%, es_counter1=1, es_counter2=1
2026-02-23 18:28:49,733 - lg_cotrain - INFO - Phase 3 epoch 4: dev_macro_f1=0.0735, dev_err=58.33%, es_counter1=2, es_counter2=2
2026-02-23 18:28:51,800 - lg_cotrain - INFO - Phase 3 epoch 5: dev_macro_f1=0.0164, dev_err=92.98%, es_counter1=3, es_counter2=3
2026-02-23 18:28:53,870 - lg_cotrain - INFO - Phase 3 epoch 6: dev_macro_f1=0.0308, dev_err=85.96%, es_counter1=4, es_counter2=4
2026-02-23 18:28:55,940 - lg_cotrain - INFO - Phase 3 epoch 7: dev_macro_f1=0.0735, dev_err=58.33%, es_counter1=5, es_counter2=5
2026-02-23 18:28:58,005 - lg_cotrain - INFO - Phase 3 epoch 8: dev_macro_f1=0.0735, dev_err=58.33%, es_counter1=6, es_counter2=6
2026-02-23 18:28:58,006 - lg_cotrain - INFO - Early stopping at epoch 8
2026-02-23 18:28:58,017 - lg_cotrain - INFO - === Final Evaluation ===
2026-02-23 18:28:59,885 - lg_cotrain - INFO - Results saved to C:\Users\anhtr\AppData\Local\Temp\tmp6upj0wbx\canada_wildfires_2016\50_set1\metrics.json
2026-02-23 18:28:59,885 - lg_cotrain - INFO - Test error rate: 58.20%, Test macro-F1: 0.0737, Test ECE: 0.1366
2026-02-23 18:28:59,895 - lg_cotrain - INFO - --- Trial 4/10 done: dev_macro_f1=0.0735 ---
2026-02-23 18:28:59,896 - lg_cotrain - INFO - --- Trial 5/10 ---
2026-02-23 18:29:00,472 - lg_cotrain - INFO - Starting LG-CoTrain: event=canada_wildfires_2016, budget=50, seed_set=1
2026-02-23 18:29:00,485 - lg_cotrain - INFO - Detected 8 classes for event canada_wildfires_2016: ['caution_and_advice', 'displaced_people_and_evacuations', 'infrastructure_and_utility_damage', 'not_humanitarian', 'other_relevant_information', 'requests_or_urgent_needs', 'rescue_volunteering_or_donation_effort', 'sympathy_and_support']
2026-02-23 18:29:00,490 - lg_cotrain - INFO - D_l1: 182, D_l2: 182, D_LG: 1205
2026-02-23 18:29:00,490 - lg_cotrain - INFO - === Phase 1: Weight Generation ===
2026-02-23 18:29:06,677 - lg_cotrain - INFO - Phase 1 epoch 1/7: mean_prob1=0.1235, mean_prob2=0.1316
2026-02-23 18:29:11,953 - lg_cotrain - INFO - Phase 1 epoch 2/7: mean_prob1=0.1355, mean_prob2=0.1401
2026-02-23 18:29:17,209 - lg_cotrain - INFO - Phase 1 epoch 3/7: mean_prob1=0.1366, mean_prob2=0.1392
2026-02-23 18:29:22,493 - lg_cotrain - INFO - Phase 1 epoch 4/7: mean_prob1=0.1508, mean_prob2=0.1316
2026-02-23 18:29:27,762 - lg_cotrain - INFO - Phase 1 epoch 5/7: mean_prob1=0.1267, mean_prob2=0.1382
2026-02-23 18:29:33,047 - lg_cotrain - INFO - Phase 1 epoch 6/7: mean_prob1=0.1499, mean_prob2=0.1389
2026-02-23 18:29:38,335 - lg_cotrain - INFO - Phase 1 epoch 7/7: mean_prob1=0.1173, mean_prob2=0.1323
2026-02-23 18:29:38,335 - lg_cotrain - INFO - === Phase 2: Co-Training ===
2026-02-23 18:29:39,394 - lg_cotrain - INFO - LR scheduler: total_steps_1=1322, warmup=277; total_steps_2=1322, warmup=277
2026-02-23 18:29:39,394 - lg_cotrain - INFO - Phase 1 done -> seeded Phase 2 trackers. lambda1: mean=0.1173, range=[0.0314, 0.1733]
2026-02-23 18:29:39,394 - lg_cotrain - INFO - Phase 1 done -> seeded Phase 2 trackers. lambda2: mean=0.1323, range=[0.0479, 0.1694]
2026-02-23 18:29:54,399 - lg_cotrain - INFO - Phase 2 epoch 1/19: loss1=0.2117, loss2=0.1940, dev_macro_f1=0.4139, dev_err=31.14%
2026-02-23 18:30:09,495 - lg_cotrain - INFO - Phase 2 epoch 2/19: loss1=0.0717, loss2=0.1881, dev_macro_f1=0.4491, dev_err=25.44%
2026-02-23 18:30:24,550 - lg_cotrain - INFO - Phase 2 epoch 3/19: loss1=0.0490, loss2=0.3641, dev_macro_f1=0.3997, dev_err=29.82%
2026-02-23 18:30:39,623 - lg_cotrain - INFO - Phase 2 epoch 4/19: loss1=0.1116, loss2=0.7677, dev_macro_f1=0.1442, dev_err=58.33%
2026-02-23 18:30:54,654 - lg_cotrain - INFO - Phase 2 epoch 5/19: loss1=0.2661, loss2=0.7915, dev_macro_f1=0.1604, dev_err=47.37%
2026-02-23 18:31:09,649 - lg_cotrain - INFO - Phase 2 epoch 6/19: loss1=0.2111, loss2=1.0725, dev_macro_f1=0.0735, dev_err=58.33%
2026-02-23 18:31:24,629 - lg_cotrain - INFO - Phase 2 epoch 7/19: loss1=0.1600, loss2=1.0048, dev_macro_f1=0.0735, dev_err=58.33%
2026-02-23 18:31:39,601 - lg_cotrain - INFO - Phase 2 epoch 8/19: loss1=0.1367, loss2=0.9675, dev_macro_f1=0.0735, dev_err=58.33%
2026-02-23 18:31:54,608 - lg_cotrain - INFO - Phase 2 epoch 9/19: loss1=0.1253, loss2=0.9086, dev_macro_f1=0.0735, dev_err=58.33%
2026-02-23 18:32:09,593 - lg_cotrain - INFO - Phase 2 epoch 10/19: loss1=0.1100, loss2=0.8747, dev_macro_f1=0.0735, dev_err=58.33%
2026-02-23 18:32:24,557 - lg_cotrain - INFO - Phase 2 epoch 11/19: loss1=0.1009, loss2=0.8466, dev_macro_f1=0.0735, dev_err=58.33%
2026-02-23 18:32:39,516 - lg_cotrain - INFO - Phase 2 epoch 12/19: loss1=0.0890, loss2=0.8189, dev_macro_f1=0.0735, dev_err=58.33%
2026-02-23 18:32:54,483 - lg_cotrain - INFO - Phase 2 epoch 13/19: loss1=0.0863, loss2=0.7880, dev_macro_f1=0.0735, dev_err=58.33%
2026-02-23 18:33:09,511 - lg_cotrain - INFO - Phase 2 epoch 14/19: loss1=0.0831, loss2=0.7624, dev_macro_f1=0.0735, dev_err=58.33%
2026-02-23 18:33:24,525 - lg_cotrain - INFO - Phase 2 epoch 15/19: loss1=0.0816, loss2=0.7418, dev_macro_f1=0.0735, dev_err=58.33%
2026-02-23 18:33:39,417 - lg_cotrain - INFO - Phase 2 epoch 16/19: loss1=0.0768, loss2=0.7261, dev_macro_f1=0.0735, dev_err=58.33%
2026-02-23 18:33:54,418 - lg_cotrain - INFO - Phase 2 epoch 17/19: loss1=0.0733, loss2=0.7108, dev_macro_f1=0.0735, dev_err=58.33%
2026-02-23 18:34:09,356 - lg_cotrain - INFO - Phase 2 epoch 18/19: loss1=0.0698, loss2=0.6981, dev_macro_f1=0.0735, dev_err=58.33%
2026-02-23 18:34:24,281 - lg_cotrain - INFO - Phase 2 epoch 19/19: loss1=0.0690, loss2=0.6849, dev_macro_f1=0.0735, dev_err=58.33%
2026-02-23 18:34:24,282 - lg_cotrain - INFO - === Phase 3: Fine-Tuning ===
2026-02-23 18:34:26,556 - lg_cotrain - INFO - Phase 3 epoch 1: dev_macro_f1=0.0365, dev_err=82.89%, es_counter1=0, es_counter2=0
2026-02-23 18:34:28,805 - lg_cotrain - INFO - Phase 3 epoch 2: dev_macro_f1=0.0164, dev_err=92.98%, es_counter1=1, es_counter2=1
2026-02-23 18:34:31,083 - lg_cotrain - INFO - Phase 3 epoch 3: dev_macro_f1=0.0735, dev_err=58.33%, es_counter1=0, es_counter2=0
2026-02-23 18:34:33,330 - lg_cotrain - INFO - Phase 3 epoch 4: dev_macro_f1=0.0164, dev_err=92.98%, es_counter1=1, es_counter2=1
2026-02-23 18:34:35,581 - lg_cotrain - INFO - Phase 3 epoch 5: dev_macro_f1=0.0365, dev_err=82.89%, es_counter1=2, es_counter2=2
2026-02-23 18:34:37,828 - lg_cotrain - INFO - Phase 3 epoch 6: dev_macro_f1=0.0085, dev_err=96.49%, es_counter1=3, es_counter2=3
2026-02-23 18:34:40,083 - lg_cotrain - INFO - Phase 3 epoch 7: dev_macro_f1=0.0365, dev_err=82.89%, es_counter1=4, es_counter2=4
2026-02-23 18:34:40,083 - lg_cotrain - INFO - Early stopping at epoch 7
2026-02-23 18:34:40,095 - lg_cotrain - INFO - === Final Evaluation ===
2026-02-23 18:34:42,014 - lg_cotrain - INFO - Results saved to C:\Users\anhtr\AppData\Local\Temp\tmpdwievrin\canada_wildfires_2016\50_set1\metrics.json
2026-02-23 18:34:42,015 - lg_cotrain - INFO - Test error rate: 58.20%, Test macro-F1: 0.0737, Test ECE: 0.2308
2026-02-23 18:34:42,025 - lg_cotrain - INFO - --- Trial 5/10 done: dev_macro_f1=0.0735 ---
2026-02-23 18:34:42,025 - lg_cotrain - INFO - --- Trial 6/10 ---
2026-02-23 18:34:42,594 - lg_cotrain - INFO - Starting LG-CoTrain: event=canada_wildfires_2016, budget=50, seed_set=1
2026-02-23 18:34:42,608 - lg_cotrain - INFO - Detected 8 classes for event canada_wildfires_2016: ['caution_and_advice', 'displaced_people_and_evacuations', 'infrastructure_and_utility_damage', 'not_humanitarian', 'other_relevant_information', 'requests_or_urgent_needs', 'rescue_volunteering_or_donation_effort', 'sympathy_and_support']
2026-02-23 18:34:42,613 - lg_cotrain - INFO - D_l1: 182, D_l2: 182, D_LG: 1205
2026-02-23 18:34:42,614 - lg_cotrain - INFO - === Phase 1: Weight Generation ===
2026-02-23 18:34:48,631 - lg_cotrain - INFO - Phase 1 epoch 1/7: mean_prob1=0.1291, mean_prob2=0.1363
2026-02-23 18:34:53,653 - lg_cotrain - INFO - Phase 1 epoch 2/7: mean_prob1=0.1505, mean_prob2=0.1362
2026-02-23 18:34:58,659 - lg_cotrain - INFO - Phase 1 epoch 3/7: mean_prob1=0.2046, mean_prob2=0.1348
2026-02-23 18:35:03,664 - lg_cotrain - INFO - Phase 1 epoch 4/7: mean_prob1=0.2286, mean_prob2=0.1598
2026-02-23 18:35:08,634 - lg_cotrain - INFO - Phase 1 epoch 5/7: mean_prob1=0.3628, mean_prob2=0.2093
2026-02-23 18:35:13,635 - lg_cotrain - INFO - Phase 1 epoch 6/7: mean_prob1=0.4729, mean_prob2=0.2628
2026-02-23 18:35:18,650 - lg_cotrain - INFO - Phase 1 epoch 7/7: mean_prob1=0.5992, mean_prob2=0.2941
2026-02-23 18:35:18,650 - lg_cotrain - INFO - === Phase 2: Co-Training ===
2026-02-23 18:35:19,670 - lg_cotrain - INFO - LR scheduler: total_steps_1=414, warmup=4; total_steps_2=414, warmup=4
2026-02-23 18:35:19,670 - lg_cotrain - INFO - Phase 1 done -> seeded Phase 2 trackers. lambda1: mean=0.5992, range=[0.0073, 0.9516]
2026-02-23 18:35:19,670 - lg_cotrain - INFO - Phase 1 done -> seeded Phase 2 trackers. lambda2: mean=0.2941, range=[0.0106, 0.7638]
2026-02-23 18:35:33,641 - lg_cotrain - INFO - Phase 2 epoch 1/6: loss1=0.3755, loss2=0.8907, dev_macro_f1=0.1647, dev_err=47.37%
2026-02-23 18:35:47,577 - lg_cotrain - INFO - Phase 2 epoch 2/6: loss1=0.0480, loss2=0.3845, dev_macro_f1=0.3472, dev_err=31.14%
2026-02-23 18:36:01,529 - lg_cotrain - INFO - Phase 2 epoch 3/6: loss1=0.0208, loss2=0.2247, dev_macro_f1=0.4172, dev_err=27.63%
2026-02-23 18:36:15,508 - lg_cotrain - INFO - Phase 2 epoch 4/6: loss1=0.0125, loss2=0.1595, dev_macro_f1=0.4608, dev_err=22.81%
2026-02-23 18:36:29,461 - lg_cotrain - INFO - Phase 2 epoch 5/6: loss1=0.0162, loss2=0.0941, dev_macro_f1=0.4431, dev_err=24.56%
2026-02-23 18:36:43,497 - lg_cotrain - INFO - Phase 2 epoch 6/6: loss1=0.0394, loss2=0.0684, dev_macro_f1=0.4709, dev_err=24.12%
2026-02-23 18:36:43,498 - lg_cotrain - INFO - === Phase 3: Fine-Tuning ===
2026-02-23 18:36:45,598 - lg_cotrain - INFO - Phase 3 epoch 1: dev_macro_f1=0.4755, dev_err=34.21%, es_counter1=0, es_counter2=0
2026-02-23 18:36:47,715 - lg_cotrain - INFO - Phase 3 epoch 2: dev_macro_f1=0.5132, dev_err=33.33%, es_counter1=0, es_counter2=0
2026-02-23 18:36:49,814 - lg_cotrain - INFO - Phase 3 epoch 3: dev_macro_f1=0.5618, dev_err=27.19%, es_counter1=0, es_counter2=0
2026-02-23 18:36:51,896 - lg_cotrain - INFO - Phase 3 epoch 4: dev_macro_f1=0.5564, dev_err=25.88%, es_counter1=1, es_counter2=1
2026-02-23 18:36:54,004 - lg_cotrain - INFO - Phase 3 epoch 5: dev_macro_f1=0.5827, dev_err=25.00%, es_counter1=0, es_counter2=0
2026-02-23 18:36:56,086 - lg_cotrain - INFO - Phase 3 epoch 6: dev_macro_f1=0.5607, dev_err=26.75%, es_counter1=1, es_counter2=1
2026-02-23 18:36:58,206 - lg_cotrain - INFO - Phase 3 epoch 7: dev_macro_f1=0.5993, dev_err=22.81%, es_counter1=0, es_counter2=0
2026-02-23 18:37:00,285 - lg_cotrain - INFO - Phase 3 epoch 8: dev_macro_f1=0.5946, dev_err=22.81%, es_counter1=1, es_counter2=1
2026-02-23 18:37:02,405 - lg_cotrain - INFO - Phase 3 epoch 9: dev_macro_f1=0.6144, dev_err=21.49%, es_counter1=0, es_counter2=0
2026-02-23 18:37:04,514 - lg_cotrain - INFO - Phase 3 epoch 10: dev_macro_f1=0.6275, dev_err=19.74%, es_counter1=0, es_counter2=0
2026-02-23 18:37:06,595 - lg_cotrain - INFO - Phase 3 epoch 11: dev_macro_f1=0.6052, dev_err=21.49%, es_counter1=1, es_counter2=1
2026-02-23 18:37:08,684 - lg_cotrain - INFO - Phase 3 epoch 12: dev_macro_f1=0.6180, dev_err=23.68%, es_counter1=2, es_counter2=2
2026-02-23 18:37:10,809 - lg_cotrain - INFO - Phase 3 epoch 13: dev_macro_f1=0.6515, dev_err=22.81%, es_counter1=0, es_counter2=0
2026-02-23 18:37:12,888 - lg_cotrain - INFO - Phase 3 epoch 14: dev_macro_f1=0.6465, dev_err=22.37%, es_counter1=1, es_counter2=1
2026-02-23 18:37:14,975 - lg_cotrain - INFO - Phase 3 epoch 15: dev_macro_f1=0.6462, dev_err=22.81%, es_counter1=2, es_counter2=2
2026-02-23 18:37:17,047 - lg_cotrain - INFO - Phase 3 epoch 16: dev_macro_f1=0.6068, dev_err=22.81%, es_counter1=3, es_counter2=3
2026-02-23 18:37:19,140 - lg_cotrain - INFO - Phase 3 epoch 17: dev_macro_f1=0.6305, dev_err=24.56%, es_counter1=4, es_counter2=4
2026-02-23 18:37:21,217 - lg_cotrain - INFO - Phase 3 epoch 18: dev_macro_f1=0.6145, dev_err=25.44%, es_counter1=5, es_counter2=5
2026-02-23 18:37:21,217 - lg_cotrain - INFO - Early stopping at epoch 18
2026-02-23 18:37:21,226 - lg_cotrain - INFO - === Final Evaluation ===
2026-02-23 18:37:23,108 - lg_cotrain - INFO - Results saved to C:\Users\anhtr\AppData\Local\Temp\tmp5cob281b\canada_wildfires_2016\50_set1\metrics.json
2026-02-23 18:37:23,108 - lg_cotrain - INFO - Test error rate: 28.76%, Test macro-F1: 0.5928, Test ECE: 0.1123
2026-02-23 18:37:23,117 - lg_cotrain - INFO - --- Trial 6/10 done: dev_macro_f1=0.6515 ---
2026-02-23 18:37:23,117 - lg_cotrain - INFO - --- Trial 7/10 ---
2026-02-23 18:37:23,701 - lg_cotrain - INFO - Starting LG-CoTrain: event=canada_wildfires_2016, budget=50, seed_set=1
2026-02-23 18:37:23,717 - lg_cotrain - INFO - Detected 8 classes for event canada_wildfires_2016: ['caution_and_advice', 'displaced_people_and_evacuations', 'infrastructure_and_utility_damage', 'not_humanitarian', 'other_relevant_information', 'requests_or_urgent_needs', 'rescue_volunteering_or_donation_effort', 'sympathy_and_support']
2026-02-23 18:37:23,723 - lg_cotrain - INFO - D_l1: 182, D_l2: 182, D_LG: 1205
2026-02-23 18:37:23,725 - lg_cotrain - INFO - === Phase 1: Weight Generation ===
2026-02-23 18:37:30,050 - lg_cotrain - INFO - Phase 1 epoch 1/7: mean_prob1=0.1308, mean_prob2=0.1342
2026-02-23 18:37:35,321 - lg_cotrain - INFO - Phase 1 epoch 2/7: mean_prob1=0.1313, mean_prob2=0.1337
2026-02-23 18:37:40,646 - lg_cotrain - INFO - Phase 1 epoch 3/7: mean_prob1=0.1544, mean_prob2=0.1437
2026-02-23 18:37:45,893 - lg_cotrain - INFO - Phase 1 epoch 4/7: mean_prob1=0.1411, mean_prob2=0.1336
2026-02-23 18:37:51,152 - lg_cotrain - INFO - Phase 1 epoch 5/7: mean_prob1=0.1268, mean_prob2=0.1374
2026-02-23 18:37:56,402 - lg_cotrain - INFO - Phase 1 epoch 6/7: mean_prob1=0.1476, mean_prob2=0.1375
2026-02-23 18:38:01,674 - lg_cotrain - INFO - Phase 1 epoch 7/7: mean_prob1=0.1292, mean_prob2=0.1368
2026-02-23 18:38:01,674 - lg_cotrain - INFO - === Phase 2: Co-Training ===
2026-02-23 18:38:02,695 - lg_cotrain - INFO - LR scheduler: total_steps_1=1170, warmup=274; total_steps_2=1170, warmup=274
2026-02-23 18:38:02,696 - lg_cotrain - INFO - Phase 1 done -> seeded Phase 2 trackers. lambda1: mean=0.1292, range=[0.0424, 0.1558]
2026-02-23 18:38:02,696 - lg_cotrain - INFO - Phase 1 done -> seeded Phase 2 trackers. lambda2: mean=0.1368, range=[0.0449, 0.1637]
2026-02-23 18:38:19,490 - lg_cotrain - INFO - Phase 2 epoch 1/15: loss1=0.2244, loss2=0.2250, dev_macro_f1=0.2474, dev_err=39.91%
2026-02-23 18:38:34,817 - lg_cotrain - INFO - Phase 2 epoch 2/15: loss1=0.0745, loss2=0.1889, dev_macro_f1=0.4450, dev_err=25.44%
2026-02-23 18:38:50,152 - lg_cotrain - INFO - Phase 2 epoch 3/15: loss1=0.0394, loss2=0.2491, dev_macro_f1=0.5140, dev_err=21.05%
2026-02-23 18:39:05,342 - lg_cotrain - INFO - Phase 2 epoch 4/15: loss1=0.0505, loss2=0.3763, dev_macro_f1=0.3588, dev_err=32.02%
2026-02-23 18:39:20,756 - lg_cotrain - INFO - Phase 2 epoch 5/15: loss1=0.1416, loss2=0.3823, dev_macro_f1=0.3357, dev_err=30.70%
2026-02-23 18:39:36,049 - lg_cotrain - INFO - Phase 2 epoch 6/15: loss1=0.2754, loss2=1.0658, dev_macro_f1=0.0735, dev_err=58.33%
2026-02-23 18:39:52,545 - lg_cotrain - INFO - Phase 2 epoch 7/15: loss1=0.2309, loss2=1.0517, dev_macro_f1=0.0735, dev_err=58.33%
2026-02-23 18:40:07,863 - lg_cotrain - INFO - Phase 2 epoch 8/15: loss1=0.1768, loss2=1.0023, dev_macro_f1=0.0735, dev_err=58.33%
2026-02-23 18:40:23,597 - lg_cotrain - INFO - Phase 2 epoch 9/15: loss1=0.1355, loss2=0.9365, dev_macro_f1=0.0735, dev_err=58.33%
2026-02-23 18:40:39,873 - lg_cotrain - INFO - Phase 2 epoch 10/15: loss1=0.0993, loss2=0.9077, dev_macro_f1=0.0735, dev_err=58.33%
2026-02-23 18:40:54,935 - lg_cotrain - INFO - Phase 2 epoch 11/15: loss1=0.0800, loss2=0.8711, dev_macro_f1=0.0735, dev_err=58.33%
2026-02-23 18:41:10,796 - lg_cotrain - INFO - Phase 2 epoch 12/15: loss1=0.0600, loss2=0.8444, dev_macro_f1=0.0735, dev_err=58.33%
2026-02-23 18:41:26,868 - lg_cotrain - INFO - Phase 2 epoch 13/15: loss1=0.0513, loss2=0.8105, dev_macro_f1=0.0735, dev_err=58.33%
2026-02-23 18:41:42,600 - lg_cotrain - INFO - Phase 2 epoch 14/15: loss1=0.0470, loss2=0.7899, dev_macro_f1=0.0735, dev_err=58.33%
2026-02-23 18:41:57,868 - lg_cotrain - INFO - Phase 2 epoch 15/15: loss1=0.0443, loss2=0.7627, dev_macro_f1=0.0735, dev_err=58.33%
2026-02-23 18:41:57,868 - lg_cotrain - INFO - === Phase 3: Fine-Tuning ===
2026-02-23 18:42:00,155 - lg_cotrain - INFO - Phase 3 epoch 1: dev_macro_f1=0.0115, dev_err=95.18%, es_counter1=0, es_counter2=0
2026-02-23 18:42:02,426 - lg_cotrain - INFO - Phase 3 epoch 2: dev_macro_f1=0.0247, dev_err=89.04%, es_counter1=0, es_counter2=0
2026-02-23 18:42:04,695 - lg_cotrain - INFO - Phase 3 epoch 3: dev_macro_f1=0.0365, dev_err=82.89%, es_counter1=0, es_counter2=0
2026-02-23 18:42:06,967 - lg_cotrain - INFO - Phase 3 epoch 4: dev_macro_f1=0.0735, dev_err=58.33%, es_counter1=0, es_counter2=0
2026-02-23 18:42:09,220 - lg_cotrain - INFO - Phase 3 epoch 5: dev_macro_f1=0.0308, dev_err=85.96%, es_counter1=1, es_counter2=1
2026-02-23 18:42:11,483 - lg_cotrain - INFO - Phase 3 epoch 6: dev_macro_f1=0.0115, dev_err=95.18%, es_counter1=2, es_counter2=2
2026-02-23 18:42:13,734 - lg_cotrain - INFO - Phase 3 epoch 7: dev_macro_f1=0.0735, dev_err=58.33%, es_counter1=3, es_counter2=3
2026-02-23 18:42:15,997 - lg_cotrain - INFO - Phase 3 epoch 8: dev_macro_f1=0.0308, dev_err=85.96%, es_counter1=4, es_counter2=4
2026-02-23 18:42:18,252 - lg_cotrain - INFO - Phase 3 epoch 9: dev_macro_f1=0.0085, dev_err=96.49%, es_counter1=5, es_counter2=5
2026-02-23 18:42:20,513 - lg_cotrain - INFO - Phase 3 epoch 10: dev_macro_f1=0.0115, dev_err=95.18%, es_counter1=6, es_counter2=6
2026-02-23 18:42:22,759 - lg_cotrain - INFO - Phase 3 epoch 11: dev_macro_f1=0.0247, dev_err=89.04%, es_counter1=7, es_counter2=7
2026-02-23 18:42:25,014 - lg_cotrain - INFO - Phase 3 epoch 12: dev_macro_f1=0.0308, dev_err=85.96%, es_counter1=8, es_counter2=8
2026-02-23 18:42:27,281 - lg_cotrain - INFO - Phase 3 epoch 13: dev_macro_f1=0.0164, dev_err=92.98%, es_counter1=9, es_counter2=9
2026-02-23 18:42:29,531 - lg_cotrain - INFO - Phase 3 epoch 14: dev_macro_f1=0.0247, dev_err=89.04%, es_counter1=10, es_counter2=10
2026-02-23 18:42:29,531 - lg_cotrain - INFO - Early stopping at epoch 14
2026-02-23 18:42:29,539 - lg_cotrain - INFO - === Final Evaluation ===
2026-02-23 18:42:31,473 - lg_cotrain - INFO - Results saved to C:\Users\anhtr\AppData\Local\Temp\tmpxkn3nq1s\canada_wildfires_2016\50_set1\metrics.json
2026-02-23 18:42:31,473 - lg_cotrain - INFO - Test error rate: 58.20%, Test macro-F1: 0.0737, Test ECE: 0.2176
2026-02-23 18:42:31,481 - lg_cotrain - INFO - --- Trial 7/10 done: dev_macro_f1=0.0735 ---
2026-02-23 18:42:31,481 - lg_cotrain - INFO - --- Trial 8/10 ---
2026-02-23 18:42:32,066 - lg_cotrain - INFO - Starting LG-CoTrain: event=canada_wildfires_2016, budget=50, seed_set=1
2026-02-23 18:42:32,077 - lg_cotrain - INFO - Detected 8 classes for event canada_wildfires_2016: ['caution_and_advice', 'displaced_people_and_evacuations', 'infrastructure_and_utility_damage', 'not_humanitarian', 'other_relevant_information', 'requests_or_urgent_needs', 'rescue_volunteering_or_donation_effort', 'sympathy_and_support']
2026-02-23 18:42:32,081 - lg_cotrain - INFO - D_l1: 182, D_l2: 182, D_LG: 1205
2026-02-23 18:42:32,083 - lg_cotrain - INFO - === Phase 1: Weight Generation ===
2026-02-23 18:42:38,110 - lg_cotrain - INFO - Phase 1 epoch 1/7: mean_prob1=0.1137, mean_prob2=0.1334
2026-02-23 18:42:43,108 - lg_cotrain - INFO - Phase 1 epoch 2/7: mean_prob1=0.1192, mean_prob2=0.1443
2026-02-23 18:42:48,098 - lg_cotrain - INFO - Phase 1 epoch 3/7: mean_prob1=0.1320, mean_prob2=0.1493
2026-02-23 18:42:53,202 - lg_cotrain - INFO - Phase 1 epoch 4/7: mean_prob1=0.1703, mean_prob2=0.1530
2026-02-23 18:42:58,178 - lg_cotrain - INFO - Phase 1 epoch 5/7: mean_prob1=0.1759, mean_prob2=0.1549
2026-02-23 18:43:03,209 - lg_cotrain - INFO - Phase 1 epoch 6/7: mean_prob1=0.1915, mean_prob2=0.1633
2026-02-23 18:43:08,405 - lg_cotrain - INFO - Phase 1 epoch 7/7: mean_prob1=0.2141, mean_prob2=0.1773
2026-02-23 18:43:08,405 - lg_cotrain - INFO - === Phase 2: Co-Training ===
2026-02-23 18:43:09,403 - lg_cotrain - INFO - LR scheduler: total_steps_1=528, warmup=98; total_steps_2=528, warmup=98
2026-02-23 18:43:09,404 - lg_cotrain - INFO - Phase 1 done -> seeded Phase 2 trackers. lambda1: mean=0.2141, range=[0.0482, 0.4096]
2026-02-23 18:43:09,404 - lg_cotrain - INFO - Phase 1 done -> seeded Phase 2 trackers. lambda2: mean=0.1773, range=[0.0292, 0.4502]
2026-02-23 18:43:23,320 - lg_cotrain - INFO - Phase 2 epoch 1/12: loss1=0.3734, loss2=0.4732, dev_macro_f1=0.1314, dev_err=68.86%
2026-02-23 18:43:37,277 - lg_cotrain - INFO - Phase 2 epoch 2/12: loss1=0.2555, loss2=0.3768, dev_macro_f1=0.0983, dev_err=57.46%
2026-02-23 18:43:51,861 - lg_cotrain - INFO - Phase 2 epoch 3/12: loss1=0.1952, loss2=0.3020, dev_macro_f1=0.1449, dev_err=49.12%
2026-02-23 18:44:05,862 - lg_cotrain - INFO - Phase 2 epoch 4/12: loss1=0.1345, loss2=0.2573, dev_macro_f1=0.1672, dev_err=43.86%
2026-02-23 18:44:19,920 - lg_cotrain - INFO - Phase 2 epoch 5/12: loss1=0.0962, loss2=0.2048, dev_macro_f1=0.2548, dev_err=37.72%
2026-02-23 18:44:33,936 - lg_cotrain - INFO - Phase 2 epoch 6/12: loss1=0.0654, loss2=0.1611, dev_macro_f1=0.3472, dev_err=30.70%
2026-02-23 18:44:47,875 - lg_cotrain - INFO - Phase 2 epoch 7/12: loss1=0.0421, loss2=0.1262, dev_macro_f1=0.3499, dev_err=30.70%
2026-02-23 18:45:01,828 - lg_cotrain - INFO - Phase 2 epoch 8/12: loss1=0.0288, loss2=0.0949, dev_macro_f1=0.4168, dev_err=26.75%
2026-02-23 18:45:15,808 - lg_cotrain - INFO - Phase 2 epoch 9/12: loss1=0.0218, loss2=0.0756, dev_macro_f1=0.4406, dev_err=24.56%
2026-02-23 18:45:29,876 - lg_cotrain - INFO - Phase 2 epoch 10/12: loss1=0.0189, loss2=0.0594, dev_macro_f1=0.4456, dev_err=24.12%
2026-02-23 18:45:43,864 - lg_cotrain - INFO - Phase 2 epoch 11/12: loss1=0.0174, loss2=0.0470, dev_macro_f1=0.4462, dev_err=24.12%
2026-02-23 18:45:57,928 - lg_cotrain - INFO - Phase 2 epoch 12/12: loss1=0.0183, loss2=0.0424, dev_macro_f1=0.4748, dev_err=23.68%
2026-02-23 18:45:57,928 - lg_cotrain - INFO - === Phase 3: Fine-Tuning ===
2026-02-23 18:46:00,086 - lg_cotrain - INFO - Phase 3 epoch 1: dev_macro_f1=0.5054, dev_err=25.00%, es_counter1=0, es_counter2=0
2026-02-23 18:46:02,196 - lg_cotrain - INFO - Phase 3 epoch 2: dev_macro_f1=0.5499, dev_err=24.56%, es_counter1=0, es_counter2=0
2026-02-23 18:46:04,299 - lg_cotrain - INFO - Phase 3 epoch 3: dev_macro_f1=0.5671, dev_err=22.81%, es_counter1=0, es_counter2=0
2026-02-23 18:46:06,382 - lg_cotrain - INFO - Phase 3 epoch 4: dev_macro_f1=0.5665, dev_err=21.93%, es_counter1=1, es_counter2=1
2026-02-23 18:46:08,469 - lg_cotrain - INFO - Phase 3 epoch 5: dev_macro_f1=0.5660, dev_err=21.93%, es_counter1=2, es_counter2=2
2026-02-23 18:46:10,575 - lg_cotrain - INFO - Phase 3 epoch 6: dev_macro_f1=0.5949, dev_err=20.61%, es_counter1=0, es_counter2=0
2026-02-23 18:46:12,650 - lg_cotrain - INFO - Phase 3 epoch 7: dev_macro_f1=0.5839, dev_err=21.93%, es_counter1=1, es_counter2=1
2026-02-23 18:46:14,732 - lg_cotrain - INFO - Phase 3 epoch 8: dev_macro_f1=0.5779, dev_err=21.93%, es_counter1=2, es_counter2=2
2026-02-23 18:46:16,812 - lg_cotrain - INFO - Phase 3 epoch 9: dev_macro_f1=0.5919, dev_err=21.05%, es_counter1=3, es_counter2=3
2026-02-23 18:46:18,908 - lg_cotrain - INFO - Phase 3 epoch 10: dev_macro_f1=0.6060, dev_err=20.18%, es_counter1=0, es_counter2=0
2026-02-23 18:46:21,014 - lg_cotrain - INFO - Phase 3 epoch 11: dev_macro_f1=0.6117, dev_err=19.30%, es_counter1=0, es_counter2=0
2026-02-23 18:46:23,093 - lg_cotrain - INFO - Phase 3 epoch 12: dev_macro_f1=0.6039, dev_err=19.74%, es_counter1=1, es_counter2=1
2026-02-23 18:46:25,327 - lg_cotrain - INFO - Phase 3 epoch 13: dev_macro_f1=0.6165, dev_err=18.86%, es_counter1=0, es_counter2=0
2026-02-23 18:46:27,465 - lg_cotrain - INFO - Phase 3 epoch 14: dev_macro_f1=0.6150, dev_err=19.30%, es_counter1=1, es_counter2=1
2026-02-23 18:46:29,554 - lg_cotrain - INFO - Phase 3 epoch 15: dev_macro_f1=0.6108, dev_err=19.30%, es_counter1=2, es_counter2=2
2026-02-23 18:46:31,655 - lg_cotrain - INFO - Phase 3 epoch 16: dev_macro_f1=0.6759, dev_err=18.86%, es_counter1=0, es_counter2=0
2026-02-23 18:46:33,754 - lg_cotrain - INFO - Phase 3 epoch 17: dev_macro_f1=0.6896, dev_err=17.98%, es_counter1=0, es_counter2=0
2026-02-23 18:46:35,830 - lg_cotrain - INFO - Phase 3 epoch 18: dev_macro_f1=0.6729, dev_err=18.86%, es_counter1=1, es_counter2=1
2026-02-23 18:46:37,907 - lg_cotrain - INFO - Phase 3 epoch 19: dev_macro_f1=0.6730, dev_err=18.86%, es_counter1=2, es_counter2=2
2026-02-23 18:46:39,991 - lg_cotrain - INFO - Phase 3 epoch 20: dev_macro_f1=0.6730, dev_err=18.86%, es_counter1=3, es_counter2=3
2026-02-23 18:46:42,075 - lg_cotrain - INFO - Phase 3 epoch 21: dev_macro_f1=0.6721, dev_err=18.42%, es_counter1=4, es_counter2=4
2026-02-23 18:46:44,154 - lg_cotrain - INFO - Phase 3 epoch 22: dev_macro_f1=0.6701, dev_err=18.86%, es_counter1=5, es_counter2=5
2026-02-23 18:46:46,236 - lg_cotrain - INFO - Phase 3 epoch 23: dev_macro_f1=0.6701, dev_err=18.86%, es_counter1=6, es_counter2=6
2026-02-23 18:46:46,236 - lg_cotrain - INFO - Early stopping at epoch 23
2026-02-23 18:46:46,244 - lg_cotrain - INFO - === Final Evaluation ===
2026-02-23 18:46:48,107 - lg_cotrain - INFO - Results saved to C:\Users\anhtr\AppData\Local\Temp\tmppmapmep6\canada_wildfires_2016\50_set1\metrics.json
2026-02-23 18:46:48,107 - lg_cotrain - INFO - Test error rate: 23.37%, Test macro-F1: 0.5885, Test ECE: 0.0754
2026-02-23 18:46:48,121 - lg_cotrain - INFO - --- Trial 8/10 done: dev_macro_f1=0.6896 ---
2026-02-23 18:46:48,121 - lg_cotrain - INFO - --- Trial 9/10 ---
2026-02-23 18:46:48,840 - lg_cotrain - INFO - Starting LG-CoTrain: event=canada_wildfires_2016, budget=50, seed_set=1
2026-02-23 18:46:48,853 - lg_cotrain - INFO - Detected 8 classes for event canada_wildfires_2016: ['caution_and_advice', 'displaced_people_and_evacuations', 'infrastructure_and_utility_damage', 'not_humanitarian', 'other_relevant_information', 'requests_or_urgent_needs', 'rescue_volunteering_or_donation_effort', 'sympathy_and_support']
2026-02-23 18:46:48,856 - lg_cotrain - INFO - D_l1: 182, D_l2: 182, D_LG: 1205
2026-02-23 18:46:48,856 - lg_cotrain - INFO - === Phase 1: Weight Generation ===
2026-02-23 18:46:56,375 - lg_cotrain - INFO - Phase 1 epoch 1/7: mean_prob1=0.1414, mean_prob2=0.1745
2026-02-23 18:47:03,010 - lg_cotrain - INFO - Phase 1 epoch 2/7: mean_prob1=0.2460, mean_prob2=0.2734
2026-02-23 18:47:09,579 - lg_cotrain - INFO - Phase 1 epoch 3/7: mean_prob1=0.3479, mean_prob2=0.4437
2026-02-23 18:47:16,155 - lg_cotrain - INFO - Phase 1 epoch 4/7: mean_prob1=0.4918, mean_prob2=0.5404
2026-02-23 18:47:22,717 - lg_cotrain - INFO - Phase 1 epoch 5/7: mean_prob1=0.5830, mean_prob2=0.6242
2026-02-23 18:47:29,279 - lg_cotrain - INFO - Phase 1 epoch 6/7: mean_prob1=0.6161, mean_prob2=0.6925
2026-02-23 18:47:35,818 - lg_cotrain - INFO - Phase 1 epoch 7/7: mean_prob1=0.6003, mean_prob2=0.6940
2026-02-23 18:47:35,819 - lg_cotrain - INFO - === Phase 2: Co-Training ===
2026-02-23 18:47:36,780 - lg_cotrain - INFO - LR scheduler: total_steps_1=5169, warmup=1036; total_steps_2=5169, warmup=1036
2026-02-23 18:47:36,780 - lg_cotrain - INFO - Phase 1 done -> seeded Phase 2 trackers. lambda1: mean=0.6003, range=[0.0021, 0.9760]
2026-02-23 18:47:36,780 - lg_cotrain - INFO - Phase 1 done -> seeded Phase 2 trackers. lambda2: mean=0.6940, range=[0.0017, 0.9780]
2026-02-23 18:47:56,732 - lg_cotrain - INFO - Phase 2 epoch 1/19: loss1=1.2406, loss2=1.0526, dev_macro_f1=0.1564, dev_err=46.49%
2026-02-23 18:48:16,575 - lg_cotrain - INFO - Phase 2 epoch 2/19: loss1=0.2075, loss2=0.5432, dev_macro_f1=0.2450, dev_err=42.11%
2026-02-23 18:48:36,438 - lg_cotrain - INFO - Phase 2 epoch 3/19: loss1=0.1026, loss2=0.2423, dev_macro_f1=0.3496, dev_err=31.14%
2026-02-23 18:48:56,266 - lg_cotrain - INFO - Phase 2 epoch 4/19: loss1=0.0529, loss2=0.1269, dev_macro_f1=0.3724, dev_err=30.26%
2026-02-23 18:49:16,206 - lg_cotrain - INFO - Phase 2 epoch 5/19: loss1=0.0534, loss2=0.0825, dev_macro_f1=0.4292, dev_err=28.07%
2026-02-23 18:49:36,125 - lg_cotrain - INFO - Phase 2 epoch 6/19: loss1=0.0356, loss2=0.1199, dev_macro_f1=0.4730, dev_err=27.19%
2026-02-23 18:49:56,082 - lg_cotrain - INFO - Phase 2 epoch 7/19: loss1=0.0625, loss2=0.0843, dev_macro_f1=0.4730, dev_err=24.56%
2026-02-23 18:50:16,010 - lg_cotrain - INFO - Phase 2 epoch 8/19: loss1=0.0430, loss2=0.1007, dev_macro_f1=0.5185, dev_err=22.37%
2026-02-23 18:50:35,921 - lg_cotrain - INFO - Phase 2 epoch 9/19: loss1=0.0403, loss2=0.0862, dev_macro_f1=0.5189, dev_err=22.37%
2026-02-23 18:50:55,787 - lg_cotrain - INFO - Phase 2 epoch 10/19: loss1=0.0137, loss2=0.0669, dev_macro_f1=0.5317, dev_err=22.37%
2026-02-23 18:51:15,657 - lg_cotrain - INFO - Phase 2 epoch 11/19: loss1=0.0100, loss2=0.0364, dev_macro_f1=0.5635, dev_err=22.37%
2026-02-23 18:51:35,538 - lg_cotrain - INFO - Phase 2 epoch 12/19: loss1=0.0075, loss2=0.0768, dev_macro_f1=0.5550, dev_err=21.93%
2026-02-23 18:51:55,353 - lg_cotrain - INFO - Phase 2 epoch 13/19: loss1=0.0072, loss2=0.0165, dev_macro_f1=0.5671, dev_err=21.49%
2026-02-23 18:52:15,211 - lg_cotrain - INFO - Phase 2 epoch 14/19: loss1=0.0055, loss2=0.0098, dev_macro_f1=0.5258, dev_err=23.68%
2026-02-23 18:52:35,115 - lg_cotrain - INFO - Phase 2 epoch 15/19: loss1=0.0230, loss2=0.0073, dev_macro_f1=0.5293, dev_err=22.81%
2026-02-23 18:52:54,981 - lg_cotrain - INFO - Phase 2 epoch 16/19: loss1=0.0160, loss2=0.0062, dev_macro_f1=0.5432, dev_err=23.25%
2026-02-23 18:53:14,957 - lg_cotrain - INFO - Phase 2 epoch 17/19: loss1=0.0112, loss2=0.0053, dev_macro_f1=0.5453, dev_err=22.81%
2026-02-23 18:53:34,795 - lg_cotrain - INFO - Phase 2 epoch 18/19: loss1=0.0398, loss2=0.0048, dev_macro_f1=0.5682, dev_err=21.49%
2026-02-23 18:53:54,650 - lg_cotrain - INFO - Phase 2 epoch 19/19: loss1=0.0337, loss2=0.0043, dev_macro_f1=0.5632, dev_err=22.37%
2026-02-23 18:53:54,650 - lg_cotrain - INFO - === Phase 3: Fine-Tuning ===
2026-02-23 18:53:57,696 - lg_cotrain - INFO - Phase 3 epoch 1: dev_macro_f1=0.5138, dev_err=27.19%, es_counter1=0, es_counter2=0
2026-02-23 18:54:00,720 - lg_cotrain - INFO - Phase 3 epoch 2: dev_macro_f1=0.5673, dev_err=24.12%, es_counter1=0, es_counter2=0
2026-02-23 18:54:03,756 - lg_cotrain - INFO - Phase 3 epoch 3: dev_macro_f1=0.5695, dev_err=23.25%, es_counter1=0, es_counter2=0
2026-02-23 18:54:06,801 - lg_cotrain - INFO - Phase 3 epoch 4: dev_macro_f1=0.5789, dev_err=25.88%, es_counter1=0, es_counter2=0
2026-02-23 18:54:09,830 - lg_cotrain - INFO - Phase 3 epoch 5: dev_macro_f1=0.6101, dev_err=21.05%, es_counter1=0, es_counter2=0
2026-02-23 18:54:12,890 - lg_cotrain - INFO - Phase 3 epoch 6: dev_macro_f1=0.5946, dev_err=25.00%, es_counter1=1, es_counter2=1
2026-02-23 18:54:15,921 - lg_cotrain - INFO - Phase 3 epoch 7: dev_macro_f1=0.6392, dev_err=21.05%, es_counter1=0, es_counter2=0
2026-02-23 18:54:18,968 - lg_cotrain - INFO - Phase 3 epoch 8: dev_macro_f1=0.6570, dev_err=19.74%, es_counter1=0, es_counter2=0
2026-02-23 18:54:22,008 - lg_cotrain - INFO - Phase 3 epoch 9: dev_macro_f1=0.6583, dev_err=19.74%, es_counter1=0, es_counter2=0
2026-02-23 18:54:25,054 - lg_cotrain - INFO - Phase 3 epoch 10: dev_macro_f1=0.6626, dev_err=20.18%, es_counter1=0, es_counter2=0
2026-02-23 18:54:28,076 - lg_cotrain - INFO - Phase 3 epoch 11: dev_macro_f1=0.6638, dev_err=19.74%, es_counter1=0, es_counter2=0
2026-02-23 18:54:31,124 - lg_cotrain - INFO - Phase 3 epoch 12: dev_macro_f1=0.6736, dev_err=18.86%, es_counter1=0, es_counter2=0
2026-02-23 18:54:34,151 - lg_cotrain - INFO - Phase 3 epoch 13: dev_macro_f1=0.6777, dev_err=18.42%, es_counter1=0, es_counter2=0
2026-02-23 18:54:37,161 - lg_cotrain - INFO - Phase 3 epoch 14: dev_macro_f1=0.6735, dev_err=18.42%, es_counter1=1, es_counter2=1
2026-02-23 18:54:40,175 - lg_cotrain - INFO - Phase 3 epoch 15: dev_macro_f1=0.6735, dev_err=18.42%, es_counter1=2, es_counter2=2
2026-02-23 18:54:43,205 - lg_cotrain - INFO - Phase 3 epoch 16: dev_macro_f1=0.6687, dev_err=19.30%, es_counter1=3, es_counter2=3
2026-02-23 18:54:46,228 - lg_cotrain - INFO - Phase 3 epoch 17: dev_macro_f1=0.6687, dev_err=19.30%, es_counter1=4, es_counter2=4
2026-02-23 18:54:49,228 - lg_cotrain - INFO - Phase 3 epoch 18: dev_macro_f1=0.6692, dev_err=19.74%, es_counter1=5, es_counter2=5
2026-02-23 18:54:52,235 - lg_cotrain - INFO - Phase 3 epoch 19: dev_macro_f1=0.6692, dev_err=19.74%, es_counter1=6, es_counter2=6
2026-02-23 18:54:55,241 - lg_cotrain - INFO - Phase 3 epoch 20: dev_macro_f1=0.6692, dev_err=19.74%, es_counter1=7, es_counter2=7
2026-02-23 18:54:58,253 - lg_cotrain - INFO - Phase 3 epoch 21: dev_macro_f1=0.6692, dev_err=19.74%, es_counter1=8, es_counter2=8
2026-02-23 18:55:01,271 - lg_cotrain - INFO - Phase 3 epoch 22: dev_macro_f1=0.6692, dev_err=19.74%, es_counter1=9, es_counter2=9
2026-02-23 18:55:01,277 - lg_cotrain - INFO - Early stopping at epoch 22
2026-02-23 18:55:01,292 - lg_cotrain - INFO - === Final Evaluation ===
2026-02-23 18:55:03,606 - lg_cotrain - INFO - Results saved to C:\Users\anhtr\AppData\Local\Temp\tmpaljaw3lf\canada_wildfires_2016\50_set1\metrics.json
2026-02-23 18:55:03,607 - lg_cotrain - INFO - Test error rate: 23.37%, Test macro-F1: 0.6404, Test ECE: 0.1079
2026-02-23 18:55:03,617 - lg_cotrain - INFO - --- Trial 9/10 done: dev_macro_f1=0.6777 ---
2026-02-23 18:55:03,617 - lg_cotrain - INFO - --- Trial 10/10 ---
2026-02-23 18:55:04,203 - lg_cotrain - INFO - Starting LG-CoTrain: event=canada_wildfires_2016, budget=50, seed_set=1
2026-02-23 18:55:04,215 - lg_cotrain - INFO - Detected 8 classes for event canada_wildfires_2016: ['caution_and_advice', 'displaced_people_and_evacuations', 'infrastructure_and_utility_damage', 'not_humanitarian', 'other_relevant_information', 'requests_or_urgent_needs', 'rescue_volunteering_or_donation_effort', 'sympathy_and_support']
2026-02-23 18:55:04,220 - lg_cotrain - INFO - D_l1: 182, D_l2: 182, D_LG: 1205
2026-02-23 18:55:04,221 - lg_cotrain - INFO - === Phase 1: Weight Generation ===
2026-02-23 18:55:11,058 - lg_cotrain - INFO - Phase 1 epoch 1/7: mean_prob1=0.1362, mean_prob2=0.1392
2026-02-23 18:55:16,965 - lg_cotrain - INFO - Phase 1 epoch 2/7: mean_prob1=0.1738, mean_prob2=0.1585
2026-02-23 18:55:22,860 - lg_cotrain - INFO - Phase 1 epoch 3/7: mean_prob1=0.2058, mean_prob2=0.1748
2026-02-23 18:55:28,729 - lg_cotrain - INFO - Phase 1 epoch 4/7: mean_prob1=0.2772, mean_prob2=0.2531
2026-02-23 18:55:34,631 - lg_cotrain - INFO - Phase 1 epoch 5/7: mean_prob1=0.2879, mean_prob2=0.3248
2026-02-23 18:55:40,650 - lg_cotrain - INFO - Phase 1 epoch 6/7: mean_prob1=0.3900, mean_prob2=0.3960
2026-02-23 18:55:46,538 - lg_cotrain - INFO - Phase 1 epoch 7/7: mean_prob1=0.4485, mean_prob2=0.4759
2026-02-23 18:55:46,539 - lg_cotrain - INFO - === Phase 2: Co-Training ===
2026-02-23 18:55:47,654 - lg_cotrain - INFO - LR scheduler: total_steps_1=2264, warmup=20; total_steps_2=2264, warmup=20
2026-02-23 18:55:47,655 - lg_cotrain - INFO - Phase 1 done -> seeded Phase 2 trackers. lambda1: mean=0.4485, range=[0.0252, 0.8099]
2026-02-23 18:55:47,655 - lg_cotrain - INFO - Phase 1 done -> seeded Phase 2 trackers. lambda2: mean=0.4759, range=[0.0121, 0.8784]
2026-02-23 18:56:05,489 - lg_cotrain - INFO - Phase 2 epoch 1/14: loss1=0.6433, loss2=0.5793, dev_macro_f1=0.2854, dev_err=39.47%
2026-02-23 18:56:22,941 - lg_cotrain - INFO - Phase 2 epoch 2/14: loss1=0.1568, loss2=0.2323, dev_macro_f1=0.3573, dev_err=30.26%
2026-02-23 18:56:40,126 - lg_cotrain - INFO - Phase 2 epoch 3/14: loss1=0.0708, loss2=0.1216, dev_macro_f1=0.3770, dev_err=29.39%
2026-02-23 18:56:58,053 - lg_cotrain - INFO - Phase 2 epoch 4/14: loss1=0.0445, loss2=0.0794, dev_macro_f1=0.5101, dev_err=21.49%
2026-02-23 18:57:15,491 - lg_cotrain - INFO - Phase 2 epoch 5/14: loss1=0.0287, loss2=0.0585, dev_macro_f1=0.4682, dev_err=23.25%
2026-02-23 18:57:32,458 - lg_cotrain - INFO - Phase 2 epoch 6/14: loss1=0.0259, loss2=0.0530, dev_macro_f1=0.4685, dev_err=24.12%
2026-02-23 18:57:49,715 - lg_cotrain - INFO - Phase 2 epoch 7/14: loss1=0.0249, loss2=0.0309, dev_macro_f1=0.5075, dev_err=24.56%
2026-02-23 18:58:07,174 - lg_cotrain - INFO - Phase 2 epoch 8/14: loss1=0.0224, loss2=0.0234, dev_macro_f1=0.4909, dev_err=25.00%
2026-02-23 18:58:24,229 - lg_cotrain - INFO - Phase 2 epoch 9/14: loss1=0.0248, loss2=0.0202, dev_macro_f1=0.5309, dev_err=22.81%
2026-02-23 18:58:41,225 - lg_cotrain - INFO - Phase 2 epoch 10/14: loss1=0.0215, loss2=0.0135, dev_macro_f1=0.5345, dev_err=22.37%
2026-02-23 18:58:58,216 - lg_cotrain - INFO - Phase 2 epoch 11/14: loss1=0.0123, loss2=0.0162, dev_macro_f1=0.5218, dev_err=24.12%
2026-02-23 18:59:15,230 - lg_cotrain - INFO - Phase 2 epoch 12/14: loss1=0.0163, loss2=0.0134, dev_macro_f1=0.5151, dev_err=24.56%
2026-02-23 18:59:32,216 - lg_cotrain - INFO - Phase 2 epoch 13/14: loss1=0.0411, loss2=0.0387, dev_macro_f1=0.5153, dev_err=24.12%
2026-02-23 18:59:49,228 - lg_cotrain - INFO - Phase 2 epoch 14/14: loss1=0.0124, loss2=0.0201, dev_macro_f1=0.5483, dev_err=22.81%
2026-02-23 18:59:49,228 - lg_cotrain - INFO - === Phase 3: Fine-Tuning ===
2026-02-23 18:59:51,832 - lg_cotrain - INFO - Phase 3 epoch 1: dev_macro_f1=0.5155, dev_err=28.51%, es_counter1=0, es_counter2=0
2026-02-23 18:59:54,428 - lg_cotrain - INFO - Phase 3 epoch 2: dev_macro_f1=0.6009, dev_err=20.61%, es_counter1=0, es_counter2=0
2026-02-23 18:59:57,011 - lg_cotrain - INFO - Phase 3 epoch 3: dev_macro_f1=0.5761, dev_err=22.37%, es_counter1=1, es_counter2=1
2026-02-23 18:59:59,728 - lg_cotrain - INFO - Phase 3 epoch 4: dev_macro_f1=0.6166, dev_err=19.74%, es_counter1=0, es_counter2=0
2026-02-23 19:00:02,302 - lg_cotrain - INFO - Phase 3 epoch 5: dev_macro_f1=0.5934, dev_err=21.49%, es_counter1=1, es_counter2=1
2026-02-23 19:00:04,877 - lg_cotrain - INFO - Phase 3 epoch 6: dev_macro_f1=0.5918, dev_err=21.49%, es_counter1=2, es_counter2=2
2026-02-23 19:00:07,460 - lg_cotrain - INFO - Phase 3 epoch 7: dev_macro_f1=0.6001, dev_err=20.61%, es_counter1=3, es_counter2=3
2026-02-23 19:00:10,039 - lg_cotrain - INFO - Phase 3 epoch 8: dev_macro_f1=0.6020, dev_err=20.61%, es_counter1=4, es_counter2=4
2026-02-23 19:00:12,626 - lg_cotrain - INFO - Phase 3 epoch 9: dev_macro_f1=0.6053, dev_err=20.18%, es_counter1=5, es_counter2=5
2026-02-23 19:00:15,220 - lg_cotrain - INFO - Phase 3 epoch 10: dev_macro_f1=0.6843, dev_err=20.18%, es_counter1=0, es_counter2=0
2026-02-23 19:00:17,792 - lg_cotrain - INFO - Phase 3 epoch 11: dev_macro_f1=0.6716, dev_err=19.74%, es_counter1=1, es_counter2=1
2026-02-23 19:00:20,394 - lg_cotrain - INFO - Phase 3 epoch 12: dev_macro_f1=0.6892, dev_err=19.74%, es_counter1=0, es_counter2=0
2026-02-23 19:00:22,973 - lg_cotrain - INFO - Phase 3 epoch 13: dev_macro_f1=0.6855, dev_err=18.86%, es_counter1=1, es_counter2=1
2026-02-23 19:00:25,557 - lg_cotrain - INFO - Phase 3 epoch 14: dev_macro_f1=0.6102, dev_err=19.74%, es_counter1=2, es_counter2=2
2026-02-23 19:00:28,135 - lg_cotrain - INFO - Phase 3 epoch 15: dev_macro_f1=0.6086, dev_err=20.18%, es_counter1=3, es_counter2=3
2026-02-23 19:00:30,718 - lg_cotrain - INFO - Phase 3 epoch 16: dev_macro_f1=0.6086, dev_err=20.18%, es_counter1=4, es_counter2=4
2026-02-23 19:00:33,295 - lg_cotrain - INFO - Phase 3 epoch 17: dev_macro_f1=0.6788, dev_err=19.30%, es_counter1=5, es_counter2=5
2026-02-23 19:00:35,869 - lg_cotrain - INFO - Phase 3 epoch 18: dev_macro_f1=0.6656, dev_err=19.74%, es_counter1=6, es_counter2=6
2026-02-23 19:00:35,869 - lg_cotrain - INFO - Early stopping at epoch 18
2026-02-23 19:00:35,877 - lg_cotrain - INFO - === Final Evaluation ===
2026-02-23 19:00:38,035 - lg_cotrain - INFO - Results saved to C:\Users\anhtr\AppData\Local\Temp\tmp7plfwwtu\canada_wildfires_2016\50_set1\metrics.json
2026-02-23 19:00:38,035 - lg_cotrain - INFO - Test error rate: 22.92%, Test macro-F1: 0.6181, Test ECE: 0.1131
2026-02-23 19:00:38,044 - lg_cotrain - INFO - --- Trial 10/10 done: dev_macro_f1=0.6892 ---
