2026-02-23 10:13:53,194 - lg_cotrain - INFO - === Optuna study: california_wildfires_2018 budget=50 seed=2 | target=10 trials, 0 replayed, 10 new ===
2026-02-23 10:13:53,194 - lg_cotrain - INFO - --- Trial 1/10 ---
2026-02-23 10:13:53,769 - lg_cotrain - INFO - Starting LG-CoTrain: event=california_wildfires_2018, budget=50, seed_set=2
2026-02-23 10:13:53,809 - lg_cotrain - INFO - Detected 10 classes for event california_wildfires_2018: ['caution_and_advice', 'displaced_people_and_evacuations', 'infrastructure_and_utility_damage', 'injured_or_dead_people', 'missing_or_found_people', 'not_humanitarian', 'other_relevant_information', 'requests_or_urgent_needs', 'rescue_volunteering_or_donation_effort', 'sympathy_and_support']
2026-02-23 10:13:53,818 - lg_cotrain - INFO - D_l1: 250, D_l2: 250, D_LG: 4663
2026-02-23 10:13:53,819 - lg_cotrain - INFO - === Phase 1: Weight Generation ===
2026-02-23 10:14:12,533 - lg_cotrain - INFO - Phase 1 epoch 1/7: mean_prob1=0.1093, mean_prob2=0.0989
2026-02-23 10:14:30,262 - lg_cotrain - INFO - Phase 1 epoch 2/7: mean_prob1=0.1435, mean_prob2=0.1088
2026-02-23 10:14:47,967 - lg_cotrain - INFO - Phase 1 epoch 3/7: mean_prob1=0.2007, mean_prob2=0.1413
2026-02-23 10:15:05,722 - lg_cotrain - INFO - Phase 1 epoch 4/7: mean_prob1=0.2450, mean_prob2=0.1830
2026-02-23 10:15:23,427 - lg_cotrain - INFO - Phase 1 epoch 5/7: mean_prob1=0.2918, mean_prob2=0.2455
2026-02-23 10:15:41,122 - lg_cotrain - INFO - Phase 1 epoch 6/7: mean_prob1=0.3521, mean_prob2=0.3058
2026-02-23 10:15:58,809 - lg_cotrain - INFO - Phase 1 epoch 7/7: mean_prob1=0.4153, mean_prob2=0.4008
2026-02-23 10:15:58,810 - lg_cotrain - INFO - === Phase 2: Co-Training ===
2026-02-23 10:15:59,775 - lg_cotrain - INFO - LR scheduler: total_steps_1=984, warmup=221; total_steps_2=984, warmup=221
2026-02-23 10:15:59,776 - lg_cotrain - INFO - Phase 1 done -> seeded Phase 2 trackers. lambda1: mean=0.4153, range=[0.0061, 0.8976]
2026-02-23 10:15:59,776 - lg_cotrain - INFO - Phase 1 done -> seeded Phase 2 trackers. lambda2: mean=0.4008, range=[0.0053, 0.8549]
2026-02-23 10:16:59,352 - lg_cotrain - INFO - Phase 2 epoch 1/8: loss1=0.6547, loss2=0.6903, dev_macro_f1=0.3355, dev_err=34.57%
2026-02-23 10:17:58,916 - lg_cotrain - INFO - Phase 2 epoch 2/8: loss1=0.0822, loss2=0.2533, dev_macro_f1=0.4455, dev_err=30.59%
2026-02-23 10:18:58,413 - lg_cotrain - INFO - Phase 2 epoch 3/8: loss1=0.0469, loss2=0.1727, dev_macro_f1=0.5205, dev_err=28.72%
2026-02-23 10:19:57,930 - lg_cotrain - INFO - Phase 2 epoch 4/8: loss1=0.0334, loss2=0.1617, dev_macro_f1=0.5546, dev_err=27.66%
2026-02-23 10:20:57,401 - lg_cotrain - INFO - Phase 2 epoch 5/8: loss1=0.0332, loss2=0.1121, dev_macro_f1=0.5813, dev_err=27.93%
2026-02-23 10:21:56,774 - lg_cotrain - INFO - Phase 2 epoch 6/8: loss1=0.0215, loss2=0.0685, dev_macro_f1=0.5747, dev_err=27.79%
2026-02-23 10:22:56,123 - lg_cotrain - INFO - Phase 2 epoch 7/8: loss1=0.0164, loss2=0.0515, dev_macro_f1=0.5988, dev_err=26.86%
2026-02-23 10:23:55,584 - lg_cotrain - INFO - Phase 2 epoch 8/8: loss1=0.0192, loss2=0.0331, dev_macro_f1=0.5841, dev_err=27.13%
2026-02-23 10:23:55,585 - lg_cotrain - INFO - === Phase 3: Fine-Tuning ===
2026-02-23 10:24:00,157 - lg_cotrain - INFO - Phase 3 epoch 1: dev_macro_f1=0.4898, dev_err=42.42%, es_counter1=0, es_counter2=0
2026-02-23 10:24:04,734 - lg_cotrain - INFO - Phase 3 epoch 2: dev_macro_f1=0.5431, dev_err=40.96%, es_counter1=0, es_counter2=0
2026-02-23 10:24:09,339 - lg_cotrain - INFO - Phase 3 epoch 3: dev_macro_f1=0.6196, dev_err=28.46%, es_counter1=0, es_counter2=0
2026-02-23 10:24:13,911 - lg_cotrain - INFO - Phase 3 epoch 4: dev_macro_f1=0.5992, dev_err=30.05%, es_counter1=1, es_counter2=1
2026-02-23 10:24:18,486 - lg_cotrain - INFO - Phase 3 epoch 5: dev_macro_f1=0.6084, dev_err=30.19%, es_counter1=2, es_counter2=2
2026-02-23 10:24:23,058 - lg_cotrain - INFO - Phase 3 epoch 6: dev_macro_f1=0.6166, dev_err=30.05%, es_counter1=3, es_counter2=3
2026-02-23 10:24:27,621 - lg_cotrain - INFO - Phase 3 epoch 7: dev_macro_f1=0.6182, dev_err=31.78%, es_counter1=4, es_counter2=4
2026-02-23 10:24:32,192 - lg_cotrain - INFO - Phase 3 epoch 8: dev_macro_f1=0.6193, dev_err=30.85%, es_counter1=5, es_counter2=5
2026-02-23 10:24:36,762 - lg_cotrain - INFO - Phase 3 epoch 9: dev_macro_f1=0.6145, dev_err=30.32%, es_counter1=6, es_counter2=6
2026-02-23 10:24:41,338 - lg_cotrain - INFO - Phase 3 epoch 10: dev_macro_f1=0.6109, dev_err=31.78%, es_counter1=7, es_counter2=7
2026-02-23 10:24:45,917 - lg_cotrain - INFO - Phase 3 epoch 11: dev_macro_f1=0.6059, dev_err=32.85%, es_counter1=8, es_counter2=8
2026-02-23 10:24:50,491 - lg_cotrain - INFO - Phase 3 epoch 12: dev_macro_f1=0.6070, dev_err=32.58%, es_counter1=9, es_counter2=9
2026-02-23 10:24:50,492 - lg_cotrain - INFO - Early stopping at epoch 12
2026-02-23 10:24:50,502 - lg_cotrain - INFO - === Final Evaluation ===
2026-02-23 10:24:57,489 - lg_cotrain - INFO - Results saved to C:\Users\anhtr\AppData\Local\Temp\tmppqj0klfq\california_wildfires_2018\50_set2\metrics.json
2026-02-23 10:24:57,489 - lg_cotrain - INFO - Test error rate: 28.47%, Test macro-F1: 0.6404, Test ECE: 0.0859
2026-02-23 10:24:57,500 - lg_cotrain - INFO - --- Trial 1/10 done: dev_macro_f1=0.6196 ---
2026-02-23 10:24:57,501 - lg_cotrain - INFO - --- Trial 2/10 ---
2026-02-23 10:24:58,141 - lg_cotrain - INFO - Starting LG-CoTrain: event=california_wildfires_2018, budget=50, seed_set=2
2026-02-23 10:24:58,176 - lg_cotrain - INFO - Detected 10 classes for event california_wildfires_2018: ['caution_and_advice', 'displaced_people_and_evacuations', 'infrastructure_and_utility_damage', 'injured_or_dead_people', 'missing_or_found_people', 'not_humanitarian', 'other_relevant_information', 'requests_or_urgent_needs', 'rescue_volunteering_or_donation_effort', 'sympathy_and_support']
2026-02-23 10:24:58,183 - lg_cotrain - INFO - D_l1: 250, D_l2: 250, D_LG: 4663
2026-02-23 10:24:58,184 - lg_cotrain - INFO - === Phase 1: Weight Generation ===
2026-02-23 10:25:18,745 - lg_cotrain - INFO - Phase 1 epoch 1/7: mean_prob1=0.1042, mean_prob2=0.1234
2026-02-23 10:25:38,349 - lg_cotrain - INFO - Phase 1 epoch 2/7: mean_prob1=0.0843, mean_prob2=0.1125
2026-02-23 10:25:58,029 - lg_cotrain - INFO - Phase 1 epoch 3/7: mean_prob1=0.1076, mean_prob2=0.0997
2026-02-23 10:26:17,686 - lg_cotrain - INFO - Phase 1 epoch 4/7: mean_prob1=0.1033, mean_prob2=0.1093
2026-02-23 10:26:37,350 - lg_cotrain - INFO - Phase 1 epoch 5/7: mean_prob1=0.0986, mean_prob2=0.0925
2026-02-23 10:26:57,030 - lg_cotrain - INFO - Phase 1 epoch 6/7: mean_prob1=0.0974, mean_prob2=0.0897
2026-02-23 10:27:16,688 - lg_cotrain - INFO - Phase 1 epoch 7/7: mean_prob1=0.1019, mean_prob2=0.0980
2026-02-23 10:27:16,688 - lg_cotrain - INFO - === Phase 2: Co-Training ===
2026-02-23 10:27:17,685 - lg_cotrain - INFO - LR scheduler: total_steps_1=4228, warmup=550; total_steps_2=4228, warmup=550
2026-02-23 10:27:17,685 - lg_cotrain - INFO - Phase 1 done -> seeded Phase 2 trackers. lambda1: mean=0.1019, range=[0.0807, 0.1220]
2026-02-23 10:27:17,685 - lg_cotrain - INFO - Phase 1 done -> seeded Phase 2 trackers. lambda2: mean=0.0980, range=[0.0682, 0.1692]
2026-02-23 10:28:29,678 - lg_cotrain - INFO - Phase 2 epoch 1/9: loss1=0.1291, loss2=0.1226, dev_macro_f1=0.2456, dev_err=45.35%
2026-02-23 10:29:41,189 - lg_cotrain - INFO - Phase 2 epoch 2/9: loss1=0.0894, loss2=0.9695, dev_macro_f1=0.0302, dev_err=82.18%
2026-02-23 10:30:52,574 - lg_cotrain - INFO - Phase 2 epoch 3/9: loss1=0.0647, loss2=0.8555, dev_macro_f1=0.0419, dev_err=73.54%
2026-02-23 10:32:03,768 - lg_cotrain - INFO - Phase 2 epoch 4/9: loss1=0.0825, loss2=0.7772, dev_macro_f1=0.0419, dev_err=73.54%
2026-02-23 10:33:14,927 - lg_cotrain - INFO - Phase 2 epoch 5/9: loss1=0.0925, loss2=0.7195, dev_macro_f1=0.0419, dev_err=73.54%
2026-02-23 10:34:26,280 - lg_cotrain - INFO - Phase 2 epoch 6/9: loss1=0.1002, loss2=0.6790, dev_macro_f1=0.0302, dev_err=82.18%
2026-02-23 10:35:37,807 - lg_cotrain - INFO - Phase 2 epoch 7/9: loss1=0.1026, loss2=0.6459, dev_macro_f1=0.0419, dev_err=73.54%
2026-02-23 10:36:49,508 - lg_cotrain - INFO - Phase 2 epoch 8/9: loss1=0.1095, loss2=0.6189, dev_macro_f1=0.0419, dev_err=73.54%
2026-02-23 10:38:01,062 - lg_cotrain - INFO - Phase 2 epoch 9/9: loss1=0.1082, loss2=0.5963, dev_macro_f1=0.0419, dev_err=73.54%
2026-02-23 10:38:01,064 - lg_cotrain - INFO - === Phase 3: Fine-Tuning ===
2026-02-23 10:38:06,438 - lg_cotrain - INFO - Phase 3 epoch 1: dev_macro_f1=0.0120, dev_err=93.62%, es_counter1=0, es_counter2=0
2026-02-23 10:38:11,791 - lg_cotrain - INFO - Phase 3 epoch 2: dev_macro_f1=0.0120, dev_err=93.62%, es_counter1=1, es_counter2=1
2026-02-23 10:38:17,167 - lg_cotrain - INFO - Phase 3 epoch 3: dev_macro_f1=0.0419, dev_err=73.54%, es_counter1=0, es_counter2=0
2026-02-23 10:38:22,508 - lg_cotrain - INFO - Phase 3 epoch 4: dev_macro_f1=0.0021, dev_err=98.94%, es_counter1=1, es_counter2=1
2026-02-23 10:38:27,865 - lg_cotrain - INFO - Phase 3 epoch 5: dev_macro_f1=0.0037, dev_err=98.14%, es_counter1=2, es_counter2=2
2026-02-23 10:38:33,214 - lg_cotrain - INFO - Phase 3 epoch 6: dev_macro_f1=0.0419, dev_err=73.54%, es_counter1=3, es_counter2=3
2026-02-23 10:38:38,567 - lg_cotrain - INFO - Phase 3 epoch 7: dev_macro_f1=0.0247, dev_err=85.90%, es_counter1=4, es_counter2=4
2026-02-23 10:38:38,567 - lg_cotrain - INFO - Early stopping at epoch 7
2026-02-23 10:38:38,578 - lg_cotrain - INFO - === Final Evaluation ===
2026-02-23 10:38:46,148 - lg_cotrain - INFO - Results saved to C:\Users\anhtr\AppData\Local\Temp\tmpr9bx56z9\california_wildfires_2018\50_set2\metrics.json
2026-02-23 10:38:46,149 - lg_cotrain - INFO - Test error rate: 73.65%, Test macro-F1: 0.0417, Test ECE: 0.1422
2026-02-23 10:38:46,161 - lg_cotrain - INFO - --- Trial 2/10 done: dev_macro_f1=0.0419 ---
2026-02-23 10:38:46,161 - lg_cotrain - INFO - --- Trial 3/10 ---
2026-02-23 10:38:46,807 - lg_cotrain - INFO - Starting LG-CoTrain: event=california_wildfires_2018, budget=50, seed_set=2
2026-02-23 10:38:46,888 - lg_cotrain - INFO - Detected 10 classes for event california_wildfires_2018: ['caution_and_advice', 'displaced_people_and_evacuations', 'infrastructure_and_utility_damage', 'injured_or_dead_people', 'missing_or_found_people', 'not_humanitarian', 'other_relevant_information', 'requests_or_urgent_needs', 'rescue_volunteering_or_donation_effort', 'sympathy_and_support']
2026-02-23 10:38:46,901 - lg_cotrain - INFO - D_l1: 250, D_l2: 250, D_LG: 4663
2026-02-23 10:38:46,903 - lg_cotrain - INFO - === Phase 1: Weight Generation ===
2026-02-23 10:39:05,792 - lg_cotrain - INFO - Phase 1 epoch 1/7: mean_prob1=0.0669, mean_prob2=0.0907
2026-02-23 10:39:23,489 - lg_cotrain - INFO - Phase 1 epoch 2/7: mean_prob1=0.0903, mean_prob2=0.1058
2026-02-23 10:39:41,069 - lg_cotrain - INFO - Phase 1 epoch 3/7: mean_prob1=0.1147, mean_prob2=0.0993
2026-02-23 10:39:58,646 - lg_cotrain - INFO - Phase 1 epoch 4/7: mean_prob1=0.1028, mean_prob2=0.0993
2026-02-23 10:40:16,196 - lg_cotrain - INFO - Phase 1 epoch 5/7: mean_prob1=0.0901, mean_prob2=0.1013
2026-02-23 10:40:33,732 - lg_cotrain - INFO - Phase 1 epoch 6/7: mean_prob1=0.1067, mean_prob2=0.1032
2026-02-23 10:40:51,390 - lg_cotrain - INFO - Phase 1 epoch 7/7: mean_prob1=0.0964, mean_prob2=0.1007
2026-02-23 10:40:51,390 - lg_cotrain - INFO - === Phase 2: Co-Training ===
2026-02-23 10:40:52,374 - lg_cotrain - INFO - LR scheduler: total_steps_1=1422, warmup=172; total_steps_2=1422, warmup=172
2026-02-23 10:40:52,375 - lg_cotrain - INFO - Phase 1 done -> seeded Phase 2 trackers. lambda1: mean=0.0964, range=[0.0632, 0.1283]
2026-02-23 10:40:52,375 - lg_cotrain - INFO - Phase 1 done -> seeded Phase 2 trackers. lambda2: mean=0.1007, range=[0.0774, 0.1159]
2026-02-23 10:41:51,962 - lg_cotrain - INFO - Phase 2 epoch 1/14: loss1=0.1286, loss2=0.1275, dev_macro_f1=0.5097, dev_err=28.46%
2026-02-23 10:42:51,468 - lg_cotrain - INFO - Phase 2 epoch 2/14: loss1=0.0773, loss2=0.8400, dev_macro_f1=0.4166, dev_err=33.11%
2026-02-23 10:43:50,620 - lg_cotrain - INFO - Phase 2 epoch 3/14: loss1=0.0825, loss2=1.3391, dev_macro_f1=0.0419, dev_err=73.54%
2026-02-23 10:44:49,695 - lg_cotrain - INFO - Phase 2 epoch 4/14: loss1=0.0907, loss2=1.1785, dev_macro_f1=0.0302, dev_err=82.18%
2026-02-23 10:45:48,875 - lg_cotrain - INFO - Phase 2 epoch 5/14: loss1=0.0906, loss2=1.0833, dev_macro_f1=0.0419, dev_err=73.54%
2026-02-23 10:46:48,012 - lg_cotrain - INFO - Phase 2 epoch 6/14: loss1=0.0952, loss2=1.0047, dev_macro_f1=0.0302, dev_err=82.18%
2026-02-23 10:47:47,214 - lg_cotrain - INFO - Phase 2 epoch 7/14: loss1=0.0952, loss2=0.9486, dev_macro_f1=0.0419, dev_err=73.54%
2026-02-23 10:48:46,476 - lg_cotrain - INFO - Phase 2 epoch 8/14: loss1=0.1011, loss2=0.8940, dev_macro_f1=0.0302, dev_err=82.18%
2026-02-23 10:49:45,686 - lg_cotrain - INFO - Phase 2 epoch 9/14: loss1=0.1061, loss2=0.8552, dev_macro_f1=0.0419, dev_err=73.54%
2026-02-23 10:50:44,908 - lg_cotrain - INFO - Phase 2 epoch 10/14: loss1=0.1072, loss2=0.8209, dev_macro_f1=0.0302, dev_err=82.18%
2026-02-23 10:51:44,190 - lg_cotrain - INFO - Phase 2 epoch 11/14: loss1=0.1088, loss2=0.7904, dev_macro_f1=0.0419, dev_err=73.54%
2026-02-23 10:52:43,354 - lg_cotrain - INFO - Phase 2 epoch 12/14: loss1=0.1126, loss2=0.7670, dev_macro_f1=0.0419, dev_err=73.54%
2026-02-23 10:53:42,714 - lg_cotrain - INFO - Phase 2 epoch 13/14: loss1=0.1134, loss2=0.7484, dev_macro_f1=0.0419, dev_err=73.54%
2026-02-23 10:54:42,054 - lg_cotrain - INFO - Phase 2 epoch 14/14: loss1=0.1157, loss2=0.7229, dev_macro_f1=0.0419, dev_err=73.54%
2026-02-23 10:54:42,054 - lg_cotrain - INFO - === Phase 3: Fine-Tuning ===
2026-02-23 10:54:46,591 - lg_cotrain - INFO - Phase 3 epoch 1: dev_macro_f1=0.0096, dev_err=94.95%, es_counter1=0, es_counter2=0
2026-02-23 10:54:51,143 - lg_cotrain - INFO - Phase 3 epoch 2: dev_macro_f1=0.0247, dev_err=85.90%, es_counter1=0, es_counter2=0
2026-02-23 10:54:55,681 - lg_cotrain - INFO - Phase 3 epoch 3: dev_macro_f1=0.0302, dev_err=82.18%, es_counter1=0, es_counter2=0
2026-02-23 10:55:00,224 - lg_cotrain - INFO - Phase 3 epoch 4: dev_macro_f1=0.0419, dev_err=73.54%, es_counter1=0, es_counter2=0
2026-02-23 10:55:04,739 - lg_cotrain - INFO - Phase 3 epoch 5: dev_macro_f1=0.0247, dev_err=85.90%, es_counter1=1, es_counter2=1
2026-02-23 10:55:09,255 - lg_cotrain - INFO - Phase 3 epoch 6: dev_macro_f1=0.0321, dev_err=80.85%, es_counter1=2, es_counter2=2
2026-02-23 10:55:13,773 - lg_cotrain - INFO - Phase 3 epoch 7: dev_macro_f1=0.0302, dev_err=82.18%, es_counter1=3, es_counter2=3
2026-02-23 10:55:18,310 - lg_cotrain - INFO - Phase 3 epoch 8: dev_macro_f1=0.0302, dev_err=82.18%, es_counter1=4, es_counter2=4
2026-02-23 10:55:22,804 - lg_cotrain - INFO - Phase 3 epoch 9: dev_macro_f1=0.0120, dev_err=93.62%, es_counter1=5, es_counter2=5
2026-02-23 10:55:27,330 - lg_cotrain - INFO - Phase 3 epoch 10: dev_macro_f1=0.0247, dev_err=85.90%, es_counter1=6, es_counter2=6
2026-02-23 10:55:31,850 - lg_cotrain - INFO - Phase 3 epoch 11: dev_macro_f1=0.0096, dev_err=94.95%, es_counter1=7, es_counter2=7
2026-02-23 10:55:36,365 - lg_cotrain - INFO - Phase 3 epoch 12: dev_macro_f1=0.0321, dev_err=80.85%, es_counter1=8, es_counter2=8
2026-02-23 10:55:40,877 - lg_cotrain - INFO - Phase 3 epoch 13: dev_macro_f1=0.0247, dev_err=85.90%, es_counter1=9, es_counter2=9
2026-02-23 10:55:45,390 - lg_cotrain - INFO - Phase 3 epoch 14: dev_macro_f1=0.0096, dev_err=94.95%, es_counter1=10, es_counter2=10
2026-02-23 10:55:45,391 - lg_cotrain - INFO - Early stopping at epoch 14
2026-02-23 10:55:45,399 - lg_cotrain - INFO - === Final Evaluation ===
2026-02-23 10:55:52,265 - lg_cotrain - INFO - Results saved to C:\Users\anhtr\AppData\Local\Temp\tmpchjf1hiy\california_wildfires_2018\50_set2\metrics.json
2026-02-23 10:55:52,265 - lg_cotrain - INFO - Test error rate: 73.65%, Test macro-F1: 0.0417, Test ECE: 0.1191
2026-02-23 10:55:52,275 - lg_cotrain - INFO - --- Trial 3/10 done: dev_macro_f1=0.0419 ---
2026-02-23 10:55:52,276 - lg_cotrain - INFO - --- Trial 4/10 ---
2026-02-23 10:55:52,839 - lg_cotrain - INFO - Starting LG-CoTrain: event=california_wildfires_2018, budget=50, seed_set=2
2026-02-23 10:55:52,871 - lg_cotrain - INFO - Detected 10 classes for event california_wildfires_2018: ['caution_and_advice', 'displaced_people_and_evacuations', 'infrastructure_and_utility_damage', 'injured_or_dead_people', 'missing_or_found_people', 'not_humanitarian', 'other_relevant_information', 'requests_or_urgent_needs', 'rescue_volunteering_or_donation_effort', 'sympathy_and_support']
2026-02-23 10:55:52,877 - lg_cotrain - INFO - D_l1: 250, D_l2: 250, D_LG: 4663
2026-02-23 10:55:52,878 - lg_cotrain - INFO - === Phase 1: Weight Generation ===
2026-02-23 10:56:15,959 - lg_cotrain - INFO - Phase 1 epoch 1/7: mean_prob1=0.1057, mean_prob2=0.1097
2026-02-23 10:56:37,886 - lg_cotrain - INFO - Phase 1 epoch 2/7: mean_prob1=0.1171, mean_prob2=0.1284
2026-02-23 10:56:59,874 - lg_cotrain - INFO - Phase 1 epoch 3/7: mean_prob1=0.1310, mean_prob2=0.1452
2026-02-23 10:57:21,989 - lg_cotrain - INFO - Phase 1 epoch 4/7: mean_prob1=0.1542, mean_prob2=0.1706
2026-02-23 10:57:44,093 - lg_cotrain - INFO - Phase 1 epoch 5/7: mean_prob1=0.1787, mean_prob2=0.1805
2026-02-23 10:58:06,155 - lg_cotrain - INFO - Phase 1 epoch 6/7: mean_prob1=0.2029, mean_prob2=0.2132
2026-02-23 10:58:28,226 - lg_cotrain - INFO - Phase 1 epoch 7/7: mean_prob1=0.2230, mean_prob2=0.2285
2026-02-23 10:58:28,228 - lg_cotrain - INFO - === Phase 2: Co-Training ===
2026-02-23 10:58:29,191 - lg_cotrain - INFO - LR scheduler: total_steps_1=8447, warmup=1471; total_steps_2=8447, warmup=1471
2026-02-23 10:58:29,191 - lg_cotrain - INFO - Phase 1 done -> seeded Phase 2 trackers. lambda1: mean=0.2230, range=[0.0135, 0.5607]
2026-02-23 10:58:29,192 - lg_cotrain - INFO - Phase 1 done -> seeded Phase 2 trackers. lambda2: mean=0.2285, range=[0.0097, 0.5307]
2026-02-23 10:59:54,043 - lg_cotrain - INFO - Phase 2 epoch 1/9: loss1=0.4050, loss2=0.4053, dev_macro_f1=0.2897, dev_err=37.37%
2026-02-23 11:01:19,139 - lg_cotrain - INFO - Phase 2 epoch 2/9: loss1=0.0888, loss2=0.2212, dev_macro_f1=0.4083, dev_err=32.71%
2026-02-23 11:02:43,861 - lg_cotrain - INFO - Phase 2 epoch 3/9: loss1=0.0365, loss2=0.1540, dev_macro_f1=0.4438, dev_err=28.99%
2026-02-23 11:04:08,421 - lg_cotrain - INFO - Phase 2 epoch 4/9: loss1=0.0199, loss2=0.1069, dev_macro_f1=0.5247, dev_err=28.32%
2026-02-23 11:05:33,009 - lg_cotrain - INFO - Phase 2 epoch 5/9: loss1=0.0174, loss2=0.0780, dev_macro_f1=0.5430, dev_err=26.99%
2026-02-23 11:06:57,668 - lg_cotrain - INFO - Phase 2 epoch 6/9: loss1=0.0158, loss2=0.0491, dev_macro_f1=0.5443, dev_err=27.39%
2026-02-23 11:08:22,213 - lg_cotrain - INFO - Phase 2 epoch 7/9: loss1=0.0129, loss2=0.0387, dev_macro_f1=0.5925, dev_err=26.46%
2026-02-23 11:09:46,771 - lg_cotrain - INFO - Phase 2 epoch 8/9: loss1=0.0132, loss2=0.0314, dev_macro_f1=0.5986, dev_err=26.33%
2026-02-23 11:11:11,225 - lg_cotrain - INFO - Phase 2 epoch 9/9: loss1=0.0111, loss2=0.0220, dev_macro_f1=0.6023, dev_err=26.20%
2026-02-23 11:11:11,226 - lg_cotrain - INFO - === Phase 3: Fine-Tuning ===
2026-02-23 11:11:17,554 - lg_cotrain - INFO - Phase 3 epoch 1: dev_macro_f1=0.5785, dev_err=31.12%, es_counter1=0, es_counter2=0
2026-02-23 11:11:23,818 - lg_cotrain - INFO - Phase 3 epoch 2: dev_macro_f1=0.6261, dev_err=28.46%, es_counter1=0, es_counter2=0
2026-02-23 11:11:30,090 - lg_cotrain - INFO - Phase 3 epoch 3: dev_macro_f1=0.6247, dev_err=28.46%, es_counter1=1, es_counter2=1
2026-02-23 11:11:36,351 - lg_cotrain - INFO - Phase 3 epoch 4: dev_macro_f1=0.6167, dev_err=30.05%, es_counter1=2, es_counter2=2
2026-02-23 11:11:42,627 - lg_cotrain - INFO - Phase 3 epoch 5: dev_macro_f1=0.6102, dev_err=30.32%, es_counter1=3, es_counter2=3
2026-02-23 11:11:48,911 - lg_cotrain - INFO - Phase 3 epoch 6: dev_macro_f1=0.6288, dev_err=29.39%, es_counter1=0, es_counter2=0
2026-02-23 11:11:55,180 - lg_cotrain - INFO - Phase 3 epoch 7: dev_macro_f1=0.6236, dev_err=29.92%, es_counter1=1, es_counter2=1
2026-02-23 11:12:01,459 - lg_cotrain - INFO - Phase 3 epoch 8: dev_macro_f1=0.6156, dev_err=30.32%, es_counter1=2, es_counter2=2
2026-02-23 11:12:07,718 - lg_cotrain - INFO - Phase 3 epoch 9: dev_macro_f1=0.6224, dev_err=29.65%, es_counter1=3, es_counter2=3
2026-02-23 11:12:13,986 - lg_cotrain - INFO - Phase 3 epoch 10: dev_macro_f1=0.6203, dev_err=29.26%, es_counter1=4, es_counter2=4
2026-02-23 11:12:20,295 - lg_cotrain - INFO - Phase 3 epoch 11: dev_macro_f1=0.6339, dev_err=29.39%, es_counter1=0, es_counter2=0
2026-02-23 11:12:26,571 - lg_cotrain - INFO - Phase 3 epoch 12: dev_macro_f1=0.6244, dev_err=29.52%, es_counter1=1, es_counter2=1
2026-02-23 11:12:32,868 - lg_cotrain - INFO - Phase 3 epoch 13: dev_macro_f1=0.6256, dev_err=29.39%, es_counter1=2, es_counter2=2
2026-02-23 11:12:39,164 - lg_cotrain - INFO - Phase 3 epoch 14: dev_macro_f1=0.6231, dev_err=29.52%, es_counter1=3, es_counter2=3
2026-02-23 11:12:45,440 - lg_cotrain - INFO - Phase 3 epoch 15: dev_macro_f1=0.6291, dev_err=28.86%, es_counter1=4, es_counter2=4
2026-02-23 11:12:51,705 - lg_cotrain - INFO - Phase 3 epoch 16: dev_macro_f1=0.6206, dev_err=29.79%, es_counter1=5, es_counter2=5
2026-02-23 11:12:57,985 - lg_cotrain - INFO - Phase 3 epoch 17: dev_macro_f1=0.6226, dev_err=29.39%, es_counter1=6, es_counter2=6
2026-02-23 11:13:04,252 - lg_cotrain - INFO - Phase 3 epoch 18: dev_macro_f1=0.6220, dev_err=29.52%, es_counter1=7, es_counter2=7
2026-02-23 11:13:10,529 - lg_cotrain - INFO - Phase 3 epoch 19: dev_macro_f1=0.6215, dev_err=29.65%, es_counter1=8, es_counter2=8
2026-02-23 11:13:10,530 - lg_cotrain - INFO - Early stopping at epoch 19
2026-02-23 11:13:10,541 - lg_cotrain - INFO - === Final Evaluation ===
2026-02-23 11:13:18,913 - lg_cotrain - INFO - Results saved to C:\Users\anhtr\AppData\Local\Temp\tmp6btfuc67\california_wildfires_2018\50_set2\metrics.json
2026-02-23 11:13:18,913 - lg_cotrain - INFO - Test error rate: 26.76%, Test macro-F1: 0.6637, Test ECE: 0.0969
2026-02-23 11:13:18,921 - lg_cotrain - INFO - --- Trial 4/10 done: dev_macro_f1=0.6339 ---
2026-02-23 11:13:18,921 - lg_cotrain - INFO - --- Trial 5/10 ---
2026-02-23 11:13:19,504 - lg_cotrain - INFO - Starting LG-CoTrain: event=california_wildfires_2018, budget=50, seed_set=2
2026-02-23 11:13:19,537 - lg_cotrain - INFO - Detected 10 classes for event california_wildfires_2018: ['caution_and_advice', 'displaced_people_and_evacuations', 'infrastructure_and_utility_damage', 'injured_or_dead_people', 'missing_or_found_people', 'not_humanitarian', 'other_relevant_information', 'requests_or_urgent_needs', 'rescue_volunteering_or_donation_effort', 'sympathy_and_support']
2026-02-23 11:13:19,544 - lg_cotrain - INFO - D_l1: 250, D_l2: 250, D_LG: 4663
2026-02-23 11:13:19,546 - lg_cotrain - INFO - === Phase 1: Weight Generation ===
2026-02-23 11:13:38,174 - lg_cotrain - INFO - Phase 1 epoch 1/7: mean_prob1=0.1280, mean_prob2=0.0984
2026-02-23 11:13:55,977 - lg_cotrain - INFO - Phase 1 epoch 2/7: mean_prob1=0.1826, mean_prob2=0.0994
2026-02-23 11:14:13,803 - lg_cotrain - INFO - Phase 1 epoch 3/7: mean_prob1=0.2846, mean_prob2=0.1255
2026-02-23 11:14:31,651 - lg_cotrain - INFO - Phase 1 epoch 4/7: mean_prob1=0.3634, mean_prob2=0.1787
2026-02-23 11:14:49,310 - lg_cotrain - INFO - Phase 1 epoch 5/7: mean_prob1=0.4698, mean_prob2=0.2615
2026-02-23 11:15:06,928 - lg_cotrain - INFO - Phase 1 epoch 6/7: mean_prob1=0.4980, mean_prob2=0.3192
2026-02-23 11:15:24,671 - lg_cotrain - INFO - Phase 1 epoch 7/7: mean_prob1=0.4939, mean_prob2=0.4332
2026-02-23 11:15:24,672 - lg_cotrain - INFO - === Phase 2: Co-Training ===
2026-02-23 11:15:25,663 - lg_cotrain - INFO - LR scheduler: total_steps_1=1422, warmup=412; total_steps_2=1422, warmup=412
2026-02-23 11:15:25,664 - lg_cotrain - INFO - Phase 1 done -> seeded Phase 2 trackers. lambda1: mean=0.4939, range=[0.0007, 0.9766]
2026-02-23 11:15:25,664 - lg_cotrain - INFO - Phase 1 done -> seeded Phase 2 trackers. lambda2: mean=0.4332, range=[0.0023, 0.9264]
2026-02-23 11:16:25,354 - lg_cotrain - INFO - Phase 2 epoch 1/14: loss1=0.6910, loss2=0.7988, dev_macro_f1=0.3693, dev_err=32.31%
2026-02-23 11:17:24,936 - lg_cotrain - INFO - Phase 2 epoch 2/14: loss1=0.0782, loss2=0.2819, dev_macro_f1=0.4568, dev_err=28.99%
2026-02-23 11:18:24,424 - lg_cotrain - INFO - Phase 2 epoch 3/14: loss1=0.0519, loss2=0.1855, dev_macro_f1=0.5188, dev_err=28.06%
2026-02-23 11:19:23,922 - lg_cotrain - INFO - Phase 2 epoch 4/14: loss1=0.0595, loss2=0.1685, dev_macro_f1=0.5276, dev_err=27.53%
2026-02-23 11:20:23,525 - lg_cotrain - INFO - Phase 2 epoch 5/14: loss1=0.0780, loss2=0.1908, dev_macro_f1=0.5528, dev_err=27.53%
2026-02-23 11:21:23,146 - lg_cotrain - INFO - Phase 2 epoch 6/14: loss1=0.0808, loss2=0.2151, dev_macro_f1=0.4770, dev_err=29.79%
2026-02-23 11:22:22,734 - lg_cotrain - INFO - Phase 2 epoch 7/14: loss1=0.1434, loss2=0.1881, dev_macro_f1=0.5332, dev_err=28.86%
2026-02-23 11:23:22,294 - lg_cotrain - INFO - Phase 2 epoch 8/14: loss1=0.0815, loss2=0.1056, dev_macro_f1=0.5395, dev_err=28.86%
2026-02-23 11:24:22,171 - lg_cotrain - INFO - Phase 2 epoch 9/14: loss1=0.0762, loss2=0.1108, dev_macro_f1=0.5321, dev_err=29.65%
2026-02-23 11:25:21,924 - lg_cotrain - INFO - Phase 2 epoch 10/14: loss1=0.0616, loss2=0.0658, dev_macro_f1=0.5446, dev_err=28.72%
2026-02-23 11:26:21,436 - lg_cotrain - INFO - Phase 2 epoch 11/14: loss1=0.0478, loss2=0.0376, dev_macro_f1=0.5666, dev_err=26.99%
2026-02-23 11:27:20,970 - lg_cotrain - INFO - Phase 2 epoch 12/14: loss1=0.0384, loss2=0.0360, dev_macro_f1=0.5709, dev_err=27.93%
2026-02-23 11:28:20,520 - lg_cotrain - INFO - Phase 2 epoch 13/14: loss1=0.0283, loss2=0.0220, dev_macro_f1=0.5448, dev_err=28.86%
2026-02-23 11:29:20,014 - lg_cotrain - INFO - Phase 2 epoch 14/14: loss1=0.0304, loss2=0.0126, dev_macro_f1=0.5754, dev_err=27.39%
2026-02-23 11:29:20,014 - lg_cotrain - INFO - === Phase 3: Fine-Tuning ===
2026-02-23 11:29:24,597 - lg_cotrain - INFO - Phase 3 epoch 1: dev_macro_f1=0.4911, dev_err=48.94%, es_counter1=0, es_counter2=0
2026-02-23 11:29:29,190 - lg_cotrain - INFO - Phase 3 epoch 2: dev_macro_f1=0.5148, dev_err=37.37%, es_counter1=0, es_counter2=0
2026-02-23 11:29:33,788 - lg_cotrain - INFO - Phase 3 epoch 3: dev_macro_f1=0.5651, dev_err=30.45%, es_counter1=0, es_counter2=0
2026-02-23 11:29:38,357 - lg_cotrain - INFO - Phase 3 epoch 4: dev_macro_f1=0.5522, dev_err=34.71%, es_counter1=1, es_counter2=1
2026-02-23 11:29:42,937 - lg_cotrain - INFO - Phase 3 epoch 5: dev_macro_f1=0.6000, dev_err=30.98%, es_counter1=0, es_counter2=0
2026-02-23 11:29:47,509 - lg_cotrain - INFO - Phase 3 epoch 6: dev_macro_f1=0.5729, dev_err=34.84%, es_counter1=1, es_counter2=1
2026-02-23 11:29:52,089 - lg_cotrain - INFO - Phase 3 epoch 7: dev_macro_f1=0.5991, dev_err=32.45%, es_counter1=2, es_counter2=2
2026-02-23 11:29:56,659 - lg_cotrain - INFO - Phase 3 epoch 8: dev_macro_f1=0.5861, dev_err=33.91%, es_counter1=3, es_counter2=3
2026-02-23 11:30:01,235 - lg_cotrain - INFO - Phase 3 epoch 9: dev_macro_f1=0.5679, dev_err=35.90%, es_counter1=4, es_counter2=4
2026-02-23 11:30:05,808 - lg_cotrain - INFO - Phase 3 epoch 10: dev_macro_f1=0.5817, dev_err=34.57%, es_counter1=5, es_counter2=5
2026-02-23 11:30:10,366 - lg_cotrain - INFO - Phase 3 epoch 11: dev_macro_f1=0.5796, dev_err=37.50%, es_counter1=6, es_counter2=6
2026-02-23 11:30:10,366 - lg_cotrain - INFO - Early stopping at epoch 11
2026-02-23 11:30:10,375 - lg_cotrain - INFO - === Final Evaluation ===
2026-02-23 11:30:17,373 - lg_cotrain - INFO - Results saved to C:\Users\anhtr\AppData\Local\Temp\tmp84d_xxob\california_wildfires_2018\50_set2\metrics.json
2026-02-23 11:30:17,373 - lg_cotrain - INFO - Test error rate: 30.60%, Test macro-F1: 0.6054, Test ECE: 0.0713
2026-02-23 11:30:17,385 - lg_cotrain - INFO - --- Trial 5/10 done: dev_macro_f1=0.6000 ---
2026-02-23 11:30:17,386 - lg_cotrain - INFO - --- Trial 6/10 ---
2026-02-23 11:30:17,977 - lg_cotrain - INFO - Starting LG-CoTrain: event=california_wildfires_2018, budget=50, seed_set=2
2026-02-23 11:30:18,007 - lg_cotrain - INFO - Detected 10 classes for event california_wildfires_2018: ['caution_and_advice', 'displaced_people_and_evacuations', 'infrastructure_and_utility_damage', 'injured_or_dead_people', 'missing_or_found_people', 'not_humanitarian', 'other_relevant_information', 'requests_or_urgent_needs', 'rescue_volunteering_or_donation_effort', 'sympathy_and_support']
2026-02-23 11:30:18,017 - lg_cotrain - INFO - D_l1: 250, D_l2: 250, D_LG: 4663
2026-02-23 11:30:18,018 - lg_cotrain - INFO - === Phase 1: Weight Generation ===
2026-02-23 11:30:41,066 - lg_cotrain - INFO - Phase 1 epoch 1/7: mean_prob1=0.1046, mean_prob2=0.1223
2026-02-23 11:31:03,083 - lg_cotrain - INFO - Phase 1 epoch 2/7: mean_prob1=0.1626, mean_prob2=0.1762
2026-02-23 11:31:25,067 - lg_cotrain - INFO - Phase 1 epoch 3/7: mean_prob1=0.2578, mean_prob2=0.2526
2026-02-23 11:31:47,136 - lg_cotrain - INFO - Phase 1 epoch 4/7: mean_prob1=0.3324, mean_prob2=0.3660
2026-02-23 11:32:09,025 - lg_cotrain - INFO - Phase 1 epoch 5/7: mean_prob1=0.4202, mean_prob2=0.4724
2026-02-23 11:32:30,853 - lg_cotrain - INFO - Phase 1 epoch 6/7: mean_prob1=0.4966, mean_prob2=0.4835
2026-02-23 11:32:52,814 - lg_cotrain - INFO - Phase 1 epoch 7/7: mean_prob1=0.5204, mean_prob2=0.5557
2026-02-23 11:32:52,815 - lg_cotrain - INFO - === Phase 2: Co-Training ===
2026-02-23 11:32:53,753 - lg_cotrain - INFO - LR scheduler: total_steps_1=13694, warmup=3543; total_steps_2=13694, warmup=3543
2026-02-23 11:32:53,754 - lg_cotrain - INFO - Phase 1 done -> seeded Phase 2 trackers. lambda1: mean=0.5204, range=[0.0022, 0.9587]
2026-02-23 11:32:53,754 - lg_cotrain - INFO - Phase 1 done -> seeded Phase 2 trackers. lambda2: mean=0.5557, range=[0.0014, 0.9673]
2026-02-23 11:34:18,147 - lg_cotrain - INFO - Phase 2 epoch 1/18: loss1=0.9320, loss2=0.8750, dev_macro_f1=0.3736, dev_err=33.64%
2026-02-23 11:35:42,252 - lg_cotrain - INFO - Phase 2 epoch 2/18: loss1=0.0992, loss2=0.3183, dev_macro_f1=0.4614, dev_err=29.92%
2026-02-23 11:37:07,128 - lg_cotrain - INFO - Phase 2 epoch 3/18: loss1=0.0550, loss2=0.1671, dev_macro_f1=0.5337, dev_err=27.93%
2026-02-23 11:38:31,972 - lg_cotrain - INFO - Phase 2 epoch 4/18: loss1=0.0442, loss2=0.1442, dev_macro_f1=0.5501, dev_err=27.79%
2026-02-23 11:39:56,583 - lg_cotrain - INFO - Phase 2 epoch 5/18: loss1=0.0461, loss2=0.1204, dev_macro_f1=0.5695, dev_err=27.13%
2026-02-23 11:41:21,121 - lg_cotrain - INFO - Phase 2 epoch 6/18: loss1=0.0441, loss2=0.0939, dev_macro_f1=0.5851, dev_err=25.53%
2026-02-23 11:42:45,694 - lg_cotrain - INFO - Phase 2 epoch 7/18: loss1=0.0416, loss2=0.0886, dev_macro_f1=0.5953, dev_err=26.33%
2026-02-23 11:44:10,235 - lg_cotrain - INFO - Phase 2 epoch 8/18: loss1=0.0333, loss2=0.0648, dev_macro_f1=0.5989, dev_err=26.60%
2026-02-23 11:45:34,711 - lg_cotrain - INFO - Phase 2 epoch 9/18: loss1=0.0180, loss2=0.0544, dev_macro_f1=0.5772, dev_err=27.66%
2026-02-23 11:46:59,308 - lg_cotrain - INFO - Phase 2 epoch 10/18: loss1=0.0179, loss2=0.0385, dev_macro_f1=0.5893, dev_err=27.39%
2026-02-23 11:48:23,870 - lg_cotrain - INFO - Phase 2 epoch 11/18: loss1=0.0176, loss2=0.0324, dev_macro_f1=0.6072, dev_err=26.86%
2026-02-23 11:49:48,227 - lg_cotrain - INFO - Phase 2 epoch 12/18: loss1=0.0310, loss2=0.0273, dev_macro_f1=0.5993, dev_err=26.99%
2026-02-23 11:51:12,468 - lg_cotrain - INFO - Phase 2 epoch 13/18: loss1=0.0122, loss2=0.0193, dev_macro_f1=0.6037, dev_err=26.33%
2026-02-23 11:52:36,570 - lg_cotrain - INFO - Phase 2 epoch 14/18: loss1=0.0105, loss2=0.0099, dev_macro_f1=0.5981, dev_err=26.86%
2026-02-23 11:54:00,480 - lg_cotrain - INFO - Phase 2 epoch 15/18: loss1=0.0098, loss2=0.0151, dev_macro_f1=0.5989, dev_err=26.99%
2026-02-23 11:55:25,087 - lg_cotrain - INFO - Phase 2 epoch 16/18: loss1=0.0081, loss2=0.0158, dev_macro_f1=0.5991, dev_err=27.26%
2026-02-23 11:56:49,805 - lg_cotrain - INFO - Phase 2 epoch 17/18: loss1=0.0066, loss2=0.0044, dev_macro_f1=0.6187, dev_err=26.20%
2026-02-23 11:58:14,328 - lg_cotrain - INFO - Phase 2 epoch 18/18: loss1=0.0070, loss2=0.0065, dev_macro_f1=0.6198, dev_err=25.93%
2026-02-23 11:58:14,328 - lg_cotrain - INFO - === Phase 3: Fine-Tuning ===
2026-02-23 11:58:20,622 - lg_cotrain - INFO - Phase 3 epoch 1: dev_macro_f1=0.5579, dev_err=36.70%, es_counter1=0, es_counter2=0
2026-02-23 11:58:26,905 - lg_cotrain - INFO - Phase 3 epoch 2: dev_macro_f1=0.6455, dev_err=27.79%, es_counter1=0, es_counter2=0
2026-02-23 11:58:33,174 - lg_cotrain - INFO - Phase 3 epoch 3: dev_macro_f1=0.6089, dev_err=30.98%, es_counter1=1, es_counter2=1
2026-02-23 11:58:39,438 - lg_cotrain - INFO - Phase 3 epoch 4: dev_macro_f1=0.6166, dev_err=30.45%, es_counter1=2, es_counter2=2
2026-02-23 11:58:45,706 - lg_cotrain - INFO - Phase 3 epoch 5: dev_macro_f1=0.6219, dev_err=30.19%, es_counter1=3, es_counter2=3
2026-02-23 11:58:51,989 - lg_cotrain - INFO - Phase 3 epoch 6: dev_macro_f1=0.6255, dev_err=30.19%, es_counter1=4, es_counter2=4
2026-02-23 11:58:58,266 - lg_cotrain - INFO - Phase 3 epoch 7: dev_macro_f1=0.6263, dev_err=30.19%, es_counter1=5, es_counter2=5
2026-02-23 11:59:04,536 - lg_cotrain - INFO - Phase 3 epoch 8: dev_macro_f1=0.6225, dev_err=30.85%, es_counter1=6, es_counter2=6
2026-02-23 11:59:10,789 - lg_cotrain - INFO - Phase 3 epoch 9: dev_macro_f1=0.6173, dev_err=30.98%, es_counter1=7, es_counter2=7
2026-02-23 11:59:17,063 - lg_cotrain - INFO - Phase 3 epoch 10: dev_macro_f1=0.6169, dev_err=30.72%, es_counter1=8, es_counter2=8
2026-02-23 11:59:23,341 - lg_cotrain - INFO - Phase 3 epoch 11: dev_macro_f1=0.6241, dev_err=29.92%, es_counter1=9, es_counter2=9
2026-02-23 11:59:29,607 - lg_cotrain - INFO - Phase 3 epoch 12: dev_macro_f1=0.6175, dev_err=30.85%, es_counter1=10, es_counter2=10
2026-02-23 11:59:29,608 - lg_cotrain - INFO - Early stopping at epoch 12
2026-02-23 11:59:29,618 - lg_cotrain - INFO - === Final Evaluation ===
2026-02-23 11:59:37,936 - lg_cotrain - INFO - Results saved to C:\Users\anhtr\AppData\Local\Temp\tmpforeuaw1\california_wildfires_2018\50_set2\metrics.json
2026-02-23 11:59:37,937 - lg_cotrain - INFO - Test error rate: 27.72%, Test macro-F1: 0.6532, Test ECE: 0.0473
2026-02-23 11:59:37,946 - lg_cotrain - INFO - --- Trial 6/10 done: dev_macro_f1=0.6455 ---
2026-02-23 11:59:37,947 - lg_cotrain - INFO - --- Trial 7/10 ---
2026-02-23 11:59:38,511 - lg_cotrain - INFO - Starting LG-CoTrain: event=california_wildfires_2018, budget=50, seed_set=2
2026-02-23 11:59:38,542 - lg_cotrain - INFO - Detected 10 classes for event california_wildfires_2018: ['caution_and_advice', 'displaced_people_and_evacuations', 'infrastructure_and_utility_damage', 'injured_or_dead_people', 'missing_or_found_people', 'not_humanitarian', 'other_relevant_information', 'requests_or_urgent_needs', 'rescue_volunteering_or_donation_effort', 'sympathy_and_support']
2026-02-23 11:59:38,549 - lg_cotrain - INFO - D_l1: 250, D_l2: 250, D_LG: 4663
2026-02-23 11:59:38,549 - lg_cotrain - INFO - === Phase 1: Weight Generation ===
2026-02-23 11:59:58,306 - lg_cotrain - INFO - Phase 1 epoch 1/7: mean_prob1=0.1045, mean_prob2=0.1113
2026-02-23 12:00:17,203 - lg_cotrain - INFO - Phase 1 epoch 2/7: mean_prob1=0.1324, mean_prob2=0.1409
2026-02-23 12:00:36,041 - lg_cotrain - INFO - Phase 1 epoch 3/7: mean_prob1=0.1798, mean_prob2=0.1865
2026-02-23 12:00:54,900 - lg_cotrain - INFO - Phase 1 epoch 4/7: mean_prob1=0.2372, mean_prob2=0.2366
2026-02-23 12:01:13,758 - lg_cotrain - INFO - Phase 1 epoch 5/7: mean_prob1=0.2926, mean_prob2=0.3056
2026-02-23 12:01:32,626 - lg_cotrain - INFO - Phase 1 epoch 6/7: mean_prob1=0.3632, mean_prob2=0.4019
2026-02-23 12:01:51,475 - lg_cotrain - INFO - Phase 1 epoch 7/7: mean_prob1=0.4517, mean_prob2=0.4342
2026-02-23 12:01:51,475 - lg_cotrain - INFO - === Phase 2: Co-Training ===
2026-02-23 12:01:52,570 - lg_cotrain - INFO - LR scheduler: total_steps_1=1968, warmup=115; total_steps_2=1968, warmup=115
2026-02-23 12:01:52,571 - lg_cotrain - INFO - Phase 1 done -> seeded Phase 2 trackers. lambda1: mean=0.4517, range=[0.0053, 0.8953]
2026-02-23 12:01:52,571 - lg_cotrain - INFO - Phase 1 done -> seeded Phase 2 trackers. lambda2: mean=0.4342, range=[0.0039, 0.9009]
2026-02-23 12:02:58,074 - lg_cotrain - INFO - Phase 2 epoch 1/8: loss1=0.5040, loss2=0.5054, dev_macro_f1=0.5342, dev_err=27.79%
2026-02-23 12:04:03,552 - lg_cotrain - INFO - Phase 2 epoch 2/8: loss1=0.0636, loss2=0.2052, dev_macro_f1=0.5787, dev_err=26.86%
2026-02-23 12:05:09,011 - lg_cotrain - INFO - Phase 2 epoch 3/8: loss1=0.0443, loss2=0.1544, dev_macro_f1=0.5765, dev_err=27.26%
2026-02-23 12:06:14,564 - lg_cotrain - INFO - Phase 2 epoch 4/8: loss1=0.0350, loss2=0.1037, dev_macro_f1=0.5913, dev_err=26.73%
2026-02-23 12:07:20,021 - lg_cotrain - INFO - Phase 2 epoch 5/8: loss1=0.0211, loss2=0.0689, dev_macro_f1=0.6067, dev_err=27.13%
2026-02-23 12:08:25,505 - lg_cotrain - INFO - Phase 2 epoch 6/8: loss1=0.0213, loss2=0.0440, dev_macro_f1=0.5931, dev_err=27.53%
2026-02-23 12:09:31,038 - lg_cotrain - INFO - Phase 2 epoch 7/8: loss1=0.0224, loss2=0.0355, dev_macro_f1=0.6091, dev_err=26.46%
2026-02-23 12:10:36,545 - lg_cotrain - INFO - Phase 2 epoch 8/8: loss1=0.0171, loss2=0.0182, dev_macro_f1=0.6054, dev_err=26.20%
2026-02-23 12:10:36,545 - lg_cotrain - INFO - === Phase 3: Fine-Tuning ===
2026-02-23 12:10:41,542 - lg_cotrain - INFO - Phase 3 epoch 1: dev_macro_f1=0.4851, dev_err=47.61%, es_counter1=0, es_counter2=0
2026-02-23 12:10:46,543 - lg_cotrain - INFO - Phase 3 epoch 2: dev_macro_f1=0.6492, dev_err=26.99%, es_counter1=0, es_counter2=0
2026-02-23 12:10:51,518 - lg_cotrain - INFO - Phase 3 epoch 3: dev_macro_f1=0.6478, dev_err=26.73%, es_counter1=1, es_counter2=1
2026-02-23 12:10:56,489 - lg_cotrain - INFO - Phase 3 epoch 4: dev_macro_f1=0.6425, dev_err=28.86%, es_counter1=2, es_counter2=2
2026-02-23 12:11:01,456 - lg_cotrain - INFO - Phase 3 epoch 5: dev_macro_f1=0.6409, dev_err=28.32%, es_counter1=3, es_counter2=3
2026-02-23 12:11:06,462 - lg_cotrain - INFO - Phase 3 epoch 6: dev_macro_f1=0.6542, dev_err=27.53%, es_counter1=0, es_counter2=0
2026-02-23 12:11:11,445 - lg_cotrain - INFO - Phase 3 epoch 7: dev_macro_f1=0.6553, dev_err=27.93%, es_counter1=0, es_counter2=0
2026-02-23 12:11:16,411 - lg_cotrain - INFO - Phase 3 epoch 8: dev_macro_f1=0.6526, dev_err=28.59%, es_counter1=1, es_counter2=1
2026-02-23 12:11:21,410 - lg_cotrain - INFO - Phase 3 epoch 9: dev_macro_f1=0.6610, dev_err=28.06%, es_counter1=0, es_counter2=0
2026-02-23 12:11:26,387 - lg_cotrain - INFO - Phase 3 epoch 10: dev_macro_f1=0.6590, dev_err=28.32%, es_counter1=1, es_counter2=1
2026-02-23 12:11:31,364 - lg_cotrain - INFO - Phase 3 epoch 11: dev_macro_f1=0.6534, dev_err=28.59%, es_counter1=2, es_counter2=2
2026-02-23 12:11:36,352 - lg_cotrain - INFO - Phase 3 epoch 12: dev_macro_f1=0.6514, dev_err=28.86%, es_counter1=3, es_counter2=3
2026-02-23 12:11:41,339 - lg_cotrain - INFO - Phase 3 epoch 13: dev_macro_f1=0.6515, dev_err=28.86%, es_counter1=4, es_counter2=4
2026-02-23 12:11:46,321 - lg_cotrain - INFO - Phase 3 epoch 14: dev_macro_f1=0.6549, dev_err=28.72%, es_counter1=5, es_counter2=5
2026-02-23 12:11:51,306 - lg_cotrain - INFO - Phase 3 epoch 15: dev_macro_f1=0.6518, dev_err=28.59%, es_counter1=6, es_counter2=6
2026-02-23 12:11:56,289 - lg_cotrain - INFO - Phase 3 epoch 16: dev_macro_f1=0.6572, dev_err=27.93%, es_counter1=7, es_counter2=7
2026-02-23 12:12:01,276 - lg_cotrain - INFO - Phase 3 epoch 17: dev_macro_f1=0.6581, dev_err=27.93%, es_counter1=8, es_counter2=8
2026-02-23 12:12:06,263 - lg_cotrain - INFO - Phase 3 epoch 18: dev_macro_f1=0.6566, dev_err=28.19%, es_counter1=9, es_counter2=9
2026-02-23 12:12:06,263 - lg_cotrain - INFO - Early stopping at epoch 18
2026-02-23 12:12:06,271 - lg_cotrain - INFO - === Final Evaluation ===
2026-02-23 12:12:13,685 - lg_cotrain - INFO - Results saved to C:\Users\anhtr\AppData\Local\Temp\tmpbxchwbs8\california_wildfires_2018\50_set2\metrics.json
2026-02-23 12:12:13,685 - lg_cotrain - INFO - Test error rate: 26.97%, Test macro-F1: 0.6617, Test ECE: 0.0996
2026-02-23 12:12:13,694 - lg_cotrain - INFO - --- Trial 7/10 done: dev_macro_f1=0.6610 ---
2026-02-23 12:12:13,694 - lg_cotrain - INFO - --- Trial 8/10 ---
2026-02-23 12:12:14,305 - lg_cotrain - INFO - Starting LG-CoTrain: event=california_wildfires_2018, budget=50, seed_set=2
2026-02-23 12:12:14,340 - lg_cotrain - INFO - Detected 10 classes for event california_wildfires_2018: ['caution_and_advice', 'displaced_people_and_evacuations', 'infrastructure_and_utility_damage', 'injured_or_dead_people', 'missing_or_found_people', 'not_humanitarian', 'other_relevant_information', 'requests_or_urgent_needs', 'rescue_volunteering_or_donation_effort', 'sympathy_and_support']
2026-02-23 12:12:14,350 - lg_cotrain - INFO - D_l1: 250, D_l2: 250, D_LG: 4663
2026-02-23 12:12:14,352 - lg_cotrain - INFO - === Phase 1: Weight Generation ===
2026-02-23 12:12:34,076 - lg_cotrain - INFO - Phase 1 epoch 1/7: mean_prob1=0.1044, mean_prob2=0.1386
2026-02-23 12:12:52,734 - lg_cotrain - INFO - Phase 1 epoch 2/7: mean_prob1=0.0678, mean_prob2=0.0978
2026-02-23 12:13:11,394 - lg_cotrain - INFO - Phase 1 epoch 3/7: mean_prob1=0.1202, mean_prob2=0.1047
2026-02-23 12:13:30,028 - lg_cotrain - INFO - Phase 1 epoch 4/7: mean_prob1=0.1011, mean_prob2=0.0977
2026-02-23 12:13:48,677 - lg_cotrain - INFO - Phase 1 epoch 5/7: mean_prob1=0.1062, mean_prob2=0.1007
2026-02-23 12:14:07,338 - lg_cotrain - INFO - Phase 1 epoch 6/7: mean_prob1=0.1031, mean_prob2=0.0969
2026-02-23 12:14:25,941 - lg_cotrain - INFO - Phase 1 epoch 7/7: mean_prob1=0.0919, mean_prob2=0.0985
2026-02-23 12:14:25,941 - lg_cotrain - INFO - === Phase 2: Co-Training ===
2026-02-23 12:14:26,881 - lg_cotrain - INFO - LR scheduler: total_steps_1=3136, warmup=595; total_steps_2=3136, warmup=595
2026-02-23 12:14:26,882 - lg_cotrain - INFO - Phase 1 done -> seeded Phase 2 trackers. lambda1: mean=0.0919, range=[0.0604, 0.1385]
2026-02-23 12:14:26,882 - lg_cotrain - INFO - Phase 1 done -> seeded Phase 2 trackers. lambda2: mean=0.0985, range=[0.0697, 0.1310]
2026-02-23 12:15:32,161 - lg_cotrain - INFO - Phase 2 epoch 1/16: loss1=0.1217, loss2=0.1167, dev_macro_f1=0.4508, dev_err=30.05%
2026-02-23 12:16:37,289 - lg_cotrain - INFO - Phase 2 epoch 2/16: loss1=0.0721, loss2=1.0739, dev_macro_f1=0.0419, dev_err=73.54%
2026-02-23 12:17:42,639 - lg_cotrain - INFO - Phase 2 epoch 3/16: loss1=0.0881, loss2=1.0066, dev_macro_f1=0.0419, dev_err=73.54%
2026-02-23 12:18:47,884 - lg_cotrain - INFO - Phase 2 epoch 4/16: loss1=0.0827, loss2=0.9065, dev_macro_f1=0.0302, dev_err=82.18%
2026-02-23 12:19:53,030 - lg_cotrain - INFO - Phase 2 epoch 5/16: loss1=0.0817, loss2=0.8400, dev_macro_f1=0.0302, dev_err=82.18%
2026-02-23 12:20:58,184 - lg_cotrain - INFO - Phase 2 epoch 6/16: loss1=0.0823, loss2=0.7885, dev_macro_f1=0.0302, dev_err=82.18%
2026-02-23 12:22:03,304 - lg_cotrain - INFO - Phase 2 epoch 7/16: loss1=0.0844, loss2=0.7502, dev_macro_f1=0.0302, dev_err=82.18%
2026-02-23 12:23:08,409 - lg_cotrain - INFO - Phase 2 epoch 8/16: loss1=0.0903, loss2=0.7167, dev_macro_f1=0.0302, dev_err=82.18%
2026-02-23 12:24:13,512 - lg_cotrain - INFO - Phase 2 epoch 9/16: loss1=0.0939, loss2=0.6901, dev_macro_f1=0.0419, dev_err=73.54%
2026-02-23 12:25:18,659 - lg_cotrain - INFO - Phase 2 epoch 10/16: loss1=0.0961, loss2=0.6685, dev_macro_f1=0.0302, dev_err=82.18%
2026-02-23 12:26:23,800 - lg_cotrain - INFO - Phase 2 epoch 11/16: loss1=0.0978, loss2=0.6490, dev_macro_f1=0.0419, dev_err=73.54%
2026-02-23 12:27:28,872 - lg_cotrain - INFO - Phase 2 epoch 12/16: loss1=0.1005, loss2=0.6329, dev_macro_f1=0.0419, dev_err=73.54%
2026-02-23 12:28:34,074 - lg_cotrain - INFO - Phase 2 epoch 13/16: loss1=0.0995, loss2=0.6202, dev_macro_f1=0.0419, dev_err=73.54%
2026-02-23 12:29:39,216 - lg_cotrain - INFO - Phase 2 epoch 14/16: loss1=0.1017, loss2=0.6064, dev_macro_f1=0.0302, dev_err=82.18%
2026-02-23 12:30:44,338 - lg_cotrain - INFO - Phase 2 epoch 15/16: loss1=0.1051, loss2=0.5940, dev_macro_f1=0.0302, dev_err=82.18%
2026-02-23 12:31:49,453 - lg_cotrain - INFO - Phase 2 epoch 16/16: loss1=0.1064, loss2=0.5816, dev_macro_f1=0.0302, dev_err=82.18%
2026-02-23 12:31:49,453 - lg_cotrain - INFO - === Phase 3: Fine-Tuning ===
2026-02-23 12:31:54,405 - lg_cotrain - INFO - Phase 3 epoch 1: dev_macro_f1=0.0021, dev_err=98.94%, es_counter1=0, es_counter2=0
2026-02-23 12:31:59,365 - lg_cotrain - INFO - Phase 3 epoch 2: dev_macro_f1=0.0321, dev_err=80.85%, es_counter1=0, es_counter2=0
2026-02-23 12:32:04,298 - lg_cotrain - INFO - Phase 3 epoch 3: dev_macro_f1=0.0108, dev_err=94.28%, es_counter1=1, es_counter2=1
2026-02-23 12:32:09,229 - lg_cotrain - INFO - Phase 3 epoch 4: dev_macro_f1=0.0037, dev_err=98.14%, es_counter1=2, es_counter2=2
2026-02-23 12:32:14,169 - lg_cotrain - INFO - Phase 3 epoch 5: dev_macro_f1=0.0302, dev_err=82.18%, es_counter1=3, es_counter2=3
2026-02-23 12:32:19,104 - lg_cotrain - INFO - Phase 3 epoch 6: dev_macro_f1=0.0037, dev_err=98.14%, es_counter1=4, es_counter2=4
2026-02-23 12:32:24,048 - lg_cotrain - INFO - Phase 3 epoch 7: dev_macro_f1=0.0120, dev_err=93.62%, es_counter1=5, es_counter2=5
2026-02-23 12:32:28,990 - lg_cotrain - INFO - Phase 3 epoch 8: dev_macro_f1=0.0037, dev_err=98.14%, es_counter1=6, es_counter2=6
2026-02-23 12:32:33,926 - lg_cotrain - INFO - Phase 3 epoch 9: dev_macro_f1=0.0021, dev_err=98.94%, es_counter1=7, es_counter2=7
2026-02-23 12:32:38,880 - lg_cotrain - INFO - Phase 3 epoch 10: dev_macro_f1=0.0247, dev_err=85.90%, es_counter1=8, es_counter2=8
2026-02-23 12:32:43,825 - lg_cotrain - INFO - Phase 3 epoch 11: dev_macro_f1=0.0021, dev_err=98.94%, es_counter1=9, es_counter2=9
2026-02-23 12:32:48,778 - lg_cotrain - INFO - Phase 3 epoch 12: dev_macro_f1=0.0419, dev_err=73.54%, es_counter1=0, es_counter2=0
2026-02-23 12:32:53,712 - lg_cotrain - INFO - Phase 3 epoch 13: dev_macro_f1=0.0096, dev_err=94.95%, es_counter1=1, es_counter2=1
2026-02-23 12:32:58,640 - lg_cotrain - INFO - Phase 3 epoch 14: dev_macro_f1=0.0037, dev_err=98.14%, es_counter1=2, es_counter2=2
2026-02-23 12:33:03,577 - lg_cotrain - INFO - Phase 3 epoch 15: dev_macro_f1=0.0021, dev_err=98.94%, es_counter1=3, es_counter2=3
2026-02-23 12:33:08,519 - lg_cotrain - INFO - Phase 3 epoch 16: dev_macro_f1=0.0120, dev_err=93.62%, es_counter1=4, es_counter2=4
2026-02-23 12:33:13,451 - lg_cotrain - INFO - Phase 3 epoch 17: dev_macro_f1=0.0302, dev_err=82.18%, es_counter1=5, es_counter2=5
2026-02-23 12:33:18,397 - lg_cotrain - INFO - Phase 3 epoch 18: dev_macro_f1=0.0047, dev_err=97.61%, es_counter1=6, es_counter2=6
2026-02-23 12:33:23,336 - lg_cotrain - INFO - Phase 3 epoch 19: dev_macro_f1=0.0037, dev_err=98.14%, es_counter1=7, es_counter2=7
2026-02-23 12:33:28,290 - lg_cotrain - INFO - Phase 3 epoch 20: dev_macro_f1=0.0302, dev_err=82.18%, es_counter1=8, es_counter2=8
2026-02-23 12:33:33,233 - lg_cotrain - INFO - Phase 3 epoch 21: dev_macro_f1=0.0047, dev_err=97.61%, es_counter1=9, es_counter2=9
2026-02-23 12:33:38,177 - lg_cotrain - INFO - Phase 3 epoch 22: dev_macro_f1=0.0419, dev_err=73.54%, es_counter1=10, es_counter2=10
2026-02-23 12:33:38,178 - lg_cotrain - INFO - Early stopping at epoch 22
2026-02-23 12:33:38,193 - lg_cotrain - INFO - === Final Evaluation ===
2026-02-23 12:33:45,478 - lg_cotrain - INFO - Results saved to C:\Users\anhtr\AppData\Local\Temp\tmp172jj0i8\california_wildfires_2018\50_set2\metrics.json
2026-02-23 12:33:45,478 - lg_cotrain - INFO - Test error rate: 73.65%, Test macro-F1: 0.0417, Test ECE: 0.1443
2026-02-23 12:33:45,490 - lg_cotrain - INFO - --- Trial 8/10 done: dev_macro_f1=0.0419 ---
2026-02-23 12:33:45,490 - lg_cotrain - INFO - --- Trial 9/10 ---
2026-02-23 12:33:46,061 - lg_cotrain - INFO - Starting LG-CoTrain: event=california_wildfires_2018, budget=50, seed_set=2
2026-02-23 12:33:46,125 - lg_cotrain - INFO - Detected 10 classes for event california_wildfires_2018: ['caution_and_advice', 'displaced_people_and_evacuations', 'infrastructure_and_utility_damage', 'injured_or_dead_people', 'missing_or_found_people', 'not_humanitarian', 'other_relevant_information', 'requests_or_urgent_needs', 'rescue_volunteering_or_donation_effort', 'sympathy_and_support']
2026-02-23 12:33:46,135 - lg_cotrain - INFO - D_l1: 250, D_l2: 250, D_LG: 4663
2026-02-23 12:33:46,137 - lg_cotrain - INFO - === Phase 1: Weight Generation ===
2026-02-23 12:34:06,901 - lg_cotrain - INFO - Phase 1 epoch 1/7: mean_prob1=0.1103, mean_prob2=0.0991
2026-02-23 12:34:26,709 - lg_cotrain - INFO - Phase 1 epoch 2/7: mean_prob1=0.1548, mean_prob2=0.1197
2026-02-23 12:34:46,569 - lg_cotrain - INFO - Phase 1 epoch 3/7: mean_prob1=0.2364, mean_prob2=0.2246
2026-02-23 12:35:06,411 - lg_cotrain - INFO - Phase 1 epoch 4/7: mean_prob1=0.2720, mean_prob2=0.3544
2026-02-23 12:35:26,311 - lg_cotrain - INFO - Phase 1 epoch 5/7: mean_prob1=0.3457, mean_prob2=0.4724
2026-02-23 12:35:46,217 - lg_cotrain - INFO - Phase 1 epoch 6/7: mean_prob1=0.4343, mean_prob2=0.4928
2026-02-23 12:36:05,996 - lg_cotrain - INFO - Phase 1 epoch 7/7: mean_prob1=0.5183, mean_prob2=0.5021
2026-02-23 12:36:05,997 - lg_cotrain - INFO - === Phase 2: Co-Training ===
2026-02-23 12:36:06,971 - lg_cotrain - INFO - LR scheduler: total_steps_1=4812, warmup=1007; total_steps_2=4812, warmup=1007
2026-02-23 12:36:06,972 - lg_cotrain - INFO - Phase 1 done -> seeded Phase 2 trackers. lambda1: mean=0.5183, range=[0.0006, 0.9542]
2026-02-23 12:36:06,972 - lg_cotrain - INFO - Phase 1 done -> seeded Phase 2 trackers. lambda2: mean=0.5021, range=[0.0005, 0.9851]
2026-02-23 12:37:19,098 - lg_cotrain - INFO - Phase 2 epoch 1/11: loss1=0.5549, loss2=0.5534, dev_macro_f1=0.5084, dev_err=28.59%
2026-02-23 12:38:30,792 - lg_cotrain - INFO - Phase 2 epoch 2/11: loss1=0.0903, loss2=0.2963, dev_macro_f1=0.4908, dev_err=31.52%
2026-02-23 12:39:42,502 - lg_cotrain - INFO - Phase 2 epoch 3/11: loss1=0.0857, loss2=0.2677, dev_macro_f1=0.5431, dev_err=28.46%
2026-02-23 12:40:54,314 - lg_cotrain - INFO - Phase 2 epoch 4/11: loss1=0.1762, loss2=0.3041, dev_macro_f1=0.5190, dev_err=30.45%
2026-02-23 12:42:06,381 - lg_cotrain - INFO - Phase 2 epoch 5/11: loss1=0.4515, loss2=0.3163, dev_macro_f1=0.4637, dev_err=31.12%
2026-02-23 12:43:18,450 - lg_cotrain - INFO - Phase 2 epoch 6/11: loss1=0.7775, loss2=0.1816, dev_macro_f1=0.5222, dev_err=31.52%
2026-02-23 12:44:30,478 - lg_cotrain - INFO - Phase 2 epoch 7/11: loss1=0.8694, loss2=0.1268, dev_macro_f1=0.5726, dev_err=28.59%
2026-02-23 12:45:42,385 - lg_cotrain - INFO - Phase 2 epoch 8/11: loss1=0.8364, loss2=0.0940, dev_macro_f1=0.5293, dev_err=30.72%
2026-02-23 12:46:54,322 - lg_cotrain - INFO - Phase 2 epoch 9/11: loss1=0.8709, loss2=0.0613, dev_macro_f1=0.6004, dev_err=27.26%
2026-02-23 12:48:06,210 - lg_cotrain - INFO - Phase 2 epoch 10/11: loss1=0.9595, loss2=0.0472, dev_macro_f1=0.5745, dev_err=28.32%
2026-02-23 12:49:21,033 - lg_cotrain - INFO - Phase 2 epoch 11/11: loss1=0.9899, loss2=0.0360, dev_macro_f1=0.5852, dev_err=28.99%
2026-02-23 12:49:21,033 - lg_cotrain - INFO - === Phase 3: Fine-Tuning ===
2026-02-23 12:49:27,123 - lg_cotrain - INFO - Phase 3 epoch 1: dev_macro_f1=0.5136, dev_err=40.16%, es_counter1=0, es_counter2=0
2026-02-23 12:49:33,195 - lg_cotrain - INFO - Phase 3 epoch 2: dev_macro_f1=0.5508, dev_err=35.90%, es_counter1=0, es_counter2=0
2026-02-23 12:49:39,251 - lg_cotrain - INFO - Phase 3 epoch 3: dev_macro_f1=0.5484, dev_err=36.84%, es_counter1=1, es_counter2=1
2026-02-23 12:49:45,288 - lg_cotrain - INFO - Phase 3 epoch 4: dev_macro_f1=0.5482, dev_err=37.23%, es_counter1=2, es_counter2=2
2026-02-23 12:49:51,311 - lg_cotrain - INFO - Phase 3 epoch 5: dev_macro_f1=0.4731, dev_err=41.22%, es_counter1=3, es_counter2=3
2026-02-23 12:49:57,423 - lg_cotrain - INFO - Phase 3 epoch 6: dev_macro_f1=0.5089, dev_err=42.95%, es_counter1=4, es_counter2=4
2026-02-23 12:50:03,669 - lg_cotrain - INFO - Phase 3 epoch 7: dev_macro_f1=0.5515, dev_err=36.97%, es_counter1=0, es_counter2=0
2026-02-23 12:50:09,802 - lg_cotrain - INFO - Phase 3 epoch 8: dev_macro_f1=0.5542, dev_err=36.84%, es_counter1=0, es_counter2=0
2026-02-23 12:50:15,534 - lg_cotrain - INFO - Phase 3 epoch 9: dev_macro_f1=0.5427, dev_err=37.90%, es_counter1=1, es_counter2=1
2026-02-23 12:50:21,868 - lg_cotrain - INFO - Phase 3 epoch 10: dev_macro_f1=0.5162, dev_err=40.43%, es_counter1=2, es_counter2=2
2026-02-23 12:50:28,187 - lg_cotrain - INFO - Phase 3 epoch 11: dev_macro_f1=0.5387, dev_err=38.83%, es_counter1=3, es_counter2=3
2026-02-23 12:50:34,326 - lg_cotrain - INFO - Phase 3 epoch 12: dev_macro_f1=0.5137, dev_err=38.83%, es_counter1=4, es_counter2=4
2026-02-23 12:50:40,539 - lg_cotrain - INFO - Phase 3 epoch 13: dev_macro_f1=0.5554, dev_err=36.44%, es_counter1=0, es_counter2=0
2026-02-23 12:50:46,694 - lg_cotrain - INFO - Phase 3 epoch 14: dev_macro_f1=0.5305, dev_err=38.56%, es_counter1=1, es_counter2=1
2026-02-23 12:50:52,841 - lg_cotrain - INFO - Phase 3 epoch 15: dev_macro_f1=0.5239, dev_err=38.70%, es_counter1=2, es_counter2=2
2026-02-23 12:50:58,516 - lg_cotrain - INFO - Phase 3 epoch 16: dev_macro_f1=0.5449, dev_err=36.70%, es_counter1=3, es_counter2=3
2026-02-23 12:51:04,216 - lg_cotrain - INFO - Phase 3 epoch 17: dev_macro_f1=0.5442, dev_err=36.70%, es_counter1=4, es_counter2=4
2026-02-23 12:51:09,899 - lg_cotrain - INFO - Phase 3 epoch 18: dev_macro_f1=0.5512, dev_err=36.04%, es_counter1=5, es_counter2=5
2026-02-23 12:51:15,585 - lg_cotrain - INFO - Phase 3 epoch 19: dev_macro_f1=0.5533, dev_err=35.90%, es_counter1=6, es_counter2=6
2026-02-23 12:51:21,313 - lg_cotrain - INFO - Phase 3 epoch 20: dev_macro_f1=0.5536, dev_err=35.90%, es_counter1=7, es_counter2=7
2026-02-23 12:51:27,440 - lg_cotrain - INFO - Phase 3 epoch 21: dev_macro_f1=0.5527, dev_err=35.77%, es_counter1=8, es_counter2=8
2026-02-23 12:51:33,772 - lg_cotrain - INFO - Phase 3 epoch 22: dev_macro_f1=0.5493, dev_err=36.17%, es_counter1=9, es_counter2=9
2026-02-23 12:51:33,772 - lg_cotrain - INFO - Early stopping at epoch 22
2026-02-23 12:51:33,785 - lg_cotrain - INFO - === Final Evaluation ===
2026-02-23 12:51:42,715 - lg_cotrain - INFO - Results saved to C:\Users\anhtr\AppData\Local\Temp\tmpq37s3v0g\california_wildfires_2018\50_set2\metrics.json
2026-02-23 12:51:42,715 - lg_cotrain - INFO - Test error rate: 33.33%, Test macro-F1: 0.5934, Test ECE: 0.1581
2026-02-23 12:51:42,728 - lg_cotrain - INFO - --- Trial 9/10 done: dev_macro_f1=0.5554 ---
2026-02-23 12:51:42,728 - lg_cotrain - INFO - --- Trial 10/10 ---
2026-02-23 12:51:43,294 - lg_cotrain - INFO - Starting LG-CoTrain: event=california_wildfires_2018, budget=50, seed_set=2
2026-02-23 12:51:43,326 - lg_cotrain - INFO - Detected 10 classes for event california_wildfires_2018: ['caution_and_advice', 'displaced_people_and_evacuations', 'infrastructure_and_utility_damage', 'injured_or_dead_people', 'missing_or_found_people', 'not_humanitarian', 'other_relevant_information', 'requests_or_urgent_needs', 'rescue_volunteering_or_donation_effort', 'sympathy_and_support']
2026-02-23 12:51:43,334 - lg_cotrain - INFO - D_l1: 250, D_l2: 250, D_LG: 4663
2026-02-23 12:51:43,334 - lg_cotrain - INFO - === Phase 1: Weight Generation ===
2026-02-23 12:52:06,859 - lg_cotrain - INFO - Phase 1 epoch 1/7: mean_prob1=0.1102, mean_prob2=0.1095
2026-02-23 12:52:29,420 - lg_cotrain - INFO - Phase 1 epoch 2/7: mean_prob1=0.1322, mean_prob2=0.1393
2026-02-23 12:52:52,295 - lg_cotrain - INFO - Phase 1 epoch 3/7: mean_prob1=0.1511, mean_prob2=0.1759
2026-02-23 12:53:15,272 - lg_cotrain - INFO - Phase 1 epoch 4/7: mean_prob1=0.1933, mean_prob2=0.2215
2026-02-23 12:53:37,840 - lg_cotrain - INFO - Phase 1 epoch 5/7: mean_prob1=0.2275, mean_prob2=0.2575
2026-02-23 12:54:00,433 - lg_cotrain - INFO - Phase 1 epoch 6/7: mean_prob1=0.2704, mean_prob2=0.3367
2026-02-23 12:54:23,061 - lg_cotrain - INFO - Phase 1 epoch 7/7: mean_prob1=0.3259, mean_prob2=0.4080
2026-02-23 12:54:23,061 - lg_cotrain - INFO - === Phase 2: Co-Training ===
2026-02-23 12:54:24,087 - lg_cotrain - INFO - LR scheduler: total_steps_1=5104, warmup=351; total_steps_2=5104, warmup=351
2026-02-23 12:54:24,087 - lg_cotrain - INFO - Phase 1 done -> seeded Phase 2 trackers. lambda1: mean=0.3259, range=[0.0063, 0.8455]
2026-02-23 12:54:24,087 - lg_cotrain - INFO - Phase 1 done -> seeded Phase 2 trackers. lambda2: mean=0.4080, range=[0.0047, 0.8906]
2026-02-23 12:55:45,696 - lg_cotrain - INFO - Phase 2 epoch 1/12: loss1=0.5012, loss2=0.4038, dev_macro_f1=0.4580, dev_err=33.38%
2026-02-23 12:57:05,871 - lg_cotrain - INFO - Phase 2 epoch 2/12: loss1=0.0677, loss2=0.1945, dev_macro_f1=0.5677, dev_err=28.59%
2026-02-23 12:58:26,179 - lg_cotrain - INFO - Phase 2 epoch 3/12: loss1=0.0356, loss2=0.1333, dev_macro_f1=0.5671, dev_err=27.66%
2026-02-23 12:59:45,813 - lg_cotrain - INFO - Phase 2 epoch 4/12: loss1=0.0319, loss2=0.0960, dev_macro_f1=0.5883, dev_err=27.13%
2026-02-23 13:01:05,698 - lg_cotrain - INFO - Phase 2 epoch 5/12: loss1=0.0272, loss2=0.0649, dev_macro_f1=0.5949, dev_err=26.73%
2026-02-23 13:02:25,745 - lg_cotrain - INFO - Phase 2 epoch 6/12: loss1=0.0205, loss2=0.0444, dev_macro_f1=0.6029, dev_err=25.93%
2026-02-23 13:03:45,073 - lg_cotrain - INFO - Phase 2 epoch 7/12: loss1=0.0140, loss2=0.0280, dev_macro_f1=0.5951, dev_err=26.46%
2026-02-23 13:05:04,661 - lg_cotrain - INFO - Phase 2 epoch 8/12: loss1=0.0146, loss2=0.0171, dev_macro_f1=0.6060, dev_err=25.93%
2026-02-23 13:06:22,348 - lg_cotrain - INFO - Phase 2 epoch 9/12: loss1=0.0182, loss2=0.0127, dev_macro_f1=0.6041, dev_err=26.73%
2026-02-23 13:07:36,389 - lg_cotrain - INFO - Phase 2 epoch 10/12: loss1=0.0147, loss2=0.0089, dev_macro_f1=0.6107, dev_err=26.06%
2026-02-23 13:08:50,281 - lg_cotrain - INFO - Phase 2 epoch 11/12: loss1=0.0089, loss2=0.0178, dev_macro_f1=0.6121, dev_err=26.20%
2026-02-23 13:10:04,717 - lg_cotrain - INFO - Phase 2 epoch 12/12: loss1=0.0090, loss2=0.0096, dev_macro_f1=0.6109, dev_err=26.60%
2026-02-23 13:10:04,717 - lg_cotrain - INFO - === Phase 3: Fine-Tuning ===
2026-02-23 13:10:10,270 - lg_cotrain - INFO - Phase 3 epoch 1: dev_macro_f1=0.4964, dev_err=49.47%, es_counter1=0, es_counter2=0
2026-02-23 13:10:16,260 - lg_cotrain - INFO - Phase 3 epoch 2: dev_macro_f1=0.6198, dev_err=28.46%, es_counter1=0, es_counter2=0
2026-02-23 13:10:22,265 - lg_cotrain - INFO - Phase 3 epoch 3: dev_macro_f1=0.6213, dev_err=29.65%, es_counter1=0, es_counter2=0
2026-02-23 13:10:28,299 - lg_cotrain - INFO - Phase 3 epoch 4: dev_macro_f1=0.6294, dev_err=29.12%, es_counter1=0, es_counter2=0
2026-02-23 13:10:33,941 - lg_cotrain - INFO - Phase 3 epoch 5: dev_macro_f1=0.6169, dev_err=30.59%, es_counter1=1, es_counter2=1
2026-02-23 13:10:39,776 - lg_cotrain - INFO - Phase 3 epoch 6: dev_macro_f1=0.6265, dev_err=29.92%, es_counter1=2, es_counter2=2
2026-02-23 13:10:45,768 - lg_cotrain - INFO - Phase 3 epoch 7: dev_macro_f1=0.6198, dev_err=30.19%, es_counter1=3, es_counter2=3
2026-02-23 13:10:51,739 - lg_cotrain - INFO - Phase 3 epoch 8: dev_macro_f1=0.6174, dev_err=30.19%, es_counter1=4, es_counter2=4
2026-02-23 13:10:57,685 - lg_cotrain - INFO - Phase 3 epoch 9: dev_macro_f1=0.6185, dev_err=30.19%, es_counter1=5, es_counter2=5
2026-02-23 13:11:03,284 - lg_cotrain - INFO - Phase 3 epoch 10: dev_macro_f1=0.6233, dev_err=29.52%, es_counter1=6, es_counter2=6
2026-02-23 13:11:03,284 - lg_cotrain - INFO - Early stopping at epoch 10
2026-02-23 13:11:03,294 - lg_cotrain - INFO - === Final Evaluation ===
2026-02-23 13:11:11,376 - lg_cotrain - INFO - Results saved to C:\Users\anhtr\AppData\Local\Temp\tmpz2bzvbkf\california_wildfires_2018\50_set2\metrics.json
2026-02-23 13:11:11,376 - lg_cotrain - INFO - Test error rate: 27.17%, Test macro-F1: 0.6625, Test ECE: 0.0831
2026-02-23 13:11:11,388 - lg_cotrain - INFO - --- Trial 10/10 done: dev_macro_f1=0.6294 ---
