2026-02-24 15:46:10,077 - lg_cotrain - INFO - === Optuna study: hurricane_dorian_2019 budget=25 seed=2 | target=10 trials, 0 replayed, 10 new ===
2026-02-24 15:46:10,077 - lg_cotrain - INFO - --- Trial 1/10 ---
2026-02-24 15:46:10,648 - lg_cotrain - INFO - Starting LG-CoTrain: event=hurricane_dorian_2019, budget=25, seed_set=2
2026-02-24 15:46:10,707 - lg_cotrain - INFO - Detected 9 classes for event hurricane_dorian_2019: ['caution_and_advice', 'displaced_people_and_evacuations', 'infrastructure_and_utility_damage', 'injured_or_dead_people', 'not_humanitarian', 'other_relevant_information', 'requests_or_urgent_needs', 'rescue_volunteering_or_donation_effort', 'sympathy_and_support']
2026-02-24 15:46:10,716 - lg_cotrain - INFO - D_l1: 117, D_l2: 108, D_LG: 5104
2026-02-24 15:46:10,718 - lg_cotrain - INFO - === Phase 1: Weight Generation ===
2026-02-24 15:46:30,463 - lg_cotrain - INFO - Phase 1 epoch 1/7: mean_prob1=0.1207, mean_prob2=0.1163
2026-02-24 15:46:49,046 - lg_cotrain - INFO - Phase 1 epoch 2/7: mean_prob1=0.1195, mean_prob2=0.1211
2026-02-24 15:47:07,685 - lg_cotrain - INFO - Phase 1 epoch 3/7: mean_prob1=0.1292, mean_prob2=0.1203
2026-02-24 15:47:26,495 - lg_cotrain - INFO - Phase 1 epoch 4/7: mean_prob1=0.1298, mean_prob2=0.1189
2026-02-24 15:47:45,097 - lg_cotrain - INFO - Phase 1 epoch 5/7: mean_prob1=0.1380, mean_prob2=0.1292
2026-02-24 15:48:03,701 - lg_cotrain - INFO - Phase 1 epoch 6/7: mean_prob1=0.1520, mean_prob2=0.1416
2026-02-24 15:48:22,316 - lg_cotrain - INFO - Phase 1 epoch 7/7: mean_prob1=0.1524, mean_prob2=0.1407
2026-02-24 15:48:22,316 - lg_cotrain - INFO - === Phase 2: Co-Training ===
2026-02-24 15:48:23,418 - lg_cotrain - INFO - LR scheduler: total_steps_1=4947, warmup=876; total_steps_2=4847, warmup=858
2026-02-24 15:48:23,420 - lg_cotrain - INFO - Phase 1 done -> seeded Phase 2 trackers. lambda1: mean=0.1524, range=[0.0298, 0.3900]
2026-02-24 15:48:23,420 - lg_cotrain - INFO - Phase 1 done -> seeded Phase 2 trackers. lambda2: mean=0.1407, range=[0.0221, 0.4062]
2026-02-24 15:49:35,237 - lg_cotrain - INFO - Phase 2 epoch 1/13: loss1=0.2584, loss2=0.2965, dev_macro_f1=0.3556, dev_err=48.45%
2026-02-24 15:50:47,228 - lg_cotrain - INFO - Phase 2 epoch 2/13: loss1=0.0968, loss2=0.2009, dev_macro_f1=0.4482, dev_err=40.72%
2026-02-24 15:51:59,203 - lg_cotrain - INFO - Phase 2 epoch 3/13: loss1=0.0369, loss2=0.1636, dev_macro_f1=0.4541, dev_err=39.82%
2026-02-24 15:53:11,516 - lg_cotrain - INFO - Phase 2 epoch 4/13: loss1=0.0267, loss2=0.1148, dev_macro_f1=0.4535, dev_err=40.08%
2026-02-24 15:54:25,228 - lg_cotrain - INFO - Phase 2 epoch 5/13: loss1=0.0201, loss2=0.0786, dev_macro_f1=0.4696, dev_err=37.89%
2026-02-24 15:55:43,418 - lg_cotrain - INFO - Phase 2 epoch 6/13: loss1=0.0150, loss2=0.0457, dev_macro_f1=0.4564, dev_err=39.95%
2026-02-24 15:57:01,219 - lg_cotrain - INFO - Phase 2 epoch 7/13: loss1=0.0130, loss2=0.0308, dev_macro_f1=0.4549, dev_err=40.34%
2026-02-24 15:58:13,855 - lg_cotrain - INFO - Phase 2 epoch 8/13: loss1=0.0077, loss2=0.0266, dev_macro_f1=0.4577, dev_err=39.82%
2026-02-24 15:59:26,021 - lg_cotrain - INFO - Phase 2 epoch 9/13: loss1=0.0060, loss2=0.0155, dev_macro_f1=0.4693, dev_err=39.18%
2026-02-24 16:00:38,653 - lg_cotrain - INFO - Phase 2 epoch 10/13: loss1=0.0073, loss2=0.0130, dev_macro_f1=0.4635, dev_err=39.82%
2026-02-24 16:01:51,895 - lg_cotrain - INFO - Phase 2 epoch 11/13: loss1=0.0063, loss2=0.0127, dev_macro_f1=0.4649, dev_err=39.82%
2026-02-24 16:03:04,167 - lg_cotrain - INFO - Phase 2 epoch 12/13: loss1=0.0058, loss2=0.0093, dev_macro_f1=0.4746, dev_err=39.05%
2026-02-24 16:04:16,149 - lg_cotrain - INFO - Phase 2 epoch 13/13: loss1=0.0050, loss2=0.0085, dev_macro_f1=0.4713, dev_err=39.30%
2026-02-24 16:04:16,150 - lg_cotrain - INFO - === Phase 3: Fine-Tuning ===
2026-02-24 16:04:19,828 - lg_cotrain - INFO - Phase 3 epoch 1: dev_macro_f1=0.5335, dev_err=39.18%, es_counter1=0, es_counter2=0
2026-02-24 16:04:23,500 - lg_cotrain - INFO - Phase 3 epoch 2: dev_macro_f1=0.5741, dev_err=38.40%, es_counter1=0, es_counter2=0
2026-02-24 16:04:27,173 - lg_cotrain - INFO - Phase 3 epoch 3: dev_macro_f1=0.5743, dev_err=37.76%, es_counter1=0, es_counter2=0
2026-02-24 16:04:30,832 - lg_cotrain - INFO - Phase 3 epoch 4: dev_macro_f1=0.5675, dev_err=37.89%, es_counter1=1, es_counter2=1
2026-02-24 16:04:34,482 - lg_cotrain - INFO - Phase 3 epoch 5: dev_macro_f1=0.5677, dev_err=37.50%, es_counter1=2, es_counter2=2
2026-02-24 16:04:38,125 - lg_cotrain - INFO - Phase 3 epoch 6: dev_macro_f1=0.5651, dev_err=38.40%, es_counter1=3, es_counter2=3
2026-02-24 16:04:41,768 - lg_cotrain - INFO - Phase 3 epoch 7: dev_macro_f1=0.5693, dev_err=38.27%, es_counter1=4, es_counter2=4
2026-02-24 16:04:41,769 - lg_cotrain - INFO - Early stopping at epoch 7
2026-02-24 16:04:41,778 - lg_cotrain - INFO - === Final Evaluation ===
2026-02-24 16:04:49,149 - lg_cotrain - INFO - Results saved to C:\Users\anhtr\AppData\Local\Temp\tmp0i3pslxg\hurricane_dorian_2019\25_set2\metrics.json
2026-02-24 16:04:49,150 - lg_cotrain - INFO - Test error rate: 37.47%, Test macro-F1: 0.5728, Test ECE: 0.1659
2026-02-24 16:04:49,161 - lg_cotrain - INFO - --- Trial 1/10 done: dev_macro_f1=0.5743 ---
2026-02-24 16:04:49,161 - lg_cotrain - INFO - --- Trial 2/10 ---
2026-02-24 16:04:49,747 - lg_cotrain - INFO - Starting LG-CoTrain: event=hurricane_dorian_2019, budget=25, seed_set=2
2026-02-24 16:04:49,779 - lg_cotrain - INFO - Detected 9 classes for event hurricane_dorian_2019: ['caution_and_advice', 'displaced_people_and_evacuations', 'infrastructure_and_utility_damage', 'injured_or_dead_people', 'not_humanitarian', 'other_relevant_information', 'requests_or_urgent_needs', 'rescue_volunteering_or_donation_effort', 'sympathy_and_support']
2026-02-24 16:04:49,786 - lg_cotrain - INFO - D_l1: 117, D_l2: 108, D_LG: 5104
2026-02-24 16:04:49,787 - lg_cotrain - INFO - === Phase 1: Weight Generation ===
2026-02-24 16:05:11,262 - lg_cotrain - INFO - Phase 1 epoch 1/7: mean_prob1=0.1169, mean_prob2=0.1045
2026-02-24 16:05:31,382 - lg_cotrain - INFO - Phase 1 epoch 2/7: mean_prob1=0.1114, mean_prob2=0.0989
2026-02-24 16:05:51,483 - lg_cotrain - INFO - Phase 1 epoch 3/7: mean_prob1=0.1074, mean_prob2=0.1089
2026-02-24 16:06:11,572 - lg_cotrain - INFO - Phase 1 epoch 4/7: mean_prob1=0.1141, mean_prob2=0.1147
2026-02-24 16:06:31,821 - lg_cotrain - INFO - Phase 1 epoch 5/7: mean_prob1=0.1126, mean_prob2=0.1063
2026-02-24 16:06:52,026 - lg_cotrain - INFO - Phase 1 epoch 6/7: mean_prob1=0.1121, mean_prob2=0.1164
2026-02-24 16:07:12,203 - lg_cotrain - INFO - Phase 1 epoch 7/7: mean_prob1=0.1138, mean_prob2=0.1077
2026-02-24 16:07:12,203 - lg_cotrain - INFO - === Phase 2: Co-Training ===
2026-02-24 16:07:13,313 - lg_cotrain - INFO - LR scheduler: total_steps_1=11070, warmup=3202; total_steps_2=10970, warmup=3173
2026-02-24 16:07:13,313 - lg_cotrain - INFO - Phase 1 done -> seeded Phase 2 trackers. lambda1: mean=0.1138, range=[0.0923, 0.1280]
2026-02-24 16:07:13,315 - lg_cotrain - INFO - Phase 1 done -> seeded Phase 2 trackers. lambda2: mean=0.1077, range=[0.0933, 0.1410]
2026-02-24 16:08:37,011 - lg_cotrain - INFO - Phase 2 epoch 1/15: loss1=0.1281, loss2=0.1393, dev_macro_f1=0.4396, dev_err=41.75%
2026-02-24 16:10:02,513 - lg_cotrain - INFO - Phase 2 epoch 2/15: loss1=0.0626, loss2=0.3971, dev_macro_f1=0.4436, dev_err=41.37%
2026-02-24 16:11:27,224 - lg_cotrain - INFO - Phase 2 epoch 3/15: loss1=0.2078, loss2=0.4743, dev_macro_f1=0.4075, dev_err=44.85%
2026-02-24 16:12:53,319 - lg_cotrain - INFO - Phase 2 epoch 4/15: loss1=0.3277, loss2=1.3432, dev_macro_f1=0.1244, dev_err=72.16%
2026-02-24 16:14:22,959 - lg_cotrain - INFO - Phase 2 epoch 5/15: loss1=0.2061, loss2=1.2631, dev_macro_f1=0.1255, dev_err=71.91%
2026-02-24 16:15:54,077 - lg_cotrain - INFO - Phase 2 epoch 6/15: loss1=0.1433, loss2=1.1892, dev_macro_f1=0.1262, dev_err=71.78%
2026-02-24 16:17:18,455 - lg_cotrain - INFO - Phase 2 epoch 7/15: loss1=0.1052, loss2=1.1313, dev_macro_f1=0.1265, dev_err=71.52%
2026-02-24 16:18:42,616 - lg_cotrain - INFO - Phase 2 epoch 8/15: loss1=0.0828, loss2=1.0866, dev_macro_f1=0.1199, dev_err=72.94%
2026-02-24 16:20:06,132 - lg_cotrain - INFO - Phase 2 epoch 9/15: loss1=0.0662, loss2=1.0499, dev_macro_f1=0.1057, dev_err=72.81%
2026-02-24 16:21:29,535 - lg_cotrain - INFO - Phase 2 epoch 10/15: loss1=0.0569, loss2=1.0190, dev_macro_f1=0.0971, dev_err=72.29%
2026-02-24 16:22:52,902 - lg_cotrain - INFO - Phase 2 epoch 11/15: loss1=0.0577, loss2=0.9905, dev_macro_f1=0.0340, dev_err=81.96%
2026-02-24 16:24:16,291 - lg_cotrain - INFO - Phase 2 epoch 12/15: loss1=0.0573, loss2=0.9622, dev_macro_f1=0.0340, dev_err=81.96%
2026-02-24 16:25:39,662 - lg_cotrain - INFO - Phase 2 epoch 13/15: loss1=0.0569, loss2=0.9353, dev_macro_f1=0.0340, dev_err=81.96%
2026-02-24 16:27:03,204 - lg_cotrain - INFO - Phase 2 epoch 14/15: loss1=0.0573, loss2=0.9127, dev_macro_f1=0.0340, dev_err=81.96%
2026-02-24 16:28:27,043 - lg_cotrain - INFO - Phase 2 epoch 15/15: loss1=0.0577, loss2=0.8920, dev_macro_f1=0.0340, dev_err=81.96%
2026-02-24 16:28:27,043 - lg_cotrain - INFO - === Phase 3: Fine-Tuning ===
2026-02-24 16:28:31,122 - lg_cotrain - INFO - Phase 3 epoch 1: dev_macro_f1=0.0256, dev_err=86.98%, es_counter1=0, es_counter2=0
2026-02-24 16:28:35,268 - lg_cotrain - INFO - Phase 3 epoch 2: dev_macro_f1=0.0340, dev_err=81.96%, es_counter1=0, es_counter2=0
2026-02-24 16:28:39,602 - lg_cotrain - INFO - Phase 3 epoch 3: dev_macro_f1=0.0017, dev_err=99.23%, es_counter1=1, es_counter2=1
2026-02-24 16:28:43,839 - lg_cotrain - INFO - Phase 3 epoch 4: dev_macro_f1=0.0256, dev_err=86.98%, es_counter1=2, es_counter2=2
2026-02-24 16:28:48,142 - lg_cotrain - INFO - Phase 3 epoch 5: dev_macro_f1=0.0340, dev_err=81.96%, es_counter1=3, es_counter2=3
2026-02-24 16:28:52,164 - lg_cotrain - INFO - Phase 3 epoch 6: dev_macro_f1=0.0017, dev_err=99.23%, es_counter1=4, es_counter2=4
2026-02-24 16:28:56,197 - lg_cotrain - INFO - Phase 3 epoch 7: dev_macro_f1=0.0229, dev_err=88.53%, es_counter1=5, es_counter2=5
2026-02-24 16:29:00,260 - lg_cotrain - INFO - Phase 3 epoch 8: dev_macro_f1=0.0276, dev_err=85.82%, es_counter1=6, es_counter2=6
2026-02-24 16:29:04,290 - lg_cotrain - INFO - Phase 3 epoch 9: dev_macro_f1=0.0276, dev_err=85.82%, es_counter1=7, es_counter2=7
2026-02-24 16:29:08,328 - lg_cotrain - INFO - Phase 3 epoch 10: dev_macro_f1=0.0256, dev_err=86.98%, es_counter1=8, es_counter2=8
2026-02-24 16:29:12,363 - lg_cotrain - INFO - Phase 3 epoch 11: dev_macro_f1=0.0229, dev_err=88.53%, es_counter1=9, es_counter2=9
2026-02-24 16:29:16,388 - lg_cotrain - INFO - Phase 3 epoch 12: dev_macro_f1=0.0340, dev_err=81.96%, es_counter1=10, es_counter2=10
2026-02-24 16:29:16,389 - lg_cotrain - INFO - Early stopping at epoch 12
2026-02-24 16:29:16,398 - lg_cotrain - INFO - === Final Evaluation ===
2026-02-24 16:29:24,353 - lg_cotrain - INFO - Results saved to C:\Users\anhtr\AppData\Local\Temp\tmpuet_p33u\hurricane_dorian_2019\25_set2\metrics.json
2026-02-24 16:29:24,353 - lg_cotrain - INFO - Test error rate: 82.03%, Test macro-F1: 0.0339, Test ECE: 0.0366
2026-02-24 16:29:24,362 - lg_cotrain - INFO - --- Trial 2/10 done: dev_macro_f1=0.0340 ---
2026-02-24 16:29:24,362 - lg_cotrain - INFO - --- Trial 3/10 ---
2026-02-24 16:29:24,947 - lg_cotrain - INFO - Starting LG-CoTrain: event=hurricane_dorian_2019, budget=25, seed_set=2
2026-02-24 16:29:24,979 - lg_cotrain - INFO - Detected 9 classes for event hurricane_dorian_2019: ['caution_and_advice', 'displaced_people_and_evacuations', 'infrastructure_and_utility_damage', 'injured_or_dead_people', 'not_humanitarian', 'other_relevant_information', 'requests_or_urgent_needs', 'rescue_volunteering_or_donation_effort', 'sympathy_and_support']
2026-02-24 16:29:24,987 - lg_cotrain - INFO - D_l1: 117, D_l2: 108, D_LG: 5104
2026-02-24 16:29:24,989 - lg_cotrain - INFO - === Phase 1: Weight Generation ===
2026-02-24 16:29:46,862 - lg_cotrain - INFO - Phase 1 epoch 1/7: mean_prob1=0.1151, mean_prob2=0.0950
2026-02-24 16:30:07,257 - lg_cotrain - INFO - Phase 1 epoch 2/7: mean_prob1=0.1055, mean_prob2=0.1047
2026-02-24 16:30:27,465 - lg_cotrain - INFO - Phase 1 epoch 3/7: mean_prob1=0.1121, mean_prob2=0.1155
2026-02-24 16:30:47,813 - lg_cotrain - INFO - Phase 1 epoch 4/7: mean_prob1=0.1089, mean_prob2=0.1156
2026-02-24 16:31:08,355 - lg_cotrain - INFO - Phase 1 epoch 5/7: mean_prob1=0.1126, mean_prob2=0.1080
2026-02-24 16:31:28,730 - lg_cotrain - INFO - Phase 1 epoch 6/7: mean_prob1=0.1144, mean_prob2=0.1242
2026-02-24 16:31:49,325 - lg_cotrain - INFO - Phase 1 epoch 7/7: mean_prob1=0.1120, mean_prob2=0.1018
2026-02-24 16:31:49,325 - lg_cotrain - INFO - === Phase 2: Co-Training ===
2026-02-24 16:31:50,613 - lg_cotrain - INFO - LR scheduler: total_steps_1=12984, warmup=595; total_steps_2=12884, warmup=591
2026-02-24 16:31:50,614 - lg_cotrain - INFO - Phase 1 done -> seeded Phase 2 trackers. lambda1: mean=0.1120, range=[0.0996, 0.1288]
2026-02-24 16:31:50,614 - lg_cotrain - INFO - Phase 1 done -> seeded Phase 2 trackers. lambda2: mean=0.1018, range=[0.0754, 0.1415]
2026-02-24 16:33:15,744 - lg_cotrain - INFO - Phase 2 epoch 1/18: loss1=0.1447, loss2=0.1633, dev_macro_f1=0.0272, dev_err=86.86%
2026-02-24 16:34:39,638 - lg_cotrain - INFO - Phase 2 epoch 2/18: loss1=0.1512, loss2=0.3142, dev_macro_f1=0.0340, dev_err=81.96%
2026-02-24 16:36:03,410 - lg_cotrain - INFO - Phase 2 epoch 3/18: loss1=0.1689, loss2=0.3314, dev_macro_f1=0.0340, dev_err=81.96%
2026-02-24 16:37:27,099 - lg_cotrain - INFO - Phase 2 epoch 4/18: loss1=0.1678, loss2=0.3454, dev_macro_f1=0.0340, dev_err=81.96%
2026-02-24 16:38:50,839 - lg_cotrain - INFO - Phase 2 epoch 5/18: loss1=0.1714, loss2=0.3495, dev_macro_f1=0.0340, dev_err=81.96%
2026-02-24 16:40:14,594 - lg_cotrain - INFO - Phase 2 epoch 6/18: loss1=0.1679, loss2=0.3541, dev_macro_f1=0.0340, dev_err=81.96%
2026-02-24 16:41:38,420 - lg_cotrain - INFO - Phase 2 epoch 7/18: loss1=0.1652, loss2=0.3547, dev_macro_f1=0.0340, dev_err=81.96%
2026-02-24 16:43:02,153 - lg_cotrain - INFO - Phase 2 epoch 8/18: loss1=0.1687, loss2=0.3555, dev_macro_f1=0.0340, dev_err=81.96%
2026-02-24 16:44:32,429 - lg_cotrain - INFO - Phase 2 epoch 9/18: loss1=0.1696, loss2=0.3484, dev_macro_f1=0.0667, dev_err=80.15%
2026-02-24 16:45:58,286 - lg_cotrain - INFO - Phase 2 epoch 10/18: loss1=0.1626, loss2=0.3448, dev_macro_f1=0.0667, dev_err=80.15%
2026-02-24 16:47:22,641 - lg_cotrain - INFO - Phase 2 epoch 11/18: loss1=0.1657, loss2=0.3455, dev_macro_f1=0.0667, dev_err=80.15%
2026-02-24 16:48:49,011 - lg_cotrain - INFO - Phase 2 epoch 12/18: loss1=0.1682, loss2=0.3447, dev_macro_f1=0.0340, dev_err=81.96%
2026-02-24 16:50:13,780 - lg_cotrain - INFO - Phase 2 epoch 13/18: loss1=0.1708, loss2=0.3422, dev_macro_f1=0.0667, dev_err=80.15%
2026-02-24 16:51:39,077 - lg_cotrain - INFO - Phase 2 epoch 14/18: loss1=0.1709, loss2=0.3393, dev_macro_f1=0.0667, dev_err=80.15%
2026-02-24 16:53:07,839 - lg_cotrain - INFO - Phase 2 epoch 15/18: loss1=0.1735, loss2=0.3380, dev_macro_f1=0.0667, dev_err=80.15%
2026-02-24 16:54:37,024 - lg_cotrain - INFO - Phase 2 epoch 16/18: loss1=0.1732, loss2=0.3372, dev_macro_f1=0.0667, dev_err=80.15%
2026-02-24 16:56:06,977 - lg_cotrain - INFO - Phase 2 epoch 17/18: loss1=0.1756, loss2=0.3343, dev_macro_f1=0.0667, dev_err=80.15%
2026-02-24 16:57:38,808 - lg_cotrain - INFO - Phase 2 epoch 18/18: loss1=0.1777, loss2=0.3334, dev_macro_f1=0.0667, dev_err=80.15%
2026-02-24 16:57:38,808 - lg_cotrain - INFO - === Phase 3: Fine-Tuning ===
2026-02-24 16:57:43,497 - lg_cotrain - INFO - Phase 3 epoch 1: dev_macro_f1=0.0017, dev_err=99.23%, es_counter1=0, es_counter2=0
2026-02-24 16:57:48,204 - lg_cotrain - INFO - Phase 3 epoch 2: dev_macro_f1=0.0229, dev_err=88.53%, es_counter1=0, es_counter2=0
2026-02-24 16:57:52,834 - lg_cotrain - INFO - Phase 3 epoch 3: dev_macro_f1=0.0229, dev_err=88.53%, es_counter1=1, es_counter2=1
2026-02-24 16:57:57,485 - lg_cotrain - INFO - Phase 3 epoch 4: dev_macro_f1=0.0229, dev_err=88.53%, es_counter1=2, es_counter2=2
2026-02-24 16:58:02,172 - lg_cotrain - INFO - Phase 3 epoch 5: dev_macro_f1=0.0229, dev_err=88.53%, es_counter1=3, es_counter2=3
2026-02-24 16:58:06,925 - lg_cotrain - INFO - Phase 3 epoch 6: dev_macro_f1=0.0229, dev_err=88.53%, es_counter1=4, es_counter2=4
2026-02-24 16:58:11,605 - lg_cotrain - INFO - Phase 3 epoch 7: dev_macro_f1=0.0229, dev_err=88.53%, es_counter1=5, es_counter2=5
2026-02-24 16:58:16,335 - lg_cotrain - INFO - Phase 3 epoch 8: dev_macro_f1=0.0229, dev_err=88.53%, es_counter1=6, es_counter2=6
2026-02-24 16:58:20,987 - lg_cotrain - INFO - Phase 3 epoch 9: dev_macro_f1=0.0229, dev_err=88.53%, es_counter1=7, es_counter2=7
2026-02-24 16:58:25,629 - lg_cotrain - INFO - Phase 3 epoch 10: dev_macro_f1=0.0229, dev_err=88.53%, es_counter1=8, es_counter2=8
2026-02-24 16:58:30,271 - lg_cotrain - INFO - Phase 3 epoch 11: dev_macro_f1=0.0212, dev_err=89.43%, es_counter1=9, es_counter2=9
2026-02-24 16:58:34,904 - lg_cotrain - INFO - Phase 3 epoch 12: dev_macro_f1=0.0212, dev_err=89.43%, es_counter1=10, es_counter2=10
2026-02-24 16:58:34,905 - lg_cotrain - INFO - Early stopping at epoch 12
2026-02-24 16:58:34,915 - lg_cotrain - INFO - === Final Evaluation ===
2026-02-24 16:58:43,803 - lg_cotrain - INFO - Results saved to C:\Users\anhtr\AppData\Local\Temp\tmp88aedvq4\hurricane_dorian_2019\25_set2\metrics.json
2026-02-24 16:58:43,803 - lg_cotrain - INFO - Test error rate: 88.53%, Test macro-F1: 0.0229, Test ECE: 0.1009
2026-02-24 16:58:43,813 - lg_cotrain - INFO - --- Trial 3/10 done: dev_macro_f1=0.0229 ---
2026-02-24 16:58:43,813 - lg_cotrain - INFO - --- Trial 4/10 ---
2026-02-24 16:58:44,408 - lg_cotrain - INFO - Starting LG-CoTrain: event=hurricane_dorian_2019, budget=25, seed_set=2
2026-02-24 16:58:44,448 - lg_cotrain - INFO - Detected 9 classes for event hurricane_dorian_2019: ['caution_and_advice', 'displaced_people_and_evacuations', 'infrastructure_and_utility_damage', 'injured_or_dead_people', 'not_humanitarian', 'other_relevant_information', 'requests_or_urgent_needs', 'rescue_volunteering_or_donation_effort', 'sympathy_and_support']
2026-02-24 16:58:44,455 - lg_cotrain - INFO - D_l1: 117, D_l2: 108, D_LG: 5104
2026-02-24 16:58:44,458 - lg_cotrain - INFO - === Phase 1: Weight Generation ===
2026-02-24 16:59:06,086 - lg_cotrain - INFO - Phase 1 epoch 1/7: mean_prob1=0.1162, mean_prob2=0.1013
2026-02-24 16:59:24,748 - lg_cotrain - INFO - Phase 1 epoch 2/7: mean_prob1=0.1041, mean_prob2=0.1251
2026-02-24 16:59:43,225 - lg_cotrain - INFO - Phase 1 epoch 3/7: mean_prob1=0.0953, mean_prob2=0.1072
2026-02-24 17:00:01,823 - lg_cotrain - INFO - Phase 1 epoch 4/7: mean_prob1=0.1169, mean_prob2=0.1144
2026-02-24 17:00:20,169 - lg_cotrain - INFO - Phase 1 epoch 5/7: mean_prob1=0.1133, mean_prob2=0.1223
2026-02-24 17:00:38,549 - lg_cotrain - INFO - Phase 1 epoch 6/7: mean_prob1=0.1142, mean_prob2=0.1130
2026-02-24 17:00:57,191 - lg_cotrain - INFO - Phase 1 epoch 7/7: mean_prob1=0.1088, mean_prob2=0.1019
2026-02-24 17:00:57,191 - lg_cotrain - INFO - === Phase 2: Co-Training ===
2026-02-24 17:00:58,311 - lg_cotrain - INFO - LR scheduler: total_steps_1=5904, warmup=792; total_steps_2=5804, warmup=778
2026-02-24 17:00:58,311 - lg_cotrain - INFO - Phase 1 done -> seeded Phase 2 trackers. lambda1: mean=0.1088, range=[0.0678, 0.1506]
2026-02-24 17:00:58,312 - lg_cotrain - INFO - Phase 1 done -> seeded Phase 2 trackers. lambda2: mean=0.1019, range=[0.0735, 0.1475]
2026-02-24 17:02:11,065 - lg_cotrain - INFO - Phase 2 epoch 1/16: loss1=0.1188, loss2=0.1310, dev_macro_f1=0.4202, dev_err=44.85%
2026-02-24 17:03:23,636 - lg_cotrain - INFO - Phase 2 epoch 2/16: loss1=0.1608, loss2=0.8999, dev_macro_f1=0.0340, dev_err=81.96%
2026-02-24 17:04:36,955 - lg_cotrain - INFO - Phase 2 epoch 3/16: loss1=0.0827, loss2=0.7783, dev_macro_f1=0.0340, dev_err=81.96%
2026-02-24 17:05:49,806 - lg_cotrain - INFO - Phase 2 epoch 4/16: loss1=0.0622, loss2=0.7272, dev_macro_f1=0.0340, dev_err=81.96%
2026-02-24 17:07:02,103 - lg_cotrain - INFO - Phase 2 epoch 5/16: loss1=0.0648, loss2=0.6866, dev_macro_f1=0.0340, dev_err=81.96%
2026-02-24 17:08:14,172 - lg_cotrain - INFO - Phase 2 epoch 6/16: loss1=0.0627, loss2=0.6484, dev_macro_f1=0.0340, dev_err=81.96%
2026-02-24 17:09:26,477 - lg_cotrain - INFO - Phase 2 epoch 7/16: loss1=0.0493, loss2=0.6159, dev_macro_f1=0.0340, dev_err=81.96%
2026-02-24 17:10:39,015 - lg_cotrain - INFO - Phase 2 epoch 8/16: loss1=0.0493, loss2=0.5899, dev_macro_f1=0.0340, dev_err=81.96%
2026-02-24 17:11:51,487 - lg_cotrain - INFO - Phase 2 epoch 9/16: loss1=0.0473, loss2=0.5679, dev_macro_f1=0.0340, dev_err=81.96%
2026-02-24 17:13:03,849 - lg_cotrain - INFO - Phase 2 epoch 10/16: loss1=0.0486, loss2=0.5466, dev_macro_f1=0.0340, dev_err=81.96%
2026-02-24 17:14:16,353 - lg_cotrain - INFO - Phase 2 epoch 11/16: loss1=0.0476, loss2=0.5300, dev_macro_f1=0.0340, dev_err=81.96%
2026-02-24 17:15:28,819 - lg_cotrain - INFO - Phase 2 epoch 12/16: loss1=0.0486, loss2=0.5116, dev_macro_f1=0.0340, dev_err=81.96%
2026-02-24 17:16:43,701 - lg_cotrain - INFO - Phase 2 epoch 13/16: loss1=0.0489, loss2=0.4974, dev_macro_f1=0.0340, dev_err=81.96%
2026-02-24 17:17:56,718 - lg_cotrain - INFO - Phase 2 epoch 14/16: loss1=0.0479, loss2=0.4822, dev_macro_f1=0.0340, dev_err=81.96%
2026-02-24 17:19:10,263 - lg_cotrain - INFO - Phase 2 epoch 15/16: loss1=0.0471, loss2=0.4698, dev_macro_f1=0.0340, dev_err=81.96%
2026-02-24 17:20:22,751 - lg_cotrain - INFO - Phase 2 epoch 16/16: loss1=0.0454, loss2=0.4582, dev_macro_f1=0.0340, dev_err=81.96%
2026-02-24 17:20:22,751 - lg_cotrain - INFO - === Phase 3: Fine-Tuning ===
2026-02-24 17:20:26,493 - lg_cotrain - INFO - Phase 3 epoch 1: dev_macro_f1=0.0017, dev_err=99.23%, es_counter1=0, es_counter2=0
2026-02-24 17:20:30,233 - lg_cotrain - INFO - Phase 3 epoch 2: dev_macro_f1=0.0050, dev_err=97.68%, es_counter1=0, es_counter2=0
2026-02-24 17:20:33,933 - lg_cotrain - INFO - Phase 3 epoch 3: dev_macro_f1=0.0256, dev_err=86.98%, es_counter1=0, es_counter2=0
2026-02-24 17:20:37,640 - lg_cotrain - INFO - Phase 3 epoch 4: dev_macro_f1=0.0212, dev_err=89.43%, es_counter1=1, es_counter2=1
2026-02-24 17:20:41,344 - lg_cotrain - INFO - Phase 3 epoch 5: dev_macro_f1=0.0229, dev_err=88.53%, es_counter1=2, es_counter2=2
2026-02-24 17:20:45,041 - lg_cotrain - INFO - Phase 3 epoch 6: dev_macro_f1=0.0229, dev_err=88.53%, es_counter1=3, es_counter2=3
2026-02-24 17:20:48,755 - lg_cotrain - INFO - Phase 3 epoch 7: dev_macro_f1=0.0276, dev_err=85.82%, es_counter1=0, es_counter2=0
2026-02-24 17:20:52,461 - lg_cotrain - INFO - Phase 3 epoch 8: dev_macro_f1=0.0212, dev_err=89.43%, es_counter1=1, es_counter2=1
2026-02-24 17:20:56,181 - lg_cotrain - INFO - Phase 3 epoch 9: dev_macro_f1=0.0050, dev_err=97.68%, es_counter1=2, es_counter2=2
2026-02-24 17:20:59,903 - lg_cotrain - INFO - Phase 3 epoch 10: dev_macro_f1=0.0229, dev_err=88.53%, es_counter1=3, es_counter2=3
2026-02-24 17:21:03,599 - lg_cotrain - INFO - Phase 3 epoch 11: dev_macro_f1=0.0212, dev_err=89.43%, es_counter1=4, es_counter2=4
2026-02-24 17:21:07,325 - lg_cotrain - INFO - Phase 3 epoch 12: dev_macro_f1=0.0050, dev_err=97.68%, es_counter1=5, es_counter2=5
2026-02-24 17:21:11,044 - lg_cotrain - INFO - Phase 3 epoch 13: dev_macro_f1=0.0017, dev_err=99.23%, es_counter1=6, es_counter2=6
2026-02-24 17:21:14,747 - lg_cotrain - INFO - Phase 3 epoch 14: dev_macro_f1=0.0229, dev_err=88.53%, es_counter1=7, es_counter2=7
2026-02-24 17:21:18,428 - lg_cotrain - INFO - Phase 3 epoch 15: dev_macro_f1=0.0212, dev_err=89.43%, es_counter1=8, es_counter2=8
2026-02-24 17:21:22,145 - lg_cotrain - INFO - Phase 3 epoch 16: dev_macro_f1=0.0215, dev_err=89.30%, es_counter1=9, es_counter2=9
2026-02-24 17:21:25,862 - lg_cotrain - INFO - Phase 3 epoch 17: dev_macro_f1=0.0215, dev_err=89.30%, es_counter1=10, es_counter2=10
2026-02-24 17:21:25,862 - lg_cotrain - INFO - Early stopping at epoch 17
2026-02-24 17:21:25,873 - lg_cotrain - INFO - === Final Evaluation ===
2026-02-24 17:21:33,304 - lg_cotrain - INFO - Results saved to C:\Users\anhtr\AppData\Local\Temp\tmpfthok9eh\hurricane_dorian_2019\25_set2\metrics.json
2026-02-24 17:21:33,304 - lg_cotrain - INFO - Test error rate: 85.74%, Test macro-F1: 0.0277, Test ECE: 0.0023
2026-02-24 17:21:33,318 - lg_cotrain - INFO - --- Trial 4/10 done: dev_macro_f1=0.0276 ---
2026-02-24 17:21:33,318 - lg_cotrain - INFO - --- Trial 5/10 ---
2026-02-24 17:21:33,913 - lg_cotrain - INFO - Starting LG-CoTrain: event=hurricane_dorian_2019, budget=25, seed_set=2
2026-02-24 17:21:33,950 - lg_cotrain - INFO - Detected 9 classes for event hurricane_dorian_2019: ['caution_and_advice', 'displaced_people_and_evacuations', 'infrastructure_and_utility_damage', 'injured_or_dead_people', 'not_humanitarian', 'other_relevant_information', 'requests_or_urgent_needs', 'rescue_volunteering_or_donation_effort', 'sympathy_and_support']
2026-02-24 17:21:33,957 - lg_cotrain - INFO - D_l1: 117, D_l2: 108, D_LG: 5104
2026-02-24 17:21:33,959 - lg_cotrain - INFO - === Phase 1: Weight Generation ===
2026-02-24 17:21:52,603 - lg_cotrain - INFO - Phase 1 epoch 1/7: mean_prob1=0.1202, mean_prob2=0.1172
2026-02-24 17:22:10,156 - lg_cotrain - INFO - Phase 1 epoch 2/7: mean_prob1=0.1196, mean_prob2=0.1160
2026-02-24 17:22:27,963 - lg_cotrain - INFO - Phase 1 epoch 3/7: mean_prob1=0.1162, mean_prob2=0.1146
2026-02-24 17:22:45,384 - lg_cotrain - INFO - Phase 1 epoch 4/7: mean_prob1=0.1150, mean_prob2=0.1154
2026-02-24 17:23:02,760 - lg_cotrain - INFO - Phase 1 epoch 5/7: mean_prob1=0.1205, mean_prob2=0.1194
2026-02-24 17:23:20,416 - lg_cotrain - INFO - Phase 1 epoch 6/7: mean_prob1=0.1273, mean_prob2=0.1226
2026-02-24 17:23:37,714 - lg_cotrain - INFO - Phase 1 epoch 7/7: mean_prob1=0.1319, mean_prob2=0.1173
2026-02-24 17:23:37,714 - lg_cotrain - INFO - === Phase 2: Co-Training ===
2026-02-24 17:23:38,831 - lg_cotrain - INFO - LR scheduler: total_steps_1=3600, warmup=226; total_steps_2=3600, warmup=226
2026-02-24 17:23:38,832 - lg_cotrain - INFO - Phase 1 done -> seeded Phase 2 trackers. lambda1: mean=0.1319, range=[0.0412, 0.2809]
2026-02-24 17:23:38,832 - lg_cotrain - INFO - Phase 1 done -> seeded Phase 2 trackers. lambda2: mean=0.1173, range=[0.0354, 0.2870]
2026-02-24 17:24:44,971 - lg_cotrain - INFO - Phase 2 epoch 1/20: loss1=0.2249, loss2=0.2649, dev_macro_f1=0.2598, dev_err=61.60%
2026-02-24 17:25:50,073 - lg_cotrain - INFO - Phase 2 epoch 2/20: loss1=0.0928, loss2=0.1976, dev_macro_f1=0.4471, dev_err=41.49%
2026-02-24 17:26:54,768 - lg_cotrain - INFO - Phase 2 epoch 3/20: loss1=0.0363, loss2=0.1457, dev_macro_f1=0.4431, dev_err=41.49%
2026-02-24 17:27:59,634 - lg_cotrain - INFO - Phase 2 epoch 4/20: loss1=0.0267, loss2=0.1109, dev_macro_f1=0.4518, dev_err=40.34%
2026-02-24 17:29:03,566 - lg_cotrain - INFO - Phase 2 epoch 5/20: loss1=0.0182, loss2=0.0770, dev_macro_f1=0.4529, dev_err=39.95%
2026-02-24 17:30:07,730 - lg_cotrain - INFO - Phase 2 epoch 6/20: loss1=0.0147, loss2=0.0585, dev_macro_f1=0.4418, dev_err=41.49%
2026-02-24 17:31:12,149 - lg_cotrain - INFO - Phase 2 epoch 7/20: loss1=0.0122, loss2=0.0429, dev_macro_f1=0.4495, dev_err=40.72%
2026-02-24 17:32:17,945 - lg_cotrain - INFO - Phase 2 epoch 8/20: loss1=0.0088, loss2=0.0373, dev_macro_f1=0.4522, dev_err=40.72%
2026-02-24 17:33:21,696 - lg_cotrain - INFO - Phase 2 epoch 9/20: loss1=0.0116, loss2=0.0333, dev_macro_f1=0.4583, dev_err=39.82%
2026-02-24 17:34:25,548 - lg_cotrain - INFO - Phase 2 epoch 10/20: loss1=0.0092, loss2=0.0239, dev_macro_f1=0.4470, dev_err=40.98%
2026-02-24 17:35:29,413 - lg_cotrain - INFO - Phase 2 epoch 11/20: loss1=0.0058, loss2=0.0218, dev_macro_f1=0.4597, dev_err=39.56%
2026-02-24 17:36:33,605 - lg_cotrain - INFO - Phase 2 epoch 12/20: loss1=0.0059, loss2=0.0231, dev_macro_f1=0.4591, dev_err=40.21%
2026-02-24 17:37:38,267 - lg_cotrain - INFO - Phase 2 epoch 13/20: loss1=0.0062, loss2=0.0152, dev_macro_f1=0.4574, dev_err=40.59%
2026-02-24 17:38:42,335 - lg_cotrain - INFO - Phase 2 epoch 14/20: loss1=0.0054, loss2=0.0138, dev_macro_f1=0.4616, dev_err=39.69%
2026-02-24 17:39:48,264 - lg_cotrain - INFO - Phase 2 epoch 15/20: loss1=0.0044, loss2=0.0112, dev_macro_f1=0.4633, dev_err=40.08%
2026-02-24 17:40:54,070 - lg_cotrain - INFO - Phase 2 epoch 16/20: loss1=0.0052, loss2=0.0109, dev_macro_f1=0.4644, dev_err=40.08%
2026-02-24 17:41:59,210 - lg_cotrain - INFO - Phase 2 epoch 17/20: loss1=0.0052, loss2=0.0092, dev_macro_f1=0.4704, dev_err=39.69%
2026-02-24 17:43:04,047 - lg_cotrain - INFO - Phase 2 epoch 18/20: loss1=0.0053, loss2=0.0090, dev_macro_f1=0.4708, dev_err=39.69%
2026-02-24 17:44:08,115 - lg_cotrain - INFO - Phase 2 epoch 19/20: loss1=0.0050, loss2=0.0093, dev_macro_f1=0.4703, dev_err=39.69%
2026-02-24 17:45:12,030 - lg_cotrain - INFO - Phase 2 epoch 20/20: loss1=0.0047, loss2=0.0078, dev_macro_f1=0.4698, dev_err=39.56%
2026-02-24 17:45:12,030 - lg_cotrain - INFO - === Phase 3: Fine-Tuning ===
2026-02-24 17:45:15,335 - lg_cotrain - INFO - Phase 3 epoch 1: dev_macro_f1=0.4738, dev_err=39.56%, es_counter1=0, es_counter2=0
2026-02-24 17:45:18,640 - lg_cotrain - INFO - Phase 3 epoch 2: dev_macro_f1=0.4746, dev_err=39.69%, es_counter1=0, es_counter2=0
2026-02-24 17:45:21,951 - lg_cotrain - INFO - Phase 3 epoch 3: dev_macro_f1=0.5083, dev_err=39.30%, es_counter1=0, es_counter2=0
2026-02-24 17:45:25,251 - lg_cotrain - INFO - Phase 3 epoch 4: dev_macro_f1=0.5235, dev_err=40.21%, es_counter1=0, es_counter2=0
2026-02-24 17:45:28,551 - lg_cotrain - INFO - Phase 3 epoch 5: dev_macro_f1=0.5325, dev_err=39.82%, es_counter1=0, es_counter2=0
2026-02-24 17:45:31,845 - lg_cotrain - INFO - Phase 3 epoch 6: dev_macro_f1=0.5413, dev_err=39.30%, es_counter1=0, es_counter2=0
2026-02-24 17:45:35,140 - lg_cotrain - INFO - Phase 3 epoch 7: dev_macro_f1=0.5545, dev_err=38.92%, es_counter1=0, es_counter2=0
2026-02-24 17:45:38,415 - lg_cotrain - INFO - Phase 3 epoch 8: dev_macro_f1=0.5409, dev_err=39.30%, es_counter1=1, es_counter2=1
2026-02-24 17:45:41,727 - lg_cotrain - INFO - Phase 3 epoch 9: dev_macro_f1=0.5555, dev_err=38.79%, es_counter1=0, es_counter2=0
2026-02-24 17:45:45,035 - lg_cotrain - INFO - Phase 3 epoch 10: dev_macro_f1=0.5636, dev_err=38.14%, es_counter1=0, es_counter2=0
2026-02-24 17:45:48,325 - lg_cotrain - INFO - Phase 3 epoch 11: dev_macro_f1=0.5610, dev_err=38.40%, es_counter1=1, es_counter2=1
2026-02-24 17:45:51,614 - lg_cotrain - INFO - Phase 3 epoch 12: dev_macro_f1=0.5633, dev_err=38.40%, es_counter1=2, es_counter2=2
2026-02-24 17:45:54,905 - lg_cotrain - INFO - Phase 3 epoch 13: dev_macro_f1=0.5592, dev_err=38.79%, es_counter1=3, es_counter2=3
2026-02-24 17:45:58,213 - lg_cotrain - INFO - Phase 3 epoch 14: dev_macro_f1=0.5644, dev_err=38.40%, es_counter1=0, es_counter2=0
2026-02-24 17:46:01,526 - lg_cotrain - INFO - Phase 3 epoch 15: dev_macro_f1=0.5660, dev_err=38.27%, es_counter1=0, es_counter2=0
2026-02-24 17:46:04,820 - lg_cotrain - INFO - Phase 3 epoch 16: dev_macro_f1=0.5693, dev_err=38.14%, es_counter1=0, es_counter2=0
2026-02-24 17:46:08,113 - lg_cotrain - INFO - Phase 3 epoch 17: dev_macro_f1=0.5705, dev_err=38.02%, es_counter1=0, es_counter2=0
2026-02-24 17:46:11,388 - lg_cotrain - INFO - Phase 3 epoch 18: dev_macro_f1=0.5698, dev_err=38.02%, es_counter1=1, es_counter2=1
2026-02-24 17:46:14,660 - lg_cotrain - INFO - Phase 3 epoch 19: dev_macro_f1=0.5675, dev_err=38.27%, es_counter1=2, es_counter2=2
2026-02-24 17:46:17,958 - lg_cotrain - INFO - Phase 3 epoch 20: dev_macro_f1=0.5726, dev_err=38.02%, es_counter1=0, es_counter2=0
2026-02-24 17:46:21,252 - lg_cotrain - INFO - Phase 3 epoch 21: dev_macro_f1=0.5738, dev_err=37.89%, es_counter1=0, es_counter2=0
2026-02-24 17:46:24,546 - lg_cotrain - INFO - Phase 3 epoch 22: dev_macro_f1=0.5772, dev_err=37.89%, es_counter1=0, es_counter2=0
2026-02-24 17:46:27,873 - lg_cotrain - INFO - Phase 3 epoch 23: dev_macro_f1=0.5779, dev_err=38.14%, es_counter1=0, es_counter2=0
2026-02-24 17:46:31,148 - lg_cotrain - INFO - Phase 3 epoch 24: dev_macro_f1=0.5766, dev_err=38.14%, es_counter1=1, es_counter2=1
2026-02-24 17:46:34,435 - lg_cotrain - INFO - Phase 3 epoch 25: dev_macro_f1=0.5806, dev_err=38.02%, es_counter1=0, es_counter2=0
2026-02-24 17:46:37,731 - lg_cotrain - INFO - Phase 3 epoch 26: dev_macro_f1=0.5813, dev_err=37.89%, es_counter1=0, es_counter2=0
2026-02-24 17:46:41,015 - lg_cotrain - INFO - Phase 3 epoch 27: dev_macro_f1=0.5809, dev_err=37.89%, es_counter1=1, es_counter2=1
2026-02-24 17:46:44,316 - lg_cotrain - INFO - Phase 3 epoch 28: dev_macro_f1=0.5879, dev_err=37.50%, es_counter1=0, es_counter2=0
2026-02-24 17:46:47,616 - lg_cotrain - INFO - Phase 3 epoch 29: dev_macro_f1=0.5880, dev_err=37.50%, es_counter1=0, es_counter2=0
2026-02-24 17:46:50,885 - lg_cotrain - INFO - Phase 3 epoch 30: dev_macro_f1=0.5845, dev_err=37.89%, es_counter1=1, es_counter2=1
2026-02-24 17:46:54,166 - lg_cotrain - INFO - Phase 3 epoch 31: dev_macro_f1=0.5867, dev_err=37.63%, es_counter1=2, es_counter2=2
2026-02-24 17:46:57,472 - lg_cotrain - INFO - Phase 3 epoch 32: dev_macro_f1=0.5893, dev_err=37.37%, es_counter1=0, es_counter2=0
2026-02-24 17:47:00,770 - lg_cotrain - INFO - Phase 3 epoch 33: dev_macro_f1=0.5893, dev_err=37.37%, es_counter1=0, es_counter2=0
2026-02-24 17:47:04,074 - lg_cotrain - INFO - Phase 3 epoch 34: dev_macro_f1=0.5896, dev_err=37.37%, es_counter1=0, es_counter2=0
2026-02-24 17:47:07,378 - lg_cotrain - INFO - Phase 3 epoch 35: dev_macro_f1=0.5918, dev_err=37.11%, es_counter1=0, es_counter2=0
2026-02-24 17:47:10,665 - lg_cotrain - INFO - Phase 3 epoch 36: dev_macro_f1=0.5918, dev_err=37.11%, es_counter1=1, es_counter2=1
2026-02-24 17:47:13,957 - lg_cotrain - INFO - Phase 3 epoch 37: dev_macro_f1=0.5915, dev_err=37.11%, es_counter1=2, es_counter2=2
2026-02-24 17:47:17,243 - lg_cotrain - INFO - Phase 3 epoch 38: dev_macro_f1=0.5914, dev_err=37.11%, es_counter1=3, es_counter2=3
2026-02-24 17:47:20,521 - lg_cotrain - INFO - Phase 3 epoch 39: dev_macro_f1=0.5911, dev_err=37.11%, es_counter1=4, es_counter2=4
2026-02-24 17:47:23,800 - lg_cotrain - INFO - Phase 3 epoch 40: dev_macro_f1=0.5912, dev_err=37.11%, es_counter1=5, es_counter2=5
2026-02-24 17:47:27,086 - lg_cotrain - INFO - Phase 3 epoch 41: dev_macro_f1=0.5902, dev_err=37.24%, es_counter1=6, es_counter2=6
2026-02-24 17:47:30,370 - lg_cotrain - INFO - Phase 3 epoch 42: dev_macro_f1=0.5891, dev_err=37.37%, es_counter1=7, es_counter2=7
2026-02-24 17:47:33,648 - lg_cotrain - INFO - Phase 3 epoch 43: dev_macro_f1=0.5888, dev_err=37.37%, es_counter1=8, es_counter2=8
2026-02-24 17:47:33,648 - lg_cotrain - INFO - Early stopping at epoch 43
2026-02-24 17:47:33,660 - lg_cotrain - INFO - === Final Evaluation ===
2026-02-24 17:47:40,375 - lg_cotrain - INFO - Results saved to C:\Users\anhtr\AppData\Local\Temp\tmpccll48go\hurricane_dorian_2019\25_set2\metrics.json
2026-02-24 17:47:40,376 - lg_cotrain - INFO - Test error rate: 36.07%, Test macro-F1: 0.5758, Test ECE: 0.1827
2026-02-24 17:47:40,386 - lg_cotrain - INFO - --- Trial 5/10 done: dev_macro_f1=0.5918 ---
2026-02-24 17:47:40,386 - lg_cotrain - INFO - --- Trial 6/10 ---
2026-02-24 17:47:40,972 - lg_cotrain - INFO - Starting LG-CoTrain: event=hurricane_dorian_2019, budget=25, seed_set=2
2026-02-24 17:47:41,015 - lg_cotrain - INFO - Detected 9 classes for event hurricane_dorian_2019: ['caution_and_advice', 'displaced_people_and_evacuations', 'infrastructure_and_utility_damage', 'injured_or_dead_people', 'not_humanitarian', 'other_relevant_information', 'requests_or_urgent_needs', 'rescue_volunteering_or_donation_effort', 'sympathy_and_support']
2026-02-24 17:47:41,022 - lg_cotrain - INFO - D_l1: 117, D_l2: 108, D_LG: 5104
2026-02-24 17:47:41,024 - lg_cotrain - INFO - === Phase 1: Weight Generation ===
2026-02-24 17:48:02,447 - lg_cotrain - INFO - Phase 1 epoch 1/7: mean_prob1=0.1087, mean_prob2=0.0983
2026-02-24 17:48:22,605 - lg_cotrain - INFO - Phase 1 epoch 2/7: mean_prob1=0.1073, mean_prob2=0.1022
2026-02-24 17:48:43,692 - lg_cotrain - INFO - Phase 1 epoch 3/7: mean_prob1=0.1109, mean_prob2=0.1092
2026-02-24 17:49:04,566 - lg_cotrain - INFO - Phase 1 epoch 4/7: mean_prob1=0.1095, mean_prob2=0.1127
2026-02-24 17:49:25,990 - lg_cotrain - INFO - Phase 1 epoch 5/7: mean_prob1=0.1100, mean_prob2=0.1068
2026-02-24 17:49:46,934 - lg_cotrain - INFO - Phase 1 epoch 6/7: mean_prob1=0.1130, mean_prob2=0.1154
2026-02-24 17:50:08,399 - lg_cotrain - INFO - Phase 1 epoch 7/7: mean_prob1=0.1127, mean_prob2=0.1087
2026-02-24 17:50:08,399 - lg_cotrain - INFO - === Phase 2: Co-Training ===
2026-02-24 17:50:09,537 - lg_cotrain - INFO - LR scheduler: total_steps_1=12346, warmup=3143; total_steps_2=12246, warmup=3118
2026-02-24 17:50:09,538 - lg_cotrain - INFO - Phase 1 done -> seeded Phase 2 trackers. lambda1: mean=0.1127, range=[0.1027, 0.1210]
2026-02-24 17:50:09,538 - lg_cotrain - INFO - Phase 1 done -> seeded Phase 2 trackers. lambda2: mean=0.1087, range=[0.0958, 0.1312]
2026-02-24 17:51:37,380 - lg_cotrain - INFO - Phase 2 epoch 1/17: loss1=0.1329, loss2=0.1402, dev_macro_f1=0.4468, dev_err=40.98%
2026-02-24 17:53:04,920 - lg_cotrain - INFO - Phase 2 epoch 2/17: loss1=0.0587, loss2=0.3429, dev_macro_f1=0.4399, dev_err=40.72%
2026-02-24 17:54:29,361 - lg_cotrain - INFO - Phase 2 epoch 3/17: loss1=0.1071, loss2=0.4635, dev_macro_f1=0.4394, dev_err=41.75%
2026-02-24 17:55:53,340 - lg_cotrain - INFO - Phase 2 epoch 4/17: loss1=0.4006, loss2=1.2770, dev_macro_f1=0.0340, dev_err=81.96%
2026-02-24 17:57:17,107 - lg_cotrain - INFO - Phase 2 epoch 5/17: loss1=0.2875, loss2=1.5185, dev_macro_f1=0.0340, dev_err=81.96%
2026-02-24 17:58:40,723 - lg_cotrain - INFO - Phase 2 epoch 6/17: loss1=0.1900, loss2=1.3758, dev_macro_f1=0.0340, dev_err=81.96%
2026-02-24 18:00:04,495 - lg_cotrain - INFO - Phase 2 epoch 7/17: loss1=0.1276, loss2=1.3152, dev_macro_f1=0.0340, dev_err=81.96%
2026-02-24 18:01:28,097 - lg_cotrain - INFO - Phase 2 epoch 8/17: loss1=0.0885, loss2=1.2436, dev_macro_f1=0.0340, dev_err=81.96%
2026-02-24 18:02:51,822 - lg_cotrain - INFO - Phase 2 epoch 9/17: loss1=0.0661, loss2=1.1872, dev_macro_f1=0.0340, dev_err=81.96%
2026-02-24 18:04:17,470 - lg_cotrain - INFO - Phase 2 epoch 10/17: loss1=0.0508, loss2=1.1383, dev_macro_f1=0.0340, dev_err=81.96%
2026-02-24 18:05:43,112 - lg_cotrain - INFO - Phase 2 epoch 11/17: loss1=0.0437, loss2=1.0982, dev_macro_f1=0.0340, dev_err=81.96%
2026-02-24 18:07:08,889 - lg_cotrain - INFO - Phase 2 epoch 12/17: loss1=0.0410, loss2=1.0630, dev_macro_f1=0.0340, dev_err=81.96%
2026-02-24 18:08:34,094 - lg_cotrain - INFO - Phase 2 epoch 13/17: loss1=0.0389, loss2=1.0308, dev_macro_f1=0.0340, dev_err=81.96%
2026-02-24 18:09:59,032 - lg_cotrain - INFO - Phase 2 epoch 14/17: loss1=0.0388, loss2=1.0006, dev_macro_f1=0.0340, dev_err=81.96%
2026-02-24 18:11:24,932 - lg_cotrain - INFO - Phase 2 epoch 15/17: loss1=0.0387, loss2=0.9756, dev_macro_f1=0.0340, dev_err=81.96%
2026-02-24 18:12:49,260 - lg_cotrain - INFO - Phase 2 epoch 16/17: loss1=0.0390, loss2=0.9515, dev_macro_f1=0.0340, dev_err=81.96%
2026-02-24 18:14:13,329 - lg_cotrain - INFO - Phase 2 epoch 17/17: loss1=0.0398, loss2=0.9290, dev_macro_f1=0.0340, dev_err=81.96%
2026-02-24 18:14:13,330 - lg_cotrain - INFO - === Phase 3: Fine-Tuning ===
2026-02-24 18:14:17,382 - lg_cotrain - INFO - Phase 3 epoch 1: dev_macro_f1=0.0340, dev_err=81.96%, es_counter1=0, es_counter2=0
2026-02-24 18:14:21,407 - lg_cotrain - INFO - Phase 3 epoch 2: dev_macro_f1=0.0212, dev_err=89.43%, es_counter1=1, es_counter2=1
2026-02-24 18:14:25,464 - lg_cotrain - INFO - Phase 3 epoch 3: dev_macro_f1=0.0340, dev_err=81.96%, es_counter1=2, es_counter2=2
2026-02-24 18:14:29,572 - lg_cotrain - INFO - Phase 3 epoch 4: dev_macro_f1=0.0340, dev_err=81.96%, es_counter1=3, es_counter2=3
2026-02-24 18:14:33,830 - lg_cotrain - INFO - Phase 3 epoch 5: dev_macro_f1=0.0340, dev_err=81.96%, es_counter1=4, es_counter2=4
2026-02-24 18:14:37,957 - lg_cotrain - INFO - Phase 3 epoch 6: dev_macro_f1=0.0340, dev_err=81.96%, es_counter1=5, es_counter2=5
2026-02-24 18:14:42,226 - lg_cotrain - INFO - Phase 3 epoch 7: dev_macro_f1=0.0340, dev_err=81.96%, es_counter1=6, es_counter2=6
2026-02-24 18:14:46,393 - lg_cotrain - INFO - Phase 3 epoch 8: dev_macro_f1=0.0340, dev_err=81.96%, es_counter1=7, es_counter2=7
2026-02-24 18:14:50,542 - lg_cotrain - INFO - Phase 3 epoch 9: dev_macro_f1=0.0340, dev_err=81.96%, es_counter1=8, es_counter2=8
2026-02-24 18:14:54,879 - lg_cotrain - INFO - Phase 3 epoch 10: dev_macro_f1=0.0340, dev_err=81.96%, es_counter1=9, es_counter2=9
2026-02-24 18:14:58,913 - lg_cotrain - INFO - Phase 3 epoch 11: dev_macro_f1=0.0256, dev_err=86.98%, es_counter1=10, es_counter2=10
2026-02-24 18:14:58,913 - lg_cotrain - INFO - Early stopping at epoch 11
2026-02-24 18:14:58,921 - lg_cotrain - INFO - === Final Evaluation ===
2026-02-24 18:15:06,679 - lg_cotrain - INFO - Results saved to C:\Users\anhtr\AppData\Local\Temp\tmp_10rj3iy\hurricane_dorian_2019\25_set2\metrics.json
2026-02-24 18:15:06,679 - lg_cotrain - INFO - Test error rate: 82.03%, Test macro-F1: 0.0339, Test ECE: 0.0320
2026-02-24 18:15:06,690 - lg_cotrain - INFO - --- Trial 6/10 done: dev_macro_f1=0.0340 ---
2026-02-24 18:15:06,690 - lg_cotrain - INFO - --- Trial 7/10 ---
2026-02-24 18:15:07,271 - lg_cotrain - INFO - Starting LG-CoTrain: event=hurricane_dorian_2019, budget=25, seed_set=2
2026-02-24 18:15:07,313 - lg_cotrain - INFO - Detected 9 classes for event hurricane_dorian_2019: ['caution_and_advice', 'displaced_people_and_evacuations', 'infrastructure_and_utility_damage', 'injured_or_dead_people', 'not_humanitarian', 'other_relevant_information', 'requests_or_urgent_needs', 'rescue_volunteering_or_donation_effort', 'sympathy_and_support']
2026-02-24 18:15:07,322 - lg_cotrain - INFO - D_l1: 117, D_l2: 108, D_LG: 5104
2026-02-24 18:15:07,323 - lg_cotrain - INFO - === Phase 1: Weight Generation ===
2026-02-24 18:15:25,742 - lg_cotrain - INFO - Phase 1 epoch 1/7: mean_prob1=0.1212, mean_prob2=0.1160
2026-02-24 18:15:43,051 - lg_cotrain - INFO - Phase 1 epoch 2/7: mean_prob1=0.1175, mean_prob2=0.1175
2026-02-24 18:16:00,548 - lg_cotrain - INFO - Phase 1 epoch 3/7: mean_prob1=0.1141, mean_prob2=0.1180
2026-02-24 18:16:17,668 - lg_cotrain - INFO - Phase 1 epoch 4/7: mean_prob1=0.1225, mean_prob2=0.1197
2026-02-24 18:16:34,790 - lg_cotrain - INFO - Phase 1 epoch 5/7: mean_prob1=0.1317, mean_prob2=0.1237
2026-02-24 18:16:51,962 - lg_cotrain - INFO - Phase 1 epoch 6/7: mean_prob1=0.1359, mean_prob2=0.1283
2026-02-24 18:17:09,271 - lg_cotrain - INFO - Phase 1 epoch 7/7: mean_prob1=0.1398, mean_prob2=0.1366
2026-02-24 18:17:09,271 - lg_cotrain - INFO - === Phase 2: Co-Training ===
2026-02-24 18:17:10,359 - lg_cotrain - INFO - LR scheduler: total_steps_1=2000, warmup=348; total_steps_2=2000, warmup=348
2026-02-24 18:17:10,359 - lg_cotrain - INFO - Phase 1 done -> seeded Phase 2 trackers. lambda1: mean=0.1398, range=[0.0331, 0.3209]
2026-02-24 18:17:10,360 - lg_cotrain - INFO - Phase 1 done -> seeded Phase 2 trackers. lambda2: mean=0.1366, range=[0.0260, 0.3002]
2026-02-24 18:18:14,653 - lg_cotrain - INFO - Phase 2 epoch 1/10: loss1=0.2526, loss2=0.2806, dev_macro_f1=0.2621, dev_err=59.92%
2026-02-24 18:19:19,819 - lg_cotrain - INFO - Phase 2 epoch 2/10: loss1=0.1023, loss2=0.2080, dev_macro_f1=0.4488, dev_err=40.72%
2026-02-24 18:20:25,681 - lg_cotrain - INFO - Phase 2 epoch 3/10: loss1=0.0400, loss2=0.1665, dev_macro_f1=0.4435, dev_err=41.49%
2026-02-24 18:21:30,644 - lg_cotrain - INFO - Phase 2 epoch 4/10: loss1=0.0227, loss2=0.1106, dev_macro_f1=0.4508, dev_err=39.95%
2026-02-24 18:22:36,314 - lg_cotrain - INFO - Phase 2 epoch 5/10: loss1=0.0184, loss2=0.0790, dev_macro_f1=0.4404, dev_err=41.88%
2026-02-24 18:23:41,856 - lg_cotrain - INFO - Phase 2 epoch 6/10: loss1=0.0129, loss2=0.0545, dev_macro_f1=0.4480, dev_err=40.98%
2026-02-24 18:24:46,961 - lg_cotrain - INFO - Phase 2 epoch 7/10: loss1=0.0123, loss2=0.0349, dev_macro_f1=0.4646, dev_err=39.30%
2026-02-24 18:25:52,109 - lg_cotrain - INFO - Phase 2 epoch 8/10: loss1=0.0066, loss2=0.0245, dev_macro_f1=0.4623, dev_err=39.69%
2026-02-24 18:26:57,422 - lg_cotrain - INFO - Phase 2 epoch 9/10: loss1=0.0065, loss2=0.0251, dev_macro_f1=0.4600, dev_err=40.08%
2026-02-24 18:28:02,462 - lg_cotrain - INFO - Phase 2 epoch 10/10: loss1=0.0051, loss2=0.0179, dev_macro_f1=0.4596, dev_err=40.21%
2026-02-24 18:28:02,462 - lg_cotrain - INFO - === Phase 3: Fine-Tuning ===
2026-02-24 18:28:06,035 - lg_cotrain - INFO - Phase 3 epoch 1: dev_macro_f1=0.4693, dev_err=39.69%, es_counter1=0, es_counter2=0
2026-02-24 18:28:09,527 - lg_cotrain - INFO - Phase 3 epoch 2: dev_macro_f1=0.4756, dev_err=39.56%, es_counter1=0, es_counter2=0
2026-02-24 18:28:12,961 - lg_cotrain - INFO - Phase 3 epoch 3: dev_macro_f1=0.5555, dev_err=39.18%, es_counter1=0, es_counter2=0
2026-02-24 18:28:16,272 - lg_cotrain - INFO - Phase 3 epoch 4: dev_macro_f1=0.5346, dev_err=38.40%, es_counter1=1, es_counter2=1
2026-02-24 18:28:19,585 - lg_cotrain - INFO - Phase 3 epoch 5: dev_macro_f1=0.5610, dev_err=37.24%, es_counter1=0, es_counter2=0
2026-02-24 18:28:22,924 - lg_cotrain - INFO - Phase 3 epoch 6: dev_macro_f1=0.5574, dev_err=37.11%, es_counter1=1, es_counter2=1
2026-02-24 18:28:26,401 - lg_cotrain - INFO - Phase 3 epoch 7: dev_macro_f1=0.5548, dev_err=37.11%, es_counter1=2, es_counter2=2
2026-02-24 18:28:29,728 - lg_cotrain - INFO - Phase 3 epoch 8: dev_macro_f1=0.5585, dev_err=36.98%, es_counter1=3, es_counter2=3
2026-02-24 18:28:33,062 - lg_cotrain - INFO - Phase 3 epoch 9: dev_macro_f1=0.5711, dev_err=36.34%, es_counter1=0, es_counter2=0
2026-02-24 18:28:36,652 - lg_cotrain - INFO - Phase 3 epoch 10: dev_macro_f1=0.5639, dev_err=36.73%, es_counter1=1, es_counter2=1
2026-02-24 18:28:40,052 - lg_cotrain - INFO - Phase 3 epoch 11: dev_macro_f1=0.5773, dev_err=36.47%, es_counter1=0, es_counter2=0
2026-02-24 18:28:43,589 - lg_cotrain - INFO - Phase 3 epoch 12: dev_macro_f1=0.5832, dev_err=36.34%, es_counter1=0, es_counter2=0
2026-02-24 18:28:47,133 - lg_cotrain - INFO - Phase 3 epoch 13: dev_macro_f1=0.5824, dev_err=36.34%, es_counter1=1, es_counter2=1
2026-02-24 18:28:50,523 - lg_cotrain - INFO - Phase 3 epoch 14: dev_macro_f1=0.5802, dev_err=36.60%, es_counter1=2, es_counter2=2
2026-02-24 18:28:53,829 - lg_cotrain - INFO - Phase 3 epoch 15: dev_macro_f1=0.5803, dev_err=36.60%, es_counter1=3, es_counter2=3
2026-02-24 18:28:57,497 - lg_cotrain - INFO - Phase 3 epoch 16: dev_macro_f1=0.5869, dev_err=36.60%, es_counter1=0, es_counter2=0
2026-02-24 18:29:00,830 - lg_cotrain - INFO - Phase 3 epoch 17: dev_macro_f1=0.5794, dev_err=36.60%, es_counter1=1, es_counter2=1
2026-02-24 18:29:04,185 - lg_cotrain - INFO - Phase 3 epoch 18: dev_macro_f1=0.5898, dev_err=35.95%, es_counter1=0, es_counter2=0
2026-02-24 18:29:07,480 - lg_cotrain - INFO - Phase 3 epoch 19: dev_macro_f1=0.5859, dev_err=36.08%, es_counter1=1, es_counter2=1
2026-02-24 18:29:10,902 - lg_cotrain - INFO - Phase 3 epoch 20: dev_macro_f1=0.5868, dev_err=36.21%, es_counter1=2, es_counter2=2
2026-02-24 18:29:14,288 - lg_cotrain - INFO - Phase 3 epoch 21: dev_macro_f1=0.5857, dev_err=36.34%, es_counter1=3, es_counter2=3
2026-02-24 18:29:17,609 - lg_cotrain - INFO - Phase 3 epoch 22: dev_macro_f1=0.5841, dev_err=36.60%, es_counter1=4, es_counter2=4
2026-02-24 18:29:20,929 - lg_cotrain - INFO - Phase 3 epoch 23: dev_macro_f1=0.5848, dev_err=36.47%, es_counter1=5, es_counter2=5
2026-02-24 18:29:24,281 - lg_cotrain - INFO - Phase 3 epoch 24: dev_macro_f1=0.5906, dev_err=36.21%, es_counter1=0, es_counter2=0
2026-02-24 18:29:27,619 - lg_cotrain - INFO - Phase 3 epoch 25: dev_macro_f1=0.5875, dev_err=36.60%, es_counter1=1, es_counter2=1
2026-02-24 18:29:30,976 - lg_cotrain - INFO - Phase 3 epoch 26: dev_macro_f1=0.5886, dev_err=36.47%, es_counter1=2, es_counter2=2
2026-02-24 18:29:34,285 - lg_cotrain - INFO - Phase 3 epoch 27: dev_macro_f1=0.5908, dev_err=36.21%, es_counter1=0, es_counter2=0
2026-02-24 18:29:37,812 - lg_cotrain - INFO - Phase 3 epoch 28: dev_macro_f1=0.5877, dev_err=36.60%, es_counter1=1, es_counter2=1
2026-02-24 18:29:41,264 - lg_cotrain - INFO - Phase 3 epoch 29: dev_macro_f1=0.5888, dev_err=36.47%, es_counter1=2, es_counter2=2
2026-02-24 18:29:44,602 - lg_cotrain - INFO - Phase 3 epoch 30: dev_macro_f1=0.5899, dev_err=36.34%, es_counter1=3, es_counter2=3
2026-02-24 18:29:47,928 - lg_cotrain - INFO - Phase 3 epoch 31: dev_macro_f1=0.5892, dev_err=36.47%, es_counter1=4, es_counter2=4
2026-02-24 18:29:51,254 - lg_cotrain - INFO - Phase 3 epoch 32: dev_macro_f1=0.5881, dev_err=36.60%, es_counter1=5, es_counter2=5
2026-02-24 18:29:54,570 - lg_cotrain - INFO - Phase 3 epoch 33: dev_macro_f1=0.5827, dev_err=36.86%, es_counter1=6, es_counter2=6
2026-02-24 18:29:57,991 - lg_cotrain - INFO - Phase 3 epoch 34: dev_macro_f1=0.5816, dev_err=36.98%, es_counter1=7, es_counter2=7
2026-02-24 18:29:57,991 - lg_cotrain - INFO - Early stopping at epoch 34
2026-02-24 18:29:58,000 - lg_cotrain - INFO - === Final Evaluation ===
2026-02-24 18:30:05,078 - lg_cotrain - INFO - Results saved to C:\Users\anhtr\AppData\Local\Temp\tmpnuf0ft04\hurricane_dorian_2019\25_set2\metrics.json
2026-02-24 18:30:05,078 - lg_cotrain - INFO - Test error rate: 36.07%, Test macro-F1: 0.5836, Test ECE: 0.1661
2026-02-24 18:30:05,091 - lg_cotrain - INFO - --- Trial 7/10 done: dev_macro_f1=0.5908 ---
2026-02-24 18:30:05,091 - lg_cotrain - INFO - --- Trial 8/10 ---
2026-02-24 18:30:05,691 - lg_cotrain - INFO - Starting LG-CoTrain: event=hurricane_dorian_2019, budget=25, seed_set=2
2026-02-24 18:30:05,730 - lg_cotrain - INFO - Detected 9 classes for event hurricane_dorian_2019: ['caution_and_advice', 'displaced_people_and_evacuations', 'infrastructure_and_utility_damage', 'injured_or_dead_people', 'not_humanitarian', 'other_relevant_information', 'requests_or_urgent_needs', 'rescue_volunteering_or_donation_effort', 'sympathy_and_support']
2026-02-24 18:30:05,737 - lg_cotrain - INFO - D_l1: 117, D_l2: 108, D_LG: 5104
2026-02-24 18:30:05,739 - lg_cotrain - INFO - === Phase 1: Weight Generation ===
2026-02-24 18:30:25,519 - lg_cotrain - INFO - Phase 1 epoch 1/7: mean_prob1=0.1117, mean_prob2=0.1133
2026-02-24 18:30:44,427 - lg_cotrain - INFO - Phase 1 epoch 2/7: mean_prob1=0.1167, mean_prob2=0.1146
2026-02-24 18:31:03,030 - lg_cotrain - INFO - Phase 1 epoch 3/7: mean_prob1=0.1053, mean_prob2=0.1154
2026-02-24 18:31:21,923 - lg_cotrain - INFO - Phase 1 epoch 4/7: mean_prob1=0.1126, mean_prob2=0.1287
2026-02-24 18:31:40,765 - lg_cotrain - INFO - Phase 1 epoch 5/7: mean_prob1=0.1182, mean_prob2=0.1830
2026-02-24 18:31:59,593 - lg_cotrain - INFO - Phase 1 epoch 6/7: mean_prob1=0.1130, mean_prob2=0.2276
2026-02-24 18:32:18,896 - lg_cotrain - INFO - Phase 1 epoch 7/7: mean_prob1=0.1068, mean_prob2=0.2204
2026-02-24 18:32:18,896 - lg_cotrain - INFO - === Phase 2: Co-Training ===
2026-02-24 18:32:20,053 - lg_cotrain - INFO - LR scheduler: total_steps_1=2714, warmup=537; total_steps_2=2614, warmup=518
2026-02-24 18:32:20,053 - lg_cotrain - INFO - Phase 1 done -> seeded Phase 2 trackers. lambda1: mean=0.1068, range=[0.0948, 0.1470]
2026-02-24 18:32:20,053 - lg_cotrain - INFO - Phase 1 done -> seeded Phase 2 trackers. lambda2: mean=0.2204, range=[0.0030, 0.9221]
2026-02-24 18:33:32,784 - lg_cotrain - INFO - Phase 2 epoch 1/6: loss1=0.2057, loss2=0.1290, dev_macro_f1=0.4444, dev_err=40.59%
2026-02-24 18:34:45,897 - lg_cotrain - INFO - Phase 2 epoch 2/6: loss1=0.0927, loss2=1.0593, dev_macro_f1=0.4265, dev_err=43.81%
2026-02-24 18:35:58,071 - lg_cotrain - INFO - Phase 2 epoch 3/6: loss1=0.0298, loss2=1.4355, dev_macro_f1=0.4139, dev_err=44.33%
2026-02-24 18:37:11,044 - lg_cotrain - INFO - Phase 2 epoch 4/6: loss1=0.0123, loss2=1.5497, dev_macro_f1=0.4061, dev_err=46.52%
2026-02-24 18:38:25,218 - lg_cotrain - INFO - Phase 2 epoch 5/6: loss1=0.0054, loss2=1.6283, dev_macro_f1=0.4000, dev_err=47.16%
2026-02-24 18:39:42,851 - lg_cotrain - INFO - Phase 2 epoch 6/6: loss1=0.0024, loss2=1.6803, dev_macro_f1=0.4153, dev_err=45.75%
2026-02-24 18:39:42,851 - lg_cotrain - INFO - === Phase 3: Fine-Tuning ===
2026-02-24 18:39:46,527 - lg_cotrain - INFO - Phase 3 epoch 1: dev_macro_f1=0.2604, dev_err=58.12%, es_counter1=0, es_counter2=0
2026-02-24 18:39:50,214 - lg_cotrain - INFO - Phase 3 epoch 2: dev_macro_f1=0.3692, dev_err=56.44%, es_counter1=0, es_counter2=0
2026-02-24 18:39:54,260 - lg_cotrain - INFO - Phase 3 epoch 3: dev_macro_f1=0.5041, dev_err=42.78%, es_counter1=0, es_counter2=0
2026-02-24 18:39:57,937 - lg_cotrain - INFO - Phase 3 epoch 4: dev_macro_f1=0.4427, dev_err=49.48%, es_counter1=1, es_counter2=1
2026-02-24 18:40:01,609 - lg_cotrain - INFO - Phase 3 epoch 5: dev_macro_f1=0.4977, dev_err=43.17%, es_counter1=2, es_counter2=2
2026-02-24 18:40:05,293 - lg_cotrain - INFO - Phase 3 epoch 6: dev_macro_f1=0.4301, dev_err=48.97%, es_counter1=3, es_counter2=3
2026-02-24 18:40:08,989 - lg_cotrain - INFO - Phase 3 epoch 7: dev_macro_f1=0.4985, dev_err=43.69%, es_counter1=4, es_counter2=4
2026-02-24 18:40:08,989 - lg_cotrain - INFO - Early stopping at epoch 7
2026-02-24 18:40:08,998 - lg_cotrain - INFO - === Final Evaluation ===
2026-02-24 18:40:16,424 - lg_cotrain - INFO - Results saved to C:\Users\anhtr\AppData\Local\Temp\tmp6xdyy2n6\hurricane_dorian_2019\25_set2\metrics.json
2026-02-24 18:40:16,425 - lg_cotrain - INFO - Test error rate: 40.78%, Test macro-F1: 0.5122, Test ECE: 0.1903
2026-02-24 18:40:16,436 - lg_cotrain - INFO - --- Trial 8/10 done: dev_macro_f1=0.5041 ---
2026-02-24 18:40:16,436 - lg_cotrain - INFO - --- Trial 9/10 ---
2026-02-24 18:40:17,065 - lg_cotrain - INFO - Starting LG-CoTrain: event=hurricane_dorian_2019, budget=25, seed_set=2
2026-02-24 18:40:17,108 - lg_cotrain - INFO - Detected 9 classes for event hurricane_dorian_2019: ['caution_and_advice', 'displaced_people_and_evacuations', 'infrastructure_and_utility_damage', 'injured_or_dead_people', 'not_humanitarian', 'other_relevant_information', 'requests_or_urgent_needs', 'rescue_volunteering_or_donation_effort', 'sympathy_and_support']
2026-02-24 18:40:17,115 - lg_cotrain - INFO - D_l1: 117, D_l2: 108, D_LG: 5104
2026-02-24 18:40:17,116 - lg_cotrain - INFO - === Phase 1: Weight Generation ===
2026-02-24 18:40:34,993 - lg_cotrain - INFO - Phase 1 epoch 1/7: mean_prob1=0.1127, mean_prob2=0.1092
2026-02-24 18:40:51,445 - lg_cotrain - INFO - Phase 1 epoch 2/7: mean_prob1=0.1405, mean_prob2=0.1209
2026-02-24 18:41:07,940 - lg_cotrain - INFO - Phase 1 epoch 3/7: mean_prob1=0.1355, mean_prob2=0.1337
2026-02-24 18:41:24,457 - lg_cotrain - INFO - Phase 1 epoch 4/7: mean_prob1=0.2026, mean_prob2=0.1931
2026-02-24 18:41:41,109 - lg_cotrain - INFO - Phase 1 epoch 5/7: mean_prob1=0.2303, mean_prob2=0.2857
2026-02-24 18:41:57,951 - lg_cotrain - INFO - Phase 1 epoch 6/7: mean_prob1=0.2563, mean_prob2=0.2924
2026-02-24 18:42:14,576 - lg_cotrain - INFO - Phase 1 epoch 7/7: mean_prob1=0.3339, mean_prob2=0.4258
2026-02-24 18:42:14,577 - lg_cotrain - INFO - === Phase 2: Co-Training ===
2026-02-24 18:42:15,676 - lg_cotrain - INFO - LR scheduler: total_steps_1=1640, warmup=475; total_steps_2=1640, warmup=475
2026-02-24 18:42:15,677 - lg_cotrain - INFO - Phase 1 done -> seeded Phase 2 trackers. lambda1: mean=0.3339, range=[0.0076, 0.8924]
2026-02-24 18:42:15,677 - lg_cotrain - INFO - Phase 1 done -> seeded Phase 2 trackers. lambda2: mean=0.4258, range=[0.0055, 0.9146]
2026-02-24 18:43:15,616 - lg_cotrain - INFO - Phase 2 epoch 1/18: loss1=0.6326, loss2=0.5421, dev_macro_f1=0.4116, dev_err=44.07%
2026-02-24 18:44:15,365 - lg_cotrain - INFO - Phase 2 epoch 2/18: loss1=0.0885, loss2=0.2244, dev_macro_f1=0.4474, dev_err=41.11%
2026-02-24 18:45:15,290 - lg_cotrain - INFO - Phase 2 epoch 3/18: loss1=0.0461, loss2=0.2100, dev_macro_f1=0.4556, dev_err=39.18%
2026-02-24 18:46:17,318 - lg_cotrain - INFO - Phase 2 epoch 4/18: loss1=0.0550, loss2=0.1736, dev_macro_f1=0.4595, dev_err=38.79%
2026-02-24 18:47:18,593 - lg_cotrain - INFO - Phase 2 epoch 5/18: loss1=0.0504, loss2=0.1398, dev_macro_f1=0.4470, dev_err=40.72%
2026-02-24 18:48:19,956 - lg_cotrain - INFO - Phase 2 epoch 6/18: loss1=0.0761, loss2=0.1987, dev_macro_f1=0.4676, dev_err=38.53%
2026-02-24 18:49:21,118 - lg_cotrain - INFO - Phase 2 epoch 7/18: loss1=0.0732, loss2=0.2374, dev_macro_f1=0.5062, dev_err=40.08%
2026-02-24 18:50:21,958 - lg_cotrain - INFO - Phase 2 epoch 8/18: loss1=0.1066, loss2=0.1231, dev_macro_f1=0.5037, dev_err=39.82%
2026-02-24 18:51:21,500 - lg_cotrain - INFO - Phase 2 epoch 9/18: loss1=0.0787, loss2=0.0745, dev_macro_f1=0.5140, dev_err=38.92%
2026-02-24 18:52:21,065 - lg_cotrain - INFO - Phase 2 epoch 10/18: loss1=0.0769, loss2=0.0384, dev_macro_f1=0.4607, dev_err=39.30%
2026-02-24 18:53:21,087 - lg_cotrain - INFO - Phase 2 epoch 11/18: loss1=0.0881, loss2=0.0195, dev_macro_f1=0.4557, dev_err=39.43%
2026-02-24 18:54:20,959 - lg_cotrain - INFO - Phase 2 epoch 12/18: loss1=0.0637, loss2=0.0178, dev_macro_f1=0.4974, dev_err=39.30%
2026-02-24 18:55:20,930 - lg_cotrain - INFO - Phase 2 epoch 13/18: loss1=0.0351, loss2=0.0084, dev_macro_f1=0.4886, dev_err=39.69%
2026-02-24 18:56:21,791 - lg_cotrain - INFO - Phase 2 epoch 14/18: loss1=0.0197, loss2=0.0070, dev_macro_f1=0.4913, dev_err=39.56%
2026-02-24 18:57:22,518 - lg_cotrain - INFO - Phase 2 epoch 15/18: loss1=0.0241, loss2=0.0037, dev_macro_f1=0.5080, dev_err=39.43%
2026-02-24 18:58:22,380 - lg_cotrain - INFO - Phase 2 epoch 16/18: loss1=0.0157, loss2=0.0027, dev_macro_f1=0.5174, dev_err=38.66%
2026-02-24 18:59:23,236 - lg_cotrain - INFO - Phase 2 epoch 17/18: loss1=0.0159, loss2=0.0022, dev_macro_f1=0.5228, dev_err=38.27%
2026-02-24 19:00:23,853 - lg_cotrain - INFO - Phase 2 epoch 18/18: loss1=0.0179, loss2=0.0020, dev_macro_f1=0.5177, dev_err=38.79%
2026-02-24 19:00:23,854 - lg_cotrain - INFO - === Phase 3: Fine-Tuning ===
2026-02-24 19:00:27,043 - lg_cotrain - INFO - Phase 3 epoch 1: dev_macro_f1=0.5275, dev_err=39.30%, es_counter1=0, es_counter2=0
2026-02-24 19:00:30,216 - lg_cotrain - INFO - Phase 3 epoch 2: dev_macro_f1=0.5498, dev_err=41.49%, es_counter1=0, es_counter2=0
2026-02-24 19:00:33,377 - lg_cotrain - INFO - Phase 3 epoch 3: dev_macro_f1=0.4872, dev_err=46.91%, es_counter1=1, es_counter2=1
2026-02-24 19:00:36,537 - lg_cotrain - INFO - Phase 3 epoch 4: dev_macro_f1=0.5176, dev_err=42.40%, es_counter1=2, es_counter2=2
2026-02-24 19:00:39,721 - lg_cotrain - INFO - Phase 3 epoch 5: dev_macro_f1=0.5521, dev_err=40.34%, es_counter1=0, es_counter2=0
2026-02-24 19:00:42,888 - lg_cotrain - INFO - Phase 3 epoch 6: dev_macro_f1=0.5598, dev_err=39.43%, es_counter1=0, es_counter2=0
2026-02-24 19:00:46,078 - lg_cotrain - INFO - Phase 3 epoch 7: dev_macro_f1=0.5596, dev_err=39.43%, es_counter1=1, es_counter2=1
2026-02-24 19:00:49,444 - lg_cotrain - INFO - Phase 3 epoch 8: dev_macro_f1=0.5817, dev_err=37.89%, es_counter1=0, es_counter2=0
2026-02-24 19:00:52,618 - lg_cotrain - INFO - Phase 3 epoch 9: dev_macro_f1=0.5789, dev_err=38.02%, es_counter1=1, es_counter2=1
2026-02-24 19:00:55,781 - lg_cotrain - INFO - Phase 3 epoch 10: dev_macro_f1=0.5809, dev_err=37.76%, es_counter1=2, es_counter2=2
2026-02-24 19:00:58,960 - lg_cotrain - INFO - Phase 3 epoch 11: dev_macro_f1=0.5912, dev_err=37.89%, es_counter1=0, es_counter2=0
2026-02-24 19:01:02,166 - lg_cotrain - INFO - Phase 3 epoch 12: dev_macro_f1=0.5882, dev_err=38.14%, es_counter1=1, es_counter2=1
2026-02-24 19:01:05,389 - lg_cotrain - INFO - Phase 3 epoch 13: dev_macro_f1=0.5926, dev_err=38.27%, es_counter1=0, es_counter2=0
2026-02-24 19:01:08,566 - lg_cotrain - INFO - Phase 3 epoch 14: dev_macro_f1=0.5963, dev_err=37.89%, es_counter1=0, es_counter2=0
2026-02-24 19:01:11,753 - lg_cotrain - INFO - Phase 3 epoch 15: dev_macro_f1=0.5904, dev_err=38.14%, es_counter1=1, es_counter2=1
2026-02-24 19:01:14,974 - lg_cotrain - INFO - Phase 3 epoch 16: dev_macro_f1=0.5985, dev_err=37.76%, es_counter1=0, es_counter2=0
2026-02-24 19:01:18,122 - lg_cotrain - INFO - Phase 3 epoch 17: dev_macro_f1=0.5965, dev_err=37.63%, es_counter1=1, es_counter2=1
2026-02-24 19:01:21,308 - lg_cotrain - INFO - Phase 3 epoch 18: dev_macro_f1=0.5876, dev_err=38.40%, es_counter1=2, es_counter2=2
2026-02-24 19:01:24,491 - lg_cotrain - INFO - Phase 3 epoch 19: dev_macro_f1=0.5771, dev_err=38.66%, es_counter1=3, es_counter2=3
2026-02-24 19:01:27,696 - lg_cotrain - INFO - Phase 3 epoch 20: dev_macro_f1=0.5695, dev_err=38.92%, es_counter1=4, es_counter2=4
2026-02-24 19:01:30,961 - lg_cotrain - INFO - Phase 3 epoch 21: dev_macro_f1=0.5740, dev_err=38.79%, es_counter1=5, es_counter2=5
2026-02-24 19:01:30,961 - lg_cotrain - INFO - Early stopping at epoch 21
2026-02-24 19:01:30,977 - lg_cotrain - INFO - === Final Evaluation ===
2026-02-24 19:01:37,524 - lg_cotrain - INFO - Results saved to C:\Users\anhtr\AppData\Local\Temp\tmp9k6t7bjg\hurricane_dorian_2019\25_set2\metrics.json
2026-02-24 19:01:37,524 - lg_cotrain - INFO - Test error rate: 35.94%, Test macro-F1: 0.5746, Test ECE: 0.1239
2026-02-24 19:01:37,533 - lg_cotrain - INFO - --- Trial 9/10 done: dev_macro_f1=0.5985 ---
2026-02-24 19:01:37,533 - lg_cotrain - INFO - --- Trial 10/10 ---
2026-02-24 19:01:38,129 - lg_cotrain - INFO - Starting LG-CoTrain: event=hurricane_dorian_2019, budget=25, seed_set=2
2026-02-24 19:01:38,162 - lg_cotrain - INFO - Detected 9 classes for event hurricane_dorian_2019: ['caution_and_advice', 'displaced_people_and_evacuations', 'infrastructure_and_utility_damage', 'injured_or_dead_people', 'not_humanitarian', 'other_relevant_information', 'requests_or_urgent_needs', 'rescue_volunteering_or_donation_effort', 'sympathy_and_support']
2026-02-24 19:01:38,169 - lg_cotrain - INFO - D_l1: 117, D_l2: 108, D_LG: 5104
2026-02-24 19:01:38,172 - lg_cotrain - INFO - === Phase 1: Weight Generation ===
2026-02-24 19:02:00,009 - lg_cotrain - INFO - Phase 1 epoch 1/7: mean_prob1=0.0990, mean_prob2=0.1066
2026-02-24 19:02:20,331 - lg_cotrain - INFO - Phase 1 epoch 2/7: mean_prob1=0.1187, mean_prob2=0.1132
2026-02-24 19:02:40,672 - lg_cotrain - INFO - Phase 1 epoch 3/7: mean_prob1=0.1339, mean_prob2=0.1164
2026-02-24 19:03:01,060 - lg_cotrain - INFO - Phase 1 epoch 4/7: mean_prob1=0.1569, mean_prob2=0.1192
2026-02-24 19:03:21,762 - lg_cotrain - INFO - Phase 1 epoch 5/7: mean_prob1=0.1847, mean_prob2=0.1224
2026-02-24 19:03:42,251 - lg_cotrain - INFO - Phase 1 epoch 6/7: mean_prob1=0.1153, mean_prob2=0.1867
2026-02-24 19:04:02,666 - lg_cotrain - INFO - Phase 1 epoch 7/7: mean_prob1=0.1138, mean_prob2=0.2438
2026-02-24 19:04:02,667 - lg_cotrain - INFO - === Phase 2: Co-Training ===
2026-02-24 19:04:03,758 - lg_cotrain - INFO - LR scheduler: total_steps_1=13622, warmup=1650; total_steps_2=13522, warmup=1638
2026-02-24 19:04:03,760 - lg_cotrain - INFO - Phase 1 done -> seeded Phase 2 trackers. lambda1: mean=0.1138, range=[0.0962, 0.1234]
2026-02-24 19:04:03,760 - lg_cotrain - INFO - Phase 1 done -> seeded Phase 2 trackers. lambda2: mean=0.2438, range=[0.0047, 0.8226]
2026-02-24 19:05:28,080 - lg_cotrain - INFO - Phase 2 epoch 1/19: loss1=0.2291, loss2=0.1359, dev_macro_f1=0.4012, dev_err=46.26%
2026-02-24 19:06:54,280 - lg_cotrain - INFO - Phase 2 epoch 2/19: loss1=0.0858, loss2=0.4065, dev_macro_f1=0.4024, dev_err=44.33%
2026-02-24 19:08:19,909 - lg_cotrain - INFO - Phase 2 epoch 3/19: loss1=0.3349, loss2=0.9740, dev_macro_f1=0.0548, dev_err=84.02%
2026-02-24 19:09:44,472 - lg_cotrain - INFO - Phase 2 epoch 4/19: loss1=0.2560, loss2=1.1082, dev_macro_f1=0.0340, dev_err=81.96%
2026-02-24 19:11:10,261 - lg_cotrain - INFO - Phase 2 epoch 5/19: loss1=0.1656, loss2=1.0079, dev_macro_f1=0.0340, dev_err=81.96%
2026-02-24 19:12:34,911 - lg_cotrain - INFO - Phase 2 epoch 6/19: loss1=0.1183, loss2=0.9468, dev_macro_f1=0.0340, dev_err=81.96%
2026-02-24 19:13:59,530 - lg_cotrain - INFO - Phase 2 epoch 7/19: loss1=0.0897, loss2=0.8958, dev_macro_f1=0.0340, dev_err=81.96%
2026-02-24 19:15:23,995 - lg_cotrain - INFO - Phase 2 epoch 8/19: loss1=0.0743, loss2=0.8562, dev_macro_f1=0.0340, dev_err=81.96%
2026-02-24 19:16:51,092 - lg_cotrain - INFO - Phase 2 epoch 9/19: loss1=0.0631, loss2=0.8259, dev_macro_f1=0.0340, dev_err=81.96%
2026-02-24 19:18:16,747 - lg_cotrain - INFO - Phase 2 epoch 10/19: loss1=0.0571, loss2=0.7998, dev_macro_f1=0.0340, dev_err=81.96%
2026-02-24 19:19:42,233 - lg_cotrain - INFO - Phase 2 epoch 11/19: loss1=0.0521, loss2=0.7764, dev_macro_f1=0.0340, dev_err=81.96%
2026-02-24 19:21:08,077 - lg_cotrain - INFO - Phase 2 epoch 12/19: loss1=0.0517, loss2=0.7534, dev_macro_f1=0.0340, dev_err=81.96%
2026-02-24 19:22:32,413 - lg_cotrain - INFO - Phase 2 epoch 13/19: loss1=0.0504, loss2=0.7342, dev_macro_f1=0.0340, dev_err=81.96%
2026-02-24 19:23:57,137 - lg_cotrain - INFO - Phase 2 epoch 14/19: loss1=0.0510, loss2=0.7174, dev_macro_f1=0.0340, dev_err=81.96%
2026-02-24 19:25:22,195 - lg_cotrain - INFO - Phase 2 epoch 15/19: loss1=0.0501, loss2=0.7006, dev_macro_f1=0.0340, dev_err=81.96%
2026-02-24 19:26:48,035 - lg_cotrain - INFO - Phase 2 epoch 16/19: loss1=0.0506, loss2=0.6881, dev_macro_f1=0.0340, dev_err=81.96%
2026-02-24 19:28:12,740 - lg_cotrain - INFO - Phase 2 epoch 17/19: loss1=0.0520, loss2=0.6730, dev_macro_f1=0.0340, dev_err=81.96%
2026-02-24 19:29:37,650 - lg_cotrain - INFO - Phase 2 epoch 18/19: loss1=0.0526, loss2=0.6593, dev_macro_f1=0.0340, dev_err=81.96%
2026-02-24 19:31:04,569 - lg_cotrain - INFO - Phase 2 epoch 19/19: loss1=0.0516, loss2=0.6502, dev_macro_f1=0.0340, dev_err=81.96%
2026-02-24 19:31:04,569 - lg_cotrain - INFO - === Phase 3: Fine-Tuning ===
2026-02-24 19:31:08,844 - lg_cotrain - INFO - Phase 3 epoch 1: dev_macro_f1=0.0340, dev_err=81.96%, es_counter1=0, es_counter2=0
2026-02-24 19:31:13,020 - lg_cotrain - INFO - Phase 3 epoch 2: dev_macro_f1=0.0340, dev_err=81.96%, es_counter1=1, es_counter2=1
2026-02-24 19:31:17,318 - lg_cotrain - INFO - Phase 3 epoch 3: dev_macro_f1=0.0050, dev_err=97.68%, es_counter1=2, es_counter2=2
2026-02-24 19:31:21,454 - lg_cotrain - INFO - Phase 3 epoch 4: dev_macro_f1=0.0340, dev_err=81.96%, es_counter1=3, es_counter2=3
2026-02-24 19:31:25,669 - lg_cotrain - INFO - Phase 3 epoch 5: dev_macro_f1=0.0017, dev_err=99.23%, es_counter1=4, es_counter2=4
2026-02-24 19:31:29,810 - lg_cotrain - INFO - Phase 3 epoch 6: dev_macro_f1=0.0256, dev_err=86.98%, es_counter1=5, es_counter2=5
2026-02-24 19:31:33,958 - lg_cotrain - INFO - Phase 3 epoch 7: dev_macro_f1=0.0215, dev_err=89.30%, es_counter1=6, es_counter2=6
2026-02-24 19:31:38,100 - lg_cotrain - INFO - Phase 3 epoch 8: dev_macro_f1=0.0340, dev_err=81.96%, es_counter1=7, es_counter2=7
2026-02-24 19:31:42,331 - lg_cotrain - INFO - Phase 3 epoch 9: dev_macro_f1=0.0340, dev_err=81.96%, es_counter1=8, es_counter2=8
2026-02-24 19:31:42,332 - lg_cotrain - INFO - Early stopping at epoch 9
2026-02-24 19:31:42,342 - lg_cotrain - INFO - === Final Evaluation ===
2026-02-24 19:31:50,354 - lg_cotrain - INFO - Results saved to C:\Users\anhtr\AppData\Local\Temp\tmpa49i6nlg\hurricane_dorian_2019\25_set2\metrics.json
2026-02-24 19:31:50,354 - lg_cotrain - INFO - Test error rate: 82.03%, Test macro-F1: 0.0339, Test ECE: 0.0079
2026-02-24 19:31:50,364 - lg_cotrain - INFO - --- Trial 10/10 done: dev_macro_f1=0.0340 ---
