2026-02-27 14:36:54,268 - lg_cotrain - INFO - === Optuna study: hurricane_maria_2017 budget=5 seed=1 | target=10 trials, 0 replayed, 10 new ===
2026-02-27 14:36:54,269 - lg_cotrain - INFO - --- Trial 1/10 ---
2026-02-27 14:36:54,986 - lg_cotrain - INFO - Starting LG-CoTrain: event=hurricane_maria_2017, budget=5, seed_set=1
2026-02-27 14:36:55,048 - lg_cotrain - INFO - Detected 9 classes for event hurricane_maria_2017: ['caution_and_advice', 'displaced_people_and_evacuations', 'infrastructure_and_utility_damage', 'injured_or_dead_people', 'not_humanitarian', 'other_relevant_information', 'requests_or_urgent_needs', 'rescue_volunteering_or_donation_effort', 'sympathy_and_support']
2026-02-27 14:36:55,056 - lg_cotrain - INFO - D_l1: 27, D_l2: 18, D_LG: 5049
2026-02-27 14:36:55,058 - lg_cotrain - INFO - === Phase 1: Weight Generation ===
2026-02-27 14:37:15,091 - lg_cotrain - INFO - Phase 1 epoch 1/7: mean_prob1=0.1257, mean_prob2=0.1077
2026-02-27 14:37:33,939 - lg_cotrain - INFO - Phase 1 epoch 2/7: mean_prob1=0.1056, mean_prob2=0.1055
2026-02-27 14:37:52,977 - lg_cotrain - INFO - Phase 1 epoch 3/7: mean_prob1=0.1043, mean_prob2=0.1141
2026-02-27 14:38:11,854 - lg_cotrain - INFO - Phase 1 epoch 4/7: mean_prob1=0.1175, mean_prob2=0.1192
2026-02-27 14:38:30,696 - lg_cotrain - INFO - Phase 1 epoch 5/7: mean_prob1=0.1313, mean_prob2=0.1214
2026-02-27 14:38:49,593 - lg_cotrain - INFO - Phase 1 epoch 6/7: mean_prob1=0.1363, mean_prob2=0.1217
2026-02-27 14:39:09,343 - lg_cotrain - INFO - Phase 1 epoch 7/7: mean_prob1=0.1329, mean_prob2=0.1212
2026-02-27 14:39:09,344 - lg_cotrain - INFO - === Phase 2: Co-Training ===
2026-02-27 14:39:10,430 - lg_cotrain - INFO - LR scheduler: total_steps_1=6720, warmup=1038; total_steps_2=6620, warmup=1022
2026-02-27 14:39:10,431 - lg_cotrain - INFO - Phase 1 done -> seeded Phase 2 trackers. lambda1: mean=0.1329, range=[0.0405, 0.3436]
2026-02-27 14:39:10,432 - lg_cotrain - INFO - Phase 1 done -> seeded Phase 2 trackers. lambda2: mean=0.1212, range=[0.0183, 0.3406]
2026-02-27 14:40:34,329 - lg_cotrain - INFO - Phase 2 epoch 1/10: loss1=0.1712, loss2=0.1826, dev_macro_f1=0.5833, dev_err=34.10%
2026-02-27 14:41:58,024 - lg_cotrain - INFO - Phase 2 epoch 2/10: loss1=0.0629, loss2=0.2005, dev_macro_f1=0.6267, dev_err=34.10%
2026-02-27 14:43:23,248 - lg_cotrain - INFO - Phase 2 epoch 3/10: loss1=0.0387, loss2=0.1675, dev_macro_f1=0.6377, dev_err=33.02%
2026-02-27 14:44:47,069 - lg_cotrain - INFO - Phase 2 epoch 4/10: loss1=0.0228, loss2=0.1163, dev_macro_f1=0.6450, dev_err=31.27%
2026-02-27 14:46:11,799 - lg_cotrain - INFO - Phase 2 epoch 5/10: loss1=0.0195, loss2=0.0684, dev_macro_f1=0.6306, dev_err=32.88%
2026-02-27 14:47:36,608 - lg_cotrain - INFO - Phase 2 epoch 6/10: loss1=0.0111, loss2=0.0378, dev_macro_f1=0.6395, dev_err=32.08%
2026-02-27 14:49:00,328 - lg_cotrain - INFO - Phase 2 epoch 7/10: loss1=0.0116, loss2=0.0193, dev_macro_f1=0.6543, dev_err=30.86%
2026-02-27 14:50:23,955 - lg_cotrain - INFO - Phase 2 epoch 8/10: loss1=0.0096, loss2=0.0143, dev_macro_f1=0.6379, dev_err=31.94%
2026-02-27 14:51:49,213 - lg_cotrain - INFO - Phase 2 epoch 9/10: loss1=0.0049, loss2=0.0097, dev_macro_f1=0.6333, dev_err=32.35%
2026-02-27 14:53:12,778 - lg_cotrain - INFO - Phase 2 epoch 10/10: loss1=0.0047, loss2=0.0061, dev_macro_f1=0.6371, dev_err=32.48%
2026-02-27 14:53:12,778 - lg_cotrain - INFO - === Phase 3: Fine-Tuning ===
2026-02-27 14:53:15,711 - lg_cotrain - INFO - Phase 3 epoch 1: dev_macro_f1=0.6389, dev_err=32.21%, es_counter1=0, es_counter2=0
2026-02-27 14:53:18,600 - lg_cotrain - INFO - Phase 3 epoch 2: dev_macro_f1=0.6359, dev_err=32.08%, es_counter1=1, es_counter2=1
2026-02-27 14:53:21,486 - lg_cotrain - INFO - Phase 3 epoch 3: dev_macro_f1=0.6326, dev_err=32.21%, es_counter1=2, es_counter2=2
2026-02-27 14:53:24,377 - lg_cotrain - INFO - Phase 3 epoch 4: dev_macro_f1=0.6361, dev_err=31.94%, es_counter1=3, es_counter2=3
2026-02-27 14:53:27,260 - lg_cotrain - INFO - Phase 3 epoch 5: dev_macro_f1=0.6376, dev_err=31.94%, es_counter1=4, es_counter2=4
2026-02-27 14:53:30,154 - lg_cotrain - INFO - Phase 3 epoch 6: dev_macro_f1=0.6361, dev_err=31.94%, es_counter1=5, es_counter2=5
2026-02-27 14:53:33,071 - lg_cotrain - INFO - Phase 3 epoch 7: dev_macro_f1=0.6414, dev_err=31.94%, es_counter1=0, es_counter2=0
2026-02-27 14:53:35,982 - lg_cotrain - INFO - Phase 3 epoch 8: dev_macro_f1=0.6427, dev_err=31.81%, es_counter1=0, es_counter2=0
2026-02-27 14:53:38,876 - lg_cotrain - INFO - Phase 3 epoch 9: dev_macro_f1=0.6417, dev_err=31.81%, es_counter1=1, es_counter2=1
2026-02-27 14:53:41,812 - lg_cotrain - INFO - Phase 3 epoch 10: dev_macro_f1=0.6443, dev_err=31.81%, es_counter1=0, es_counter2=0
2026-02-27 14:53:44,706 - lg_cotrain - INFO - Phase 3 epoch 11: dev_macro_f1=0.6431, dev_err=31.94%, es_counter1=1, es_counter2=1
2026-02-27 14:53:47,593 - lg_cotrain - INFO - Phase 3 epoch 12: dev_macro_f1=0.6425, dev_err=31.94%, es_counter1=2, es_counter2=2
2026-02-27 14:53:50,477 - lg_cotrain - INFO - Phase 3 epoch 13: dev_macro_f1=0.6436, dev_err=31.81%, es_counter1=3, es_counter2=3
2026-02-27 14:53:53,390 - lg_cotrain - INFO - Phase 3 epoch 14: dev_macro_f1=0.6429, dev_err=31.94%, es_counter1=4, es_counter2=4
2026-02-27 14:53:56,305 - lg_cotrain - INFO - Phase 3 epoch 15: dev_macro_f1=0.6429, dev_err=31.94%, es_counter1=5, es_counter2=5
2026-02-27 14:53:59,189 - lg_cotrain - INFO - Phase 3 epoch 16: dev_macro_f1=0.6429, dev_err=31.94%, es_counter1=6, es_counter2=6
2026-02-27 14:54:02,076 - lg_cotrain - INFO - Phase 3 epoch 17: dev_macro_f1=0.6437, dev_err=31.81%, es_counter1=7, es_counter2=7
2026-02-27 14:54:05,078 - lg_cotrain - INFO - Phase 3 epoch 18: dev_macro_f1=0.6416, dev_err=31.94%, es_counter1=8, es_counter2=8
2026-02-27 14:54:08,040 - lg_cotrain - INFO - Phase 3 epoch 19: dev_macro_f1=0.6375, dev_err=32.21%, es_counter1=9, es_counter2=9
2026-02-27 14:54:10,961 - lg_cotrain - INFO - Phase 3 epoch 20: dev_macro_f1=0.6365, dev_err=32.08%, es_counter1=10, es_counter2=10
2026-02-27 14:54:10,961 - lg_cotrain - INFO - Early stopping at epoch 20
2026-02-27 14:54:10,973 - lg_cotrain - INFO - === Final Evaluation ===
2026-02-27 14:54:19,041 - lg_cotrain - INFO - Results saved to C:\Users\anhtr\AppData\Local\Temp\tmpn1ji59ag\hurricane_maria_2017\5_set1\metrics.json
2026-02-27 14:54:19,041 - lg_cotrain - INFO - Test error rate: 31.41%, Test macro-F1: 0.6477, Test ECE: 0.2322
2026-02-27 14:54:19,053 - lg_cotrain - INFO - --- Trial 1/10 done: dev_macro_f1=0.6443 ---
2026-02-27 14:54:19,053 - lg_cotrain - INFO - --- Trial 2/10 ---
2026-02-27 14:54:19,631 - lg_cotrain - INFO - Starting LG-CoTrain: event=hurricane_maria_2017, budget=5, seed_set=1
2026-02-27 14:54:19,658 - lg_cotrain - INFO - Detected 9 classes for event hurricane_maria_2017: ['caution_and_advice', 'displaced_people_and_evacuations', 'infrastructure_and_utility_damage', 'injured_or_dead_people', 'not_humanitarian', 'other_relevant_information', 'requests_or_urgent_needs', 'rescue_volunteering_or_donation_effort', 'sympathy_and_support']
2026-02-27 14:54:19,664 - lg_cotrain - INFO - D_l1: 27, D_l2: 18, D_LG: 5049
2026-02-27 14:54:19,666 - lg_cotrain - INFO - === Phase 1: Weight Generation ===
2026-02-27 14:54:36,554 - lg_cotrain - INFO - Phase 1 epoch 1/7: mean_prob1=0.1008, mean_prob2=0.0973
2026-02-27 14:54:52,184 - lg_cotrain - INFO - Phase 1 epoch 2/7: mean_prob1=0.1204, mean_prob2=0.1030
2026-02-27 14:55:09,564 - lg_cotrain - INFO - Phase 1 epoch 3/7: mean_prob1=0.1230, mean_prob2=0.0967
2026-02-27 14:55:26,543 - lg_cotrain - INFO - Phase 1 epoch 4/7: mean_prob1=0.1296, mean_prob2=0.1050
2026-02-27 14:55:43,326 - lg_cotrain - INFO - Phase 1 epoch 5/7: mean_prob1=0.1637, mean_prob2=0.1160
2026-02-27 14:56:01,220 - lg_cotrain - INFO - Phase 1 epoch 6/7: mean_prob1=0.1725, mean_prob2=0.1150
2026-02-27 14:56:18,973 - lg_cotrain - INFO - Phase 1 epoch 7/7: mean_prob1=0.1665, mean_prob2=0.1246
2026-02-27 14:56:18,973 - lg_cotrain - INFO - === Phase 2: Co-Training ===
2026-02-27 14:56:20,092 - lg_cotrain - INFO - LR scheduler: total_steps_1=890, warmup=133; total_steps_2=890, warmup=133
2026-02-27 14:56:20,092 - lg_cotrain - INFO - Phase 1 done -> seeded Phase 2 trackers. lambda1: mean=0.1665, range=[0.0163, 0.5505]
2026-02-27 14:56:20,092 - lg_cotrain - INFO - Phase 1 done -> seeded Phase 2 trackers. lambda2: mean=0.1246, range=[0.0251, 0.5139]
2026-02-27 14:57:25,957 - lg_cotrain - INFO - Phase 2 epoch 1/10: loss1=0.1757, loss2=0.2148, dev_macro_f1=0.6370, dev_err=32.35%
2026-02-27 14:58:31,979 - lg_cotrain - INFO - Phase 2 epoch 2/10: loss1=0.0640, loss2=0.3347, dev_macro_f1=0.5952, dev_err=35.44%
2026-02-27 14:59:39,384 - lg_cotrain - INFO - Phase 2 epoch 3/10: loss1=0.0554, loss2=0.2975, dev_macro_f1=0.6353, dev_err=31.40%
2026-02-27 15:00:43,685 - lg_cotrain - INFO - Phase 2 epoch 4/10: loss1=0.0485, loss2=0.1830, dev_macro_f1=0.6413, dev_err=30.73%
2026-02-27 15:01:47,825 - lg_cotrain - INFO - Phase 2 epoch 5/10: loss1=0.0391, loss2=0.1340, dev_macro_f1=0.6440, dev_err=31.40%
2026-02-27 15:02:52,023 - lg_cotrain - INFO - Phase 2 epoch 6/10: loss1=0.0282, loss2=0.0801, dev_macro_f1=0.6353, dev_err=31.81%
2026-02-27 15:03:56,119 - lg_cotrain - INFO - Phase 2 epoch 7/10: loss1=0.0238, loss2=0.0533, dev_macro_f1=0.6349, dev_err=31.67%
2026-02-27 15:05:00,211 - lg_cotrain - INFO - Phase 2 epoch 8/10: loss1=0.0205, loss2=0.0333, dev_macro_f1=0.6581, dev_err=30.59%
2026-02-27 15:06:04,438 - lg_cotrain - INFO - Phase 2 epoch 9/10: loss1=0.0088, loss2=0.0185, dev_macro_f1=0.6297, dev_err=32.75%
2026-02-27 15:07:08,548 - lg_cotrain - INFO - Phase 2 epoch 10/10: loss1=0.0068, loss2=0.0076, dev_macro_f1=0.6375, dev_err=31.81%
2026-02-27 15:07:08,548 - lg_cotrain - INFO - === Phase 3: Fine-Tuning ===
2026-02-27 15:07:11,095 - lg_cotrain - INFO - Phase 3 epoch 1: dev_macro_f1=0.6335, dev_err=32.21%, es_counter1=0, es_counter2=0
2026-02-27 15:07:13,636 - lg_cotrain - INFO - Phase 3 epoch 2: dev_macro_f1=0.6339, dev_err=32.08%, es_counter1=0, es_counter2=0
2026-02-27 15:07:16,198 - lg_cotrain - INFO - Phase 3 epoch 3: dev_macro_f1=0.6395, dev_err=31.94%, es_counter1=0, es_counter2=0
2026-02-27 15:07:18,769 - lg_cotrain - INFO - Phase 3 epoch 4: dev_macro_f1=0.6421, dev_err=31.67%, es_counter1=0, es_counter2=0
2026-02-27 15:07:21,292 - lg_cotrain - INFO - Phase 3 epoch 5: dev_macro_f1=0.6346, dev_err=32.21%, es_counter1=1, es_counter2=1
2026-02-27 15:07:23,842 - lg_cotrain - INFO - Phase 3 epoch 6: dev_macro_f1=0.6271, dev_err=33.56%, es_counter1=2, es_counter2=2
2026-02-27 15:07:26,378 - lg_cotrain - INFO - Phase 3 epoch 7: dev_macro_f1=0.6182, dev_err=35.04%, es_counter1=3, es_counter2=3
2026-02-27 15:07:28,904 - lg_cotrain - INFO - Phase 3 epoch 8: dev_macro_f1=0.5970, dev_err=36.93%, es_counter1=4, es_counter2=4
2026-02-27 15:07:31,425 - lg_cotrain - INFO - Phase 3 epoch 9: dev_macro_f1=0.5869, dev_err=38.41%, es_counter1=5, es_counter2=5
2026-02-27 15:07:31,426 - lg_cotrain - INFO - Early stopping at epoch 9
2026-02-27 15:07:31,440 - lg_cotrain - INFO - === Final Evaluation ===
2026-02-27 15:07:38,201 - lg_cotrain - INFO - Results saved to C:\Users\anhtr\AppData\Local\Temp\tmpd7ti0zg6\hurricane_maria_2017\5_set1\metrics.json
2026-02-27 15:07:38,201 - lg_cotrain - INFO - Test error rate: 33.77%, Test macro-F1: 0.6285, Test ECE: 0.2122
2026-02-27 15:07:38,214 - lg_cotrain - INFO - --- Trial 2/10 done: dev_macro_f1=0.6421 ---
2026-02-27 15:07:38,214 - lg_cotrain - INFO - --- Trial 3/10 ---
2026-02-27 15:07:38,803 - lg_cotrain - INFO - Starting LG-CoTrain: event=hurricane_maria_2017, budget=5, seed_set=1
2026-02-27 15:07:38,840 - lg_cotrain - INFO - Detected 9 classes for event hurricane_maria_2017: ['caution_and_advice', 'displaced_people_and_evacuations', 'infrastructure_and_utility_damage', 'injured_or_dead_people', 'not_humanitarian', 'other_relevant_information', 'requests_or_urgent_needs', 'rescue_volunteering_or_donation_effort', 'sympathy_and_support']
2026-02-27 15:07:38,849 - lg_cotrain - INFO - D_l1: 27, D_l2: 18, D_LG: 5049
2026-02-27 15:07:38,850 - lg_cotrain - INFO - === Phase 1: Weight Generation ===
2026-02-27 15:08:00,628 - lg_cotrain - INFO - Phase 1 epoch 1/7: mean_prob1=0.1279, mean_prob2=0.1196
2026-02-27 15:08:20,319 - lg_cotrain - INFO - Phase 1 epoch 2/7: mean_prob1=0.1215, mean_prob2=0.1154
2026-02-27 15:08:39,263 - lg_cotrain - INFO - Phase 1 epoch 3/7: mean_prob1=0.1152, mean_prob2=0.1171
2026-02-27 15:08:58,265 - lg_cotrain - INFO - Phase 1 epoch 4/7: mean_prob1=0.1186, mean_prob2=0.1161
2026-02-27 15:09:17,400 - lg_cotrain - INFO - Phase 1 epoch 5/7: mean_prob1=0.1160, mean_prob2=0.1123
2026-02-27 15:09:36,304 - lg_cotrain - INFO - Phase 1 epoch 6/7: mean_prob1=0.1149, mean_prob2=0.1121
2026-02-27 15:09:55,253 - lg_cotrain - INFO - Phase 1 epoch 7/7: mean_prob1=0.1205, mean_prob2=0.1166
2026-02-27 15:09:55,254 - lg_cotrain - INFO - === Phase 2: Co-Training ===
2026-02-27 15:09:56,312 - lg_cotrain - INFO - LR scheduler: total_steps_1=12408, warmup=1872; total_steps_2=12308, warmup=1857
2026-02-27 15:09:56,312 - lg_cotrain - INFO - Phase 1 done -> seeded Phase 2 trackers. lambda1: mean=0.1205, range=[0.0336, 0.2593]
2026-02-27 15:09:56,313 - lg_cotrain - INFO - Phase 1 done -> seeded Phase 2 trackers. lambda2: mean=0.1166, range=[0.0183, 0.3661]
2026-02-27 15:11:19,602 - lg_cotrain - INFO - Phase 2 epoch 1/19: loss1=0.2041, loss2=0.2111, dev_macro_f1=0.3117, dev_err=48.92%
2026-02-27 15:12:42,628 - lg_cotrain - INFO - Phase 2 epoch 2/19: loss1=0.0886, loss2=0.1736, dev_macro_f1=0.5770, dev_err=36.39%
2026-02-27 15:14:05,663 - lg_cotrain - INFO - Phase 2 epoch 3/19: loss1=0.0452, loss2=0.1646, dev_macro_f1=0.6079, dev_err=34.23%
2026-02-27 15:15:30,879 - lg_cotrain - INFO - Phase 2 epoch 4/19: loss1=0.0294, loss2=0.1303, dev_macro_f1=0.6295, dev_err=32.35%
2026-02-27 15:16:58,503 - lg_cotrain - INFO - Phase 2 epoch 5/19: loss1=0.0189, loss2=0.0806, dev_macro_f1=0.6199, dev_err=33.15%
2026-02-27 15:18:21,998 - lg_cotrain - INFO - Phase 2 epoch 6/19: loss1=0.0149, loss2=0.0568, dev_macro_f1=0.6156, dev_err=33.96%
2026-02-27 15:19:47,220 - lg_cotrain - INFO - Phase 2 epoch 7/19: loss1=0.0127, loss2=0.0294, dev_macro_f1=0.6240, dev_err=32.88%
2026-02-27 15:21:10,701 - lg_cotrain - INFO - Phase 2 epoch 8/19: loss1=0.0151, loss2=0.0282, dev_macro_f1=0.6155, dev_err=33.69%
2026-02-27 15:22:34,219 - lg_cotrain - INFO - Phase 2 epoch 9/19: loss1=0.0085, loss2=0.0277, dev_macro_f1=0.6445, dev_err=32.61%
2026-02-27 15:23:57,532 - lg_cotrain - INFO - Phase 2 epoch 10/19: loss1=0.0072, loss2=0.0199, dev_macro_f1=0.6141, dev_err=33.69%
2026-02-27 15:25:20,811 - lg_cotrain - INFO - Phase 2 epoch 11/19: loss1=0.0093, loss2=0.0097, dev_macro_f1=0.6373, dev_err=32.48%
2026-02-27 15:26:50,369 - lg_cotrain - INFO - Phase 2 epoch 12/19: loss1=0.0080, loss2=0.0141, dev_macro_f1=0.6435, dev_err=32.48%
2026-02-27 15:28:21,966 - lg_cotrain - INFO - Phase 2 epoch 13/19: loss1=0.0048, loss2=0.0113, dev_macro_f1=0.6330, dev_err=33.02%
2026-02-27 15:29:52,509 - lg_cotrain - INFO - Phase 2 epoch 14/19: loss1=0.0050, loss2=0.0047, dev_macro_f1=0.6382, dev_err=32.88%
2026-02-27 15:31:17,093 - lg_cotrain - INFO - Phase 2 epoch 15/19: loss1=0.0040, loss2=0.0064, dev_macro_f1=0.6350, dev_err=32.48%
2026-02-27 15:32:40,836 - lg_cotrain - INFO - Phase 2 epoch 16/19: loss1=0.0034, loss2=0.0044, dev_macro_f1=0.6456, dev_err=31.94%
2026-02-27 15:34:04,375 - lg_cotrain - INFO - Phase 2 epoch 17/19: loss1=0.0032, loss2=0.0031, dev_macro_f1=0.6442, dev_err=32.35%
2026-02-27 15:35:27,397 - lg_cotrain - INFO - Phase 2 epoch 18/19: loss1=0.0035, loss2=0.0027, dev_macro_f1=0.6330, dev_err=32.61%
2026-02-27 15:36:52,566 - lg_cotrain - INFO - Phase 2 epoch 19/19: loss1=0.0035, loss2=0.0024, dev_macro_f1=0.6321, dev_err=32.75%
2026-02-27 15:36:52,566 - lg_cotrain - INFO - === Phase 3: Fine-Tuning ===
2026-02-27 15:36:55,486 - lg_cotrain - INFO - Phase 3 epoch 1: dev_macro_f1=0.6296, dev_err=32.88%, es_counter1=0, es_counter2=0
2026-02-27 15:36:58,423 - lg_cotrain - INFO - Phase 3 epoch 2: dev_macro_f1=0.6319, dev_err=32.88%, es_counter1=0, es_counter2=0
2026-02-27 15:37:01,359 - lg_cotrain - INFO - Phase 3 epoch 3: dev_macro_f1=0.6302, dev_err=33.02%, es_counter1=1, es_counter2=1
2026-02-27 15:37:04,465 - lg_cotrain - INFO - Phase 3 epoch 4: dev_macro_f1=0.6306, dev_err=33.02%, es_counter1=2, es_counter2=2
2026-02-27 15:37:07,403 - lg_cotrain - INFO - Phase 3 epoch 5: dev_macro_f1=0.6340, dev_err=32.88%, es_counter1=0, es_counter2=0
2026-02-27 15:37:10,319 - lg_cotrain - INFO - Phase 3 epoch 6: dev_macro_f1=0.6321, dev_err=33.02%, es_counter1=1, es_counter2=1
2026-02-27 15:37:13,257 - lg_cotrain - INFO - Phase 3 epoch 7: dev_macro_f1=0.6319, dev_err=33.02%, es_counter1=2, es_counter2=2
2026-02-27 15:37:16,186 - lg_cotrain - INFO - Phase 3 epoch 8: dev_macro_f1=0.6322, dev_err=33.02%, es_counter1=3, es_counter2=3
2026-02-27 15:37:19,106 - lg_cotrain - INFO - Phase 3 epoch 9: dev_macro_f1=0.6338, dev_err=32.88%, es_counter1=4, es_counter2=4
2026-02-27 15:37:22,049 - lg_cotrain - INFO - Phase 3 epoch 10: dev_macro_f1=0.6361, dev_err=32.88%, es_counter1=0, es_counter2=0
2026-02-27 15:37:24,993 - lg_cotrain - INFO - Phase 3 epoch 11: dev_macro_f1=0.6361, dev_err=32.88%, es_counter1=1, es_counter2=1
2026-02-27 15:37:27,908 - lg_cotrain - INFO - Phase 3 epoch 12: dev_macro_f1=0.6327, dev_err=33.15%, es_counter1=2, es_counter2=2
2026-02-27 15:37:30,823 - lg_cotrain - INFO - Phase 3 epoch 13: dev_macro_f1=0.6321, dev_err=33.29%, es_counter1=3, es_counter2=3
2026-02-27 15:37:33,731 - lg_cotrain - INFO - Phase 3 epoch 14: dev_macro_f1=0.6333, dev_err=33.15%, es_counter1=4, es_counter2=4
2026-02-27 15:37:36,646 - lg_cotrain - INFO - Phase 3 epoch 15: dev_macro_f1=0.6367, dev_err=32.75%, es_counter1=0, es_counter2=0
2026-02-27 15:37:39,565 - lg_cotrain - INFO - Phase 3 epoch 16: dev_macro_f1=0.6374, dev_err=32.61%, es_counter1=0, es_counter2=0
2026-02-27 15:37:42,491 - lg_cotrain - INFO - Phase 3 epoch 17: dev_macro_f1=0.6376, dev_err=32.61%, es_counter1=0, es_counter2=0
2026-02-27 15:37:45,388 - lg_cotrain - INFO - Phase 3 epoch 18: dev_macro_f1=0.6346, dev_err=32.88%, es_counter1=1, es_counter2=1
2026-02-27 15:37:48,278 - lg_cotrain - INFO - Phase 3 epoch 19: dev_macro_f1=0.6338, dev_err=33.02%, es_counter1=2, es_counter2=2
2026-02-27 15:37:51,285 - lg_cotrain - INFO - Phase 3 epoch 20: dev_macro_f1=0.6338, dev_err=33.02%, es_counter1=3, es_counter2=3
2026-02-27 15:37:54,264 - lg_cotrain - INFO - Phase 3 epoch 21: dev_macro_f1=0.6300, dev_err=33.15%, es_counter1=4, es_counter2=4
2026-02-27 15:37:57,158 - lg_cotrain - INFO - Phase 3 epoch 22: dev_macro_f1=0.6300, dev_err=33.15%, es_counter1=5, es_counter2=5
2026-02-27 15:38:00,072 - lg_cotrain - INFO - Phase 3 epoch 23: dev_macro_f1=0.6306, dev_err=33.02%, es_counter1=6, es_counter2=6
2026-02-27 15:38:00,073 - lg_cotrain - INFO - Early stopping at epoch 23
2026-02-27 15:38:00,082 - lg_cotrain - INFO - === Final Evaluation ===
2026-02-27 15:38:07,677 - lg_cotrain - INFO - Results saved to C:\Users\anhtr\AppData\Local\Temp\tmpk1f5dxny\hurricane_maria_2017\5_set1\metrics.json
2026-02-27 15:38:07,677 - lg_cotrain - INFO - Test error rate: 32.39%, Test macro-F1: 0.6439, Test ECE: 0.2563
2026-02-27 15:38:07,690 - lg_cotrain - INFO - --- Trial 3/10 done: dev_macro_f1=0.6376 ---
2026-02-27 15:38:07,690 - lg_cotrain - INFO - --- Trial 4/10 ---
2026-02-27 15:38:08,253 - lg_cotrain - INFO - Starting LG-CoTrain: event=hurricane_maria_2017, budget=5, seed_set=1
2026-02-27 15:38:08,286 - lg_cotrain - INFO - Detected 9 classes for event hurricane_maria_2017: ['caution_and_advice', 'displaced_people_and_evacuations', 'infrastructure_and_utility_damage', 'injured_or_dead_people', 'not_humanitarian', 'other_relevant_information', 'requests_or_urgent_needs', 'rescue_volunteering_or_donation_effort', 'sympathy_and_support']
2026-02-27 15:38:08,295 - lg_cotrain - INFO - D_l1: 27, D_l2: 18, D_LG: 5049
2026-02-27 15:38:08,297 - lg_cotrain - INFO - === Phase 1: Weight Generation ===
2026-02-27 15:38:24,853 - lg_cotrain - INFO - Phase 1 epoch 1/7: mean_prob1=0.1198, mean_prob2=0.1126
2026-02-27 15:38:40,334 - lg_cotrain - INFO - Phase 1 epoch 2/7: mean_prob1=0.1080, mean_prob2=0.1215
2026-02-27 15:38:55,914 - lg_cotrain - INFO - Phase 1 epoch 3/7: mean_prob1=0.1119, mean_prob2=0.1179
2026-02-27 15:39:11,467 - lg_cotrain - INFO - Phase 1 epoch 4/7: mean_prob1=0.1165, mean_prob2=0.1141
2026-02-27 15:39:26,893 - lg_cotrain - INFO - Phase 1 epoch 5/7: mean_prob1=0.1213, mean_prob2=0.1156
2026-02-27 15:39:42,529 - lg_cotrain - INFO - Phase 1 epoch 6/7: mean_prob1=0.1284, mean_prob2=0.1201
2026-02-27 15:39:58,189 - lg_cotrain - INFO - Phase 1 epoch 7/7: mean_prob1=0.1320, mean_prob2=0.1242
2026-02-27 15:39:58,189 - lg_cotrain - INFO - === Phase 2: Co-Training ===
2026-02-27 15:39:59,294 - lg_cotrain - INFO - LR scheduler: total_steps_1=1364, warmup=199; total_steps_2=1364, warmup=199
2026-02-27 15:39:59,295 - lg_cotrain - INFO - Phase 1 done -> seeded Phase 2 trackers. lambda1: mean=0.1320, range=[0.0407, 0.3021]
2026-02-27 15:39:59,295 - lg_cotrain - INFO - Phase 1 done -> seeded Phase 2 trackers. lambda2: mean=0.1242, range=[0.0163, 0.4290]
2026-02-27 15:40:58,085 - lg_cotrain - INFO - Phase 2 epoch 1/16: loss1=0.2246, loss2=0.2322, dev_macro_f1=0.1896, dev_err=53.91%
2026-02-27 15:41:56,756 - lg_cotrain - INFO - Phase 2 epoch 2/16: loss1=0.0947, loss2=0.1825, dev_macro_f1=0.5025, dev_err=36.93%
2026-02-27 15:42:55,503 - lg_cotrain - INFO - Phase 2 epoch 3/16: loss1=0.0451, loss2=0.1905, dev_macro_f1=0.6011, dev_err=35.31%
2026-02-27 15:43:54,258 - lg_cotrain - INFO - Phase 2 epoch 4/16: loss1=0.0240, loss2=0.1351, dev_macro_f1=0.6406, dev_err=32.08%
2026-02-27 15:44:53,902 - lg_cotrain - INFO - Phase 2 epoch 5/16: loss1=0.0153, loss2=0.0900, dev_macro_f1=0.6161, dev_err=33.83%
2026-02-27 15:45:54,776 - lg_cotrain - INFO - Phase 2 epoch 6/16: loss1=0.0175, loss2=0.0605, dev_macro_f1=0.6212, dev_err=33.42%
2026-02-27 15:46:55,140 - lg_cotrain - INFO - Phase 2 epoch 7/16: loss1=0.0223, loss2=0.0334, dev_macro_f1=0.6222, dev_err=33.69%
2026-02-27 15:47:55,564 - lg_cotrain - INFO - Phase 2 epoch 8/16: loss1=0.0141, loss2=0.0248, dev_macro_f1=0.6330, dev_err=32.88%
2026-02-27 15:48:56,082 - lg_cotrain - INFO - Phase 2 epoch 9/16: loss1=0.0079, loss2=0.0161, dev_macro_f1=0.6252, dev_err=32.88%
2026-02-27 15:49:56,444 - lg_cotrain - INFO - Phase 2 epoch 10/16: loss1=0.0050, loss2=0.0101, dev_macro_f1=0.6264, dev_err=33.02%
2026-02-27 15:50:56,542 - lg_cotrain - INFO - Phase 2 epoch 11/16: loss1=0.0071, loss2=0.0073, dev_macro_f1=0.6262, dev_err=32.88%
2026-02-27 15:51:56,807 - lg_cotrain - INFO - Phase 2 epoch 12/16: loss1=0.0058, loss2=0.0068, dev_macro_f1=0.6379, dev_err=32.08%
2026-02-27 15:52:57,331 - lg_cotrain - INFO - Phase 2 epoch 13/16: loss1=0.0060, loss2=0.0052, dev_macro_f1=0.6454, dev_err=32.08%
2026-02-27 15:53:58,159 - lg_cotrain - INFO - Phase 2 epoch 14/16: loss1=0.0046, loss2=0.0047, dev_macro_f1=0.6487, dev_err=31.54%
2026-02-27 15:54:58,155 - lg_cotrain - INFO - Phase 2 epoch 15/16: loss1=0.0047, loss2=0.0034, dev_macro_f1=0.6451, dev_err=31.81%
2026-02-27 15:55:57,672 - lg_cotrain - INFO - Phase 2 epoch 16/16: loss1=0.0037, loss2=0.0031, dev_macro_f1=0.6448, dev_err=31.54%
2026-02-27 15:55:57,672 - lg_cotrain - INFO - === Phase 3: Fine-Tuning ===
2026-02-27 15:56:00,139 - lg_cotrain - INFO - Phase 3 epoch 1: dev_macro_f1=0.6463, dev_err=31.67%, es_counter1=0, es_counter2=0
2026-02-27 15:56:02,444 - lg_cotrain - INFO - Phase 3 epoch 2: dev_macro_f1=0.6455, dev_err=31.67%, es_counter1=1, es_counter2=1
2026-02-27 15:56:04,757 - lg_cotrain - INFO - Phase 3 epoch 3: dev_macro_f1=0.6410, dev_err=31.81%, es_counter1=2, es_counter2=2
2026-02-27 15:56:07,070 - lg_cotrain - INFO - Phase 3 epoch 4: dev_macro_f1=0.6434, dev_err=31.54%, es_counter1=3, es_counter2=3
2026-02-27 15:56:09,412 - lg_cotrain - INFO - Phase 3 epoch 5: dev_macro_f1=0.6476, dev_err=31.40%, es_counter1=0, es_counter2=0
2026-02-27 15:56:11,730 - lg_cotrain - INFO - Phase 3 epoch 6: dev_macro_f1=0.6431, dev_err=31.81%, es_counter1=1, es_counter2=1
2026-02-27 15:56:14,042 - lg_cotrain - INFO - Phase 3 epoch 7: dev_macro_f1=0.6362, dev_err=32.21%, es_counter1=2, es_counter2=2
2026-02-27 15:56:16,348 - lg_cotrain - INFO - Phase 3 epoch 8: dev_macro_f1=0.6439, dev_err=31.67%, es_counter1=3, es_counter2=3
2026-02-27 15:56:18,672 - lg_cotrain - INFO - Phase 3 epoch 9: dev_macro_f1=0.6398, dev_err=31.94%, es_counter1=4, es_counter2=4
2026-02-27 15:56:18,673 - lg_cotrain - INFO - Early stopping at epoch 9
2026-02-27 15:56:18,681 - lg_cotrain - INFO - === Final Evaluation ===
2026-02-27 15:56:24,927 - lg_cotrain - INFO - Results saved to C:\Users\anhtr\AppData\Local\Temp\tmp4q9vp_e9\hurricane_maria_2017\5_set1\metrics.json
2026-02-27 15:56:24,927 - lg_cotrain - INFO - Test error rate: 32.04%, Test macro-F1: 0.6503, Test ECE: 0.2451
2026-02-27 15:56:24,936 - lg_cotrain - INFO - --- Trial 4/10 done: dev_macro_f1=0.6476 ---
2026-02-27 15:56:24,936 - lg_cotrain - INFO - --- Trial 5/10 ---
2026-02-27 15:56:25,520 - lg_cotrain - INFO - Starting LG-CoTrain: event=hurricane_maria_2017, budget=5, seed_set=1
2026-02-27 15:56:25,556 - lg_cotrain - INFO - Detected 9 classes for event hurricane_maria_2017: ['caution_and_advice', 'displaced_people_and_evacuations', 'infrastructure_and_utility_damage', 'injured_or_dead_people', 'not_humanitarian', 'other_relevant_information', 'requests_or_urgent_needs', 'rescue_volunteering_or_donation_effort', 'sympathy_and_support']
2026-02-27 15:56:25,566 - lg_cotrain - INFO - D_l1: 27, D_l2: 18, D_LG: 5049
2026-02-27 15:56:25,567 - lg_cotrain - INFO - === Phase 1: Weight Generation ===
2026-02-27 15:56:45,789 - lg_cotrain - INFO - Phase 1 epoch 1/7: mean_prob1=0.0925, mean_prob2=0.0950
2026-02-27 15:57:04,798 - lg_cotrain - INFO - Phase 1 epoch 2/7: mean_prob1=0.1051, mean_prob2=0.0996
2026-02-27 15:57:23,913 - lg_cotrain - INFO - Phase 1 epoch 3/7: mean_prob1=0.1086, mean_prob2=0.1013
2026-02-27 15:57:42,840 - lg_cotrain - INFO - Phase 1 epoch 4/7: mean_prob1=0.1123, mean_prob2=0.1004
2026-02-27 15:58:01,804 - lg_cotrain - INFO - Phase 1 epoch 5/7: mean_prob1=0.1218, mean_prob2=0.1078
2026-02-27 15:58:20,900 - lg_cotrain - INFO - Phase 1 epoch 6/7: mean_prob1=0.1251, mean_prob2=0.1124
2026-02-27 15:58:39,918 - lg_cotrain - INFO - Phase 1 epoch 7/7: mean_prob1=0.1352, mean_prob2=0.1028
2026-02-27 15:58:39,919 - lg_cotrain - INFO - === Phase 2: Co-Training ===
2026-02-27 15:58:41,032 - lg_cotrain - INFO - LR scheduler: total_steps_1=13040, warmup=650; total_steps_2=12940, warmup=645
2026-02-27 15:58:41,033 - lg_cotrain - INFO - Phase 1 done -> seeded Phase 2 trackers. lambda1: mean=0.1352, range=[0.0386, 0.3527]
2026-02-27 15:58:41,033 - lg_cotrain - INFO - Phase 1 done -> seeded Phase 2 trackers. lambda2: mean=0.1028, range=[0.0206, 0.3335]
2026-02-27 16:00:04,748 - lg_cotrain - INFO - Phase 2 epoch 1/20: loss1=0.1328, loss2=0.1516, dev_macro_f1=0.5353, dev_err=35.04%
2026-02-27 16:01:27,849 - lg_cotrain - INFO - Phase 2 epoch 2/20: loss1=0.1199, loss2=0.9442, dev_macro_f1=0.0476, dev_err=72.78%
2026-02-27 16:02:53,873 - lg_cotrain - INFO - Phase 2 epoch 3/20: loss1=0.0993, loss2=0.8337, dev_macro_f1=0.0476, dev_err=72.78%
2026-02-27 16:04:19,513 - lg_cotrain - INFO - Phase 2 epoch 4/20: loss1=0.0802, loss2=0.7732, dev_macro_f1=0.0476, dev_err=72.78%
2026-02-27 16:05:44,611 - lg_cotrain - INFO - Phase 2 epoch 5/20: loss1=0.0770, loss2=0.7247, dev_macro_f1=0.0476, dev_err=72.78%
2026-02-27 16:07:07,319 - lg_cotrain - INFO - Phase 2 epoch 6/20: loss1=0.0765, loss2=0.6867, dev_macro_f1=0.0476, dev_err=72.78%
2026-02-27 16:08:30,857 - lg_cotrain - INFO - Phase 2 epoch 7/20: loss1=0.0749, loss2=0.6557, dev_macro_f1=0.0476, dev_err=72.78%
2026-02-27 16:09:53,990 - lg_cotrain - INFO - Phase 2 epoch 8/20: loss1=0.0750, loss2=0.6283, dev_macro_f1=0.0476, dev_err=72.78%
2026-02-27 16:11:18,841 - lg_cotrain - INFO - Phase 2 epoch 9/20: loss1=0.0738, loss2=0.6058, dev_macro_f1=0.0476, dev_err=72.78%
2026-02-27 16:12:42,680 - lg_cotrain - INFO - Phase 2 epoch 10/20: loss1=0.0728, loss2=0.5837, dev_macro_f1=0.0476, dev_err=72.78%
2026-02-27 16:14:05,782 - lg_cotrain - INFO - Phase 2 epoch 11/20: loss1=0.0727, loss2=0.5641, dev_macro_f1=0.0476, dev_err=72.78%
2026-02-27 16:15:28,941 - lg_cotrain - INFO - Phase 2 epoch 12/20: loss1=0.0706, loss2=0.5493, dev_macro_f1=0.0476, dev_err=72.78%
2026-02-27 16:16:52,014 - lg_cotrain - INFO - Phase 2 epoch 13/20: loss1=0.0709, loss2=0.5352, dev_macro_f1=0.0476, dev_err=72.78%
2026-02-27 16:18:15,216 - lg_cotrain - INFO - Phase 2 epoch 14/20: loss1=0.0695, loss2=0.5206, dev_macro_f1=0.0476, dev_err=72.78%
2026-02-27 16:19:38,325 - lg_cotrain - INFO - Phase 2 epoch 15/20: loss1=0.0701, loss2=0.5078, dev_macro_f1=0.0476, dev_err=72.78%
2026-02-27 16:21:01,457 - lg_cotrain - INFO - Phase 2 epoch 16/20: loss1=0.0691, loss2=0.4971, dev_macro_f1=0.0476, dev_err=72.78%
2026-02-27 16:22:24,523 - lg_cotrain - INFO - Phase 2 epoch 17/20: loss1=0.0687, loss2=0.4871, dev_macro_f1=0.0476, dev_err=72.78%
2026-02-27 16:23:47,490 - lg_cotrain - INFO - Phase 2 epoch 18/20: loss1=0.0681, loss2=0.4760, dev_macro_f1=0.0476, dev_err=72.78%
2026-02-27 16:25:10,539 - lg_cotrain - INFO - Phase 2 epoch 19/20: loss1=0.0682, loss2=0.4679, dev_macro_f1=0.0476, dev_err=72.78%
2026-02-27 16:26:33,328 - lg_cotrain - INFO - Phase 2 epoch 20/20: loss1=0.0675, loss2=0.4584, dev_macro_f1=0.0476, dev_err=72.78%
2026-02-27 16:26:33,328 - lg_cotrain - INFO - === Phase 3: Fine-Tuning ===
2026-02-27 16:26:36,197 - lg_cotrain - INFO - Phase 3 epoch 1: dev_macro_f1=0.0476, dev_err=72.78%, es_counter1=0, es_counter2=0
2026-02-27 16:26:39,051 - lg_cotrain - INFO - Phase 3 epoch 2: dev_macro_f1=0.0476, dev_err=72.78%, es_counter1=1, es_counter2=1
2026-02-27 16:26:41,899 - lg_cotrain - INFO - Phase 3 epoch 3: dev_macro_f1=0.0476, dev_err=72.78%, es_counter1=2, es_counter2=2
2026-02-27 16:26:44,747 - lg_cotrain - INFO - Phase 3 epoch 4: dev_macro_f1=0.0476, dev_err=72.78%, es_counter1=3, es_counter2=3
2026-02-27 16:26:47,592 - lg_cotrain - INFO - Phase 3 epoch 5: dev_macro_f1=0.0476, dev_err=72.78%, es_counter1=4, es_counter2=4
2026-02-27 16:26:50,427 - lg_cotrain - INFO - Phase 3 epoch 6: dev_macro_f1=0.0476, dev_err=72.78%, es_counter1=5, es_counter2=5
2026-02-27 16:26:53,285 - lg_cotrain - INFO - Phase 3 epoch 7: dev_macro_f1=0.0476, dev_err=72.78%, es_counter1=6, es_counter2=6
2026-02-27 16:26:56,126 - lg_cotrain - INFO - Phase 3 epoch 8: dev_macro_f1=0.0476, dev_err=72.78%, es_counter1=7, es_counter2=7
2026-02-27 16:26:56,126 - lg_cotrain - INFO - Early stopping at epoch 8
2026-02-27 16:26:56,135 - lg_cotrain - INFO - === Final Evaluation ===
2026-02-27 16:27:03,568 - lg_cotrain - INFO - Results saved to C:\Users\anhtr\AppData\Local\Temp\tmp06c9ddk8\hurricane_maria_2017\5_set1\metrics.json
2026-02-27 16:27:03,568 - lg_cotrain - INFO - Test error rate: 72.88%, Test macro-F1: 0.0474, Test ECE: 0.5217
2026-02-27 16:27:03,579 - lg_cotrain - INFO - --- Trial 5/10 done: dev_macro_f1=0.0476 ---
2026-02-27 16:27:03,579 - lg_cotrain - INFO - --- Trial 6/10 ---
2026-02-27 16:27:04,172 - lg_cotrain - INFO - Starting LG-CoTrain: event=hurricane_maria_2017, budget=5, seed_set=1
2026-02-27 16:27:04,204 - lg_cotrain - INFO - Detected 9 classes for event hurricane_maria_2017: ['caution_and_advice', 'displaced_people_and_evacuations', 'infrastructure_and_utility_damage', 'injured_or_dead_people', 'not_humanitarian', 'other_relevant_information', 'requests_or_urgent_needs', 'rescue_volunteering_or_donation_effort', 'sympathy_and_support']
2026-02-27 16:27:04,211 - lg_cotrain - INFO - D_l1: 27, D_l2: 18, D_LG: 5049
2026-02-27 16:27:04,213 - lg_cotrain - INFO - === Phase 1: Weight Generation ===
2026-02-27 16:27:21,164 - lg_cotrain - INFO - Phase 1 epoch 1/7: mean_prob1=0.1261, mean_prob2=0.1252
2026-02-27 16:27:36,981 - lg_cotrain - INFO - Phase 1 epoch 2/7: mean_prob1=0.1234, mean_prob2=0.1205
2026-02-27 16:27:52,864 - lg_cotrain - INFO - Phase 1 epoch 3/7: mean_prob1=0.1194, mean_prob2=0.1160
2026-02-27 16:28:08,852 - lg_cotrain - INFO - Phase 1 epoch 4/7: mean_prob1=0.1140, mean_prob2=0.1133
2026-02-27 16:28:24,839 - lg_cotrain - INFO - Phase 1 epoch 5/7: mean_prob1=0.1112, mean_prob2=0.1170
2026-02-27 16:28:40,716 - lg_cotrain - INFO - Phase 1 epoch 6/7: mean_prob1=0.1104, mean_prob2=0.1209
2026-02-27 16:28:56,594 - lg_cotrain - INFO - Phase 1 epoch 7/7: mean_prob1=0.1132, mean_prob2=0.1231
2026-02-27 16:28:56,595 - lg_cotrain - INFO - === Phase 2: Co-Training ===
2026-02-27 16:28:57,739 - lg_cotrain - INFO - LR scheduler: total_steps_1=1522, warmup=59; total_steps_2=1522, warmup=59
2026-02-27 16:28:57,739 - lg_cotrain - INFO - Phase 1 done -> seeded Phase 2 trackers. lambda1: mean=0.1132, range=[0.0464, 0.2216]
2026-02-27 16:28:57,740 - lg_cotrain - INFO - Phase 1 done -> seeded Phase 2 trackers. lambda2: mean=0.1231, range=[0.0206, 0.3044]
2026-02-27 16:30:00,547 - lg_cotrain - INFO - Phase 2 epoch 1/9: loss1=0.1796, loss2=0.1699, dev_macro_f1=0.4499, dev_err=40.16%
2026-02-27 16:31:03,293 - lg_cotrain - INFO - Phase 2 epoch 2/9: loss1=0.0763, loss2=0.1643, dev_macro_f1=0.6063, dev_err=34.77%
2026-02-27 16:32:06,026 - lg_cotrain - INFO - Phase 2 epoch 3/9: loss1=0.0451, loss2=0.1416, dev_macro_f1=0.6304, dev_err=32.88%
2026-02-27 16:33:08,763 - lg_cotrain - INFO - Phase 2 epoch 4/9: loss1=0.0263, loss2=0.1096, dev_macro_f1=0.6352, dev_err=32.48%
2026-02-27 16:34:11,623 - lg_cotrain - INFO - Phase 2 epoch 5/9: loss1=0.0195, loss2=0.0709, dev_macro_f1=0.6335, dev_err=32.08%
2026-02-27 16:35:14,350 - lg_cotrain - INFO - Phase 2 epoch 6/9: loss1=0.0156, loss2=0.0512, dev_macro_f1=0.6168, dev_err=33.42%
2026-02-27 16:36:17,204 - lg_cotrain - INFO - Phase 2 epoch 7/9: loss1=0.0121, loss2=0.0350, dev_macro_f1=0.6270, dev_err=33.02%
2026-02-27 16:37:20,029 - lg_cotrain - INFO - Phase 2 epoch 8/9: loss1=0.0096, loss2=0.0277, dev_macro_f1=0.6286, dev_err=32.61%
2026-02-27 16:38:22,868 - lg_cotrain - INFO - Phase 2 epoch 9/9: loss1=0.0105, loss2=0.0263, dev_macro_f1=0.6335, dev_err=32.48%
2026-02-27 16:38:22,868 - lg_cotrain - INFO - === Phase 3: Fine-Tuning ===
2026-02-27 16:38:25,265 - lg_cotrain - INFO - Phase 3 epoch 1: dev_macro_f1=0.6279, dev_err=32.61%, es_counter1=0, es_counter2=0
2026-02-27 16:38:27,651 - lg_cotrain - INFO - Phase 3 epoch 2: dev_macro_f1=0.6278, dev_err=32.61%, es_counter1=1, es_counter2=1
2026-02-27 16:38:30,063 - lg_cotrain - INFO - Phase 3 epoch 3: dev_macro_f1=0.6295, dev_err=32.48%, es_counter1=0, es_counter2=0
2026-02-27 16:38:32,447 - lg_cotrain - INFO - Phase 3 epoch 4: dev_macro_f1=0.6246, dev_err=32.75%, es_counter1=1, es_counter2=1
2026-02-27 16:38:34,821 - lg_cotrain - INFO - Phase 3 epoch 5: dev_macro_f1=0.6232, dev_err=32.88%, es_counter1=2, es_counter2=2
2026-02-27 16:38:37,226 - lg_cotrain - INFO - Phase 3 epoch 6: dev_macro_f1=0.6355, dev_err=32.61%, es_counter1=0, es_counter2=0
2026-02-27 16:38:39,612 - lg_cotrain - INFO - Phase 3 epoch 7: dev_macro_f1=0.6346, dev_err=32.48%, es_counter1=1, es_counter2=1
2026-02-27 16:38:41,990 - lg_cotrain - INFO - Phase 3 epoch 8: dev_macro_f1=0.6326, dev_err=32.48%, es_counter1=2, es_counter2=2
2026-02-27 16:38:44,388 - lg_cotrain - INFO - Phase 3 epoch 9: dev_macro_f1=0.6413, dev_err=32.08%, es_counter1=0, es_counter2=0
2026-02-27 16:38:46,767 - lg_cotrain - INFO - Phase 3 epoch 10: dev_macro_f1=0.6372, dev_err=32.48%, es_counter1=1, es_counter2=1
2026-02-27 16:38:49,171 - lg_cotrain - INFO - Phase 3 epoch 11: dev_macro_f1=0.6421, dev_err=32.21%, es_counter1=0, es_counter2=0
2026-02-27 16:38:51,540 - lg_cotrain - INFO - Phase 3 epoch 12: dev_macro_f1=0.6386, dev_err=32.35%, es_counter1=1, es_counter2=1
2026-02-27 16:38:53,910 - lg_cotrain - INFO - Phase 3 epoch 13: dev_macro_f1=0.6368, dev_err=32.48%, es_counter1=2, es_counter2=2
2026-02-27 16:38:56,287 - lg_cotrain - INFO - Phase 3 epoch 14: dev_macro_f1=0.6363, dev_err=32.61%, es_counter1=3, es_counter2=3
2026-02-27 16:38:58,676 - lg_cotrain - INFO - Phase 3 epoch 15: dev_macro_f1=0.6359, dev_err=32.48%, es_counter1=4, es_counter2=4
2026-02-27 16:39:01,044 - lg_cotrain - INFO - Phase 3 epoch 16: dev_macro_f1=0.6330, dev_err=32.48%, es_counter1=5, es_counter2=5
2026-02-27 16:39:01,045 - lg_cotrain - INFO - Early stopping at epoch 16
2026-02-27 16:39:01,056 - lg_cotrain - INFO - === Final Evaluation ===
2026-02-27 16:39:07,461 - lg_cotrain - INFO - Results saved to C:\Users\anhtr\AppData\Local\Temp\tmpdlkw2pqa\hurricane_maria_2017\5_set1\metrics.json
2026-02-27 16:39:07,461 - lg_cotrain - INFO - Test error rate: 31.07%, Test macro-F1: 0.6634, Test ECE: 0.2261
2026-02-27 16:39:07,471 - lg_cotrain - INFO - --- Trial 6/10 done: dev_macro_f1=0.6421 ---
2026-02-27 16:39:07,471 - lg_cotrain - INFO - --- Trial 7/10 ---
2026-02-27 16:39:08,046 - lg_cotrain - INFO - Starting LG-CoTrain: event=hurricane_maria_2017, budget=5, seed_set=1
2026-02-27 16:39:08,078 - lg_cotrain - INFO - Detected 9 classes for event hurricane_maria_2017: ['caution_and_advice', 'displaced_people_and_evacuations', 'infrastructure_and_utility_damage', 'injured_or_dead_people', 'not_humanitarian', 'other_relevant_information', 'requests_or_urgent_needs', 'rescue_volunteering_or_donation_effort', 'sympathy_and_support']
2026-02-27 16:39:08,086 - lg_cotrain - INFO - D_l1: 27, D_l2: 18, D_LG: 5049
2026-02-27 16:39:08,088 - lg_cotrain - INFO - === Phase 1: Weight Generation ===
2026-02-27 16:39:26,508 - lg_cotrain - INFO - Phase 1 epoch 1/7: mean_prob1=0.1280, mean_prob2=0.1245
2026-02-27 16:39:43,947 - lg_cotrain - INFO - Phase 1 epoch 2/7: mean_prob1=0.1262, mean_prob2=0.1197
2026-02-27 16:40:02,537 - lg_cotrain - INFO - Phase 1 epoch 3/7: mean_prob1=0.1239, mean_prob2=0.1132
2026-02-27 16:40:20,827 - lg_cotrain - INFO - Phase 1 epoch 4/7: mean_prob1=0.1205, mean_prob2=0.1092
2026-02-27 16:40:38,387 - lg_cotrain - INFO - Phase 1 epoch 5/7: mean_prob1=0.1160, mean_prob2=0.1086
2026-02-27 16:40:55,881 - lg_cotrain - INFO - Phase 1 epoch 6/7: mean_prob1=0.1138, mean_prob2=0.1095
2026-02-27 16:41:13,364 - lg_cotrain - INFO - Phase 1 epoch 7/7: mean_prob1=0.1121, mean_prob2=0.1132
2026-02-27 16:41:13,364 - lg_cotrain - INFO - === Phase 2: Co-Training ===
2026-02-27 16:41:14,553 - lg_cotrain - INFO - LR scheduler: total_steps_1=2096, warmup=450; total_steps_2=2096, warmup=450
2026-02-27 16:41:14,554 - lg_cotrain - INFO - Phase 1 done -> seeded Phase 2 trackers. lambda1: mean=0.1121, range=[0.0362, 0.2270]
2026-02-27 16:41:14,554 - lg_cotrain - INFO - Phase 1 done -> seeded Phase 2 trackers. lambda2: mean=0.1132, range=[0.0210, 0.2935]
2026-02-27 16:42:25,983 - lg_cotrain - INFO - Phase 2 epoch 1/6: loss1=0.1989, loss2=0.2012, dev_macro_f1=0.2736, dev_err=52.43%
2026-02-27 16:43:40,919 - lg_cotrain - INFO - Phase 2 epoch 2/6: loss1=0.0905, loss2=0.1730, dev_macro_f1=0.5542, dev_err=36.52%
2026-02-27 16:44:53,647 - lg_cotrain - INFO - Phase 2 epoch 3/6: loss1=0.0450, loss2=0.1533, dev_macro_f1=0.6136, dev_err=33.69%
2026-02-27 16:46:07,393 - lg_cotrain - INFO - Phase 2 epoch 4/6: loss1=0.0284, loss2=0.1115, dev_macro_f1=0.6298, dev_err=32.35%
2026-02-27 16:47:20,861 - lg_cotrain - INFO - Phase 2 epoch 5/6: loss1=0.0209, loss2=0.0813, dev_macro_f1=0.6209, dev_err=32.88%
2026-02-27 16:48:35,164 - lg_cotrain - INFO - Phase 2 epoch 6/6: loss1=0.0178, loss2=0.0658, dev_macro_f1=0.6195, dev_err=33.02%
2026-02-27 16:48:35,164 - lg_cotrain - INFO - === Phase 3: Fine-Tuning ===
2026-02-27 16:48:37,897 - lg_cotrain - INFO - Phase 3 epoch 1: dev_macro_f1=0.6228, dev_err=32.75%, es_counter1=0, es_counter2=0
2026-02-27 16:48:40,682 - lg_cotrain - INFO - Phase 3 epoch 2: dev_macro_f1=0.6231, dev_err=32.75%, es_counter1=0, es_counter2=0
2026-02-27 16:48:43,432 - lg_cotrain - INFO - Phase 3 epoch 3: dev_macro_f1=0.6304, dev_err=32.48%, es_counter1=0, es_counter2=0
2026-02-27 16:48:46,165 - lg_cotrain - INFO - Phase 3 epoch 4: dev_macro_f1=0.6328, dev_err=32.21%, es_counter1=0, es_counter2=0
2026-02-27 16:48:48,899 - lg_cotrain - INFO - Phase 3 epoch 5: dev_macro_f1=0.6302, dev_err=32.48%, es_counter1=1, es_counter2=1
2026-02-27 16:48:51,594 - lg_cotrain - INFO - Phase 3 epoch 6: dev_macro_f1=0.6300, dev_err=32.48%, es_counter1=2, es_counter2=2
2026-02-27 16:48:54,315 - lg_cotrain - INFO - Phase 3 epoch 7: dev_macro_f1=0.6284, dev_err=32.35%, es_counter1=3, es_counter2=3
2026-02-27 16:48:57,004 - lg_cotrain - INFO - Phase 3 epoch 8: dev_macro_f1=0.6280, dev_err=32.21%, es_counter1=4, es_counter2=4
2026-02-27 16:48:57,005 - lg_cotrain - INFO - Early stopping at epoch 8
2026-02-27 16:48:57,017 - lg_cotrain - INFO - === Final Evaluation ===
2026-02-27 16:49:04,250 - lg_cotrain - INFO - Results saved to C:\Users\anhtr\AppData\Local\Temp\tmp5gel17fa\hurricane_maria_2017\5_set1\metrics.json
2026-02-27 16:49:04,251 - lg_cotrain - INFO - Test error rate: 31.55%, Test macro-F1: 0.6564, Test ECE: 0.2056
2026-02-27 16:49:04,260 - lg_cotrain - INFO - --- Trial 7/10 done: dev_macro_f1=0.6328 ---
2026-02-27 16:49:04,260 - lg_cotrain - INFO - --- Trial 8/10 ---
2026-02-27 16:49:04,861 - lg_cotrain - INFO - Starting LG-CoTrain: event=hurricane_maria_2017, budget=5, seed_set=1
2026-02-27 16:49:04,896 - lg_cotrain - INFO - Detected 9 classes for event hurricane_maria_2017: ['caution_and_advice', 'displaced_people_and_evacuations', 'infrastructure_and_utility_damage', 'injured_or_dead_people', 'not_humanitarian', 'other_relevant_information', 'requests_or_urgent_needs', 'rescue_volunteering_or_donation_effort', 'sympathy_and_support']
2026-02-27 16:49:04,904 - lg_cotrain - INFO - D_l1: 27, D_l2: 18, D_LG: 5049
2026-02-27 16:49:04,906 - lg_cotrain - INFO - === Phase 1: Weight Generation ===
2026-02-27 16:49:25,470 - lg_cotrain - INFO - Phase 1 epoch 1/7: mean_prob1=0.1000, mean_prob2=0.0945
2026-02-27 16:49:44,750 - lg_cotrain - INFO - Phase 1 epoch 2/7: mean_prob1=0.1135, mean_prob2=0.0987
2026-02-27 16:50:04,258 - lg_cotrain - INFO - Phase 1 epoch 3/7: mean_prob1=0.1147, mean_prob2=0.1003
2026-02-27 16:50:23,634 - lg_cotrain - INFO - Phase 1 epoch 4/7: mean_prob1=0.1070, mean_prob2=0.1057
2026-02-27 16:50:43,120 - lg_cotrain - INFO - Phase 1 epoch 5/7: mean_prob1=0.1203, mean_prob2=0.1003
2026-02-27 16:51:02,734 - lg_cotrain - INFO - Phase 1 epoch 6/7: mean_prob1=0.1357, mean_prob2=0.1080
2026-02-27 16:51:21,998 - lg_cotrain - INFO - Phase 1 epoch 7/7: mean_prob1=0.1724, mean_prob2=0.1302
2026-02-27 16:51:21,998 - lg_cotrain - INFO - === Phase 2: Co-Training ===
2026-02-27 16:51:23,048 - lg_cotrain - INFO - LR scheduler: total_steps_1=7352, warmup=1060; total_steps_2=7252, warmup=1045
2026-02-27 16:51:23,050 - lg_cotrain - INFO - Phase 1 done -> seeded Phase 2 trackers. lambda1: mean=0.1724, range=[0.0204, 0.4145]
2026-02-27 16:51:23,050 - lg_cotrain - INFO - Phase 1 done -> seeded Phase 2 trackers. lambda2: mean=0.1302, range=[0.0435, 0.2470]
2026-02-27 16:52:46,843 - lg_cotrain - INFO - Phase 2 epoch 1/11: loss1=0.1407, loss2=0.1592, dev_macro_f1=0.6341, dev_err=29.78%
2026-02-27 16:54:10,303 - lg_cotrain - INFO - Phase 2 epoch 2/11: loss1=0.1407, loss2=1.0625, dev_macro_f1=0.0363, dev_err=80.46%
2026-02-27 16:55:33,458 - lg_cotrain - INFO - Phase 2 epoch 3/11: loss1=0.1171, loss2=0.9707, dev_macro_f1=0.0476, dev_err=72.78%
2026-02-27 16:56:56,768 - lg_cotrain - INFO - Phase 2 epoch 4/11: loss1=0.1054, loss2=0.8834, dev_macro_f1=0.0476, dev_err=72.78%
2026-02-27 16:58:20,093 - lg_cotrain - INFO - Phase 2 epoch 5/11: loss1=0.1022, loss2=0.8155, dev_macro_f1=0.0476, dev_err=72.78%
2026-02-27 16:59:43,328 - lg_cotrain - INFO - Phase 2 epoch 6/11: loss1=0.1020, loss2=0.7653, dev_macro_f1=0.0476, dev_err=72.78%
2026-02-27 17:01:07,708 - lg_cotrain - INFO - Phase 2 epoch 7/11: loss1=0.1026, loss2=0.7297, dev_macro_f1=0.0476, dev_err=72.78%
2026-02-27 17:02:31,876 - lg_cotrain - INFO - Phase 2 epoch 8/11: loss1=0.1044, loss2=0.6975, dev_macro_f1=0.0476, dev_err=72.78%
2026-02-27 17:03:55,751 - lg_cotrain - INFO - Phase 2 epoch 9/11: loss1=0.1050, loss2=0.6724, dev_macro_f1=0.0476, dev_err=72.78%
2026-02-27 17:05:20,713 - lg_cotrain - INFO - Phase 2 epoch 10/11: loss1=0.1047, loss2=0.6484, dev_macro_f1=0.0476, dev_err=72.78%
2026-02-27 17:06:44,248 - lg_cotrain - INFO - Phase 2 epoch 11/11: loss1=0.1056, loss2=0.6279, dev_macro_f1=0.0476, dev_err=72.78%
2026-02-27 17:06:44,248 - lg_cotrain - INFO - === Phase 3: Fine-Tuning ===
2026-02-27 17:06:47,132 - lg_cotrain - INFO - Phase 3 epoch 1: dev_macro_f1=0.0476, dev_err=72.78%, es_counter1=0, es_counter2=0
2026-02-27 17:06:49,997 - lg_cotrain - INFO - Phase 3 epoch 2: dev_macro_f1=0.0476, dev_err=72.78%, es_counter1=1, es_counter2=1
2026-02-27 17:06:52,845 - lg_cotrain - INFO - Phase 3 epoch 3: dev_macro_f1=0.0476, dev_err=72.78%, es_counter1=2, es_counter2=2
2026-02-27 17:06:55,685 - lg_cotrain - INFO - Phase 3 epoch 4: dev_macro_f1=0.0476, dev_err=72.78%, es_counter1=3, es_counter2=3
2026-02-27 17:06:58,533 - lg_cotrain - INFO - Phase 3 epoch 5: dev_macro_f1=0.0476, dev_err=72.78%, es_counter1=4, es_counter2=4
2026-02-27 17:07:01,389 - lg_cotrain - INFO - Phase 3 epoch 6: dev_macro_f1=0.0476, dev_err=72.78%, es_counter1=5, es_counter2=5
2026-02-27 17:07:04,297 - lg_cotrain - INFO - Phase 3 epoch 7: dev_macro_f1=0.0476, dev_err=72.78%, es_counter1=6, es_counter2=6
2026-02-27 17:07:07,276 - lg_cotrain - INFO - Phase 3 epoch 8: dev_macro_f1=0.0476, dev_err=72.78%, es_counter1=7, es_counter2=7
2026-02-27 17:07:07,276 - lg_cotrain - INFO - Early stopping at epoch 8
2026-02-27 17:07:07,286 - lg_cotrain - INFO - === Final Evaluation ===
2026-02-27 17:07:14,915 - lg_cotrain - INFO - Results saved to C:\Users\anhtr\AppData\Local\Temp\tmpfyb2e2vy\hurricane_maria_2017\5_set1\metrics.json
2026-02-27 17:07:14,916 - lg_cotrain - INFO - Test error rate: 72.88%, Test macro-F1: 0.0474, Test ECE: 0.3281
2026-02-27 17:07:14,927 - lg_cotrain - INFO - --- Trial 8/10 done: dev_macro_f1=0.0476 ---
2026-02-27 17:07:14,927 - lg_cotrain - INFO - --- Trial 9/10 ---
2026-02-27 17:07:15,489 - lg_cotrain - INFO - Starting LG-CoTrain: event=hurricane_maria_2017, budget=5, seed_set=1
2026-02-27 17:07:15,517 - lg_cotrain - INFO - Detected 9 classes for event hurricane_maria_2017: ['caution_and_advice', 'displaced_people_and_evacuations', 'infrastructure_and_utility_damage', 'injured_or_dead_people', 'not_humanitarian', 'other_relevant_information', 'requests_or_urgent_needs', 'rescue_volunteering_or_donation_effort', 'sympathy_and_support']
2026-02-27 17:07:15,524 - lg_cotrain - INFO - D_l1: 27, D_l2: 18, D_LG: 5049
2026-02-27 17:07:15,525 - lg_cotrain - INFO - === Phase 1: Weight Generation ===
2026-02-27 17:07:34,067 - lg_cotrain - INFO - Phase 1 epoch 1/7: mean_prob1=0.1011, mean_prob2=0.0942
2026-02-27 17:07:52,063 - lg_cotrain - INFO - Phase 1 epoch 2/7: mean_prob1=0.1013, mean_prob2=0.0917
2026-02-27 17:08:09,880 - lg_cotrain - INFO - Phase 1 epoch 3/7: mean_prob1=0.1055, mean_prob2=0.0916
2026-02-27 17:08:27,615 - lg_cotrain - INFO - Phase 1 epoch 4/7: mean_prob1=0.1110, mean_prob2=0.0922
2026-02-27 17:08:45,367 - lg_cotrain - INFO - Phase 1 epoch 5/7: mean_prob1=0.1138, mean_prob2=0.0960
2026-02-27 17:09:03,095 - lg_cotrain - INFO - Phase 1 epoch 6/7: mean_prob1=0.1384, mean_prob2=0.1021
2026-02-27 17:09:21,159 - lg_cotrain - INFO - Phase 1 epoch 7/7: mean_prob1=0.1456, mean_prob2=0.1136
2026-02-27 17:09:21,159 - lg_cotrain - INFO - === Phase 2: Co-Training ===
2026-02-27 17:09:22,256 - lg_cotrain - INFO - LR scheduler: total_steps_1=3044, warmup=225; total_steps_2=3044, warmup=225
2026-02-27 17:09:22,257 - lg_cotrain - INFO - Phase 1 done -> seeded Phase 2 trackers. lambda1: mean=0.1456, range=[0.0310, 0.4447]
2026-02-27 17:09:22,257 - lg_cotrain - INFO - Phase 1 done -> seeded Phase 2 trackers. lambda2: mean=0.1136, range=[0.0256, 0.3603]
2026-02-27 17:10:34,733 - lg_cotrain - INFO - Phase 2 epoch 1/9: loss1=0.1343, loss2=0.1590, dev_macro_f1=0.6325, dev_err=31.40%
2026-02-27 17:11:46,508 - lg_cotrain - INFO - Phase 2 epoch 2/9: loss1=0.0556, loss2=0.3431, dev_macro_f1=0.6128, dev_err=33.96%
2026-02-27 17:12:58,956 - lg_cotrain - INFO - Phase 2 epoch 3/9: loss1=0.0364, loss2=0.2972, dev_macro_f1=0.6179, dev_err=33.83%
2026-02-27 17:14:10,182 - lg_cotrain - INFO - Phase 2 epoch 4/9: loss1=0.0369, loss2=0.2023, dev_macro_f1=0.6612, dev_err=31.54%
2026-02-27 17:15:22,467 - lg_cotrain - INFO - Phase 2 epoch 5/9: loss1=0.0273, loss2=0.1230, dev_macro_f1=0.6418, dev_err=32.08%
2026-02-27 17:16:34,375 - lg_cotrain - INFO - Phase 2 epoch 6/9: loss1=0.0250, loss2=0.0882, dev_macro_f1=0.6568, dev_err=30.86%
2026-02-27 17:17:46,228 - lg_cotrain - INFO - Phase 2 epoch 7/9: loss1=0.0192, loss2=0.0386, dev_macro_f1=0.6570, dev_err=31.67%
2026-02-27 17:18:58,095 - lg_cotrain - INFO - Phase 2 epoch 8/9: loss1=0.0063, loss2=0.0151, dev_macro_f1=0.6420, dev_err=32.08%
2026-02-27 17:20:11,027 - lg_cotrain - INFO - Phase 2 epoch 9/9: loss1=0.0065, loss2=0.0104, dev_macro_f1=0.6453, dev_err=31.81%
2026-02-27 17:20:11,027 - lg_cotrain - INFO - === Phase 3: Fine-Tuning ===
2026-02-27 17:20:13,818 - lg_cotrain - INFO - Phase 3 epoch 1: dev_macro_f1=0.6504, dev_err=31.54%, es_counter1=0, es_counter2=0
2026-02-27 17:20:16,500 - lg_cotrain - INFO - Phase 3 epoch 2: dev_macro_f1=0.6486, dev_err=31.67%, es_counter1=1, es_counter2=1
2026-02-27 17:20:19,251 - lg_cotrain - INFO - Phase 3 epoch 3: dev_macro_f1=0.6508, dev_err=31.67%, es_counter1=0, es_counter2=0
2026-02-27 17:20:21,981 - lg_cotrain - INFO - Phase 3 epoch 4: dev_macro_f1=0.6505, dev_err=31.81%, es_counter1=1, es_counter2=1
2026-02-27 17:20:24,696 - lg_cotrain - INFO - Phase 3 epoch 5: dev_macro_f1=0.6378, dev_err=32.61%, es_counter1=2, es_counter2=2
2026-02-27 17:20:27,446 - lg_cotrain - INFO - Phase 3 epoch 6: dev_macro_f1=0.6366, dev_err=32.48%, es_counter1=3, es_counter2=3
2026-02-27 17:20:30,152 - lg_cotrain - INFO - Phase 3 epoch 7: dev_macro_f1=0.6473, dev_err=31.94%, es_counter1=4, es_counter2=4
2026-02-27 17:20:32,872 - lg_cotrain - INFO - Phase 3 epoch 8: dev_macro_f1=0.6405, dev_err=32.35%, es_counter1=5, es_counter2=5
2026-02-27 17:20:35,636 - lg_cotrain - INFO - Phase 3 epoch 9: dev_macro_f1=0.6325, dev_err=32.75%, es_counter1=6, es_counter2=6
2026-02-27 17:20:38,354 - lg_cotrain - INFO - Phase 3 epoch 10: dev_macro_f1=0.6345, dev_err=32.61%, es_counter1=7, es_counter2=7
2026-02-27 17:20:41,058 - lg_cotrain - INFO - Phase 3 epoch 11: dev_macro_f1=0.6273, dev_err=32.88%, es_counter1=8, es_counter2=8
2026-02-27 17:20:41,058 - lg_cotrain - INFO - Early stopping at epoch 11
2026-02-27 17:20:41,071 - lg_cotrain - INFO - === Final Evaluation ===
2026-02-27 17:20:48,366 - lg_cotrain - INFO - Results saved to C:\Users\anhtr\AppData\Local\Temp\tmp6yehso83\hurricane_maria_2017\5_set1\metrics.json
2026-02-27 17:20:48,366 - lg_cotrain - INFO - Test error rate: 33.36%, Test macro-F1: 0.6244, Test ECE: 0.2459
2026-02-27 17:20:48,378 - lg_cotrain - INFO - --- Trial 9/10 done: dev_macro_f1=0.6508 ---
2026-02-27 17:20:48,379 - lg_cotrain - INFO - --- Trial 10/10 ---
2026-02-27 17:20:48,968 - lg_cotrain - INFO - Starting LG-CoTrain: event=hurricane_maria_2017, budget=5, seed_set=1
2026-02-27 17:20:49,003 - lg_cotrain - INFO - Detected 9 classes for event hurricane_maria_2017: ['caution_and_advice', 'displaced_people_and_evacuations', 'infrastructure_and_utility_damage', 'injured_or_dead_people', 'not_humanitarian', 'other_relevant_information', 'requests_or_urgent_needs', 'rescue_volunteering_or_donation_effort', 'sympathy_and_support']
2026-02-27 17:20:49,012 - lg_cotrain - INFO - D_l1: 27, D_l2: 18, D_LG: 5049
2026-02-27 17:20:49,013 - lg_cotrain - INFO - === Phase 1: Weight Generation ===
2026-02-27 17:21:09,482 - lg_cotrain - INFO - Phase 1 epoch 1/7: mean_prob1=0.0993, mean_prob2=0.0944
2026-02-27 17:21:28,520 - lg_cotrain - INFO - Phase 1 epoch 2/7: mean_prob1=0.1189, mean_prob2=0.0985
2026-02-27 17:21:47,967 - lg_cotrain - INFO - Phase 1 epoch 3/7: mean_prob1=0.1179, mean_prob2=0.1002
2026-02-27 17:22:07,345 - lg_cotrain - INFO - Phase 1 epoch 4/7: mean_prob1=0.1048, mean_prob2=0.0988
2026-02-27 17:22:26,717 - lg_cotrain - INFO - Phase 1 epoch 5/7: mean_prob1=0.1248, mean_prob2=0.1041
2026-02-27 17:22:45,740 - lg_cotrain - INFO - Phase 1 epoch 6/7: mean_prob1=0.0976, mean_prob2=0.1060
2026-02-27 17:23:04,617 - lg_cotrain - INFO - Phase 1 epoch 7/7: mean_prob1=0.0996, mean_prob2=0.1112
2026-02-27 17:23:04,617 - lg_cotrain - INFO - === Phase 2: Co-Training ===
2026-02-27 17:23:05,654 - lg_cotrain - INFO - LR scheduler: total_steps_1=12408, warmup=2396; total_steps_2=12308, warmup=2377
2026-02-27 17:23:05,655 - lg_cotrain - INFO - Phase 1 done -> seeded Phase 2 trackers. lambda1: mean=0.0996, range=[0.0343, 0.2264]
2026-02-27 17:23:05,655 - lg_cotrain - INFO - Phase 1 done -> seeded Phase 2 trackers. lambda2: mean=0.1112, range=[0.0230, 0.3507]
2026-02-27 17:24:29,014 - lg_cotrain - INFO - Phase 2 epoch 1/19: loss1=0.1385, loss2=0.1265, dev_macro_f1=0.6475, dev_err=29.51%
2026-02-27 17:25:55,554 - lg_cotrain - INFO - Phase 2 epoch 2/19: loss1=0.0528, loss2=0.4208, dev_macro_f1=0.5894, dev_err=33.83%
2026-02-27 17:27:20,691 - lg_cotrain - INFO - Phase 2 epoch 3/19: loss1=0.2819, loss2=1.0520, dev_macro_f1=0.0476, dev_err=72.78%
2026-02-27 17:28:44,468 - lg_cotrain - INFO - Phase 2 epoch 4/19: loss1=0.1653, loss2=1.3731, dev_macro_f1=0.0476, dev_err=72.78%
2026-02-27 17:30:07,901 - lg_cotrain - INFO - Phase 2 epoch 5/19: loss1=0.0979, loss2=1.2530, dev_macro_f1=0.0476, dev_err=72.78%
2026-02-27 17:31:30,950 - lg_cotrain - INFO - Phase 2 epoch 6/19: loss1=0.0722, loss2=1.1629, dev_macro_f1=0.0476, dev_err=72.78%
2026-02-27 17:32:53,785 - lg_cotrain - INFO - Phase 2 epoch 7/19: loss1=0.0670, loss2=1.0948, dev_macro_f1=0.0476, dev_err=72.78%
2026-02-27 17:34:17,030 - lg_cotrain - INFO - Phase 2 epoch 8/19: loss1=0.0680, loss2=1.0405, dev_macro_f1=0.0476, dev_err=72.78%
2026-02-27 17:35:40,204 - lg_cotrain - INFO - Phase 2 epoch 9/19: loss1=0.0673, loss2=0.9944, dev_macro_f1=0.0476, dev_err=72.78%
2026-02-27 17:37:06,615 - lg_cotrain - INFO - Phase 2 epoch 10/19: loss1=0.0676, loss2=0.9482, dev_macro_f1=0.0476, dev_err=72.78%
2026-02-27 17:38:29,603 - lg_cotrain - INFO - Phase 2 epoch 11/19: loss1=0.0668, loss2=0.9105, dev_macro_f1=0.0476, dev_err=72.78%
2026-02-27 17:39:55,270 - lg_cotrain - INFO - Phase 2 epoch 12/19: loss1=0.0669, loss2=0.8829, dev_macro_f1=0.0476, dev_err=72.78%
2026-02-27 17:41:19,284 - lg_cotrain - INFO - Phase 2 epoch 13/19: loss1=0.0685, loss2=0.8547, dev_macro_f1=0.0476, dev_err=72.78%
2026-02-27 17:42:42,079 - lg_cotrain - INFO - Phase 2 epoch 14/19: loss1=0.0684, loss2=0.8309, dev_macro_f1=0.0476, dev_err=72.78%
2026-02-27 17:44:05,285 - lg_cotrain - INFO - Phase 2 epoch 15/19: loss1=0.0694, loss2=0.8074, dev_macro_f1=0.0476, dev_err=72.78%
2026-02-27 17:45:27,696 - lg_cotrain - INFO - Phase 2 epoch 16/19: loss1=0.0701, loss2=0.7862, dev_macro_f1=0.0476, dev_err=72.78%
2026-02-27 17:46:50,086 - lg_cotrain - INFO - Phase 2 epoch 17/19: loss1=0.0703, loss2=0.7681, dev_macro_f1=0.0476, dev_err=72.78%
2026-02-27 17:48:12,482 - lg_cotrain - INFO - Phase 2 epoch 18/19: loss1=0.0706, loss2=0.7496, dev_macro_f1=0.0476, dev_err=72.78%
2026-02-27 17:49:36,904 - lg_cotrain - INFO - Phase 2 epoch 19/19: loss1=0.0717, loss2=0.7335, dev_macro_f1=0.0476, dev_err=72.78%
2026-02-27 17:49:36,904 - lg_cotrain - INFO - === Phase 3: Fine-Tuning ===
2026-02-27 17:49:39,804 - lg_cotrain - INFO - Phase 3 epoch 1: dev_macro_f1=0.0476, dev_err=72.78%, es_counter1=0, es_counter2=0
2026-02-27 17:49:42,716 - lg_cotrain - INFO - Phase 3 epoch 2: dev_macro_f1=0.0476, dev_err=72.78%, es_counter1=1, es_counter2=1
2026-02-27 17:49:45,605 - lg_cotrain - INFO - Phase 3 epoch 3: dev_macro_f1=0.0476, dev_err=72.78%, es_counter1=2, es_counter2=2
2026-02-27 17:49:48,543 - lg_cotrain - INFO - Phase 3 epoch 4: dev_macro_f1=0.0476, dev_err=72.78%, es_counter1=3, es_counter2=3
2026-02-27 17:49:51,451 - lg_cotrain - INFO - Phase 3 epoch 5: dev_macro_f1=0.0476, dev_err=72.78%, es_counter1=4, es_counter2=4
2026-02-27 17:49:54,391 - lg_cotrain - INFO - Phase 3 epoch 6: dev_macro_f1=0.0476, dev_err=72.78%, es_counter1=5, es_counter2=5
2026-02-27 17:49:57,347 - lg_cotrain - INFO - Phase 3 epoch 7: dev_macro_f1=0.0476, dev_err=72.78%, es_counter1=6, es_counter2=6
2026-02-27 17:50:00,294 - lg_cotrain - INFO - Phase 3 epoch 8: dev_macro_f1=0.0476, dev_err=72.78%, es_counter1=7, es_counter2=7
2026-02-27 17:50:03,276 - lg_cotrain - INFO - Phase 3 epoch 9: dev_macro_f1=0.0476, dev_err=72.78%, es_counter1=8, es_counter2=8
2026-02-27 17:50:03,276 - lg_cotrain - INFO - Early stopping at epoch 9
2026-02-27 17:50:03,286 - lg_cotrain - INFO - === Final Evaluation ===
2026-02-27 17:50:11,020 - lg_cotrain - INFO - Results saved to C:\Users\anhtr\AppData\Local\Temp\tmp5p0txzqx\hurricane_maria_2017\5_set1\metrics.json
2026-02-27 17:50:11,020 - lg_cotrain - INFO - Test error rate: 72.88%, Test macro-F1: 0.0474, Test ECE: 0.4141
2026-02-27 17:50:11,030 - lg_cotrain - INFO - --- Trial 10/10 done: dev_macro_f1=0.0476 ---
