2026-02-23 13:11:11,493 - lg_cotrain - INFO - === Optuna study: canada_wildfires_2016 budget=5 seed=1 | target=10 trials, 0 replayed, 10 new ===
2026-02-23 13:11:11,493 - lg_cotrain - INFO - --- Trial 1/10 ---
2026-02-23 13:11:12,038 - lg_cotrain - INFO - Starting LG-CoTrain: event=canada_wildfires_2016, budget=5, seed_set=1
2026-02-23 13:11:12,098 - lg_cotrain - INFO - Detected 8 classes for event canada_wildfires_2016: ['caution_and_advice', 'displaced_people_and_evacuations', 'infrastructure_and_utility_damage', 'not_humanitarian', 'other_relevant_information', 'requests_or_urgent_needs', 'rescue_volunteering_or_donation_effort', 'sympathy_and_support']
2026-02-23 13:11:12,105 - lg_cotrain - INFO - D_l1: 24, D_l2: 16, D_LG: 1529
2026-02-23 13:11:12,107 - lg_cotrain - INFO - === Phase 1: Weight Generation ===
2026-02-23 13:11:19,015 - lg_cotrain - INFO - Phase 1 epoch 1/7: mean_prob1=0.1194, mean_prob2=0.1181
2026-02-23 13:11:24,658 - lg_cotrain - INFO - Phase 1 epoch 2/7: mean_prob1=0.1227, mean_prob2=0.1323
2026-02-23 13:11:30,151 - lg_cotrain - INFO - Phase 1 epoch 3/7: mean_prob1=0.1475, mean_prob2=0.1235
2026-02-23 13:11:35,658 - lg_cotrain - INFO - Phase 1 epoch 4/7: mean_prob1=0.1127, mean_prob2=0.1243
2026-02-23 13:11:41,023 - lg_cotrain - INFO - Phase 1 epoch 5/7: mean_prob1=0.1537, mean_prob2=0.1156
2026-02-23 13:11:46,353 - lg_cotrain - INFO - Phase 1 epoch 6/7: mean_prob1=0.1191, mean_prob2=0.1183
2026-02-23 13:11:51,682 - lg_cotrain - INFO - Phase 1 epoch 7/7: mean_prob1=0.1260, mean_prob2=0.1236
2026-02-23 13:11:51,684 - lg_cotrain - INFO - === Phase 2: Co-Training ===
2026-02-23 13:11:52,714 - lg_cotrain - INFO - LR scheduler: total_steps_1=580, warmup=67; total_steps_2=580, warmup=67
2026-02-23 13:11:52,715 - lg_cotrain - INFO - Phase 1 done -> seeded Phase 2 trackers. lambda1: mean=0.1260, range=[0.0325, 0.2314]
2026-02-23 13:11:52,715 - lg_cotrain - INFO - Phase 1 done -> seeded Phase 2 trackers. lambda2: mean=0.1236, range=[0.0470, 0.1855]
2026-02-23 13:12:12,604 - lg_cotrain - INFO - Phase 2 epoch 1/20: loss1=0.1885, loss2=0.1870, dev_macro_f1=0.3811, dev_err=28.07%
2026-02-23 13:12:33,210 - lg_cotrain - INFO - Phase 2 epoch 2/20: loss1=0.0723, loss2=0.3295, dev_macro_f1=0.3814, dev_err=29.82%
2026-02-23 13:12:53,924 - lg_cotrain - INFO - Phase 2 epoch 3/20: loss1=0.0777, loss2=1.0431, dev_macro_f1=0.0735, dev_err=58.33%
2026-02-23 13:13:13,875 - lg_cotrain - INFO - Phase 2 epoch 4/20: loss1=0.1321, loss2=1.0391, dev_macro_f1=0.0735, dev_err=58.33%
2026-02-23 13:13:33,779 - lg_cotrain - INFO - Phase 2 epoch 5/20: loss1=0.1072, loss2=0.9473, dev_macro_f1=0.0735, dev_err=58.33%
2026-02-23 13:13:53,719 - lg_cotrain - INFO - Phase 2 epoch 6/20: loss1=0.0747, loss2=0.8954, dev_macro_f1=0.0735, dev_err=58.33%
2026-02-23 13:14:14,204 - lg_cotrain - INFO - Phase 2 epoch 7/20: loss1=0.0560, loss2=0.8339, dev_macro_f1=0.0735, dev_err=58.33%
2026-02-23 13:14:34,435 - lg_cotrain - INFO - Phase 2 epoch 8/20: loss1=0.0487, loss2=0.7889, dev_macro_f1=0.0735, dev_err=58.33%
2026-02-23 13:14:54,919 - lg_cotrain - INFO - Phase 2 epoch 9/20: loss1=0.0453, loss2=0.7603, dev_macro_f1=0.0735, dev_err=58.33%
2026-02-23 13:15:15,596 - lg_cotrain - INFO - Phase 2 epoch 10/20: loss1=0.0394, loss2=0.7335, dev_macro_f1=0.0735, dev_err=58.33%
2026-02-23 13:15:35,628 - lg_cotrain - INFO - Phase 2 epoch 11/20: loss1=0.0396, loss2=0.7074, dev_macro_f1=0.0735, dev_err=58.33%
2026-02-23 13:15:55,581 - lg_cotrain - INFO - Phase 2 epoch 12/20: loss1=0.0378, loss2=0.6696, dev_macro_f1=0.0735, dev_err=58.33%
2026-02-23 13:16:15,745 - lg_cotrain - INFO - Phase 2 epoch 13/20: loss1=0.0348, loss2=0.6559, dev_macro_f1=0.0735, dev_err=58.33%
2026-02-23 13:16:35,822 - lg_cotrain - INFO - Phase 2 epoch 14/20: loss1=0.0339, loss2=0.6341, dev_macro_f1=0.0735, dev_err=58.33%
2026-02-23 13:16:56,185 - lg_cotrain - INFO - Phase 2 epoch 15/20: loss1=0.0310, loss2=0.6191, dev_macro_f1=0.0735, dev_err=58.33%
2026-02-23 13:17:16,873 - lg_cotrain - INFO - Phase 2 epoch 16/20: loss1=0.0262, loss2=0.6013, dev_macro_f1=0.0735, dev_err=58.33%
2026-02-23 13:17:37,918 - lg_cotrain - INFO - Phase 2 epoch 17/20: loss1=0.0235, loss2=0.5833, dev_macro_f1=0.0735, dev_err=58.33%
2026-02-23 13:17:58,888 - lg_cotrain - INFO - Phase 2 epoch 18/20: loss1=0.0216, loss2=0.5701, dev_macro_f1=0.0735, dev_err=58.33%
2026-02-23 13:18:19,439 - lg_cotrain - INFO - Phase 2 epoch 19/20: loss1=0.0186, loss2=0.5572, dev_macro_f1=0.0735, dev_err=58.33%
2026-02-23 13:18:40,122 - lg_cotrain - INFO - Phase 2 epoch 20/20: loss1=0.0165, loss2=0.5426, dev_macro_f1=0.0735, dev_err=58.33%
2026-02-23 13:18:40,122 - lg_cotrain - INFO - === Phase 3: Fine-Tuning ===
2026-02-23 13:18:41,065 - lg_cotrain - INFO - Phase 3 epoch 1: dev_macro_f1=0.0735, dev_err=58.33%, es_counter1=0, es_counter2=0
2026-02-23 13:18:41,999 - lg_cotrain - INFO - Phase 3 epoch 2: dev_macro_f1=0.0735, dev_err=58.33%, es_counter1=1, es_counter2=1
2026-02-23 13:18:42,919 - lg_cotrain - INFO - Phase 3 epoch 3: dev_macro_f1=0.0735, dev_err=58.33%, es_counter1=2, es_counter2=2
2026-02-23 13:18:43,841 - lg_cotrain - INFO - Phase 3 epoch 4: dev_macro_f1=0.0735, dev_err=58.33%, es_counter1=3, es_counter2=3
2026-02-23 13:18:44,756 - lg_cotrain - INFO - Phase 3 epoch 5: dev_macro_f1=0.0735, dev_err=58.33%, es_counter1=4, es_counter2=4
2026-02-23 13:18:45,681 - lg_cotrain - INFO - Phase 3 epoch 6: dev_macro_f1=0.0735, dev_err=58.33%, es_counter1=5, es_counter2=5
2026-02-23 13:18:46,633 - lg_cotrain - INFO - Phase 3 epoch 7: dev_macro_f1=0.0247, dev_err=89.04%, es_counter1=6, es_counter2=6
2026-02-23 13:18:46,633 - lg_cotrain - INFO - Early stopping at epoch 7
2026-02-23 13:18:46,644 - lg_cotrain - INFO - === Final Evaluation ===
2026-02-23 13:18:48,762 - lg_cotrain - INFO - Results saved to C:\Users\anhtr\AppData\Local\Temp\tmptq36k_82\canada_wildfires_2016\5_set1\metrics.json
2026-02-23 13:18:48,762 - lg_cotrain - INFO - Test error rate: 58.20%, Test macro-F1: 0.0737, Test ECE: 0.4233
2026-02-23 13:18:48,772 - lg_cotrain - INFO - --- Trial 1/10 done: dev_macro_f1=0.0735 ---
2026-02-23 13:18:48,772 - lg_cotrain - INFO - --- Trial 2/10 ---
2026-02-23 13:18:49,332 - lg_cotrain - INFO - Starting LG-CoTrain: event=canada_wildfires_2016, budget=5, seed_set=1
2026-02-23 13:18:49,346 - lg_cotrain - INFO - Detected 8 classes for event canada_wildfires_2016: ['caution_and_advice', 'displaced_people_and_evacuations', 'infrastructure_and_utility_damage', 'not_humanitarian', 'other_relevant_information', 'requests_or_urgent_needs', 'rescue_volunteering_or_donation_effort', 'sympathy_and_support']
2026-02-23 13:18:49,352 - lg_cotrain - INFO - D_l1: 24, D_l2: 16, D_LG: 1529
2026-02-23 13:18:49,353 - lg_cotrain - INFO - === Phase 1: Weight Generation ===
2026-02-23 13:18:56,942 - lg_cotrain - INFO - Phase 1 epoch 1/7: mean_prob1=0.1095, mean_prob2=0.1355
2026-02-23 13:19:03,431 - lg_cotrain - INFO - Phase 1 epoch 2/7: mean_prob1=0.1221, mean_prob2=0.1341
2026-02-23 13:19:10,010 - lg_cotrain - INFO - Phase 1 epoch 3/7: mean_prob1=0.1405, mean_prob2=0.1310
2026-02-23 13:19:16,572 - lg_cotrain - INFO - Phase 1 epoch 4/7: mean_prob1=0.1415, mean_prob2=0.1291
2026-02-23 13:19:23,100 - lg_cotrain - INFO - Phase 1 epoch 5/7: mean_prob1=0.1407, mean_prob2=0.1286
2026-02-23 13:19:29,737 - lg_cotrain - INFO - Phase 1 epoch 6/7: mean_prob1=0.1520, mean_prob2=0.1285
2026-02-23 13:19:36,585 - lg_cotrain - INFO - Phase 1 epoch 7/7: mean_prob1=0.1483, mean_prob2=0.1319
2026-02-23 13:19:36,585 - lg_cotrain - INFO - === Phase 2: Co-Training ===
2026-02-23 13:19:37,589 - lg_cotrain - INFO - LR scheduler: total_steps_1=1836, warmup=121; total_steps_2=1736, warmup=114
2026-02-23 13:19:37,589 - lg_cotrain - INFO - Phase 1 done -> seeded Phase 2 trackers. lambda1: mean=0.1483, range=[0.0361, 0.3101]
2026-02-23 13:19:37,591 - lg_cotrain - INFO - Phase 1 done -> seeded Phase 2 trackers. lambda2: mean=0.1319, range=[0.0239, 0.3779]
2026-02-23 13:20:06,794 - lg_cotrain - INFO - Phase 2 epoch 1/8: loss1=0.2012, loss2=0.2112, dev_macro_f1=0.4814, dev_err=25.44%
2026-02-23 13:20:35,811 - lg_cotrain - INFO - Phase 2 epoch 2/8: loss1=0.0637, loss2=0.1683, dev_macro_f1=0.5139, dev_err=24.56%
2026-02-23 13:21:05,203 - lg_cotrain - INFO - Phase 2 epoch 3/8: loss1=0.0306, loss2=0.1480, dev_macro_f1=0.5314, dev_err=24.12%
2026-02-23 13:21:34,620 - lg_cotrain - INFO - Phase 2 epoch 4/8: loss1=0.0200, loss2=0.0892, dev_macro_f1=0.5583, dev_err=21.93%
2026-02-23 13:22:04,601 - lg_cotrain - INFO - Phase 2 epoch 5/8: loss1=0.0099, loss2=0.0399, dev_macro_f1=0.5268, dev_err=23.68%
2026-02-23 13:22:33,374 - lg_cotrain - INFO - Phase 2 epoch 6/8: loss1=0.0057, loss2=0.0257, dev_macro_f1=0.5436, dev_err=22.37%
2026-02-23 13:23:03,932 - lg_cotrain - INFO - Phase 2 epoch 7/8: loss1=0.0055, loss2=0.0168, dev_macro_f1=0.5540, dev_err=21.93%
2026-02-23 13:23:35,556 - lg_cotrain - INFO - Phase 2 epoch 8/8: loss1=0.0052, loss2=0.0120, dev_macro_f1=0.5445, dev_err=23.25%
2026-02-23 13:23:35,556 - lg_cotrain - INFO - === Phase 3: Fine-Tuning ===
2026-02-23 13:23:36,880 - lg_cotrain - INFO - Phase 3 epoch 1: dev_macro_f1=0.5445, dev_err=22.81%, es_counter1=0, es_counter2=0
2026-02-23 13:23:38,203 - lg_cotrain - INFO - Phase 3 epoch 2: dev_macro_f1=0.5554, dev_err=22.81%, es_counter1=0, es_counter2=0
2026-02-23 13:23:39,518 - lg_cotrain - INFO - Phase 3 epoch 3: dev_macro_f1=0.5553, dev_err=22.81%, es_counter1=1, es_counter2=1
2026-02-23 13:23:40,820 - lg_cotrain - INFO - Phase 3 epoch 4: dev_macro_f1=0.5536, dev_err=23.25%, es_counter1=2, es_counter2=2
2026-02-23 13:23:42,144 - lg_cotrain - INFO - Phase 3 epoch 5: dev_macro_f1=0.5454, dev_err=24.12%, es_counter1=3, es_counter2=3
2026-02-23 13:23:43,368 - lg_cotrain - INFO - Phase 3 epoch 6: dev_macro_f1=0.5439, dev_err=24.12%, es_counter1=4, es_counter2=4
2026-02-23 13:23:44,528 - lg_cotrain - INFO - Phase 3 epoch 7: dev_macro_f1=0.5387, dev_err=24.12%, es_counter1=5, es_counter2=5
2026-02-23 13:23:45,777 - lg_cotrain - INFO - Phase 3 epoch 8: dev_macro_f1=0.5479, dev_err=23.68%, es_counter1=6, es_counter2=6
2026-02-23 13:23:47,041 - lg_cotrain - INFO - Phase 3 epoch 9: dev_macro_f1=0.5618, dev_err=22.81%, es_counter1=0, es_counter2=0
2026-02-23 13:23:48,200 - lg_cotrain - INFO - Phase 3 epoch 10: dev_macro_f1=0.5534, dev_err=23.25%, es_counter1=1, es_counter2=1
2026-02-23 13:23:49,363 - lg_cotrain - INFO - Phase 3 epoch 11: dev_macro_f1=0.5581, dev_err=22.81%, es_counter1=2, es_counter2=2
2026-02-23 13:23:50,522 - lg_cotrain - INFO - Phase 3 epoch 12: dev_macro_f1=0.5581, dev_err=22.81%, es_counter1=3, es_counter2=3
2026-02-23 13:23:51,705 - lg_cotrain - INFO - Phase 3 epoch 13: dev_macro_f1=0.5644, dev_err=22.37%, es_counter1=0, es_counter2=0
2026-02-23 13:23:52,865 - lg_cotrain - INFO - Phase 3 epoch 14: dev_macro_f1=0.5548, dev_err=22.81%, es_counter1=1, es_counter2=1
2026-02-23 13:23:54,038 - lg_cotrain - INFO - Phase 3 epoch 15: dev_macro_f1=0.5548, dev_err=22.81%, es_counter1=2, es_counter2=2
2026-02-23 13:23:55,203 - lg_cotrain - INFO - Phase 3 epoch 16: dev_macro_f1=0.5548, dev_err=22.81%, es_counter1=3, es_counter2=3
2026-02-23 13:23:56,359 - lg_cotrain - INFO - Phase 3 epoch 17: dev_macro_f1=0.5500, dev_err=23.25%, es_counter1=4, es_counter2=4
2026-02-23 13:23:57,529 - lg_cotrain - INFO - Phase 3 epoch 18: dev_macro_f1=0.5500, dev_err=23.25%, es_counter1=5, es_counter2=5
2026-02-23 13:23:58,701 - lg_cotrain - INFO - Phase 3 epoch 19: dev_macro_f1=0.5500, dev_err=23.25%, es_counter1=6, es_counter2=6
2026-02-23 13:23:59,868 - lg_cotrain - INFO - Phase 3 epoch 20: dev_macro_f1=0.5500, dev_err=23.25%, es_counter1=7, es_counter2=7
2026-02-23 13:23:59,868 - lg_cotrain - INFO - Early stopping at epoch 20
2026-02-23 13:23:59,877 - lg_cotrain - INFO - === Final Evaluation ===
2026-02-23 13:24:02,516 - lg_cotrain - INFO - Results saved to C:\Users\anhtr\AppData\Local\Temp\tmpsfl9jrlz\canada_wildfires_2016\5_set1\metrics.json
2026-02-23 13:24:02,517 - lg_cotrain - INFO - Test error rate: 23.37%, Test macro-F1: 0.5616, Test ECE: 0.1285
2026-02-23 13:24:02,528 - lg_cotrain - INFO - --- Trial 2/10 done: dev_macro_f1=0.5644 ---
2026-02-23 13:24:02,528 - lg_cotrain - INFO - --- Trial 3/10 ---
2026-02-23 13:24:03,116 - lg_cotrain - INFO - Starting LG-CoTrain: event=canada_wildfires_2016, budget=5, seed_set=1
2026-02-23 13:24:03,127 - lg_cotrain - INFO - Detected 8 classes for event canada_wildfires_2016: ['caution_and_advice', 'displaced_people_and_evacuations', 'infrastructure_and_utility_damage', 'not_humanitarian', 'other_relevant_information', 'requests_or_urgent_needs', 'rescue_volunteering_or_donation_effort', 'sympathy_and_support']
2026-02-23 13:24:03,131 - lg_cotrain - INFO - D_l1: 24, D_l2: 16, D_LG: 1529
2026-02-23 13:24:03,132 - lg_cotrain - INFO - === Phase 1: Weight Generation ===
2026-02-23 13:24:10,046 - lg_cotrain - INFO - Phase 1 epoch 1/7: mean_prob1=0.1389, mean_prob2=0.1241
2026-02-23 13:24:15,972 - lg_cotrain - INFO - Phase 1 epoch 2/7: mean_prob1=0.1019, mean_prob2=0.1318
2026-02-23 13:24:21,866 - lg_cotrain - INFO - Phase 1 epoch 3/7: mean_prob1=0.1126, mean_prob2=0.1117
2026-02-23 13:24:27,814 - lg_cotrain - INFO - Phase 1 epoch 4/7: mean_prob1=0.1490, mean_prob2=0.1325
2026-02-23 13:24:33,654 - lg_cotrain - INFO - Phase 1 epoch 5/7: mean_prob1=0.1391, mean_prob2=0.1345
2026-02-23 13:24:39,834 - lg_cotrain - INFO - Phase 1 epoch 6/7: mean_prob1=0.1328, mean_prob2=0.1348
2026-02-23 13:24:45,947 - lg_cotrain - INFO - Phase 1 epoch 7/7: mean_prob1=0.1356, mean_prob2=0.1527
2026-02-23 13:24:45,947 - lg_cotrain - INFO - === Phase 2: Co-Training ===
2026-02-23 13:24:46,970 - lg_cotrain - INFO - LR scheduler: total_steps_1=1832, warmup=162; total_steps_2=1732, warmup=153
2026-02-23 13:24:46,971 - lg_cotrain - INFO - Phase 1 done -> seeded Phase 2 trackers. lambda1: mean=0.1356, range=[0.0786, 0.1525]
2026-02-23 13:24:46,971 - lg_cotrain - INFO - Phase 1 done -> seeded Phase 2 trackers. lambda2: mean=0.1527, range=[0.0456, 0.3155]
2026-02-23 13:25:11,743 - lg_cotrain - INFO - Phase 2 epoch 1/17: loss1=0.1631, loss2=0.1667, dev_macro_f1=0.4058, dev_err=29.82%
2026-02-23 13:25:36,629 - lg_cotrain - INFO - Phase 2 epoch 2/17: loss1=0.1331, loss2=0.7049, dev_macro_f1=0.0735, dev_err=58.33%
2026-02-23 13:26:01,330 - lg_cotrain - INFO - Phase 2 epoch 3/17: loss1=0.1688, loss2=0.6279, dev_macro_f1=0.0735, dev_err=58.33%
2026-02-23 13:26:26,493 - lg_cotrain - INFO - Phase 2 epoch 4/17: loss1=0.1722, loss2=0.5690, dev_macro_f1=0.0735, dev_err=58.33%
2026-02-23 13:26:50,469 - lg_cotrain - INFO - Phase 2 epoch 5/17: loss1=0.1749, loss2=0.5219, dev_macro_f1=0.0735, dev_err=58.33%
2026-02-23 13:27:16,371 - lg_cotrain - INFO - Phase 2 epoch 6/17: loss1=0.1729, loss2=0.4961, dev_macro_f1=0.0735, dev_err=58.33%
2026-02-23 13:27:43,182 - lg_cotrain - INFO - Phase 2 epoch 7/17: loss1=0.1718, loss2=0.4762, dev_macro_f1=0.0735, dev_err=58.33%
2026-02-23 13:28:09,725 - lg_cotrain - INFO - Phase 2 epoch 8/17: loss1=0.1613, loss2=0.4969, dev_macro_f1=0.0735, dev_err=58.33%
2026-02-23 13:28:37,258 - lg_cotrain - INFO - Phase 2 epoch 9/17: loss1=0.1549, loss2=0.4747, dev_macro_f1=0.0735, dev_err=58.33%
2026-02-23 13:29:04,191 - lg_cotrain - INFO - Phase 2 epoch 10/17: loss1=0.1480, loss2=0.4623, dev_macro_f1=0.0735, dev_err=58.33%
2026-02-23 13:29:29,984 - lg_cotrain - INFO - Phase 2 epoch 11/17: loss1=0.1489, loss2=0.4472, dev_macro_f1=0.0735, dev_err=58.33%
2026-02-23 13:29:54,359 - lg_cotrain - INFO - Phase 2 epoch 12/17: loss1=0.1441, loss2=0.4255, dev_macro_f1=0.0735, dev_err=58.33%
2026-02-23 13:30:18,831 - lg_cotrain - INFO - Phase 2 epoch 13/17: loss1=0.1441, loss2=0.4145, dev_macro_f1=0.0735, dev_err=58.33%
2026-02-23 13:30:43,006 - lg_cotrain - INFO - Phase 2 epoch 14/17: loss1=0.1421, loss2=0.3983, dev_macro_f1=0.0735, dev_err=58.33%
2026-02-23 13:31:07,063 - lg_cotrain - INFO - Phase 2 epoch 15/17: loss1=0.1371, loss2=0.3916, dev_macro_f1=0.0735, dev_err=58.33%
2026-02-23 13:31:31,577 - lg_cotrain - INFO - Phase 2 epoch 16/17: loss1=0.1352, loss2=0.3832, dev_macro_f1=0.0735, dev_err=58.33%
2026-02-23 13:31:55,741 - lg_cotrain - INFO - Phase 2 epoch 17/17: loss1=0.1331, loss2=0.3769, dev_macro_f1=0.0735, dev_err=58.33%
2026-02-23 13:31:55,742 - lg_cotrain - INFO - === Phase 3: Fine-Tuning ===
2026-02-23 13:31:56,828 - lg_cotrain - INFO - Phase 3 epoch 1: dev_macro_f1=0.0735, dev_err=58.33%, es_counter1=0, es_counter2=0
2026-02-23 13:31:57,870 - lg_cotrain - INFO - Phase 3 epoch 2: dev_macro_f1=0.0735, dev_err=58.33%, es_counter1=1, es_counter2=1
2026-02-23 13:31:58,925 - lg_cotrain - INFO - Phase 3 epoch 3: dev_macro_f1=0.0735, dev_err=58.33%, es_counter1=2, es_counter2=2
2026-02-23 13:32:00,014 - lg_cotrain - INFO - Phase 3 epoch 4: dev_macro_f1=0.0735, dev_err=58.33%, es_counter1=3, es_counter2=3
2026-02-23 13:32:01,075 - lg_cotrain - INFO - Phase 3 epoch 5: dev_macro_f1=0.0735, dev_err=58.33%, es_counter1=4, es_counter2=4
2026-02-23 13:32:02,174 - lg_cotrain - INFO - Phase 3 epoch 6: dev_macro_f1=0.0735, dev_err=58.33%, es_counter1=5, es_counter2=5
2026-02-23 13:32:02,174 - lg_cotrain - INFO - Early stopping at epoch 6
2026-02-23 13:32:02,183 - lg_cotrain - INFO - === Final Evaluation ===
2026-02-23 13:32:04,585 - lg_cotrain - INFO - Results saved to C:\Users\anhtr\AppData\Local\Temp\tmpv92n_5aq\canada_wildfires_2016\5_set1\metrics.json
2026-02-23 13:32:04,585 - lg_cotrain - INFO - Test error rate: 58.20%, Test macro-F1: 0.0737, Test ECE: 0.3798
2026-02-23 13:32:04,596 - lg_cotrain - INFO - --- Trial 3/10 done: dev_macro_f1=0.0735 ---
2026-02-23 13:32:04,596 - lg_cotrain - INFO - --- Trial 4/10 ---
2026-02-23 13:32:05,161 - lg_cotrain - INFO - Starting LG-CoTrain: event=canada_wildfires_2016, budget=5, seed_set=1
2026-02-23 13:32:05,175 - lg_cotrain - INFO - Detected 8 classes for event canada_wildfires_2016: ['caution_and_advice', 'displaced_people_and_evacuations', 'infrastructure_and_utility_damage', 'not_humanitarian', 'other_relevant_information', 'requests_or_urgent_needs', 'rescue_volunteering_or_donation_effort', 'sympathy_and_support']
2026-02-23 13:32:05,180 - lg_cotrain - INFO - D_l1: 24, D_l2: 16, D_LG: 1529
2026-02-23 13:32:05,181 - lg_cotrain - INFO - === Phase 1: Weight Generation ===
2026-02-23 13:32:11,744 - lg_cotrain - INFO - Phase 1 epoch 1/7: mean_prob1=0.1195, mean_prob2=0.1182
2026-02-23 13:32:17,483 - lg_cotrain - INFO - Phase 1 epoch 2/7: mean_prob1=0.1221, mean_prob2=0.1335
2026-02-23 13:32:23,128 - lg_cotrain - INFO - Phase 1 epoch 3/7: mean_prob1=0.1544, mean_prob2=0.1209
2026-02-23 13:32:28,944 - lg_cotrain - INFO - Phase 1 epoch 4/7: mean_prob1=0.1075, mean_prob2=0.1209
2026-02-23 13:32:34,620 - lg_cotrain - INFO - Phase 1 epoch 5/7: mean_prob1=0.1175, mean_prob2=0.1226
2026-02-23 13:32:40,263 - lg_cotrain - INFO - Phase 1 epoch 6/7: mean_prob1=0.1299, mean_prob2=0.1352
2026-02-23 13:32:45,895 - lg_cotrain - INFO - Phase 1 epoch 7/7: mean_prob1=0.1288, mean_prob2=0.1213
2026-02-23 13:32:45,895 - lg_cotrain - INFO - === Phase 2: Co-Training ===
2026-02-23 13:32:47,116 - lg_cotrain - INFO - LR scheduler: total_steps_1=1060, warmup=306; total_steps_2=1060, warmup=306
2026-02-23 13:32:47,117 - lg_cotrain - INFO - Phase 1 done -> seeded Phase 2 trackers. lambda1: mean=0.1288, range=[0.0363, 0.3775]
2026-02-23 13:32:47,117 - lg_cotrain - INFO - Phase 1 done -> seeded Phase 2 trackers. lambda2: mean=0.1213, range=[0.0523, 0.2180]
2026-02-23 13:33:09,741 - lg_cotrain - INFO - Phase 2 epoch 1/20: loss1=0.1812, loss2=0.1807, dev_macro_f1=0.4578, dev_err=27.19%
2026-02-23 13:33:32,677 - lg_cotrain - INFO - Phase 2 epoch 2/20: loss1=0.0665, loss2=0.2624, dev_macro_f1=0.4778, dev_err=26.32%
2026-02-23 13:33:56,049 - lg_cotrain - INFO - Phase 2 epoch 3/20: loss1=0.0492, loss2=0.7346, dev_macro_f1=0.4201, dev_err=32.02%
2026-02-23 13:34:17,755 - lg_cotrain - INFO - Phase 2 epoch 4/20: loss1=0.1247, loss2=1.2464, dev_macro_f1=0.0735, dev_err=58.33%
2026-02-23 13:34:39,599 - lg_cotrain - INFO - Phase 2 epoch 5/20: loss1=0.0939, loss2=1.1417, dev_macro_f1=0.0735, dev_err=58.33%
2026-02-23 13:35:01,447 - lg_cotrain - INFO - Phase 2 epoch 6/20: loss1=0.0716, loss2=1.1046, dev_macro_f1=0.0735, dev_err=58.33%
2026-02-23 13:35:23,357 - lg_cotrain - INFO - Phase 2 epoch 7/20: loss1=0.0555, loss2=1.0463, dev_macro_f1=0.0735, dev_err=58.33%
2026-02-23 13:35:45,411 - lg_cotrain - INFO - Phase 2 epoch 8/20: loss1=0.0405, loss2=0.9760, dev_macro_f1=0.0735, dev_err=58.33%
2026-02-23 13:36:07,340 - lg_cotrain - INFO - Phase 2 epoch 9/20: loss1=0.0455, loss2=0.9262, dev_macro_f1=0.0735, dev_err=58.33%
2026-02-23 13:36:30,147 - lg_cotrain - INFO - Phase 2 epoch 10/20: loss1=0.0417, loss2=0.8868, dev_macro_f1=0.0735, dev_err=58.33%
2026-02-23 13:36:53,220 - lg_cotrain - INFO - Phase 2 epoch 11/20: loss1=0.0460, loss2=0.8551, dev_macro_f1=0.0735, dev_err=58.33%
2026-02-23 13:37:15,306 - lg_cotrain - INFO - Phase 2 epoch 12/20: loss1=0.0470, loss2=0.8218, dev_macro_f1=0.0735, dev_err=58.33%
2026-02-23 13:37:37,280 - lg_cotrain - INFO - Phase 2 epoch 13/20: loss1=0.0455, loss2=0.7922, dev_macro_f1=0.0735, dev_err=58.33%
2026-02-23 13:37:59,365 - lg_cotrain - INFO - Phase 2 epoch 14/20: loss1=0.0463, loss2=0.7669, dev_macro_f1=0.0735, dev_err=58.33%
2026-02-23 13:38:21,442 - lg_cotrain - INFO - Phase 2 epoch 15/20: loss1=0.0443, loss2=0.7452, dev_macro_f1=0.0735, dev_err=58.33%
2026-02-23 13:38:43,602 - lg_cotrain - INFO - Phase 2 epoch 16/20: loss1=0.0416, loss2=0.7282, dev_macro_f1=0.0735, dev_err=58.33%
2026-02-23 13:39:05,342 - lg_cotrain - INFO - Phase 2 epoch 17/20: loss1=0.0408, loss2=0.7060, dev_macro_f1=0.0735, dev_err=58.33%
2026-02-23 13:39:27,099 - lg_cotrain - INFO - Phase 2 epoch 18/20: loss1=0.0403, loss2=0.6904, dev_macro_f1=0.0735, dev_err=58.33%
2026-02-23 13:39:49,215 - lg_cotrain - INFO - Phase 2 epoch 19/20: loss1=0.0389, loss2=0.6729, dev_macro_f1=0.0735, dev_err=58.33%
2026-02-23 13:40:11,637 - lg_cotrain - INFO - Phase 2 epoch 20/20: loss1=0.0380, loss2=0.6564, dev_macro_f1=0.0735, dev_err=58.33%
2026-02-23 13:40:11,637 - lg_cotrain - INFO - === Phase 3: Fine-Tuning ===
2026-02-23 13:40:12,636 - lg_cotrain - INFO - Phase 3 epoch 1: dev_macro_f1=0.0735, dev_err=58.33%, es_counter1=0, es_counter2=0
2026-02-23 13:40:13,640 - lg_cotrain - INFO - Phase 3 epoch 2: dev_macro_f1=0.0735, dev_err=58.33%, es_counter1=1, es_counter2=1
2026-02-23 13:40:14,683 - lg_cotrain - INFO - Phase 3 epoch 3: dev_macro_f1=0.0735, dev_err=58.33%, es_counter1=2, es_counter2=2
2026-02-23 13:40:15,734 - lg_cotrain - INFO - Phase 3 epoch 4: dev_macro_f1=0.0735, dev_err=58.33%, es_counter1=3, es_counter2=3
2026-02-23 13:40:16,712 - lg_cotrain - INFO - Phase 3 epoch 5: dev_macro_f1=0.0735, dev_err=58.33%, es_counter1=4, es_counter2=4
2026-02-23 13:40:17,722 - lg_cotrain - INFO - Phase 3 epoch 6: dev_macro_f1=0.0735, dev_err=58.33%, es_counter1=5, es_counter2=5
2026-02-23 13:40:17,722 - lg_cotrain - INFO - Early stopping at epoch 6
2026-02-23 13:40:17,736 - lg_cotrain - INFO - === Final Evaluation ===
2026-02-23 13:40:19,995 - lg_cotrain - INFO - Results saved to C:\Users\anhtr\AppData\Local\Temp\tmp7soznzwq\canada_wildfires_2016\5_set1\metrics.json
2026-02-23 13:40:19,996 - lg_cotrain - INFO - Test error rate: 58.20%, Test macro-F1: 0.0737, Test ECE: 0.3994
2026-02-23 13:40:20,008 - lg_cotrain - INFO - --- Trial 4/10 done: dev_macro_f1=0.0735 ---
2026-02-23 13:40:20,008 - lg_cotrain - INFO - --- Trial 5/10 ---
2026-02-23 13:40:20,630 - lg_cotrain - INFO - Starting LG-CoTrain: event=canada_wildfires_2016, budget=5, seed_set=1
2026-02-23 13:40:20,641 - lg_cotrain - INFO - Detected 8 classes for event canada_wildfires_2016: ['caution_and_advice', 'displaced_people_and_evacuations', 'infrastructure_and_utility_damage', 'not_humanitarian', 'other_relevant_information', 'requests_or_urgent_needs', 'rescue_volunteering_or_donation_effort', 'sympathy_and_support']
2026-02-23 13:40:20,645 - lg_cotrain - INFO - D_l1: 24, D_l2: 16, D_LG: 1529
2026-02-23 13:40:20,645 - lg_cotrain - INFO - === Phase 1: Weight Generation ===
2026-02-23 13:40:27,749 - lg_cotrain - INFO - Phase 1 epoch 1/7: mean_prob1=0.1307, mean_prob2=0.1238
2026-02-23 13:40:33,870 - lg_cotrain - INFO - Phase 1 epoch 2/7: mean_prob1=0.1243, mean_prob2=0.1305
2026-02-23 13:40:40,000 - lg_cotrain - INFO - Phase 1 epoch 3/7: mean_prob1=0.1264, mean_prob2=0.1277
2026-02-23 13:40:45,996 - lg_cotrain - INFO - Phase 1 epoch 4/7: mean_prob1=0.1149, mean_prob2=0.1261
2026-02-23 13:40:52,127 - lg_cotrain - INFO - Phase 1 epoch 5/7: mean_prob1=0.1071, mean_prob2=0.1340
2026-02-23 13:40:58,132 - lg_cotrain - INFO - Phase 1 epoch 6/7: mean_prob1=0.1214, mean_prob2=0.1246
2026-02-23 13:41:04,091 - lg_cotrain - INFO - Phase 1 epoch 7/7: mean_prob1=0.1543, mean_prob2=0.1319
2026-02-23 13:41:04,091 - lg_cotrain - INFO - === Phase 2: Co-Training ===
2026-02-23 13:41:05,218 - lg_cotrain - INFO - LR scheduler: total_steps_1=2024, warmup=126; total_steps_2=1924, warmup=120
2026-02-23 13:41:05,219 - lg_cotrain - INFO - Phase 1 done -> seeded Phase 2 trackers. lambda1: mean=0.1543, range=[0.0438, 0.2210]
2026-02-23 13:41:05,219 - lg_cotrain - INFO - Phase 1 done -> seeded Phase 2 trackers. lambda2: mean=0.1319, range=[0.0286, 0.4851]
2026-02-23 13:41:29,452 - lg_cotrain - INFO - Phase 2 epoch 1/19: loss1=0.1675, loss2=0.1814, dev_macro_f1=0.4585, dev_err=27.63%
2026-02-23 13:41:53,466 - lg_cotrain - INFO - Phase 2 epoch 2/19: loss1=0.1605, loss2=0.6196, dev_macro_f1=0.0735, dev_err=58.33%
2026-02-23 13:42:18,164 - lg_cotrain - INFO - Phase 2 epoch 3/19: loss1=0.0943, loss2=0.6426, dev_macro_f1=0.0735, dev_err=58.33%
2026-02-23 13:42:43,611 - lg_cotrain - INFO - Phase 2 epoch 4/19: loss1=0.0646, loss2=0.5917, dev_macro_f1=0.0735, dev_err=58.33%
2026-02-23 13:43:08,144 - lg_cotrain - INFO - Phase 2 epoch 5/19: loss1=0.0436, loss2=0.5500, dev_macro_f1=0.0735, dev_err=58.33%
2026-02-23 13:43:32,381 - lg_cotrain - INFO - Phase 2 epoch 6/19: loss1=0.0290, loss2=0.5304, dev_macro_f1=0.0735, dev_err=58.33%
2026-02-23 13:43:57,260 - lg_cotrain - INFO - Phase 2 epoch 7/19: loss1=0.0186, loss2=0.5038, dev_macro_f1=0.0735, dev_err=58.33%
2026-02-23 13:44:22,240 - lg_cotrain - INFO - Phase 2 epoch 8/19: loss1=0.0158, loss2=0.4734, dev_macro_f1=0.0735, dev_err=58.33%
2026-02-23 13:44:46,810 - lg_cotrain - INFO - Phase 2 epoch 9/19: loss1=0.0143, loss2=0.4574, dev_macro_f1=0.0735, dev_err=58.33%
2026-02-23 13:45:10,732 - lg_cotrain - INFO - Phase 2 epoch 10/19: loss1=0.0130, loss2=0.4366, dev_macro_f1=0.0735, dev_err=58.33%
2026-02-23 13:45:35,499 - lg_cotrain - INFO - Phase 2 epoch 11/19: loss1=0.0126, loss2=0.4206, dev_macro_f1=0.0735, dev_err=58.33%
2026-02-23 13:46:01,058 - lg_cotrain - INFO - Phase 2 epoch 12/19: loss1=0.0115, loss2=0.4021, dev_macro_f1=0.0735, dev_err=58.33%
2026-02-23 13:46:27,366 - lg_cotrain - INFO - Phase 2 epoch 13/19: loss1=0.0105, loss2=0.3888, dev_macro_f1=0.0735, dev_err=58.33%
2026-02-23 13:46:52,455 - lg_cotrain - INFO - Phase 2 epoch 14/19: loss1=0.0098, loss2=0.3790, dev_macro_f1=0.0735, dev_err=58.33%
2026-02-23 13:47:17,667 - lg_cotrain - INFO - Phase 2 epoch 15/19: loss1=0.0090, loss2=0.3651, dev_macro_f1=0.0735, dev_err=58.33%
2026-02-23 13:47:42,288 - lg_cotrain - INFO - Phase 2 epoch 16/19: loss1=0.0084, loss2=0.3539, dev_macro_f1=0.0735, dev_err=58.33%
2026-02-23 13:48:07,839 - lg_cotrain - INFO - Phase 2 epoch 17/19: loss1=0.0080, loss2=0.3436, dev_macro_f1=0.0735, dev_err=58.33%
2026-02-23 13:48:33,962 - lg_cotrain - INFO - Phase 2 epoch 18/19: loss1=0.0075, loss2=0.3341, dev_macro_f1=0.0735, dev_err=58.33%
2026-02-23 13:48:58,648 - lg_cotrain - INFO - Phase 2 epoch 19/19: loss1=0.0072, loss2=0.3262, dev_macro_f1=0.0735, dev_err=58.33%
2026-02-23 13:48:58,648 - lg_cotrain - INFO - === Phase 3: Fine-Tuning ===
2026-02-23 13:48:59,830 - lg_cotrain - INFO - Phase 3 epoch 1: dev_macro_f1=0.0735, dev_err=58.33%, es_counter1=0, es_counter2=0
2026-02-23 13:49:00,863 - lg_cotrain - INFO - Phase 3 epoch 2: dev_macro_f1=0.0735, dev_err=58.33%, es_counter1=1, es_counter2=1
2026-02-23 13:49:01,952 - lg_cotrain - INFO - Phase 3 epoch 3: dev_macro_f1=0.0735, dev_err=58.33%, es_counter1=2, es_counter2=2
2026-02-23 13:49:03,006 - lg_cotrain - INFO - Phase 3 epoch 4: dev_macro_f1=0.0735, dev_err=58.33%, es_counter1=3, es_counter2=3
2026-02-23 13:49:04,056 - lg_cotrain - INFO - Phase 3 epoch 5: dev_macro_f1=0.0735, dev_err=58.33%, es_counter1=4, es_counter2=4
2026-02-23 13:49:05,091 - lg_cotrain - INFO - Phase 3 epoch 6: dev_macro_f1=0.0735, dev_err=58.33%, es_counter1=5, es_counter2=5
2026-02-23 13:49:06,227 - lg_cotrain - INFO - Phase 3 epoch 7: dev_macro_f1=0.0735, dev_err=58.33%, es_counter1=6, es_counter2=6
2026-02-23 13:49:07,401 - lg_cotrain - INFO - Phase 3 epoch 8: dev_macro_f1=0.0735, dev_err=58.33%, es_counter1=7, es_counter2=7
2026-02-23 13:49:08,575 - lg_cotrain - INFO - Phase 3 epoch 9: dev_macro_f1=0.0735, dev_err=58.33%, es_counter1=8, es_counter2=8
2026-02-23 13:49:09,754 - lg_cotrain - INFO - Phase 3 epoch 10: dev_macro_f1=0.0735, dev_err=58.33%, es_counter1=9, es_counter2=9
2026-02-23 13:49:10,805 - lg_cotrain - INFO - Phase 3 epoch 11: dev_macro_f1=0.0735, dev_err=58.33%, es_counter1=10, es_counter2=10
2026-02-23 13:49:10,805 - lg_cotrain - INFO - Early stopping at epoch 11
2026-02-23 13:49:10,821 - lg_cotrain - INFO - === Final Evaluation ===
2026-02-23 13:49:13,433 - lg_cotrain - INFO - Results saved to C:\Users\anhtr\AppData\Local\Temp\tmpc6sq2cxk\canada_wildfires_2016\5_set1\metrics.json
2026-02-23 13:49:13,433 - lg_cotrain - INFO - Test error rate: 58.20%, Test macro-F1: 0.0737, Test ECE: 0.5090
2026-02-23 13:49:13,444 - lg_cotrain - INFO - --- Trial 5/10 done: dev_macro_f1=0.0735 ---
2026-02-23 13:49:13,444 - lg_cotrain - INFO - --- Trial 6/10 ---
2026-02-23 13:49:14,000 - lg_cotrain - INFO - Starting LG-CoTrain: event=canada_wildfires_2016, budget=5, seed_set=1
2026-02-23 13:49:14,011 - lg_cotrain - INFO - Detected 8 classes for event canada_wildfires_2016: ['caution_and_advice', 'displaced_people_and_evacuations', 'infrastructure_and_utility_damage', 'not_humanitarian', 'other_relevant_information', 'requests_or_urgent_needs', 'rescue_volunteering_or_donation_effort', 'sympathy_and_support']
2026-02-23 13:49:14,018 - lg_cotrain - INFO - D_l1: 24, D_l2: 16, D_LG: 1529
2026-02-23 13:49:14,019 - lg_cotrain - INFO - === Phase 1: Weight Generation ===
2026-02-23 13:49:21,172 - lg_cotrain - INFO - Phase 1 epoch 1/7: mean_prob1=0.1151, mean_prob2=0.1235
2026-02-23 13:49:27,282 - lg_cotrain - INFO - Phase 1 epoch 2/7: mean_prob1=0.1181, mean_prob2=0.1309
2026-02-23 13:49:33,319 - lg_cotrain - INFO - Phase 1 epoch 3/7: mean_prob1=0.1220, mean_prob2=0.1330
2026-02-23 13:49:39,255 - lg_cotrain - INFO - Phase 1 epoch 4/7: mean_prob1=0.1268, mean_prob2=0.1320
2026-02-23 13:49:45,248 - lg_cotrain - INFO - Phase 1 epoch 5/7: mean_prob1=0.1338, mean_prob2=0.1240
2026-02-23 13:49:51,460 - lg_cotrain - INFO - Phase 1 epoch 6/7: mean_prob1=0.1402, mean_prob2=0.1256
2026-02-23 13:49:57,704 - lg_cotrain - INFO - Phase 1 epoch 7/7: mean_prob1=0.1652, mean_prob2=0.1406
2026-02-23 13:49:57,705 - lg_cotrain - INFO - === Phase 2: Co-Training ===
2026-02-23 13:49:58,766 - lg_cotrain - INFO - LR scheduler: total_steps_1=1160, warmup=220; total_steps_2=1060, warmup=201
2026-02-23 13:49:58,766 - lg_cotrain - INFO - Phase 1 done -> seeded Phase 2 trackers. lambda1: mean=0.1652, range=[0.0184, 0.6501]
2026-02-23 13:49:58,766 - lg_cotrain - INFO - Phase 1 done -> seeded Phase 2 trackers. lambda2: mean=0.1406, range=[0.0162, 0.4820]
2026-02-23 13:50:22,995 - lg_cotrain - INFO - Phase 2 epoch 1/10: loss1=0.1951, loss2=0.2319, dev_macro_f1=0.4250, dev_err=31.14%
2026-02-23 13:50:47,334 - lg_cotrain - INFO - Phase 2 epoch 2/10: loss1=0.0671, loss2=0.2889, dev_macro_f1=0.5318, dev_err=25.88%
2026-02-23 13:51:11,819 - lg_cotrain - INFO - Phase 2 epoch 3/10: loss1=0.0523, loss2=0.4716, dev_macro_f1=0.4916, dev_err=25.00%
2026-02-23 13:51:36,077 - lg_cotrain - INFO - Phase 2 epoch 4/10: loss1=0.0376, loss2=0.5126, dev_macro_f1=0.4739, dev_err=28.51%
2026-02-23 13:52:00,989 - lg_cotrain - INFO - Phase 2 epoch 5/10: loss1=0.0484, loss2=0.4252, dev_macro_f1=0.4460, dev_err=26.75%
2026-02-23 13:52:26,526 - lg_cotrain - INFO - Phase 2 epoch 6/10: loss1=0.0359, loss2=0.4336, dev_macro_f1=0.5264, dev_err=22.81%
2026-02-23 13:52:52,024 - lg_cotrain - INFO - Phase 2 epoch 7/10: loss1=0.0227, loss2=0.3338, dev_macro_f1=0.4945, dev_err=25.00%
2026-02-23 13:53:17,297 - lg_cotrain - INFO - Phase 2 epoch 8/10: loss1=0.0199, loss2=0.2488, dev_macro_f1=0.4916, dev_err=25.88%
2026-02-23 13:53:42,518 - lg_cotrain - INFO - Phase 2 epoch 9/10: loss1=0.0192, loss2=0.2400, dev_macro_f1=0.5040, dev_err=23.68%
2026-02-23 13:54:07,650 - lg_cotrain - INFO - Phase 2 epoch 10/10: loss1=0.0122, loss2=0.2772, dev_macro_f1=0.5116, dev_err=23.68%
2026-02-23 13:54:07,650 - lg_cotrain - INFO - === Phase 3: Fine-Tuning ===
2026-02-23 13:54:08,768 - lg_cotrain - INFO - Phase 3 epoch 1: dev_macro_f1=0.4991, dev_err=24.56%, es_counter1=0, es_counter2=0
2026-02-23 13:54:09,865 - lg_cotrain - INFO - Phase 3 epoch 2: dev_macro_f1=0.5403, dev_err=24.56%, es_counter1=0, es_counter2=0
2026-02-23 13:54:11,013 - lg_cotrain - INFO - Phase 3 epoch 3: dev_macro_f1=0.5215, dev_err=26.75%, es_counter1=1, es_counter2=1
2026-02-23 13:54:12,193 - lg_cotrain - INFO - Phase 3 epoch 4: dev_macro_f1=0.5218, dev_err=26.75%, es_counter1=2, es_counter2=2
2026-02-23 13:54:13,367 - lg_cotrain - INFO - Phase 3 epoch 5: dev_macro_f1=0.5351, dev_err=26.32%, es_counter1=3, es_counter2=3
2026-02-23 13:54:14,563 - lg_cotrain - INFO - Phase 3 epoch 6: dev_macro_f1=0.5405, dev_err=25.88%, es_counter1=0, es_counter2=0
2026-02-23 13:54:15,748 - lg_cotrain - INFO - Phase 3 epoch 7: dev_macro_f1=0.5405, dev_err=25.88%, es_counter1=1, es_counter2=1
2026-02-23 13:54:16,892 - lg_cotrain - INFO - Phase 3 epoch 8: dev_macro_f1=0.5405, dev_err=25.88%, es_counter1=2, es_counter2=2
2026-02-23 13:54:18,022 - lg_cotrain - INFO - Phase 3 epoch 9: dev_macro_f1=0.5539, dev_err=25.00%, es_counter1=0, es_counter2=0
2026-02-23 13:54:19,190 - lg_cotrain - INFO - Phase 3 epoch 10: dev_macro_f1=0.5457, dev_err=25.44%, es_counter1=1, es_counter2=1
2026-02-23 13:54:20,256 - lg_cotrain - INFO - Phase 3 epoch 11: dev_macro_f1=0.6301, dev_err=25.00%, es_counter1=0, es_counter2=0
2026-02-23 13:54:21,316 - lg_cotrain - INFO - Phase 3 epoch 12: dev_macro_f1=0.5398, dev_err=25.88%, es_counter1=1, es_counter2=1
2026-02-23 13:54:22,374 - lg_cotrain - INFO - Phase 3 epoch 13: dev_macro_f1=0.6283, dev_err=25.00%, es_counter1=2, es_counter2=2
2026-02-23 13:54:23,433 - lg_cotrain - INFO - Phase 3 epoch 14: dev_macro_f1=0.5885, dev_err=26.32%, es_counter1=3, es_counter2=3
2026-02-23 13:54:24,481 - lg_cotrain - INFO - Phase 3 epoch 15: dev_macro_f1=0.5411, dev_err=28.07%, es_counter1=4, es_counter2=4
2026-02-23 13:54:25,562 - lg_cotrain - INFO - Phase 3 epoch 16: dev_macro_f1=0.5375, dev_err=28.07%, es_counter1=5, es_counter2=5
2026-02-23 13:54:26,623 - lg_cotrain - INFO - Phase 3 epoch 17: dev_macro_f1=0.5273, dev_err=28.95%, es_counter1=6, es_counter2=6
2026-02-23 13:54:27,739 - lg_cotrain - INFO - Phase 3 epoch 18: dev_macro_f1=0.5378, dev_err=28.95%, es_counter1=7, es_counter2=7
2026-02-23 13:54:28,872 - lg_cotrain - INFO - Phase 3 epoch 19: dev_macro_f1=0.5378, dev_err=28.95%, es_counter1=8, es_counter2=8
2026-02-23 13:54:29,988 - lg_cotrain - INFO - Phase 3 epoch 20: dev_macro_f1=0.5381, dev_err=28.95%, es_counter1=9, es_counter2=9
2026-02-23 13:54:31,031 - lg_cotrain - INFO - Phase 3 epoch 21: dev_macro_f1=0.5329, dev_err=29.39%, es_counter1=10, es_counter2=10
2026-02-23 13:54:31,031 - lg_cotrain - INFO - Early stopping at epoch 21
2026-02-23 13:54:31,039 - lg_cotrain - INFO - === Final Evaluation ===
2026-02-23 13:54:33,520 - lg_cotrain - INFO - Results saved to C:\Users\anhtr\AppData\Local\Temp\tmpglmvehqj\canada_wildfires_2016\5_set1\metrics.json
2026-02-23 13:54:33,520 - lg_cotrain - INFO - Test error rate: 26.52%, Test macro-F1: 0.5756, Test ECE: 0.1389
2026-02-23 13:54:33,530 - lg_cotrain - INFO - --- Trial 6/10 done: dev_macro_f1=0.6301 ---
2026-02-23 13:54:33,530 - lg_cotrain - INFO - --- Trial 7/10 ---
2026-02-23 13:54:34,133 - lg_cotrain - INFO - Starting LG-CoTrain: event=canada_wildfires_2016, budget=5, seed_set=1
2026-02-23 13:54:34,145 - lg_cotrain - INFO - Detected 8 classes for event canada_wildfires_2016: ['caution_and_advice', 'displaced_people_and_evacuations', 'infrastructure_and_utility_damage', 'not_humanitarian', 'other_relevant_information', 'requests_or_urgent_needs', 'rescue_volunteering_or_donation_effort', 'sympathy_and_support']
2026-02-23 13:54:34,149 - lg_cotrain - INFO - D_l1: 24, D_l2: 16, D_LG: 1529
2026-02-23 13:54:34,151 - lg_cotrain - INFO - === Phase 1: Weight Generation ===
2026-02-23 13:54:41,997 - lg_cotrain - INFO - Phase 1 epoch 1/7: mean_prob1=0.0887, mean_prob2=0.1105
2026-02-23 13:54:48,760 - lg_cotrain - INFO - Phase 1 epoch 2/7: mean_prob1=0.1082, mean_prob2=0.1375
2026-02-23 13:54:55,576 - lg_cotrain - INFO - Phase 1 epoch 3/7: mean_prob1=0.1294, mean_prob2=0.1084
2026-02-23 13:55:02,469 - lg_cotrain - INFO - Phase 1 epoch 4/7: mean_prob1=0.1307, mean_prob2=0.1330
2026-02-23 13:55:09,542 - lg_cotrain - INFO - Phase 1 epoch 5/7: mean_prob1=0.1254, mean_prob2=0.1156
2026-02-23 13:55:16,578 - lg_cotrain - INFO - Phase 1 epoch 6/7: mean_prob1=0.1197, mean_prob2=0.1618
2026-02-23 13:55:23,352 - lg_cotrain - INFO - Phase 1 epoch 7/7: mean_prob1=0.1276, mean_prob2=0.1411
2026-02-23 13:55:23,352 - lg_cotrain - INFO - === Phase 2: Co-Training ===
2026-02-23 13:55:24,412 - lg_cotrain - INFO - LR scheduler: total_steps_1=1836, warmup=369; total_steps_2=1736, warmup=349
2026-02-23 13:55:24,412 - lg_cotrain - INFO - Phase 1 done -> seeded Phase 2 trackers. lambda1: mean=0.1276, range=[0.1085, 0.1436]
2026-02-23 13:55:24,413 - lg_cotrain - INFO - Phase 1 done -> seeded Phase 2 trackers. lambda2: mean=0.1411, range=[0.0884, 0.1611]
2026-02-23 13:55:53,850 - lg_cotrain - INFO - Phase 2 epoch 1/8: loss1=0.1920, loss2=0.1649, dev_macro_f1=0.0735, dev_err=58.33%
2026-02-23 13:56:22,783 - lg_cotrain - INFO - Phase 2 epoch 2/8: loss1=0.1725, loss2=0.3347, dev_macro_f1=0.0735, dev_err=58.33%
2026-02-23 13:56:52,506 - lg_cotrain - INFO - Phase 2 epoch 3/8: loss1=0.1356, loss2=0.3606, dev_macro_f1=0.0735, dev_err=58.33%
2026-02-23 13:57:21,556 - lg_cotrain - INFO - Phase 2 epoch 4/8: loss1=0.1130, loss2=0.3527, dev_macro_f1=0.0735, dev_err=58.33%
2026-02-23 13:57:50,271 - lg_cotrain - INFO - Phase 2 epoch 5/8: loss1=0.0926, loss2=0.3313, dev_macro_f1=0.0735, dev_err=58.33%
2026-02-23 13:58:19,377 - lg_cotrain - INFO - Phase 2 epoch 6/8: loss1=0.0716, loss2=0.3161, dev_macro_f1=0.0735, dev_err=58.33%
2026-02-23 13:58:48,833 - lg_cotrain - INFO - Phase 2 epoch 7/8: loss1=0.0551, loss2=0.3041, dev_macro_f1=0.0735, dev_err=58.33%
2026-02-23 13:59:18,322 - lg_cotrain - INFO - Phase 2 epoch 8/8: loss1=0.0484, loss2=0.2909, dev_macro_f1=0.0735, dev_err=58.33%
2026-02-23 13:59:18,322 - lg_cotrain - INFO - === Phase 3: Fine-Tuning ===
2026-02-23 13:59:19,548 - lg_cotrain - INFO - Phase 3 epoch 1: dev_macro_f1=0.0735, dev_err=58.33%, es_counter1=0, es_counter2=0
2026-02-23 13:59:20,733 - lg_cotrain - INFO - Phase 3 epoch 2: dev_macro_f1=0.0735, dev_err=58.33%, es_counter1=1, es_counter2=1
2026-02-23 13:59:21,934 - lg_cotrain - INFO - Phase 3 epoch 3: dev_macro_f1=0.0022, dev_err=99.12%, es_counter1=2, es_counter2=2
2026-02-23 13:59:23,135 - lg_cotrain - INFO - Phase 3 epoch 4: dev_macro_f1=0.0308, dev_err=85.96%, es_counter1=3, es_counter2=3
2026-02-23 13:59:24,309 - lg_cotrain - INFO - Phase 3 epoch 5: dev_macro_f1=0.0085, dev_err=96.49%, es_counter1=4, es_counter2=4
2026-02-23 13:59:25,493 - lg_cotrain - INFO - Phase 3 epoch 6: dev_macro_f1=0.0164, dev_err=92.98%, es_counter1=5, es_counter2=5
2026-02-23 13:59:25,493 - lg_cotrain - INFO - Early stopping at epoch 6
2026-02-23 13:59:25,508 - lg_cotrain - INFO - === Final Evaluation ===
2026-02-23 13:59:28,204 - lg_cotrain - INFO - Results saved to C:\Users\anhtr\AppData\Local\Temp\tmp9c4c90ru\canada_wildfires_2016\5_set1\metrics.json
2026-02-23 13:59:28,204 - lg_cotrain - INFO - Test error rate: 58.20%, Test macro-F1: 0.0737, Test ECE: 0.4231
2026-02-23 13:59:28,215 - lg_cotrain - INFO - --- Trial 7/10 done: dev_macro_f1=0.0735 ---
2026-02-23 13:59:28,215 - lg_cotrain - INFO - --- Trial 8/10 ---
2026-02-23 13:59:28,807 - lg_cotrain - INFO - Starting LG-CoTrain: event=canada_wildfires_2016, budget=5, seed_set=1
2026-02-23 13:59:28,819 - lg_cotrain - INFO - Detected 8 classes for event canada_wildfires_2016: ['caution_and_advice', 'displaced_people_and_evacuations', 'infrastructure_and_utility_damage', 'not_humanitarian', 'other_relevant_information', 'requests_or_urgent_needs', 'rescue_volunteering_or_donation_effort', 'sympathy_and_support']
2026-02-23 13:59:28,823 - lg_cotrain - INFO - D_l1: 24, D_l2: 16, D_LG: 1529
2026-02-23 13:59:28,824 - lg_cotrain - INFO - === Phase 1: Weight Generation ===
2026-02-23 13:59:35,626 - lg_cotrain - INFO - Phase 1 epoch 1/7: mean_prob1=0.1043, mean_prob2=0.1355
2026-02-23 13:59:41,036 - lg_cotrain - INFO - Phase 1 epoch 2/7: mean_prob1=0.1057, mean_prob2=0.1363
2026-02-23 13:59:46,406 - lg_cotrain - INFO - Phase 1 epoch 3/7: mean_prob1=0.1077, mean_prob2=0.1353
2026-02-23 13:59:51,761 - lg_cotrain - INFO - Phase 1 epoch 4/7: mean_prob1=0.1100, mean_prob2=0.1338
2026-02-23 13:59:57,165 - lg_cotrain - INFO - Phase 1 epoch 5/7: mean_prob1=0.1127, mean_prob2=0.1323
2026-02-23 14:00:02,666 - lg_cotrain - INFO - Phase 1 epoch 6/7: mean_prob1=0.1156, mean_prob2=0.1310
2026-02-23 14:00:08,071 - lg_cotrain - INFO - Phase 1 epoch 7/7: mean_prob1=0.1188, mean_prob2=0.1302
2026-02-23 14:00:08,071 - lg_cotrain - INFO - === Phase 2: Co-Training ===
2026-02-23 14:00:09,130 - lg_cotrain - INFO - LR scheduler: total_steps_1=316, warmup=12; total_steps_2=316, warmup=12
2026-02-23 14:00:09,131 - lg_cotrain - INFO - Phase 1 done -> seeded Phase 2 trackers. lambda1: mean=0.1188, range=[0.0620, 0.2482]
2026-02-23 14:00:09,132 - lg_cotrain - INFO - Phase 1 done -> seeded Phase 2 trackers. lambda2: mean=0.1302, range=[0.0277, 0.3298]
2026-02-23 14:00:30,088 - lg_cotrain - INFO - Phase 2 epoch 1/9: loss1=0.2586, loss2=0.2365, dev_macro_f1=0.0909, dev_err=57.89%
2026-02-23 14:00:50,684 - lg_cotrain - INFO - Phase 2 epoch 2/9: loss1=0.1801, loss2=0.2622, dev_macro_f1=0.1948, dev_err=46.93%
2026-02-23 14:01:11,063 - lg_cotrain - INFO - Phase 2 epoch 3/9: loss1=0.1366, loss2=0.2471, dev_macro_f1=0.2606, dev_err=38.16%
2026-02-23 14:01:31,388 - lg_cotrain - INFO - Phase 2 epoch 4/9: loss1=0.1094, loss2=0.2190, dev_macro_f1=0.3098, dev_err=32.46%
2026-02-23 14:01:51,491 - lg_cotrain - INFO - Phase 2 epoch 5/9: loss1=0.0902, loss2=0.1919, dev_macro_f1=0.3436, dev_err=31.14%
2026-02-23 14:02:11,866 - lg_cotrain - INFO - Phase 2 epoch 6/9: loss1=0.0737, loss2=0.1689, dev_macro_f1=0.3640, dev_err=29.82%
2026-02-23 14:02:32,729 - lg_cotrain - INFO - Phase 2 epoch 7/9: loss1=0.0615, loss2=0.1487, dev_macro_f1=0.3579, dev_err=29.82%
2026-02-23 14:02:53,527 - lg_cotrain - INFO - Phase 2 epoch 8/9: loss1=0.0531, loss2=0.1374, dev_macro_f1=0.4316, dev_err=26.75%
2026-02-23 14:03:13,851 - lg_cotrain - INFO - Phase 2 epoch 9/9: loss1=0.0476, loss2=0.1252, dev_macro_f1=0.4512, dev_err=25.44%
2026-02-23 14:03:13,852 - lg_cotrain - INFO - === Phase 3: Fine-Tuning ===
2026-02-23 14:03:14,858 - lg_cotrain - INFO - Phase 3 epoch 1: dev_macro_f1=0.4597, dev_err=25.00%, es_counter1=0, es_counter2=0
2026-02-23 14:03:15,832 - lg_cotrain - INFO - Phase 3 epoch 2: dev_macro_f1=0.4581, dev_err=25.44%, es_counter1=1, es_counter2=1
2026-02-23 14:03:16,815 - lg_cotrain - INFO - Phase 3 epoch 3: dev_macro_f1=0.4724, dev_err=24.56%, es_counter1=0, es_counter2=0
2026-02-23 14:03:17,803 - lg_cotrain - INFO - Phase 3 epoch 4: dev_macro_f1=0.4818, dev_err=23.25%, es_counter1=0, es_counter2=0
2026-02-23 14:03:18,783 - lg_cotrain - INFO - Phase 3 epoch 5: dev_macro_f1=0.4852, dev_err=22.81%, es_counter1=0, es_counter2=0
2026-02-23 14:03:19,782 - lg_cotrain - INFO - Phase 3 epoch 6: dev_macro_f1=0.5050, dev_err=21.05%, es_counter1=0, es_counter2=0
2026-02-23 14:03:20,796 - lg_cotrain - INFO - Phase 3 epoch 7: dev_macro_f1=0.5063, dev_err=21.49%, es_counter1=0, es_counter2=0
2026-02-23 14:03:21,778 - lg_cotrain - INFO - Phase 3 epoch 8: dev_macro_f1=0.5024, dev_err=21.93%, es_counter1=1, es_counter2=1
2026-02-23 14:03:22,796 - lg_cotrain - INFO - Phase 3 epoch 9: dev_macro_f1=0.4966, dev_err=22.37%, es_counter1=2, es_counter2=2
2026-02-23 14:03:23,785 - lg_cotrain - INFO - Phase 3 epoch 10: dev_macro_f1=0.5082, dev_err=21.93%, es_counter1=0, es_counter2=0
2026-02-23 14:03:24,742 - lg_cotrain - INFO - Phase 3 epoch 11: dev_macro_f1=0.5065, dev_err=22.37%, es_counter1=1, es_counter2=1
2026-02-23 14:03:25,702 - lg_cotrain - INFO - Phase 3 epoch 12: dev_macro_f1=0.5019, dev_err=23.25%, es_counter1=2, es_counter2=2
2026-02-23 14:03:26,661 - lg_cotrain - INFO - Phase 3 epoch 13: dev_macro_f1=0.5031, dev_err=23.25%, es_counter1=3, es_counter2=3
2026-02-23 14:03:27,642 - lg_cotrain - INFO - Phase 3 epoch 14: dev_macro_f1=0.5131, dev_err=23.25%, es_counter1=0, es_counter2=0
2026-02-23 14:03:28,592 - lg_cotrain - INFO - Phase 3 epoch 15: dev_macro_f1=0.5073, dev_err=23.68%, es_counter1=1, es_counter2=1
2026-02-23 14:03:29,547 - lg_cotrain - INFO - Phase 3 epoch 16: dev_macro_f1=0.5062, dev_err=24.12%, es_counter1=2, es_counter2=2
2026-02-23 14:03:30,510 - lg_cotrain - INFO - Phase 3 epoch 17: dev_macro_f1=0.5080, dev_err=24.12%, es_counter1=3, es_counter2=3
2026-02-23 14:03:31,475 - lg_cotrain - INFO - Phase 3 epoch 18: dev_macro_f1=0.5170, dev_err=23.25%, es_counter1=0, es_counter2=0
2026-02-23 14:03:32,449 - lg_cotrain - INFO - Phase 3 epoch 19: dev_macro_f1=0.5189, dev_err=23.25%, es_counter1=0, es_counter2=0
2026-02-23 14:03:33,409 - lg_cotrain - INFO - Phase 3 epoch 20: dev_macro_f1=0.5144, dev_err=23.68%, es_counter1=1, es_counter2=1
2026-02-23 14:03:34,377 - lg_cotrain - INFO - Phase 3 epoch 21: dev_macro_f1=0.5117, dev_err=24.12%, es_counter1=2, es_counter2=2
2026-02-23 14:03:35,327 - lg_cotrain - INFO - Phase 3 epoch 22: dev_macro_f1=0.5118, dev_err=24.12%, es_counter1=3, es_counter2=3
2026-02-23 14:03:36,282 - lg_cotrain - INFO - Phase 3 epoch 23: dev_macro_f1=0.5118, dev_err=24.12%, es_counter1=4, es_counter2=4
2026-02-23 14:03:36,282 - lg_cotrain - INFO - Early stopping at epoch 23
2026-02-23 14:03:36,292 - lg_cotrain - INFO - === Final Evaluation ===
2026-02-23 14:03:38,462 - lg_cotrain - INFO - Results saved to C:\Users\anhtr\AppData\Local\Temp\tmpuomb26re\canada_wildfires_2016\5_set1\metrics.json
2026-02-23 14:03:38,463 - lg_cotrain - INFO - Test error rate: 22.47%, Test macro-F1: 0.5211, Test ECE: 0.1070
2026-02-23 14:03:38,474 - lg_cotrain - INFO - --- Trial 8/10 done: dev_macro_f1=0.5189 ---
2026-02-23 14:03:38,474 - lg_cotrain - INFO - --- Trial 9/10 ---
2026-02-23 14:03:39,088 - lg_cotrain - INFO - Starting LG-CoTrain: event=canada_wildfires_2016, budget=5, seed_set=1
2026-02-23 14:03:39,104 - lg_cotrain - INFO - Detected 8 classes for event canada_wildfires_2016: ['caution_and_advice', 'displaced_people_and_evacuations', 'infrastructure_and_utility_damage', 'not_humanitarian', 'other_relevant_information', 'requests_or_urgent_needs', 'rescue_volunteering_or_donation_effort', 'sympathy_and_support']
2026-02-23 14:03:39,108 - lg_cotrain - INFO - D_l1: 24, D_l2: 16, D_LG: 1529
2026-02-23 14:03:39,110 - lg_cotrain - INFO - === Phase 1: Weight Generation ===
2026-02-23 14:03:46,089 - lg_cotrain - INFO - Phase 1 epoch 1/7: mean_prob1=0.1089, mean_prob2=0.1368
2026-02-23 14:03:52,101 - lg_cotrain - INFO - Phase 1 epoch 2/7: mean_prob1=0.1128, mean_prob2=0.1327
2026-02-23 14:03:58,359 - lg_cotrain - INFO - Phase 1 epoch 3/7: mean_prob1=0.1224, mean_prob2=0.1342
2026-02-23 14:04:04,522 - lg_cotrain - INFO - Phase 1 epoch 4/7: mean_prob1=0.1287, mean_prob2=0.1312
2026-02-23 14:04:10,550 - lg_cotrain - INFO - Phase 1 epoch 5/7: mean_prob1=0.1350, mean_prob2=0.1274
2026-02-23 14:04:16,523 - lg_cotrain - INFO - Phase 1 epoch 6/7: mean_prob1=0.1445, mean_prob2=0.1268
2026-02-23 14:04:22,495 - lg_cotrain - INFO - Phase 1 epoch 7/7: mean_prob1=0.1519, mean_prob2=0.1279
2026-02-23 14:04:22,495 - lg_cotrain - INFO - === Phase 2: Co-Training ===
2026-02-23 14:04:23,489 - lg_cotrain - INFO - LR scheduler: total_steps_1=776, warmup=10; total_steps_2=676, warmup=9
2026-02-23 14:04:23,489 - lg_cotrain - INFO - Phase 1 done -> seeded Phase 2 trackers. lambda1: mean=0.1519, range=[0.0379, 0.3669]
2026-02-23 14:04:23,489 - lg_cotrain - INFO - Phase 1 done -> seeded Phase 2 trackers. lambda2: mean=0.1279, range=[0.0229, 0.3739]
2026-02-23 14:04:47,790 - lg_cotrain - INFO - Phase 2 epoch 1/6: loss1=0.1591, loss2=0.1937, dev_macro_f1=0.5019, dev_err=25.44%
2026-02-23 14:05:12,070 - lg_cotrain - INFO - Phase 2 epoch 2/6: loss1=0.0442, loss2=0.1804, dev_macro_f1=0.5037, dev_err=24.56%
2026-02-23 14:05:36,260 - lg_cotrain - INFO - Phase 2 epoch 3/6: loss1=0.0222, loss2=0.1427, dev_macro_f1=0.5288, dev_err=23.68%
2026-02-23 14:06:00,377 - lg_cotrain - INFO - Phase 2 epoch 4/6: loss1=0.0163, loss2=0.0861, dev_macro_f1=0.5636, dev_err=21.93%
2026-02-23 14:06:24,606 - lg_cotrain - INFO - Phase 2 epoch 5/6: loss1=0.0108, loss2=0.0467, dev_macro_f1=0.5437, dev_err=21.49%
2026-02-23 14:06:49,001 - lg_cotrain - INFO - Phase 2 epoch 6/6: loss1=0.0115, loss2=0.0299, dev_macro_f1=0.5656, dev_err=21.93%
2026-02-23 14:06:49,002 - lg_cotrain - INFO - === Phase 3: Fine-Tuning ===
2026-02-23 14:06:50,142 - lg_cotrain - INFO - Phase 3 epoch 1: dev_macro_f1=0.5804, dev_err=21.05%, es_counter1=0, es_counter2=0
2026-02-23 14:06:51,255 - lg_cotrain - INFO - Phase 3 epoch 2: dev_macro_f1=0.5908, dev_err=21.05%, es_counter1=0, es_counter2=0
2026-02-23 14:06:52,341 - lg_cotrain - INFO - Phase 3 epoch 3: dev_macro_f1=0.5995, dev_err=20.61%, es_counter1=0, es_counter2=0
2026-02-23 14:06:53,415 - lg_cotrain - INFO - Phase 3 epoch 4: dev_macro_f1=0.5781, dev_err=22.37%, es_counter1=1, es_counter2=1
2026-02-23 14:06:54,465 - lg_cotrain - INFO - Phase 3 epoch 5: dev_macro_f1=0.5882, dev_err=21.93%, es_counter1=2, es_counter2=2
2026-02-23 14:06:55,516 - lg_cotrain - INFO - Phase 3 epoch 6: dev_macro_f1=0.5840, dev_err=21.93%, es_counter1=3, es_counter2=3
2026-02-23 14:06:56,570 - lg_cotrain - INFO - Phase 3 epoch 7: dev_macro_f1=0.5813, dev_err=21.93%, es_counter1=4, es_counter2=4
2026-02-23 14:06:57,653 - lg_cotrain - INFO - Phase 3 epoch 8: dev_macro_f1=0.5731, dev_err=22.37%, es_counter1=5, es_counter2=5
2026-02-23 14:06:58,839 - lg_cotrain - INFO - Phase 3 epoch 9: dev_macro_f1=0.5706, dev_err=22.81%, es_counter1=6, es_counter2=6
2026-02-23 14:07:00,037 - lg_cotrain - INFO - Phase 3 epoch 10: dev_macro_f1=0.5716, dev_err=22.81%, es_counter1=7, es_counter2=7
2026-02-23 14:07:01,248 - lg_cotrain - INFO - Phase 3 epoch 11: dev_macro_f1=0.5675, dev_err=22.37%, es_counter1=8, es_counter2=8
2026-02-23 14:07:02,373 - lg_cotrain - INFO - Phase 3 epoch 12: dev_macro_f1=0.5675, dev_err=22.37%, es_counter1=9, es_counter2=9
2026-02-23 14:07:03,531 - lg_cotrain - INFO - Phase 3 epoch 13: dev_macro_f1=0.5662, dev_err=22.81%, es_counter1=10, es_counter2=10
2026-02-23 14:07:03,531 - lg_cotrain - INFO - Early stopping at epoch 13
2026-02-23 14:07:03,540 - lg_cotrain - INFO - === Final Evaluation ===
2026-02-23 14:07:05,999 - lg_cotrain - INFO - Results saved to C:\Users\anhtr\AppData\Local\Temp\tmpqh89958o\canada_wildfires_2016\5_set1\metrics.json
2026-02-23 14:07:06,000 - lg_cotrain - INFO - Test error rate: 23.15%, Test macro-F1: 0.5662, Test ECE: 0.1336
2026-02-23 14:07:06,010 - lg_cotrain - INFO - --- Trial 9/10 done: dev_macro_f1=0.5995 ---
2026-02-23 14:07:06,011 - lg_cotrain - INFO - --- Trial 10/10 ---
2026-02-23 14:07:06,576 - lg_cotrain - INFO - Starting LG-CoTrain: event=canada_wildfires_2016, budget=5, seed_set=1
2026-02-23 14:07:06,590 - lg_cotrain - INFO - Detected 8 classes for event canada_wildfires_2016: ['caution_and_advice', 'displaced_people_and_evacuations', 'infrastructure_and_utility_damage', 'not_humanitarian', 'other_relevant_information', 'requests_or_urgent_needs', 'rescue_volunteering_or_donation_effort', 'sympathy_and_support']
2026-02-23 14:07:06,594 - lg_cotrain - INFO - D_l1: 24, D_l2: 16, D_LG: 1529
2026-02-23 14:07:06,596 - lg_cotrain - INFO - === Phase 1: Weight Generation ===
2026-02-23 14:07:13,287 - lg_cotrain - INFO - Phase 1 epoch 1/7: mean_prob1=0.1140, mean_prob2=0.1167
2026-02-23 14:07:19,210 - lg_cotrain - INFO - Phase 1 epoch 2/7: mean_prob1=0.1329, mean_prob2=0.1270
2026-02-23 14:07:24,792 - lg_cotrain - INFO - Phase 1 epoch 3/7: mean_prob1=0.1170, mean_prob2=0.1286
2026-02-23 14:07:30,153 - lg_cotrain - INFO - Phase 1 epoch 4/7: mean_prob1=0.1488, mean_prob2=0.1217
2026-02-23 14:07:35,589 - lg_cotrain - INFO - Phase 1 epoch 5/7: mean_prob1=0.1621, mean_prob2=0.1245
2026-02-23 14:07:40,916 - lg_cotrain - INFO - Phase 1 epoch 6/7: mean_prob1=0.1541, mean_prob2=0.1353
2026-02-23 14:07:46,423 - lg_cotrain - INFO - Phase 1 epoch 7/7: mean_prob1=0.1599, mean_prob2=0.1524
2026-02-23 14:07:46,424 - lg_cotrain - INFO - === Phase 2: Co-Training ===
2026-02-23 14:07:47,408 - lg_cotrain - INFO - LR scheduler: total_steps_1=340, warmup=81; total_steps_2=340, warmup=81
2026-02-23 14:07:47,409 - lg_cotrain - INFO - Phase 1 done -> seeded Phase 2 trackers. lambda1: mean=0.1599, range=[0.0229, 0.5065]
2026-02-23 14:07:47,409 - lg_cotrain - INFO - Phase 1 done -> seeded Phase 2 trackers. lambda2: mean=0.1524, range=[0.0218, 0.5713]
2026-02-23 14:08:07,472 - lg_cotrain - INFO - Phase 2 epoch 1/10: loss1=0.2805, loss2=0.2988, dev_macro_f1=0.1628, dev_err=45.18%
2026-02-23 14:08:27,651 - lg_cotrain - INFO - Phase 2 epoch 2/10: loss1=0.1094, loss2=0.2545, dev_macro_f1=0.3530, dev_err=31.58%
2026-02-23 14:08:47,849 - lg_cotrain - INFO - Phase 2 epoch 3/10: loss1=0.0481, loss2=0.1888, dev_macro_f1=0.5117, dev_err=23.25%
2026-02-23 14:09:09,202 - lg_cotrain - INFO - Phase 2 epoch 4/10: loss1=0.0256, loss2=0.1740, dev_macro_f1=0.4635, dev_err=27.19%
2026-02-23 14:09:30,522 - lg_cotrain - INFO - Phase 2 epoch 5/10: loss1=0.0204, loss2=0.1405, dev_macro_f1=0.4605, dev_err=27.63%
2026-02-23 14:09:53,171 - lg_cotrain - INFO - Phase 2 epoch 6/10: loss1=0.0221, loss2=0.0894, dev_macro_f1=0.5259, dev_err=24.12%
2026-02-23 14:10:15,506 - lg_cotrain - INFO - Phase 2 epoch 7/10: loss1=0.0125, loss2=0.0534, dev_macro_f1=0.5050, dev_err=24.56%
2026-02-23 14:10:35,550 - lg_cotrain - INFO - Phase 2 epoch 8/10: loss1=0.0099, loss2=0.0319, dev_macro_f1=0.5328, dev_err=23.68%
2026-02-23 14:10:55,814 - lg_cotrain - INFO - Phase 2 epoch 9/10: loss1=0.0070, loss2=0.0299, dev_macro_f1=0.5148, dev_err=24.12%
2026-02-23 14:11:16,096 - lg_cotrain - INFO - Phase 2 epoch 10/10: loss1=0.0132, loss2=0.0188, dev_macro_f1=0.5613, dev_err=21.05%
2026-02-23 14:11:16,096 - lg_cotrain - INFO - === Phase 3: Fine-Tuning ===
2026-02-23 14:11:17,079 - lg_cotrain - INFO - Phase 3 epoch 1: dev_macro_f1=0.5418, dev_err=23.25%, es_counter1=0, es_counter2=0
2026-02-23 14:11:18,045 - lg_cotrain - INFO - Phase 3 epoch 2: dev_macro_f1=0.5481, dev_err=23.25%, es_counter1=0, es_counter2=0
2026-02-23 14:11:18,985 - lg_cotrain - INFO - Phase 3 epoch 3: dev_macro_f1=0.5375, dev_err=24.12%, es_counter1=1, es_counter2=1
2026-02-23 14:11:19,927 - lg_cotrain - INFO - Phase 3 epoch 4: dev_macro_f1=0.5295, dev_err=24.56%, es_counter1=2, es_counter2=2
2026-02-23 14:11:20,873 - lg_cotrain - INFO - Phase 3 epoch 5: dev_macro_f1=0.4933, dev_err=26.75%, es_counter1=3, es_counter2=3
2026-02-23 14:11:21,818 - lg_cotrain - INFO - Phase 3 epoch 6: dev_macro_f1=0.4999, dev_err=26.32%, es_counter1=4, es_counter2=4
2026-02-23 14:11:22,775 - lg_cotrain - INFO - Phase 3 epoch 7: dev_macro_f1=0.5953, dev_err=25.00%, es_counter1=0, es_counter2=0
2026-02-23 14:11:23,738 - lg_cotrain - INFO - Phase 3 epoch 8: dev_macro_f1=0.6150, dev_err=24.56%, es_counter1=0, es_counter2=0
2026-02-23 14:11:24,689 - lg_cotrain - INFO - Phase 3 epoch 9: dev_macro_f1=0.5847, dev_err=24.12%, es_counter1=1, es_counter2=1
2026-02-23 14:11:25,646 - lg_cotrain - INFO - Phase 3 epoch 10: dev_macro_f1=0.5668, dev_err=25.00%, es_counter1=2, es_counter2=2
2026-02-23 14:11:26,599 - lg_cotrain - INFO - Phase 3 epoch 11: dev_macro_f1=0.5617, dev_err=25.00%, es_counter1=3, es_counter2=3
2026-02-23 14:11:27,547 - lg_cotrain - INFO - Phase 3 epoch 12: dev_macro_f1=0.5576, dev_err=25.00%, es_counter1=4, es_counter2=4
2026-02-23 14:11:28,490 - lg_cotrain - INFO - Phase 3 epoch 13: dev_macro_f1=0.5373, dev_err=26.32%, es_counter1=5, es_counter2=5
2026-02-23 14:11:29,438 - lg_cotrain - INFO - Phase 3 epoch 14: dev_macro_f1=0.5426, dev_err=26.32%, es_counter1=6, es_counter2=6
2026-02-23 14:11:30,386 - lg_cotrain - INFO - Phase 3 epoch 15: dev_macro_f1=0.5263, dev_err=27.19%, es_counter1=7, es_counter2=7
2026-02-23 14:11:31,337 - lg_cotrain - INFO - Phase 3 epoch 16: dev_macro_f1=0.5263, dev_err=27.19%, es_counter1=8, es_counter2=8
2026-02-23 14:11:32,323 - lg_cotrain - INFO - Phase 3 epoch 17: dev_macro_f1=0.5176, dev_err=27.63%, es_counter1=9, es_counter2=9
2026-02-23 14:11:32,323 - lg_cotrain - INFO - Early stopping at epoch 17
2026-02-23 14:11:32,332 - lg_cotrain - INFO - === Final Evaluation ===
2026-02-23 14:11:34,554 - lg_cotrain - INFO - Results saved to C:\Users\anhtr\AppData\Local\Temp\tmp5ibqcrt4\canada_wildfires_2016\5_set1\metrics.json
2026-02-23 14:11:34,555 - lg_cotrain - INFO - Test error rate: 24.72%, Test macro-F1: 0.5839, Test ECE: 0.0751
2026-02-23 14:11:34,567 - lg_cotrain - INFO - --- Trial 10/10 done: dev_macro_f1=0.6150 ---
