2026-02-26 13:29:23,876 - lg_cotrain - INFO - === Optuna study: hurricane_irma_2017 budget=5 seed=1 | target=10 trials, 0 replayed, 10 new ===
2026-02-26 13:29:23,876 - lg_cotrain - INFO - --- Trial 1/10 ---
2026-02-26 13:29:24,579 - lg_cotrain - INFO - Starting LG-CoTrain: event=hurricane_irma_2017, budget=5, seed_set=1
2026-02-26 13:29:24,666 - lg_cotrain - INFO - Detected 9 classes for event hurricane_irma_2017: ['caution_and_advice', 'displaced_people_and_evacuations', 'infrastructure_and_utility_damage', 'injured_or_dead_people', 'not_humanitarian', 'other_relevant_information', 'requests_or_urgent_needs', 'rescue_volunteering_or_donation_effort', 'sympathy_and_support']
2026-02-26 13:29:24,678 - lg_cotrain - INFO - D_l1: 27, D_l2: 18, D_LG: 6534
2026-02-26 13:29:24,681 - lg_cotrain - INFO - === Phase 1: Weight Generation ===
2026-02-26 13:29:48,812 - lg_cotrain - INFO - Phase 1 epoch 1/7: mean_prob1=0.1222, mean_prob2=0.1166
2026-02-26 13:30:11,901 - lg_cotrain - INFO - Phase 1 epoch 2/7: mean_prob1=0.1168, mean_prob2=0.1161
2026-02-26 13:30:35,090 - lg_cotrain - INFO - Phase 1 epoch 3/7: mean_prob1=0.1195, mean_prob2=0.1153
2026-02-26 13:30:58,469 - lg_cotrain - INFO - Phase 1 epoch 4/7: mean_prob1=0.1155, mean_prob2=0.1155
2026-02-26 13:31:22,111 - lg_cotrain - INFO - Phase 1 epoch 5/7: mean_prob1=0.1213, mean_prob2=0.1310
2026-02-26 13:31:44,849 - lg_cotrain - INFO - Phase 1 epoch 6/7: mean_prob1=0.1340, mean_prob2=0.1353
2026-02-26 13:32:07,578 - lg_cotrain - INFO - Phase 1 epoch 7/7: mean_prob1=0.1405, mean_prob2=0.1313
2026-02-26 13:32:07,578 - lg_cotrain - INFO - === Phase 2: Co-Training ===
2026-02-26 13:32:08,626 - lg_cotrain - INFO - LR scheduler: total_steps_1=6335, warmup=311; total_steps_2=6335, warmup=311
2026-02-26 13:32:08,627 - lg_cotrain - INFO - Phase 1 done -> seeded Phase 2 trackers. lambda1: mean=0.1405, range=[0.0229, 0.3961]
2026-02-26 13:32:08,627 - lg_cotrain - INFO - Phase 1 done -> seeded Phase 2 trackers. lambda2: mean=0.1313, range=[0.0183, 0.4092]
2026-02-26 13:33:41,781 - lg_cotrain - INFO - Phase 2 epoch 1/15: loss1=0.1489, loss2=0.1598, dev_macro_f1=0.5508, dev_err=39.04%
2026-02-26 13:35:14,100 - lg_cotrain - INFO - Phase 2 epoch 2/15: loss1=0.0437, loss2=0.3279, dev_macro_f1=0.5656, dev_err=38.20%
2026-02-26 13:36:46,045 - lg_cotrain - INFO - Phase 2 epoch 3/15: loss1=0.0369, loss2=0.2420, dev_macro_f1=0.5670, dev_err=39.56%
2026-02-26 13:38:17,815 - lg_cotrain - INFO - Phase 2 epoch 4/15: loss1=0.0293, loss2=0.1514, dev_macro_f1=0.5833, dev_err=37.79%
2026-02-26 13:39:49,483 - lg_cotrain - INFO - Phase 2 epoch 5/15: loss1=0.0357, loss2=0.0995, dev_macro_f1=0.5721, dev_err=39.25%
2026-02-26 13:41:21,216 - lg_cotrain - INFO - Phase 2 epoch 6/15: loss1=0.0297, loss2=0.0675, dev_macro_f1=0.5876, dev_err=37.89%
2026-02-26 13:42:52,858 - lg_cotrain - INFO - Phase 2 epoch 7/15: loss1=0.0205, loss2=0.0382, dev_macro_f1=0.5764, dev_err=38.52%
2026-02-26 13:44:24,482 - lg_cotrain - INFO - Phase 2 epoch 8/15: loss1=0.0147, loss2=0.0308, dev_macro_f1=0.5958, dev_err=37.06%
2026-02-26 13:45:56,259 - lg_cotrain - INFO - Phase 2 epoch 9/15: loss1=0.0156, loss2=0.0229, dev_macro_f1=0.5894, dev_err=37.58%
2026-02-26 13:47:27,928 - lg_cotrain - INFO - Phase 2 epoch 10/15: loss1=0.0145, loss2=0.0127, dev_macro_f1=0.5939, dev_err=38.00%
2026-02-26 13:48:59,622 - lg_cotrain - INFO - Phase 2 epoch 11/15: loss1=0.0082, loss2=0.0137, dev_macro_f1=0.5893, dev_err=37.16%
2026-02-26 13:50:31,286 - lg_cotrain - INFO - Phase 2 epoch 12/15: loss1=0.0058, loss2=0.0157, dev_macro_f1=0.5932, dev_err=37.89%
2026-02-26 13:52:02,956 - lg_cotrain - INFO - Phase 2 epoch 13/15: loss1=0.0069, loss2=0.0065, dev_macro_f1=0.6044, dev_err=37.47%
2026-02-26 13:53:34,460 - lg_cotrain - INFO - Phase 2 epoch 14/15: loss1=0.0047, loss2=0.0043, dev_macro_f1=0.5937, dev_err=38.73%
2026-02-26 13:55:05,813 - lg_cotrain - INFO - Phase 2 epoch 15/15: loss1=0.0037, loss2=0.0032, dev_macro_f1=0.5948, dev_err=38.20%
2026-02-26 13:55:05,813 - lg_cotrain - INFO - === Phase 3: Fine-Tuning ===
2026-02-26 13:55:09,153 - lg_cotrain - INFO - Phase 3 epoch 1: dev_macro_f1=0.5962, dev_err=38.62%, es_counter1=0, es_counter2=0
2026-02-26 13:55:12,498 - lg_cotrain - INFO - Phase 3 epoch 2: dev_macro_f1=0.5968, dev_err=38.52%, es_counter1=0, es_counter2=0
2026-02-26 13:55:15,847 - lg_cotrain - INFO - Phase 3 epoch 3: dev_macro_f1=0.5999, dev_err=38.62%, es_counter1=0, es_counter2=0
2026-02-26 13:55:19,186 - lg_cotrain - INFO - Phase 3 epoch 4: dev_macro_f1=0.6020, dev_err=38.41%, es_counter1=0, es_counter2=0
2026-02-26 13:55:22,515 - lg_cotrain - INFO - Phase 3 epoch 5: dev_macro_f1=0.6001, dev_err=38.62%, es_counter1=1, es_counter2=1
2026-02-26 13:55:25,853 - lg_cotrain - INFO - Phase 3 epoch 6: dev_macro_f1=0.6004, dev_err=38.52%, es_counter1=2, es_counter2=2
2026-02-26 13:55:29,204 - lg_cotrain - INFO - Phase 3 epoch 7: dev_macro_f1=0.6027, dev_err=38.31%, es_counter1=0, es_counter2=0
2026-02-26 13:55:32,526 - lg_cotrain - INFO - Phase 3 epoch 8: dev_macro_f1=0.6003, dev_err=38.62%, es_counter1=1, es_counter2=1
2026-02-26 13:55:35,870 - lg_cotrain - INFO - Phase 3 epoch 9: dev_macro_f1=0.5977, dev_err=38.73%, es_counter1=2, es_counter2=2
2026-02-26 13:55:39,200 - lg_cotrain - INFO - Phase 3 epoch 10: dev_macro_f1=0.5993, dev_err=38.62%, es_counter1=3, es_counter2=3
2026-02-26 13:55:42,522 - lg_cotrain - INFO - Phase 3 epoch 11: dev_macro_f1=0.5985, dev_err=38.73%, es_counter1=4, es_counter2=4
2026-02-26 13:55:45,855 - lg_cotrain - INFO - Phase 3 epoch 12: dev_macro_f1=0.5991, dev_err=38.73%, es_counter1=5, es_counter2=5
2026-02-26 13:55:49,185 - lg_cotrain - INFO - Phase 3 epoch 13: dev_macro_f1=0.5980, dev_err=38.73%, es_counter1=6, es_counter2=6
2026-02-26 13:55:49,185 - lg_cotrain - INFO - Early stopping at epoch 13
2026-02-26 13:55:49,196 - lg_cotrain - INFO - === Final Evaluation ===
2026-02-26 13:55:58,234 - lg_cotrain - INFO - Results saved to C:\Users\anhtr\AppData\Local\Temp\tmph1wfke2x\hurricane_irma_2017\5_set1\metrics.json
2026-02-26 13:55:58,234 - lg_cotrain - INFO - Test error rate: 36.95%, Test macro-F1: 0.6095, Test ECE: 0.2715
2026-02-26 13:55:58,246 - lg_cotrain - INFO - --- Trial 1/10 done: dev_macro_f1=0.6027 ---
2026-02-26 13:55:58,246 - lg_cotrain - INFO - --- Trial 2/10 ---
2026-02-26 13:55:59,512 - lg_cotrain - INFO - Starting LG-CoTrain: event=hurricane_irma_2017, budget=5, seed_set=1
2026-02-26 13:55:59,548 - lg_cotrain - INFO - Detected 9 classes for event hurricane_irma_2017: ['caution_and_advice', 'displaced_people_and_evacuations', 'infrastructure_and_utility_damage', 'injured_or_dead_people', 'not_humanitarian', 'other_relevant_information', 'requests_or_urgent_needs', 'rescue_volunteering_or_donation_effort', 'sympathy_and_support']
2026-02-26 13:55:59,556 - lg_cotrain - INFO - D_l1: 27, D_l2: 18, D_LG: 6534
2026-02-26 13:55:59,557 - lg_cotrain - INFO - === Phase 1: Weight Generation ===
2026-02-26 13:56:23,072 - lg_cotrain - INFO - Phase 1 epoch 1/7: mean_prob1=0.1270, mean_prob2=0.1145
2026-02-26 13:56:45,353 - lg_cotrain - INFO - Phase 1 epoch 2/7: mean_prob1=0.1244, mean_prob2=0.1160
2026-02-26 13:57:07,658 - lg_cotrain - INFO - Phase 1 epoch 3/7: mean_prob1=0.1223, mean_prob2=0.1174
2026-02-26 13:57:30,037 - lg_cotrain - INFO - Phase 1 epoch 4/7: mean_prob1=0.1198, mean_prob2=0.1191
2026-02-26 13:57:52,458 - lg_cotrain - INFO - Phase 1 epoch 5/7: mean_prob1=0.1169, mean_prob2=0.1208
2026-02-26 13:58:14,769 - lg_cotrain - INFO - Phase 1 epoch 6/7: mean_prob1=0.1147, mean_prob2=0.1250
2026-02-26 13:58:37,302 - lg_cotrain - INFO - Phase 1 epoch 7/7: mean_prob1=0.1160, mean_prob2=0.1290
2026-02-26 13:58:37,302 - lg_cotrain - INFO - === Phase 2: Co-Training ===
2026-02-26 13:58:38,382 - lg_cotrain - INFO - LR scheduler: total_steps_1=5108, warmup=124; total_steps_2=5108, warmup=124
2026-02-26 13:58:38,382 - lg_cotrain - INFO - Phase 1 done -> seeded Phase 2 trackers. lambda1: mean=0.1160, range=[0.0406, 0.2598]
2026-02-26 13:58:38,382 - lg_cotrain - INFO - Phase 1 done -> seeded Phase 2 trackers. lambda2: mean=0.1290, range=[0.0264, 0.3081]
2026-02-26 14:00:10,570 - lg_cotrain - INFO - Phase 2 epoch 1/12: loss1=0.1511, loss2=0.1410, dev_macro_f1=0.5244, dev_err=40.19%
2026-02-26 14:01:42,824 - lg_cotrain - INFO - Phase 2 epoch 2/12: loss1=0.0426, loss2=0.1721, dev_macro_f1=0.5518, dev_err=39.35%
2026-02-26 14:03:14,553 - lg_cotrain - INFO - Phase 2 epoch 3/12: loss1=0.0251, loss2=0.1389, dev_macro_f1=0.5610, dev_err=38.94%
2026-02-26 14:04:46,276 - lg_cotrain - INFO - Phase 2 epoch 4/12: loss1=0.0185, loss2=0.0886, dev_macro_f1=0.5913, dev_err=37.58%
2026-02-26 14:06:18,083 - lg_cotrain - INFO - Phase 2 epoch 5/12: loss1=0.0149, loss2=0.0532, dev_macro_f1=0.5941, dev_err=37.16%
2026-02-26 14:07:49,926 - lg_cotrain - INFO - Phase 2 epoch 6/12: loss1=0.0114, loss2=0.0371, dev_macro_f1=0.6051, dev_err=36.74%
2026-02-26 14:09:21,842 - lg_cotrain - INFO - Phase 2 epoch 7/12: loss1=0.0092, loss2=0.0234, dev_macro_f1=0.5916, dev_err=37.79%
2026-02-26 14:10:53,944 - lg_cotrain - INFO - Phase 2 epoch 8/12: loss1=0.0061, loss2=0.0158, dev_macro_f1=0.5928, dev_err=38.00%
2026-02-26 14:12:25,571 - lg_cotrain - INFO - Phase 2 epoch 9/12: loss1=0.0053, loss2=0.0124, dev_macro_f1=0.6027, dev_err=37.89%
2026-02-26 14:13:57,312 - lg_cotrain - INFO - Phase 2 epoch 10/12: loss1=0.0043, loss2=0.0094, dev_macro_f1=0.6122, dev_err=36.74%
2026-02-26 14:15:29,059 - lg_cotrain - INFO - Phase 2 epoch 11/12: loss1=0.0038, loss2=0.0073, dev_macro_f1=0.6103, dev_err=37.06%
2026-02-26 14:17:00,876 - lg_cotrain - INFO - Phase 2 epoch 12/12: loss1=0.0033, loss2=0.0058, dev_macro_f1=0.6071, dev_err=37.89%
2026-02-26 14:17:00,876 - lg_cotrain - INFO - === Phase 3: Fine-Tuning ===
2026-02-26 14:17:04,238 - lg_cotrain - INFO - Phase 3 epoch 1: dev_macro_f1=0.6094, dev_err=37.68%, es_counter1=0, es_counter2=0
2026-02-26 14:17:07,596 - lg_cotrain - INFO - Phase 3 epoch 2: dev_macro_f1=0.6105, dev_err=37.47%, es_counter1=0, es_counter2=0
2026-02-26 14:17:10,957 - lg_cotrain - INFO - Phase 3 epoch 3: dev_macro_f1=0.6127, dev_err=37.27%, es_counter1=0, es_counter2=0
2026-02-26 14:17:14,328 - lg_cotrain - INFO - Phase 3 epoch 4: dev_macro_f1=0.6156, dev_err=37.06%, es_counter1=0, es_counter2=0
2026-02-26 14:17:17,648 - lg_cotrain - INFO - Phase 3 epoch 5: dev_macro_f1=0.6139, dev_err=37.27%, es_counter1=1, es_counter2=1
2026-02-26 14:17:20,994 - lg_cotrain - INFO - Phase 3 epoch 6: dev_macro_f1=0.6079, dev_err=37.79%, es_counter1=2, es_counter2=2
2026-02-26 14:17:24,323 - lg_cotrain - INFO - Phase 3 epoch 7: dev_macro_f1=0.6102, dev_err=37.47%, es_counter1=3, es_counter2=3
2026-02-26 14:17:27,656 - lg_cotrain - INFO - Phase 3 epoch 8: dev_macro_f1=0.6095, dev_err=37.58%, es_counter1=4, es_counter2=4
2026-02-26 14:17:30,994 - lg_cotrain - INFO - Phase 3 epoch 9: dev_macro_f1=0.6095, dev_err=37.58%, es_counter1=5, es_counter2=5
2026-02-26 14:17:34,325 - lg_cotrain - INFO - Phase 3 epoch 10: dev_macro_f1=0.6089, dev_err=37.68%, es_counter1=6, es_counter2=6
2026-02-26 14:17:37,680 - lg_cotrain - INFO - Phase 3 epoch 11: dev_macro_f1=0.6070, dev_err=37.89%, es_counter1=7, es_counter2=7
2026-02-26 14:17:41,042 - lg_cotrain - INFO - Phase 3 epoch 12: dev_macro_f1=0.6071, dev_err=37.89%, es_counter1=8, es_counter2=8
2026-02-26 14:17:41,043 - lg_cotrain - INFO - Early stopping at epoch 12
2026-02-26 14:17:41,054 - lg_cotrain - INFO - === Final Evaluation ===
2026-02-26 14:17:50,151 - lg_cotrain - INFO - Results saved to C:\Users\anhtr\AppData\Local\Temp\tmp3itxjwni\hurricane_irma_2017\5_set1\metrics.json
2026-02-26 14:17:50,152 - lg_cotrain - INFO - Test error rate: 36.25%, Test macro-F1: 0.6136, Test ECE: 0.3049
2026-02-26 14:17:50,162 - lg_cotrain - INFO - --- Trial 2/10 done: dev_macro_f1=0.6156 ---
2026-02-26 14:17:50,162 - lg_cotrain - INFO - --- Trial 3/10 ---
2026-02-26 14:17:50,673 - lg_cotrain - INFO - Starting LG-CoTrain: event=hurricane_irma_2017, budget=5, seed_set=1
2026-02-26 14:17:50,710 - lg_cotrain - INFO - Detected 9 classes for event hurricane_irma_2017: ['caution_and_advice', 'displaced_people_and_evacuations', 'infrastructure_and_utility_damage', 'injured_or_dead_people', 'not_humanitarian', 'other_relevant_information', 'requests_or_urgent_needs', 'rescue_volunteering_or_donation_effort', 'sympathy_and_support']
2026-02-26 14:17:50,719 - lg_cotrain - INFO - D_l1: 27, D_l2: 18, D_LG: 6534
2026-02-26 14:17:50,720 - lg_cotrain - INFO - === Phase 1: Weight Generation ===
2026-02-26 14:18:16,409 - lg_cotrain - INFO - Phase 1 epoch 1/7: mean_prob1=0.1281, mean_prob2=0.1148
2026-02-26 14:18:40,792 - lg_cotrain - INFO - Phase 1 epoch 2/7: mean_prob1=0.1266, mean_prob2=0.1154
2026-02-26 14:19:04,994 - lg_cotrain - INFO - Phase 1 epoch 3/7: mean_prob1=0.1242, mean_prob2=0.1166
2026-02-26 14:19:29,257 - lg_cotrain - INFO - Phase 1 epoch 4/7: mean_prob1=0.1212, mean_prob2=0.1193
2026-02-26 14:19:53,666 - lg_cotrain - INFO - Phase 1 epoch 5/7: mean_prob1=0.1217, mean_prob2=0.1217
2026-02-26 14:20:18,415 - lg_cotrain - INFO - Phase 1 epoch 6/7: mean_prob1=0.1239, mean_prob2=0.1234
2026-02-26 14:20:42,730 - lg_cotrain - INFO - Phase 1 epoch 7/7: mean_prob1=0.1248, mean_prob2=0.1243
2026-02-26 14:20:42,731 - lg_cotrain - INFO - === Phase 2: Co-Training ===
2026-02-26 14:20:43,741 - lg_cotrain - INFO - LR scheduler: total_steps_1=16740, warmup=1706; total_steps_2=16640, warmup=1696
2026-02-26 14:20:43,741 - lg_cotrain - INFO - Phase 1 done -> seeded Phase 2 trackers. lambda1: mean=0.1248, range=[0.0442, 0.2660]
2026-02-26 14:20:43,742 - lg_cotrain - INFO - Phase 1 done -> seeded Phase 2 trackers. lambda2: mean=0.1243, range=[0.0255, 0.3206]
2026-02-26 14:22:30,940 - lg_cotrain - INFO - Phase 2 epoch 1/20: loss1=0.2226, loss2=0.2214, dev_macro_f1=0.4567, dev_err=45.72%
2026-02-26 14:24:18,487 - lg_cotrain - INFO - Phase 2 epoch 2/20: loss1=0.0759, loss2=0.1735, dev_macro_f1=0.5480, dev_err=38.62%
2026-02-26 14:26:05,961 - lg_cotrain - INFO - Phase 2 epoch 3/20: loss1=0.0341, loss2=0.1440, dev_macro_f1=0.5629, dev_err=37.58%
2026-02-26 14:27:53,510 - lg_cotrain - INFO - Phase 2 epoch 4/20: loss1=0.0222, loss2=0.1106, dev_macro_f1=0.5469, dev_err=38.73%
2026-02-26 14:29:41,282 - lg_cotrain - INFO - Phase 2 epoch 5/20: loss1=0.0155, loss2=0.0699, dev_macro_f1=0.5757, dev_err=38.83%
2026-02-26 14:31:28,708 - lg_cotrain - INFO - Phase 2 epoch 6/20: loss1=0.0133, loss2=0.0488, dev_macro_f1=0.5627, dev_err=38.83%
2026-02-26 14:33:16,695 - lg_cotrain - INFO - Phase 2 epoch 7/20: loss1=0.0137, loss2=0.0342, dev_macro_f1=0.5665, dev_err=40.50%
2026-02-26 14:35:04,481 - lg_cotrain - INFO - Phase 2 epoch 8/20: loss1=0.0122, loss2=0.0302, dev_macro_f1=0.5820, dev_err=39.67%
2026-02-26 14:36:52,071 - lg_cotrain - INFO - Phase 2 epoch 9/20: loss1=0.0088, loss2=0.0206, dev_macro_f1=0.6036, dev_err=37.79%
2026-02-26 14:38:39,798 - lg_cotrain - INFO - Phase 2 epoch 10/20: loss1=0.0072, loss2=0.0197, dev_macro_f1=0.6049, dev_err=37.47%
2026-02-26 14:40:27,568 - lg_cotrain - INFO - Phase 2 epoch 11/20: loss1=0.0077, loss2=0.0144, dev_macro_f1=0.6081, dev_err=36.85%
2026-02-26 14:42:15,319 - lg_cotrain - INFO - Phase 2 epoch 12/20: loss1=0.0067, loss2=0.0071, dev_macro_f1=0.5961, dev_err=37.47%
2026-02-26 14:44:02,856 - lg_cotrain - INFO - Phase 2 epoch 13/20: loss1=0.0081, loss2=0.0134, dev_macro_f1=0.5866, dev_err=38.41%
2026-02-26 14:45:50,293 - lg_cotrain - INFO - Phase 2 epoch 14/20: loss1=0.0056, loss2=0.0080, dev_macro_f1=0.5952, dev_err=37.58%
2026-02-26 14:47:37,609 - lg_cotrain - INFO - Phase 2 epoch 15/20: loss1=0.0070, loss2=0.0073, dev_macro_f1=0.6086, dev_err=37.06%
2026-02-26 14:49:24,896 - lg_cotrain - INFO - Phase 2 epoch 16/20: loss1=0.0063, loss2=0.0062, dev_macro_f1=0.6091, dev_err=37.16%
2026-02-26 14:51:12,246 - lg_cotrain - INFO - Phase 2 epoch 17/20: loss1=0.0052, loss2=0.0050, dev_macro_f1=0.5851, dev_err=38.41%
2026-02-26 14:52:59,526 - lg_cotrain - INFO - Phase 2 epoch 18/20: loss1=0.0053, loss2=0.0041, dev_macro_f1=0.6048, dev_err=37.89%
2026-02-26 14:54:46,777 - lg_cotrain - INFO - Phase 2 epoch 19/20: loss1=0.0049, loss2=0.0031, dev_macro_f1=0.6103, dev_err=37.79%
2026-02-26 14:56:34,283 - lg_cotrain - INFO - Phase 2 epoch 20/20: loss1=0.0045, loss2=0.0030, dev_macro_f1=0.6093, dev_err=37.68%
2026-02-26 14:56:34,283 - lg_cotrain - INFO - === Phase 3: Fine-Tuning ===
2026-02-26 14:56:37,907 - lg_cotrain - INFO - Phase 3 epoch 1: dev_macro_f1=0.6098, dev_err=37.58%, es_counter1=0, es_counter2=0
2026-02-26 14:56:41,554 - lg_cotrain - INFO - Phase 3 epoch 2: dev_macro_f1=0.6060, dev_err=37.79%, es_counter1=1, es_counter2=1
2026-02-26 14:56:45,206 - lg_cotrain - INFO - Phase 3 epoch 3: dev_macro_f1=0.6036, dev_err=37.89%, es_counter1=2, es_counter2=2
2026-02-26 14:56:48,880 - lg_cotrain - INFO - Phase 3 epoch 4: dev_macro_f1=0.6033, dev_err=37.79%, es_counter1=3, es_counter2=3
2026-02-26 14:56:52,550 - lg_cotrain - INFO - Phase 3 epoch 5: dev_macro_f1=0.6039, dev_err=37.68%, es_counter1=4, es_counter2=4
2026-02-26 14:56:56,213 - lg_cotrain - INFO - Phase 3 epoch 6: dev_macro_f1=0.6049, dev_err=37.58%, es_counter1=5, es_counter2=5
2026-02-26 14:56:59,886 - lg_cotrain - INFO - Phase 3 epoch 7: dev_macro_f1=0.6063, dev_err=37.37%, es_counter1=6, es_counter2=6
2026-02-26 14:57:03,558 - lg_cotrain - INFO - Phase 3 epoch 8: dev_macro_f1=0.6063, dev_err=37.37%, es_counter1=7, es_counter2=7
2026-02-26 14:57:07,240 - lg_cotrain - INFO - Phase 3 epoch 9: dev_macro_f1=0.6069, dev_err=37.27%, es_counter1=8, es_counter2=8
2026-02-26 14:57:10,891 - lg_cotrain - INFO - Phase 3 epoch 10: dev_macro_f1=0.6069, dev_err=37.27%, es_counter1=9, es_counter2=9
2026-02-26 14:57:10,891 - lg_cotrain - INFO - Early stopping at epoch 10
2026-02-26 14:57:10,900 - lg_cotrain - INFO - === Final Evaluation ===
2026-02-26 14:57:20,683 - lg_cotrain - INFO - Results saved to C:\Users\anhtr\AppData\Local\Temp\tmp866gunw_\hurricane_irma_2017\5_set1\metrics.json
2026-02-26 14:57:20,683 - lg_cotrain - INFO - Test error rate: 35.66%, Test macro-F1: 0.6174, Test ECE: 0.2973
2026-02-26 14:57:20,694 - lg_cotrain - INFO - --- Trial 3/10 done: dev_macro_f1=0.6098 ---
2026-02-26 14:57:20,694 - lg_cotrain - INFO - --- Trial 4/10 ---
2026-02-26 14:57:21,216 - lg_cotrain - INFO - Starting LG-CoTrain: event=hurricane_irma_2017, budget=5, seed_set=1
2026-02-26 14:57:21,261 - lg_cotrain - INFO - Detected 9 classes for event hurricane_irma_2017: ['caution_and_advice', 'displaced_people_and_evacuations', 'infrastructure_and_utility_damage', 'injured_or_dead_people', 'not_humanitarian', 'other_relevant_information', 'requests_or_urgent_needs', 'rescue_volunteering_or_donation_effort', 'sympathy_and_support']
2026-02-26 14:57:21,270 - lg_cotrain - INFO - D_l1: 27, D_l2: 18, D_LG: 6534
2026-02-26 14:57:21,271 - lg_cotrain - INFO - === Phase 1: Weight Generation ===
2026-02-26 14:57:46,534 - lg_cotrain - INFO - Phase 1 epoch 1/7: mean_prob1=0.1242, mean_prob2=0.1090
2026-02-26 14:58:10,791 - lg_cotrain - INFO - Phase 1 epoch 2/7: mean_prob1=0.1236, mean_prob2=0.1104
2026-02-26 14:58:35,148 - lg_cotrain - INFO - Phase 1 epoch 3/7: mean_prob1=0.1041, mean_prob2=0.1143
2026-02-26 14:58:59,956 - lg_cotrain - INFO - Phase 1 epoch 4/7: mean_prob1=0.1546, mean_prob2=0.1238
2026-02-26 14:59:24,224 - lg_cotrain - INFO - Phase 1 epoch 5/7: mean_prob1=0.1562, mean_prob2=0.1354
2026-02-26 14:59:48,503 - lg_cotrain - INFO - Phase 1 epoch 6/7: mean_prob1=0.1649, mean_prob2=0.1396
2026-02-26 15:00:12,778 - lg_cotrain - INFO - Phase 1 epoch 7/7: mean_prob1=0.1816, mean_prob2=0.1444
2026-02-26 15:00:12,779 - lg_cotrain - INFO - === Phase 2: Co-Training ===
2026-02-26 15:00:13,775 - lg_cotrain - INFO - LR scheduler: total_steps_1=8570, warmup=2451; total_steps_2=8470, warmup=2423
2026-02-26 15:00:13,776 - lg_cotrain - INFO - Phase 1 done -> seeded Phase 2 trackers. lambda1: mean=0.1816, range=[0.0110, 0.7348]
2026-02-26 15:00:13,777 - lg_cotrain - INFO - Phase 1 done -> seeded Phase 2 trackers. lambda2: mean=0.1444, range=[0.0186, 0.5073]
2026-02-26 15:02:00,939 - lg_cotrain - INFO - Phase 2 epoch 1/10: loss1=0.1685, loss2=0.2093, dev_macro_f1=0.5464, dev_err=38.52%
2026-02-26 15:03:48,220 - lg_cotrain - INFO - Phase 2 epoch 2/10: loss1=0.0600, loss2=0.3262, dev_macro_f1=0.5364, dev_err=39.87%
2026-02-26 15:05:36,018 - lg_cotrain - INFO - Phase 2 epoch 3/10: loss1=0.0756, loss2=0.3858, dev_macro_f1=0.5332, dev_err=40.29%
2026-02-26 15:07:23,459 - lg_cotrain - INFO - Phase 2 epoch 4/10: loss1=0.1158, loss2=0.3243, dev_macro_f1=0.5070, dev_err=42.69%
2026-02-26 15:09:10,424 - lg_cotrain - INFO - Phase 2 epoch 5/10: loss1=0.1422, loss2=0.2585, dev_macro_f1=0.5461, dev_err=39.25%
2026-02-26 15:10:57,351 - lg_cotrain - INFO - Phase 2 epoch 6/10: loss1=0.0935, loss2=0.1289, dev_macro_f1=0.5468, dev_err=39.77%
2026-02-26 15:12:47,058 - lg_cotrain - INFO - Phase 2 epoch 7/10: loss1=0.0686, loss2=0.0719, dev_macro_f1=0.5653, dev_err=39.14%
2026-02-26 15:14:35,482 - lg_cotrain - INFO - Phase 2 epoch 8/10: loss1=0.0437, loss2=0.0479, dev_macro_f1=0.5452, dev_err=40.19%
2026-02-26 15:16:24,435 - lg_cotrain - INFO - Phase 2 epoch 9/10: loss1=0.0320, loss2=0.0297, dev_macro_f1=0.5713, dev_err=38.83%
2026-02-26 15:18:12,326 - lg_cotrain - INFO - Phase 2 epoch 10/10: loss1=0.0246, loss2=0.0122, dev_macro_f1=0.5895, dev_err=38.20%
2026-02-26 15:18:12,326 - lg_cotrain - INFO - === Phase 3: Fine-Tuning ===
2026-02-26 15:18:15,992 - lg_cotrain - INFO - Phase 3 epoch 1: dev_macro_f1=0.5904, dev_err=38.10%, es_counter1=0, es_counter2=0
2026-02-26 15:18:19,656 - lg_cotrain - INFO - Phase 3 epoch 2: dev_macro_f1=0.5995, dev_err=37.58%, es_counter1=0, es_counter2=0
2026-02-26 15:18:23,350 - lg_cotrain - INFO - Phase 3 epoch 3: dev_macro_f1=0.6121, dev_err=37.06%, es_counter1=0, es_counter2=0
2026-02-26 15:18:27,001 - lg_cotrain - INFO - Phase 3 epoch 4: dev_macro_f1=0.6023, dev_err=37.79%, es_counter1=1, es_counter2=1
2026-02-26 15:18:30,631 - lg_cotrain - INFO - Phase 3 epoch 5: dev_macro_f1=0.5933, dev_err=38.52%, es_counter1=2, es_counter2=2
2026-02-26 15:18:34,293 - lg_cotrain - INFO - Phase 3 epoch 6: dev_macro_f1=0.5877, dev_err=39.04%, es_counter1=3, es_counter2=3
2026-02-26 15:18:37,966 - lg_cotrain - INFO - Phase 3 epoch 7: dev_macro_f1=0.5810, dev_err=39.67%, es_counter1=4, es_counter2=4
2026-02-26 15:18:37,966 - lg_cotrain - INFO - Early stopping at epoch 7
2026-02-26 15:18:37,977 - lg_cotrain - INFO - === Final Evaluation ===
2026-02-26 15:18:47,776 - lg_cotrain - INFO - Results saved to C:\Users\anhtr\AppData\Local\Temp\tmpb7vt6_79\hurricane_irma_2017\5_set1\metrics.json
2026-02-26 15:18:47,776 - lg_cotrain - INFO - Test error rate: 35.61%, Test macro-F1: 0.6149, Test ECE: 0.2100
2026-02-26 15:18:47,786 - lg_cotrain - INFO - --- Trial 4/10 done: dev_macro_f1=0.6121 ---
2026-02-26 15:18:47,786 - lg_cotrain - INFO - --- Trial 5/10 ---
2026-02-26 15:18:48,301 - lg_cotrain - INFO - Starting LG-CoTrain: event=hurricane_irma_2017, budget=5, seed_set=1
2026-02-26 15:18:48,347 - lg_cotrain - INFO - Detected 9 classes for event hurricane_irma_2017: ['caution_and_advice', 'displaced_people_and_evacuations', 'infrastructure_and_utility_damage', 'injured_or_dead_people', 'not_humanitarian', 'other_relevant_information', 'requests_or_urgent_needs', 'rescue_volunteering_or_donation_effort', 'sympathy_and_support']
2026-02-26 15:18:48,358 - lg_cotrain - INFO - D_l1: 27, D_l2: 18, D_LG: 6534
2026-02-26 15:18:48,361 - lg_cotrain - INFO - === Phase 1: Weight Generation ===
2026-02-26 15:19:12,155 - lg_cotrain - INFO - Phase 1 epoch 1/7: mean_prob1=0.1081, mean_prob2=0.1147
2026-02-26 15:19:34,958 - lg_cotrain - INFO - Phase 1 epoch 2/7: mean_prob1=0.1107, mean_prob2=0.1015
2026-02-26 15:19:57,615 - lg_cotrain - INFO - Phase 1 epoch 3/7: mean_prob1=0.1163, mean_prob2=0.1011
2026-02-26 15:20:20,268 - lg_cotrain - INFO - Phase 1 epoch 4/7: mean_prob1=0.1369, mean_prob2=0.1058
2026-02-26 15:20:42,924 - lg_cotrain - INFO - Phase 1 epoch 5/7: mean_prob1=0.1498, mean_prob2=0.1292
2026-02-26 15:21:05,656 - lg_cotrain - INFO - Phase 1 epoch 6/7: mean_prob1=0.1443, mean_prob2=0.1084
2026-02-26 15:21:28,284 - lg_cotrain - INFO - Phase 1 epoch 7/7: mean_prob1=0.1804, mean_prob2=0.1139
2026-02-26 15:21:28,284 - lg_cotrain - INFO - === Phase 2: Co-Training ===
2026-02-26 15:21:29,309 - lg_cotrain - INFO - LR scheduler: total_steps_1=4699, warmup=106; total_steps_2=4699, warmup=106
2026-02-26 15:21:29,309 - lg_cotrain - INFO - Phase 1 done -> seeded Phase 2 trackers. lambda1: mean=0.1804, range=[0.0126, 0.6606]
2026-02-26 15:21:29,310 - lg_cotrain - INFO - Phase 1 done -> seeded Phase 2 trackers. lambda2: mean=0.1139, range=[0.0290, 0.5435]
2026-02-26 15:23:02,746 - lg_cotrain - INFO - Phase 2 epoch 1/11: loss1=0.1353, loss2=0.2048, dev_macro_f1=0.5033, dev_err=41.86%
2026-02-26 15:24:35,104 - lg_cotrain - INFO - Phase 2 epoch 2/11: loss1=0.1646, loss2=1.0367, dev_macro_f1=0.0321, dev_err=83.09%
2026-02-26 15:26:09,400 - lg_cotrain - INFO - Phase 2 epoch 3/11: loss1=0.0827, loss2=0.9818, dev_macro_f1=0.0321, dev_err=83.09%
2026-02-26 15:27:44,364 - lg_cotrain - INFO - Phase 2 epoch 4/11: loss1=0.0545, loss2=0.8849, dev_macro_f1=0.0321, dev_err=83.09%
2026-02-26 15:29:19,585 - lg_cotrain - INFO - Phase 2 epoch 5/11: loss1=0.0495, loss2=0.8199, dev_macro_f1=0.0321, dev_err=83.09%
2026-02-26 15:30:52,623 - lg_cotrain - INFO - Phase 2 epoch 6/11: loss1=0.0494, loss2=0.7705, dev_macro_f1=0.0321, dev_err=83.09%
2026-02-26 15:32:24,244 - lg_cotrain - INFO - Phase 2 epoch 7/11: loss1=0.0501, loss2=0.7345, dev_macro_f1=0.0321, dev_err=83.09%
2026-02-26 15:33:55,916 - lg_cotrain - INFO - Phase 2 epoch 8/11: loss1=0.0540, loss2=0.7016, dev_macro_f1=0.0321, dev_err=83.09%
2026-02-26 15:35:27,577 - lg_cotrain - INFO - Phase 2 epoch 9/11: loss1=0.0569, loss2=0.6757, dev_macro_f1=0.0321, dev_err=83.09%
2026-02-26 15:36:59,147 - lg_cotrain - INFO - Phase 2 epoch 10/11: loss1=0.0597, loss2=0.6533, dev_macro_f1=0.0321, dev_err=83.09%
2026-02-26 15:38:30,817 - lg_cotrain - INFO - Phase 2 epoch 11/11: loss1=0.0620, loss2=0.6344, dev_macro_f1=0.0321, dev_err=83.09%
2026-02-26 15:38:30,818 - lg_cotrain - INFO - === Phase 3: Fine-Tuning ===
2026-02-26 15:38:34,166 - lg_cotrain - INFO - Phase 3 epoch 1: dev_macro_f1=0.0321, dev_err=83.09%, es_counter1=0, es_counter2=0
2026-02-26 15:38:37,496 - lg_cotrain - INFO - Phase 3 epoch 2: dev_macro_f1=0.0321, dev_err=83.09%, es_counter1=1, es_counter2=1
2026-02-26 15:38:40,812 - lg_cotrain - INFO - Phase 3 epoch 3: dev_macro_f1=0.0321, dev_err=83.09%, es_counter1=2, es_counter2=2
2026-02-26 15:38:44,128 - lg_cotrain - INFO - Phase 3 epoch 4: dev_macro_f1=0.0321, dev_err=83.09%, es_counter1=3, es_counter2=3
2026-02-26 15:38:47,446 - lg_cotrain - INFO - Phase 3 epoch 5: dev_macro_f1=0.0321, dev_err=83.09%, es_counter1=4, es_counter2=4
2026-02-26 15:38:50,747 - lg_cotrain - INFO - Phase 3 epoch 6: dev_macro_f1=0.0321, dev_err=83.09%, es_counter1=5, es_counter2=5
2026-02-26 15:38:54,056 - lg_cotrain - INFO - Phase 3 epoch 7: dev_macro_f1=0.0321, dev_err=83.09%, es_counter1=6, es_counter2=6
2026-02-26 15:38:57,368 - lg_cotrain - INFO - Phase 3 epoch 8: dev_macro_f1=0.0321, dev_err=83.09%, es_counter1=7, es_counter2=7
2026-02-26 15:39:00,669 - lg_cotrain - INFO - Phase 3 epoch 9: dev_macro_f1=0.0321, dev_err=83.09%, es_counter1=8, es_counter2=8
2026-02-26 15:39:03,978 - lg_cotrain - INFO - Phase 3 epoch 10: dev_macro_f1=0.0321, dev_err=83.09%, es_counter1=9, es_counter2=9
2026-02-26 15:39:07,274 - lg_cotrain - INFO - Phase 3 epoch 11: dev_macro_f1=0.0321, dev_err=83.09%, es_counter1=10, es_counter2=10
2026-02-26 15:39:07,274 - lg_cotrain - INFO - Early stopping at epoch 11
2026-02-26 15:39:07,284 - lg_cotrain - INFO - === Final Evaluation ===
2026-02-26 15:39:16,243 - lg_cotrain - INFO - Results saved to C:\Users\anhtr\AppData\Local\Temp\tmp1fede0o5\hurricane_irma_2017\5_set1\metrics.json
2026-02-26 15:39:16,243 - lg_cotrain - INFO - Test error rate: 83.08%, Test macro-F1: 0.0322, Test ECE: 0.3857
2026-02-26 15:39:16,252 - lg_cotrain - INFO - --- Trial 5/10 done: dev_macro_f1=0.0321 ---
2026-02-26 15:39:16,252 - lg_cotrain - INFO - --- Trial 6/10 ---
2026-02-26 15:39:16,789 - lg_cotrain - INFO - Starting LG-CoTrain: event=hurricane_irma_2017, budget=5, seed_set=1
2026-02-26 15:39:16,838 - lg_cotrain - INFO - Detected 9 classes for event hurricane_irma_2017: ['caution_and_advice', 'displaced_people_and_evacuations', 'infrastructure_and_utility_damage', 'injured_or_dead_people', 'not_humanitarian', 'other_relevant_information', 'requests_or_urgent_needs', 'rescue_volunteering_or_donation_effort', 'sympathy_and_support']
2026-02-26 15:39:16,849 - lg_cotrain - INFO - D_l1: 27, D_l2: 18, D_LG: 6534
2026-02-26 15:39:16,851 - lg_cotrain - INFO - === Phase 1: Weight Generation ===
2026-02-26 15:39:42,125 - lg_cotrain - INFO - Phase 1 epoch 1/7: mean_prob1=0.1190, mean_prob2=0.1078
2026-02-26 15:40:06,604 - lg_cotrain - INFO - Phase 1 epoch 2/7: mean_prob1=0.1183, mean_prob2=0.1090
2026-02-26 15:40:31,134 - lg_cotrain - INFO - Phase 1 epoch 3/7: mean_prob1=0.0959, mean_prob2=0.1114
2026-02-26 15:40:55,487 - lg_cotrain - INFO - Phase 1 epoch 4/7: mean_prob1=0.1419, mean_prob2=0.1205
2026-02-26 15:41:19,971 - lg_cotrain - INFO - Phase 1 epoch 5/7: mean_prob1=0.1348, mean_prob2=0.1282
2026-02-26 15:41:45,173 - lg_cotrain - INFO - Phase 1 epoch 6/7: mean_prob1=0.1632, mean_prob2=0.1366
2026-02-26 15:42:10,515 - lg_cotrain - INFO - Phase 1 epoch 7/7: mean_prob1=0.1684, mean_prob2=0.1393
2026-02-26 15:42:10,515 - lg_cotrain - INFO - === Phase 2: Co-Training ===
2026-02-26 15:42:11,632 - lg_cotrain - INFO - LR scheduler: total_steps_1=5302, warmup=853; total_steps_2=5202, warmup=837
2026-02-26 15:42:11,632 - lg_cotrain - INFO - Phase 1 done -> seeded Phase 2 trackers. lambda1: mean=0.1684, range=[0.0148, 0.7126]
2026-02-26 15:42:11,632 - lg_cotrain - INFO - Phase 1 done -> seeded Phase 2 trackers. lambda2: mean=0.1393, range=[0.0197, 0.5377]
2026-02-26 15:44:01,212 - lg_cotrain - INFO - Phase 2 epoch 1/6: loss1=0.1482, loss2=0.1801, dev_macro_f1=0.5555, dev_err=38.41%
2026-02-26 15:45:50,098 - lg_cotrain - INFO - Phase 2 epoch 2/6: loss1=0.1402, loss2=1.3197, dev_macro_f1=0.0371, dev_err=79.96%
2026-02-26 15:47:37,522 - lg_cotrain - INFO - Phase 2 epoch 3/6: loss1=0.1134, loss2=1.1362, dev_macro_f1=0.0371, dev_err=79.96%
2026-02-26 15:49:24,950 - lg_cotrain - INFO - Phase 2 epoch 4/6: loss1=0.0828, loss2=1.0197, dev_macro_f1=0.0371, dev_err=79.96%
2026-02-26 15:51:11,948 - lg_cotrain - INFO - Phase 2 epoch 5/6: loss1=0.0772, loss2=0.9369, dev_macro_f1=0.0371, dev_err=79.96%
2026-02-26 15:52:58,992 - lg_cotrain - INFO - Phase 2 epoch 6/6: loss1=0.0790, loss2=0.8747, dev_macro_f1=0.0371, dev_err=79.96%
2026-02-26 15:52:58,992 - lg_cotrain - INFO - === Phase 3: Fine-Tuning ===
2026-02-26 15:53:02,633 - lg_cotrain - INFO - Phase 3 epoch 1: dev_macro_f1=0.0371, dev_err=79.96%, es_counter1=0, es_counter2=0
2026-02-26 15:53:06,241 - lg_cotrain - INFO - Phase 3 epoch 2: dev_macro_f1=0.0371, dev_err=79.96%, es_counter1=1, es_counter2=1
2026-02-26 15:53:09,834 - lg_cotrain - INFO - Phase 3 epoch 3: dev_macro_f1=0.0371, dev_err=79.96%, es_counter1=2, es_counter2=2
2026-02-26 15:53:13,431 - lg_cotrain - INFO - Phase 3 epoch 4: dev_macro_f1=0.0371, dev_err=79.96%, es_counter1=3, es_counter2=3
2026-02-26 15:53:17,040 - lg_cotrain - INFO - Phase 3 epoch 5: dev_macro_f1=0.0371, dev_err=79.96%, es_counter1=4, es_counter2=4
2026-02-26 15:53:20,639 - lg_cotrain - INFO - Phase 3 epoch 6: dev_macro_f1=0.0371, dev_err=79.96%, es_counter1=5, es_counter2=5
2026-02-26 15:53:24,247 - lg_cotrain - INFO - Phase 3 epoch 7: dev_macro_f1=0.0371, dev_err=79.96%, es_counter1=6, es_counter2=6
2026-02-26 15:53:24,247 - lg_cotrain - INFO - Early stopping at epoch 7
2026-02-26 15:53:24,256 - lg_cotrain - INFO - === Final Evaluation ===
2026-02-26 15:53:33,961 - lg_cotrain - INFO - Results saved to C:\Users\anhtr\AppData\Local\Temp\tmpkn4voyf1\hurricane_irma_2017\5_set1\metrics.json
2026-02-26 15:53:33,961 - lg_cotrain - INFO - Test error rate: 80.02%, Test macro-F1: 0.0370, Test ECE: 0.1566
2026-02-26 15:53:33,973 - lg_cotrain - INFO - --- Trial 6/10 done: dev_macro_f1=0.0371 ---
2026-02-26 15:53:33,973 - lg_cotrain - INFO - --- Trial 7/10 ---
2026-02-26 15:53:34,512 - lg_cotrain - INFO - Starting LG-CoTrain: event=hurricane_irma_2017, budget=5, seed_set=1
2026-02-26 15:53:34,556 - lg_cotrain - INFO - Detected 9 classes for event hurricane_irma_2017: ['caution_and_advice', 'displaced_people_and_evacuations', 'infrastructure_and_utility_damage', 'injured_or_dead_people', 'not_humanitarian', 'other_relevant_information', 'requests_or_urgent_needs', 'rescue_volunteering_or_donation_effort', 'sympathy_and_support']
2026-02-26 15:53:34,568 - lg_cotrain - INFO - D_l1: 27, D_l2: 18, D_LG: 6534
2026-02-26 15:53:34,569 - lg_cotrain - INFO - === Phase 1: Weight Generation ===
2026-02-26 15:53:56,126 - lg_cotrain - INFO - Phase 1 epoch 1/7: mean_prob1=0.1269, mean_prob2=0.1150
2026-02-26 15:54:16,699 - lg_cotrain - INFO - Phase 1 epoch 2/7: mean_prob1=0.1260, mean_prob2=0.1152
2026-02-26 15:54:37,254 - lg_cotrain - INFO - Phase 1 epoch 3/7: mean_prob1=0.1251, mean_prob2=0.1156
2026-02-26 15:54:58,173 - lg_cotrain - INFO - Phase 1 epoch 4/7: mean_prob1=0.1244, mean_prob2=0.1163
2026-02-26 15:55:19,162 - lg_cotrain - INFO - Phase 1 epoch 5/7: mean_prob1=0.1236, mean_prob2=0.1173
2026-02-26 15:55:40,171 - lg_cotrain - INFO - Phase 1 epoch 6/7: mean_prob1=0.1228, mean_prob2=0.1190
2026-02-26 15:56:00,975 - lg_cotrain - INFO - Phase 1 epoch 7/7: mean_prob1=0.1220, mean_prob2=0.1206
2026-02-26 15:56:00,976 - lg_cotrain - INFO - === Phase 2: Co-Training ===
2026-02-26 15:56:02,057 - lg_cotrain - INFO - LR scheduler: total_steps_1=3790, warmup=509; total_steps_2=3790, warmup=509
2026-02-26 15:56:02,057 - lg_cotrain - INFO - Phase 1 done -> seeded Phase 2 trackers. lambda1: mean=0.1220, range=[0.0537, 0.2307]
2026-02-26 15:56:02,058 - lg_cotrain - INFO - Phase 1 done -> seeded Phase 2 trackers. lambda2: mean=0.1206, range=[0.0270, 0.3243]
2026-02-26 15:57:23,871 - lg_cotrain - INFO - Phase 2 epoch 1/18: loss1=0.2454, loss2=0.2464, dev_macro_f1=0.2098, dev_err=63.26%
2026-02-26 15:58:45,479 - lg_cotrain - INFO - Phase 2 epoch 2/18: loss1=0.1366, loss2=0.2194, dev_macro_f1=0.5089, dev_err=43.53%
2026-02-26 16:00:07,160 - lg_cotrain - INFO - Phase 2 epoch 3/18: loss1=0.0643, loss2=0.1562, dev_macro_f1=0.5477, dev_err=38.83%
2026-02-26 16:01:29,096 - lg_cotrain - INFO - Phase 2 epoch 4/18: loss1=0.0358, loss2=0.1235, dev_macro_f1=0.5426, dev_err=39.35%
2026-02-26 16:02:50,660 - lg_cotrain - INFO - Phase 2 epoch 5/18: loss1=0.0255, loss2=0.0938, dev_macro_f1=0.5541, dev_err=38.20%
2026-02-26 16:04:12,237 - lg_cotrain - INFO - Phase 2 epoch 6/18: loss1=0.0186, loss2=0.0695, dev_macro_f1=0.5472, dev_err=39.46%
2026-02-26 16:05:33,889 - lg_cotrain - INFO - Phase 2 epoch 7/18: loss1=0.0156, loss2=0.0565, dev_macro_f1=0.5549, dev_err=37.89%
2026-02-26 16:06:55,527 - lg_cotrain - INFO - Phase 2 epoch 8/18: loss1=0.0125, loss2=0.0432, dev_macro_f1=0.5532, dev_err=38.41%
2026-02-26 16:08:17,834 - lg_cotrain - INFO - Phase 2 epoch 9/18: loss1=0.0118, loss2=0.0376, dev_macro_f1=0.5511, dev_err=38.73%
2026-02-26 16:09:39,462 - lg_cotrain - INFO - Phase 2 epoch 10/18: loss1=0.0119, loss2=0.0306, dev_macro_f1=0.5538, dev_err=38.20%
2026-02-26 16:11:01,114 - lg_cotrain - INFO - Phase 2 epoch 11/18: loss1=0.0096, loss2=0.0235, dev_macro_f1=0.5495, dev_err=38.62%
2026-02-26 16:12:24,491 - lg_cotrain - INFO - Phase 2 epoch 12/18: loss1=0.0100, loss2=0.0219, dev_macro_f1=0.5508, dev_err=38.73%
2026-02-26 16:13:46,857 - lg_cotrain - INFO - Phase 2 epoch 13/18: loss1=0.0085, loss2=0.0167, dev_macro_f1=0.5527, dev_err=38.62%
2026-02-26 16:15:10,269 - lg_cotrain - INFO - Phase 2 epoch 14/18: loss1=0.0078, loss2=0.0167, dev_macro_f1=0.5505, dev_err=38.73%
2026-02-26 16:16:33,543 - lg_cotrain - INFO - Phase 2 epoch 15/18: loss1=0.0078, loss2=0.0162, dev_macro_f1=0.5570, dev_err=38.31%
2026-02-26 16:17:58,515 - lg_cotrain - INFO - Phase 2 epoch 16/18: loss1=0.0073, loss2=0.0135, dev_macro_f1=0.5516, dev_err=38.73%
2026-02-26 16:19:22,379 - lg_cotrain - INFO - Phase 2 epoch 17/18: loss1=0.0075, loss2=0.0130, dev_macro_f1=0.5495, dev_err=38.94%
2026-02-26 16:20:47,152 - lg_cotrain - INFO - Phase 2 epoch 18/18: loss1=0.0088, loss2=0.0129, dev_macro_f1=0.5541, dev_err=38.83%
2026-02-26 16:20:47,152 - lg_cotrain - INFO - === Phase 3: Fine-Tuning ===
2026-02-26 16:20:50,328 - lg_cotrain - INFO - Phase 3 epoch 1: dev_macro_f1=0.5510, dev_err=39.14%, es_counter1=0, es_counter2=0
2026-02-26 16:20:53,479 - lg_cotrain - INFO - Phase 3 epoch 2: dev_macro_f1=0.5516, dev_err=39.04%, es_counter1=0, es_counter2=0
2026-02-26 16:20:56,701 - lg_cotrain - INFO - Phase 3 epoch 3: dev_macro_f1=0.5515, dev_err=39.04%, es_counter1=1, es_counter2=1
2026-02-26 16:20:59,784 - lg_cotrain - INFO - Phase 3 epoch 4: dev_macro_f1=0.5512, dev_err=39.04%, es_counter1=2, es_counter2=2
2026-02-26 16:21:02,920 - lg_cotrain - INFO - Phase 3 epoch 5: dev_macro_f1=0.5515, dev_err=38.94%, es_counter1=3, es_counter2=3
2026-02-26 16:21:06,107 - lg_cotrain - INFO - Phase 3 epoch 6: dev_macro_f1=0.5549, dev_err=38.52%, es_counter1=0, es_counter2=0
2026-02-26 16:21:09,224 - lg_cotrain - INFO - Phase 3 epoch 7: dev_macro_f1=0.5553, dev_err=38.41%, es_counter1=0, es_counter2=0
2026-02-26 16:21:12,341 - lg_cotrain - INFO - Phase 3 epoch 8: dev_macro_f1=0.5565, dev_err=38.31%, es_counter1=0, es_counter2=0
2026-02-26 16:21:15,464 - lg_cotrain - INFO - Phase 3 epoch 9: dev_macro_f1=0.5547, dev_err=38.52%, es_counter1=1, es_counter2=1
2026-02-26 16:21:18,597 - lg_cotrain - INFO - Phase 3 epoch 10: dev_macro_f1=0.5576, dev_err=38.20%, es_counter1=0, es_counter2=0
2026-02-26 16:21:21,697 - lg_cotrain - INFO - Phase 3 epoch 11: dev_macro_f1=0.5720, dev_err=38.10%, es_counter1=0, es_counter2=0
2026-02-26 16:21:24,899 - lg_cotrain - INFO - Phase 3 epoch 12: dev_macro_f1=0.5746, dev_err=37.79%, es_counter1=0, es_counter2=0
2026-02-26 16:21:27,988 - lg_cotrain - INFO - Phase 3 epoch 13: dev_macro_f1=0.5758, dev_err=37.68%, es_counter1=0, es_counter2=0
2026-02-26 16:21:31,127 - lg_cotrain - INFO - Phase 3 epoch 14: dev_macro_f1=0.5775, dev_err=37.47%, es_counter1=0, es_counter2=0
2026-02-26 16:21:34,269 - lg_cotrain - INFO - Phase 3 epoch 15: dev_macro_f1=0.5780, dev_err=37.37%, es_counter1=0, es_counter2=0
2026-02-26 16:21:37,362 - lg_cotrain - INFO - Phase 3 epoch 16: dev_macro_f1=0.5789, dev_err=37.27%, es_counter1=0, es_counter2=0
2026-02-26 16:21:40,457 - lg_cotrain - INFO - Phase 3 epoch 17: dev_macro_f1=0.5796, dev_err=37.16%, es_counter1=0, es_counter2=0
2026-02-26 16:21:43,588 - lg_cotrain - INFO - Phase 3 epoch 18: dev_macro_f1=0.5796, dev_err=37.16%, es_counter1=1, es_counter2=1
2026-02-26 16:21:46,667 - lg_cotrain - INFO - Phase 3 epoch 19: dev_macro_f1=0.5803, dev_err=37.06%, es_counter1=0, es_counter2=0
2026-02-26 16:21:49,761 - lg_cotrain - INFO - Phase 3 epoch 20: dev_macro_f1=0.5803, dev_err=37.06%, es_counter1=1, es_counter2=1
2026-02-26 16:21:52,897 - lg_cotrain - INFO - Phase 3 epoch 21: dev_macro_f1=0.5805, dev_err=37.06%, es_counter1=0, es_counter2=0
2026-02-26 16:21:56,056 - lg_cotrain - INFO - Phase 3 epoch 22: dev_macro_f1=0.5822, dev_err=36.85%, es_counter1=0, es_counter2=0
2026-02-26 16:21:59,169 - lg_cotrain - INFO - Phase 3 epoch 23: dev_macro_f1=0.5822, dev_err=36.85%, es_counter1=1, es_counter2=1
2026-02-26 16:22:02,355 - lg_cotrain - INFO - Phase 3 epoch 24: dev_macro_f1=0.5833, dev_err=36.85%, es_counter1=0, es_counter2=0
2026-02-26 16:22:05,493 - lg_cotrain - INFO - Phase 3 epoch 25: dev_macro_f1=0.5829, dev_err=36.95%, es_counter1=1, es_counter2=1
2026-02-26 16:22:08,600 - lg_cotrain - INFO - Phase 3 epoch 26: dev_macro_f1=0.5829, dev_err=36.95%, es_counter1=2, es_counter2=2
2026-02-26 16:22:11,686 - lg_cotrain - INFO - Phase 3 epoch 27: dev_macro_f1=0.5843, dev_err=36.74%, es_counter1=0, es_counter2=0
2026-02-26 16:22:14,792 - lg_cotrain - INFO - Phase 3 epoch 28: dev_macro_f1=0.5834, dev_err=36.95%, es_counter1=1, es_counter2=1
2026-02-26 16:22:17,929 - lg_cotrain - INFO - Phase 3 epoch 29: dev_macro_f1=0.5842, dev_err=36.85%, es_counter1=2, es_counter2=2
2026-02-26 16:22:21,052 - lg_cotrain - INFO - Phase 3 epoch 30: dev_macro_f1=0.5844, dev_err=36.85%, es_counter1=0, es_counter2=0
2026-02-26 16:22:24,145 - lg_cotrain - INFO - Phase 3 epoch 31: dev_macro_f1=0.5844, dev_err=36.85%, es_counter1=1, es_counter2=1
2026-02-26 16:22:27,226 - lg_cotrain - INFO - Phase 3 epoch 32: dev_macro_f1=0.5833, dev_err=36.85%, es_counter1=2, es_counter2=2
2026-02-26 16:22:30,323 - lg_cotrain - INFO - Phase 3 epoch 33: dev_macro_f1=0.5824, dev_err=36.95%, es_counter1=3, es_counter2=3
2026-02-26 16:22:33,401 - lg_cotrain - INFO - Phase 3 epoch 34: dev_macro_f1=0.5824, dev_err=36.95%, es_counter1=4, es_counter2=4
2026-02-26 16:22:36,542 - lg_cotrain - INFO - Phase 3 epoch 35: dev_macro_f1=0.5823, dev_err=36.95%, es_counter1=5, es_counter2=5
2026-02-26 16:22:39,704 - lg_cotrain - INFO - Phase 3 epoch 36: dev_macro_f1=0.5834, dev_err=36.85%, es_counter1=6, es_counter2=6
2026-02-26 16:22:39,705 - lg_cotrain - INFO - Early stopping at epoch 36
2026-02-26 16:22:39,713 - lg_cotrain - INFO - === Final Evaluation ===
2026-02-26 16:22:48,068 - lg_cotrain - INFO - Results saved to C:\Users\anhtr\AppData\Local\Temp\tmpbxn0ij0k\hurricane_irma_2017\5_set1\metrics.json
2026-02-26 16:22:48,068 - lg_cotrain - INFO - Test error rate: 35.28%, Test macro-F1: 0.5907, Test ECE: 0.2636
2026-02-26 16:22:48,078 - lg_cotrain - INFO - --- Trial 7/10 done: dev_macro_f1=0.5844 ---
2026-02-26 16:22:48,078 - lg_cotrain - INFO - --- Trial 8/10 ---
2026-02-26 16:22:48,566 - lg_cotrain - INFO - Starting LG-CoTrain: event=hurricane_irma_2017, budget=5, seed_set=1
2026-02-26 16:22:48,607 - lg_cotrain - INFO - Detected 9 classes for event hurricane_irma_2017: ['caution_and_advice', 'displaced_people_and_evacuations', 'infrastructure_and_utility_damage', 'injured_or_dead_people', 'not_humanitarian', 'other_relevant_information', 'requests_or_urgent_needs', 'rescue_volunteering_or_donation_effort', 'sympathy_and_support']
2026-02-26 16:22:48,617 - lg_cotrain - INFO - D_l1: 27, D_l2: 18, D_LG: 6534
2026-02-26 16:22:48,618 - lg_cotrain - INFO - === Phase 1: Weight Generation ===
2026-02-26 16:23:12,144 - lg_cotrain - INFO - Phase 1 epoch 1/7: mean_prob1=0.1173, mean_prob2=0.1127
2026-02-26 16:23:34,664 - lg_cotrain - INFO - Phase 1 epoch 2/7: mean_prob1=0.1021, mean_prob2=0.1118
2026-02-26 16:23:57,257 - lg_cotrain - INFO - Phase 1 epoch 3/7: mean_prob1=0.1213, mean_prob2=0.1094
2026-02-26 16:24:19,962 - lg_cotrain - INFO - Phase 1 epoch 4/7: mean_prob1=0.1294, mean_prob2=0.1084
2026-02-26 16:24:42,912 - lg_cotrain - INFO - Phase 1 epoch 5/7: mean_prob1=0.1325, mean_prob2=0.1109
2026-02-26 16:25:05,824 - lg_cotrain - INFO - Phase 1 epoch 6/7: mean_prob1=0.1464, mean_prob2=0.1138
2026-02-26 16:25:28,469 - lg_cotrain - INFO - Phase 1 epoch 7/7: mean_prob1=0.1561, mean_prob2=0.1098
2026-02-26 16:25:28,470 - lg_cotrain - INFO - === Phase 2: Co-Training ===
2026-02-26 16:25:29,472 - lg_cotrain - INFO - LR scheduler: total_steps_1=5926, warmup=242; total_steps_2=5926, warmup=242
2026-02-26 16:25:29,473 - lg_cotrain - INFO - Phase 1 done -> seeded Phase 2 trackers. lambda1: mean=0.1561, range=[0.0224, 0.5157]
2026-02-26 16:25:29,473 - lg_cotrain - INFO - Phase 1 done -> seeded Phase 2 trackers. lambda2: mean=0.1098, range=[0.0504, 0.2526]
2026-02-26 16:27:01,990 - lg_cotrain - INFO - Phase 2 epoch 1/14: loss1=0.1243, loss2=0.1681, dev_macro_f1=0.5502, dev_err=37.16%
2026-02-26 16:28:34,367 - lg_cotrain - INFO - Phase 2 epoch 2/14: loss1=0.0436, loss2=0.7296, dev_macro_f1=0.5496, dev_err=39.04%
2026-02-26 16:30:06,708 - lg_cotrain - INFO - Phase 2 epoch 3/14: loss1=0.0111, loss2=1.7210, dev_macro_f1=0.5511, dev_err=40.29%
2026-02-26 16:31:38,480 - lg_cotrain - INFO - Phase 2 epoch 4/14: loss1=0.0046, loss2=1.9081, dev_macro_f1=0.5258, dev_err=42.38%
2026-02-26 16:33:11,383 - lg_cotrain - INFO - Phase 2 epoch 5/14: loss1=0.0028, loss2=2.0011, dev_macro_f1=0.5216, dev_err=40.61%
2026-02-26 16:34:43,040 - lg_cotrain - INFO - Phase 2 epoch 6/14: loss1=0.0029, loss2=2.0332, dev_macro_f1=0.4774, dev_err=46.35%
2026-02-26 16:36:15,944 - lg_cotrain - INFO - Phase 2 epoch 7/14: loss1=0.0049, loss2=2.0534, dev_macro_f1=0.4818, dev_err=45.20%
2026-02-26 16:37:47,524 - lg_cotrain - INFO - Phase 2 epoch 8/14: loss1=0.0019, loss2=2.0717, dev_macro_f1=0.5232, dev_err=40.40%
2026-02-26 16:39:19,113 - lg_cotrain - INFO - Phase 2 epoch 9/14: loss1=0.0018, loss2=2.0859, dev_macro_f1=0.4661, dev_err=45.62%
2026-02-26 16:40:50,782 - lg_cotrain - INFO - Phase 2 epoch 10/14: loss1=0.0014, loss2=2.0848, dev_macro_f1=0.5246, dev_err=40.61%
2026-02-26 16:42:22,592 - lg_cotrain - INFO - Phase 2 epoch 11/14: loss1=0.0006, loss2=2.0925, dev_macro_f1=0.4911, dev_err=44.36%
2026-02-26 16:43:54,706 - lg_cotrain - INFO - Phase 2 epoch 12/14: loss1=0.0002, loss2=2.0905, dev_macro_f1=0.5085, dev_err=42.69%
2026-02-26 16:45:26,669 - lg_cotrain - INFO - Phase 2 epoch 13/14: loss1=0.0001, loss2=2.0906, dev_macro_f1=0.5048, dev_err=42.80%
2026-02-26 16:46:58,487 - lg_cotrain - INFO - Phase 2 epoch 14/14: loss1=0.0001, loss2=2.0923, dev_macro_f1=0.5089, dev_err=42.38%
2026-02-26 16:46:58,488 - lg_cotrain - INFO - === Phase 3: Fine-Tuning ===
2026-02-26 16:47:01,847 - lg_cotrain - INFO - Phase 3 epoch 1: dev_macro_f1=0.5170, dev_err=41.86%, es_counter1=0, es_counter2=0
2026-02-26 16:47:05,197 - lg_cotrain - INFO - Phase 3 epoch 2: dev_macro_f1=0.5174, dev_err=41.65%, es_counter1=0, es_counter2=0
2026-02-26 16:47:08,545 - lg_cotrain - INFO - Phase 3 epoch 3: dev_macro_f1=0.5269, dev_err=40.71%, es_counter1=0, es_counter2=0
2026-02-26 16:47:11,903 - lg_cotrain - INFO - Phase 3 epoch 4: dev_macro_f1=0.5277, dev_err=40.71%, es_counter1=0, es_counter2=0
2026-02-26 16:47:15,241 - lg_cotrain - INFO - Phase 3 epoch 5: dev_macro_f1=0.5268, dev_err=40.81%, es_counter1=1, es_counter2=1
2026-02-26 16:47:18,598 - lg_cotrain - INFO - Phase 3 epoch 6: dev_macro_f1=0.5288, dev_err=40.61%, es_counter1=0, es_counter2=0
2026-02-26 16:47:21,956 - lg_cotrain - INFO - Phase 3 epoch 7: dev_macro_f1=0.5471, dev_err=40.29%, es_counter1=0, es_counter2=0
2026-02-26 16:47:25,320 - lg_cotrain - INFO - Phase 3 epoch 8: dev_macro_f1=0.5494, dev_err=40.40%, es_counter1=0, es_counter2=0
2026-02-26 16:47:28,686 - lg_cotrain - INFO - Phase 3 epoch 9: dev_macro_f1=0.5613, dev_err=40.61%, es_counter1=0, es_counter2=0
2026-02-26 16:47:32,028 - lg_cotrain - INFO - Phase 3 epoch 10: dev_macro_f1=0.5573, dev_err=41.13%, es_counter1=1, es_counter2=1
2026-02-26 16:47:35,413 - lg_cotrain - INFO - Phase 3 epoch 11: dev_macro_f1=0.5664, dev_err=41.13%, es_counter1=0, es_counter2=0
2026-02-26 16:47:38,806 - lg_cotrain - INFO - Phase 3 epoch 12: dev_macro_f1=0.5715, dev_err=40.81%, es_counter1=0, es_counter2=0
2026-02-26 16:47:42,168 - lg_cotrain - INFO - Phase 3 epoch 13: dev_macro_f1=0.5742, dev_err=40.92%, es_counter1=0, es_counter2=0
2026-02-26 16:47:45,527 - lg_cotrain - INFO - Phase 3 epoch 14: dev_macro_f1=0.5791, dev_err=40.40%, es_counter1=0, es_counter2=0
2026-02-26 16:47:48,868 - lg_cotrain - INFO - Phase 3 epoch 15: dev_macro_f1=0.5706, dev_err=40.61%, es_counter1=1, es_counter2=1
2026-02-26 16:47:52,223 - lg_cotrain - INFO - Phase 3 epoch 16: dev_macro_f1=0.5747, dev_err=39.67%, es_counter1=2, es_counter2=2
2026-02-26 16:47:55,567 - lg_cotrain - INFO - Phase 3 epoch 17: dev_macro_f1=0.5729, dev_err=39.56%, es_counter1=3, es_counter2=3
2026-02-26 16:47:58,922 - lg_cotrain - INFO - Phase 3 epoch 18: dev_macro_f1=0.5725, dev_err=39.46%, es_counter1=4, es_counter2=4
2026-02-26 16:48:02,261 - lg_cotrain - INFO - Phase 3 epoch 19: dev_macro_f1=0.5682, dev_err=39.77%, es_counter1=5, es_counter2=5
2026-02-26 16:48:05,593 - lg_cotrain - INFO - Phase 3 epoch 20: dev_macro_f1=0.5689, dev_err=39.67%, es_counter1=6, es_counter2=6
2026-02-26 16:48:08,927 - lg_cotrain - INFO - Phase 3 epoch 21: dev_macro_f1=0.5687, dev_err=39.67%, es_counter1=7, es_counter2=7
2026-02-26 16:48:12,251 - lg_cotrain - INFO - Phase 3 epoch 22: dev_macro_f1=0.5667, dev_err=39.77%, es_counter1=8, es_counter2=8
2026-02-26 16:48:15,598 - lg_cotrain - INFO - Phase 3 epoch 23: dev_macro_f1=0.5655, dev_err=39.77%, es_counter1=9, es_counter2=9
2026-02-26 16:48:15,598 - lg_cotrain - INFO - Early stopping at epoch 23
2026-02-26 16:48:15,610 - lg_cotrain - INFO - === Final Evaluation ===
2026-02-26 16:48:24,667 - lg_cotrain - INFO - Results saved to C:\Users\anhtr\AppData\Local\Temp\tmps42l3ckm\hurricane_irma_2017\5_set1\metrics.json
2026-02-26 16:48:24,667 - lg_cotrain - INFO - Test error rate: 41.14%, Test macro-F1: 0.5618, Test ECE: 0.1015
2026-02-26 16:48:24,679 - lg_cotrain - INFO - --- Trial 8/10 done: dev_macro_f1=0.5791 ---
2026-02-26 16:48:24,679 - lg_cotrain - INFO - --- Trial 9/10 ---
2026-02-26 16:48:25,189 - lg_cotrain - INFO - Starting LG-CoTrain: event=hurricane_irma_2017, budget=5, seed_set=1
2026-02-26 16:48:25,226 - lg_cotrain - INFO - Detected 9 classes for event hurricane_irma_2017: ['caution_and_advice', 'displaced_people_and_evacuations', 'infrastructure_and_utility_damage', 'injured_or_dead_people', 'not_humanitarian', 'other_relevant_information', 'requests_or_urgent_needs', 'rescue_volunteering_or_donation_effort', 'sympathy_and_support']
2026-02-26 16:48:25,235 - lg_cotrain - INFO - D_l1: 27, D_l2: 18, D_LG: 6534
2026-02-26 16:48:25,236 - lg_cotrain - INFO - === Phase 1: Weight Generation ===
2026-02-26 16:48:46,872 - lg_cotrain - INFO - Phase 1 epoch 1/7: mean_prob1=0.1257, mean_prob2=0.1151
2026-02-26 16:49:07,483 - lg_cotrain - INFO - Phase 1 epoch 2/7: mean_prob1=0.1239, mean_prob2=0.1163
2026-02-26 16:49:28,022 - lg_cotrain - INFO - Phase 1 epoch 3/7: mean_prob1=0.1209, mean_prob2=0.1188
2026-02-26 16:49:48,585 - lg_cotrain - INFO - Phase 1 epoch 4/7: mean_prob1=0.1198, mean_prob2=0.1234
2026-02-26 16:50:09,157 - lg_cotrain - INFO - Phase 1 epoch 5/7: mean_prob1=0.1204, mean_prob2=0.1271
2026-02-26 16:50:30,134 - lg_cotrain - INFO - Phase 1 epoch 6/7: mean_prob1=0.1223, mean_prob2=0.1298
2026-02-26 16:50:51,311 - lg_cotrain - INFO - Phase 1 epoch 7/7: mean_prob1=0.1252, mean_prob2=0.1311
2026-02-26 16:50:51,311 - lg_cotrain - INFO - === Phase 2: Co-Training ===
2026-02-26 16:50:52,516 - lg_cotrain - INFO - LR scheduler: total_steps_1=2150, warmup=102; total_steps_2=2150, warmup=102
2026-02-26 16:50:52,517 - lg_cotrain - INFO - Phase 1 done -> seeded Phase 2 trackers. lambda1: mean=0.1252, range=[0.0518, 0.2649]
2026-02-26 16:50:52,517 - lg_cotrain - INFO - Phase 1 done -> seeded Phase 2 trackers. lambda2: mean=0.1311, range=[0.0261, 0.3170]
2026-02-26 16:52:16,028 - lg_cotrain - INFO - Phase 2 epoch 1/10: loss1=0.1869, loss2=0.1751, dev_macro_f1=0.5438, dev_err=37.58%
2026-02-26 16:53:39,438 - lg_cotrain - INFO - Phase 2 epoch 2/10: loss1=0.0507, loss2=0.1693, dev_macro_f1=0.5362, dev_err=39.56%
2026-02-26 16:55:00,621 - lg_cotrain - INFO - Phase 2 epoch 3/10: loss1=0.0279, loss2=0.1399, dev_macro_f1=0.5686, dev_err=38.20%
2026-02-26 16:56:22,097 - lg_cotrain - INFO - Phase 2 epoch 4/10: loss1=0.0187, loss2=0.0963, dev_macro_f1=0.5608, dev_err=37.58%
2026-02-26 16:57:44,637 - lg_cotrain - INFO - Phase 2 epoch 5/10: loss1=0.0137, loss2=0.0529, dev_macro_f1=0.5857, dev_err=36.85%
2026-02-26 16:59:08,562 - lg_cotrain - INFO - Phase 2 epoch 6/10: loss1=0.0108, loss2=0.0391, dev_macro_f1=0.5995, dev_err=37.47%
2026-02-26 17:00:32,120 - lg_cotrain - INFO - Phase 2 epoch 7/10: loss1=0.0110, loss2=0.0249, dev_macro_f1=0.5880, dev_err=38.10%
2026-02-26 17:01:54,238 - lg_cotrain - INFO - Phase 2 epoch 8/10: loss1=0.0072, loss2=0.0197, dev_macro_f1=0.5921, dev_err=38.41%
2026-02-26 17:03:18,142 - lg_cotrain - INFO - Phase 2 epoch 9/10: loss1=0.0078, loss2=0.0172, dev_macro_f1=0.5975, dev_err=37.89%
2026-02-26 17:04:39,589 - lg_cotrain - INFO - Phase 2 epoch 10/10: loss1=0.0071, loss2=0.0135, dev_macro_f1=0.5934, dev_err=38.52%
2026-02-26 17:04:39,590 - lg_cotrain - INFO - === Phase 3: Fine-Tuning ===
2026-02-26 17:04:42,617 - lg_cotrain - INFO - Phase 3 epoch 1: dev_macro_f1=0.5965, dev_err=38.20%, es_counter1=0, es_counter2=0
2026-02-26 17:04:45,646 - lg_cotrain - INFO - Phase 3 epoch 2: dev_macro_f1=0.6017, dev_err=37.47%, es_counter1=0, es_counter2=0
2026-02-26 17:04:48,677 - lg_cotrain - INFO - Phase 3 epoch 3: dev_macro_f1=0.6059, dev_err=37.06%, es_counter1=0, es_counter2=0
2026-02-26 17:04:51,695 - lg_cotrain - INFO - Phase 3 epoch 4: dev_macro_f1=0.6123, dev_err=36.74%, es_counter1=0, es_counter2=0
2026-02-26 17:04:54,719 - lg_cotrain - INFO - Phase 3 epoch 5: dev_macro_f1=0.6127, dev_err=36.95%, es_counter1=0, es_counter2=0
2026-02-26 17:04:57,736 - lg_cotrain - INFO - Phase 3 epoch 6: dev_macro_f1=0.6173, dev_err=36.53%, es_counter1=0, es_counter2=0
2026-02-26 17:05:00,760 - lg_cotrain - INFO - Phase 3 epoch 7: dev_macro_f1=0.6208, dev_err=36.43%, es_counter1=0, es_counter2=0
2026-02-26 17:05:03,806 - lg_cotrain - INFO - Phase 3 epoch 8: dev_macro_f1=0.6202, dev_err=36.43%, es_counter1=1, es_counter2=1
2026-02-26 17:05:06,961 - lg_cotrain - INFO - Phase 3 epoch 9: dev_macro_f1=0.6212, dev_err=36.33%, es_counter1=0, es_counter2=0
2026-02-26 17:05:10,009 - lg_cotrain - INFO - Phase 3 epoch 10: dev_macro_f1=0.6280, dev_err=36.12%, es_counter1=0, es_counter2=0
2026-02-26 17:05:13,017 - lg_cotrain - INFO - Phase 3 epoch 11: dev_macro_f1=0.6276, dev_err=36.33%, es_counter1=1, es_counter2=1
2026-02-26 17:05:16,037 - lg_cotrain - INFO - Phase 3 epoch 12: dev_macro_f1=0.6271, dev_err=36.43%, es_counter1=2, es_counter2=2
2026-02-26 17:05:19,060 - lg_cotrain - INFO - Phase 3 epoch 13: dev_macro_f1=0.6278, dev_err=36.43%, es_counter1=3, es_counter2=3
2026-02-26 17:05:22,095 - lg_cotrain - INFO - Phase 3 epoch 14: dev_macro_f1=0.6286, dev_err=36.33%, es_counter1=0, es_counter2=0
2026-02-26 17:05:25,126 - lg_cotrain - INFO - Phase 3 epoch 15: dev_macro_f1=0.6278, dev_err=36.33%, es_counter1=1, es_counter2=1
2026-02-26 17:05:28,189 - lg_cotrain - INFO - Phase 3 epoch 16: dev_macro_f1=0.6293, dev_err=36.22%, es_counter1=0, es_counter2=0
2026-02-26 17:05:31,226 - lg_cotrain - INFO - Phase 3 epoch 17: dev_macro_f1=0.6301, dev_err=36.12%, es_counter1=0, es_counter2=0
2026-02-26 17:05:34,232 - lg_cotrain - INFO - Phase 3 epoch 18: dev_macro_f1=0.6287, dev_err=36.22%, es_counter1=1, es_counter2=1
2026-02-26 17:05:37,248 - lg_cotrain - INFO - Phase 3 epoch 19: dev_macro_f1=0.6261, dev_err=36.64%, es_counter1=2, es_counter2=2
2026-02-26 17:05:40,251 - lg_cotrain - INFO - Phase 3 epoch 20: dev_macro_f1=0.6254, dev_err=36.53%, es_counter1=3, es_counter2=3
2026-02-26 17:05:43,264 - lg_cotrain - INFO - Phase 3 epoch 21: dev_macro_f1=0.6238, dev_err=36.74%, es_counter1=4, es_counter2=4
2026-02-26 17:05:46,275 - lg_cotrain - INFO - Phase 3 epoch 22: dev_macro_f1=0.6235, dev_err=36.74%, es_counter1=5, es_counter2=5
2026-02-26 17:05:49,289 - lg_cotrain - INFO - Phase 3 epoch 23: dev_macro_f1=0.6203, dev_err=36.95%, es_counter1=6, es_counter2=6
2026-02-26 17:05:52,290 - lg_cotrain - INFO - Phase 3 epoch 24: dev_macro_f1=0.6213, dev_err=36.85%, es_counter1=7, es_counter2=7
2026-02-26 17:05:52,290 - lg_cotrain - INFO - Early stopping at epoch 24
2026-02-26 17:05:52,301 - lg_cotrain - INFO - === Final Evaluation ===
2026-02-26 17:06:00,545 - lg_cotrain - INFO - Results saved to C:\Users\anhtr\AppData\Local\Temp\tmp_3f7havb\hurricane_irma_2017\5_set1\metrics.json
2026-02-26 17:06:00,546 - lg_cotrain - INFO - Test error rate: 34.64%, Test macro-F1: 0.6271, Test ECE: 0.2527
2026-02-26 17:06:00,563 - lg_cotrain - INFO - --- Trial 9/10 done: dev_macro_f1=0.6301 ---
2026-02-26 17:06:00,563 - lg_cotrain - INFO - --- Trial 10/10 ---
2026-02-26 17:06:01,070 - lg_cotrain - INFO - Starting LG-CoTrain: event=hurricane_irma_2017, budget=5, seed_set=1
2026-02-26 17:06:01,113 - lg_cotrain - INFO - Detected 9 classes for event hurricane_irma_2017: ['caution_and_advice', 'displaced_people_and_evacuations', 'infrastructure_and_utility_damage', 'injured_or_dead_people', 'not_humanitarian', 'other_relevant_information', 'requests_or_urgent_needs', 'rescue_volunteering_or_donation_effort', 'sympathy_and_support']
2026-02-26 17:06:01,121 - lg_cotrain - INFO - D_l1: 27, D_l2: 18, D_LG: 6534
2026-02-26 17:06:01,122 - lg_cotrain - INFO - === Phase 1: Weight Generation ===
2026-02-26 17:06:21,711 - lg_cotrain - INFO - Phase 1 epoch 1/7: mean_prob1=0.1032, mean_prob2=0.1161
2026-02-26 17:06:41,551 - lg_cotrain - INFO - Phase 1 epoch 2/7: mean_prob1=0.1307, mean_prob2=0.1023
2026-02-26 17:07:02,190 - lg_cotrain - INFO - Phase 1 epoch 3/7: mean_prob1=0.1143, mean_prob2=0.1017
2026-02-26 17:07:22,110 - lg_cotrain - INFO - Phase 1 epoch 4/7: mean_prob1=0.1220, mean_prob2=0.1217
2026-02-26 17:07:41,982 - lg_cotrain - INFO - Phase 1 epoch 5/7: mean_prob1=0.1311, mean_prob2=0.1004
2026-02-26 17:08:01,855 - lg_cotrain - INFO - Phase 1 epoch 6/7: mean_prob1=0.1631, mean_prob2=0.1067
2026-02-26 17:08:21,741 - lg_cotrain - INFO - Phase 1 epoch 7/7: mean_prob1=0.1541, mean_prob2=0.1133
2026-02-26 17:08:21,741 - lg_cotrain - INFO - === Phase 2: Co-Training ===
2026-02-26 17:08:22,807 - lg_cotrain - INFO - LR scheduler: total_steps_1=2057, warmup=101; total_steps_2=2057, warmup=101
2026-02-26 17:08:22,808 - lg_cotrain - INFO - Phase 1 done -> seeded Phase 2 trackers. lambda1: mean=0.1541, range=[0.0139, 0.5611]
2026-02-26 17:08:22,808 - lg_cotrain - INFO - Phase 1 done -> seeded Phase 2 trackers. lambda2: mean=0.1133, range=[0.0273, 0.4305]
2026-02-26 17:09:39,166 - lg_cotrain - INFO - Phase 2 epoch 1/19: loss1=0.1384, loss2=0.1824, dev_macro_f1=0.5101, dev_err=44.15%
2026-02-26 17:10:57,287 - lg_cotrain - INFO - Phase 2 epoch 2/19: loss1=0.0546, loss2=0.9150, dev_macro_f1=0.4435, dev_err=47.70%
2026-02-26 17:12:16,619 - lg_cotrain - INFO - Phase 2 epoch 3/19: loss1=0.0207, loss2=1.3767, dev_macro_f1=0.5141, dev_err=41.34%
2026-02-26 17:13:36,754 - lg_cotrain - INFO - Phase 2 epoch 4/19: loss1=0.0113, loss2=1.6335, dev_macro_f1=0.5215, dev_err=41.34%
2026-02-26 17:14:56,449 - lg_cotrain - INFO - Phase 2 epoch 5/19: loss1=0.0069, loss2=1.7795, dev_macro_f1=0.4240, dev_err=49.06%
2026-02-26 17:16:13,344 - lg_cotrain - INFO - Phase 2 epoch 6/19: loss1=0.0363, loss2=1.8215, dev_macro_f1=0.0321, dev_err=83.09%
2026-02-26 17:17:28,826 - lg_cotrain - INFO - Phase 2 epoch 7/19: loss1=0.0598, loss2=1.7457, dev_macro_f1=0.0371, dev_err=79.96%
2026-02-26 17:18:44,363 - lg_cotrain - INFO - Phase 2 epoch 8/19: loss1=0.0639, loss2=1.6624, dev_macro_f1=0.0371, dev_err=79.96%
2026-02-26 17:20:00,002 - lg_cotrain - INFO - Phase 2 epoch 9/19: loss1=0.0677, loss2=1.5780, dev_macro_f1=0.0371, dev_err=79.96%
2026-02-26 17:21:15,736 - lg_cotrain - INFO - Phase 2 epoch 10/19: loss1=0.0697, loss2=1.5190, dev_macro_f1=0.0371, dev_err=79.96%
2026-02-26 17:22:31,421 - lg_cotrain - INFO - Phase 2 epoch 11/19: loss1=0.0729, loss2=1.4538, dev_macro_f1=0.0321, dev_err=83.09%
2026-02-26 17:23:46,587 - lg_cotrain - INFO - Phase 2 epoch 12/19: loss1=0.0765, loss2=1.3946, dev_macro_f1=0.0321, dev_err=83.09%
2026-02-26 17:25:01,841 - lg_cotrain - INFO - Phase 2 epoch 13/19: loss1=0.0792, loss2=1.3473, dev_macro_f1=0.0371, dev_err=79.96%
2026-02-26 17:26:17,225 - lg_cotrain - INFO - Phase 2 epoch 14/19: loss1=0.0818, loss2=1.3055, dev_macro_f1=0.0321, dev_err=83.09%
2026-02-26 17:27:32,537 - lg_cotrain - INFO - Phase 2 epoch 15/19: loss1=0.0834, loss2=1.2645, dev_macro_f1=0.0321, dev_err=83.09%
2026-02-26 17:28:47,901 - lg_cotrain - INFO - Phase 2 epoch 16/19: loss1=0.0854, loss2=1.2288, dev_macro_f1=0.0321, dev_err=83.09%
2026-02-26 17:30:03,393 - lg_cotrain - INFO - Phase 2 epoch 17/19: loss1=0.0874, loss2=1.1989, dev_macro_f1=0.0321, dev_err=83.09%
2026-02-26 17:31:18,556 - lg_cotrain - INFO - Phase 2 epoch 18/19: loss1=0.0893, loss2=1.1681, dev_macro_f1=0.0321, dev_err=83.09%
2026-02-26 17:32:34,083 - lg_cotrain - INFO - Phase 2 epoch 19/19: loss1=0.0909, loss2=1.1400, dev_macro_f1=0.0371, dev_err=79.96%
2026-02-26 17:32:34,083 - lg_cotrain - INFO - === Phase 3: Fine-Tuning ===
2026-02-26 17:32:37,012 - lg_cotrain - INFO - Phase 3 epoch 1: dev_macro_f1=0.0371, dev_err=79.96%, es_counter1=0, es_counter2=0
2026-02-26 17:32:39,900 - lg_cotrain - INFO - Phase 3 epoch 2: dev_macro_f1=0.0371, dev_err=79.96%, es_counter1=1, es_counter2=1
2026-02-26 17:32:42,784 - lg_cotrain - INFO - Phase 3 epoch 3: dev_macro_f1=0.0371, dev_err=79.96%, es_counter1=2, es_counter2=2
2026-02-26 17:32:45,672 - lg_cotrain - INFO - Phase 3 epoch 4: dev_macro_f1=0.0321, dev_err=83.09%, es_counter1=3, es_counter2=3
2026-02-26 17:32:48,545 - lg_cotrain - INFO - Phase 3 epoch 5: dev_macro_f1=0.0321, dev_err=83.09%, es_counter1=4, es_counter2=4
2026-02-26 17:32:51,442 - lg_cotrain - INFO - Phase 3 epoch 6: dev_macro_f1=0.0321, dev_err=83.09%, es_counter1=5, es_counter2=5
2026-02-26 17:32:54,306 - lg_cotrain - INFO - Phase 3 epoch 7: dev_macro_f1=0.0321, dev_err=83.09%, es_counter1=6, es_counter2=6
2026-02-26 17:32:57,188 - lg_cotrain - INFO - Phase 3 epoch 8: dev_macro_f1=0.0321, dev_err=83.09%, es_counter1=7, es_counter2=7
2026-02-26 17:33:00,072 - lg_cotrain - INFO - Phase 3 epoch 9: dev_macro_f1=0.0321, dev_err=83.09%, es_counter1=8, es_counter2=8
2026-02-26 17:33:02,951 - lg_cotrain - INFO - Phase 3 epoch 10: dev_macro_f1=0.0321, dev_err=83.09%, es_counter1=9, es_counter2=9
2026-02-26 17:33:05,831 - lg_cotrain - INFO - Phase 3 epoch 11: dev_macro_f1=0.0321, dev_err=83.09%, es_counter1=10, es_counter2=10
2026-02-26 17:33:05,831 - lg_cotrain - INFO - Early stopping at epoch 11
2026-02-26 17:33:05,840 - lg_cotrain - INFO - === Final Evaluation ===
2026-02-26 17:33:13,748 - lg_cotrain - INFO - Results saved to C:\Users\anhtr\AppData\Local\Temp\tmpu7556d7s\hurricane_irma_2017\5_set1\metrics.json
2026-02-26 17:33:13,748 - lg_cotrain - INFO - Test error rate: 80.02%, Test macro-F1: 0.0370, Test ECE: 0.1332
2026-02-26 17:33:13,758 - lg_cotrain - INFO - --- Trial 10/10 done: dev_macro_f1=0.0371 ---
