2026-02-22 02:28:23,960 - lg_cotrain - INFO - === Optuna study: california_wildfires_2018 budget=10 seed=1 | target=10 trials, 0 replayed, 10 new ===
2026-02-22 02:28:23,960 - lg_cotrain - INFO - --- Trial 1/10 ---
2026-02-22 02:28:24,566 - lg_cotrain - INFO - Starting LG-CoTrain: event=california_wildfires_2018, budget=10, seed_set=1
2026-02-22 02:28:24,607 - lg_cotrain - INFO - Detected 10 classes for event california_wildfires_2018: ['caution_and_advice', 'displaced_people_and_evacuations', 'infrastructure_and_utility_damage', 'injured_or_dead_people', 'missing_or_found_people', 'not_humanitarian', 'other_relevant_information', 'requests_or_urgent_needs', 'rescue_volunteering_or_donation_effort', 'sympathy_and_support']
2026-02-22 02:28:24,617 - lg_cotrain - INFO - D_l1: 50, D_l2: 50, D_LG: 5063
2026-02-22 02:28:24,619 - lg_cotrain - INFO - === Phase 1: Weight Generation ===
2026-02-22 02:28:46,810 - lg_cotrain - INFO - Phase 1 epoch 1/7: mean_prob1=0.1094, mean_prob2=0.0882
2026-02-22 02:29:07,876 - lg_cotrain - INFO - Phase 1 epoch 2/7: mean_prob1=0.1007, mean_prob2=0.0993
2026-02-22 02:29:29,032 - lg_cotrain - INFO - Phase 1 epoch 3/7: mean_prob1=0.0993, mean_prob2=0.1023
2026-02-22 02:29:50,213 - lg_cotrain - INFO - Phase 1 epoch 4/7: mean_prob1=0.1015, mean_prob2=0.1064
2026-02-22 02:30:11,306 - lg_cotrain - INFO - Phase 1 epoch 5/7: mean_prob1=0.1070, mean_prob2=0.1200
2026-02-22 02:30:32,539 - lg_cotrain - INFO - Phase 1 epoch 6/7: mean_prob1=0.1005, mean_prob2=0.1196
2026-02-22 02:30:53,622 - lg_cotrain - INFO - Phase 1 epoch 7/7: mean_prob1=0.1017, mean_prob2=0.1735
2026-02-22 02:30:53,623 - lg_cotrain - INFO - Phase 1 done. lambda1: mean=0.1144, range=[0.0912, 0.1492]
2026-02-22 02:30:53,623 - lg_cotrain - INFO - Phase 1 done. lambda2: mean=0.0631, range=[0.0000, 0.1314]
2026-02-22 02:30:53,623 - lg_cotrain - INFO - === Phase 2: Co-Training ===
2026-02-22 02:30:54,740 - lg_cotrain - INFO - LR scheduler: total_steps_1=9562, warmup=1493; total_steps_2=9562, warmup=1493
2026-02-22 02:32:27,430 - lg_cotrain - INFO - Phase 2 epoch 1/14: loss1=0.0723, loss2=0.1349, dev_macro_f1=0.5224, dev_err=30.19%
2026-02-22 02:34:00,237 - lg_cotrain - INFO - Phase 2 epoch 2/14: loss1=0.1795, loss2=1.1384, dev_macro_f1=0.0419, dev_err=73.54%
2026-02-22 02:35:33,095 - lg_cotrain - INFO - Phase 2 epoch 3/14: loss1=0.1347, loss2=1.0493, dev_macro_f1=0.0419, dev_err=73.54%
2026-02-22 02:37:06,032 - lg_cotrain - INFO - Phase 2 epoch 4/14: loss1=0.0942, loss2=0.9128, dev_macro_f1=0.0419, dev_err=73.54%
2026-02-22 02:38:38,926 - lg_cotrain - INFO - Phase 2 epoch 5/14: loss1=0.0841, loss2=0.8633, dev_macro_f1=0.0419, dev_err=73.54%
2026-02-22 02:40:11,791 - lg_cotrain - INFO - Phase 2 epoch 6/14: loss1=0.0840, loss2=0.8076, dev_macro_f1=0.0419, dev_err=73.54%
2026-02-22 02:41:44,704 - lg_cotrain - INFO - Phase 2 epoch 7/14: loss1=0.0835, loss2=0.7638, dev_macro_f1=0.0419, dev_err=73.54%
2026-02-22 02:43:17,274 - lg_cotrain - INFO - Phase 2 epoch 8/14: loss1=0.0862, loss2=0.7287, dev_macro_f1=0.0419, dev_err=73.54%
2026-02-22 02:44:49,696 - lg_cotrain - INFO - Phase 2 epoch 9/14: loss1=0.0879, loss2=0.6981, dev_macro_f1=0.0419, dev_err=73.54%
2026-02-22 02:46:22,246 - lg_cotrain - INFO - Phase 2 epoch 10/14: loss1=0.0901, loss2=0.6736, dev_macro_f1=0.0419, dev_err=73.54%
2026-02-22 02:47:54,672 - lg_cotrain - INFO - Phase 2 epoch 11/14: loss1=0.0934, loss2=0.6513, dev_macro_f1=0.0419, dev_err=73.54%
2026-02-22 02:49:27,107 - lg_cotrain - INFO - Phase 2 epoch 12/14: loss1=0.0948, loss2=0.6331, dev_macro_f1=0.0419, dev_err=73.54%
2026-02-22 02:50:59,533 - lg_cotrain - INFO - Phase 2 epoch 13/14: loss1=0.0966, loss2=0.6155, dev_macro_f1=0.0419, dev_err=73.54%
2026-02-22 02:52:31,910 - lg_cotrain - INFO - Phase 2 epoch 14/14: loss1=0.0636, loss2=0.6007, dev_macro_f1=0.1242, dev_err=58.64%
2026-02-22 02:52:31,910 - lg_cotrain - INFO - === Phase 3: Fine-Tuning ===
2026-02-22 02:52:35,505 - lg_cotrain - INFO - Phase 3 epoch 1: dev_macro_f1=0.1242, dev_err=58.64%, es_counter1=0, es_counter2=0
2026-02-22 02:52:39,057 - lg_cotrain - INFO - Phase 3 epoch 2: dev_macro_f1=0.0901, dev_err=73.54%, es_counter1=1, es_counter2=1
2026-02-22 02:52:42,626 - lg_cotrain - INFO - Phase 3 epoch 3: dev_macro_f1=0.1022, dev_err=63.03%, es_counter1=2, es_counter2=2
2026-02-22 02:52:46,205 - lg_cotrain - INFO - Phase 3 epoch 4: dev_macro_f1=0.0419, dev_err=73.54%, es_counter1=3, es_counter2=3
2026-02-22 02:52:49,771 - lg_cotrain - INFO - Phase 3 epoch 5: dev_macro_f1=0.0695, dev_err=71.68%, es_counter1=4, es_counter2=4
2026-02-22 02:52:49,771 - lg_cotrain - INFO - Early stopping at epoch 5
2026-02-22 02:52:49,782 - lg_cotrain - INFO - === Final Evaluation ===
2026-02-22 02:52:58,146 - lg_cotrain - INFO - Results saved to C:\Users\anhtr\AppData\Local\Temp\tmpae2s0j_2\california_wildfires_2018\10_set1\metrics.json
2026-02-22 02:52:58,146 - lg_cotrain - INFO - Test error rate: 59.00%, Test macro-F1: 0.1240, Test ECE: 0.0953
2026-02-22 02:52:58,155 - lg_cotrain - INFO - --- Trial 1/10 done: dev_macro_f1=0.1242 ---
2026-02-22 02:52:58,155 - lg_cotrain - INFO - --- Trial 2/10 ---
2026-02-22 02:52:58,718 - lg_cotrain - INFO - Starting LG-CoTrain: event=california_wildfires_2018, budget=10, seed_set=1
2026-02-22 02:52:58,748 - lg_cotrain - INFO - Detected 10 classes for event california_wildfires_2018: ['caution_and_advice', 'displaced_people_and_evacuations', 'infrastructure_and_utility_damage', 'injured_or_dead_people', 'missing_or_found_people', 'not_humanitarian', 'other_relevant_information', 'requests_or_urgent_needs', 'rescue_volunteering_or_donation_effort', 'sympathy_and_support']
2026-02-22 02:52:58,755 - lg_cotrain - INFO - D_l1: 50, D_l2: 50, D_LG: 5063
2026-02-22 02:52:58,756 - lg_cotrain - INFO - === Phase 1: Weight Generation ===
2026-02-22 02:53:18,702 - lg_cotrain - INFO - Phase 1 epoch 1/7: mean_prob1=0.0904, mean_prob2=0.0995
2026-02-22 02:53:37,656 - lg_cotrain - INFO - Phase 1 epoch 2/7: mean_prob1=0.0990, mean_prob2=0.0979
2026-02-22 02:53:56,656 - lg_cotrain - INFO - Phase 1 epoch 3/7: mean_prob1=0.1018, mean_prob2=0.0969
2026-02-22 02:54:15,537 - lg_cotrain - INFO - Phase 1 epoch 4/7: mean_prob1=0.1047, mean_prob2=0.1113
2026-02-22 02:54:34,502 - lg_cotrain - INFO - Phase 1 epoch 5/7: mean_prob1=0.1110, mean_prob2=0.0893
2026-02-22 02:54:53,541 - lg_cotrain - INFO - Phase 1 epoch 6/7: mean_prob1=0.0949, mean_prob2=0.1019
2026-02-22 02:55:12,553 - lg_cotrain - INFO - Phase 1 epoch 7/7: mean_prob1=0.0995, mean_prob2=0.1222
2026-02-22 02:55:12,554 - lg_cotrain - INFO - Phase 1 done. lambda1: mean=0.1365, range=[0.1007, 0.1910]
2026-02-22 02:55:12,554 - lg_cotrain - INFO - Phase 1 done. lambda2: mean=0.0596, range=[0.0380, 0.0790]
2026-02-22 02:55:12,554 - lg_cotrain - INFO - === Phase 2: Co-Training ===
2026-02-22 02:55:13,537 - lg_cotrain - INFO - LR scheduler: total_steps_1=5155, warmup=345; total_steps_2=5155, warmup=345
2026-02-22 02:56:31,545 - lg_cotrain - INFO - Phase 2 epoch 1/15: loss1=0.1052, loss2=0.2328, dev_macro_f1=0.0419, dev_err=73.54%
2026-02-22 02:57:49,431 - lg_cotrain - INFO - Phase 2 epoch 2/15: loss1=0.1687, loss2=0.3341, dev_macro_f1=0.0419, dev_err=73.54%
2026-02-22 02:59:07,519 - lg_cotrain - INFO - Phase 2 epoch 3/15: loss1=0.1583, loss2=0.3951, dev_macro_f1=0.0419, dev_err=73.54%
2026-02-22 03:00:25,569 - lg_cotrain - INFO - Phase 2 epoch 4/15: loss1=0.1589, loss2=0.3917, dev_macro_f1=0.0419, dev_err=73.54%
2026-02-22 03:01:43,615 - lg_cotrain - INFO - Phase 2 epoch 5/15: loss1=0.1508, loss2=0.3891, dev_macro_f1=0.0419, dev_err=73.54%
2026-02-22 03:03:01,678 - lg_cotrain - INFO - Phase 2 epoch 6/15: loss1=0.1510, loss2=0.3823, dev_macro_f1=0.0419, dev_err=73.54%
2026-02-22 03:04:19,732 - lg_cotrain - INFO - Phase 2 epoch 7/15: loss1=0.1527, loss2=0.3766, dev_macro_f1=0.0419, dev_err=73.54%
2026-02-22 03:05:37,902 - lg_cotrain - INFO - Phase 2 epoch 8/15: loss1=0.1526, loss2=0.3720, dev_macro_f1=0.0419, dev_err=73.54%
2026-02-22 03:06:55,980 - lg_cotrain - INFO - Phase 2 epoch 9/15: loss1=0.1531, loss2=0.3667, dev_macro_f1=0.0419, dev_err=73.54%
2026-02-22 03:08:13,962 - lg_cotrain - INFO - Phase 2 epoch 10/15: loss1=0.1538, loss2=0.3629, dev_macro_f1=0.0419, dev_err=73.54%
2026-02-22 03:09:32,026 - lg_cotrain - INFO - Phase 2 epoch 11/15: loss1=0.1527, loss2=0.3590, dev_macro_f1=0.0419, dev_err=73.54%
2026-02-22 03:10:50,547 - lg_cotrain - INFO - Phase 2 epoch 12/15: loss1=0.1527, loss2=0.3548, dev_macro_f1=0.0419, dev_err=73.54%
2026-02-22 03:12:08,671 - lg_cotrain - INFO - Phase 2 epoch 13/15: loss1=0.1541, loss2=0.3512, dev_macro_f1=0.0419, dev_err=73.54%
2026-02-22 03:13:26,769 - lg_cotrain - INFO - Phase 2 epoch 14/15: loss1=0.1544, loss2=0.3476, dev_macro_f1=0.0419, dev_err=73.54%
2026-02-22 03:14:45,001 - lg_cotrain - INFO - Phase 2 epoch 15/15: loss1=0.1541, loss2=0.3441, dev_macro_f1=0.0419, dev_err=73.54%
2026-02-22 03:14:45,001 - lg_cotrain - INFO - === Phase 3: Fine-Tuning ===
2026-02-22 03:14:48,221 - lg_cotrain - INFO - Phase 3 epoch 1: dev_macro_f1=0.0419, dev_err=73.54%, es_counter1=0, es_counter2=0
2026-02-22 03:14:51,418 - lg_cotrain - INFO - Phase 3 epoch 2: dev_macro_f1=0.0419, dev_err=73.54%, es_counter1=1, es_counter2=1
2026-02-22 03:14:54,619 - lg_cotrain - INFO - Phase 3 epoch 3: dev_macro_f1=0.0419, dev_err=73.54%, es_counter1=2, es_counter2=2
2026-02-22 03:14:57,817 - lg_cotrain - INFO - Phase 3 epoch 4: dev_macro_f1=0.0419, dev_err=73.54%, es_counter1=3, es_counter2=3
2026-02-22 03:15:01,030 - lg_cotrain - INFO - Phase 3 epoch 5: dev_macro_f1=0.0021, dev_err=98.94%, es_counter1=4, es_counter2=4
2026-02-22 03:15:04,233 - lg_cotrain - INFO - Phase 3 epoch 6: dev_macro_f1=0.0021, dev_err=98.94%, es_counter1=5, es_counter2=5
2026-02-22 03:15:07,453 - lg_cotrain - INFO - Phase 3 epoch 7: dev_macro_f1=0.0021, dev_err=98.94%, es_counter1=6, es_counter2=6
2026-02-22 03:15:10,680 - lg_cotrain - INFO - Phase 3 epoch 8: dev_macro_f1=0.0302, dev_err=82.18%, es_counter1=7, es_counter2=7
2026-02-22 03:15:13,885 - lg_cotrain - INFO - Phase 3 epoch 9: dev_macro_f1=0.0302, dev_err=82.18%, es_counter1=8, es_counter2=8
2026-02-22 03:15:17,092 - lg_cotrain - INFO - Phase 3 epoch 10: dev_macro_f1=0.0302, dev_err=82.18%, es_counter1=9, es_counter2=9
2026-02-22 03:15:20,309 - lg_cotrain - INFO - Phase 3 epoch 11: dev_macro_f1=0.0302, dev_err=82.18%, es_counter1=10, es_counter2=10
2026-02-22 03:15:20,309 - lg_cotrain - INFO - Early stopping at epoch 11
2026-02-22 03:15:20,320 - lg_cotrain - INFO - === Final Evaluation ===
2026-02-22 03:15:27,991 - lg_cotrain - INFO - Results saved to C:\Users\anhtr\AppData\Local\Temp\tmpbp2pf9xp\california_wildfires_2018\10_set1\metrics.json
2026-02-22 03:15:27,993 - lg_cotrain - INFO - Test error rate: 73.65%, Test macro-F1: 0.0417, Test ECE: 0.2282
2026-02-22 03:15:28,004 - lg_cotrain - INFO - --- Trial 2/10 done: dev_macro_f1=0.0419 ---
2026-02-22 03:15:28,004 - lg_cotrain - INFO - --- Trial 3/10 ---
2026-02-22 03:15:28,560 - lg_cotrain - INFO - Starting LG-CoTrain: event=california_wildfires_2018, budget=10, seed_set=1
2026-02-22 03:15:28,594 - lg_cotrain - INFO - Detected 10 classes for event california_wildfires_2018: ['caution_and_advice', 'displaced_people_and_evacuations', 'infrastructure_and_utility_damage', 'injured_or_dead_people', 'missing_or_found_people', 'not_humanitarian', 'other_relevant_information', 'requests_or_urgent_needs', 'rescue_volunteering_or_donation_effort', 'sympathy_and_support']
2026-02-22 03:15:28,601 - lg_cotrain - INFO - D_l1: 50, D_l2: 50, D_LG: 5063
2026-02-22 03:15:28,603 - lg_cotrain - INFO - === Phase 1: Weight Generation ===
2026-02-22 03:15:48,246 - lg_cotrain - INFO - Phase 1 epoch 1/7: mean_prob1=0.1096, mean_prob2=0.0890
2026-02-22 03:16:06,837 - lg_cotrain - INFO - Phase 1 epoch 2/7: mean_prob1=0.1141, mean_prob2=0.0939
2026-02-22 03:16:25,285 - lg_cotrain - INFO - Phase 1 epoch 3/7: mean_prob1=0.1232, mean_prob2=0.1137
2026-02-22 03:16:43,801 - lg_cotrain - INFO - Phase 1 epoch 4/7: mean_prob1=0.1418, mean_prob2=0.1140
2026-02-22 03:17:02,332 - lg_cotrain - INFO - Phase 1 epoch 5/7: mean_prob1=0.1686, mean_prob2=0.1252
2026-02-22 03:17:21,051 - lg_cotrain - INFO - Phase 1 epoch 6/7: mean_prob1=0.2048, mean_prob2=0.1569
2026-02-22 03:17:39,527 - lg_cotrain - INFO - Phase 1 epoch 7/7: mean_prob1=0.2325, mean_prob2=0.1895
2026-02-22 03:17:39,527 - lg_cotrain - INFO - Phase 1 done. lambda1: mean=0.2164, range=[0.0617, 0.5109]
2026-02-22 03:17:39,529 - lg_cotrain - INFO - Phase 1 done. lambda2: mean=0.0699, range=[0.0000, 0.2143]
2026-02-22 03:17:39,529 - lg_cotrain - INFO - === Phase 2: Co-Training ===
2026-02-22 03:17:40,599 - lg_cotrain - INFO - LR scheduler: total_steps_1=2744, warmup=80; total_steps_2=2744, warmup=80
2026-02-22 03:18:52,164 - lg_cotrain - INFO - Phase 2 epoch 1/16: loss1=0.0801, loss2=0.2139, dev_macro_f1=0.5626, dev_err=28.59%
2026-02-22 03:20:03,799 - lg_cotrain - INFO - Phase 2 epoch 2/16: loss1=0.0977, loss2=0.3848, dev_macro_f1=0.5463, dev_err=31.12%
2026-02-22 03:21:15,485 - lg_cotrain - INFO - Phase 2 epoch 3/16: loss1=0.0875, loss2=0.3446, dev_macro_f1=0.5251, dev_err=29.92%
2026-02-22 03:22:26,878 - lg_cotrain - INFO - Phase 2 epoch 4/16: loss1=0.0613, loss2=0.5193, dev_macro_f1=0.5203, dev_err=29.92%
2026-02-22 03:23:38,310 - lg_cotrain - INFO - Phase 2 epoch 5/16: loss1=0.0953, loss2=0.2323, dev_macro_f1=0.5165, dev_err=30.05%
2026-02-22 03:24:49,805 - lg_cotrain - INFO - Phase 2 epoch 6/16: loss1=0.0874, loss2=0.1649, dev_macro_f1=0.5211, dev_err=30.19%
2026-02-22 03:26:01,288 - lg_cotrain - INFO - Phase 2 epoch 7/16: loss1=0.0783, loss2=0.1067, dev_macro_f1=0.5130, dev_err=31.25%
2026-02-22 03:27:12,809 - lg_cotrain - INFO - Phase 2 epoch 8/16: loss1=0.0732, loss2=0.0824, dev_macro_f1=0.5366, dev_err=28.86%
2026-02-22 03:28:24,424 - lg_cotrain - INFO - Phase 2 epoch 9/16: loss1=0.0668, loss2=0.0619, dev_macro_f1=0.5922, dev_err=27.13%
2026-02-22 03:29:36,054 - lg_cotrain - INFO - Phase 2 epoch 10/16: loss1=0.0475, loss2=0.0571, dev_macro_f1=0.5780, dev_err=28.06%
2026-02-22 03:30:47,574 - lg_cotrain - INFO - Phase 2 epoch 11/16: loss1=0.0508, loss2=0.0507, dev_macro_f1=0.5830, dev_err=26.99%
2026-02-22 03:31:59,141 - lg_cotrain - INFO - Phase 2 epoch 12/16: loss1=0.0461, loss2=0.0305, dev_macro_f1=0.5735, dev_err=27.53%
2026-02-22 03:33:10,856 - lg_cotrain - INFO - Phase 2 epoch 13/16: loss1=0.0355, loss2=0.0243, dev_macro_f1=0.5842, dev_err=27.39%
2026-02-22 03:34:22,315 - lg_cotrain - INFO - Phase 2 epoch 14/16: loss1=0.0294, loss2=0.0279, dev_macro_f1=0.5700, dev_err=28.32%
2026-02-22 03:35:33,690 - lg_cotrain - INFO - Phase 2 epoch 15/16: loss1=0.0253, loss2=0.0187, dev_macro_f1=0.5871, dev_err=26.99%
2026-02-22 03:36:45,080 - lg_cotrain - INFO - Phase 2 epoch 16/16: loss1=0.0250, loss2=0.0138, dev_macro_f1=0.5753, dev_err=28.06%
2026-02-22 03:36:45,080 - lg_cotrain - INFO - === Phase 3: Fine-Tuning ===
2026-02-22 03:36:48,155 - lg_cotrain - INFO - Phase 3 epoch 1: dev_macro_f1=0.5763, dev_err=27.93%, es_counter1=0, es_counter2=0
2026-02-22 03:36:51,224 - lg_cotrain - INFO - Phase 3 epoch 2: dev_macro_f1=0.5850, dev_err=27.53%, es_counter1=0, es_counter2=0
2026-02-22 03:36:54,286 - lg_cotrain - INFO - Phase 3 epoch 3: dev_macro_f1=0.5855, dev_err=28.19%, es_counter1=0, es_counter2=0
2026-02-22 03:36:57,339 - lg_cotrain - INFO - Phase 3 epoch 4: dev_macro_f1=0.5815, dev_err=28.86%, es_counter1=1, es_counter2=1
2026-02-22 03:37:00,399 - lg_cotrain - INFO - Phase 3 epoch 5: dev_macro_f1=0.5552, dev_err=32.05%, es_counter1=2, es_counter2=2
2026-02-22 03:37:03,454 - lg_cotrain - INFO - Phase 3 epoch 6: dev_macro_f1=0.5471, dev_err=34.97%, es_counter1=3, es_counter2=3
2026-02-22 03:37:06,515 - lg_cotrain - INFO - Phase 3 epoch 7: dev_macro_f1=0.5341, dev_err=36.57%, es_counter1=4, es_counter2=4
2026-02-22 03:37:09,569 - lg_cotrain - INFO - Phase 3 epoch 8: dev_macro_f1=0.5460, dev_err=35.64%, es_counter1=5, es_counter2=5
2026-02-22 03:37:12,622 - lg_cotrain - INFO - Phase 3 epoch 9: dev_macro_f1=0.5790, dev_err=32.45%, es_counter1=6, es_counter2=6
2026-02-22 03:37:12,622 - lg_cotrain - INFO - Early stopping at epoch 9
2026-02-22 03:37:12,631 - lg_cotrain - INFO - === Final Evaluation ===
2026-02-22 03:37:20,112 - lg_cotrain - INFO - Results saved to C:\Users\anhtr\AppData\Local\Temp\tmpxvmqd0zz\california_wildfires_2018\10_set1\metrics.json
2026-02-22 03:37:20,112 - lg_cotrain - INFO - Test error rate: 29.30%, Test macro-F1: 0.5834, Test ECE: 0.1352
2026-02-22 03:37:20,124 - lg_cotrain - INFO - --- Trial 3/10 done: dev_macro_f1=0.5855 ---
2026-02-22 03:37:20,124 - lg_cotrain - INFO - --- Trial 4/10 ---
2026-02-22 03:37:20,690 - lg_cotrain - INFO - Starting LG-CoTrain: event=california_wildfires_2018, budget=10, seed_set=1
2026-02-22 03:37:20,720 - lg_cotrain - INFO - Detected 10 classes for event california_wildfires_2018: ['caution_and_advice', 'displaced_people_and_evacuations', 'infrastructure_and_utility_damage', 'injured_or_dead_people', 'missing_or_found_people', 'not_humanitarian', 'other_relevant_information', 'requests_or_urgent_needs', 'rescue_volunteering_or_donation_effort', 'sympathy_and_support']
2026-02-22 03:37:20,727 - lg_cotrain - INFO - D_l1: 50, D_l2: 50, D_LG: 5063
2026-02-22 03:37:20,728 - lg_cotrain - INFO - === Phase 1: Weight Generation ===
2026-02-22 03:37:40,856 - lg_cotrain - INFO - Phase 1 epoch 1/7: mean_prob1=0.0760, mean_prob2=0.0993
2026-02-22 03:38:00,041 - lg_cotrain - INFO - Phase 1 epoch 2/7: mean_prob1=0.1023, mean_prob2=0.0942
2026-02-22 03:38:19,213 - lg_cotrain - INFO - Phase 1 epoch 3/7: mean_prob1=0.1068, mean_prob2=0.1060
2026-02-22 03:38:38,297 - lg_cotrain - INFO - Phase 1 epoch 4/7: mean_prob1=0.1252, mean_prob2=0.1132
2026-02-22 03:38:57,377 - lg_cotrain - INFO - Phase 1 epoch 5/7: mean_prob1=0.1184, mean_prob2=0.0952
2026-02-22 03:39:16,549 - lg_cotrain - INFO - Phase 1 epoch 6/7: mean_prob1=0.0952, mean_prob2=0.1104
2026-02-22 03:39:35,632 - lg_cotrain - INFO - Phase 1 epoch 7/7: mean_prob1=0.0943, mean_prob2=0.1201
2026-02-22 03:39:35,633 - lg_cotrain - INFO - Phase 1 done. lambda1: mean=0.1553, range=[0.0855, 0.2344]
2026-02-22 03:39:35,633 - lg_cotrain - INFO - Phase 1 done. lambda2: mean=0.0680, range=[0.0517, 0.0817]
2026-02-22 03:39:35,633 - lg_cotrain - INFO - === Phase 2: Co-Training ===
2026-02-22 03:39:36,630 - lg_cotrain - INFO - LR scheduler: total_steps_1=5789, warmup=1449; total_steps_2=5789, warmup=1449
2026-02-22 03:40:54,914 - lg_cotrain - INFO - Phase 2 epoch 1/17: loss1=0.0771, loss2=0.1847, dev_macro_f1=0.4789, dev_err=30.98%
2026-02-22 03:42:13,026 - lg_cotrain - INFO - Phase 2 epoch 2/17: loss1=0.1467, loss2=1.0431, dev_macro_f1=0.0302, dev_err=82.18%
2026-02-22 03:43:31,102 - lg_cotrain - INFO - Phase 2 epoch 3/17: loss1=0.1122, loss2=1.0369, dev_macro_f1=0.0419, dev_err=73.54%
2026-02-22 03:44:49,023 - lg_cotrain - INFO - Phase 2 epoch 4/17: loss1=0.0925, loss2=0.9453, dev_macro_f1=0.0419, dev_err=73.54%
2026-02-22 03:46:06,989 - lg_cotrain - INFO - Phase 2 epoch 5/17: loss1=0.0905, loss2=0.8738, dev_macro_f1=0.0419, dev_err=73.54%
2026-02-22 03:47:24,871 - lg_cotrain - INFO - Phase 2 epoch 6/17: loss1=0.0974, loss2=0.8170, dev_macro_f1=0.0419, dev_err=73.54%
2026-02-22 03:48:42,874 - lg_cotrain - INFO - Phase 2 epoch 7/17: loss1=0.0982, loss2=0.7760, dev_macro_f1=0.0419, dev_err=73.54%
2026-02-22 03:50:00,860 - lg_cotrain - INFO - Phase 2 epoch 8/17: loss1=0.1013, loss2=0.7330, dev_macro_f1=0.0419, dev_err=73.54%
2026-02-22 03:51:18,778 - lg_cotrain - INFO - Phase 2 epoch 9/17: loss1=0.1021, loss2=0.7030, dev_macro_f1=0.0419, dev_err=73.54%
2026-02-22 03:52:36,706 - lg_cotrain - INFO - Phase 2 epoch 10/17: loss1=0.1029, loss2=0.6792, dev_macro_f1=0.0419, dev_err=73.54%
2026-02-22 03:53:54,615 - lg_cotrain - INFO - Phase 2 epoch 11/17: loss1=0.1065, loss2=0.6542, dev_macro_f1=0.0419, dev_err=73.54%
2026-02-22 03:55:12,709 - lg_cotrain - INFO - Phase 2 epoch 12/17: loss1=0.1075, loss2=0.6364, dev_macro_f1=0.0419, dev_err=73.54%
2026-02-22 03:56:30,691 - lg_cotrain - INFO - Phase 2 epoch 13/17: loss1=0.1094, loss2=0.6167, dev_macro_f1=0.0419, dev_err=73.54%
2026-02-22 03:57:48,683 - lg_cotrain - INFO - Phase 2 epoch 14/17: loss1=0.1111, loss2=0.6026, dev_macro_f1=0.0419, dev_err=73.54%
2026-02-22 03:59:06,584 - lg_cotrain - INFO - Phase 2 epoch 15/17: loss1=0.1115, loss2=0.5875, dev_macro_f1=0.0419, dev_err=73.54%
2026-02-22 04:00:24,666 - lg_cotrain - INFO - Phase 2 epoch 16/17: loss1=0.1132, loss2=0.5758, dev_macro_f1=0.0419, dev_err=73.54%
2026-02-22 04:01:42,818 - lg_cotrain - INFO - Phase 2 epoch 17/17: loss1=0.1143, loss2=0.5636, dev_macro_f1=0.0419, dev_err=73.54%
2026-02-22 04:01:42,819 - lg_cotrain - INFO - === Phase 3: Fine-Tuning ===
2026-02-22 04:01:46,053 - lg_cotrain - INFO - Phase 3 epoch 1: dev_macro_f1=0.0419, dev_err=73.54%, es_counter1=0, es_counter2=0
2026-02-22 04:01:49,256 - lg_cotrain - INFO - Phase 3 epoch 2: dev_macro_f1=0.0021, dev_err=98.94%, es_counter1=1, es_counter2=1
2026-02-22 04:01:52,472 - lg_cotrain - INFO - Phase 3 epoch 3: dev_macro_f1=0.0021, dev_err=98.94%, es_counter1=2, es_counter2=2
2026-02-22 04:01:55,674 - lg_cotrain - INFO - Phase 3 epoch 4: dev_macro_f1=0.0037, dev_err=98.14%, es_counter1=3, es_counter2=3
2026-02-22 04:01:58,864 - lg_cotrain - INFO - Phase 3 epoch 5: dev_macro_f1=0.0419, dev_err=73.54%, es_counter1=4, es_counter2=4
2026-02-22 04:02:02,070 - lg_cotrain - INFO - Phase 3 epoch 6: dev_macro_f1=0.0302, dev_err=82.18%, es_counter1=5, es_counter2=5
2026-02-22 04:02:05,273 - lg_cotrain - INFO - Phase 3 epoch 7: dev_macro_f1=0.0108, dev_err=94.28%, es_counter1=6, es_counter2=6
2026-02-22 04:02:08,477 - lg_cotrain - INFO - Phase 3 epoch 8: dev_macro_f1=0.0037, dev_err=98.14%, es_counter1=7, es_counter2=7
2026-02-22 04:02:08,477 - lg_cotrain - INFO - Early stopping at epoch 8
2026-02-22 04:02:08,486 - lg_cotrain - INFO - === Final Evaluation ===
2026-02-22 04:02:16,156 - lg_cotrain - INFO - Results saved to C:\Users\anhtr\AppData\Local\Temp\tmpu5biaax1\california_wildfires_2018\10_set1\metrics.json
2026-02-22 04:02:16,156 - lg_cotrain - INFO - Test error rate: 73.65%, Test macro-F1: 0.0417, Test ECE: 0.2444
2026-02-22 04:02:16,165 - lg_cotrain - INFO - --- Trial 4/10 done: dev_macro_f1=0.0419 ---
2026-02-22 04:02:16,165 - lg_cotrain - INFO - --- Trial 5/10 ---
2026-02-22 04:02:16,724 - lg_cotrain - INFO - Starting LG-CoTrain: event=california_wildfires_2018, budget=10, seed_set=1
2026-02-22 04:02:16,755 - lg_cotrain - INFO - Detected 10 classes for event california_wildfires_2018: ['caution_and_advice', 'displaced_people_and_evacuations', 'infrastructure_and_utility_damage', 'injured_or_dead_people', 'missing_or_found_people', 'not_humanitarian', 'other_relevant_information', 'requests_or_urgent_needs', 'rescue_volunteering_or_donation_effort', 'sympathy_and_support']
2026-02-22 04:02:16,762 - lg_cotrain - INFO - D_l1: 50, D_l2: 50, D_LG: 5063
2026-02-22 04:02:16,763 - lg_cotrain - INFO - === Phase 1: Weight Generation ===
2026-02-22 04:02:38,894 - lg_cotrain - INFO - Phase 1 epoch 1/7: mean_prob1=0.1035, mean_prob2=0.0990
2026-02-22 04:03:00,073 - lg_cotrain - INFO - Phase 1 epoch 2/7: mean_prob1=0.1090, mean_prob2=0.0979
2026-02-22 04:03:21,359 - lg_cotrain - INFO - Phase 1 epoch 3/7: mean_prob1=0.1110, mean_prob2=0.1053
2026-02-22 04:03:42,642 - lg_cotrain - INFO - Phase 1 epoch 4/7: mean_prob1=0.1131, mean_prob2=0.1129
2026-02-22 04:04:03,892 - lg_cotrain - INFO - Phase 1 epoch 5/7: mean_prob1=0.1162, mean_prob2=0.1129
2026-02-22 04:04:25,126 - lg_cotrain - INFO - Phase 1 epoch 6/7: mean_prob1=0.1197, mean_prob2=0.1137
2026-02-22 04:04:46,508 - lg_cotrain - INFO - Phase 1 epoch 7/7: mean_prob1=0.1233, mean_prob2=0.1241
2026-02-22 04:04:46,509 - lg_cotrain - INFO - Phase 1 done. lambda1: mean=0.1303, range=[0.0485, 0.3084]
2026-02-22 04:04:46,509 - lg_cotrain - INFO - Phase 1 done. lambda2: mean=0.0916, range=[0.0197, 0.2999]
2026-02-22 04:04:46,509 - lg_cotrain - INFO - === Phase 2: Co-Training ===
2026-02-22 04:04:47,479 - lg_cotrain - INFO - LR scheduler: total_steps_1=11461, warmup=1893; total_steps_2=11461, warmup=1893
2026-02-22 04:06:20,113 - lg_cotrain - INFO - Phase 2 epoch 1/17: loss1=0.1582, loss2=0.2262, dev_macro_f1=0.2879, dev_err=37.10%
2026-02-22 04:07:53,059 - lg_cotrain - INFO - Phase 2 epoch 2/17: loss1=0.0634, loss2=0.1473, dev_macro_f1=0.5013, dev_err=28.99%
2026-02-22 04:09:26,199 - lg_cotrain - INFO - Phase 2 epoch 3/17: loss1=0.0311, loss2=0.1494, dev_macro_f1=0.5286, dev_err=28.59%
2026-02-22 04:10:59,304 - lg_cotrain - INFO - Phase 2 epoch 4/17: loss1=0.0323, loss2=0.1188, dev_macro_f1=0.5454, dev_err=28.59%
2026-02-22 04:12:32,498 - lg_cotrain - INFO - Phase 2 epoch 5/17: loss1=0.0205, loss2=0.0729, dev_macro_f1=0.5707, dev_err=27.53%
2026-02-22 04:14:05,446 - lg_cotrain - INFO - Phase 2 epoch 6/17: loss1=0.0111, loss2=0.0546, dev_macro_f1=0.5999, dev_err=25.93%
2026-02-22 04:15:38,391 - lg_cotrain - INFO - Phase 2 epoch 7/17: loss1=0.0170, loss2=0.0415, dev_macro_f1=0.5967, dev_err=26.20%
2026-02-22 04:17:11,415 - lg_cotrain - INFO - Phase 2 epoch 8/17: loss1=0.0106, loss2=0.0316, dev_macro_f1=0.6079, dev_err=26.06%
2026-02-22 04:18:44,459 - lg_cotrain - INFO - Phase 2 epoch 9/17: loss1=0.0067, loss2=0.0186, dev_macro_f1=0.6074, dev_err=26.20%
2026-02-22 04:20:17,505 - lg_cotrain - INFO - Phase 2 epoch 10/17: loss1=0.0082, loss2=0.0180, dev_macro_f1=0.6077, dev_err=25.93%
2026-02-22 04:21:50,324 - lg_cotrain - INFO - Phase 2 epoch 11/17: loss1=0.0065, loss2=0.0166, dev_macro_f1=0.6118, dev_err=25.80%
2026-02-22 04:23:23,444 - lg_cotrain - INFO - Phase 2 epoch 12/17: loss1=0.0060, loss2=0.0076, dev_macro_f1=0.6019, dev_err=26.60%
2026-02-22 04:24:56,458 - lg_cotrain - INFO - Phase 2 epoch 13/17: loss1=0.0043, loss2=0.0084, dev_macro_f1=0.5957, dev_err=27.26%
2026-02-22 04:26:29,381 - lg_cotrain - INFO - Phase 2 epoch 14/17: loss1=0.0041, loss2=0.0056, dev_macro_f1=0.6188, dev_err=25.66%
2026-02-22 04:28:02,099 - lg_cotrain - INFO - Phase 2 epoch 15/17: loss1=0.0059, loss2=0.0042, dev_macro_f1=0.6005, dev_err=27.13%
2026-02-22 04:29:35,017 - lg_cotrain - INFO - Phase 2 epoch 16/17: loss1=0.0043, loss2=0.0033, dev_macro_f1=0.5990, dev_err=26.33%
2026-02-22 04:31:07,838 - lg_cotrain - INFO - Phase 2 epoch 17/17: loss1=0.0038, loss2=0.0028, dev_macro_f1=0.6060, dev_err=26.46%
2026-02-22 04:31:07,838 - lg_cotrain - INFO - === Phase 3: Fine-Tuning ===
2026-02-22 04:31:11,469 - lg_cotrain - INFO - Phase 3 epoch 1: dev_macro_f1=0.6005, dev_err=27.39%, es_counter1=0, es_counter2=0
2026-02-22 04:31:15,100 - lg_cotrain - INFO - Phase 3 epoch 2: dev_macro_f1=0.6176, dev_err=27.53%, es_counter1=0, es_counter2=0
2026-02-22 04:31:18,704 - lg_cotrain - INFO - Phase 3 epoch 3: dev_macro_f1=0.6105, dev_err=27.93%, es_counter1=1, es_counter2=1
2026-02-22 04:31:22,306 - lg_cotrain - INFO - Phase 3 epoch 4: dev_macro_f1=0.6110, dev_err=27.93%, es_counter1=2, es_counter2=2
2026-02-22 04:31:25,916 - lg_cotrain - INFO - Phase 3 epoch 5: dev_macro_f1=0.6073, dev_err=28.46%, es_counter1=3, es_counter2=3
2026-02-22 04:31:29,534 - lg_cotrain - INFO - Phase 3 epoch 6: dev_macro_f1=0.6047, dev_err=28.72%, es_counter1=4, es_counter2=4
2026-02-22 04:31:33,157 - lg_cotrain - INFO - Phase 3 epoch 7: dev_macro_f1=0.6011, dev_err=29.12%, es_counter1=5, es_counter2=5
2026-02-22 04:31:36,774 - lg_cotrain - INFO - Phase 3 epoch 8: dev_macro_f1=0.6008, dev_err=29.26%, es_counter1=6, es_counter2=6
2026-02-22 04:31:40,385 - lg_cotrain - INFO - Phase 3 epoch 9: dev_macro_f1=0.6002, dev_err=29.52%, es_counter1=7, es_counter2=7
2026-02-22 04:31:44,009 - lg_cotrain - INFO - Phase 3 epoch 10: dev_macro_f1=0.6013, dev_err=29.65%, es_counter1=8, es_counter2=8
2026-02-22 04:31:47,614 - lg_cotrain - INFO - Phase 3 epoch 11: dev_macro_f1=0.6059, dev_err=29.52%, es_counter1=9, es_counter2=9
2026-02-22 04:31:51,236 - lg_cotrain - INFO - Phase 3 epoch 12: dev_macro_f1=0.6055, dev_err=29.65%, es_counter1=10, es_counter2=10
2026-02-22 04:31:51,236 - lg_cotrain - INFO - Early stopping at epoch 12
2026-02-22 04:31:51,245 - lg_cotrain - INFO - === Final Evaluation ===
2026-02-22 04:31:59,716 - lg_cotrain - INFO - Results saved to C:\Users\anhtr\AppData\Local\Temp\tmpq0b1nxvh\california_wildfires_2018\10_set1\metrics.json
2026-02-22 04:31:59,717 - lg_cotrain - INFO - Test error rate: 27.24%, Test macro-F1: 0.6355, Test ECE: 0.1975
2026-02-22 04:31:59,726 - lg_cotrain - INFO - --- Trial 5/10 done: dev_macro_f1=0.6176 ---
2026-02-22 04:31:59,726 - lg_cotrain - INFO - --- Trial 6/10 ---
2026-02-22 04:32:00,283 - lg_cotrain - INFO - Starting LG-CoTrain: event=california_wildfires_2018, budget=10, seed_set=1
2026-02-22 04:32:00,314 - lg_cotrain - INFO - Detected 10 classes for event california_wildfires_2018: ['caution_and_advice', 'displaced_people_and_evacuations', 'infrastructure_and_utility_damage', 'injured_or_dead_people', 'missing_or_found_people', 'not_humanitarian', 'other_relevant_information', 'requests_or_urgent_needs', 'rescue_volunteering_or_donation_effort', 'sympathy_and_support']
2026-02-22 04:32:00,321 - lg_cotrain - INFO - D_l1: 50, D_l2: 50, D_LG: 5063
2026-02-22 04:32:00,322 - lg_cotrain - INFO - === Phase 1: Weight Generation ===
2026-02-22 04:32:18,738 - lg_cotrain - INFO - Phase 1 epoch 1/7: mean_prob1=0.1101, mean_prob2=0.0869
2026-02-22 04:32:36,198 - lg_cotrain - INFO - Phase 1 epoch 2/7: mean_prob1=0.1101, mean_prob2=0.0953
2026-02-22 04:32:53,616 - lg_cotrain - INFO - Phase 1 epoch 3/7: mean_prob1=0.1104, mean_prob2=0.1034
2026-02-22 04:33:11,063 - lg_cotrain - INFO - Phase 1 epoch 4/7: mean_prob1=0.1114, mean_prob2=0.1090
2026-02-22 04:33:28,504 - lg_cotrain - INFO - Phase 1 epoch 5/7: mean_prob1=0.1152, mean_prob2=0.1159
2026-02-22 04:33:46,053 - lg_cotrain - INFO - Phase 1 epoch 6/7: mean_prob1=0.1201, mean_prob2=0.1203
2026-02-22 04:34:03,491 - lg_cotrain - INFO - Phase 1 epoch 7/7: mean_prob1=0.1242, mean_prob2=0.1204
2026-02-22 04:34:03,491 - lg_cotrain - INFO - Phase 1 done. lambda1: mean=0.1302, range=[0.0532, 0.2595]
2026-02-22 04:34:03,492 - lg_cotrain - INFO - Phase 1 done. lambda2: mean=0.0820, range=[0.0035, 0.2721]
2026-02-22 04:34:03,492 - lg_cotrain - INFO - === Phase 2: Co-Training ===
2026-02-22 04:34:04,436 - lg_cotrain - INFO - LR scheduler: total_steps_1=740, warmup=98; total_steps_2=740, warmup=98
2026-02-22 04:35:09,569 - lg_cotrain - INFO - Phase 2 epoch 1/8: loss1=0.1260, loss2=0.2034, dev_macro_f1=0.4253, dev_err=30.98%
2026-02-22 04:36:14,748 - lg_cotrain - INFO - Phase 2 epoch 2/8: loss1=0.0530, loss2=0.1839, dev_macro_f1=0.5339, dev_err=28.86%
2026-02-22 04:37:20,069 - lg_cotrain - INFO - Phase 2 epoch 3/8: loss1=0.0253, loss2=0.1694, dev_macro_f1=0.5860, dev_err=26.46%
2026-02-22 04:38:25,516 - lg_cotrain - INFO - Phase 2 epoch 4/8: loss1=0.0176, loss2=0.1317, dev_macro_f1=0.5782, dev_err=27.26%
2026-02-22 04:39:30,816 - lg_cotrain - INFO - Phase 2 epoch 5/8: loss1=0.0161, loss2=0.0647, dev_macro_f1=0.5881, dev_err=27.13%
2026-02-22 04:40:36,134 - lg_cotrain - INFO - Phase 2 epoch 6/8: loss1=0.0149, loss2=0.0382, dev_macro_f1=0.5753, dev_err=27.79%
2026-02-22 04:41:41,391 - lg_cotrain - INFO - Phase 2 epoch 7/8: loss1=0.0085, loss2=0.0215, dev_macro_f1=0.6058, dev_err=26.60%
2026-02-22 04:42:46,719 - lg_cotrain - INFO - Phase 2 epoch 8/8: loss1=0.0063, loss2=0.0133, dev_macro_f1=0.6103, dev_err=26.46%
2026-02-22 04:42:46,719 - lg_cotrain - INFO - === Phase 3: Fine-Tuning ===
2026-02-22 04:42:49,588 - lg_cotrain - INFO - Phase 3 epoch 1: dev_macro_f1=0.6118, dev_err=26.33%, es_counter1=0, es_counter2=0
2026-02-22 04:42:52,450 - lg_cotrain - INFO - Phase 3 epoch 2: dev_macro_f1=0.6161, dev_err=26.20%, es_counter1=0, es_counter2=0
2026-02-22 04:42:55,292 - lg_cotrain - INFO - Phase 3 epoch 3: dev_macro_f1=0.6117, dev_err=25.93%, es_counter1=1, es_counter2=1
2026-02-22 04:42:58,105 - lg_cotrain - INFO - Phase 3 epoch 4: dev_macro_f1=0.5977, dev_err=27.26%, es_counter1=2, es_counter2=2
2026-02-22 04:43:00,950 - lg_cotrain - INFO - Phase 3 epoch 5: dev_macro_f1=0.5943, dev_err=27.93%, es_counter1=3, es_counter2=3
2026-02-22 04:43:03,794 - lg_cotrain - INFO - Phase 3 epoch 6: dev_macro_f1=0.5865, dev_err=29.12%, es_counter1=4, es_counter2=4
2026-02-22 04:43:06,645 - lg_cotrain - INFO - Phase 3 epoch 7: dev_macro_f1=0.5797, dev_err=30.45%, es_counter1=5, es_counter2=5
2026-02-22 04:43:09,497 - lg_cotrain - INFO - Phase 3 epoch 8: dev_macro_f1=0.5999, dev_err=30.45%, es_counter1=6, es_counter2=6
2026-02-22 04:43:12,361 - lg_cotrain - INFO - Phase 3 epoch 9: dev_macro_f1=0.5987, dev_err=30.32%, es_counter1=7, es_counter2=7
2026-02-22 04:43:15,201 - lg_cotrain - INFO - Phase 3 epoch 10: dev_macro_f1=0.5994, dev_err=31.12%, es_counter1=8, es_counter2=8
2026-02-22 04:43:18,039 - lg_cotrain - INFO - Phase 3 epoch 11: dev_macro_f1=0.5922, dev_err=31.78%, es_counter1=9, es_counter2=9
2026-02-22 04:43:18,039 - lg_cotrain - INFO - Early stopping at epoch 11
2026-02-22 04:43:18,056 - lg_cotrain - INFO - === Final Evaluation ===
2026-02-22 04:43:25,111 - lg_cotrain - INFO - Results saved to C:\Users\anhtr\AppData\Local\Temp\tmphjeogsk0\california_wildfires_2018\10_set1\metrics.json
2026-02-22 04:43:25,111 - lg_cotrain - INFO - Test error rate: 26.97%, Test macro-F1: 0.6057, Test ECE: 0.1913
2026-02-22 04:43:25,120 - lg_cotrain - INFO - --- Trial 6/10 done: dev_macro_f1=0.6161 ---
2026-02-22 04:43:25,120 - lg_cotrain - INFO - --- Trial 7/10 ---
2026-02-22 04:43:25,695 - lg_cotrain - INFO - Starting LG-CoTrain: event=california_wildfires_2018, budget=10, seed_set=1
2026-02-22 04:43:25,735 - lg_cotrain - INFO - Detected 10 classes for event california_wildfires_2018: ['caution_and_advice', 'displaced_people_and_evacuations', 'infrastructure_and_utility_damage', 'injured_or_dead_people', 'missing_or_found_people', 'not_humanitarian', 'other_relevant_information', 'requests_or_urgent_needs', 'rescue_volunteering_or_donation_effort', 'sympathy_and_support']
2026-02-22 04:43:25,742 - lg_cotrain - INFO - D_l1: 50, D_l2: 50, D_LG: 5063
2026-02-22 04:43:25,743 - lg_cotrain - INFO - === Phase 1: Weight Generation ===
2026-02-22 04:43:45,267 - lg_cotrain - INFO - Phase 1 epoch 1/7: mean_prob1=0.1023, mean_prob2=0.0876
2026-02-22 04:44:03,731 - lg_cotrain - INFO - Phase 1 epoch 2/7: mean_prob1=0.0961, mean_prob2=0.0852
2026-02-22 04:44:22,112 - lg_cotrain - INFO - Phase 1 epoch 3/7: mean_prob1=0.0960, mean_prob2=0.1069
2026-02-22 04:44:40,477 - lg_cotrain - INFO - Phase 1 epoch 4/7: mean_prob1=0.1022, mean_prob2=0.1062
2026-02-22 04:44:58,838 - lg_cotrain - INFO - Phase 1 epoch 5/7: mean_prob1=0.1052, mean_prob2=0.1099
2026-02-22 04:45:17,162 - lg_cotrain - INFO - Phase 1 epoch 6/7: mean_prob1=0.0995, mean_prob2=0.1071
2026-02-22 04:45:35,473 - lg_cotrain - INFO - Phase 1 epoch 7/7: mean_prob1=0.0980, mean_prob2=0.0974
2026-02-22 04:45:35,474 - lg_cotrain - INFO - Phase 1 done. lambda1: mean=0.1141, range=[0.0932, 0.1371]
2026-02-22 04:45:35,474 - lg_cotrain - INFO - Phase 1 done. lambda2: mean=0.0691, range=[0.0168, 0.0893]
2026-02-22 04:45:35,474 - lg_cotrain - INFO - === Phase 2: Co-Training ===
2026-02-22 04:45:36,442 - lg_cotrain - INFO - LR scheduler: total_steps_1=2108, warmup=476; total_steps_2=2108, warmup=476
2026-02-22 04:46:47,847 - lg_cotrain - INFO - Phase 2 epoch 1/12: loss1=0.0820, loss2=0.1443, dev_macro_f1=0.4963, dev_err=29.26%
2026-02-22 04:47:59,096 - lg_cotrain - INFO - Phase 2 epoch 2/12: loss1=0.1059, loss2=1.0263, dev_macro_f1=0.0419, dev_err=73.54%
2026-02-22 04:49:10,273 - lg_cotrain - INFO - Phase 2 epoch 3/12: loss1=0.0883, loss2=1.0173, dev_macro_f1=0.0419, dev_err=73.54%
2026-02-22 04:50:21,301 - lg_cotrain - INFO - Phase 2 epoch 4/12: loss1=0.0805, loss2=0.9124, dev_macro_f1=0.0419, dev_err=73.54%
2026-02-22 04:51:32,278 - lg_cotrain - INFO - Phase 2 epoch 5/12: loss1=0.0781, loss2=0.8349, dev_macro_f1=0.0419, dev_err=73.54%
2026-02-22 04:52:43,138 - lg_cotrain - INFO - Phase 2 epoch 6/12: loss1=0.0780, loss2=0.7868, dev_macro_f1=0.0419, dev_err=73.54%
2026-02-22 04:53:54,160 - lg_cotrain - INFO - Phase 2 epoch 7/12: loss1=0.0805, loss2=0.7440, dev_macro_f1=0.0419, dev_err=73.54%
2026-02-22 04:55:05,097 - lg_cotrain - INFO - Phase 2 epoch 8/12: loss1=0.0857, loss2=0.7122, dev_macro_f1=0.0419, dev_err=73.54%
2026-02-22 04:56:16,007 - lg_cotrain - INFO - Phase 2 epoch 9/12: loss1=0.0865, loss2=0.6850, dev_macro_f1=0.0419, dev_err=73.54%
2026-02-22 04:57:26,998 - lg_cotrain - INFO - Phase 2 epoch 10/12: loss1=0.0888, loss2=0.6622, dev_macro_f1=0.0419, dev_err=73.54%
2026-02-22 04:58:38,029 - lg_cotrain - INFO - Phase 2 epoch 11/12: loss1=0.0913, loss2=0.6464, dev_macro_f1=0.0419, dev_err=73.54%
2026-02-22 04:59:49,087 - lg_cotrain - INFO - Phase 2 epoch 12/12: loss1=0.0933, loss2=0.6269, dev_macro_f1=0.0419, dev_err=73.54%
2026-02-22 04:59:49,088 - lg_cotrain - INFO - === Phase 3: Fine-Tuning ===
2026-02-22 04:59:52,137 - lg_cotrain - INFO - Phase 3 epoch 1: dev_macro_f1=0.0419, dev_err=73.54%, es_counter1=0, es_counter2=0
2026-02-22 04:59:55,129 - lg_cotrain - INFO - Phase 3 epoch 2: dev_macro_f1=0.0419, dev_err=73.54%, es_counter1=1, es_counter2=1
2026-02-22 04:59:58,145 - lg_cotrain - INFO - Phase 3 epoch 3: dev_macro_f1=0.0419, dev_err=73.54%, es_counter1=2, es_counter2=2
2026-02-22 05:00:01,149 - lg_cotrain - INFO - Phase 3 epoch 4: dev_macro_f1=0.0419, dev_err=73.54%, es_counter1=3, es_counter2=3
2026-02-22 05:00:04,169 - lg_cotrain - INFO - Phase 3 epoch 5: dev_macro_f1=0.0247, dev_err=85.90%, es_counter1=4, es_counter2=4
2026-02-22 05:00:07,189 - lg_cotrain - INFO - Phase 3 epoch 6: dev_macro_f1=0.0021, dev_err=98.94%, es_counter1=5, es_counter2=5
2026-02-22 05:00:10,210 - lg_cotrain - INFO - Phase 3 epoch 7: dev_macro_f1=0.0021, dev_err=98.94%, es_counter1=6, es_counter2=6
2026-02-22 05:00:13,219 - lg_cotrain - INFO - Phase 3 epoch 8: dev_macro_f1=0.0021, dev_err=98.94%, es_counter1=7, es_counter2=7
2026-02-22 05:00:13,219 - lg_cotrain - INFO - Early stopping at epoch 8
2026-02-22 05:00:13,227 - lg_cotrain - INFO - === Final Evaluation ===
2026-02-22 05:00:20,598 - lg_cotrain - INFO - Results saved to C:\Users\anhtr\AppData\Local\Temp\tmp9kuhv9d4\california_wildfires_2018\10_set1\metrics.json
2026-02-22 05:00:20,599 - lg_cotrain - INFO - Test error rate: 73.65%, Test macro-F1: 0.0417, Test ECE: 0.2486
2026-02-22 05:00:20,607 - lg_cotrain - INFO - --- Trial 7/10 done: dev_macro_f1=0.0419 ---
2026-02-22 05:00:20,607 - lg_cotrain - INFO - --- Trial 8/10 ---
2026-02-22 05:00:21,161 - lg_cotrain - INFO - Starting LG-CoTrain: event=california_wildfires_2018, budget=10, seed_set=1
2026-02-22 05:00:21,193 - lg_cotrain - INFO - Detected 10 classes for event california_wildfires_2018: ['caution_and_advice', 'displaced_people_and_evacuations', 'infrastructure_and_utility_damage', 'injured_or_dead_people', 'missing_or_found_people', 'not_humanitarian', 'other_relevant_information', 'requests_or_urgent_needs', 'rescue_volunteering_or_donation_effort', 'sympathy_and_support']
2026-02-22 05:00:21,199 - lg_cotrain - INFO - D_l1: 50, D_l2: 50, D_LG: 5063
2026-02-22 05:00:21,201 - lg_cotrain - INFO - === Phase 1: Weight Generation ===
2026-02-22 05:00:41,445 - lg_cotrain - INFO - Phase 1 epoch 1/7: mean_prob1=0.1078, mean_prob2=0.0974
2026-02-22 05:01:00,698 - lg_cotrain - INFO - Phase 1 epoch 2/7: mean_prob1=0.1107, mean_prob2=0.0953
2026-02-22 05:01:19,974 - lg_cotrain - INFO - Phase 1 epoch 3/7: mean_prob1=0.1098, mean_prob2=0.1037
2026-02-22 05:01:39,271 - lg_cotrain - INFO - Phase 1 epoch 4/7: mean_prob1=0.1125, mean_prob2=0.1097
2026-02-22 05:01:58,599 - lg_cotrain - INFO - Phase 1 epoch 5/7: mean_prob1=0.1118, mean_prob2=0.1144
2026-02-22 05:02:17,871 - lg_cotrain - INFO - Phase 1 epoch 6/7: mean_prob1=0.1144, mean_prob2=0.1177
2026-02-22 05:02:37,112 - lg_cotrain - INFO - Phase 1 epoch 7/7: mean_prob1=0.1266, mean_prob2=0.1119
2026-02-22 05:02:37,113 - lg_cotrain - INFO - Phase 1 done. lambda1: mean=0.1286, range=[0.0493, 0.3045]
2026-02-22 05:02:37,113 - lg_cotrain - INFO - Phase 1 done. lambda2: mean=0.0871, range=[0.0004, 0.3004]
2026-02-22 05:02:37,113 - lg_cotrain - INFO - === Phase 2: Co-Training ===
2026-02-22 05:02:38,082 - lg_cotrain - INFO - LR scheduler: total_steps_1=2302, warmup=218; total_steps_2=2302, warmup=218
2026-02-22 05:03:56,348 - lg_cotrain - INFO - Phase 2 epoch 1/6: loss1=0.1153, loss2=0.1660, dev_macro_f1=0.5329, dev_err=28.46%
2026-02-22 05:05:14,725 - lg_cotrain - INFO - Phase 2 epoch 2/6: loss1=0.0434, loss2=0.1813, dev_macro_f1=0.5655, dev_err=27.39%
2026-02-22 05:06:33,109 - lg_cotrain - INFO - Phase 2 epoch 3/6: loss1=0.0223, loss2=0.1409, dev_macro_f1=0.6066, dev_err=25.53%
2026-02-22 05:07:51,612 - lg_cotrain - INFO - Phase 2 epoch 4/6: loss1=0.0126, loss2=0.0776, dev_macro_f1=0.6072, dev_err=26.86%
2026-02-22 05:09:09,930 - lg_cotrain - INFO - Phase 2 epoch 5/6: loss1=0.0088, loss2=0.0412, dev_macro_f1=0.5981, dev_err=26.46%
2026-02-22 05:10:28,321 - lg_cotrain - INFO - Phase 2 epoch 6/6: loss1=0.0080, loss2=0.0237, dev_macro_f1=0.6012, dev_err=26.73%
2026-02-22 05:10:28,321 - lg_cotrain - INFO - === Phase 3: Fine-Tuning ===
2026-02-22 05:10:31,592 - lg_cotrain - INFO - Phase 3 epoch 1: dev_macro_f1=0.6003, dev_err=27.39%, es_counter1=0, es_counter2=0
2026-02-22 05:10:34,835 - lg_cotrain - INFO - Phase 3 epoch 2: dev_macro_f1=0.5846, dev_err=28.46%, es_counter1=1, es_counter2=1
2026-02-22 05:10:38,075 - lg_cotrain - INFO - Phase 3 epoch 3: dev_macro_f1=0.5872, dev_err=28.46%, es_counter1=2, es_counter2=2
2026-02-22 05:10:41,319 - lg_cotrain - INFO - Phase 3 epoch 4: dev_macro_f1=0.5881, dev_err=28.46%, es_counter1=3, es_counter2=3
2026-02-22 05:10:44,569 - lg_cotrain - INFO - Phase 3 epoch 5: dev_macro_f1=0.5916, dev_err=28.06%, es_counter1=4, es_counter2=4
2026-02-22 05:10:44,569 - lg_cotrain - INFO - Early stopping at epoch 5
2026-02-22 05:10:44,578 - lg_cotrain - INFO - === Final Evaluation ===
2026-02-22 05:10:52,331 - lg_cotrain - INFO - Results saved to C:\Users\anhtr\AppData\Local\Temp\tmpunbak_v4\california_wildfires_2018\10_set1\metrics.json
2026-02-22 05:10:52,332 - lg_cotrain - INFO - Test error rate: 26.69%, Test macro-F1: 0.6029, Test ECE: 0.1723
2026-02-22 05:10:52,341 - lg_cotrain - INFO - --- Trial 8/10 done: dev_macro_f1=0.6003 ---
2026-02-22 05:10:52,341 - lg_cotrain - INFO - --- Trial 9/10 ---
2026-02-22 05:10:52,903 - lg_cotrain - INFO - Starting LG-CoTrain: event=california_wildfires_2018, budget=10, seed_set=1
2026-02-22 05:10:52,937 - lg_cotrain - INFO - Detected 10 classes for event california_wildfires_2018: ['caution_and_advice', 'displaced_people_and_evacuations', 'infrastructure_and_utility_damage', 'injured_or_dead_people', 'missing_or_found_people', 'not_humanitarian', 'other_relevant_information', 'requests_or_urgent_needs', 'rescue_volunteering_or_donation_effort', 'sympathy_and_support']
2026-02-22 05:10:52,944 - lg_cotrain - INFO - D_l1: 50, D_l2: 50, D_LG: 5063
2026-02-22 05:10:52,946 - lg_cotrain - INFO - === Phase 1: Weight Generation ===
2026-02-22 05:11:11,304 - lg_cotrain - INFO - Phase 1 epoch 1/7: mean_prob1=0.1122, mean_prob2=0.0843
2026-02-22 05:11:28,771 - lg_cotrain - INFO - Phase 1 epoch 2/7: mean_prob1=0.1007, mean_prob2=0.0922
2026-02-22 05:11:46,264 - lg_cotrain - INFO - Phase 1 epoch 3/7: mean_prob1=0.0858, mean_prob2=0.1280
2026-02-22 05:12:03,725 - lg_cotrain - INFO - Phase 1 epoch 4/7: mean_prob1=0.0822, mean_prob2=0.1005
2026-02-22 05:12:21,320 - lg_cotrain - INFO - Phase 1 epoch 5/7: mean_prob1=0.0941, mean_prob2=0.1085
2026-02-22 05:12:39,024 - lg_cotrain - INFO - Phase 1 epoch 6/7: mean_prob1=0.0918, mean_prob2=0.1032
2026-02-22 05:12:56,832 - lg_cotrain - INFO - Phase 1 epoch 7/7: mean_prob1=0.0917, mean_prob2=0.1020
2026-02-22 05:12:56,832 - lg_cotrain - INFO - Phase 1 done. lambda1: mean=0.1281, range=[0.0789, 0.1792]
2026-02-22 05:12:56,833 - lg_cotrain - INFO - Phase 1 done. lambda2: mean=0.0676, range=[0.0119, 0.1018]
2026-02-22 05:12:56,833 - lg_cotrain - INFO - === Phase 2: Co-Training ===
2026-02-22 05:12:57,980 - lg_cotrain - INFO - LR scheduler: total_steps_1=500, warmup=149; total_steps_2=500, warmup=149
2026-02-22 05:14:03,473 - lg_cotrain - INFO - Phase 2 epoch 1/5: loss1=0.0812, loss2=0.1679, dev_macro_f1=0.4764, dev_err=33.64%
2026-02-22 05:15:08,478 - lg_cotrain - INFO - Phase 2 epoch 2/5: loss1=0.1466, loss2=1.0575, dev_macro_f1=0.0302, dev_err=82.18%
2026-02-22 05:16:13,503 - lg_cotrain - INFO - Phase 2 epoch 3/5: loss1=0.1048, loss2=0.9760, dev_macro_f1=0.0321, dev_err=80.85%
2026-02-22 05:17:18,493 - lg_cotrain - INFO - Phase 2 epoch 4/5: loss1=0.0929, loss2=0.8715, dev_macro_f1=0.0302, dev_err=82.18%
2026-02-22 05:18:23,605 - lg_cotrain - INFO - Phase 2 epoch 5/5: loss1=0.0960, loss2=0.8056, dev_macro_f1=0.0302, dev_err=82.18%
2026-02-22 05:18:23,605 - lg_cotrain - INFO - === Phase 3: Fine-Tuning ===
2026-02-22 05:18:26,450 - lg_cotrain - INFO - Phase 3 epoch 1: dev_macro_f1=0.0302, dev_err=82.18%, es_counter1=0, es_counter2=0
2026-02-22 05:18:29,286 - lg_cotrain - INFO - Phase 3 epoch 2: dev_macro_f1=0.0302, dev_err=82.18%, es_counter1=1, es_counter2=1
2026-02-22 05:18:32,099 - lg_cotrain - INFO - Phase 3 epoch 3: dev_macro_f1=0.0302, dev_err=82.18%, es_counter1=2, es_counter2=2
2026-02-22 05:18:34,905 - lg_cotrain - INFO - Phase 3 epoch 4: dev_macro_f1=0.0120, dev_err=93.62%, es_counter1=3, es_counter2=3
2026-02-22 05:18:37,719 - lg_cotrain - INFO - Phase 3 epoch 5: dev_macro_f1=0.0120, dev_err=93.62%, es_counter1=4, es_counter2=4
2026-02-22 05:18:40,527 - lg_cotrain - INFO - Phase 3 epoch 6: dev_macro_f1=0.0021, dev_err=98.94%, es_counter1=5, es_counter2=5
2026-02-22 05:18:40,527 - lg_cotrain - INFO - Early stopping at epoch 6
2026-02-22 05:18:40,539 - lg_cotrain - INFO - === Final Evaluation ===
2026-02-22 05:18:47,497 - lg_cotrain - INFO - Results saved to C:\Users\anhtr\AppData\Local\Temp\tmpy55zfled\california_wildfires_2018\10_set1\metrics.json
2026-02-22 05:18:47,497 - lg_cotrain - INFO - Test error rate: 82.14%, Test macro-F1: 0.0303, Test ECE: 0.1791
2026-02-22 05:18:47,506 - lg_cotrain - INFO - --- Trial 9/10 done: dev_macro_f1=0.0302 ---
2026-02-22 05:18:47,507 - lg_cotrain - INFO - --- Trial 10/10 ---
2026-02-22 05:18:48,053 - lg_cotrain - INFO - Starting LG-CoTrain: event=california_wildfires_2018, budget=10, seed_set=1
2026-02-22 05:18:48,088 - lg_cotrain - INFO - Detected 10 classes for event california_wildfires_2018: ['caution_and_advice', 'displaced_people_and_evacuations', 'infrastructure_and_utility_damage', 'injured_or_dead_people', 'missing_or_found_people', 'not_humanitarian', 'other_relevant_information', 'requests_or_urgent_needs', 'rescue_volunteering_or_donation_effort', 'sympathy_and_support']
2026-02-22 05:18:48,098 - lg_cotrain - INFO - D_l1: 50, D_l2: 50, D_LG: 5063
2026-02-22 05:18:48,100 - lg_cotrain - INFO - === Phase 1: Weight Generation ===
2026-02-22 05:19:06,409 - lg_cotrain - INFO - Phase 1 epoch 1/7: mean_prob1=0.1148, mean_prob2=0.0852
2026-02-22 05:19:23,913 - lg_cotrain - INFO - Phase 1 epoch 2/7: mean_prob1=0.1016, mean_prob2=0.0869
2026-02-22 05:19:41,549 - lg_cotrain - INFO - Phase 1 epoch 3/7: mean_prob1=0.1097, mean_prob2=0.0931
2026-02-22 05:19:59,252 - lg_cotrain - INFO - Phase 1 epoch 4/7: mean_prob1=0.1115, mean_prob2=0.1049
2026-02-22 05:20:16,733 - lg_cotrain - INFO - Phase 1 epoch 5/7: mean_prob1=0.1455, mean_prob2=0.1096
2026-02-22 05:20:34,102 - lg_cotrain - INFO - Phase 1 epoch 6/7: mean_prob1=0.2409, mean_prob2=0.1096
2026-02-22 05:20:51,556 - lg_cotrain - INFO - Phase 1 epoch 7/7: mean_prob1=0.2287, mean_prob2=0.1248
2026-02-22 05:20:51,556 - lg_cotrain - INFO - Phase 1 done. lambda1: mean=0.2283, range=[0.0825, 0.5397]
2026-02-22 05:20:51,556 - lg_cotrain - INFO - Phase 1 done. lambda2: mean=0.0621, range=[0.0053, 0.1121]
2026-02-22 05:20:51,557 - lg_cotrain - INFO - === Phase 2: Co-Training ===
2026-02-22 05:20:52,554 - lg_cotrain - INFO - LR scheduler: total_steps_1=820, warmup=21; total_steps_2=820, warmup=21
2026-02-22 05:21:57,793 - lg_cotrain - INFO - Phase 2 epoch 1/9: loss1=0.0748, loss2=0.2209, dev_macro_f1=0.5341, dev_err=28.86%
2026-02-22 05:23:03,023 - lg_cotrain - INFO - Phase 2 epoch 2/9: loss1=0.0715, loss2=0.5250, dev_macro_f1=0.2599, dev_err=44.02%
2026-02-22 05:24:08,397 - lg_cotrain - INFO - Phase 2 epoch 3/9: loss1=0.0624, loss2=0.4755, dev_macro_f1=0.3382, dev_err=37.90%
2026-02-22 05:25:13,433 - lg_cotrain - INFO - Phase 2 epoch 4/9: loss1=0.1006, loss2=0.4349, dev_macro_f1=0.3321, dev_err=38.03%
2026-02-22 05:26:18,272 - lg_cotrain - INFO - Phase 2 epoch 5/9: loss1=0.2043, loss2=0.9749, dev_macro_f1=0.1067, dev_err=67.02%
2026-02-22 05:27:23,417 - lg_cotrain - INFO - Phase 2 epoch 6/9: loss1=0.1370, loss2=1.2372, dev_macro_f1=0.1562, dev_err=55.19%
2026-02-22 05:28:28,231 - lg_cotrain - INFO - Phase 2 epoch 7/9: loss1=0.1026, loss2=1.0482, dev_macro_f1=0.1230, dev_err=59.57%
2026-02-22 05:29:32,973 - lg_cotrain - INFO - Phase 2 epoch 8/9: loss1=0.1097, loss2=1.0706, dev_macro_f1=0.0419, dev_err=73.54%
2026-02-22 05:30:37,713 - lg_cotrain - INFO - Phase 2 epoch 9/9: loss1=0.0964, loss2=1.0280, dev_macro_f1=0.1256, dev_err=57.18%
2026-02-22 05:30:37,713 - lg_cotrain - INFO - === Phase 3: Fine-Tuning ===
2026-02-22 05:30:40,531 - lg_cotrain - INFO - Phase 3 epoch 1: dev_macro_f1=0.1256, dev_err=57.18%, es_counter1=0, es_counter2=0
2026-02-22 05:30:43,338 - lg_cotrain - INFO - Phase 3 epoch 2: dev_macro_f1=0.1256, dev_err=57.18%, es_counter1=1, es_counter2=1
2026-02-22 05:30:46,150 - lg_cotrain - INFO - Phase 3 epoch 3: dev_macro_f1=0.1231, dev_err=58.51%, es_counter1=2, es_counter2=2
2026-02-22 05:30:48,967 - lg_cotrain - INFO - Phase 3 epoch 4: dev_macro_f1=0.1182, dev_err=61.04%, es_counter1=3, es_counter2=3
2026-02-22 05:30:51,772 - lg_cotrain - INFO - Phase 3 epoch 5: dev_macro_f1=0.1082, dev_err=67.42%, es_counter1=4, es_counter2=4
2026-02-22 05:30:54,567 - lg_cotrain - INFO - Phase 3 epoch 6: dev_macro_f1=0.1085, dev_err=67.29%, es_counter1=5, es_counter2=5
2026-02-22 05:30:54,567 - lg_cotrain - INFO - Early stopping at epoch 6
2026-02-22 05:30:54,579 - lg_cotrain - INFO - === Final Evaluation ===
2026-02-22 05:31:01,524 - lg_cotrain - INFO - Results saved to C:\Users\anhtr\AppData\Local\Temp\tmp4tcuuawo\california_wildfires_2018\10_set1\metrics.json
2026-02-22 05:31:01,525 - lg_cotrain - INFO - Test error rate: 58.52%, Test macro-F1: 0.1219, Test ECE: 0.1408
2026-02-22 05:31:01,533 - lg_cotrain - INFO - --- Trial 10/10 done: dev_macro_f1=0.1256 ---
