2026-02-27 17:42:23,148 - lg_cotrain - INFO - === Optuna study: hurricane_maria_2017 budget=5 seed=2 | target=10 trials, 0 replayed, 10 new ===
2026-02-27 17:42:23,148 - lg_cotrain - INFO - --- Trial 1/10 ---
2026-02-27 17:42:23,723 - lg_cotrain - INFO - Starting LG-CoTrain: event=hurricane_maria_2017, budget=5, seed_set=2
2026-02-27 17:42:23,779 - lg_cotrain - INFO - Detected 9 classes for event hurricane_maria_2017: ['caution_and_advice', 'displaced_people_and_evacuations', 'infrastructure_and_utility_damage', 'injured_or_dead_people', 'not_humanitarian', 'other_relevant_information', 'requests_or_urgent_needs', 'rescue_volunteering_or_donation_effort', 'sympathy_and_support']
2026-02-27 17:42:23,786 - lg_cotrain - INFO - D_l1: 27, D_l2: 18, D_LG: 5049
2026-02-27 17:42:23,788 - lg_cotrain - INFO - === Phase 1: Weight Generation ===
2026-02-27 17:42:44,604 - lg_cotrain - INFO - Phase 1 epoch 1/7: mean_prob1=0.1057, mean_prob2=0.1222
2026-02-27 17:43:04,288 - lg_cotrain - INFO - Phase 1 epoch 2/7: mean_prob1=0.1085, mean_prob2=0.1206
2026-02-27 17:43:23,876 - lg_cotrain - INFO - Phase 1 epoch 3/7: mean_prob1=0.1122, mean_prob2=0.1206
2026-02-27 17:43:43,402 - lg_cotrain - INFO - Phase 1 epoch 4/7: mean_prob1=0.1184, mean_prob2=0.1243
2026-02-27 17:44:03,004 - lg_cotrain - INFO - Phase 1 epoch 5/7: mean_prob1=0.1183, mean_prob2=0.1291
2026-02-27 17:44:22,896 - lg_cotrain - INFO - Phase 1 epoch 6/7: mean_prob1=0.1179, mean_prob2=0.1296
2026-02-27 17:44:42,402 - lg_cotrain - INFO - Phase 1 epoch 7/7: mean_prob1=0.1245, mean_prob2=0.1216
2026-02-27 17:44:42,403 - lg_cotrain - INFO - === Phase 2: Co-Training ===
2026-02-27 17:44:43,481 - lg_cotrain - INFO - LR scheduler: total_steps_1=3676, warmup=94; total_steps_2=3676, warmup=94
2026-02-27 17:44:43,481 - lg_cotrain - INFO - Phase 1 done -> seeded Phase 2 trackers. lambda1: mean=0.1245, range=[0.0281, 0.3902]
2026-02-27 17:44:43,481 - lg_cotrain - INFO - Phase 1 done -> seeded Phase 2 trackers. lambda2: mean=0.1216, range=[0.0509, 0.2439]
2026-02-27 17:46:04,121 - lg_cotrain - INFO - Phase 2 epoch 1/11: loss1=0.1244, loss2=0.1395, dev_macro_f1=0.5925, dev_err=33.29%
2026-02-27 17:47:25,087 - lg_cotrain - INFO - Phase 2 epoch 2/11: loss1=0.0426, loss2=0.2673, dev_macro_f1=0.6172, dev_err=32.48%
2026-02-27 17:48:46,723 - lg_cotrain - INFO - Phase 2 epoch 3/11: loss1=0.0334, loss2=0.2179, dev_macro_f1=0.6206, dev_err=33.29%
2026-02-27 17:50:08,711 - lg_cotrain - INFO - Phase 2 epoch 4/11: loss1=0.0315, loss2=0.1211, dev_macro_f1=0.6407, dev_err=31.67%
2026-02-27 17:51:30,394 - lg_cotrain - INFO - Phase 2 epoch 5/11: loss1=0.0331, loss2=0.0749, dev_macro_f1=0.6385, dev_err=31.54%
2026-02-27 17:52:52,173 - lg_cotrain - INFO - Phase 2 epoch 6/11: loss1=0.0157, loss2=0.0436, dev_macro_f1=0.6576, dev_err=30.59%
2026-02-27 17:54:14,659 - lg_cotrain - INFO - Phase 2 epoch 7/11: loss1=0.0145, loss2=0.0308, dev_macro_f1=0.6274, dev_err=32.48%
2026-02-27 17:55:37,883 - lg_cotrain - INFO - Phase 2 epoch 8/11: loss1=0.0133, loss2=0.0194, dev_macro_f1=0.6419, dev_err=31.94%
2026-02-27 17:57:01,615 - lg_cotrain - INFO - Phase 2 epoch 9/11: loss1=0.0074, loss2=0.0081, dev_macro_f1=0.6396, dev_err=31.81%
2026-02-27 17:58:24,503 - lg_cotrain - INFO - Phase 2 epoch 10/11: loss1=0.0051, loss2=0.0053, dev_macro_f1=0.6459, dev_err=31.67%
2026-02-27 17:59:45,981 - lg_cotrain - INFO - Phase 2 epoch 11/11: loss1=0.0044, loss2=0.0043, dev_macro_f1=0.6509, dev_err=31.54%
2026-02-27 17:59:45,982 - lg_cotrain - INFO - === Phase 3: Fine-Tuning ===
2026-02-27 17:59:48,963 - lg_cotrain - INFO - Phase 3 epoch 1: dev_macro_f1=0.6547, dev_err=31.27%, es_counter1=0, es_counter2=0
2026-02-27 17:59:51,948 - lg_cotrain - INFO - Phase 3 epoch 2: dev_macro_f1=0.6582, dev_err=31.13%, es_counter1=0, es_counter2=0
2026-02-27 17:59:54,891 - lg_cotrain - INFO - Phase 3 epoch 3: dev_macro_f1=0.6657, dev_err=30.73%, es_counter1=0, es_counter2=0
2026-02-27 17:59:57,806 - lg_cotrain - INFO - Phase 3 epoch 4: dev_macro_f1=0.6636, dev_err=30.86%, es_counter1=1, es_counter2=1
2026-02-27 18:00:00,818 - lg_cotrain - INFO - Phase 3 epoch 5: dev_macro_f1=0.6670, dev_err=30.73%, es_counter1=0, es_counter2=0
2026-02-27 18:00:03,972 - lg_cotrain - INFO - Phase 3 epoch 6: dev_macro_f1=0.6672, dev_err=30.59%, es_counter1=0, es_counter2=0
2026-02-27 18:00:06,934 - lg_cotrain - INFO - Phase 3 epoch 7: dev_macro_f1=0.6676, dev_err=30.59%, es_counter1=0, es_counter2=0
2026-02-27 18:00:09,955 - lg_cotrain - INFO - Phase 3 epoch 8: dev_macro_f1=0.6701, dev_err=30.32%, es_counter1=0, es_counter2=0
2026-02-27 18:00:12,918 - lg_cotrain - INFO - Phase 3 epoch 9: dev_macro_f1=0.6718, dev_err=30.19%, es_counter1=0, es_counter2=0
2026-02-27 18:00:15,873 - lg_cotrain - INFO - Phase 3 epoch 10: dev_macro_f1=0.6756, dev_err=30.19%, es_counter1=0, es_counter2=0
2026-02-27 18:00:18,815 - lg_cotrain - INFO - Phase 3 epoch 11: dev_macro_f1=0.6740, dev_err=30.19%, es_counter1=1, es_counter2=1
2026-02-27 18:00:21,773 - lg_cotrain - INFO - Phase 3 epoch 12: dev_macro_f1=0.6776, dev_err=29.92%, es_counter1=0, es_counter2=0
2026-02-27 18:00:24,731 - lg_cotrain - INFO - Phase 3 epoch 13: dev_macro_f1=0.6783, dev_err=29.65%, es_counter1=0, es_counter2=0
2026-02-27 18:00:27,679 - lg_cotrain - INFO - Phase 3 epoch 14: dev_macro_f1=0.6755, dev_err=29.78%, es_counter1=1, es_counter2=1
2026-02-27 18:00:30,626 - lg_cotrain - INFO - Phase 3 epoch 15: dev_macro_f1=0.6768, dev_err=29.78%, es_counter1=2, es_counter2=2
2026-02-27 18:00:33,579 - lg_cotrain - INFO - Phase 3 epoch 16: dev_macro_f1=0.6760, dev_err=29.65%, es_counter1=3, es_counter2=3
2026-02-27 18:00:36,518 - lg_cotrain - INFO - Phase 3 epoch 17: dev_macro_f1=0.6760, dev_err=29.65%, es_counter1=4, es_counter2=4
2026-02-27 18:00:39,491 - lg_cotrain - INFO - Phase 3 epoch 18: dev_macro_f1=0.6760, dev_err=29.65%, es_counter1=5, es_counter2=5
2026-02-27 18:00:42,499 - lg_cotrain - INFO - Phase 3 epoch 19: dev_macro_f1=0.6769, dev_err=29.51%, es_counter1=6, es_counter2=6
2026-02-27 18:00:42,499 - lg_cotrain - INFO - Early stopping at epoch 19
2026-02-27 18:00:42,507 - lg_cotrain - INFO - === Final Evaluation ===
2026-02-27 18:00:50,369 - lg_cotrain - INFO - Results saved to C:\Users\anhtr\AppData\Local\Temp\tmpt897dk1s\hurricane_maria_2017\5_set2\metrics.json
2026-02-27 18:00:50,369 - lg_cotrain - INFO - Test error rate: 30.51%, Test macro-F1: 0.6602, Test ECE: 0.1945
2026-02-27 18:00:50,377 - lg_cotrain - INFO - --- Trial 1/10 done: dev_macro_f1=0.6783 ---
2026-02-27 18:00:50,379 - lg_cotrain - INFO - --- Trial 2/10 ---
2026-02-27 18:00:50,945 - lg_cotrain - INFO - Starting LG-CoTrain: event=hurricane_maria_2017, budget=5, seed_set=2
2026-02-27 18:00:50,972 - lg_cotrain - INFO - Detected 9 classes for event hurricane_maria_2017: ['caution_and_advice', 'displaced_people_and_evacuations', 'infrastructure_and_utility_damage', 'injured_or_dead_people', 'not_humanitarian', 'other_relevant_information', 'requests_or_urgent_needs', 'rescue_volunteering_or_donation_effort', 'sympathy_and_support']
2026-02-27 18:00:50,979 - lg_cotrain - INFO - D_l1: 27, D_l2: 18, D_LG: 5049
2026-02-27 18:00:50,981 - lg_cotrain - INFO - === Phase 1: Weight Generation ===
2026-02-27 18:01:10,464 - lg_cotrain - INFO - Phase 1 epoch 1/7: mean_prob1=0.1104, mean_prob2=0.1232
2026-02-27 18:01:28,982 - lg_cotrain - INFO - Phase 1 epoch 2/7: mean_prob1=0.1035, mean_prob2=0.1113
2026-02-27 18:01:47,468 - lg_cotrain - INFO - Phase 1 epoch 3/7: mean_prob1=0.1104, mean_prob2=0.1195
2026-02-27 18:02:06,045 - lg_cotrain - INFO - Phase 1 epoch 4/7: mean_prob1=0.1092, mean_prob2=0.1336
2026-02-27 18:02:24,596 - lg_cotrain - INFO - Phase 1 epoch 5/7: mean_prob1=0.1147, mean_prob2=0.1256
2026-02-27 18:02:43,018 - lg_cotrain - INFO - Phase 1 epoch 6/7: mean_prob1=0.1286, mean_prob2=0.1485
2026-02-27 18:03:01,473 - lg_cotrain - INFO - Phase 1 epoch 7/7: mean_prob1=0.1322, mean_prob2=0.1640
2026-02-27 18:03:01,473 - lg_cotrain - INFO - === Phase 2: Co-Training ===
2026-02-27 18:03:02,514 - lg_cotrain - INFO - LR scheduler: total_steps_1=1996, warmup=38; total_steps_2=1996, warmup=38
2026-02-27 18:03:02,515 - lg_cotrain - INFO - Phase 1 done -> seeded Phase 2 trackers. lambda1: mean=0.1322, range=[0.0141, 0.4471]
2026-02-27 18:03:02,515 - lg_cotrain - INFO - Phase 1 done -> seeded Phase 2 trackers. lambda2: mean=0.1640, range=[0.0149, 0.8616]
2026-02-27 18:04:14,664 - lg_cotrain - INFO - Phase 2 epoch 1/12: loss1=0.1868, loss2=0.1760, dev_macro_f1=0.5187, dev_err=37.47%
2026-02-27 18:05:27,310 - lg_cotrain - INFO - Phase 2 epoch 2/12: loss1=0.0800, loss2=0.9683, dev_macro_f1=0.3413, dev_err=46.63%
2026-02-27 18:06:39,075 - lg_cotrain - INFO - Phase 2 epoch 3/12: loss1=0.0582, loss2=1.1123, dev_macro_f1=0.4052, dev_err=45.42%
2026-02-27 18:07:50,486 - lg_cotrain - INFO - Phase 2 epoch 4/12: loss1=0.0427, loss2=1.1551, dev_macro_f1=0.4127, dev_err=44.88%
2026-02-27 18:09:02,069 - lg_cotrain - INFO - Phase 2 epoch 5/12: loss1=0.0272, loss2=1.1978, dev_macro_f1=0.3767, dev_err=46.50%
2026-02-27 18:10:13,446 - lg_cotrain - INFO - Phase 2 epoch 6/12: loss1=0.0255, loss2=1.2054, dev_macro_f1=0.4172, dev_err=45.15%
2026-02-27 18:11:24,892 - lg_cotrain - INFO - Phase 2 epoch 7/12: loss1=0.0361, loss2=1.2186, dev_macro_f1=0.2733, dev_err=49.73%
2026-02-27 18:12:36,485 - lg_cotrain - INFO - Phase 2 epoch 8/12: loss1=0.0600, loss2=1.2112, dev_macro_f1=0.1376, dev_err=55.12%
2026-02-27 18:13:47,843 - lg_cotrain - INFO - Phase 2 epoch 9/12: loss1=0.0542, loss2=1.1837, dev_macro_f1=0.1370, dev_err=54.45%
2026-02-27 18:14:59,466 - lg_cotrain - INFO - Phase 2 epoch 10/12: loss1=0.0479, loss2=1.1501, dev_macro_f1=0.1373, dev_err=54.31%
2026-02-27 18:16:10,848 - lg_cotrain - INFO - Phase 2 epoch 11/12: loss1=0.0487, loss2=1.1245, dev_macro_f1=0.1377, dev_err=54.18%
2026-02-27 18:17:22,174 - lg_cotrain - INFO - Phase 2 epoch 12/12: loss1=0.0475, loss2=1.1002, dev_macro_f1=0.1377, dev_err=54.18%
2026-02-27 18:17:22,175 - lg_cotrain - INFO - === Phase 3: Fine-Tuning ===
2026-02-27 18:17:24,918 - lg_cotrain - INFO - Phase 3 epoch 1: dev_macro_f1=0.1377, dev_err=54.18%, es_counter1=0, es_counter2=0
2026-02-27 18:17:27,645 - lg_cotrain - INFO - Phase 3 epoch 2: dev_macro_f1=0.1377, dev_err=54.18%, es_counter1=0, es_counter2=0
2026-02-27 18:17:30,392 - lg_cotrain - INFO - Phase 3 epoch 3: dev_macro_f1=0.1377, dev_err=54.18%, es_counter1=0, es_counter2=0
2026-02-27 18:17:33,149 - lg_cotrain - INFO - Phase 3 epoch 4: dev_macro_f1=0.1377, dev_err=54.18%, es_counter1=0, es_counter2=0
2026-02-27 18:17:35,884 - lg_cotrain - INFO - Phase 3 epoch 5: dev_macro_f1=0.1377, dev_err=54.18%, es_counter1=0, es_counter2=0
2026-02-27 18:17:38,606 - lg_cotrain - INFO - Phase 3 epoch 6: dev_macro_f1=0.1373, dev_err=54.31%, es_counter1=1, es_counter2=1
2026-02-27 18:17:41,329 - lg_cotrain - INFO - Phase 3 epoch 7: dev_macro_f1=0.1373, dev_err=54.31%, es_counter1=2, es_counter2=2
2026-02-27 18:17:44,047 - lg_cotrain - INFO - Phase 3 epoch 8: dev_macro_f1=0.1373, dev_err=54.31%, es_counter1=3, es_counter2=3
2026-02-27 18:17:46,766 - lg_cotrain - INFO - Phase 3 epoch 9: dev_macro_f1=0.1373, dev_err=54.31%, es_counter1=4, es_counter2=4
2026-02-27 18:17:46,766 - lg_cotrain - INFO - Early stopping at epoch 9
2026-02-27 18:17:46,776 - lg_cotrain - INFO - === Final Evaluation ===
2026-02-27 18:17:54,161 - lg_cotrain - INFO - Results saved to C:\Users\anhtr\AppData\Local\Temp\tmpww2ywt6s\hurricane_maria_2017\5_set2\metrics.json
2026-02-27 18:17:54,161 - lg_cotrain - INFO - Test error rate: 54.85%, Test macro-F1: 0.1360, Test ECE: 0.1987
2026-02-27 18:17:54,170 - lg_cotrain - INFO - --- Trial 2/10 done: dev_macro_f1=0.1377 ---
2026-02-27 18:17:54,170 - lg_cotrain - INFO - --- Trial 3/10 ---
2026-02-27 18:17:54,908 - lg_cotrain - INFO - Starting LG-CoTrain: event=hurricane_maria_2017, budget=5, seed_set=2
2026-02-27 18:17:54,940 - lg_cotrain - INFO - Detected 9 classes for event hurricane_maria_2017: ['caution_and_advice', 'displaced_people_and_evacuations', 'infrastructure_and_utility_damage', 'injured_or_dead_people', 'not_humanitarian', 'other_relevant_information', 'requests_or_urgent_needs', 'rescue_volunteering_or_donation_effort', 'sympathy_and_support']
2026-02-27 18:17:54,948 - lg_cotrain - INFO - D_l1: 27, D_l2: 18, D_LG: 5049
2026-02-27 18:17:54,949 - lg_cotrain - INFO - === Phase 1: Weight Generation ===
2026-02-27 18:18:14,712 - lg_cotrain - INFO - Phase 1 epoch 1/7: mean_prob1=0.1089, mean_prob2=0.1206
2026-02-27 18:18:33,395 - lg_cotrain - INFO - Phase 1 epoch 2/7: mean_prob1=0.1132, mean_prob2=0.1211
2026-02-27 18:18:52,027 - lg_cotrain - INFO - Phase 1 epoch 3/7: mean_prob1=0.1144, mean_prob2=0.1273
2026-02-27 18:19:10,439 - lg_cotrain - INFO - Phase 1 epoch 4/7: mean_prob1=0.1217, mean_prob2=0.1331
2026-02-27 18:19:28,945 - lg_cotrain - INFO - Phase 1 epoch 5/7: mean_prob1=0.1229, mean_prob2=0.1080
2026-02-27 18:19:47,360 - lg_cotrain - INFO - Phase 1 epoch 6/7: mean_prob1=0.1262, mean_prob2=0.1047
2026-02-27 18:20:05,542 - lg_cotrain - INFO - Phase 1 epoch 7/7: mean_prob1=0.1291, mean_prob2=0.1153
2026-02-27 18:20:05,543 - lg_cotrain - INFO - === Phase 2: Co-Training ===
2026-02-27 18:20:06,567 - lg_cotrain - INFO - LR scheduler: total_steps_1=2470, warmup=243; total_steps_2=2470, warmup=243
2026-02-27 18:20:06,567 - lg_cotrain - INFO - Phase 1 done -> seeded Phase 2 trackers. lambda1: mean=0.1291, range=[0.0184, 0.4611]
2026-02-27 18:20:06,567 - lg_cotrain - INFO - Phase 1 done -> seeded Phase 2 trackers. lambda2: mean=0.1153, range=[0.0283, 0.4129]
2026-02-27 18:21:18,599 - lg_cotrain - INFO - Phase 2 epoch 1/15: loss1=0.1624, loss2=0.1821, dev_macro_f1=0.6044, dev_err=33.69%
2026-02-27 18:22:30,170 - lg_cotrain - INFO - Phase 2 epoch 2/15: loss1=0.0536, loss2=0.3290, dev_macro_f1=0.6144, dev_err=33.83%
2026-02-27 18:23:42,120 - lg_cotrain - INFO - Phase 2 epoch 3/15: loss1=0.0364, loss2=0.2729, dev_macro_f1=0.6003, dev_err=33.96%
2026-02-27 18:24:54,074 - lg_cotrain - INFO - Phase 2 epoch 4/15: loss1=0.0348, loss2=0.1911, dev_macro_f1=0.6180, dev_err=33.02%
2026-02-27 18:26:06,368 - lg_cotrain - INFO - Phase 2 epoch 5/15: loss1=0.0279, loss2=0.1287, dev_macro_f1=0.6198, dev_err=32.61%
2026-02-27 18:27:20,423 - lg_cotrain - INFO - Phase 2 epoch 6/15: loss1=0.0345, loss2=0.0846, dev_macro_f1=0.6414, dev_err=32.48%
2026-02-27 18:28:34,818 - lg_cotrain - INFO - Phase 2 epoch 7/15: loss1=0.0243, loss2=0.0657, dev_macro_f1=0.6302, dev_err=32.08%
2026-02-27 18:29:49,399 - lg_cotrain - INFO - Phase 2 epoch 8/15: loss1=0.0157, loss2=0.0477, dev_macro_f1=0.6281, dev_err=32.08%
2026-02-27 18:31:04,008 - lg_cotrain - INFO - Phase 2 epoch 9/15: loss1=0.0160, loss2=0.0320, dev_macro_f1=0.6289, dev_err=32.88%
2026-02-27 18:32:19,269 - lg_cotrain - INFO - Phase 2 epoch 10/15: loss1=0.0098, loss2=0.0230, dev_macro_f1=0.6405, dev_err=31.67%
2026-02-27 18:33:34,361 - lg_cotrain - INFO - Phase 2 epoch 11/15: loss1=0.0094, loss2=0.0116, dev_macro_f1=0.6420, dev_err=31.67%
2026-02-27 18:34:49,508 - lg_cotrain - INFO - Phase 2 epoch 12/15: loss1=0.0097, loss2=0.0052, dev_macro_f1=0.6399, dev_err=31.94%
2026-02-27 18:36:05,272 - lg_cotrain - INFO - Phase 2 epoch 13/15: loss1=0.0048, loss2=0.0044, dev_macro_f1=0.6439, dev_err=32.08%
2026-02-27 18:37:20,640 - lg_cotrain - INFO - Phase 2 epoch 14/15: loss1=0.0039, loss2=0.0040, dev_macro_f1=0.6475, dev_err=31.13%
2026-02-27 18:38:35,335 - lg_cotrain - INFO - Phase 2 epoch 15/15: loss1=0.0042, loss2=0.0036, dev_macro_f1=0.6464, dev_err=31.40%
2026-02-27 18:38:35,335 - lg_cotrain - INFO - === Phase 3: Fine-Tuning ===
2026-02-27 18:38:38,281 - lg_cotrain - INFO - Phase 3 epoch 1: dev_macro_f1=0.6561, dev_err=31.13%, es_counter1=0, es_counter2=0
2026-02-27 18:38:41,147 - lg_cotrain - INFO - Phase 3 epoch 2: dev_macro_f1=0.6564, dev_err=31.13%, es_counter1=0, es_counter2=0
2026-02-27 18:38:44,035 - lg_cotrain - INFO - Phase 3 epoch 3: dev_macro_f1=0.6559, dev_err=31.27%, es_counter1=1, es_counter2=1
2026-02-27 18:38:47,069 - lg_cotrain - INFO - Phase 3 epoch 4: dev_macro_f1=0.6551, dev_err=31.00%, es_counter1=2, es_counter2=2
2026-02-27 18:38:50,124 - lg_cotrain - INFO - Phase 3 epoch 5: dev_macro_f1=0.6582, dev_err=30.73%, es_counter1=0, es_counter2=0
2026-02-27 18:38:53,123 - lg_cotrain - INFO - Phase 3 epoch 6: dev_macro_f1=0.6585, dev_err=30.73%, es_counter1=0, es_counter2=0
2026-02-27 18:38:56,068 - lg_cotrain - INFO - Phase 3 epoch 7: dev_macro_f1=0.6610, dev_err=30.32%, es_counter1=0, es_counter2=0
2026-02-27 18:38:59,000 - lg_cotrain - INFO - Phase 3 epoch 8: dev_macro_f1=0.6610, dev_err=30.46%, es_counter1=1, es_counter2=1
2026-02-27 18:39:01,994 - lg_cotrain - INFO - Phase 3 epoch 9: dev_macro_f1=0.6620, dev_err=30.32%, es_counter1=0, es_counter2=0
2026-02-27 18:39:04,939 - lg_cotrain - INFO - Phase 3 epoch 10: dev_macro_f1=0.6657, dev_err=30.32%, es_counter1=0, es_counter2=0
2026-02-27 18:39:08,001 - lg_cotrain - INFO - Phase 3 epoch 11: dev_macro_f1=0.6674, dev_err=30.19%, es_counter1=0, es_counter2=0
2026-02-27 18:39:10,934 - lg_cotrain - INFO - Phase 3 epoch 12: dev_macro_f1=0.6668, dev_err=30.19%, es_counter1=1, es_counter2=1
2026-02-27 18:39:13,874 - lg_cotrain - INFO - Phase 3 epoch 13: dev_macro_f1=0.6668, dev_err=30.19%, es_counter1=2, es_counter2=2
2026-02-27 18:39:16,805 - lg_cotrain - INFO - Phase 3 epoch 14: dev_macro_f1=0.6668, dev_err=30.19%, es_counter1=3, es_counter2=3
2026-02-27 18:39:19,740 - lg_cotrain - INFO - Phase 3 epoch 15: dev_macro_f1=0.6674, dev_err=30.19%, es_counter1=4, es_counter2=4
2026-02-27 18:39:22,691 - lg_cotrain - INFO - Phase 3 epoch 16: dev_macro_f1=0.6640, dev_err=30.32%, es_counter1=5, es_counter2=5
2026-02-27 18:39:25,678 - lg_cotrain - INFO - Phase 3 epoch 17: dev_macro_f1=0.6585, dev_err=30.59%, es_counter1=6, es_counter2=6
2026-02-27 18:39:28,860 - lg_cotrain - INFO - Phase 3 epoch 18: dev_macro_f1=0.6599, dev_err=30.32%, es_counter1=7, es_counter2=7
2026-02-27 18:39:31,830 - lg_cotrain - INFO - Phase 3 epoch 19: dev_macro_f1=0.6594, dev_err=30.32%, es_counter1=8, es_counter2=8
2026-02-27 18:39:34,781 - lg_cotrain - INFO - Phase 3 epoch 20: dev_macro_f1=0.6594, dev_err=30.32%, es_counter1=9, es_counter2=9
2026-02-27 18:39:37,733 - lg_cotrain - INFO - Phase 3 epoch 21: dev_macro_f1=0.6587, dev_err=30.32%, es_counter1=10, es_counter2=10
2026-02-27 18:39:37,733 - lg_cotrain - INFO - Early stopping at epoch 21
2026-02-27 18:39:37,743 - lg_cotrain - INFO - === Final Evaluation ===
2026-02-27 18:39:45,687 - lg_cotrain - INFO - Results saved to C:\Users\anhtr\AppData\Local\Temp\tmpjzz2uum_\hurricane_maria_2017\5_set2\metrics.json
2026-02-27 18:39:45,687 - lg_cotrain - INFO - Test error rate: 31.69%, Test macro-F1: 0.6481, Test ECE: 0.2224
2026-02-27 18:39:45,700 - lg_cotrain - INFO - --- Trial 3/10 done: dev_macro_f1=0.6674 ---
2026-02-27 18:39:45,701 - lg_cotrain - INFO - --- Trial 4/10 ---
2026-02-27 18:39:46,230 - lg_cotrain - INFO - Starting LG-CoTrain: event=hurricane_maria_2017, budget=5, seed_set=2
2026-02-27 18:39:46,265 - lg_cotrain - INFO - Detected 9 classes for event hurricane_maria_2017: ['caution_and_advice', 'displaced_people_and_evacuations', 'infrastructure_and_utility_damage', 'injured_or_dead_people', 'not_humanitarian', 'other_relevant_information', 'requests_or_urgent_needs', 'rescue_volunteering_or_donation_effort', 'sympathy_and_support']
2026-02-27 18:39:46,274 - lg_cotrain - INFO - D_l1: 27, D_l2: 18, D_LG: 5049
2026-02-27 18:39:46,275 - lg_cotrain - INFO - === Phase 1: Weight Generation ===
2026-02-27 18:40:05,799 - lg_cotrain - INFO - Phase 1 epoch 1/7: mean_prob1=0.1058, mean_prob2=0.1159
2026-02-27 18:40:23,380 - lg_cotrain - INFO - Phase 1 epoch 2/7: mean_prob1=0.1084, mean_prob2=0.1121
2026-02-27 18:40:41,372 - lg_cotrain - INFO - Phase 1 epoch 3/7: mean_prob1=0.1088, mean_prob2=0.1110
2026-02-27 18:40:59,699 - lg_cotrain - INFO - Phase 1 epoch 4/7: mean_prob1=0.1102, mean_prob2=0.1132
2026-02-27 18:41:18,167 - lg_cotrain - INFO - Phase 1 epoch 5/7: mean_prob1=0.1105, mean_prob2=0.1178
2026-02-27 18:41:36,659 - lg_cotrain - INFO - Phase 1 epoch 6/7: mean_prob1=0.1107, mean_prob2=0.1192
2026-02-27 18:41:55,074 - lg_cotrain - INFO - Phase 1 epoch 7/7: mean_prob1=0.1109, mean_prob2=0.1173
2026-02-27 18:41:55,074 - lg_cotrain - INFO - === Phase 2: Co-Training ===
2026-02-27 18:41:56,122 - lg_cotrain - INFO - LR scheduler: total_steps_1=653, warmup=21; total_steps_2=653, warmup=21
2026-02-27 18:41:56,123 - lg_cotrain - INFO - Phase 1 done -> seeded Phase 2 trackers. lambda1: mean=0.1109, range=[0.0277, 0.3277]
2026-02-27 18:41:56,123 - lg_cotrain - INFO - Phase 1 done -> seeded Phase 2 trackers. lambda2: mean=0.1173, range=[0.0339, 0.3293]
2026-02-27 18:43:03,619 - lg_cotrain - INFO - Phase 2 epoch 1/7: loss1=0.1669, loss2=0.1635, dev_macro_f1=0.6059, dev_err=32.48%
2026-02-27 18:44:11,606 - lg_cotrain - INFO - Phase 2 epoch 2/7: loss1=0.0602, loss2=0.1787, dev_macro_f1=0.6317, dev_err=31.54%
2026-02-27 18:45:22,078 - lg_cotrain - INFO - Phase 2 epoch 3/7: loss1=0.0306, loss2=0.1400, dev_macro_f1=0.6420, dev_err=31.94%
2026-02-27 18:46:32,935 - lg_cotrain - INFO - Phase 2 epoch 4/7: loss1=0.0160, loss2=0.0984, dev_macro_f1=0.6342, dev_err=31.54%
2026-02-27 18:47:42,867 - lg_cotrain - INFO - Phase 2 epoch 5/7: loss1=0.0106, loss2=0.0627, dev_macro_f1=0.6451, dev_err=31.67%
2026-02-27 18:48:52,814 - lg_cotrain - INFO - Phase 2 epoch 6/7: loss1=0.0089, loss2=0.0391, dev_macro_f1=0.6553, dev_err=30.73%
2026-02-27 18:50:03,200 - lg_cotrain - INFO - Phase 2 epoch 7/7: loss1=0.0087, loss2=0.0212, dev_macro_f1=0.6575, dev_err=30.86%
2026-02-27 18:50:03,200 - lg_cotrain - INFO - === Phase 3: Fine-Tuning ===
2026-02-27 18:50:06,016 - lg_cotrain - INFO - Phase 3 epoch 1: dev_macro_f1=0.6651, dev_err=30.32%, es_counter1=0, es_counter2=0
2026-02-27 18:50:08,745 - lg_cotrain - INFO - Phase 3 epoch 2: dev_macro_f1=0.6624, dev_err=30.59%, es_counter1=1, es_counter2=1
2026-02-27 18:50:11,427 - lg_cotrain - INFO - Phase 3 epoch 3: dev_macro_f1=0.6534, dev_err=31.40%, es_counter1=2, es_counter2=2
2026-02-27 18:50:14,174 - lg_cotrain - INFO - Phase 3 epoch 4: dev_macro_f1=0.6431, dev_err=32.21%, es_counter1=3, es_counter2=3
2026-02-27 18:50:16,992 - lg_cotrain - INFO - Phase 3 epoch 5: dev_macro_f1=0.6458, dev_err=31.81%, es_counter1=4, es_counter2=4
2026-02-27 18:50:19,683 - lg_cotrain - INFO - Phase 3 epoch 6: dev_macro_f1=0.6494, dev_err=31.54%, es_counter1=5, es_counter2=5
2026-02-27 18:50:22,435 - lg_cotrain - INFO - Phase 3 epoch 7: dev_macro_f1=0.6574, dev_err=30.86%, es_counter1=6, es_counter2=6
2026-02-27 18:50:25,265 - lg_cotrain - INFO - Phase 3 epoch 8: dev_macro_f1=0.6642, dev_err=30.32%, es_counter1=7, es_counter2=7
2026-02-27 18:50:28,084 - lg_cotrain - INFO - Phase 3 epoch 9: dev_macro_f1=0.6708, dev_err=29.92%, es_counter1=0, es_counter2=0
2026-02-27 18:50:30,874 - lg_cotrain - INFO - Phase 3 epoch 10: dev_macro_f1=0.6713, dev_err=29.65%, es_counter1=0, es_counter2=0
2026-02-27 18:50:33,686 - lg_cotrain - INFO - Phase 3 epoch 11: dev_macro_f1=0.6694, dev_err=29.38%, es_counter1=1, es_counter2=1
2026-02-27 18:50:36,459 - lg_cotrain - INFO - Phase 3 epoch 12: dev_macro_f1=0.6693, dev_err=29.25%, es_counter1=2, es_counter2=2
2026-02-27 18:50:39,301 - lg_cotrain - INFO - Phase 3 epoch 13: dev_macro_f1=0.6730, dev_err=28.84%, es_counter1=0, es_counter2=0
2026-02-27 18:50:42,120 - lg_cotrain - INFO - Phase 3 epoch 14: dev_macro_f1=0.6769, dev_err=28.71%, es_counter1=0, es_counter2=0
2026-02-27 18:50:44,897 - lg_cotrain - INFO - Phase 3 epoch 15: dev_macro_f1=0.6762, dev_err=28.71%, es_counter1=1, es_counter2=1
2026-02-27 18:50:47,721 - lg_cotrain - INFO - Phase 3 epoch 16: dev_macro_f1=0.6759, dev_err=28.71%, es_counter1=2, es_counter2=2
2026-02-27 18:50:50,507 - lg_cotrain - INFO - Phase 3 epoch 17: dev_macro_f1=0.6740, dev_err=28.71%, es_counter1=3, es_counter2=3
2026-02-27 18:50:53,314 - lg_cotrain - INFO - Phase 3 epoch 18: dev_macro_f1=0.6701, dev_err=28.98%, es_counter1=4, es_counter2=4
2026-02-27 18:50:56,076 - lg_cotrain - INFO - Phase 3 epoch 19: dev_macro_f1=0.6705, dev_err=28.98%, es_counter1=5, es_counter2=5
2026-02-27 18:50:58,839 - lg_cotrain - INFO - Phase 3 epoch 20: dev_macro_f1=0.6712, dev_err=28.84%, es_counter1=6, es_counter2=6
2026-02-27 18:51:01,634 - lg_cotrain - INFO - Phase 3 epoch 21: dev_macro_f1=0.6720, dev_err=28.71%, es_counter1=7, es_counter2=7
2026-02-27 18:51:04,401 - lg_cotrain - INFO - Phase 3 epoch 22: dev_macro_f1=0.6733, dev_err=28.57%, es_counter1=8, es_counter2=8
2026-02-27 18:51:07,166 - lg_cotrain - INFO - Phase 3 epoch 23: dev_macro_f1=0.6670, dev_err=28.84%, es_counter1=9, es_counter2=9
2026-02-27 18:51:09,985 - lg_cotrain - INFO - Phase 3 epoch 24: dev_macro_f1=0.6717, dev_err=28.71%, es_counter1=10, es_counter2=10
2026-02-27 18:51:09,986 - lg_cotrain - INFO - Early stopping at epoch 24
2026-02-27 18:51:09,997 - lg_cotrain - INFO - === Final Evaluation ===
2026-02-27 18:51:17,461 - lg_cotrain - INFO - Results saved to C:\Users\anhtr\AppData\Local\Temp\tmpo0kh1j8k\hurricane_maria_2017\5_set2\metrics.json
2026-02-27 18:51:17,461 - lg_cotrain - INFO - Test error rate: 30.03%, Test macro-F1: 0.6542, Test ECE: 0.1112
2026-02-27 18:51:17,472 - lg_cotrain - INFO - --- Trial 4/10 done: dev_macro_f1=0.6769 ---
2026-02-27 18:51:17,472 - lg_cotrain - INFO - --- Trial 5/10 ---
2026-02-27 18:51:18,041 - lg_cotrain - INFO - Starting LG-CoTrain: event=hurricane_maria_2017, budget=5, seed_set=2
2026-02-27 18:51:18,075 - lg_cotrain - INFO - Detected 9 classes for event hurricane_maria_2017: ['caution_and_advice', 'displaced_people_and_evacuations', 'infrastructure_and_utility_damage', 'injured_or_dead_people', 'not_humanitarian', 'other_relevant_information', 'requests_or_urgent_needs', 'rescue_volunteering_or_donation_effort', 'sympathy_and_support']
2026-02-27 18:51:18,084 - lg_cotrain - INFO - D_l1: 27, D_l2: 18, D_LG: 5049
2026-02-27 18:51:18,085 - lg_cotrain - INFO - === Phase 1: Weight Generation ===
2026-02-27 18:51:37,646 - lg_cotrain - INFO - Phase 1 epoch 1/7: mean_prob1=0.1078, mean_prob2=0.1193
2026-02-27 18:51:56,028 - lg_cotrain - INFO - Phase 1 epoch 2/7: mean_prob1=0.1133, mean_prob2=0.1176
2026-02-27 18:52:14,550 - lg_cotrain - INFO - Phase 1 epoch 3/7: mean_prob1=0.1144, mean_prob2=0.1210
2026-02-27 18:52:32,997 - lg_cotrain - INFO - Phase 1 epoch 4/7: mean_prob1=0.1158, mean_prob2=0.1241
2026-02-27 18:52:51,451 - lg_cotrain - INFO - Phase 1 epoch 5/7: mean_prob1=0.1234, mean_prob2=0.1363
2026-02-27 18:53:09,779 - lg_cotrain - INFO - Phase 1 epoch 6/7: mean_prob1=0.1259, mean_prob2=0.1359
2026-02-27 18:53:28,290 - lg_cotrain - INFO - Phase 1 epoch 7/7: mean_prob1=0.1328, mean_prob2=0.1228
2026-02-27 18:53:28,290 - lg_cotrain - INFO - === Phase 2: Co-Training ===
2026-02-27 18:53:29,352 - lg_cotrain - INFO - LR scheduler: total_steps_1=811, warmup=108; total_steps_2=811, warmup=108
2026-02-27 18:53:29,354 - lg_cotrain - INFO - Phase 1 done -> seeded Phase 2 trackers. lambda1: mean=0.1328, range=[0.0256, 0.4207]
2026-02-27 18:53:29,354 - lg_cotrain - INFO - Phase 1 done -> seeded Phase 2 trackers. lambda2: mean=0.1228, range=[0.0303, 0.3465]
2026-02-27 18:54:39,756 - lg_cotrain - INFO - Phase 2 epoch 1/9: loss1=0.1900, loss2=0.2070, dev_macro_f1=0.5330, dev_err=33.83%
2026-02-27 18:55:49,739 - lg_cotrain - INFO - Phase 2 epoch 2/9: loss1=0.0583, loss2=0.2238, dev_macro_f1=0.6381, dev_err=31.13%
2026-02-27 18:56:59,090 - lg_cotrain - INFO - Phase 2 epoch 3/9: loss1=0.0345, loss2=0.2033, dev_macro_f1=0.6192, dev_err=32.21%
2026-02-27 18:58:08,392 - lg_cotrain - INFO - Phase 2 epoch 4/9: loss1=0.0226, loss2=0.1284, dev_macro_f1=0.6294, dev_err=32.21%
2026-02-27 18:59:14,702 - lg_cotrain - INFO - Phase 2 epoch 5/9: loss1=0.0272, loss2=0.0796, dev_macro_f1=0.6599, dev_err=31.54%
2026-02-27 19:00:23,024 - lg_cotrain - INFO - Phase 2 epoch 6/9: loss1=0.0180, loss2=0.0433, dev_macro_f1=0.6439, dev_err=31.40%
2026-02-27 19:01:33,203 - lg_cotrain - INFO - Phase 2 epoch 7/9: loss1=0.0107, loss2=0.0245, dev_macro_f1=0.6377, dev_err=31.94%
2026-02-27 19:02:43,031 - lg_cotrain - INFO - Phase 2 epoch 8/9: loss1=0.0075, loss2=0.0156, dev_macro_f1=0.6522, dev_err=30.46%
2026-02-27 19:03:52,349 - lg_cotrain - INFO - Phase 2 epoch 9/9: loss1=0.0050, loss2=0.0103, dev_macro_f1=0.6538, dev_err=30.46%
2026-02-27 19:03:52,349 - lg_cotrain - INFO - === Phase 3: Fine-Tuning ===
2026-02-27 19:03:55,237 - lg_cotrain - INFO - Phase 3 epoch 1: dev_macro_f1=0.6619, dev_err=29.78%, es_counter1=0, es_counter2=0
2026-02-27 19:03:58,108 - lg_cotrain - INFO - Phase 3 epoch 2: dev_macro_f1=0.6669, dev_err=29.65%, es_counter1=0, es_counter2=0
2026-02-27 19:04:01,015 - lg_cotrain - INFO - Phase 3 epoch 3: dev_macro_f1=0.6728, dev_err=29.38%, es_counter1=0, es_counter2=0
2026-02-27 19:04:03,920 - lg_cotrain - INFO - Phase 3 epoch 4: dev_macro_f1=0.6742, dev_err=29.51%, es_counter1=0, es_counter2=0
2026-02-27 19:04:06,820 - lg_cotrain - INFO - Phase 3 epoch 5: dev_macro_f1=0.6791, dev_err=28.98%, es_counter1=0, es_counter2=0
2026-02-27 19:04:09,712 - lg_cotrain - INFO - Phase 3 epoch 6: dev_macro_f1=0.6846, dev_err=28.44%, es_counter1=0, es_counter2=0
2026-02-27 19:04:12,582 - lg_cotrain - INFO - Phase 3 epoch 7: dev_macro_f1=0.6846, dev_err=28.57%, es_counter1=0, es_counter2=0
2026-02-27 19:04:15,390 - lg_cotrain - INFO - Phase 3 epoch 8: dev_macro_f1=0.6814, dev_err=28.57%, es_counter1=1, es_counter2=1
2026-02-27 19:04:18,164 - lg_cotrain - INFO - Phase 3 epoch 9: dev_macro_f1=0.6832, dev_err=28.30%, es_counter1=2, es_counter2=2
2026-02-27 19:04:20,848 - lg_cotrain - INFO - Phase 3 epoch 10: dev_macro_f1=0.6811, dev_err=28.57%, es_counter1=3, es_counter2=3
2026-02-27 19:04:23,560 - lg_cotrain - INFO - Phase 3 epoch 11: dev_macro_f1=0.6848, dev_err=28.30%, es_counter1=0, es_counter2=0
2026-02-27 19:04:26,239 - lg_cotrain - INFO - Phase 3 epoch 12: dev_macro_f1=0.6786, dev_err=28.44%, es_counter1=1, es_counter2=1
2026-02-27 19:04:29,107 - lg_cotrain - INFO - Phase 3 epoch 13: dev_macro_f1=0.6786, dev_err=28.44%, es_counter1=2, es_counter2=2
2026-02-27 19:04:31,825 - lg_cotrain - INFO - Phase 3 epoch 14: dev_macro_f1=0.6801, dev_err=28.30%, es_counter1=3, es_counter2=3
2026-02-27 19:04:34,714 - lg_cotrain - INFO - Phase 3 epoch 15: dev_macro_f1=0.6834, dev_err=28.17%, es_counter1=4, es_counter2=4
2026-02-27 19:04:34,715 - lg_cotrain - INFO - Early stopping at epoch 15
2026-02-27 19:04:34,726 - lg_cotrain - INFO - === Final Evaluation ===
2026-02-27 19:04:42,392 - lg_cotrain - INFO - Results saved to C:\Users\anhtr\AppData\Local\Temp\tmpf1ypz2z3\hurricane_maria_2017\5_set2\metrics.json
2026-02-27 19:04:42,392 - lg_cotrain - INFO - Test error rate: 30.44%, Test macro-F1: 0.6457, Test ECE: 0.1867
2026-02-27 19:04:42,404 - lg_cotrain - INFO - --- Trial 5/10 done: dev_macro_f1=0.6848 ---
2026-02-27 19:04:42,405 - lg_cotrain - INFO - --- Trial 6/10 ---
2026-02-27 19:04:42,985 - lg_cotrain - INFO - Starting LG-CoTrain: event=hurricane_maria_2017, budget=5, seed_set=2
2026-02-27 19:04:43,011 - lg_cotrain - INFO - Detected 9 classes for event hurricane_maria_2017: ['caution_and_advice', 'displaced_people_and_evacuations', 'infrastructure_and_utility_damage', 'injured_or_dead_people', 'not_humanitarian', 'other_relevant_information', 'requests_or_urgent_needs', 'rescue_volunteering_or_donation_effort', 'sympathy_and_support']
2026-02-27 19:04:43,017 - lg_cotrain - INFO - D_l1: 27, D_l2: 18, D_LG: 5049
2026-02-27 19:04:43,018 - lg_cotrain - INFO - === Phase 1: Weight Generation ===
2026-02-27 19:05:03,764 - lg_cotrain - INFO - Phase 1 epoch 1/7: mean_prob1=0.1104, mean_prob2=0.1231
2026-02-27 19:05:22,703 - lg_cotrain - INFO - Phase 1 epoch 2/7: mean_prob1=0.1001, mean_prob2=0.1130
2026-02-27 19:05:41,200 - lg_cotrain - INFO - Phase 1 epoch 3/7: mean_prob1=0.1055, mean_prob2=0.1266
2026-02-27 19:06:00,152 - lg_cotrain - INFO - Phase 1 epoch 4/7: mean_prob1=0.1024, mean_prob2=0.1116
2026-02-27 19:06:18,904 - lg_cotrain - INFO - Phase 1 epoch 5/7: mean_prob1=0.1097, mean_prob2=0.1461
2026-02-27 19:06:37,653 - lg_cotrain - INFO - Phase 1 epoch 6/7: mean_prob1=0.1152, mean_prob2=0.1598
2026-02-27 19:06:56,743 - lg_cotrain - INFO - Phase 1 epoch 7/7: mean_prob1=0.1256, mean_prob2=0.1694
2026-02-27 19:06:56,743 - lg_cotrain - INFO - === Phase 2: Co-Training ===
2026-02-27 19:06:57,932 - lg_cotrain - INFO - LR scheduler: total_steps_1=1364, warmup=19; total_steps_2=1364, warmup=19
2026-02-27 19:06:57,934 - lg_cotrain - INFO - Phase 1 done -> seeded Phase 2 trackers. lambda1: mean=0.1256, range=[0.0303, 0.3617]
2026-02-27 19:06:57,934 - lg_cotrain - INFO - Phase 1 done -> seeded Phase 2 trackers. lambda2: mean=0.1694, range=[0.0100, 0.8439]
2026-02-27 19:08:16,603 - lg_cotrain - INFO - Phase 2 epoch 1/8: loss1=0.2382, loss2=0.1780, dev_macro_f1=0.1367, dev_err=55.26%
2026-02-27 19:09:31,127 - lg_cotrain - INFO - Phase 2 epoch 2/8: loss1=0.1542, loss2=0.3240, dev_macro_f1=0.0850, dev_err=68.87%
2026-02-27 19:10:45,926 - lg_cotrain - INFO - Phase 2 epoch 3/8: loss1=0.1068, loss2=0.3384, dev_macro_f1=0.0609, dev_err=71.56%
2026-02-27 19:12:00,887 - lg_cotrain - INFO - Phase 2 epoch 4/8: loss1=0.0872, loss2=0.3405, dev_macro_f1=0.0623, dev_err=71.43%
2026-02-27 19:13:15,670 - lg_cotrain - INFO - Phase 2 epoch 5/8: loss1=0.0772, loss2=0.3391, dev_macro_f1=0.0609, dev_err=71.56%
2026-02-27 19:14:30,599 - lg_cotrain - INFO - Phase 2 epoch 6/8: loss1=0.0655, loss2=0.3302, dev_macro_f1=0.0637, dev_err=71.29%
2026-02-27 19:15:45,444 - lg_cotrain - INFO - Phase 2 epoch 7/8: loss1=0.0642, loss2=0.3192, dev_macro_f1=0.0537, dev_err=72.24%
2026-02-27 19:17:01,935 - lg_cotrain - INFO - Phase 2 epoch 8/8: loss1=0.0544, loss2=0.2934, dev_macro_f1=0.0476, dev_err=72.78%
2026-02-27 19:17:01,935 - lg_cotrain - INFO - === Phase 3: Fine-Tuning ===
2026-02-27 19:17:04,728 - lg_cotrain - INFO - Phase 3 epoch 1: dev_macro_f1=0.0476, dev_err=72.78%, es_counter1=0, es_counter2=0
2026-02-27 19:17:07,577 - lg_cotrain - INFO - Phase 3 epoch 2: dev_macro_f1=0.1244, dev_err=61.73%, es_counter1=0, es_counter2=0
2026-02-27 19:17:10,394 - lg_cotrain - INFO - Phase 3 epoch 3: dev_macro_f1=0.0476, dev_err=72.78%, es_counter1=1, es_counter2=1
2026-02-27 19:17:13,197 - lg_cotrain - INFO - Phase 3 epoch 4: dev_macro_f1=0.0476, dev_err=72.78%, es_counter1=2, es_counter2=2
2026-02-27 19:17:15,966 - lg_cotrain - INFO - Phase 3 epoch 5: dev_macro_f1=0.0476, dev_err=72.78%, es_counter1=3, es_counter2=3
2026-02-27 19:17:18,844 - lg_cotrain - INFO - Phase 3 epoch 6: dev_macro_f1=0.0476, dev_err=72.78%, es_counter1=4, es_counter2=4
2026-02-27 19:17:21,625 - lg_cotrain - INFO - Phase 3 epoch 7: dev_macro_f1=0.0476, dev_err=72.78%, es_counter1=5, es_counter2=5
2026-02-27 19:17:24,426 - lg_cotrain - INFO - Phase 3 epoch 8: dev_macro_f1=0.1231, dev_err=62.13%, es_counter1=6, es_counter2=6
2026-02-27 19:17:27,389 - lg_cotrain - INFO - Phase 3 epoch 9: dev_macro_f1=0.1231, dev_err=62.13%, es_counter1=7, es_counter2=7
2026-02-27 19:17:30,170 - lg_cotrain - INFO - Phase 3 epoch 10: dev_macro_f1=0.1231, dev_err=62.13%, es_counter1=8, es_counter2=8
2026-02-27 19:17:32,971 - lg_cotrain - INFO - Phase 3 epoch 11: dev_macro_f1=0.1231, dev_err=62.13%, es_counter1=9, es_counter2=9
2026-02-27 19:17:35,810 - lg_cotrain - INFO - Phase 3 epoch 12: dev_macro_f1=0.1217, dev_err=62.40%, es_counter1=10, es_counter2=10
2026-02-27 19:17:35,810 - lg_cotrain - INFO - Early stopping at epoch 12
2026-02-27 19:17:35,818 - lg_cotrain - INFO - === Final Evaluation ===
2026-02-27 19:17:43,906 - lg_cotrain - INFO - Results saved to C:\Users\anhtr\AppData\Local\Temp\tmpz37dpawj\hurricane_maria_2017\5_set2\metrics.json
2026-02-27 19:17:43,906 - lg_cotrain - INFO - Test error rate: 62.76%, Test macro-F1: 0.1209, Test ECE: 0.5110
2026-02-27 19:17:43,917 - lg_cotrain - INFO - --- Trial 6/10 done: dev_macro_f1=0.1244 ---
2026-02-27 19:17:43,919 - lg_cotrain - INFO - --- Trial 7/10 ---
2026-02-27 19:17:44,521 - lg_cotrain - INFO - Starting LG-CoTrain: event=hurricane_maria_2017, budget=5, seed_set=2
2026-02-27 19:17:44,553 - lg_cotrain - INFO - Detected 9 classes for event hurricane_maria_2017: ['caution_and_advice', 'displaced_people_and_evacuations', 'infrastructure_and_utility_damage', 'injured_or_dead_people', 'not_humanitarian', 'other_relevant_information', 'requests_or_urgent_needs', 'rescue_volunteering_or_donation_effort', 'sympathy_and_support']
2026-02-27 19:17:44,559 - lg_cotrain - INFO - D_l1: 27, D_l2: 18, D_LG: 5049
2026-02-27 19:17:44,560 - lg_cotrain - INFO - === Phase 1: Weight Generation ===
2026-02-27 19:18:05,120 - lg_cotrain - INFO - Phase 1 epoch 1/7: mean_prob1=0.1056, mean_prob2=0.1146
2026-02-27 19:18:24,729 - lg_cotrain - INFO - Phase 1 epoch 2/7: mean_prob1=0.1080, mean_prob2=0.1162
2026-02-27 19:18:45,012 - lg_cotrain - INFO - Phase 1 epoch 3/7: mean_prob1=0.1085, mean_prob2=0.1162
2026-02-27 19:19:04,718 - lg_cotrain - INFO - Phase 1 epoch 4/7: mean_prob1=0.1099, mean_prob2=0.1160
2026-02-27 19:19:24,187 - lg_cotrain - INFO - Phase 1 epoch 5/7: mean_prob1=0.1106, mean_prob2=0.1164
2026-02-27 19:19:43,425 - lg_cotrain - INFO - Phase 1 epoch 6/7: mean_prob1=0.1110, mean_prob2=0.1126
2026-02-27 19:20:02,753 - lg_cotrain - INFO - Phase 1 epoch 7/7: mean_prob1=0.1122, mean_prob2=0.1059
2026-02-27 19:20:02,754 - lg_cotrain - INFO - === Phase 2: Co-Training ===
2026-02-27 19:20:03,862 - lg_cotrain - INFO - LR scheduler: total_steps_1=1364, warmup=203; total_steps_2=1364, warmup=203
2026-02-27 19:20:03,863 - lg_cotrain - INFO - Phase 1 done -> seeded Phase 2 trackers. lambda1: mean=0.1122, range=[0.0302, 0.2953]
2026-02-27 19:20:03,863 - lg_cotrain - INFO - Phase 1 done -> seeded Phase 2 trackers. lambda2: mean=0.1059, range=[0.0304, 0.3131]
2026-02-27 19:21:18,748 - lg_cotrain - INFO - Phase 2 epoch 1/8: loss1=0.1787, loss2=0.1877, dev_macro_f1=0.5472, dev_err=36.25%
2026-02-27 19:22:32,263 - lg_cotrain - INFO - Phase 2 epoch 2/8: loss1=0.0645, loss2=0.1985, dev_macro_f1=0.6508, dev_err=30.86%
2026-02-27 19:23:44,792 - lg_cotrain - INFO - Phase 2 epoch 3/8: loss1=0.0305, loss2=0.1646, dev_macro_f1=0.6217, dev_err=32.21%
2026-02-27 19:24:57,192 - lg_cotrain - INFO - Phase 2 epoch 4/8: loss1=0.0200, loss2=0.1177, dev_macro_f1=0.6509, dev_err=31.40%
2026-02-27 19:26:14,750 - lg_cotrain - INFO - Phase 2 epoch 5/8: loss1=0.0142, loss2=0.0587, dev_macro_f1=0.6475, dev_err=31.54%
2026-02-27 19:27:33,312 - lg_cotrain - INFO - Phase 2 epoch 6/8: loss1=0.0076, loss2=0.0294, dev_macro_f1=0.6623, dev_err=31.13%
2026-02-27 19:28:50,427 - lg_cotrain - INFO - Phase 2 epoch 7/8: loss1=0.0062, loss2=0.0195, dev_macro_f1=0.6493, dev_err=31.94%
2026-02-27 19:30:09,240 - lg_cotrain - INFO - Phase 2 epoch 8/8: loss1=0.0052, loss2=0.0122, dev_macro_f1=0.6527, dev_err=31.67%
2026-02-27 19:30:09,241 - lg_cotrain - INFO - === Phase 3: Fine-Tuning ===
2026-02-27 19:30:12,186 - lg_cotrain - INFO - Phase 3 epoch 1: dev_macro_f1=0.6543, dev_err=31.40%, es_counter1=0, es_counter2=0
2026-02-27 19:30:15,181 - lg_cotrain - INFO - Phase 3 epoch 2: dev_macro_f1=0.6536, dev_err=31.54%, es_counter1=1, es_counter2=1
2026-02-27 19:30:18,092 - lg_cotrain - INFO - Phase 3 epoch 3: dev_macro_f1=0.6533, dev_err=31.54%, es_counter1=2, es_counter2=2
2026-02-27 19:30:21,054 - lg_cotrain - INFO - Phase 3 epoch 4: dev_macro_f1=0.6513, dev_err=31.54%, es_counter1=3, es_counter2=3
2026-02-27 19:30:24,036 - lg_cotrain - INFO - Phase 3 epoch 5: dev_macro_f1=0.6540, dev_err=31.13%, es_counter1=4, es_counter2=4
2026-02-27 19:30:26,994 - lg_cotrain - INFO - Phase 3 epoch 6: dev_macro_f1=0.6556, dev_err=31.13%, es_counter1=0, es_counter2=0
2026-02-27 19:30:29,908 - lg_cotrain - INFO - Phase 3 epoch 7: dev_macro_f1=0.6512, dev_err=31.40%, es_counter1=1, es_counter2=1
2026-02-27 19:30:32,797 - lg_cotrain - INFO - Phase 3 epoch 8: dev_macro_f1=0.6467, dev_err=31.67%, es_counter1=2, es_counter2=2
2026-02-27 19:30:35,680 - lg_cotrain - INFO - Phase 3 epoch 9: dev_macro_f1=0.6453, dev_err=31.67%, es_counter1=3, es_counter2=3
2026-02-27 19:30:38,587 - lg_cotrain - INFO - Phase 3 epoch 10: dev_macro_f1=0.6478, dev_err=31.67%, es_counter1=4, es_counter2=4
2026-02-27 19:30:41,499 - lg_cotrain - INFO - Phase 3 epoch 11: dev_macro_f1=0.6440, dev_err=31.94%, es_counter1=5, es_counter2=5
2026-02-27 19:30:44,405 - lg_cotrain - INFO - Phase 3 epoch 12: dev_macro_f1=0.6516, dev_err=31.67%, es_counter1=6, es_counter2=6
2026-02-27 19:30:47,241 - lg_cotrain - INFO - Phase 3 epoch 13: dev_macro_f1=0.6538, dev_err=31.40%, es_counter1=7, es_counter2=7
2026-02-27 19:30:50,002 - lg_cotrain - INFO - Phase 3 epoch 14: dev_macro_f1=0.6536, dev_err=31.40%, es_counter1=8, es_counter2=8
2026-02-27 19:30:50,003 - lg_cotrain - INFO - Early stopping at epoch 14
2026-02-27 19:30:50,016 - lg_cotrain - INFO - === Final Evaluation ===
2026-02-27 19:30:57,531 - lg_cotrain - INFO - Results saved to C:\Users\anhtr\AppData\Local\Temp\tmp1m7s7dqe\hurricane_maria_2017\5_set2\metrics.json
2026-02-27 19:30:57,532 - lg_cotrain - INFO - Test error rate: 30.72%, Test macro-F1: 0.6601, Test ECE: 0.2384
2026-02-27 19:30:57,543 - lg_cotrain - INFO - --- Trial 7/10 done: dev_macro_f1=0.6556 ---
2026-02-27 19:30:57,543 - lg_cotrain - INFO - --- Trial 8/10 ---
2026-02-27 19:30:58,109 - lg_cotrain - INFO - Starting LG-CoTrain: event=hurricane_maria_2017, budget=5, seed_set=2
2026-02-27 19:30:58,136 - lg_cotrain - INFO - Detected 9 classes for event hurricane_maria_2017: ['caution_and_advice', 'displaced_people_and_evacuations', 'infrastructure_and_utility_damage', 'injured_or_dead_people', 'not_humanitarian', 'other_relevant_information', 'requests_or_urgent_needs', 'rescue_volunteering_or_donation_effort', 'sympathy_and_support']
2026-02-27 19:30:58,143 - lg_cotrain - INFO - D_l1: 27, D_l2: 18, D_LG: 5049
2026-02-27 19:30:58,144 - lg_cotrain - INFO - === Phase 1: Weight Generation ===
2026-02-27 19:31:16,443 - lg_cotrain - INFO - Phase 1 epoch 1/7: mean_prob1=0.1069, mean_prob2=0.1183
2026-02-27 19:31:34,218 - lg_cotrain - INFO - Phase 1 epoch 2/7: mean_prob1=0.1113, mean_prob2=0.1148
2026-02-27 19:31:51,986 - lg_cotrain - INFO - Phase 1 epoch 3/7: mean_prob1=0.1124, mean_prob2=0.1168
2026-02-27 19:32:10,461 - lg_cotrain - INFO - Phase 1 epoch 4/7: mean_prob1=0.1138, mean_prob2=0.1236
2026-02-27 19:32:29,251 - lg_cotrain - INFO - Phase 1 epoch 5/7: mean_prob1=0.1193, mean_prob2=0.1289
2026-02-27 19:32:47,944 - lg_cotrain - INFO - Phase 1 epoch 6/7: mean_prob1=0.1230, mean_prob2=0.1298
2026-02-27 19:33:06,019 - lg_cotrain - INFO - Phase 1 epoch 7/7: mean_prob1=0.1266, mean_prob2=0.1320
2026-02-27 19:33:06,019 - lg_cotrain - INFO - === Phase 2: Co-Training ===
2026-02-27 19:33:07,085 - lg_cotrain - INFO - LR scheduler: total_steps_1=1285, warmup=196; total_steps_2=1285, warmup=196
2026-02-27 19:33:07,087 - lg_cotrain - INFO - Phase 1 done -> seeded Phase 2 trackers. lambda1: mean=0.1266, range=[0.0261, 0.3863]
2026-02-27 19:33:07,087 - lg_cotrain - INFO - Phase 1 done -> seeded Phase 2 trackers. lambda2: mean=0.1320, range=[0.0341, 0.3446]
2026-02-27 19:34:16,482 - lg_cotrain - INFO - Phase 2 epoch 1/15: loss1=0.2238, loss2=0.2294, dev_macro_f1=0.3170, dev_err=44.61%
2026-02-27 19:35:25,845 - lg_cotrain - INFO - Phase 2 epoch 2/15: loss1=0.0835, loss2=0.2013, dev_macro_f1=0.5497, dev_err=36.25%
2026-02-27 19:36:35,013 - lg_cotrain - INFO - Phase 2 epoch 3/15: loss1=0.0427, loss2=0.1986, dev_macro_f1=0.6258, dev_err=31.54%
2026-02-27 19:37:43,756 - lg_cotrain - INFO - Phase 2 epoch 4/15: loss1=0.0300, loss2=0.1495, dev_macro_f1=0.6302, dev_err=31.40%
2026-02-27 19:38:53,891 - lg_cotrain - INFO - Phase 2 epoch 5/15: loss1=0.0223, loss2=0.0879, dev_macro_f1=0.6171, dev_err=32.88%
2026-02-27 19:40:03,946 - lg_cotrain - INFO - Phase 2 epoch 6/15: loss1=0.0203, loss2=0.0725, dev_macro_f1=0.6293, dev_err=31.67%
2026-02-27 19:41:16,085 - lg_cotrain - INFO - Phase 2 epoch 7/15: loss1=0.0148, loss2=0.0398, dev_macro_f1=0.6578, dev_err=31.00%
2026-02-27 19:42:26,249 - lg_cotrain - INFO - Phase 2 epoch 8/15: loss1=0.0177, loss2=0.0414, dev_macro_f1=0.6001, dev_err=34.50%
2026-02-27 19:43:35,485 - lg_cotrain - INFO - Phase 2 epoch 9/15: loss1=0.0133, loss2=0.0218, dev_macro_f1=0.6361, dev_err=31.67%
2026-02-27 19:44:46,566 - lg_cotrain - INFO - Phase 2 epoch 10/15: loss1=0.0212, loss2=0.0121, dev_macro_f1=0.6334, dev_err=32.08%
2026-02-27 19:45:53,492 - lg_cotrain - INFO - Phase 2 epoch 11/15: loss1=0.0080, loss2=0.0076, dev_macro_f1=0.6416, dev_err=31.13%
2026-02-27 19:47:00,995 - lg_cotrain - INFO - Phase 2 epoch 12/15: loss1=0.0057, loss2=0.0086, dev_macro_f1=0.6450, dev_err=31.40%
2026-02-27 19:48:09,279 - lg_cotrain - INFO - Phase 2 epoch 13/15: loss1=0.0059, loss2=0.0053, dev_macro_f1=0.6548, dev_err=30.59%
2026-02-27 19:49:17,572 - lg_cotrain - INFO - Phase 2 epoch 14/15: loss1=0.0054, loss2=0.0041, dev_macro_f1=0.6465, dev_err=31.13%
2026-02-27 19:50:25,792 - lg_cotrain - INFO - Phase 2 epoch 15/15: loss1=0.0041, loss2=0.0038, dev_macro_f1=0.6442, dev_err=31.54%
2026-02-27 19:50:25,792 - lg_cotrain - INFO - === Phase 3: Fine-Tuning ===
2026-02-27 19:50:28,515 - lg_cotrain - INFO - Phase 3 epoch 1: dev_macro_f1=0.6463, dev_err=31.54%, es_counter1=0, es_counter2=0
2026-02-27 19:50:31,240 - lg_cotrain - INFO - Phase 3 epoch 2: dev_macro_f1=0.6478, dev_err=31.67%, es_counter1=0, es_counter2=0
2026-02-27 19:50:33,996 - lg_cotrain - INFO - Phase 3 epoch 3: dev_macro_f1=0.6563, dev_err=31.27%, es_counter1=0, es_counter2=0
2026-02-27 19:50:36,683 - lg_cotrain - INFO - Phase 3 epoch 4: dev_macro_f1=0.6525, dev_err=31.67%, es_counter1=1, es_counter2=1
2026-02-27 19:50:39,395 - lg_cotrain - INFO - Phase 3 epoch 5: dev_macro_f1=0.6474, dev_err=31.81%, es_counter1=2, es_counter2=2
2026-02-27 19:50:42,115 - lg_cotrain - INFO - Phase 3 epoch 6: dev_macro_f1=0.6480, dev_err=31.81%, es_counter1=3, es_counter2=3
2026-02-27 19:50:44,834 - lg_cotrain - INFO - Phase 3 epoch 7: dev_macro_f1=0.6480, dev_err=31.81%, es_counter1=4, es_counter2=4
2026-02-27 19:50:47,566 - lg_cotrain - INFO - Phase 3 epoch 8: dev_macro_f1=0.6477, dev_err=31.67%, es_counter1=5, es_counter2=5
2026-02-27 19:50:50,293 - lg_cotrain - INFO - Phase 3 epoch 9: dev_macro_f1=0.6460, dev_err=31.81%, es_counter1=6, es_counter2=6
2026-02-27 19:50:50,295 - lg_cotrain - INFO - Early stopping at epoch 9
2026-02-27 19:50:50,302 - lg_cotrain - INFO - === Final Evaluation ===
2026-02-27 19:50:57,583 - lg_cotrain - INFO - Results saved to C:\Users\anhtr\AppData\Local\Temp\tmpuhshqd8m\hurricane_maria_2017\5_set2\metrics.json
2026-02-27 19:50:57,583 - lg_cotrain - INFO - Test error rate: 31.00%, Test macro-F1: 0.6575, Test ECE: 0.2376
2026-02-27 19:50:57,597 - lg_cotrain - INFO - --- Trial 8/10 done: dev_macro_f1=0.6563 ---
2026-02-27 19:50:57,597 - lg_cotrain - INFO - --- Trial 9/10 ---
2026-02-27 19:50:58,225 - lg_cotrain - INFO - Starting LG-CoTrain: event=hurricane_maria_2017, budget=5, seed_set=2
2026-02-27 19:50:58,261 - lg_cotrain - INFO - Detected 9 classes for event hurricane_maria_2017: ['caution_and_advice', 'displaced_people_and_evacuations', 'infrastructure_and_utility_damage', 'injured_or_dead_people', 'not_humanitarian', 'other_relevant_information', 'requests_or_urgent_needs', 'rescue_volunteering_or_donation_effort', 'sympathy_and_support']
2026-02-27 19:50:58,269 - lg_cotrain - INFO - D_l1: 27, D_l2: 18, D_LG: 5049
2026-02-27 19:50:58,270 - lg_cotrain - INFO - === Phase 1: Weight Generation ===
2026-02-27 19:51:17,391 - lg_cotrain - INFO - Phase 1 epoch 1/7: mean_prob1=0.1053, mean_prob2=0.1109
2026-02-27 19:51:35,305 - lg_cotrain - INFO - Phase 1 epoch 2/7: mean_prob1=0.1060, mean_prob2=0.1132
2026-02-27 19:51:53,280 - lg_cotrain - INFO - Phase 1 epoch 3/7: mean_prob1=0.1067, mean_prob2=0.1152
2026-02-27 19:52:11,720 - lg_cotrain - INFO - Phase 1 epoch 4/7: mean_prob1=0.1073, mean_prob2=0.1164
2026-02-27 19:52:30,100 - lg_cotrain - INFO - Phase 1 epoch 5/7: mean_prob1=0.1072, mean_prob2=0.1164
2026-02-27 19:52:48,438 - lg_cotrain - INFO - Phase 1 epoch 6/7: mean_prob1=0.1075, mean_prob2=0.1150
2026-02-27 19:53:06,720 - lg_cotrain - INFO - Phase 1 epoch 7/7: mean_prob1=0.1078, mean_prob2=0.1128
2026-02-27 19:53:06,721 - lg_cotrain - INFO - === Phase 2: Co-Training ===
2026-02-27 19:53:07,771 - lg_cotrain - INFO - LR scheduler: total_steps_1=1285, warmup=286; total_steps_2=1285, warmup=286
2026-02-27 19:53:07,772 - lg_cotrain - INFO - Phase 1 done -> seeded Phase 2 trackers. lambda1: mean=0.1078, range=[0.0392, 0.2296]
2026-02-27 19:53:07,772 - lg_cotrain - INFO - Phase 1 done -> seeded Phase 2 trackers. lambda2: mean=0.1128, range=[0.0373, 0.2713]
2026-02-27 19:54:16,838 - lg_cotrain - INFO - Phase 2 epoch 1/15: loss1=0.2283, loss2=0.2304, dev_macro_f1=0.1080, dev_err=65.50%
2026-02-27 19:55:25,536 - lg_cotrain - INFO - Phase 2 epoch 2/15: loss1=0.1565, loss2=0.2704, dev_macro_f1=0.2113, dev_err=51.89%
2026-02-27 19:56:34,048 - lg_cotrain - INFO - Phase 2 epoch 3/15: loss1=0.0899, loss2=0.1918, dev_macro_f1=0.3745, dev_err=41.11%
2026-02-27 19:57:42,390 - lg_cotrain - INFO - Phase 2 epoch 4/15: loss1=0.0578, loss2=0.1553, dev_macro_f1=0.4774, dev_err=37.87%
2026-02-27 19:58:50,821 - lg_cotrain - INFO - Phase 2 epoch 5/15: loss1=0.0362, loss2=0.1214, dev_macro_f1=0.5689, dev_err=35.58%
2026-02-27 19:59:59,323 - lg_cotrain - INFO - Phase 2 epoch 6/15: loss1=0.0250, loss2=0.0930, dev_macro_f1=0.5899, dev_err=34.77%
2026-02-27 20:01:08,034 - lg_cotrain - INFO - Phase 2 epoch 7/15: loss1=0.0207, loss2=0.0717, dev_macro_f1=0.5915, dev_err=34.50%
2026-02-27 20:02:16,571 - lg_cotrain - INFO - Phase 2 epoch 8/15: loss1=0.0177, loss2=0.0561, dev_macro_f1=0.6048, dev_err=33.69%
2026-02-27 20:03:24,829 - lg_cotrain - INFO - Phase 2 epoch 9/15: loss1=0.0147, loss2=0.0404, dev_macro_f1=0.6250, dev_err=33.42%
2026-02-27 20:04:33,243 - lg_cotrain - INFO - Phase 2 epoch 10/15: loss1=0.0159, loss2=0.0366, dev_macro_f1=0.6068, dev_err=34.23%
2026-02-27 20:05:41,895 - lg_cotrain - INFO - Phase 2 epoch 11/15: loss1=0.0119, loss2=0.0309, dev_macro_f1=0.6276, dev_err=33.02%
2026-02-27 20:06:50,639 - lg_cotrain - INFO - Phase 2 epoch 12/15: loss1=0.0113, loss2=0.0298, dev_macro_f1=0.6253, dev_err=33.02%
2026-02-27 20:07:57,403 - lg_cotrain - INFO - Phase 2 epoch 13/15: loss1=0.0111, loss2=0.0214, dev_macro_f1=0.6297, dev_err=32.75%
2026-02-27 20:09:03,119 - lg_cotrain - INFO - Phase 2 epoch 14/15: loss1=0.0096, loss2=0.0183, dev_macro_f1=0.6316, dev_err=32.61%
2026-02-27 20:10:08,783 - lg_cotrain - INFO - Phase 2 epoch 15/15: loss1=0.0108, loss2=0.0171, dev_macro_f1=0.6300, dev_err=32.88%
2026-02-27 20:10:08,783 - lg_cotrain - INFO - === Phase 3: Fine-Tuning ===
2026-02-27 20:10:11,411 - lg_cotrain - INFO - Phase 3 epoch 1: dev_macro_f1=0.6313, dev_err=32.88%, es_counter1=0, es_counter2=0
2026-02-27 20:10:14,030 - lg_cotrain - INFO - Phase 3 epoch 2: dev_macro_f1=0.6352, dev_err=32.75%, es_counter1=0, es_counter2=0
2026-02-27 20:10:16,660 - lg_cotrain - INFO - Phase 3 epoch 3: dev_macro_f1=0.6391, dev_err=32.61%, es_counter1=0, es_counter2=0
2026-02-27 20:10:19,292 - lg_cotrain - INFO - Phase 3 epoch 4: dev_macro_f1=0.6408, dev_err=32.21%, es_counter1=0, es_counter2=0
2026-02-27 20:10:21,923 - lg_cotrain - INFO - Phase 3 epoch 5: dev_macro_f1=0.6378, dev_err=32.35%, es_counter1=1, es_counter2=1
2026-02-27 20:10:24,599 - lg_cotrain - INFO - Phase 3 epoch 6: dev_macro_f1=0.6376, dev_err=32.21%, es_counter1=2, es_counter2=2
2026-02-27 20:10:27,265 - lg_cotrain - INFO - Phase 3 epoch 7: dev_macro_f1=0.6353, dev_err=32.35%, es_counter1=3, es_counter2=3
2026-02-27 20:10:29,891 - lg_cotrain - INFO - Phase 3 epoch 8: dev_macro_f1=0.6394, dev_err=31.81%, es_counter1=4, es_counter2=4
2026-02-27 20:10:32,531 - lg_cotrain - INFO - Phase 3 epoch 9: dev_macro_f1=0.6387, dev_err=31.54%, es_counter1=5, es_counter2=5
2026-02-27 20:10:35,166 - lg_cotrain - INFO - Phase 3 epoch 10: dev_macro_f1=0.6370, dev_err=31.67%, es_counter1=6, es_counter2=6
2026-02-27 20:10:37,759 - lg_cotrain - INFO - Phase 3 epoch 11: dev_macro_f1=0.6341, dev_err=31.81%, es_counter1=7, es_counter2=7
2026-02-27 20:10:40,389 - lg_cotrain - INFO - Phase 3 epoch 12: dev_macro_f1=0.6348, dev_err=31.67%, es_counter1=8, es_counter2=8
2026-02-27 20:10:43,041 - lg_cotrain - INFO - Phase 3 epoch 13: dev_macro_f1=0.6416, dev_err=31.40%, es_counter1=0, es_counter2=0
2026-02-27 20:10:45,678 - lg_cotrain - INFO - Phase 3 epoch 14: dev_macro_f1=0.6431, dev_err=31.27%, es_counter1=0, es_counter2=0
2026-02-27 20:10:48,318 - lg_cotrain - INFO - Phase 3 epoch 15: dev_macro_f1=0.6469, dev_err=31.00%, es_counter1=0, es_counter2=0
2026-02-27 20:10:50,963 - lg_cotrain - INFO - Phase 3 epoch 16: dev_macro_f1=0.6466, dev_err=31.00%, es_counter1=1, es_counter2=1
2026-02-27 20:10:53,603 - lg_cotrain - INFO - Phase 3 epoch 17: dev_macro_f1=0.6447, dev_err=31.00%, es_counter1=2, es_counter2=2
2026-02-27 20:10:56,193 - lg_cotrain - INFO - Phase 3 epoch 18: dev_macro_f1=0.6452, dev_err=31.00%, es_counter1=3, es_counter2=3
2026-02-27 20:10:58,828 - lg_cotrain - INFO - Phase 3 epoch 19: dev_macro_f1=0.6473, dev_err=30.73%, es_counter1=0, es_counter2=0
2026-02-27 20:11:01,446 - lg_cotrain - INFO - Phase 3 epoch 20: dev_macro_f1=0.6471, dev_err=30.73%, es_counter1=1, es_counter2=1
2026-02-27 20:11:04,102 - lg_cotrain - INFO - Phase 3 epoch 21: dev_macro_f1=0.6475, dev_err=30.73%, es_counter1=0, es_counter2=0
2026-02-27 20:11:06,740 - lg_cotrain - INFO - Phase 3 epoch 22: dev_macro_f1=0.6501, dev_err=30.46%, es_counter1=0, es_counter2=0
2026-02-27 20:11:09,410 - lg_cotrain - INFO - Phase 3 epoch 23: dev_macro_f1=0.6538, dev_err=30.32%, es_counter1=0, es_counter2=0
2026-02-27 20:11:12,043 - lg_cotrain - INFO - Phase 3 epoch 24: dev_macro_f1=0.6537, dev_err=30.32%, es_counter1=1, es_counter2=1
2026-02-27 20:11:14,642 - lg_cotrain - INFO - Phase 3 epoch 25: dev_macro_f1=0.6522, dev_err=30.46%, es_counter1=2, es_counter2=2
2026-02-27 20:11:17,259 - lg_cotrain - INFO - Phase 3 epoch 26: dev_macro_f1=0.6508, dev_err=30.59%, es_counter1=3, es_counter2=3
2026-02-27 20:11:19,881 - lg_cotrain - INFO - Phase 3 epoch 27: dev_macro_f1=0.6502, dev_err=30.59%, es_counter1=4, es_counter2=4
2026-02-27 20:11:22,507 - lg_cotrain - INFO - Phase 3 epoch 28: dev_macro_f1=0.6499, dev_err=30.73%, es_counter1=5, es_counter2=5
2026-02-27 20:11:25,126 - lg_cotrain - INFO - Phase 3 epoch 29: dev_macro_f1=0.6472, dev_err=30.73%, es_counter1=6, es_counter2=6
2026-02-27 20:11:27,715 - lg_cotrain - INFO - Phase 3 epoch 30: dev_macro_f1=0.6485, dev_err=30.59%, es_counter1=7, es_counter2=7
2026-02-27 20:11:30,338 - lg_cotrain - INFO - Phase 3 epoch 31: dev_macro_f1=0.6433, dev_err=31.00%, es_counter1=8, es_counter2=8
2026-02-27 20:11:32,964 - lg_cotrain - INFO - Phase 3 epoch 32: dev_macro_f1=0.6424, dev_err=31.13%, es_counter1=9, es_counter2=9
2026-02-27 20:11:32,964 - lg_cotrain - INFO - Early stopping at epoch 32
2026-02-27 20:11:32,978 - lg_cotrain - INFO - === Final Evaluation ===
2026-02-27 20:11:40,028 - lg_cotrain - INFO - Results saved to C:\Users\anhtr\AppData\Local\Temp\tmpi8ojah1p\hurricane_maria_2017\5_set2\metrics.json
2026-02-27 20:11:40,029 - lg_cotrain - INFO - Test error rate: 30.58%, Test macro-F1: 0.6611, Test ECE: 0.1605
2026-02-27 20:11:40,037 - lg_cotrain - INFO - --- Trial 9/10 done: dev_macro_f1=0.6538 ---
2026-02-27 20:11:40,037 - lg_cotrain - INFO - --- Trial 10/10 ---
2026-02-27 20:11:40,613 - lg_cotrain - INFO - Starting LG-CoTrain: event=hurricane_maria_2017, budget=5, seed_set=2
2026-02-27 20:11:40,642 - lg_cotrain - INFO - Detected 9 classes for event hurricane_maria_2017: ['caution_and_advice', 'displaced_people_and_evacuations', 'infrastructure_and_utility_damage', 'injured_or_dead_people', 'not_humanitarian', 'other_relevant_information', 'requests_or_urgent_needs', 'rescue_volunteering_or_donation_effort', 'sympathy_and_support']
2026-02-27 20:11:40,649 - lg_cotrain - INFO - D_l1: 27, D_l2: 18, D_LG: 5049
2026-02-27 20:11:40,650 - lg_cotrain - INFO - === Phase 1: Weight Generation ===
2026-02-27 20:11:59,953 - lg_cotrain - INFO - Phase 1 epoch 1/7: mean_prob1=0.1071, mean_prob2=0.1186
2026-02-27 20:12:18,158 - lg_cotrain - INFO - Phase 1 epoch 2/7: mean_prob1=0.1111, mean_prob2=0.1162
2026-02-27 20:12:36,394 - lg_cotrain - INFO - Phase 1 epoch 3/7: mean_prob1=0.1119, mean_prob2=0.1180
2026-02-27 20:12:54,751 - lg_cotrain - INFO - Phase 1 epoch 4/7: mean_prob1=0.1120, mean_prob2=0.1244
2026-02-27 20:13:12,991 - lg_cotrain - INFO - Phase 1 epoch 5/7: mean_prob1=0.1143, mean_prob2=0.1281
2026-02-27 20:13:31,214 - lg_cotrain - INFO - Phase 1 epoch 6/7: mean_prob1=0.1195, mean_prob2=0.1355
2026-02-27 20:13:49,442 - lg_cotrain - INFO - Phase 1 epoch 7/7: mean_prob1=0.1234, mean_prob2=0.1312
2026-02-27 20:13:49,442 - lg_cotrain - INFO - === Phase 2: Co-Training ===
2026-02-27 20:13:50,473 - lg_cotrain - INFO - LR scheduler: total_steps_1=2312, warmup=683; total_steps_2=2312, warmup=683
2026-02-27 20:13:50,474 - lg_cotrain - INFO - Phase 1 done -> seeded Phase 2 trackers. lambda1: mean=0.1234, range=[0.0239, 0.3339]
2026-02-27 20:13:50,474 - lg_cotrain - INFO - Phase 1 done -> seeded Phase 2 trackers. lambda2: mean=0.1312, range=[0.0363, 0.3414]
2026-02-27 20:15:02,174 - lg_cotrain - INFO - Phase 2 epoch 1/14: loss1=0.2199, loss2=0.2158, dev_macro_f1=0.3546, dev_err=43.53%
2026-02-27 20:16:14,070 - lg_cotrain - INFO - Phase 2 epoch 2/14: loss1=0.0866, loss2=0.1784, dev_macro_f1=0.5815, dev_err=33.83%
2026-02-27 20:17:25,999 - lg_cotrain - INFO - Phase 2 epoch 3/14: loss1=0.0422, loss2=0.1889, dev_macro_f1=0.5988, dev_err=33.15%
2026-02-27 20:18:38,015 - lg_cotrain - INFO - Phase 2 epoch 4/14: loss1=0.0414, loss2=0.1876, dev_macro_f1=0.5977, dev_err=33.96%
2026-02-27 20:19:50,060 - lg_cotrain - INFO - Phase 2 epoch 5/14: loss1=0.0381, loss2=0.1365, dev_macro_f1=0.6274, dev_err=32.21%
2026-02-27 20:21:02,088 - lg_cotrain - INFO - Phase 2 epoch 6/14: loss1=0.0296, loss2=0.0992, dev_macro_f1=0.6217, dev_err=32.75%
2026-02-27 20:22:14,147 - lg_cotrain - INFO - Phase 2 epoch 7/14: loss1=0.0303, loss2=0.0510, dev_macro_f1=0.6246, dev_err=32.08%
2026-02-27 20:23:26,157 - lg_cotrain - INFO - Phase 2 epoch 8/14: loss1=0.0247, loss2=0.0337, dev_macro_f1=0.6324, dev_err=31.94%
2026-02-27 20:24:38,087 - lg_cotrain - INFO - Phase 2 epoch 9/14: loss1=0.0169, loss2=0.0372, dev_macro_f1=0.6455, dev_err=31.94%
2026-02-27 20:25:50,061 - lg_cotrain - INFO - Phase 2 epoch 10/14: loss1=0.0117, loss2=0.0222, dev_macro_f1=0.6397, dev_err=31.40%
2026-02-27 20:27:02,104 - lg_cotrain - INFO - Phase 2 epoch 11/14: loss1=0.0076, loss2=0.0096, dev_macro_f1=0.6577, dev_err=31.00%
2026-02-27 20:28:14,151 - lg_cotrain - INFO - Phase 2 epoch 12/14: loss1=0.0066, loss2=0.0052, dev_macro_f1=0.6580, dev_err=30.19%
2026-02-27 20:29:26,257 - lg_cotrain - INFO - Phase 2 epoch 13/14: loss1=0.0057, loss2=0.0051, dev_macro_f1=0.6494, dev_err=31.00%
2026-02-27 20:30:38,357 - lg_cotrain - INFO - Phase 2 epoch 14/14: loss1=0.0054, loss2=0.0041, dev_macro_f1=0.6447, dev_err=31.54%
2026-02-27 20:30:38,357 - lg_cotrain - INFO - === Phase 3: Fine-Tuning ===
2026-02-27 20:30:41,128 - lg_cotrain - INFO - Phase 3 epoch 1: dev_macro_f1=0.6477, dev_err=31.40%, es_counter1=0, es_counter2=0
2026-02-27 20:30:43,909 - lg_cotrain - INFO - Phase 3 epoch 2: dev_macro_f1=0.6525, dev_err=31.13%, es_counter1=0, es_counter2=0
2026-02-27 20:30:46,690 - lg_cotrain - INFO - Phase 3 epoch 3: dev_macro_f1=0.6637, dev_err=30.32%, es_counter1=0, es_counter2=0
2026-02-27 20:30:49,463 - lg_cotrain - INFO - Phase 3 epoch 4: dev_macro_f1=0.6654, dev_err=30.19%, es_counter1=0, es_counter2=0
2026-02-27 20:30:52,241 - lg_cotrain - INFO - Phase 3 epoch 5: dev_macro_f1=0.6667, dev_err=29.92%, es_counter1=0, es_counter2=0
2026-02-27 20:30:54,990 - lg_cotrain - INFO - Phase 3 epoch 6: dev_macro_f1=0.6657, dev_err=30.05%, es_counter1=1, es_counter2=1
2026-02-27 20:30:57,747 - lg_cotrain - INFO - Phase 3 epoch 7: dev_macro_f1=0.6660, dev_err=29.92%, es_counter1=2, es_counter2=2
2026-02-27 20:31:00,892 - lg_cotrain - INFO - Phase 3 epoch 8: dev_macro_f1=0.6652, dev_err=30.05%, es_counter1=3, es_counter2=3
2026-02-27 20:31:04,078 - lg_cotrain - INFO - Phase 3 epoch 9: dev_macro_f1=0.6655, dev_err=29.92%, es_counter1=4, es_counter2=4
2026-02-27 20:31:07,415 - lg_cotrain - INFO - Phase 3 epoch 10: dev_macro_f1=0.6658, dev_err=30.05%, es_counter1=5, es_counter2=5
2026-02-27 20:31:10,551 - lg_cotrain - INFO - Phase 3 epoch 11: dev_macro_f1=0.6674, dev_err=29.92%, es_counter1=0, es_counter2=0
2026-02-27 20:31:13,429 - lg_cotrain - INFO - Phase 3 epoch 12: dev_macro_f1=0.6739, dev_err=29.65%, es_counter1=0, es_counter2=0
2026-02-27 20:31:16,424 - lg_cotrain - INFO - Phase 3 epoch 13: dev_macro_f1=0.6809, dev_err=29.25%, es_counter1=0, es_counter2=0
2026-02-27 20:31:19,277 - lg_cotrain - INFO - Phase 3 epoch 14: dev_macro_f1=0.6804, dev_err=29.25%, es_counter1=1, es_counter2=1
2026-02-27 20:31:22,055 - lg_cotrain - INFO - Phase 3 epoch 15: dev_macro_f1=0.6828, dev_err=29.11%, es_counter1=0, es_counter2=0
2026-02-27 20:31:24,834 - lg_cotrain - INFO - Phase 3 epoch 16: dev_macro_f1=0.6827, dev_err=28.98%, es_counter1=1, es_counter2=1
2026-02-27 20:31:27,594 - lg_cotrain - INFO - Phase 3 epoch 17: dev_macro_f1=0.6822, dev_err=28.98%, es_counter1=2, es_counter2=2
2026-02-27 20:31:30,433 - lg_cotrain - INFO - Phase 3 epoch 18: dev_macro_f1=0.6869, dev_err=28.71%, es_counter1=0, es_counter2=0
2026-02-27 20:31:33,261 - lg_cotrain - INFO - Phase 3 epoch 19: dev_macro_f1=0.6867, dev_err=28.71%, es_counter1=1, es_counter2=1
2026-02-27 20:31:36,030 - lg_cotrain - INFO - Phase 3 epoch 20: dev_macro_f1=0.6867, dev_err=28.71%, es_counter1=2, es_counter2=2
2026-02-27 20:31:38,796 - lg_cotrain - INFO - Phase 3 epoch 21: dev_macro_f1=0.6867, dev_err=28.71%, es_counter1=3, es_counter2=3
2026-02-27 20:31:41,668 - lg_cotrain - INFO - Phase 3 epoch 22: dev_macro_f1=0.6890, dev_err=28.44%, es_counter1=0, es_counter2=0
2026-02-27 20:31:44,481 - lg_cotrain - INFO - Phase 3 epoch 23: dev_macro_f1=0.6877, dev_err=28.71%, es_counter1=1, es_counter2=1
2026-02-27 20:31:47,256 - lg_cotrain - INFO - Phase 3 epoch 24: dev_macro_f1=0.6872, dev_err=28.71%, es_counter1=2, es_counter2=2
2026-02-27 20:31:50,021 - lg_cotrain - INFO - Phase 3 epoch 25: dev_macro_f1=0.6840, dev_err=28.84%, es_counter1=3, es_counter2=3
2026-02-27 20:31:52,788 - lg_cotrain - INFO - Phase 3 epoch 26: dev_macro_f1=0.6840, dev_err=28.84%, es_counter1=4, es_counter2=4
2026-02-27 20:31:55,640 - lg_cotrain - INFO - Phase 3 epoch 27: dev_macro_f1=0.6813, dev_err=28.98%, es_counter1=5, es_counter2=5
2026-02-27 20:31:58,512 - lg_cotrain - INFO - Phase 3 epoch 28: dev_macro_f1=0.6813, dev_err=28.98%, es_counter1=6, es_counter2=6
2026-02-27 20:32:01,429 - lg_cotrain - INFO - Phase 3 epoch 29: dev_macro_f1=0.6794, dev_err=29.25%, es_counter1=7, es_counter2=7
2026-02-27 20:32:04,272 - lg_cotrain - INFO - Phase 3 epoch 30: dev_macro_f1=0.6794, dev_err=29.25%, es_counter1=8, es_counter2=8
2026-02-27 20:32:04,272 - lg_cotrain - INFO - Early stopping at epoch 30
2026-02-27 20:32:04,283 - lg_cotrain - INFO - === Final Evaluation ===
2026-02-27 20:32:11,864 - lg_cotrain - INFO - Results saved to C:\Users\anhtr\AppData\Local\Temp\tmp85cb9qa7\hurricane_maria_2017\5_set2\metrics.json
2026-02-27 20:32:11,864 - lg_cotrain - INFO - Test error rate: 30.03%, Test macro-F1: 0.6617, Test ECE: 0.1697
2026-02-27 20:32:11,872 - lg_cotrain - INFO - --- Trial 10/10 done: dev_macro_f1=0.6890 ---
