2026-02-28 18:09:40,410 - lg_cotrain - INFO - === Optuna study: kerala_floods_2018 budget=10 seed=1 | target=10 trials, 0 replayed, 10 new ===
2026-02-28 18:09:40,410 - lg_cotrain - INFO - --- Trial 1/10 ---
2026-02-28 18:09:40,937 - lg_cotrain - INFO - Starting LG-CoTrain: event=kerala_floods_2018, budget=10, seed_set=1
2026-02-28 18:09:41,004 - lg_cotrain - INFO - Detected 9 classes for event kerala_floods_2018: ['caution_and_advice', 'displaced_people_and_evacuations', 'infrastructure_and_utility_damage', 'injured_or_dead_people', 'not_humanitarian', 'other_relevant_information', 'requests_or_urgent_needs', 'rescue_volunteering_or_donation_effort', 'sympathy_and_support']
2026-02-28 18:09:41,013 - lg_cotrain - INFO - D_l1: 45, D_l2: 45, D_LG: 5498
2026-02-28 18:09:41,016 - lg_cotrain - INFO - === Phase 1: Weight Generation ===
2026-02-28 18:10:02,751 - lg_cotrain - INFO - Phase 1 epoch 1/7: mean_prob1=0.1200, mean_prob2=0.1568
2026-02-28 18:10:23,597 - lg_cotrain - INFO - Phase 1 epoch 2/7: mean_prob1=0.1231, mean_prob2=0.1453
2026-02-28 18:10:43,955 - lg_cotrain - INFO - Phase 1 epoch 3/7: mean_prob1=0.1229, mean_prob2=0.1320
2026-02-28 18:11:04,118 - lg_cotrain - INFO - Phase 1 epoch 4/7: mean_prob1=0.1195, mean_prob2=0.1229
2026-02-28 18:11:24,517 - lg_cotrain - INFO - Phase 1 epoch 5/7: mean_prob1=0.1203, mean_prob2=0.1305
2026-02-28 18:11:44,665 - lg_cotrain - INFO - Phase 1 epoch 6/7: mean_prob1=0.1186, mean_prob2=0.1430
2026-02-28 18:12:04,763 - lg_cotrain - INFO - Phase 1 epoch 7/7: mean_prob1=0.1212, mean_prob2=0.1483
2026-02-28 18:12:04,764 - lg_cotrain - INFO - === Phase 2: Co-Training ===
2026-02-28 18:12:05,854 - lg_cotrain - INFO - LR scheduler: total_steps_1=960, warmup=0; total_steps_2=960, warmup=0
2026-02-28 18:12:05,855 - lg_cotrain - INFO - Phase 1 done -> seeded Phase 2 trackers. lambda1: mean=0.1212, range=[0.0384, 0.2511]
2026-02-28 18:12:05,855 - lg_cotrain - INFO - Phase 1 done -> seeded Phase 2 trackers. lambda2: mean=0.1483, range=[0.0270, 0.3094]
2026-02-28 18:13:19,938 - lg_cotrain - INFO - Phase 2 epoch 1/10: loss1=0.1801, loss2=0.1650, dev_macro_f1=0.3223, dev_err=34.40%
2026-02-28 18:14:32,976 - lg_cotrain - INFO - Phase 2 epoch 2/10: loss1=0.0898, loss2=0.1688, dev_macro_f1=0.4268, dev_err=29.12%
2026-02-28 18:15:45,883 - lg_cotrain - INFO - Phase 2 epoch 3/10: loss1=0.0500, loss2=0.1372, dev_macro_f1=0.4755, dev_err=28.38%
2026-02-28 18:16:58,507 - lg_cotrain - INFO - Phase 2 epoch 4/10: loss1=0.0336, loss2=0.1100, dev_macro_f1=0.4966, dev_err=26.66%
2026-02-28 18:18:11,667 - lg_cotrain - INFO - Phase 2 epoch 5/10: loss1=0.0265, loss2=0.0859, dev_macro_f1=0.4955, dev_err=27.27%
2026-02-28 18:19:24,779 - lg_cotrain - INFO - Phase 2 epoch 6/10: loss1=0.0256, loss2=0.0652, dev_macro_f1=0.4869, dev_err=28.01%
2026-02-28 18:20:39,040 - lg_cotrain - INFO - Phase 2 epoch 7/10: loss1=0.0188, loss2=0.0531, dev_macro_f1=0.5167, dev_err=27.40%
2026-02-28 18:21:52,136 - lg_cotrain - INFO - Phase 2 epoch 8/10: loss1=0.0154, loss2=0.0455, dev_macro_f1=0.5280, dev_err=27.27%
2026-02-28 18:23:04,070 - lg_cotrain - INFO - Phase 2 epoch 9/10: loss1=0.0144, loss2=0.0407, dev_macro_f1=0.5338, dev_err=26.66%
2026-02-28 18:24:15,896 - lg_cotrain - INFO - Phase 2 epoch 10/10: loss1=0.0136, loss2=0.0345, dev_macro_f1=0.5295, dev_err=27.27%
2026-02-28 18:24:15,896 - lg_cotrain - INFO - === Phase 3: Fine-Tuning ===
2026-02-28 18:24:18,939 - lg_cotrain - INFO - Phase 3 epoch 1: dev_macro_f1=0.5303, dev_err=27.15%, es_counter1=0, es_counter2=0
2026-02-28 18:24:21,963 - lg_cotrain - INFO - Phase 3 epoch 2: dev_macro_f1=0.5298, dev_err=27.52%, es_counter1=1, es_counter2=1
2026-02-28 18:24:25,005 - lg_cotrain - INFO - Phase 3 epoch 3: dev_macro_f1=0.5438, dev_err=27.03%, es_counter1=0, es_counter2=0
2026-02-28 18:24:28,036 - lg_cotrain - INFO - Phase 3 epoch 4: dev_macro_f1=0.5406, dev_err=27.40%, es_counter1=1, es_counter2=1
2026-02-28 18:24:31,062 - lg_cotrain - INFO - Phase 3 epoch 5: dev_macro_f1=0.5272, dev_err=28.50%, es_counter1=2, es_counter2=2
2026-02-28 18:24:34,114 - lg_cotrain - INFO - Phase 3 epoch 6: dev_macro_f1=0.5532, dev_err=29.61%, es_counter1=0, es_counter2=0
2026-02-28 18:24:37,154 - lg_cotrain - INFO - Phase 3 epoch 7: dev_macro_f1=0.5477, dev_err=30.71%, es_counter1=1, es_counter2=1
2026-02-28 18:24:40,195 - lg_cotrain - INFO - Phase 3 epoch 8: dev_macro_f1=0.5449, dev_err=31.20%, es_counter1=2, es_counter2=2
2026-02-28 18:24:43,238 - lg_cotrain - INFO - Phase 3 epoch 9: dev_macro_f1=0.5435, dev_err=31.70%, es_counter1=3, es_counter2=3
2026-02-28 18:24:46,281 - lg_cotrain - INFO - Phase 3 epoch 10: dev_macro_f1=0.5397, dev_err=32.80%, es_counter1=4, es_counter2=4
2026-02-28 18:24:49,290 - lg_cotrain - INFO - Phase 3 epoch 11: dev_macro_f1=0.5292, dev_err=33.66%, es_counter1=5, es_counter2=5
2026-02-28 18:24:52,332 - lg_cotrain - INFO - Phase 3 epoch 12: dev_macro_f1=0.5327, dev_err=33.78%, es_counter1=6, es_counter2=6
2026-02-28 18:24:55,371 - lg_cotrain - INFO - Phase 3 epoch 13: dev_macro_f1=0.5330, dev_err=34.03%, es_counter1=7, es_counter2=7
2026-02-28 18:24:58,412 - lg_cotrain - INFO - Phase 3 epoch 14: dev_macro_f1=0.5340, dev_err=33.91%, es_counter1=8, es_counter2=8
2026-02-28 18:24:58,412 - lg_cotrain - INFO - Early stopping at epoch 14
2026-02-28 18:24:58,422 - lg_cotrain - INFO - === Final Evaluation ===
2026-02-28 18:25:06,162 - lg_cotrain - INFO - Results saved to C:\Users\anhtr\AppData\Local\Temp\tmpta4qjs6k\kerala_floods_2018\10_set1\metrics.json
2026-02-28 18:25:06,162 - lg_cotrain - INFO - Test error rate: 31.10%, Test macro-F1: 0.5121, Test ECE: 0.1848
2026-02-28 18:25:06,174 - lg_cotrain - INFO - --- Trial 1/10 done: dev_macro_f1=0.5532 ---
2026-02-28 18:25:06,175 - lg_cotrain - INFO - --- Trial 2/10 ---
2026-02-28 18:25:06,672 - lg_cotrain - INFO - Starting LG-CoTrain: event=kerala_floods_2018, budget=10, seed_set=1
2026-02-28 18:25:06,712 - lg_cotrain - INFO - Detected 9 classes for event kerala_floods_2018: ['caution_and_advice', 'displaced_people_and_evacuations', 'infrastructure_and_utility_damage', 'injured_or_dead_people', 'not_humanitarian', 'other_relevant_information', 'requests_or_urgent_needs', 'rescue_volunteering_or_donation_effort', 'sympathy_and_support']
2026-02-28 18:25:06,719 - lg_cotrain - INFO - D_l1: 45, D_l2: 45, D_LG: 5498
2026-02-28 18:25:06,720 - lg_cotrain - INFO - === Phase 1: Weight Generation ===
2026-02-28 18:25:26,843 - lg_cotrain - INFO - Phase 1 epoch 1/7: mean_prob1=0.1170, mean_prob2=0.1087
2026-02-28 18:25:45,943 - lg_cotrain - INFO - Phase 1 epoch 2/7: mean_prob1=0.1080, mean_prob2=0.1382
2026-02-28 18:26:05,065 - lg_cotrain - INFO - Phase 1 epoch 3/7: mean_prob1=0.1164, mean_prob2=0.1446
2026-02-28 18:26:24,260 - lg_cotrain - INFO - Phase 1 epoch 4/7: mean_prob1=0.1172, mean_prob2=0.1407
2026-02-28 18:26:43,388 - lg_cotrain - INFO - Phase 1 epoch 5/7: mean_prob1=0.1180, mean_prob2=0.1264
2026-02-28 18:27:02,555 - lg_cotrain - INFO - Phase 1 epoch 6/7: mean_prob1=0.1231, mean_prob2=0.1302
2026-02-28 18:27:21,754 - lg_cotrain - INFO - Phase 1 epoch 7/7: mean_prob1=0.1221, mean_prob2=0.1413
2026-02-28 18:27:21,754 - lg_cotrain - INFO - === Phase 2: Co-Training ===
2026-02-28 18:27:22,691 - lg_cotrain - INFO - LR scheduler: total_steps_1=1734, warmup=147; total_steps_2=1734, warmup=147
2026-02-28 18:27:22,692 - lg_cotrain - INFO - Phase 1 done -> seeded Phase 2 trackers. lambda1: mean=0.1221, range=[0.0365, 0.2808]
2026-02-28 18:27:22,692 - lg_cotrain - INFO - Phase 1 done -> seeded Phase 2 trackers. lambda2: mean=0.1413, range=[0.0229, 0.3949]
2026-02-28 18:28:34,419 - lg_cotrain - INFO - Phase 2 epoch 1/19: loss1=0.2062, loss2=0.1851, dev_macro_f1=0.3462, dev_err=33.66%
2026-02-28 18:29:46,191 - lg_cotrain - INFO - Phase 2 epoch 2/19: loss1=0.0746, loss2=0.2000, dev_macro_f1=0.4719, dev_err=29.73%
2026-02-28 18:30:57,862 - lg_cotrain - INFO - Phase 2 epoch 3/19: loss1=0.0365, loss2=0.1961, dev_macro_f1=0.5092, dev_err=27.27%
2026-02-28 18:32:09,564 - lg_cotrain - INFO - Phase 2 epoch 4/19: loss1=0.0213, loss2=0.1212, dev_macro_f1=0.5582, dev_err=26.41%
2026-02-28 18:33:21,158 - lg_cotrain - INFO - Phase 2 epoch 5/19: loss1=0.0225, loss2=0.0781, dev_macro_f1=0.5513, dev_err=26.90%
2026-02-28 18:34:32,710 - lg_cotrain - INFO - Phase 2 epoch 6/19: loss1=0.0163, loss2=0.0538, dev_macro_f1=0.5493, dev_err=27.89%
2026-02-28 18:35:44,341 - lg_cotrain - INFO - Phase 2 epoch 7/19: loss1=0.0220, loss2=0.0413, dev_macro_f1=0.5928, dev_err=28.13%
2026-02-28 18:36:55,872 - lg_cotrain - INFO - Phase 2 epoch 8/19: loss1=0.0146, loss2=0.0309, dev_macro_f1=0.5968, dev_err=27.40%
2026-02-28 18:38:07,393 - lg_cotrain - INFO - Phase 2 epoch 9/19: loss1=0.0085, loss2=0.0155, dev_macro_f1=0.6070, dev_err=27.15%
2026-02-28 18:39:18,873 - lg_cotrain - INFO - Phase 2 epoch 10/19: loss1=0.0078, loss2=0.0181, dev_macro_f1=0.5748, dev_err=27.76%
2026-02-28 18:40:30,842 - lg_cotrain - INFO - Phase 2 epoch 11/19: loss1=0.0051, loss2=0.0070, dev_macro_f1=0.5653, dev_err=27.64%
2026-02-28 18:41:42,786 - lg_cotrain - INFO - Phase 2 epoch 12/19: loss1=0.0044, loss2=0.0062, dev_macro_f1=0.5884, dev_err=27.89%
2026-02-28 18:42:54,327 - lg_cotrain - INFO - Phase 2 epoch 13/19: loss1=0.0033, loss2=0.0041, dev_macro_f1=0.6065, dev_err=26.41%
2026-02-28 18:44:05,978 - lg_cotrain - INFO - Phase 2 epoch 14/19: loss1=0.0027, loss2=0.0031, dev_macro_f1=0.5746, dev_err=28.13%
2026-02-28 18:45:17,537 - lg_cotrain - INFO - Phase 2 epoch 15/19: loss1=0.0025, loss2=0.0082, dev_macro_f1=0.5959, dev_err=27.15%
2026-02-28 18:46:29,333 - lg_cotrain - INFO - Phase 2 epoch 16/19: loss1=0.0020, loss2=0.0034, dev_macro_f1=0.5928, dev_err=26.90%
2026-02-28 18:47:40,995 - lg_cotrain - INFO - Phase 2 epoch 17/19: loss1=0.0022, loss2=0.0035, dev_macro_f1=0.5788, dev_err=28.01%
2026-02-28 18:48:52,656 - lg_cotrain - INFO - Phase 2 epoch 18/19: loss1=0.0025, loss2=0.0024, dev_macro_f1=0.5887, dev_err=27.15%
2026-02-28 18:50:04,345 - lg_cotrain - INFO - Phase 2 epoch 19/19: loss1=0.0026, loss2=0.0026, dev_macro_f1=0.5829, dev_err=27.52%
2026-02-28 18:50:04,346 - lg_cotrain - INFO - === Phase 3: Fine-Tuning ===
2026-02-28 18:50:07,390 - lg_cotrain - INFO - Phase 3 epoch 1: dev_macro_f1=0.5827, dev_err=28.13%, es_counter1=0, es_counter2=0
2026-02-28 18:50:10,420 - lg_cotrain - INFO - Phase 3 epoch 2: dev_macro_f1=0.5886, dev_err=28.26%, es_counter1=0, es_counter2=0
2026-02-28 18:50:13,466 - lg_cotrain - INFO - Phase 3 epoch 3: dev_macro_f1=0.5954, dev_err=28.38%, es_counter1=0, es_counter2=0
2026-02-28 18:50:16,485 - lg_cotrain - INFO - Phase 3 epoch 4: dev_macro_f1=0.5918, dev_err=28.62%, es_counter1=1, es_counter2=1
2026-02-28 18:50:19,508 - lg_cotrain - INFO - Phase 3 epoch 5: dev_macro_f1=0.5881, dev_err=28.87%, es_counter1=2, es_counter2=2
2026-02-28 18:50:22,543 - lg_cotrain - INFO - Phase 3 epoch 6: dev_macro_f1=0.5781, dev_err=29.24%, es_counter1=3, es_counter2=3
2026-02-28 18:50:25,579 - lg_cotrain - INFO - Phase 3 epoch 7: dev_macro_f1=0.5684, dev_err=30.10%, es_counter1=4, es_counter2=4
2026-02-28 18:50:25,580 - lg_cotrain - INFO - Early stopping at epoch 7
2026-02-28 18:50:25,589 - lg_cotrain - INFO - === Final Evaluation ===
2026-02-28 18:50:33,268 - lg_cotrain - INFO - Results saved to C:\Users\anhtr\AppData\Local\Temp\tmp9oqss1z5\kerala_floods_2018\10_set1\metrics.json
2026-02-28 18:50:33,269 - lg_cotrain - INFO - Test error rate: 30.53%, Test macro-F1: 0.5484, Test ECE: 0.2245
2026-02-28 18:50:33,281 - lg_cotrain - INFO - --- Trial 2/10 done: dev_macro_f1=0.5954 ---
2026-02-28 18:50:33,281 - lg_cotrain - INFO - --- Trial 3/10 ---
2026-02-28 18:50:33,817 - lg_cotrain - INFO - Starting LG-CoTrain: event=kerala_floods_2018, budget=10, seed_set=1
2026-02-28 18:50:33,856 - lg_cotrain - INFO - Detected 9 classes for event kerala_floods_2018: ['caution_and_advice', 'displaced_people_and_evacuations', 'infrastructure_and_utility_damage', 'injured_or_dead_people', 'not_humanitarian', 'other_relevant_information', 'requests_or_urgent_needs', 'rescue_volunteering_or_donation_effort', 'sympathy_and_support']
2026-02-28 18:50:33,864 - lg_cotrain - INFO - D_l1: 45, D_l2: 45, D_LG: 5498
2026-02-28 18:50:33,865 - lg_cotrain - INFO - === Phase 1: Weight Generation ===
2026-02-28 18:50:55,314 - lg_cotrain - INFO - Phase 1 epoch 1/7: mean_prob1=0.1097, mean_prob2=0.1041
2026-02-28 18:51:15,462 - lg_cotrain - INFO - Phase 1 epoch 2/7: mean_prob1=0.1009, mean_prob2=0.1023
2026-02-28 18:51:35,662 - lg_cotrain - INFO - Phase 1 epoch 3/7: mean_prob1=0.0905, mean_prob2=0.1050
2026-02-28 18:51:55,791 - lg_cotrain - INFO - Phase 1 epoch 4/7: mean_prob1=0.0845, mean_prob2=0.1132
2026-02-28 18:52:16,110 - lg_cotrain - INFO - Phase 1 epoch 5/7: mean_prob1=0.1067, mean_prob2=0.0965
2026-02-28 18:52:36,450 - lg_cotrain - INFO - Phase 1 epoch 6/7: mean_prob1=0.1195, mean_prob2=0.0917
2026-02-28 18:52:56,593 - lg_cotrain - INFO - Phase 1 epoch 7/7: mean_prob1=0.1093, mean_prob2=0.1188
2026-02-28 18:52:56,594 - lg_cotrain - INFO - === Phase 2: Co-Training ===
2026-02-28 18:52:57,568 - lg_cotrain - INFO - LR scheduler: total_steps_1=3640, warmup=403; total_steps_2=3640, warmup=403
2026-02-28 18:52:57,569 - lg_cotrain - INFO - Phase 1 done -> seeded Phase 2 trackers. lambda1: mean=0.1093, range=[0.0635, 0.1366]
2026-02-28 18:52:57,569 - lg_cotrain - INFO - Phase 1 done -> seeded Phase 2 trackers. lambda2: mean=0.1188, range=[0.0636, 0.1601]
2026-02-28 18:54:16,172 - lg_cotrain - INFO - Phase 2 epoch 1/20: loss1=0.1337, loss2=0.1329, dev_macro_f1=0.4605, dev_err=29.12%
2026-02-28 18:55:34,803 - lg_cotrain - INFO - Phase 2 epoch 2/20: loss1=0.0616, loss2=0.3389, dev_macro_f1=0.4267, dev_err=32.43%
2026-02-28 18:56:53,293 - lg_cotrain - INFO - Phase 2 epoch 3/20: loss1=0.1663, loss2=0.7585, dev_macro_f1=0.0777, dev_err=46.19%
2026-02-28 18:58:11,431 - lg_cotrain - INFO - Phase 2 epoch 4/20: loss1=0.1314, loss2=0.9623, dev_macro_f1=0.0777, dev_err=46.19%
2026-02-28 18:59:29,589 - lg_cotrain - INFO - Phase 2 epoch 5/20: loss1=0.0624, loss2=0.8937, dev_macro_f1=0.0777, dev_err=46.19%
2026-02-28 19:00:47,733 - lg_cotrain - INFO - Phase 2 epoch 6/20: loss1=0.0280, loss2=0.8359, dev_macro_f1=0.0777, dev_err=46.19%
2026-02-28 19:02:06,123 - lg_cotrain - INFO - Phase 2 epoch 7/20: loss1=0.0215, loss2=0.7850, dev_macro_f1=0.0777, dev_err=46.19%
2026-02-28 19:03:24,093 - lg_cotrain - INFO - Phase 2 epoch 8/20: loss1=0.0193, loss2=0.7435, dev_macro_f1=0.0777, dev_err=46.19%
2026-02-28 19:04:41,899 - lg_cotrain - INFO - Phase 2 epoch 9/20: loss1=0.0178, loss2=0.7080, dev_macro_f1=0.0777, dev_err=46.19%
2026-02-28 19:05:59,571 - lg_cotrain - INFO - Phase 2 epoch 10/20: loss1=0.0160, loss2=0.6760, dev_macro_f1=0.0777, dev_err=46.19%
2026-02-28 19:07:17,449 - lg_cotrain - INFO - Phase 2 epoch 11/20: loss1=0.0148, loss2=0.6479, dev_macro_f1=0.0777, dev_err=46.19%
2026-02-28 19:08:35,150 - lg_cotrain - INFO - Phase 2 epoch 12/20: loss1=0.0136, loss2=0.6232, dev_macro_f1=0.0777, dev_err=46.19%
2026-02-28 19:09:55,115 - lg_cotrain - INFO - Phase 2 epoch 13/20: loss1=0.0128, loss2=0.5993, dev_macro_f1=0.0777, dev_err=46.19%
2026-02-28 19:11:13,603 - lg_cotrain - INFO - Phase 2 epoch 14/20: loss1=0.0120, loss2=0.5792, dev_macro_f1=0.0777, dev_err=46.19%
2026-02-28 19:12:33,520 - lg_cotrain - INFO - Phase 2 epoch 15/20: loss1=0.0113, loss2=0.5617, dev_macro_f1=0.0777, dev_err=46.19%
2026-02-28 19:13:55,248 - lg_cotrain - INFO - Phase 2 epoch 16/20: loss1=0.0110, loss2=0.5454, dev_macro_f1=0.0777, dev_err=46.19%
2026-02-28 19:15:15,473 - lg_cotrain - INFO - Phase 2 epoch 17/20: loss1=0.0104, loss2=0.5300, dev_macro_f1=0.0777, dev_err=46.19%
2026-02-28 19:16:34,304 - lg_cotrain - INFO - Phase 2 epoch 18/20: loss1=0.0101, loss2=0.5158, dev_macro_f1=0.0777, dev_err=46.19%
2026-02-28 19:17:52,533 - lg_cotrain - INFO - Phase 2 epoch 19/20: loss1=0.0097, loss2=0.5028, dev_macro_f1=0.0777, dev_err=46.19%
2026-02-28 19:19:10,726 - lg_cotrain - INFO - Phase 2 epoch 20/20: loss1=0.0093, loss2=0.4905, dev_macro_f1=0.0777, dev_err=46.19%
2026-02-28 19:19:10,726 - lg_cotrain - INFO - === Phase 3: Fine-Tuning ===
2026-02-28 19:19:13,952 - lg_cotrain - INFO - Phase 3 epoch 1: dev_macro_f1=0.0777, dev_err=46.19%, es_counter1=0, es_counter2=0
2026-02-28 19:19:17,183 - lg_cotrain - INFO - Phase 3 epoch 2: dev_macro_f1=0.0777, dev_err=46.19%, es_counter1=1, es_counter2=1
2026-02-28 19:19:20,413 - lg_cotrain - INFO - Phase 3 epoch 3: dev_macro_f1=0.0777, dev_err=46.19%, es_counter1=2, es_counter2=2
2026-02-28 19:19:23,824 - lg_cotrain - INFO - Phase 3 epoch 4: dev_macro_f1=0.0777, dev_err=46.19%, es_counter1=3, es_counter2=3
2026-02-28 19:19:27,179 - lg_cotrain - INFO - Phase 3 epoch 5: dev_macro_f1=0.0777, dev_err=46.19%, es_counter1=4, es_counter2=4
2026-02-28 19:19:27,179 - lg_cotrain - INFO - Early stopping at epoch 5
2026-02-28 19:19:27,189 - lg_cotrain - INFO - === Final Evaluation ===
2026-02-28 19:19:35,332 - lg_cotrain - INFO - Results saved to C:\Users\anhtr\AppData\Local\Temp\tmpvv_ekl2c\kerala_floods_2018\10_set1\metrics.json
2026-02-28 19:19:35,332 - lg_cotrain - INFO - Test error rate: 46.21%, Test macro-F1: 0.0777, Test ECE: 0.3892
2026-02-28 19:19:35,342 - lg_cotrain - INFO - --- Trial 3/10 done: dev_macro_f1=0.0777 ---
2026-02-28 19:19:35,342 - lg_cotrain - INFO - --- Trial 4/10 ---
2026-02-28 19:19:35,832 - lg_cotrain - INFO - Starting LG-CoTrain: event=kerala_floods_2018, budget=10, seed_set=1
2026-02-28 19:19:35,867 - lg_cotrain - INFO - Detected 9 classes for event kerala_floods_2018: ['caution_and_advice', 'displaced_people_and_evacuations', 'infrastructure_and_utility_damage', 'injured_or_dead_people', 'not_humanitarian', 'other_relevant_information', 'requests_or_urgent_needs', 'rescue_volunteering_or_donation_effort', 'sympathy_and_support']
2026-02-28 19:19:35,875 - lg_cotrain - INFO - D_l1: 45, D_l2: 45, D_LG: 5498
2026-02-28 19:19:35,877 - lg_cotrain - INFO - === Phase 1: Weight Generation ===
2026-02-28 19:19:56,906 - lg_cotrain - INFO - Phase 1 epoch 1/7: mean_prob1=0.1090, mean_prob2=0.1103
2026-02-28 19:20:17,257 - lg_cotrain - INFO - Phase 1 epoch 2/7: mean_prob1=0.1080, mean_prob2=0.1206
2026-02-28 19:20:37,878 - lg_cotrain - INFO - Phase 1 epoch 3/7: mean_prob1=0.1123, mean_prob2=0.1233
2026-02-28 19:20:58,191 - lg_cotrain - INFO - Phase 1 epoch 4/7: mean_prob1=0.1127, mean_prob2=0.1317
2026-02-28 19:21:18,561 - lg_cotrain - INFO - Phase 1 epoch 5/7: mean_prob1=0.1156, mean_prob2=0.1068
2026-02-28 19:21:39,193 - lg_cotrain - INFO - Phase 1 epoch 6/7: mean_prob1=0.1303, mean_prob2=0.1295
2026-02-28 19:21:59,466 - lg_cotrain - INFO - Phase 1 epoch 7/7: mean_prob1=0.1312, mean_prob2=0.1317
2026-02-28 19:21:59,466 - lg_cotrain - INFO - === Phase 2: Co-Training ===
2026-02-28 19:22:00,440 - lg_cotrain - INFO - LR scheduler: total_steps_1=3468, warmup=848; total_steps_2=3468, warmup=848
2026-02-28 19:22:00,441 - lg_cotrain - INFO - Phase 1 done -> seeded Phase 2 trackers. lambda1: mean=0.1312, range=[0.0423, 0.3929]
2026-02-28 19:22:00,441 - lg_cotrain - INFO - Phase 1 done -> seeded Phase 2 trackers. lambda2: mean=0.1317, range=[0.0134, 0.3718]
2026-02-28 19:23:19,186 - lg_cotrain - INFO - Phase 2 epoch 1/19: loss1=0.1900, loss2=0.1832, dev_macro_f1=0.3783, dev_err=32.06%
2026-02-28 19:24:39,032 - lg_cotrain - INFO - Phase 2 epoch 2/19: loss1=0.0606, loss2=0.1818, dev_macro_f1=0.4711, dev_err=28.26%
2026-02-28 19:25:57,917 - lg_cotrain - INFO - Phase 2 epoch 3/19: loss1=0.0409, loss2=0.1960, dev_macro_f1=0.5206, dev_err=27.27%
2026-02-28 19:27:18,049 - lg_cotrain - INFO - Phase 2 epoch 4/19: loss1=0.0447, loss2=0.1784, dev_macro_f1=0.5325, dev_err=27.76%
2026-02-28 19:28:38,518 - lg_cotrain - INFO - Phase 2 epoch 5/19: loss1=0.0583, loss2=0.1655, dev_macro_f1=0.5109, dev_err=29.73%
2026-02-28 19:29:57,733 - lg_cotrain - INFO - Phase 2 epoch 6/19: loss1=0.0517, loss2=0.1645, dev_macro_f1=0.5167, dev_err=28.75%
2026-02-28 19:31:16,917 - lg_cotrain - INFO - Phase 2 epoch 7/19: loss1=0.0629, loss2=0.1350, dev_macro_f1=0.4907, dev_err=30.71%
2026-02-28 19:32:37,105 - lg_cotrain - INFO - Phase 2 epoch 8/19: loss1=0.0339, loss2=0.0745, dev_macro_f1=0.5329, dev_err=28.75%
2026-02-28 19:33:55,793 - lg_cotrain - INFO - Phase 2 epoch 9/19: loss1=0.0232, loss2=0.0410, dev_macro_f1=0.5516, dev_err=28.87%
2026-02-28 19:35:18,386 - lg_cotrain - INFO - Phase 2 epoch 10/19: loss1=0.0321, loss2=0.0263, dev_macro_f1=0.5423, dev_err=28.62%
2026-02-28 19:36:37,186 - lg_cotrain - INFO - Phase 2 epoch 11/19: loss1=0.0186, loss2=0.0155, dev_macro_f1=0.5490, dev_err=28.87%
2026-02-28 19:37:56,243 - lg_cotrain - INFO - Phase 2 epoch 12/19: loss1=0.0199, loss2=0.0179, dev_macro_f1=0.5670, dev_err=29.24%
2026-02-28 19:39:15,138 - lg_cotrain - INFO - Phase 2 epoch 13/19: loss1=0.0101, loss2=0.0298, dev_macro_f1=0.5703, dev_err=27.40%
2026-02-28 19:40:33,866 - lg_cotrain - INFO - Phase 2 epoch 14/19: loss1=0.0084, loss2=0.0173, dev_macro_f1=0.5662, dev_err=27.64%
2026-02-28 19:41:52,665 - lg_cotrain - INFO - Phase 2 epoch 15/19: loss1=0.0089, loss2=0.0103, dev_macro_f1=0.5759, dev_err=27.27%
2026-02-28 19:43:12,604 - lg_cotrain - INFO - Phase 2 epoch 16/19: loss1=0.0065, loss2=0.0060, dev_macro_f1=0.5814, dev_err=27.52%
2026-02-28 19:44:33,642 - lg_cotrain - INFO - Phase 2 epoch 17/19: loss1=0.0051, loss2=0.0038, dev_macro_f1=0.5429, dev_err=28.87%
2026-02-28 19:45:54,094 - lg_cotrain - INFO - Phase 2 epoch 18/19: loss1=0.0053, loss2=0.0043, dev_macro_f1=0.5676, dev_err=27.76%
2026-02-28 19:47:15,450 - lg_cotrain - INFO - Phase 2 epoch 19/19: loss1=0.0042, loss2=0.0019, dev_macro_f1=0.5714, dev_err=27.89%
2026-02-28 19:47:15,451 - lg_cotrain - INFO - === Phase 3: Fine-Tuning ===
2026-02-28 19:47:18,728 - lg_cotrain - INFO - Phase 3 epoch 1: dev_macro_f1=0.5810, dev_err=27.40%, es_counter1=0, es_counter2=0
2026-02-28 19:47:22,016 - lg_cotrain - INFO - Phase 3 epoch 2: dev_macro_f1=0.5883, dev_err=28.13%, es_counter1=0, es_counter2=0
2026-02-28 19:47:25,477 - lg_cotrain - INFO - Phase 3 epoch 3: dev_macro_f1=0.5952, dev_err=28.50%, es_counter1=0, es_counter2=0
2026-02-28 19:47:29,117 - lg_cotrain - INFO - Phase 3 epoch 4: dev_macro_f1=0.5852, dev_err=29.36%, es_counter1=1, es_counter2=1
2026-02-28 19:47:32,762 - lg_cotrain - INFO - Phase 3 epoch 5: dev_macro_f1=0.5793, dev_err=30.59%, es_counter1=2, es_counter2=2
2026-02-28 19:47:36,400 - lg_cotrain - INFO - Phase 3 epoch 6: dev_macro_f1=0.5692, dev_err=32.06%, es_counter1=3, es_counter2=3
2026-02-28 19:47:39,857 - lg_cotrain - INFO - Phase 3 epoch 7: dev_macro_f1=0.5625, dev_err=32.92%, es_counter1=4, es_counter2=4
2026-02-28 19:47:43,319 - lg_cotrain - INFO - Phase 3 epoch 8: dev_macro_f1=0.5575, dev_err=33.66%, es_counter1=5, es_counter2=5
2026-02-28 19:47:46,766 - lg_cotrain - INFO - Phase 3 epoch 9: dev_macro_f1=0.5542, dev_err=34.15%, es_counter1=6, es_counter2=6
2026-02-28 19:47:50,209 - lg_cotrain - INFO - Phase 3 epoch 10: dev_macro_f1=0.5511, dev_err=34.64%, es_counter1=7, es_counter2=7
2026-02-28 19:47:53,706 - lg_cotrain - INFO - Phase 3 epoch 11: dev_macro_f1=0.5541, dev_err=34.64%, es_counter1=8, es_counter2=8
2026-02-28 19:47:57,136 - lg_cotrain - INFO - Phase 3 epoch 12: dev_macro_f1=0.5538, dev_err=34.77%, es_counter1=9, es_counter2=9
2026-02-28 19:47:57,136 - lg_cotrain - INFO - Early stopping at epoch 12
2026-02-28 19:47:57,147 - lg_cotrain - INFO - === Final Evaluation ===
2026-02-28 19:48:05,797 - lg_cotrain - INFO - Results saved to C:\Users\anhtr\AppData\Local\Temp\tmp47xd_53l\kerala_floods_2018\10_set1\metrics.json
2026-02-28 19:48:05,798 - lg_cotrain - INFO - Test error rate: 30.66%, Test macro-F1: 0.5503, Test ECE: 0.1852
2026-02-28 19:48:05,810 - lg_cotrain - INFO - --- Trial 4/10 done: dev_macro_f1=0.5952 ---
2026-02-28 19:48:05,810 - lg_cotrain - INFO - --- Trial 5/10 ---
2026-02-28 19:48:06,324 - lg_cotrain - INFO - Starting LG-CoTrain: event=kerala_floods_2018, budget=10, seed_set=1
2026-02-28 19:48:06,362 - lg_cotrain - INFO - Detected 9 classes for event kerala_floods_2018: ['caution_and_advice', 'displaced_people_and_evacuations', 'infrastructure_and_utility_damage', 'injured_or_dead_people', 'not_humanitarian', 'other_relevant_information', 'requests_or_urgent_needs', 'rescue_volunteering_or_donation_effort', 'sympathy_and_support']
2026-02-28 19:48:06,370 - lg_cotrain - INFO - D_l1: 45, D_l2: 45, D_LG: 5498
2026-02-28 19:48:06,371 - lg_cotrain - INFO - === Phase 1: Weight Generation ===
2026-02-28 19:48:27,169 - lg_cotrain - INFO - Phase 1 epoch 1/7: mean_prob1=0.1045, mean_prob2=0.0891
2026-02-28 19:48:46,628 - lg_cotrain - INFO - Phase 1 epoch 2/7: mean_prob1=0.1073, mean_prob2=0.0999
2026-02-28 19:49:05,846 - lg_cotrain - INFO - Phase 1 epoch 3/7: mean_prob1=0.1273, mean_prob2=0.1124
2026-02-28 19:49:25,351 - lg_cotrain - INFO - Phase 1 epoch 4/7: mean_prob1=0.1291, mean_prob2=0.1168
2026-02-28 19:49:44,700 - lg_cotrain - INFO - Phase 1 epoch 5/7: mean_prob1=0.1524, mean_prob2=0.1147
2026-02-28 19:50:04,101 - lg_cotrain - INFO - Phase 1 epoch 6/7: mean_prob1=0.1640, mean_prob2=0.1084
2026-02-28 19:50:23,331 - lg_cotrain - INFO - Phase 1 epoch 7/7: mean_prob1=0.1494, mean_prob2=0.1271
2026-02-28 19:50:23,331 - lg_cotrain - INFO - === Phase 2: Co-Training ===
2026-02-28 19:50:24,284 - lg_cotrain - INFO - LR scheduler: total_steps_1=874, warmup=52; total_steps_2=874, warmup=52
2026-02-28 19:50:24,286 - lg_cotrain - INFO - Phase 1 done -> seeded Phase 2 trackers. lambda1: mean=0.1494, range=[0.0277, 0.5158]
2026-02-28 19:50:24,286 - lg_cotrain - INFO - Phase 1 done -> seeded Phase 2 trackers. lambda2: mean=0.1271, range=[0.0274, 0.3135]
2026-02-28 19:51:35,839 - lg_cotrain - INFO - Phase 2 epoch 1/9: loss1=0.1463, loss2=0.1627, dev_macro_f1=0.4444, dev_err=31.20%
2026-02-28 19:52:47,526 - lg_cotrain - INFO - Phase 2 epoch 2/9: loss1=0.0496, loss2=0.2718, dev_macro_f1=0.5328, dev_err=30.22%
2026-02-28 19:53:59,173 - lg_cotrain - INFO - Phase 2 epoch 3/9: loss1=0.0327, loss2=0.2231, dev_macro_f1=0.5319, dev_err=29.85%
2026-02-28 19:55:10,675 - lg_cotrain - INFO - Phase 2 epoch 4/9: loss1=0.0266, loss2=0.1329, dev_macro_f1=0.5472, dev_err=28.38%
2026-02-28 19:56:22,214 - lg_cotrain - INFO - Phase 2 epoch 5/9: loss1=0.0173, loss2=0.0813, dev_macro_f1=0.5434, dev_err=28.38%
2026-02-28 19:57:33,736 - lg_cotrain - INFO - Phase 2 epoch 6/9: loss1=0.0216, loss2=0.0431, dev_macro_f1=0.5403, dev_err=29.73%
2026-02-28 19:58:45,267 - lg_cotrain - INFO - Phase 2 epoch 7/9: loss1=0.0147, loss2=0.0158, dev_macro_f1=0.5296, dev_err=29.85%
2026-02-28 19:59:56,765 - lg_cotrain - INFO - Phase 2 epoch 8/9: loss1=0.0064, loss2=0.0087, dev_macro_f1=0.5465, dev_err=29.12%
2026-02-28 20:01:08,463 - lg_cotrain - INFO - Phase 2 epoch 9/9: loss1=0.0048, loss2=0.0072, dev_macro_f1=0.5572, dev_err=28.62%
2026-02-28 20:01:08,463 - lg_cotrain - INFO - === Phase 3: Fine-Tuning ===
2026-02-28 20:01:11,525 - lg_cotrain - INFO - Phase 3 epoch 1: dev_macro_f1=0.5681, dev_err=29.36%, es_counter1=0, es_counter2=0
2026-02-28 20:01:14,582 - lg_cotrain - INFO - Phase 3 epoch 2: dev_macro_f1=0.5756, dev_err=29.36%, es_counter1=0, es_counter2=0
2026-02-28 20:01:17,615 - lg_cotrain - INFO - Phase 3 epoch 3: dev_macro_f1=0.5552, dev_err=30.96%, es_counter1=1, es_counter2=1
2026-02-28 20:01:20,646 - lg_cotrain - INFO - Phase 3 epoch 4: dev_macro_f1=0.5454, dev_err=32.56%, es_counter1=2, es_counter2=2
2026-02-28 20:01:23,685 - lg_cotrain - INFO - Phase 3 epoch 5: dev_macro_f1=0.5449, dev_err=32.92%, es_counter1=3, es_counter2=3
2026-02-28 20:01:26,701 - lg_cotrain - INFO - Phase 3 epoch 6: dev_macro_f1=0.5244, dev_err=34.64%, es_counter1=4, es_counter2=4
2026-02-28 20:01:29,743 - lg_cotrain - INFO - Phase 3 epoch 7: dev_macro_f1=0.5278, dev_err=35.26%, es_counter1=5, es_counter2=5
2026-02-28 20:01:32,771 - lg_cotrain - INFO - Phase 3 epoch 8: dev_macro_f1=0.5258, dev_err=35.50%, es_counter1=6, es_counter2=6
2026-02-28 20:01:32,771 - lg_cotrain - INFO - Early stopping at epoch 8
2026-02-28 20:01:32,783 - lg_cotrain - INFO - === Final Evaluation ===
2026-02-28 20:01:40,490 - lg_cotrain - INFO - Results saved to C:\Users\anhtr\AppData\Local\Temp\tmpd8vudvlh\kerala_floods_2018\10_set1\metrics.json
2026-02-28 20:01:40,490 - lg_cotrain - INFO - Test error rate: 29.84%, Test macro-F1: 0.5630, Test ECE: 0.1999
2026-02-28 20:01:40,499 - lg_cotrain - INFO - --- Trial 5/10 done: dev_macro_f1=0.5756 ---
2026-02-28 20:01:40,499 - lg_cotrain - INFO - --- Trial 6/10 ---
2026-02-28 20:01:41,003 - lg_cotrain - INFO - Starting LG-CoTrain: event=kerala_floods_2018, budget=10, seed_set=1
2026-02-28 20:01:41,045 - lg_cotrain - INFO - Detected 9 classes for event kerala_floods_2018: ['caution_and_advice', 'displaced_people_and_evacuations', 'infrastructure_and_utility_damage', 'injured_or_dead_people', 'not_humanitarian', 'other_relevant_information', 'requests_or_urgent_needs', 'rescue_volunteering_or_donation_effort', 'sympathy_and_support']
2026-02-28 20:01:41,053 - lg_cotrain - INFO - D_l1: 45, D_l2: 45, D_LG: 5498
2026-02-28 20:01:41,055 - lg_cotrain - INFO - === Phase 1: Weight Generation ===
2026-02-28 20:02:01,132 - lg_cotrain - INFO - Phase 1 epoch 1/7: mean_prob1=0.1209, mean_prob2=0.1421
2026-02-28 20:02:20,269 - lg_cotrain - INFO - Phase 1 epoch 2/7: mean_prob1=0.1187, mean_prob2=0.1330
2026-02-28 20:02:39,386 - lg_cotrain - INFO - Phase 1 epoch 3/7: mean_prob1=0.1093, mean_prob2=0.1431
2026-02-28 20:02:58,532 - lg_cotrain - INFO - Phase 1 epoch 4/7: mean_prob1=0.1133, mean_prob2=0.1400
2026-02-28 20:03:17,689 - lg_cotrain - INFO - Phase 1 epoch 5/7: mean_prob1=0.1221, mean_prob2=0.1329
2026-02-28 20:03:36,781 - lg_cotrain - INFO - Phase 1 epoch 6/7: mean_prob1=0.1231, mean_prob2=0.1271
2026-02-28 20:03:55,809 - lg_cotrain - INFO - Phase 1 epoch 7/7: mean_prob1=0.1241, mean_prob2=0.1401
2026-02-28 20:03:55,809 - lg_cotrain - INFO - === Phase 2: Co-Training ===
2026-02-28 20:03:56,796 - lg_cotrain - INFO - LR scheduler: total_steps_1=1820, warmup=332; total_steps_2=1820, warmup=332
2026-02-28 20:03:56,796 - lg_cotrain - INFO - Phase 1 done -> seeded Phase 2 trackers. lambda1: mean=0.1241, range=[0.0471, 0.2482]
2026-02-28 20:03:56,796 - lg_cotrain - INFO - Phase 1 done -> seeded Phase 2 trackers. lambda2: mean=0.1401, range=[0.0249, 0.3449]
2026-02-28 20:05:08,112 - lg_cotrain - INFO - Phase 2 epoch 1/20: loss1=0.2369, loss2=0.2101, dev_macro_f1=0.0824, dev_err=46.07%
2026-02-28 20:06:19,435 - lg_cotrain - INFO - Phase 2 epoch 2/20: loss1=0.1039, loss2=0.2127, dev_macro_f1=0.3426, dev_err=34.03%
2026-02-28 20:07:30,779 - lg_cotrain - INFO - Phase 2 epoch 3/20: loss1=0.0550, loss2=0.1592, dev_macro_f1=0.4418, dev_err=29.24%
2026-02-28 20:08:41,956 - lg_cotrain - INFO - Phase 2 epoch 4/20: loss1=0.0276, loss2=0.1222, dev_macro_f1=0.4856, dev_err=27.27%
2026-02-28 20:09:53,185 - lg_cotrain - INFO - Phase 2 epoch 5/20: loss1=0.0190, loss2=0.0993, dev_macro_f1=0.4791, dev_err=27.64%
2026-02-28 20:11:04,417 - lg_cotrain - INFO - Phase 2 epoch 6/20: loss1=0.0163, loss2=0.0618, dev_macro_f1=0.4936, dev_err=29.36%
2026-02-28 20:12:15,763 - lg_cotrain - INFO - Phase 2 epoch 7/20: loss1=0.0177, loss2=0.0471, dev_macro_f1=0.5013, dev_err=29.12%
2026-02-28 20:13:27,003 - lg_cotrain - INFO - Phase 2 epoch 8/20: loss1=0.0138, loss2=0.0371, dev_macro_f1=0.5295, dev_err=28.50%
2026-02-28 20:14:38,150 - lg_cotrain - INFO - Phase 2 epoch 9/20: loss1=0.0149, loss2=0.0233, dev_macro_f1=0.5211, dev_err=28.01%
2026-02-28 20:15:49,311 - lg_cotrain - INFO - Phase 2 epoch 10/20: loss1=0.0090, loss2=0.0170, dev_macro_f1=0.5252, dev_err=27.52%
2026-02-28 20:17:00,502 - lg_cotrain - INFO - Phase 2 epoch 11/20: loss1=0.0077, loss2=0.0133, dev_macro_f1=0.5178, dev_err=27.89%
2026-02-28 20:18:11,858 - lg_cotrain - INFO - Phase 2 epoch 12/20: loss1=0.0080, loss2=0.0124, dev_macro_f1=0.5501, dev_err=27.52%
2026-02-28 20:19:23,070 - lg_cotrain - INFO - Phase 2 epoch 13/20: loss1=0.0064, loss2=0.0182, dev_macro_f1=0.5672, dev_err=28.13%
2026-02-28 20:20:34,250 - lg_cotrain - INFO - Phase 2 epoch 14/20: loss1=0.0076, loss2=0.0073, dev_macro_f1=0.5519, dev_err=28.13%
2026-02-28 20:21:45,443 - lg_cotrain - INFO - Phase 2 epoch 15/20: loss1=0.0078, loss2=0.0068, dev_macro_f1=0.5517, dev_err=28.13%
2026-02-28 20:22:56,646 - lg_cotrain - INFO - Phase 2 epoch 16/20: loss1=0.0079, loss2=0.0049, dev_macro_f1=0.5530, dev_err=27.76%
2026-02-28 20:24:07,940 - lg_cotrain - INFO - Phase 2 epoch 17/20: loss1=0.0079, loss2=0.0051, dev_macro_f1=0.5780, dev_err=27.27%
2026-02-28 20:25:19,658 - lg_cotrain - INFO - Phase 2 epoch 18/20: loss1=0.0073, loss2=0.0041, dev_macro_f1=0.5887, dev_err=27.27%
2026-02-28 20:26:31,299 - lg_cotrain - INFO - Phase 2 epoch 19/20: loss1=0.0065, loss2=0.0038, dev_macro_f1=0.5822, dev_err=27.76%
2026-02-28 20:27:42,544 - lg_cotrain - INFO - Phase 2 epoch 20/20: loss1=0.0063, loss2=0.0036, dev_macro_f1=0.5951, dev_err=26.90%
2026-02-28 20:27:42,544 - lg_cotrain - INFO - === Phase 3: Fine-Tuning ===
2026-02-28 20:27:45,576 - lg_cotrain - INFO - Phase 3 epoch 1: dev_macro_f1=0.5945, dev_err=27.15%, es_counter1=0, es_counter2=0
2026-02-28 20:27:48,609 - lg_cotrain - INFO - Phase 3 epoch 2: dev_macro_f1=0.5848, dev_err=27.76%, es_counter1=1, es_counter2=1
2026-02-28 20:27:51,656 - lg_cotrain - INFO - Phase 3 epoch 3: dev_macro_f1=0.5924, dev_err=27.40%, es_counter1=2, es_counter2=2
2026-02-28 20:27:54,709 - lg_cotrain - INFO - Phase 3 epoch 4: dev_macro_f1=0.5917, dev_err=27.40%, es_counter1=3, es_counter2=3
2026-02-28 20:27:57,743 - lg_cotrain - INFO - Phase 3 epoch 5: dev_macro_f1=0.5854, dev_err=28.13%, es_counter1=4, es_counter2=4
2026-02-28 20:28:00,803 - lg_cotrain - INFO - Phase 3 epoch 6: dev_macro_f1=0.5753, dev_err=28.87%, es_counter1=5, es_counter2=5
2026-02-28 20:28:03,851 - lg_cotrain - INFO - Phase 3 epoch 7: dev_macro_f1=0.5678, dev_err=29.61%, es_counter1=6, es_counter2=6
2026-02-28 20:28:06,897 - lg_cotrain - INFO - Phase 3 epoch 8: dev_macro_f1=0.5641, dev_err=30.10%, es_counter1=7, es_counter2=7
2026-02-28 20:28:09,955 - lg_cotrain - INFO - Phase 3 epoch 9: dev_macro_f1=0.5521, dev_err=31.57%, es_counter1=8, es_counter2=8
2026-02-28 20:28:09,955 - lg_cotrain - INFO - Early stopping at epoch 9
2026-02-28 20:28:09,969 - lg_cotrain - INFO - === Final Evaluation ===
2026-02-28 20:28:17,661 - lg_cotrain - INFO - Results saved to C:\Users\anhtr\AppData\Local\Temp\tmphkk3osp5\kerala_floods_2018\10_set1\metrics.json
2026-02-28 20:28:17,662 - lg_cotrain - INFO - Test error rate: 29.33%, Test macro-F1: 0.5623, Test ECE: 0.2138
2026-02-28 20:28:17,672 - lg_cotrain - INFO - --- Trial 6/10 done: dev_macro_f1=0.5945 ---
2026-02-28 20:28:17,673 - lg_cotrain - INFO - --- Trial 7/10 ---
2026-02-28 20:28:18,232 - lg_cotrain - INFO - Starting LG-CoTrain: event=kerala_floods_2018, budget=10, seed_set=1
2026-02-28 20:28:18,291 - lg_cotrain - INFO - Detected 9 classes for event kerala_floods_2018: ['caution_and_advice', 'displaced_people_and_evacuations', 'infrastructure_and_utility_damage', 'injured_or_dead_people', 'not_humanitarian', 'other_relevant_information', 'requests_or_urgent_needs', 'rescue_volunteering_or_donation_effort', 'sympathy_and_support']
2026-02-28 20:28:18,303 - lg_cotrain - INFO - D_l1: 45, D_l2: 45, D_LG: 5498
2026-02-28 20:28:18,305 - lg_cotrain - INFO - === Phase 1: Weight Generation ===
2026-02-28 20:28:40,171 - lg_cotrain - INFO - Phase 1 epoch 1/7: mean_prob1=0.1106, mean_prob2=0.1097
2026-02-28 20:29:01,141 - lg_cotrain - INFO - Phase 1 epoch 2/7: mean_prob1=0.1265, mean_prob2=0.1157
2026-02-28 20:29:22,196 - lg_cotrain - INFO - Phase 1 epoch 3/7: mean_prob1=0.1102, mean_prob2=0.1209
2026-02-28 20:29:43,291 - lg_cotrain - INFO - Phase 1 epoch 4/7: mean_prob1=0.1089, mean_prob2=0.1192
2026-02-28 20:30:04,336 - lg_cotrain - INFO - Phase 1 epoch 5/7: mean_prob1=0.1218, mean_prob2=0.1625
2026-02-28 20:30:25,399 - lg_cotrain - INFO - Phase 1 epoch 6/7: mean_prob1=0.1072, mean_prob2=0.1870
2026-02-28 20:30:46,365 - lg_cotrain - INFO - Phase 1 epoch 7/7: mean_prob1=0.1541, mean_prob2=0.1962
2026-02-28 20:30:46,365 - lg_cotrain - INFO - === Phase 2: Co-Training ===
2026-02-28 20:30:47,348 - lg_cotrain - INFO - LR scheduler: total_steps_1=2020, warmup=108; total_steps_2=2020, warmup=108
2026-02-28 20:30:47,348 - lg_cotrain - INFO - Phase 1 done -> seeded Phase 2 trackers. lambda1: mean=0.1541, range=[0.0181, 0.4492]
2026-02-28 20:30:47,348 - lg_cotrain - INFO - Phase 1 done -> seeded Phase 2 trackers. lambda2: mean=0.1962, range=[0.0065, 0.8095]
2026-02-28 20:32:13,054 - lg_cotrain - INFO - Phase 2 epoch 1/5: loss1=0.2931, loss2=0.1944, dev_macro_f1=0.0777, dev_err=46.19%
2026-02-28 20:33:38,729 - lg_cotrain - INFO - Phase 2 epoch 2/5: loss1=0.0752, loss2=0.3695, dev_macro_f1=0.0777, dev_err=46.19%
2026-02-28 20:35:04,283 - lg_cotrain - INFO - Phase 2 epoch 3/5: loss1=0.0375, loss2=0.3710, dev_macro_f1=0.0777, dev_err=46.19%
2026-02-28 20:36:29,788 - lg_cotrain - INFO - Phase 2 epoch 4/5: loss1=0.0312, loss2=0.3433, dev_macro_f1=0.0777, dev_err=46.19%
2026-02-28 20:37:55,278 - lg_cotrain - INFO - Phase 2 epoch 5/5: loss1=0.0252, loss2=0.3167, dev_macro_f1=0.0777, dev_err=46.19%
2026-02-28 20:37:55,279 - lg_cotrain - INFO - === Phase 3: Fine-Tuning ===
2026-02-28 20:37:58,637 - lg_cotrain - INFO - Phase 3 epoch 1: dev_macro_f1=0.0777, dev_err=46.19%, es_counter1=0, es_counter2=0
2026-02-28 20:38:02,000 - lg_cotrain - INFO - Phase 3 epoch 2: dev_macro_f1=0.0777, dev_err=46.19%, es_counter1=1, es_counter2=1
2026-02-28 20:38:05,355 - lg_cotrain - INFO - Phase 3 epoch 3: dev_macro_f1=0.0777, dev_err=46.19%, es_counter1=2, es_counter2=2
2026-02-28 20:38:08,709 - lg_cotrain - INFO - Phase 3 epoch 4: dev_macro_f1=0.0777, dev_err=46.19%, es_counter1=3, es_counter2=3
2026-02-28 20:38:12,073 - lg_cotrain - INFO - Phase 3 epoch 5: dev_macro_f1=0.0153, dev_err=92.63%, es_counter1=4, es_counter2=4
2026-02-28 20:38:12,074 - lg_cotrain - INFO - Early stopping at epoch 5
2026-02-28 20:38:12,088 - lg_cotrain - INFO - === Final Evaluation ===
2026-02-28 20:38:20,446 - lg_cotrain - INFO - Results saved to C:\Users\anhtr\AppData\Local\Temp\tmpku5hwq3f\kerala_floods_2018\10_set1\metrics.json
2026-02-28 20:38:20,446 - lg_cotrain - INFO - Test error rate: 46.21%, Test macro-F1: 0.0777, Test ECE: 0.3513
2026-02-28 20:38:20,458 - lg_cotrain - INFO - --- Trial 7/10 done: dev_macro_f1=0.0777 ---
2026-02-28 20:38:20,458 - lg_cotrain - INFO - --- Trial 8/10 ---
2026-02-28 20:38:21,007 - lg_cotrain - INFO - Starting LG-CoTrain: event=kerala_floods_2018, budget=10, seed_set=1
2026-02-28 20:38:21,050 - lg_cotrain - INFO - Detected 9 classes for event kerala_floods_2018: ['caution_and_advice', 'displaced_people_and_evacuations', 'infrastructure_and_utility_damage', 'injured_or_dead_people', 'not_humanitarian', 'other_relevant_information', 'requests_or_urgent_needs', 'rescue_volunteering_or_donation_effort', 'sympathy_and_support']
2026-02-28 20:38:21,057 - lg_cotrain - INFO - D_l1: 45, D_l2: 45, D_LG: 5498
2026-02-28 20:38:21,058 - lg_cotrain - INFO - === Phase 1: Weight Generation ===
2026-02-28 20:38:45,176 - lg_cotrain - INFO - Phase 1 epoch 1/7: mean_prob1=0.1118, mean_prob2=0.1242
2026-02-28 20:39:08,177 - lg_cotrain - INFO - Phase 1 epoch 2/7: mean_prob1=0.1123, mean_prob2=0.1042
2026-02-28 20:39:31,123 - lg_cotrain - INFO - Phase 1 epoch 3/7: mean_prob1=0.1236, mean_prob2=0.0947
2026-02-28 20:39:54,115 - lg_cotrain - INFO - Phase 1 epoch 4/7: mean_prob1=0.0960, mean_prob2=0.0830
2026-02-28 20:40:17,166 - lg_cotrain - INFO - Phase 1 epoch 5/7: mean_prob1=0.1098, mean_prob2=0.0965
2026-02-28 20:40:40,087 - lg_cotrain - INFO - Phase 1 epoch 6/7: mean_prob1=0.1374, mean_prob2=0.0945
2026-02-28 20:41:03,094 - lg_cotrain - INFO - Phase 1 epoch 7/7: mean_prob1=0.1095, mean_prob2=0.1187
2026-02-28 20:41:03,095 - lg_cotrain - INFO - === Phase 2: Co-Training ===
2026-02-28 20:41:04,067 - lg_cotrain - INFO - LR scheduler: total_steps_1=8168, warmup=1332; total_steps_2=8168, warmup=1332
2026-02-28 20:41:04,068 - lg_cotrain - INFO - Phase 1 done -> seeded Phase 2 trackers. lambda1: mean=0.1095, range=[0.0929, 0.1364]
2026-02-28 20:41:04,068 - lg_cotrain - INFO - Phase 1 done -> seeded Phase 2 trackers. lambda2: mean=0.1187, range=[0.0953, 0.1298]
2026-02-28 20:42:45,498 - lg_cotrain - INFO - Phase 2 epoch 1/11: loss1=0.1439, loss2=0.1493, dev_macro_f1=0.0777, dev_err=46.19%
2026-02-28 20:44:26,941 - lg_cotrain - INFO - Phase 2 epoch 2/11: loss1=0.1328, loss2=0.2592, dev_macro_f1=0.0777, dev_err=46.19%
2026-02-28 20:46:08,624 - lg_cotrain - INFO - Phase 2 epoch 3/11: loss1=0.0689, loss2=0.2944, dev_macro_f1=0.0777, dev_err=46.19%
2026-02-28 20:47:50,154 - lg_cotrain - INFO - Phase 2 epoch 4/11: loss1=0.0489, loss2=0.2737, dev_macro_f1=0.0777, dev_err=46.19%
2026-02-28 20:49:31,313 - lg_cotrain - INFO - Phase 2 epoch 5/11: loss1=0.0343, loss2=0.2607, dev_macro_f1=0.0777, dev_err=46.19%
2026-02-28 20:51:12,579 - lg_cotrain - INFO - Phase 2 epoch 6/11: loss1=0.0208, loss2=0.2491, dev_macro_f1=0.0777, dev_err=46.19%
2026-02-28 20:52:53,749 - lg_cotrain - INFO - Phase 2 epoch 7/11: loss1=0.0120, loss2=0.2360, dev_macro_f1=0.0777, dev_err=46.19%
2026-02-28 20:54:34,902 - lg_cotrain - INFO - Phase 2 epoch 8/11: loss1=0.0074, loss2=0.2238, dev_macro_f1=0.0777, dev_err=46.19%
2026-02-28 20:56:16,145 - lg_cotrain - INFO - Phase 2 epoch 9/11: loss1=0.0052, loss2=0.2136, dev_macro_f1=0.0777, dev_err=46.19%
2026-02-28 20:57:57,365 - lg_cotrain - INFO - Phase 2 epoch 10/11: loss1=0.0014, loss2=0.2027, dev_macro_f1=0.0777, dev_err=46.19%
2026-02-28 20:59:38,570 - lg_cotrain - INFO - Phase 2 epoch 11/11: loss1=0.0000, loss2=0.1943, dev_macro_f1=0.0777, dev_err=46.19%
2026-02-28 20:59:38,571 - lg_cotrain - INFO - === Phase 3: Fine-Tuning ===
2026-02-28 20:59:42,336 - lg_cotrain - INFO - Phase 3 epoch 1: dev_macro_f1=0.0777, dev_err=46.19%, es_counter1=0, es_counter2=0
2026-02-28 20:59:46,089 - lg_cotrain - INFO - Phase 3 epoch 2: dev_macro_f1=0.0777, dev_err=46.19%, es_counter1=1, es_counter2=1
2026-02-28 20:59:49,830 - lg_cotrain - INFO - Phase 3 epoch 3: dev_macro_f1=0.0016, dev_err=99.26%, es_counter1=2, es_counter2=2
2026-02-28 20:59:53,567 - lg_cotrain - INFO - Phase 3 epoch 4: dev_macro_f1=0.0121, dev_err=94.23%, es_counter1=3, es_counter2=3
2026-02-28 20:59:57,308 - lg_cotrain - INFO - Phase 3 epoch 5: dev_macro_f1=0.0121, dev_err=94.23%, es_counter1=4, es_counter2=4
2026-02-28 21:00:01,056 - lg_cotrain - INFO - Phase 3 epoch 6: dev_macro_f1=0.0079, dev_err=96.31%, es_counter1=5, es_counter2=5
2026-02-28 21:00:04,789 - lg_cotrain - INFO - Phase 3 epoch 7: dev_macro_f1=0.0210, dev_err=89.56%, es_counter1=6, es_counter2=6
2026-02-28 21:00:08,530 - lg_cotrain - INFO - Phase 3 epoch 8: dev_macro_f1=0.0210, dev_err=89.56%, es_counter1=7, es_counter2=7
2026-02-28 21:00:08,530 - lg_cotrain - INFO - Early stopping at epoch 8
2026-02-28 21:00:08,541 - lg_cotrain - INFO - === Final Evaluation ===
2026-02-28 21:00:17,704 - lg_cotrain - INFO - Results saved to C:\Users\anhtr\AppData\Local\Temp\tmpu9a2hayw\kerala_floods_2018\10_set1\metrics.json
2026-02-28 21:00:17,704 - lg_cotrain - INFO - Test error rate: 46.21%, Test macro-F1: 0.0777, Test ECE: 0.1182
2026-02-28 21:00:17,712 - lg_cotrain - INFO - --- Trial 8/10 done: dev_macro_f1=0.0777 ---
2026-02-28 21:00:17,712 - lg_cotrain - INFO - --- Trial 9/10 ---
2026-02-28 21:00:18,201 - lg_cotrain - INFO - Starting LG-CoTrain: event=kerala_floods_2018, budget=10, seed_set=1
2026-02-28 21:00:18,236 - lg_cotrain - INFO - Detected 9 classes for event kerala_floods_2018: ['caution_and_advice', 'displaced_people_and_evacuations', 'infrastructure_and_utility_damage', 'injured_or_dead_people', 'not_humanitarian', 'other_relevant_information', 'requests_or_urgent_needs', 'rescue_volunteering_or_donation_effort', 'sympathy_and_support']
2026-02-28 21:00:18,243 - lg_cotrain - INFO - D_l1: 45, D_l2: 45, D_LG: 5498
2026-02-28 21:00:18,245 - lg_cotrain - INFO - === Phase 1: Weight Generation ===
2026-02-28 21:00:39,223 - lg_cotrain - INFO - Phase 1 epoch 1/7: mean_prob1=0.1117, mean_prob2=0.1148
2026-02-28 21:00:59,312 - lg_cotrain - INFO - Phase 1 epoch 2/7: mean_prob1=0.0991, mean_prob2=0.0990
2026-02-28 21:01:19,344 - lg_cotrain - INFO - Phase 1 epoch 3/7: mean_prob1=0.1001, mean_prob2=0.1024
2026-02-28 21:01:39,481 - lg_cotrain - INFO - Phase 1 epoch 4/7: mean_prob1=0.0997, mean_prob2=0.0990
2026-02-28 21:01:59,493 - lg_cotrain - INFO - Phase 1 epoch 5/7: mean_prob1=0.1035, mean_prob2=0.1054
2026-02-28 21:02:19,563 - lg_cotrain - INFO - Phase 1 epoch 6/7: mean_prob1=0.1135, mean_prob2=0.1088
2026-02-28 21:02:39,702 - lg_cotrain - INFO - Phase 1 epoch 7/7: mean_prob1=0.1095, mean_prob2=0.1404
2026-02-28 21:02:39,703 - lg_cotrain - INFO - === Phase 2: Co-Training ===
2026-02-28 21:02:40,722 - lg_cotrain - INFO - LR scheduler: total_steps_1=1232, warmup=288; total_steps_2=1232, warmup=288
2026-02-28 21:02:40,723 - lg_cotrain - INFO - Phase 1 done -> seeded Phase 2 trackers. lambda1: mean=0.1095, range=[0.0709, 0.1492]
2026-02-28 21:02:40,723 - lg_cotrain - INFO - Phase 1 done -> seeded Phase 2 trackers. lambda2: mean=0.1404, range=[0.0248, 0.2365]
2026-02-28 21:03:58,728 - lg_cotrain - INFO - Phase 2 epoch 1/6: loss1=0.1454, loss2=0.1290, dev_macro_f1=0.3936, dev_err=36.36%
2026-02-28 21:05:16,537 - lg_cotrain - INFO - Phase 2 epoch 2/6: loss1=0.1042, loss2=0.7994, dev_macro_f1=0.1116, dev_err=45.45%
2026-02-28 21:06:33,859 - lg_cotrain - INFO - Phase 2 epoch 3/6: loss1=0.0451, loss2=0.8224, dev_macro_f1=0.0777, dev_err=46.19%
2026-02-28 21:07:51,098 - lg_cotrain - INFO - Phase 2 epoch 4/6: loss1=0.0291, loss2=0.7891, dev_macro_f1=0.0777, dev_err=46.19%
2026-02-28 21:09:08,329 - lg_cotrain - INFO - Phase 2 epoch 5/6: loss1=0.0221, loss2=0.7486, dev_macro_f1=0.0777, dev_err=46.19%
2026-02-28 21:10:25,643 - lg_cotrain - INFO - Phase 2 epoch 6/6: loss1=0.0205, loss2=0.7030, dev_macro_f1=0.0777, dev_err=46.19%
2026-02-28 21:10:25,643 - lg_cotrain - INFO - === Phase 3: Fine-Tuning ===
2026-02-28 21:10:28,857 - lg_cotrain - INFO - Phase 3 epoch 1: dev_macro_f1=0.0777, dev_err=46.19%, es_counter1=0, es_counter2=0
2026-02-28 21:10:32,045 - lg_cotrain - INFO - Phase 3 epoch 2: dev_macro_f1=0.0777, dev_err=46.19%, es_counter1=1, es_counter2=1
2026-02-28 21:10:35,228 - lg_cotrain - INFO - Phase 3 epoch 3: dev_macro_f1=0.0777, dev_err=46.19%, es_counter1=2, es_counter2=2
2026-02-28 21:10:38,409 - lg_cotrain - INFO - Phase 3 epoch 4: dev_macro_f1=0.0777, dev_err=46.19%, es_counter1=3, es_counter2=3
2026-02-28 21:10:41,617 - lg_cotrain - INFO - Phase 3 epoch 5: dev_macro_f1=0.1247, dev_err=49.02%, es_counter1=0, es_counter2=0
2026-02-28 21:10:44,812 - lg_cotrain - INFO - Phase 3 epoch 6: dev_macro_f1=0.0925, dev_err=58.35%, es_counter1=1, es_counter2=1
2026-02-28 21:10:48,002 - lg_cotrain - INFO - Phase 3 epoch 7: dev_macro_f1=0.0933, dev_err=57.49%, es_counter1=2, es_counter2=2
2026-02-28 21:10:51,176 - lg_cotrain - INFO - Phase 3 epoch 8: dev_macro_f1=0.0938, dev_err=56.88%, es_counter1=3, es_counter2=3
2026-02-28 21:10:54,372 - lg_cotrain - INFO - Phase 3 epoch 9: dev_macro_f1=0.0096, dev_err=97.91%, es_counter1=4, es_counter2=4
2026-02-28 21:10:57,548 - lg_cotrain - INFO - Phase 3 epoch 10: dev_macro_f1=0.0092, dev_err=98.03%, es_counter1=5, es_counter2=5
2026-02-28 21:11:00,725 - lg_cotrain - INFO - Phase 3 epoch 11: dev_macro_f1=0.0230, dev_err=94.84%, es_counter1=6, es_counter2=6
2026-02-28 21:11:03,914 - lg_cotrain - INFO - Phase 3 epoch 12: dev_macro_f1=0.1044, dev_err=53.19%, es_counter1=7, es_counter2=7
2026-02-28 21:11:07,089 - lg_cotrain - INFO - Phase 3 epoch 13: dev_macro_f1=0.1048, dev_err=52.95%, es_counter1=8, es_counter2=8
2026-02-28 21:11:07,089 - lg_cotrain - INFO - Early stopping at epoch 13
2026-02-28 21:11:07,099 - lg_cotrain - INFO - === Final Evaluation ===
2026-02-28 21:11:15,122 - lg_cotrain - INFO - Results saved to C:\Users\anhtr\AppData\Local\Temp\tmp35oqj0qy\kerala_floods_2018\10_set1\metrics.json
2026-02-28 21:11:15,123 - lg_cotrain - INFO - Test error rate: 47.79%, Test macro-F1: 0.1268, Test ECE: 0.3238
2026-02-28 21:11:15,133 - lg_cotrain - INFO - --- Trial 9/10 done: dev_macro_f1=0.1247 ---
2026-02-28 21:11:15,133 - lg_cotrain - INFO - --- Trial 10/10 ---
2026-02-28 21:11:15,644 - lg_cotrain - INFO - Starting LG-CoTrain: event=kerala_floods_2018, budget=10, seed_set=1
2026-02-28 21:11:15,685 - lg_cotrain - INFO - Detected 9 classes for event kerala_floods_2018: ['caution_and_advice', 'displaced_people_and_evacuations', 'infrastructure_and_utility_damage', 'injured_or_dead_people', 'not_humanitarian', 'other_relevant_information', 'requests_or_urgent_needs', 'rescue_volunteering_or_donation_effort', 'sympathy_and_support']
2026-02-28 21:11:15,694 - lg_cotrain - INFO - D_l1: 45, D_l2: 45, D_LG: 5498
2026-02-28 21:11:15,695 - lg_cotrain - INFO - === Phase 1: Weight Generation ===
2026-02-28 21:11:39,439 - lg_cotrain - INFO - Phase 1 epoch 1/7: mean_prob1=0.1156, mean_prob2=0.1098
2026-02-28 21:12:02,176 - lg_cotrain - INFO - Phase 1 epoch 2/7: mean_prob1=0.1121, mean_prob2=0.1190
2026-02-28 21:12:24,932 - lg_cotrain - INFO - Phase 1 epoch 3/7: mean_prob1=0.1129, mean_prob2=0.1100
2026-02-28 21:12:47,813 - lg_cotrain - INFO - Phase 1 epoch 4/7: mean_prob1=0.1041, mean_prob2=0.1088
2026-02-28 21:13:10,568 - lg_cotrain - INFO - Phase 1 epoch 5/7: mean_prob1=0.1094, mean_prob2=0.1076
2026-02-28 21:13:33,362 - lg_cotrain - INFO - Phase 1 epoch 6/7: mean_prob1=0.1190, mean_prob2=0.1019
2026-02-28 21:13:56,191 - lg_cotrain - INFO - Phase 1 epoch 7/7: mean_prob1=0.1145, mean_prob2=0.1119
2026-02-28 21:13:56,191 - lg_cotrain - INFO - === Phase 2: Co-Training ===
2026-02-28 21:13:57,153 - lg_cotrain - INFO - LR scheduler: total_steps_1=10232, warmup=394; total_steps_2=10232, warmup=394
2026-02-28 21:13:57,154 - lg_cotrain - INFO - Phase 1 done -> seeded Phase 2 trackers. lambda1: mean=0.1145, range=[0.0886, 0.1352]
2026-02-28 21:13:57,154 - lg_cotrain - INFO - Phase 1 done -> seeded Phase 2 trackers. lambda2: mean=0.1119, range=[0.0968, 0.1334]
2026-02-28 21:15:38,032 - lg_cotrain - INFO - Phase 2 epoch 1/14: loss1=0.1580, loss2=0.1710, dev_macro_f1=0.0777, dev_err=46.19%
2026-02-28 21:17:22,211 - lg_cotrain - INFO - Phase 2 epoch 2/14: loss1=0.1187, loss2=0.2598, dev_macro_f1=0.0777, dev_err=46.19%
2026-02-28 21:19:04,471 - lg_cotrain - INFO - Phase 2 epoch 3/14: loss1=0.0789, loss2=0.2613, dev_macro_f1=0.0777, dev_err=46.19%
2026-02-28 21:20:46,234 - lg_cotrain - INFO - Phase 2 epoch 4/14: loss1=0.0580, loss2=0.2638, dev_macro_f1=0.0777, dev_err=46.19%
2026-02-28 21:22:28,839 - lg_cotrain - INFO - Phase 2 epoch 5/14: loss1=0.0424, loss2=0.2543, dev_macro_f1=0.0777, dev_err=46.19%
2026-02-28 21:24:14,178 - lg_cotrain - INFO - Phase 2 epoch 6/14: loss1=0.0289, loss2=0.2429, dev_macro_f1=0.0777, dev_err=46.19%
2026-02-28 21:25:58,947 - lg_cotrain - INFO - Phase 2 epoch 7/14: loss1=0.0212, loss2=0.2314, dev_macro_f1=0.0777, dev_err=46.19%
2026-02-28 21:27:41,434 - lg_cotrain - INFO - Phase 2 epoch 8/14: loss1=0.0147, loss2=0.2204, dev_macro_f1=0.0777, dev_err=46.19%
2026-02-28 21:29:25,297 - lg_cotrain - INFO - Phase 2 epoch 9/14: loss1=0.0108, loss2=0.2104, dev_macro_f1=0.0777, dev_err=46.19%
2026-02-28 21:31:09,093 - lg_cotrain - INFO - Phase 2 epoch 10/14: loss1=0.0059, loss2=0.2009, dev_macro_f1=0.0777, dev_err=46.19%
2026-02-28 21:32:51,916 - lg_cotrain - INFO - Phase 2 epoch 11/14: loss1=0.0030, loss2=0.1933, dev_macro_f1=0.0777, dev_err=46.19%
2026-02-28 21:34:33,927 - lg_cotrain - INFO - Phase 2 epoch 12/14: loss1=0.0018, loss2=0.1860, dev_macro_f1=0.0777, dev_err=46.19%
2026-02-28 21:36:17,068 - lg_cotrain - INFO - Phase 2 epoch 13/14: loss1=0.0010, loss2=0.1790, dev_macro_f1=0.0777, dev_err=46.19%
2026-02-28 21:37:59,653 - lg_cotrain - INFO - Phase 2 epoch 14/14: loss1=0.0003, loss2=0.1731, dev_macro_f1=0.0777, dev_err=46.19%
2026-02-28 21:37:59,653 - lg_cotrain - INFO - === Phase 3: Fine-Tuning ===
2026-02-28 21:38:03,463 - lg_cotrain - INFO - Phase 3 epoch 1: dev_macro_f1=0.0777, dev_err=46.19%, es_counter1=0, es_counter2=0
2026-02-28 21:38:07,378 - lg_cotrain - INFO - Phase 3 epoch 2: dev_macro_f1=0.0777, dev_err=46.19%, es_counter1=1, es_counter2=1
2026-02-28 21:38:11,235 - lg_cotrain - INFO - Phase 3 epoch 3: dev_macro_f1=0.0777, dev_err=46.19%, es_counter1=2, es_counter2=2
2026-02-28 21:38:15,003 - lg_cotrain - INFO - Phase 3 epoch 4: dev_macro_f1=0.0121, dev_err=94.23%, es_counter1=3, es_counter2=3
2026-02-28 21:38:18,769 - lg_cotrain - INFO - Phase 3 epoch 5: dev_macro_f1=0.0777, dev_err=46.19%, es_counter1=4, es_counter2=4
2026-02-28 21:38:22,554 - lg_cotrain - INFO - Phase 3 epoch 6: dev_macro_f1=0.0121, dev_err=94.23%, es_counter1=5, es_counter2=5
2026-02-28 21:38:26,331 - lg_cotrain - INFO - Phase 3 epoch 7: dev_macro_f1=0.0038, dev_err=98.28%, es_counter1=6, es_counter2=6
2026-02-28 21:38:26,332 - lg_cotrain - INFO - Early stopping at epoch 7
2026-02-28 21:38:26,342 - lg_cotrain - INFO - === Final Evaluation ===
2026-02-28 21:38:35,520 - lg_cotrain - INFO - Results saved to C:\Users\anhtr\AppData\Local\Temp\tmpm30ayh12\kerala_floods_2018\10_set1\metrics.json
2026-02-28 21:38:35,521 - lg_cotrain - INFO - Test error rate: 46.21%, Test macro-F1: 0.0777, Test ECE: 0.4342
2026-02-28 21:38:35,532 - lg_cotrain - INFO - --- Trial 10/10 done: dev_macro_f1=0.0777 ---
