2026-02-23 17:16:55,056 - lg_cotrain - INFO - === Optuna study: canada_wildfires_2016 budget=25 seed=2 | target=10 trials, 0 replayed, 10 new ===
2026-02-23 17:16:55,056 - lg_cotrain - INFO - --- Trial 1/10 ---
2026-02-23 17:16:55,678 - lg_cotrain - INFO - Starting LG-CoTrain: event=canada_wildfires_2016, budget=25, seed_set=2
2026-02-23 17:16:55,707 - lg_cotrain - INFO - Detected 8 classes for event canada_wildfires_2016: ['caution_and_advice', 'displaced_people_and_evacuations', 'infrastructure_and_utility_damage', 'not_humanitarian', 'other_relevant_information', 'requests_or_urgent_needs', 'rescue_volunteering_or_donation_effort', 'sympathy_and_support']
2026-02-23 17:16:55,711 - lg_cotrain - INFO - D_l1: 98, D_l2: 91, D_LG: 1380
2026-02-23 17:16:55,712 - lg_cotrain - INFO - === Phase 1: Weight Generation ===
2026-02-23 17:17:01,812 - lg_cotrain - INFO - Phase 1 epoch 1/7: mean_prob1=0.1493, mean_prob2=0.1226
2026-02-23 17:17:06,989 - lg_cotrain - INFO - Phase 1 epoch 2/7: mean_prob1=0.1632, mean_prob2=0.1395
2026-02-23 17:17:12,077 - lg_cotrain - INFO - Phase 1 epoch 3/7: mean_prob1=0.1228, mean_prob2=0.1371
2026-02-23 17:17:17,166 - lg_cotrain - INFO - Phase 1 epoch 4/7: mean_prob1=0.1945, mean_prob2=0.1628
2026-02-23 17:17:22,260 - lg_cotrain - INFO - Phase 1 epoch 5/7: mean_prob1=0.3198, mean_prob2=0.1738
2026-02-23 17:17:27,394 - lg_cotrain - INFO - Phase 1 epoch 6/7: mean_prob1=0.2597, mean_prob2=0.2337
2026-02-23 17:17:32,506 - lg_cotrain - INFO - Phase 1 epoch 7/7: mean_prob1=0.2743, mean_prob2=0.3073
2026-02-23 17:17:32,506 - lg_cotrain - INFO - === Phase 2: Co-Training ===
2026-02-23 17:17:33,523 - lg_cotrain - INFO - LR scheduler: total_steps_1=1060, warmup=153; total_steps_2=960, warmup=138
2026-02-23 17:17:33,523 - lg_cotrain - INFO - Phase 1 done -> seeded Phase 2 trackers. lambda1: mean=0.2743, range=[0.0080, 0.7960]
2026-02-23 17:17:33,524 - lg_cotrain - INFO - Phase 1 done -> seeded Phase 2 trackers. lambda2: mean=0.3073, range=[0.0042, 0.8777]
2026-02-23 17:17:50,811 - lg_cotrain - INFO - Phase 2 epoch 1/15: loss1=0.4836, loss2=0.4126, dev_macro_f1=0.2289, dev_err=40.35%
2026-02-23 17:18:08,105 - lg_cotrain - INFO - Phase 2 epoch 2/15: loss1=0.0684, loss2=0.2600, dev_macro_f1=0.4732, dev_err=22.37%
2026-02-23 17:18:25,369 - lg_cotrain - INFO - Phase 2 epoch 3/15: loss1=0.0338, loss2=0.3060, dev_macro_f1=0.4166, dev_err=28.07%
2026-02-23 17:18:42,650 - lg_cotrain - INFO - Phase 2 epoch 4/15: loss1=0.0584, loss2=0.4829, dev_macro_f1=0.4319, dev_err=25.88%
2026-02-23 17:18:59,888 - lg_cotrain - INFO - Phase 2 epoch 5/15: loss1=0.0436, loss2=1.1932, dev_macro_f1=0.3720, dev_err=32.46%
2026-02-23 17:19:17,093 - lg_cotrain - INFO - Phase 2 epoch 6/15: loss1=0.1616, loss2=1.2553, dev_macro_f1=0.0735, dev_err=58.33%
2026-02-23 17:19:34,323 - lg_cotrain - INFO - Phase 2 epoch 7/15: loss1=0.1205, loss2=1.2115, dev_macro_f1=0.2533, dev_err=40.79%
2026-02-23 17:19:51,497 - lg_cotrain - INFO - Phase 2 epoch 8/15: loss1=0.0605, loss2=1.1968, dev_macro_f1=0.1684, dev_err=44.30%
2026-02-23 17:20:08,667 - lg_cotrain - INFO - Phase 2 epoch 9/15: loss1=0.0801, loss2=1.1708, dev_macro_f1=0.0735, dev_err=58.33%
2026-02-23 17:20:25,850 - lg_cotrain - INFO - Phase 2 epoch 10/15: loss1=0.0515, loss2=1.1301, dev_macro_f1=0.0735, dev_err=58.33%
2026-02-23 17:20:43,029 - lg_cotrain - INFO - Phase 2 epoch 11/15: loss1=0.0411, loss2=1.1030, dev_macro_f1=0.0735, dev_err=58.33%
2026-02-23 17:21:00,232 - lg_cotrain - INFO - Phase 2 epoch 12/15: loss1=0.0349, loss2=1.0785, dev_macro_f1=0.1589, dev_err=48.68%
2026-02-23 17:21:17,408 - lg_cotrain - INFO - Phase 2 epoch 13/15: loss1=0.0340, loss2=1.0352, dev_macro_f1=0.1619, dev_err=46.93%
2026-02-23 17:21:34,595 - lg_cotrain - INFO - Phase 2 epoch 14/15: loss1=0.0353, loss2=1.0243, dev_macro_f1=0.0735, dev_err=58.33%
2026-02-23 17:21:51,739 - lg_cotrain - INFO - Phase 2 epoch 15/15: loss1=0.0393, loss2=0.9988, dev_macro_f1=0.0735, dev_err=58.33%
2026-02-23 17:21:51,740 - lg_cotrain - INFO - === Phase 3: Fine-Tuning ===
2026-02-23 17:21:53,274 - lg_cotrain - INFO - Phase 3 epoch 1: dev_macro_f1=0.0735, dev_err=58.33%, es_counter1=0, es_counter2=0
2026-02-23 17:21:54,780 - lg_cotrain - INFO - Phase 3 epoch 2: dev_macro_f1=0.0735, dev_err=58.33%, es_counter1=1, es_counter2=1
2026-02-23 17:21:56,312 - lg_cotrain - INFO - Phase 3 epoch 3: dev_macro_f1=0.1229, dev_err=60.53%, es_counter1=0, es_counter2=0
2026-02-23 17:21:57,820 - lg_cotrain - INFO - Phase 3 epoch 4: dev_macro_f1=0.0145, dev_err=96.49%, es_counter1=1, es_counter2=1
2026-02-23 17:21:59,340 - lg_cotrain - INFO - Phase 3 epoch 5: dev_macro_f1=0.0145, dev_err=96.49%, es_counter1=2, es_counter2=2
2026-02-23 17:22:00,860 - lg_cotrain - INFO - Phase 3 epoch 6: dev_macro_f1=0.0206, dev_err=94.74%, es_counter1=3, es_counter2=3
2026-02-23 17:22:02,378 - lg_cotrain - INFO - Phase 3 epoch 7: dev_macro_f1=0.0192, dev_err=95.18%, es_counter1=4, es_counter2=4
2026-02-23 17:22:03,888 - lg_cotrain - INFO - Phase 3 epoch 8: dev_macro_f1=0.1229, dev_err=60.53%, es_counter1=5, es_counter2=5
2026-02-23 17:22:05,396 - lg_cotrain - INFO - Phase 3 epoch 9: dev_macro_f1=0.1229, dev_err=60.53%, es_counter1=6, es_counter2=6
2026-02-23 17:22:05,397 - lg_cotrain - INFO - Early stopping at epoch 9
2026-02-23 17:22:05,407 - lg_cotrain - INFO - === Final Evaluation ===
2026-02-23 17:22:07,355 - lg_cotrain - INFO - Results saved to C:\Users\anhtr\AppData\Local\Temp\tmpioq_k8my\canada_wildfires_2016\25_set2\metrics.json
2026-02-23 17:22:07,356 - lg_cotrain - INFO - Test error rate: 61.35%, Test macro-F1: 0.1209, Test ECE: 0.2953
2026-02-23 17:22:07,365 - lg_cotrain - INFO - --- Trial 1/10 done: dev_macro_f1=0.1229 ---
2026-02-23 17:22:07,365 - lg_cotrain - INFO - --- Trial 2/10 ---
2026-02-23 17:22:07,945 - lg_cotrain - INFO - Starting LG-CoTrain: event=canada_wildfires_2016, budget=25, seed_set=2
2026-02-23 17:22:07,958 - lg_cotrain - INFO - Detected 8 classes for event canada_wildfires_2016: ['caution_and_advice', 'displaced_people_and_evacuations', 'infrastructure_and_utility_damage', 'not_humanitarian', 'other_relevant_information', 'requests_or_urgent_needs', 'rescue_volunteering_or_donation_effort', 'sympathy_and_support']
2026-02-23 17:22:07,963 - lg_cotrain - INFO - D_l1: 98, D_l2: 91, D_LG: 1380
2026-02-23 17:22:07,964 - lg_cotrain - INFO - === Phase 1: Weight Generation ===
2026-02-23 17:22:15,191 - lg_cotrain - INFO - Phase 1 epoch 1/7: mean_prob1=0.1269, mean_prob2=0.1394
2026-02-23 17:22:21,433 - lg_cotrain - INFO - Phase 1 epoch 2/7: mean_prob1=0.1574, mean_prob2=0.2070
2026-02-23 17:22:27,732 - lg_cotrain - INFO - Phase 1 epoch 3/7: mean_prob1=0.2034, mean_prob2=0.2465
2026-02-23 17:22:33,963 - lg_cotrain - INFO - Phase 1 epoch 4/7: mean_prob1=0.2489, mean_prob2=0.3579
2026-02-23 17:22:40,185 - lg_cotrain - INFO - Phase 1 epoch 5/7: mean_prob1=0.4248, mean_prob2=0.4823
2026-02-23 17:22:46,426 - lg_cotrain - INFO - Phase 1 epoch 6/7: mean_prob1=0.5876, mean_prob2=0.6137
2026-02-23 17:22:52,674 - lg_cotrain - INFO - Phase 1 epoch 7/7: mean_prob1=0.4644, mean_prob2=0.2940
2026-02-23 17:22:52,674 - lg_cotrain - INFO - === Phase 2: Co-Training ===
2026-02-23 17:22:53,766 - lg_cotrain - INFO - LR scheduler: total_steps_1=4760, warmup=1130; total_steps_2=4660, warmup=1106
2026-02-23 17:22:53,767 - lg_cotrain - INFO - Phase 1 done -> seeded Phase 2 trackers. lambda1: mean=0.4644, range=[0.0007, 0.9766]
2026-02-23 17:22:53,767 - lg_cotrain - INFO - Phase 1 done -> seeded Phase 2 trackers. lambda2: mean=0.2940, range=[0.0011, 0.9836]
2026-02-23 17:23:16,418 - lg_cotrain - INFO - Phase 2 epoch 1/20: loss1=0.4579, loss2=0.6187, dev_macro_f1=0.3340, dev_err=34.65%
2026-02-23 17:23:39,067 - lg_cotrain - INFO - Phase 2 epoch 2/20: loss1=0.0496, loss2=0.3193, dev_macro_f1=0.4495, dev_err=25.00%
2026-02-23 17:24:01,780 - lg_cotrain - INFO - Phase 2 epoch 3/20: loss1=0.0358, loss2=0.2311, dev_macro_f1=0.4568, dev_err=24.12%
2026-02-23 17:24:24,397 - lg_cotrain - INFO - Phase 2 epoch 4/20: loss1=0.0539, loss2=0.2635, dev_macro_f1=0.4318, dev_err=26.32%
2026-02-23 17:24:47,019 - lg_cotrain - INFO - Phase 2 epoch 5/20: loss1=0.0820, loss2=0.2398, dev_macro_f1=0.4078, dev_err=30.26%
2026-02-23 17:25:11,103 - lg_cotrain - INFO - Phase 2 epoch 6/20: loss1=0.2915, loss2=0.3414, dev_macro_f1=0.3653, dev_err=33.33%
2026-02-23 17:25:35,397 - lg_cotrain - INFO - Phase 2 epoch 7/20: loss1=0.3368, loss2=0.9197, dev_macro_f1=0.1642, dev_err=45.61%
2026-02-23 17:25:58,180 - lg_cotrain - INFO - Phase 2 epoch 8/20: loss1=0.2551, loss2=0.9676, dev_macro_f1=0.1432, dev_err=55.26%
2026-02-23 17:26:22,341 - lg_cotrain - INFO - Phase 2 epoch 9/20: loss1=0.3002, loss2=0.8408, dev_macro_f1=0.0735, dev_err=58.33%
2026-02-23 17:26:46,056 - lg_cotrain - INFO - Phase 2 epoch 10/20: loss1=0.2173, loss2=0.7684, dev_macro_f1=0.1533, dev_err=52.19%
2026-02-23 17:27:09,358 - lg_cotrain - INFO - Phase 2 epoch 11/20: loss1=0.2430, loss2=0.7418, dev_macro_f1=0.0735, dev_err=58.33%
2026-02-23 17:27:32,409 - lg_cotrain - INFO - Phase 2 epoch 12/20: loss1=0.1646, loss2=0.7133, dev_macro_f1=0.1627, dev_err=46.05%
2026-02-23 17:27:55,615 - lg_cotrain - INFO - Phase 2 epoch 13/20: loss1=0.1983, loss2=0.6862, dev_macro_f1=0.0735, dev_err=58.33%
2026-02-23 17:28:18,289 - lg_cotrain - INFO - Phase 2 epoch 14/20: loss1=0.2087, loss2=0.6784, dev_macro_f1=0.0735, dev_err=58.33%
2026-02-23 17:28:40,954 - lg_cotrain - INFO - Phase 2 epoch 15/20: loss1=0.1991, loss2=0.6521, dev_macro_f1=0.0735, dev_err=58.33%
2026-02-23 17:29:03,605 - lg_cotrain - INFO - Phase 2 epoch 16/20: loss1=0.1894, loss2=0.6380, dev_macro_f1=0.0735, dev_err=58.33%
2026-02-23 17:29:26,277 - lg_cotrain - INFO - Phase 2 epoch 17/20: loss1=0.1813, loss2=0.6556, dev_macro_f1=0.0735, dev_err=58.33%
2026-02-23 17:29:49,230 - lg_cotrain - INFO - Phase 2 epoch 18/20: loss1=0.1760, loss2=0.6486, dev_macro_f1=0.0735, dev_err=58.33%
2026-02-23 17:30:11,893 - lg_cotrain - INFO - Phase 2 epoch 19/20: loss1=0.1687, loss2=0.6392, dev_macro_f1=0.0735, dev_err=58.33%
2026-02-23 17:30:34,772 - lg_cotrain - INFO - Phase 2 epoch 20/20: loss1=0.1652, loss2=0.6247, dev_macro_f1=0.0735, dev_err=58.33%
2026-02-23 17:30:34,772 - lg_cotrain - INFO - === Phase 3: Fine-Tuning ===
2026-02-23 17:30:36,787 - lg_cotrain - INFO - Phase 3 epoch 1: dev_macro_f1=0.1130, dev_err=67.11%, es_counter1=0, es_counter2=0
2026-02-23 17:30:38,787 - lg_cotrain - INFO - Phase 3 epoch 2: dev_macro_f1=0.1173, dev_err=65.79%, es_counter1=0, es_counter2=0
2026-02-23 17:30:40,768 - lg_cotrain - INFO - Phase 3 epoch 3: dev_macro_f1=0.1432, dev_err=56.58%, es_counter1=0, es_counter2=0
2026-02-23 17:30:42,730 - lg_cotrain - INFO - Phase 3 epoch 4: dev_macro_f1=0.0735, dev_err=58.33%, es_counter1=1, es_counter2=1
2026-02-23 17:30:44,695 - lg_cotrain - INFO - Phase 3 epoch 5: dev_macro_f1=0.1130, dev_err=67.11%, es_counter1=2, es_counter2=2
2026-02-23 17:30:46,666 - lg_cotrain - INFO - Phase 3 epoch 6: dev_macro_f1=0.1211, dev_err=64.47%, es_counter1=3, es_counter2=3
2026-02-23 17:30:48,636 - lg_cotrain - INFO - Phase 3 epoch 7: dev_macro_f1=0.1432, dev_err=56.58%, es_counter1=4, es_counter2=4
2026-02-23 17:30:48,636 - lg_cotrain - INFO - Early stopping at epoch 7
2026-02-23 17:30:48,646 - lg_cotrain - INFO - === Final Evaluation ===
2026-02-23 17:30:50,933 - lg_cotrain - INFO - Results saved to C:\Users\anhtr\AppData\Local\Temp\tmpsyoef81f\canada_wildfires_2016\25_set2\metrics.json
2026-02-23 17:30:50,934 - lg_cotrain - INFO - Test error rate: 61.57%, Test macro-F1: 0.1301, Test ECE: 0.1808
2026-02-23 17:30:50,944 - lg_cotrain - INFO - --- Trial 2/10 done: dev_macro_f1=0.1432 ---
2026-02-23 17:30:50,944 - lg_cotrain - INFO - --- Trial 3/10 ---
2026-02-23 17:30:51,506 - lg_cotrain - INFO - Starting LG-CoTrain: event=canada_wildfires_2016, budget=25, seed_set=2
2026-02-23 17:30:51,516 - lg_cotrain - INFO - Detected 8 classes for event canada_wildfires_2016: ['caution_and_advice', 'displaced_people_and_evacuations', 'infrastructure_and_utility_damage', 'not_humanitarian', 'other_relevant_information', 'requests_or_urgent_needs', 'rescue_volunteering_or_donation_effort', 'sympathy_and_support']
2026-02-23 17:30:51,521 - lg_cotrain - INFO - D_l1: 98, D_l2: 91, D_LG: 1380
2026-02-23 17:30:51,522 - lg_cotrain - INFO - === Phase 1: Weight Generation ===
2026-02-23 17:30:58,130 - lg_cotrain - INFO - Phase 1 epoch 1/7: mean_prob1=0.1397, mean_prob2=0.1387
2026-02-23 17:31:03,924 - lg_cotrain - INFO - Phase 1 epoch 2/7: mean_prob1=0.2135, mean_prob2=0.1530
2026-02-23 17:31:09,676 - lg_cotrain - INFO - Phase 1 epoch 3/7: mean_prob1=0.2385, mean_prob2=0.1878
2026-02-23 17:31:15,440 - lg_cotrain - INFO - Phase 1 epoch 4/7: mean_prob1=0.2926, mean_prob2=0.2312
2026-02-23 17:31:21,144 - lg_cotrain - INFO - Phase 1 epoch 5/7: mean_prob1=0.3451, mean_prob2=0.3190
2026-02-23 17:31:26,809 - lg_cotrain - INFO - Phase 1 epoch 6/7: mean_prob1=0.3667, mean_prob2=0.3985
2026-02-23 17:31:32,490 - lg_cotrain - INFO - Phase 1 epoch 7/7: mean_prob1=0.4446, mean_prob2=0.4821
2026-02-23 17:31:32,490 - lg_cotrain - INFO - === Phase 2: Co-Training ===
2026-02-23 17:31:33,514 - lg_cotrain - INFO - LR scheduler: total_steps_1=1309, warmup=312; total_steps_2=1209, warmup=288
2026-02-23 17:31:33,514 - lg_cotrain - INFO - Phase 1 done -> seeded Phase 2 trackers. lambda1: mean=0.4446, range=[0.0044, 0.8318]
2026-02-23 17:31:33,514 - lg_cotrain - INFO - Phase 1 done -> seeded Phase 2 trackers. lambda2: mean=0.4821, range=[0.0070, 0.8452]
2026-02-23 17:31:53,113 - lg_cotrain - INFO - Phase 2 epoch 1/7: loss1=0.7890, loss2=0.6883, dev_macro_f1=0.1610, dev_err=45.18%
2026-02-23 17:32:12,566 - lg_cotrain - INFO - Phase 2 epoch 2/7: loss1=0.1115, loss2=0.3248, dev_macro_f1=0.3484, dev_err=30.70%
2026-02-23 17:32:32,107 - lg_cotrain - INFO - Phase 2 epoch 3/7: loss1=0.0593, loss2=0.1610, dev_macro_f1=0.5174, dev_err=24.12%
2026-02-23 17:32:51,704 - lg_cotrain - INFO - Phase 2 epoch 4/7: loss1=0.0477, loss2=0.1968, dev_macro_f1=0.4624, dev_err=23.25%
2026-02-23 17:33:11,315 - lg_cotrain - INFO - Phase 2 epoch 5/7: loss1=0.0225, loss2=0.1230, dev_macro_f1=0.4892, dev_err=22.81%
2026-02-23 17:33:31,020 - lg_cotrain - INFO - Phase 2 epoch 6/7: loss1=0.0366, loss2=0.0601, dev_macro_f1=0.5340, dev_err=23.25%
2026-02-23 17:33:50,685 - lg_cotrain - INFO - Phase 2 epoch 7/7: loss1=0.0261, loss2=0.0331, dev_macro_f1=0.5181, dev_err=24.12%
2026-02-23 17:33:50,685 - lg_cotrain - INFO - === Phase 3: Fine-Tuning ===
2026-02-23 17:33:52,442 - lg_cotrain - INFO - Phase 3 epoch 1: dev_macro_f1=0.4913, dev_err=35.96%, es_counter1=0, es_counter2=0
2026-02-23 17:33:54,214 - lg_cotrain - INFO - Phase 3 epoch 2: dev_macro_f1=0.6051, dev_err=20.61%, es_counter1=0, es_counter2=0
2026-02-23 17:33:55,944 - lg_cotrain - INFO - Phase 3 epoch 3: dev_macro_f1=0.5898, dev_err=21.49%, es_counter1=1, es_counter2=1
2026-02-23 17:33:57,681 - lg_cotrain - INFO - Phase 3 epoch 4: dev_macro_f1=0.5649, dev_err=22.81%, es_counter1=2, es_counter2=2
2026-02-23 17:33:59,421 - lg_cotrain - INFO - Phase 3 epoch 5: dev_macro_f1=0.6003, dev_err=21.49%, es_counter1=3, es_counter2=3
2026-02-23 17:34:01,184 - lg_cotrain - INFO - Phase 3 epoch 6: dev_macro_f1=0.6793, dev_err=18.86%, es_counter1=0, es_counter2=0
2026-02-23 17:34:02,931 - lg_cotrain - INFO - Phase 3 epoch 7: dev_macro_f1=0.6331, dev_err=22.81%, es_counter1=1, es_counter2=1
2026-02-23 17:34:04,667 - lg_cotrain - INFO - Phase 3 epoch 8: dev_macro_f1=0.6527, dev_err=23.68%, es_counter1=2, es_counter2=2
2026-02-23 17:34:06,397 - lg_cotrain - INFO - Phase 3 epoch 9: dev_macro_f1=0.6664, dev_err=22.81%, es_counter1=3, es_counter2=3
2026-02-23 17:34:08,148 - lg_cotrain - INFO - Phase 3 epoch 10: dev_macro_f1=0.6820, dev_err=21.93%, es_counter1=0, es_counter2=0
2026-02-23 17:34:09,883 - lg_cotrain - INFO - Phase 3 epoch 11: dev_macro_f1=0.6734, dev_err=22.37%, es_counter1=1, es_counter2=1
2026-02-23 17:34:11,611 - lg_cotrain - INFO - Phase 3 epoch 12: dev_macro_f1=0.6712, dev_err=22.81%, es_counter1=2, es_counter2=2
2026-02-23 17:34:13,342 - lg_cotrain - INFO - Phase 3 epoch 13: dev_macro_f1=0.6738, dev_err=22.81%, es_counter1=3, es_counter2=3
2026-02-23 17:34:15,070 - lg_cotrain - INFO - Phase 3 epoch 14: dev_macro_f1=0.6738, dev_err=22.81%, es_counter1=4, es_counter2=4
2026-02-23 17:34:16,810 - lg_cotrain - INFO - Phase 3 epoch 15: dev_macro_f1=0.6742, dev_err=22.81%, es_counter1=5, es_counter2=5
2026-02-23 17:34:18,550 - lg_cotrain - INFO - Phase 3 epoch 16: dev_macro_f1=0.6742, dev_err=22.81%, es_counter1=6, es_counter2=6
2026-02-23 17:34:20,288 - lg_cotrain - INFO - Phase 3 epoch 17: dev_macro_f1=0.6742, dev_err=22.81%, es_counter1=7, es_counter2=7
2026-02-23 17:34:22,016 - lg_cotrain - INFO - Phase 3 epoch 18: dev_macro_f1=0.6742, dev_err=22.81%, es_counter1=8, es_counter2=8
2026-02-23 17:34:22,016 - lg_cotrain - INFO - Early stopping at epoch 18
2026-02-23 17:34:22,026 - lg_cotrain - INFO - === Final Evaluation ===
2026-02-23 17:34:24,224 - lg_cotrain - INFO - Results saved to C:\Users\anhtr\AppData\Local\Temp\tmpsl8fjxdi\canada_wildfires_2016\25_set2\metrics.json
2026-02-23 17:34:24,225 - lg_cotrain - INFO - Test error rate: 27.64%, Test macro-F1: 0.5654, Test ECE: 0.1105
2026-02-23 17:34:24,235 - lg_cotrain - INFO - --- Trial 3/10 done: dev_macro_f1=0.6820 ---
2026-02-23 17:34:24,235 - lg_cotrain - INFO - --- Trial 4/10 ---
2026-02-23 17:34:24,817 - lg_cotrain - INFO - Starting LG-CoTrain: event=canada_wildfires_2016, budget=25, seed_set=2
2026-02-23 17:34:24,829 - lg_cotrain - INFO - Detected 8 classes for event canada_wildfires_2016: ['caution_and_advice', 'displaced_people_and_evacuations', 'infrastructure_and_utility_damage', 'not_humanitarian', 'other_relevant_information', 'requests_or_urgent_needs', 'rescue_volunteering_or_donation_effort', 'sympathy_and_support']
2026-02-23 17:34:24,833 - lg_cotrain - INFO - D_l1: 98, D_l2: 91, D_LG: 1380
2026-02-23 17:34:24,834 - lg_cotrain - INFO - === Phase 1: Weight Generation ===
2026-02-23 17:34:31,062 - lg_cotrain - INFO - Phase 1 epoch 1/7: mean_prob1=0.1454, mean_prob2=0.1290
2026-02-23 17:34:36,200 - lg_cotrain - INFO - Phase 1 epoch 2/7: mean_prob1=0.1730, mean_prob2=0.1434
2026-02-23 17:34:41,301 - lg_cotrain - INFO - Phase 1 epoch 3/7: mean_prob1=0.1514, mean_prob2=0.1575
2026-02-23 17:34:46,427 - lg_cotrain - INFO - Phase 1 epoch 4/7: mean_prob1=0.1761, mean_prob2=0.1573
2026-02-23 17:34:51,535 - lg_cotrain - INFO - Phase 1 epoch 5/7: mean_prob1=0.2344, mean_prob2=0.1682
2026-02-23 17:34:56,708 - lg_cotrain - INFO - Phase 1 epoch 6/7: mean_prob1=0.2147, mean_prob2=0.1676
2026-02-23 17:35:01,873 - lg_cotrain - INFO - Phase 1 epoch 7/7: mean_prob1=0.1622, mean_prob2=0.1842
2026-02-23 17:35:01,874 - lg_cotrain - INFO - === Phase 2: Co-Training ===
2026-02-23 17:35:02,858 - lg_cotrain - INFO - LR scheduler: total_steps_1=1016, warmup=240; total_steps_2=916, warmup=216
2026-02-23 17:35:02,859 - lg_cotrain - INFO - Phase 1 done -> seeded Phase 2 trackers. lambda1: mean=0.1622, range=[0.0185, 0.4985]
2026-02-23 17:35:02,859 - lg_cotrain - INFO - Phase 1 done -> seeded Phase 2 trackers. lambda2: mean=0.1842, range=[0.0187, 0.4461]
2026-02-23 17:35:20,170 - lg_cotrain - INFO - Phase 2 epoch 1/14: loss1=0.3671, loss2=0.3193, dev_macro_f1=0.0735, dev_err=58.33%
2026-02-23 17:35:37,552 - lg_cotrain - INFO - Phase 2 epoch 2/14: loss1=0.1887, loss2=0.2964, dev_macro_f1=0.1832, dev_err=47.37%
2026-02-23 17:35:54,901 - lg_cotrain - INFO - Phase 2 epoch 3/14: loss1=0.1151, loss2=0.2538, dev_macro_f1=0.2741, dev_err=34.21%
2026-02-23 17:36:12,189 - lg_cotrain - INFO - Phase 2 epoch 4/14: loss1=0.0728, loss2=0.1838, dev_macro_f1=0.3822, dev_err=28.07%
2026-02-23 17:36:29,582 - lg_cotrain - INFO - Phase 2 epoch 5/14: loss1=0.0421, loss2=0.1308, dev_macro_f1=0.4407, dev_err=24.12%
2026-02-23 17:36:46,971 - lg_cotrain - INFO - Phase 2 epoch 6/14: loss1=0.0277, loss2=0.0925, dev_macro_f1=0.4748, dev_err=24.56%
2026-02-23 17:37:04,309 - lg_cotrain - INFO - Phase 2 epoch 7/14: loss1=0.0168, loss2=0.0680, dev_macro_f1=0.4995, dev_err=24.56%
2026-02-23 17:37:21,769 - lg_cotrain - INFO - Phase 2 epoch 8/14: loss1=0.0176, loss2=0.0566, dev_macro_f1=0.5146, dev_err=23.68%
2026-02-23 17:37:39,060 - lg_cotrain - INFO - Phase 2 epoch 9/14: loss1=0.0242, loss2=0.0411, dev_macro_f1=0.5192, dev_err=22.81%
2026-02-23 17:37:56,321 - lg_cotrain - INFO - Phase 2 epoch 10/14: loss1=0.0209, loss2=0.0272, dev_macro_f1=0.4931, dev_err=25.00%
2026-02-23 17:38:13,662 - lg_cotrain - INFO - Phase 2 epoch 11/14: loss1=0.0114, loss2=0.0149, dev_macro_f1=0.5154, dev_err=23.25%
2026-02-23 17:38:31,044 - lg_cotrain - INFO - Phase 2 epoch 12/14: loss1=0.0101, loss2=0.0112, dev_macro_f1=0.5310, dev_err=24.12%
2026-02-23 17:38:48,436 - lg_cotrain - INFO - Phase 2 epoch 13/14: loss1=0.0069, loss2=0.0094, dev_macro_f1=0.5289, dev_err=22.37%
2026-02-23 17:39:06,080 - lg_cotrain - INFO - Phase 2 epoch 14/14: loss1=0.0063, loss2=0.0076, dev_macro_f1=0.5122, dev_err=24.12%
2026-02-23 17:39:06,081 - lg_cotrain - INFO - === Phase 3: Fine-Tuning ===
2026-02-23 17:39:07,648 - lg_cotrain - INFO - Phase 3 epoch 1: dev_macro_f1=0.5278, dev_err=25.88%, es_counter1=0, es_counter2=0
2026-02-23 17:39:09,183 - lg_cotrain - INFO - Phase 3 epoch 2: dev_macro_f1=0.4763, dev_err=31.58%, es_counter1=1, es_counter2=1
2026-02-23 17:39:10,761 - lg_cotrain - INFO - Phase 3 epoch 3: dev_macro_f1=0.5333, dev_err=27.19%, es_counter1=0, es_counter2=0
2026-02-23 17:39:12,327 - lg_cotrain - INFO - Phase 3 epoch 4: dev_macro_f1=0.6035, dev_err=23.68%, es_counter1=0, es_counter2=0
2026-02-23 17:39:13,866 - lg_cotrain - INFO - Phase 3 epoch 5: dev_macro_f1=0.5889, dev_err=25.44%, es_counter1=1, es_counter2=1
2026-02-23 17:39:15,457 - lg_cotrain - INFO - Phase 3 epoch 6: dev_macro_f1=0.6161, dev_err=22.81%, es_counter1=0, es_counter2=0
2026-02-23 17:39:17,000 - lg_cotrain - INFO - Phase 3 epoch 7: dev_macro_f1=0.6028, dev_err=22.81%, es_counter1=1, es_counter2=1
2026-02-23 17:39:18,540 - lg_cotrain - INFO - Phase 3 epoch 8: dev_macro_f1=0.5942, dev_err=23.25%, es_counter1=2, es_counter2=2
2026-02-23 17:39:20,104 - lg_cotrain - INFO - Phase 3 epoch 9: dev_macro_f1=0.5915, dev_err=23.25%, es_counter1=3, es_counter2=3
2026-02-23 17:39:21,648 - lg_cotrain - INFO - Phase 3 epoch 10: dev_macro_f1=0.5923, dev_err=23.68%, es_counter1=4, es_counter2=4
2026-02-23 17:39:23,234 - lg_cotrain - INFO - Phase 3 epoch 11: dev_macro_f1=0.5979, dev_err=23.68%, es_counter1=5, es_counter2=5
2026-02-23 17:39:24,867 - lg_cotrain - INFO - Phase 3 epoch 12: dev_macro_f1=0.5941, dev_err=24.12%, es_counter1=6, es_counter2=6
2026-02-23 17:39:26,426 - lg_cotrain - INFO - Phase 3 epoch 13: dev_macro_f1=0.6543, dev_err=23.25%, es_counter1=0, es_counter2=0
2026-02-23 17:39:27,968 - lg_cotrain - INFO - Phase 3 epoch 14: dev_macro_f1=0.6479, dev_err=23.25%, es_counter1=1, es_counter2=1
2026-02-23 17:39:29,523 - lg_cotrain - INFO - Phase 3 epoch 15: dev_macro_f1=0.6433, dev_err=23.25%, es_counter1=2, es_counter2=2
2026-02-23 17:39:31,069 - lg_cotrain - INFO - Phase 3 epoch 16: dev_macro_f1=0.6427, dev_err=23.25%, es_counter1=3, es_counter2=3
2026-02-23 17:39:32,609 - lg_cotrain - INFO - Phase 3 epoch 17: dev_macro_f1=0.6427, dev_err=23.25%, es_counter1=4, es_counter2=4
2026-02-23 17:39:34,154 - lg_cotrain - INFO - Phase 3 epoch 18: dev_macro_f1=0.6409, dev_err=23.68%, es_counter1=5, es_counter2=5
2026-02-23 17:39:35,721 - lg_cotrain - INFO - Phase 3 epoch 19: dev_macro_f1=0.6409, dev_err=23.68%, es_counter1=6, es_counter2=6
2026-02-23 17:39:37,265 - lg_cotrain - INFO - Phase 3 epoch 20: dev_macro_f1=0.6263, dev_err=24.12%, es_counter1=7, es_counter2=7
2026-02-23 17:39:38,807 - lg_cotrain - INFO - Phase 3 epoch 21: dev_macro_f1=0.6214, dev_err=24.56%, es_counter1=8, es_counter2=8
2026-02-23 17:39:40,373 - lg_cotrain - INFO - Phase 3 epoch 22: dev_macro_f1=0.6214, dev_err=24.56%, es_counter1=9, es_counter2=9
2026-02-23 17:39:40,373 - lg_cotrain - INFO - Early stopping at epoch 22
2026-02-23 17:39:40,385 - lg_cotrain - INFO - === Final Evaluation ===
2026-02-23 17:39:42,377 - lg_cotrain - INFO - Results saved to C:\Users\anhtr\AppData\Local\Temp\tmpmon5cgwr\canada_wildfires_2016\25_set2\metrics.json
2026-02-23 17:39:42,377 - lg_cotrain - INFO - Test error rate: 25.84%, Test macro-F1: 0.5769, Test ECE: 0.1113
2026-02-23 17:39:42,388 - lg_cotrain - INFO - --- Trial 4/10 done: dev_macro_f1=0.6543 ---
2026-02-23 17:39:42,389 - lg_cotrain - INFO - --- Trial 5/10 ---
2026-02-23 17:39:42,979 - lg_cotrain - INFO - Starting LG-CoTrain: event=canada_wildfires_2016, budget=25, seed_set=2
2026-02-23 17:39:42,993 - lg_cotrain - INFO - Detected 8 classes for event canada_wildfires_2016: ['caution_and_advice', 'displaced_people_and_evacuations', 'infrastructure_and_utility_damage', 'not_humanitarian', 'other_relevant_information', 'requests_or_urgent_needs', 'rescue_volunteering_or_donation_effort', 'sympathy_and_support']
2026-02-23 17:39:42,998 - lg_cotrain - INFO - D_l1: 98, D_l2: 91, D_LG: 1380
2026-02-23 17:39:42,998 - lg_cotrain - INFO - === Phase 1: Weight Generation ===
2026-02-23 17:39:49,252 - lg_cotrain - INFO - Phase 1 epoch 1/7: mean_prob1=0.1735, mean_prob2=0.1194
2026-02-23 17:39:54,569 - lg_cotrain - INFO - Phase 1 epoch 2/7: mean_prob1=0.2021, mean_prob2=0.1479
2026-02-23 17:39:59,772 - lg_cotrain - INFO - Phase 1 epoch 3/7: mean_prob1=0.2249, mean_prob2=0.1736
2026-02-23 17:40:04,960 - lg_cotrain - INFO - Phase 1 epoch 4/7: mean_prob1=0.3269, mean_prob2=0.2041
2026-02-23 17:40:10,170 - lg_cotrain - INFO - Phase 1 epoch 5/7: mean_prob1=0.2735, mean_prob2=0.2232
2026-02-23 17:40:15,380 - lg_cotrain - INFO - Phase 1 epoch 6/7: mean_prob1=0.4162, mean_prob2=0.3102
2026-02-23 17:40:20,602 - lg_cotrain - INFO - Phase 1 epoch 7/7: mean_prob1=0.3877, mean_prob2=0.4075
2026-02-23 17:40:20,602 - lg_cotrain - INFO - === Phase 2: Co-Training ===
2026-02-23 17:40:21,609 - lg_cotrain - INFO - LR scheduler: total_steps_1=1104, warmup=27; total_steps_2=1004, warmup=25
2026-02-23 17:40:21,609 - lg_cotrain - INFO - Phase 1 done -> seeded Phase 2 trackers. lambda1: mean=0.3877, range=[0.0034, 0.8004]
2026-02-23 17:40:21,609 - lg_cotrain - INFO - Phase 1 done -> seeded Phase 2 trackers. lambda2: mean=0.4075, range=[0.0077, 0.8511]
2026-02-23 17:40:39,119 - lg_cotrain - INFO - Phase 2 epoch 1/16: loss1=0.4713, loss2=0.4734, dev_macro_f1=0.4133, dev_err=28.07%
2026-02-23 17:40:56,451 - lg_cotrain - INFO - Phase 2 epoch 2/16: loss1=0.1227, loss2=0.2729, dev_macro_f1=0.4731, dev_err=22.81%
2026-02-23 17:41:13,772 - lg_cotrain - INFO - Phase 2 epoch 3/16: loss1=0.0523, loss2=0.1919, dev_macro_f1=0.5148, dev_err=22.81%
2026-02-23 17:41:31,214 - lg_cotrain - INFO - Phase 2 epoch 4/16: loss1=0.0357, loss2=0.1313, dev_macro_f1=0.4963, dev_err=22.37%
2026-02-23 17:41:48,614 - lg_cotrain - INFO - Phase 2 epoch 5/16: loss1=0.0266, loss2=0.1428, dev_macro_f1=0.4972, dev_err=23.25%
2026-02-23 17:42:06,019 - lg_cotrain - INFO - Phase 2 epoch 6/16: loss1=0.0329, loss2=0.1222, dev_macro_f1=0.5273, dev_err=24.12%
2026-02-23 17:42:23,438 - lg_cotrain - INFO - Phase 2 epoch 7/16: loss1=0.0825, loss2=0.1028, dev_macro_f1=0.5253, dev_err=23.25%
2026-02-23 17:42:40,835 - lg_cotrain - INFO - Phase 2 epoch 8/16: loss1=0.0715, loss2=0.1011, dev_macro_f1=0.5233, dev_err=23.68%
2026-02-23 17:42:58,182 - lg_cotrain - INFO - Phase 2 epoch 9/16: loss1=0.0571, loss2=0.0637, dev_macro_f1=0.5315, dev_err=23.68%
2026-02-23 17:43:15,635 - lg_cotrain - INFO - Phase 2 epoch 10/16: loss1=0.0447, loss2=0.0423, dev_macro_f1=0.5298, dev_err=22.81%
2026-02-23 17:43:33,370 - lg_cotrain - INFO - Phase 2 epoch 11/16: loss1=0.0187, loss2=0.0384, dev_macro_f1=0.5145, dev_err=23.68%
2026-02-23 17:43:50,777 - lg_cotrain - INFO - Phase 2 epoch 12/16: loss1=0.0179, loss2=0.0347, dev_macro_f1=0.5175, dev_err=24.12%
2026-02-23 17:44:08,158 - lg_cotrain - INFO - Phase 2 epoch 13/16: loss1=0.0096, loss2=0.0170, dev_macro_f1=0.5269, dev_err=24.56%
2026-02-23 17:44:25,518 - lg_cotrain - INFO - Phase 2 epoch 14/16: loss1=0.0155, loss2=0.0270, dev_macro_f1=0.5056, dev_err=25.88%
2026-02-23 17:44:42,841 - lg_cotrain - INFO - Phase 2 epoch 15/16: loss1=0.0270, loss2=0.0090, dev_macro_f1=0.5395, dev_err=22.81%
2026-02-23 17:45:00,154 - lg_cotrain - INFO - Phase 2 epoch 16/16: loss1=0.0111, loss2=0.0064, dev_macro_f1=0.5139, dev_err=24.12%
2026-02-23 17:45:00,159 - lg_cotrain - INFO - === Phase 3: Fine-Tuning ===
2026-02-23 17:45:01,704 - lg_cotrain - INFO - Phase 3 epoch 1: dev_macro_f1=0.5185, dev_err=24.56%, es_counter1=0, es_counter2=0
2026-02-23 17:45:03,265 - lg_cotrain - INFO - Phase 3 epoch 2: dev_macro_f1=0.5206, dev_err=25.88%, es_counter1=0, es_counter2=0
2026-02-23 17:45:04,822 - lg_cotrain - INFO - Phase 3 epoch 3: dev_macro_f1=0.5288, dev_err=27.19%, es_counter1=0, es_counter2=0
2026-02-23 17:45:06,389 - lg_cotrain - INFO - Phase 3 epoch 4: dev_macro_f1=0.5678, dev_err=24.12%, es_counter1=0, es_counter2=0
2026-02-23 17:45:07,925 - lg_cotrain - INFO - Phase 3 epoch 5: dev_macro_f1=0.5610, dev_err=23.68%, es_counter1=1, es_counter2=1
2026-02-23 17:45:09,484 - lg_cotrain - INFO - Phase 3 epoch 6: dev_macro_f1=0.5720, dev_err=22.37%, es_counter1=0, es_counter2=0
2026-02-23 17:45:11,037 - lg_cotrain - INFO - Phase 3 epoch 7: dev_macro_f1=0.6221, dev_err=21.49%, es_counter1=0, es_counter2=0
2026-02-23 17:45:12,575 - lg_cotrain - INFO - Phase 3 epoch 8: dev_macro_f1=0.5406, dev_err=25.00%, es_counter1=1, es_counter2=1
2026-02-23 17:45:14,108 - lg_cotrain - INFO - Phase 3 epoch 9: dev_macro_f1=0.5554, dev_err=23.68%, es_counter1=2, es_counter2=2
2026-02-23 17:45:15,641 - lg_cotrain - INFO - Phase 3 epoch 10: dev_macro_f1=0.5886, dev_err=22.81%, es_counter1=3, es_counter2=3
2026-02-23 17:45:17,172 - lg_cotrain - INFO - Phase 3 epoch 11: dev_macro_f1=0.5859, dev_err=23.25%, es_counter1=4, es_counter2=4
2026-02-23 17:45:18,704 - lg_cotrain - INFO - Phase 3 epoch 12: dev_macro_f1=0.5900, dev_err=23.68%, es_counter1=5, es_counter2=5
2026-02-23 17:45:20,237 - lg_cotrain - INFO - Phase 3 epoch 13: dev_macro_f1=0.6073, dev_err=22.81%, es_counter1=6, es_counter2=6
2026-02-23 17:45:21,760 - lg_cotrain - INFO - Phase 3 epoch 14: dev_macro_f1=0.6062, dev_err=22.81%, es_counter1=7, es_counter2=7
2026-02-23 17:45:21,760 - lg_cotrain - INFO - Early stopping at epoch 14
2026-02-23 17:45:21,769 - lg_cotrain - INFO - === Final Evaluation ===
2026-02-23 17:45:23,755 - lg_cotrain - INFO - Results saved to C:\Users\anhtr\AppData\Local\Temp\tmpwcmd7r8h\canada_wildfires_2016\25_set2\metrics.json
2026-02-23 17:45:23,755 - lg_cotrain - INFO - Test error rate: 25.84%, Test macro-F1: 0.5760, Test ECE: 0.0621
2026-02-23 17:45:23,764 - lg_cotrain - INFO - --- Trial 5/10 done: dev_macro_f1=0.6221 ---
2026-02-23 17:45:23,764 - lg_cotrain - INFO - --- Trial 6/10 ---
2026-02-23 17:45:24,349 - lg_cotrain - INFO - Starting LG-CoTrain: event=canada_wildfires_2016, budget=25, seed_set=2
2026-02-23 17:45:24,362 - lg_cotrain - INFO - Detected 8 classes for event canada_wildfires_2016: ['caution_and_advice', 'displaced_people_and_evacuations', 'infrastructure_and_utility_damage', 'not_humanitarian', 'other_relevant_information', 'requests_or_urgent_needs', 'rescue_volunteering_or_donation_effort', 'sympathy_and_support']
2026-02-23 17:45:24,362 - lg_cotrain - INFO - D_l1: 98, D_l2: 91, D_LG: 1380
2026-02-23 17:45:24,362 - lg_cotrain - INFO - === Phase 1: Weight Generation ===
2026-02-23 17:45:30,253 - lg_cotrain - INFO - Phase 1 epoch 1/7: mean_prob1=0.1002, mean_prob2=0.1270
2026-02-23 17:45:35,146 - lg_cotrain - INFO - Phase 1 epoch 2/7: mean_prob1=0.1193, mean_prob2=0.1266
2026-02-23 17:45:40,046 - lg_cotrain - INFO - Phase 1 epoch 3/7: mean_prob1=0.1379, mean_prob2=0.1360
2026-02-23 17:45:44,960 - lg_cotrain - INFO - Phase 1 epoch 4/7: mean_prob1=0.1218, mean_prob2=0.1542
2026-02-23 17:45:49,845 - lg_cotrain - INFO - Phase 1 epoch 5/7: mean_prob1=0.1257, mean_prob2=0.1684
2026-02-23 17:45:54,790 - lg_cotrain - INFO - Phase 1 epoch 6/7: mean_prob1=0.1584, mean_prob2=0.1715
2026-02-23 17:45:59,711 - lg_cotrain - INFO - Phase 1 epoch 7/7: mean_prob1=0.1442, mean_prob2=0.1602
2026-02-23 17:45:59,711 - lg_cotrain - INFO - === Phase 2: Co-Training ===
2026-02-23 17:46:00,753 - lg_cotrain - INFO - LR scheduler: total_steps_1=376, warmup=74; total_steps_2=376, warmup=74
2026-02-23 17:46:00,753 - lg_cotrain - INFO - Phase 1 done -> seeded Phase 2 trackers. lambda1: mean=0.1442, range=[0.0475, 0.3436]
2026-02-23 17:46:00,753 - lg_cotrain - INFO - Phase 1 done -> seeded Phase 2 trackers. lambda2: mean=0.1602, range=[0.0136, 0.4059]
2026-02-23 17:46:16,866 - lg_cotrain - INFO - Phase 2 epoch 1/8: loss1=0.2901, loss2=0.2515, dev_macro_f1=0.0735, dev_err=58.33%
2026-02-23 17:46:33,002 - lg_cotrain - INFO - Phase 2 epoch 2/8: loss1=0.1054, loss2=0.1904, dev_macro_f1=0.3694, dev_err=30.70%
2026-02-23 17:46:49,139 - lg_cotrain - INFO - Phase 2 epoch 3/8: loss1=0.0502, loss2=0.1525, dev_macro_f1=0.4313, dev_err=25.88%
2026-02-23 17:47:05,235 - lg_cotrain - INFO - Phase 2 epoch 4/8: loss1=0.0422, loss2=0.1634, dev_macro_f1=0.4473, dev_err=24.56%
2026-02-23 17:47:21,353 - lg_cotrain - INFO - Phase 2 epoch 5/8: loss1=0.0320, loss2=0.1756, dev_macro_f1=0.4995, dev_err=23.25%
2026-02-23 17:47:37,528 - lg_cotrain - INFO - Phase 2 epoch 6/8: loss1=0.0303, loss2=0.1371, dev_macro_f1=0.4778, dev_err=24.56%
2026-02-23 17:47:53,667 - lg_cotrain - INFO - Phase 2 epoch 7/8: loss1=0.0241, loss2=0.1425, dev_macro_f1=0.4704, dev_err=25.88%
2026-02-23 17:48:09,805 - lg_cotrain - INFO - Phase 2 epoch 8/8: loss1=0.0285, loss2=0.1298, dev_macro_f1=0.4371, dev_err=26.75%
2026-02-23 17:48:09,805 - lg_cotrain - INFO - === Phase 3: Fine-Tuning ===
2026-02-23 17:48:11,247 - lg_cotrain - INFO - Phase 3 epoch 1: dev_macro_f1=0.5397, dev_err=26.32%, es_counter1=0, es_counter2=0
2026-02-23 17:48:12,680 - lg_cotrain - INFO - Phase 3 epoch 2: dev_macro_f1=0.4715, dev_err=31.58%, es_counter1=1, es_counter2=1
2026-02-23 17:48:14,129 - lg_cotrain - INFO - Phase 3 epoch 3: dev_macro_f1=0.5521, dev_err=25.44%, es_counter1=0, es_counter2=0
2026-02-23 17:48:15,556 - lg_cotrain - INFO - Phase 3 epoch 4: dev_macro_f1=0.5036, dev_err=35.09%, es_counter1=1, es_counter2=1
2026-02-23 17:48:16,979 - lg_cotrain - INFO - Phase 3 epoch 5: dev_macro_f1=0.5197, dev_err=30.70%, es_counter1=2, es_counter2=2
2026-02-23 17:48:18,439 - lg_cotrain - INFO - Phase 3 epoch 6: dev_macro_f1=0.6487, dev_err=25.88%, es_counter1=0, es_counter2=0
2026-02-23 17:48:19,867 - lg_cotrain - INFO - Phase 3 epoch 7: dev_macro_f1=0.5792, dev_err=27.63%, es_counter1=1, es_counter2=1
2026-02-23 17:48:21,292 - lg_cotrain - INFO - Phase 3 epoch 8: dev_macro_f1=0.5975, dev_err=26.32%, es_counter1=2, es_counter2=2
2026-02-23 17:48:22,717 - lg_cotrain - INFO - Phase 3 epoch 9: dev_macro_f1=0.5875, dev_err=25.44%, es_counter1=3, es_counter2=3
2026-02-23 17:48:24,178 - lg_cotrain - INFO - Phase 3 epoch 10: dev_macro_f1=0.6217, dev_err=22.37%, es_counter1=4, es_counter2=4
2026-02-23 17:48:25,683 - lg_cotrain - INFO - Phase 3 epoch 11: dev_macro_f1=0.5996, dev_err=25.00%, es_counter1=5, es_counter2=5
2026-02-23 17:48:27,275 - lg_cotrain - INFO - Phase 3 epoch 12: dev_macro_f1=0.6025, dev_err=24.56%, es_counter1=6, es_counter2=6
2026-02-23 17:48:28,725 - lg_cotrain - INFO - Phase 3 epoch 13: dev_macro_f1=0.5857, dev_err=26.32%, es_counter1=7, es_counter2=7
2026-02-23 17:48:30,194 - lg_cotrain - INFO - Phase 3 epoch 14: dev_macro_f1=0.5704, dev_err=29.39%, es_counter1=8, es_counter2=8
2026-02-23 17:48:31,630 - lg_cotrain - INFO - Phase 3 epoch 15: dev_macro_f1=0.5762, dev_err=30.26%, es_counter1=9, es_counter2=9
2026-02-23 17:48:31,630 - lg_cotrain - INFO - Early stopping at epoch 15
2026-02-23 17:48:31,640 - lg_cotrain - INFO - === Final Evaluation ===
2026-02-23 17:48:33,559 - lg_cotrain - INFO - Results saved to C:\Users\anhtr\AppData\Local\Temp\tmpet_tl78p\canada_wildfires_2016\25_set2\metrics.json
2026-02-23 17:48:33,559 - lg_cotrain - INFO - Test error rate: 29.44%, Test macro-F1: 0.5611, Test ECE: 0.1155
2026-02-23 17:48:33,569 - lg_cotrain - INFO - --- Trial 6/10 done: dev_macro_f1=0.6487 ---
2026-02-23 17:48:33,569 - lg_cotrain - INFO - --- Trial 7/10 ---
2026-02-23 17:48:34,173 - lg_cotrain - INFO - Starting LG-CoTrain: event=canada_wildfires_2016, budget=25, seed_set=2
2026-02-23 17:48:34,186 - lg_cotrain - INFO - Detected 8 classes for event canada_wildfires_2016: ['caution_and_advice', 'displaced_people_and_evacuations', 'infrastructure_and_utility_damage', 'not_humanitarian', 'other_relevant_information', 'requests_or_urgent_needs', 'rescue_volunteering_or_donation_effort', 'sympathy_and_support']
2026-02-23 17:48:34,190 - lg_cotrain - INFO - D_l1: 98, D_l2: 91, D_LG: 1380
2026-02-23 17:48:34,192 - lg_cotrain - INFO - === Phase 1: Weight Generation ===
2026-02-23 17:48:40,581 - lg_cotrain - INFO - Phase 1 epoch 1/7: mean_prob1=0.1475, mean_prob2=0.1214
2026-02-23 17:48:45,915 - lg_cotrain - INFO - Phase 1 epoch 2/7: mean_prob1=0.1588, mean_prob2=0.1514
2026-02-23 17:48:51,132 - lg_cotrain - INFO - Phase 1 epoch 3/7: mean_prob1=0.1418, mean_prob2=0.1371
2026-02-23 17:48:56,349 - lg_cotrain - INFO - Phase 1 epoch 4/7: mean_prob1=0.2209, mean_prob2=0.1553
2026-02-23 17:49:01,477 - lg_cotrain - INFO - Phase 1 epoch 5/7: mean_prob1=0.2765, mean_prob2=0.1747
2026-02-23 17:49:06,570 - lg_cotrain - INFO - Phase 1 epoch 6/7: mean_prob1=0.3107, mean_prob2=0.1433
2026-02-23 17:49:11,707 - lg_cotrain - INFO - Phase 1 epoch 7/7: mean_prob1=0.3899, mean_prob2=0.1674
2026-02-23 17:49:11,707 - lg_cotrain - INFO - === Phase 2: Co-Training ===
2026-02-23 17:49:12,760 - lg_cotrain - INFO - LR scheduler: total_steps_1=1060, warmup=198; total_steps_2=960, warmup=179
2026-02-23 17:49:12,760 - lg_cotrain - INFO - Phase 1 done -> seeded Phase 2 trackers. lambda1: mean=0.3899, range=[0.0046, 0.7943]
2026-02-23 17:49:12,761 - lg_cotrain - INFO - Phase 1 done -> seeded Phase 2 trackers. lambda2: mean=0.1674, range=[0.0086, 0.7028]
2026-02-23 17:49:30,019 - lg_cotrain - INFO - Phase 2 epoch 1/15: loss1=0.2916, loss2=0.5499, dev_macro_f1=0.1980, dev_err=46.49%
2026-02-23 17:49:47,481 - lg_cotrain - INFO - Phase 2 epoch 2/15: loss1=0.0641, loss2=0.2693, dev_macro_f1=0.4672, dev_err=23.68%
2026-02-23 17:50:05,086 - lg_cotrain - INFO - Phase 2 epoch 3/15: loss1=0.0297, loss2=0.2365, dev_macro_f1=0.4720, dev_err=22.81%
2026-02-23 17:50:22,344 - lg_cotrain - INFO - Phase 2 epoch 4/15: loss1=0.0393, loss2=0.2859, dev_macro_f1=0.4514, dev_err=25.00%
2026-02-23 17:50:40,056 - lg_cotrain - INFO - Phase 2 epoch 5/15: loss1=0.1859, loss2=0.4126, dev_macro_f1=0.2297, dev_err=49.56%
2026-02-23 17:50:57,639 - lg_cotrain - INFO - Phase 2 epoch 6/15: loss1=0.3151, loss2=0.6540, dev_macro_f1=0.2654, dev_err=37.28%
2026-02-23 17:51:15,379 - lg_cotrain - INFO - Phase 2 epoch 7/15: loss1=0.3024, loss2=0.9199, dev_macro_f1=0.0735, dev_err=58.33%
2026-02-23 17:51:33,145 - lg_cotrain - INFO - Phase 2 epoch 8/15: loss1=0.2383, loss2=1.0515, dev_macro_f1=0.0735, dev_err=58.33%
2026-02-23 17:51:50,848 - lg_cotrain - INFO - Phase 2 epoch 9/15: loss1=0.1926, loss2=0.9978, dev_macro_f1=0.0735, dev_err=58.33%
2026-02-23 17:52:08,927 - lg_cotrain - INFO - Phase 2 epoch 10/15: loss1=0.1465, loss2=0.9502, dev_macro_f1=0.0735, dev_err=58.33%
2026-02-23 17:52:26,534 - lg_cotrain - INFO - Phase 2 epoch 11/15: loss1=0.1202, loss2=0.9200, dev_macro_f1=0.0735, dev_err=58.33%
2026-02-23 17:52:43,782 - lg_cotrain - INFO - Phase 2 epoch 12/15: loss1=0.1027, loss2=0.8965, dev_macro_f1=0.0735, dev_err=58.33%
2026-02-23 17:53:01,155 - lg_cotrain - INFO - Phase 2 epoch 13/15: loss1=0.0846, loss2=0.8499, dev_macro_f1=0.0735, dev_err=58.33%
2026-02-23 17:53:18,401 - lg_cotrain - INFO - Phase 2 epoch 14/15: loss1=0.0755, loss2=0.8328, dev_macro_f1=0.0735, dev_err=58.33%
2026-02-23 17:53:35,852 - lg_cotrain - INFO - Phase 2 epoch 15/15: loss1=0.0653, loss2=0.8121, dev_macro_f1=0.0735, dev_err=58.33%
2026-02-23 17:53:35,852 - lg_cotrain - INFO - === Phase 3: Fine-Tuning ===
2026-02-23 17:53:37,411 - lg_cotrain - INFO - Phase 3 epoch 1: dev_macro_f1=0.0735, dev_err=58.33%, es_counter1=0, es_counter2=0
2026-02-23 17:53:38,960 - lg_cotrain - INFO - Phase 3 epoch 2: dev_macro_f1=0.0735, dev_err=58.33%, es_counter1=1, es_counter2=1
2026-02-23 17:53:40,497 - lg_cotrain - INFO - Phase 3 epoch 3: dev_macro_f1=0.0735, dev_err=58.33%, es_counter1=2, es_counter2=2
2026-02-23 17:53:42,030 - lg_cotrain - INFO - Phase 3 epoch 4: dev_macro_f1=0.0085, dev_err=96.49%, es_counter1=3, es_counter2=3
2026-02-23 17:53:43,600 - lg_cotrain - INFO - Phase 3 epoch 5: dev_macro_f1=0.0085, dev_err=96.49%, es_counter1=4, es_counter2=4
2026-02-23 17:53:43,601 - lg_cotrain - INFO - Early stopping at epoch 5
2026-02-23 17:53:43,610 - lg_cotrain - INFO - === Final Evaluation ===
2026-02-23 17:53:45,586 - lg_cotrain - INFO - Results saved to C:\Users\anhtr\AppData\Local\Temp\tmp_hw80jt9\canada_wildfires_2016\25_set2\metrics.json
2026-02-23 17:53:45,586 - lg_cotrain - INFO - Test error rate: 58.20%, Test macro-F1: 0.0737, Test ECE: 0.1375
2026-02-23 17:53:45,598 - lg_cotrain - INFO - --- Trial 7/10 done: dev_macro_f1=0.0735 ---
2026-02-23 17:53:45,598 - lg_cotrain - INFO - --- Trial 8/10 ---
2026-02-23 17:53:46,269 - lg_cotrain - INFO - Starting LG-CoTrain: event=canada_wildfires_2016, budget=25, seed_set=2
2026-02-23 17:53:46,281 - lg_cotrain - INFO - Detected 8 classes for event canada_wildfires_2016: ['caution_and_advice', 'displaced_people_and_evacuations', 'infrastructure_and_utility_damage', 'not_humanitarian', 'other_relevant_information', 'requests_or_urgent_needs', 'rescue_volunteering_or_donation_effort', 'sympathy_and_support']
2026-02-23 17:53:46,285 - lg_cotrain - INFO - D_l1: 98, D_l2: 91, D_LG: 1380
2026-02-23 17:53:46,285 - lg_cotrain - INFO - === Phase 1: Weight Generation ===
2026-02-23 17:53:53,159 - lg_cotrain - INFO - Phase 1 epoch 1/7: mean_prob1=0.1466, mean_prob2=0.1396
2026-02-23 17:53:58,904 - lg_cotrain - INFO - Phase 1 epoch 2/7: mean_prob1=0.1733, mean_prob2=0.1567
2026-02-23 17:54:04,658 - lg_cotrain - INFO - Phase 1 epoch 3/7: mean_prob1=0.2190, mean_prob2=0.1660
2026-02-23 17:54:10,504 - lg_cotrain - INFO - Phase 1 epoch 4/7: mean_prob1=0.2378, mean_prob2=0.1948
2026-02-23 17:54:16,320 - lg_cotrain - INFO - Phase 1 epoch 5/7: mean_prob1=0.2907, mean_prob2=0.2278
2026-02-23 17:54:22,120 - lg_cotrain - INFO - Phase 1 epoch 6/7: mean_prob1=0.3079, mean_prob2=0.2626
2026-02-23 17:54:28,013 - lg_cotrain - INFO - Phase 1 epoch 7/7: mean_prob1=0.3525, mean_prob2=0.3073
2026-02-23 17:54:28,013 - lg_cotrain - INFO - === Phase 2: Co-Training ===
2026-02-23 17:54:29,108 - lg_cotrain - INFO - LR scheduler: total_steps_1=1918, warmup=115; total_steps_2=1818, warmup=109
2026-02-23 17:54:29,108 - lg_cotrain - INFO - Phase 1 done -> seeded Phase 2 trackers. lambda1: mean=0.3525, range=[0.0112, 0.7382]
2026-02-23 17:54:29,108 - lg_cotrain - INFO - Phase 1 done -> seeded Phase 2 trackers. lambda2: mean=0.3073, range=[0.0140, 0.6781]
2026-02-23 17:54:48,987 - lg_cotrain - INFO - Phase 2 epoch 1/14: loss1=0.4617, loss2=0.4782, dev_macro_f1=0.1746, dev_err=44.30%
2026-02-23 17:55:08,800 - lg_cotrain - INFO - Phase 2 epoch 2/14: loss1=0.0741, loss2=0.2372, dev_macro_f1=0.4423, dev_err=24.56%
2026-02-23 17:55:28,739 - lg_cotrain - INFO - Phase 2 epoch 3/14: loss1=0.0293, loss2=0.1446, dev_macro_f1=0.4746, dev_err=24.12%
2026-02-23 17:55:48,693 - lg_cotrain - INFO - Phase 2 epoch 4/14: loss1=0.0161, loss2=0.1186, dev_macro_f1=0.4692, dev_err=24.56%
2026-02-23 17:56:08,668 - lg_cotrain - INFO - Phase 2 epoch 5/14: loss1=0.0130, loss2=0.0700, dev_macro_f1=0.4729, dev_err=24.12%
2026-02-23 17:56:28,668 - lg_cotrain - INFO - Phase 2 epoch 6/14: loss1=0.0333, loss2=0.0399, dev_macro_f1=0.4719, dev_err=25.44%
2026-02-23 17:56:48,598 - lg_cotrain - INFO - Phase 2 epoch 7/14: loss1=0.0331, loss2=0.0478, dev_macro_f1=0.5027, dev_err=25.00%
2026-02-23 17:57:08,251 - lg_cotrain - INFO - Phase 2 epoch 8/14: loss1=0.0209, loss2=0.0546, dev_macro_f1=0.5290, dev_err=23.68%
2026-02-23 17:57:27,694 - lg_cotrain - INFO - Phase 2 epoch 9/14: loss1=0.0125, loss2=0.0246, dev_macro_f1=0.5317, dev_err=21.93%
2026-02-23 17:57:47,130 - lg_cotrain - INFO - Phase 2 epoch 10/14: loss1=0.0084, loss2=0.0100, dev_macro_f1=0.5768, dev_err=21.05%
2026-02-23 17:58:06,603 - lg_cotrain - INFO - Phase 2 epoch 11/14: loss1=0.0067, loss2=0.0076, dev_macro_f1=0.5543, dev_err=21.49%
2026-02-23 17:58:26,061 - lg_cotrain - INFO - Phase 2 epoch 12/14: loss1=0.0095, loss2=0.0076, dev_macro_f1=0.5899, dev_err=20.61%
2026-02-23 17:58:45,518 - lg_cotrain - INFO - Phase 2 epoch 13/14: loss1=0.0064, loss2=0.0071, dev_macro_f1=0.5880, dev_err=20.61%
2026-02-23 17:59:04,987 - lg_cotrain - INFO - Phase 2 epoch 14/14: loss1=0.0044, loss2=0.0071, dev_macro_f1=0.5798, dev_err=21.05%
2026-02-23 17:59:04,987 - lg_cotrain - INFO - === Phase 3: Fine-Tuning ===
2026-02-23 17:59:06,726 - lg_cotrain - INFO - Phase 3 epoch 1: dev_macro_f1=0.5002, dev_err=28.95%, es_counter1=0, es_counter2=0
2026-02-23 17:59:08,469 - lg_cotrain - INFO - Phase 3 epoch 2: dev_macro_f1=0.5494, dev_err=26.32%, es_counter1=0, es_counter2=0
2026-02-23 17:59:10,207 - lg_cotrain - INFO - Phase 3 epoch 3: dev_macro_f1=0.6156, dev_err=21.93%, es_counter1=0, es_counter2=0
2026-02-23 17:59:11,920 - lg_cotrain - INFO - Phase 3 epoch 4: dev_macro_f1=0.5897, dev_err=23.68%, es_counter1=1, es_counter2=1
2026-02-23 17:59:13,637 - lg_cotrain - INFO - Phase 3 epoch 5: dev_macro_f1=0.5874, dev_err=25.44%, es_counter1=2, es_counter2=2
2026-02-23 17:59:15,348 - lg_cotrain - INFO - Phase 3 epoch 6: dev_macro_f1=0.5717, dev_err=27.19%, es_counter1=3, es_counter2=3
2026-02-23 17:59:17,081 - lg_cotrain - INFO - Phase 3 epoch 7: dev_macro_f1=0.6482, dev_err=26.32%, es_counter1=0, es_counter2=0
2026-02-23 17:59:18,809 - lg_cotrain - INFO - Phase 3 epoch 8: dev_macro_f1=0.6466, dev_err=26.75%, es_counter1=1, es_counter2=1
2026-02-23 17:59:20,531 - lg_cotrain - INFO - Phase 3 epoch 9: dev_macro_f1=0.6399, dev_err=26.32%, es_counter1=2, es_counter2=2
2026-02-23 17:59:22,251 - lg_cotrain - INFO - Phase 3 epoch 10: dev_macro_f1=0.6285, dev_err=27.19%, es_counter1=3, es_counter2=3
2026-02-23 17:59:23,974 - lg_cotrain - INFO - Phase 3 epoch 11: dev_macro_f1=0.6330, dev_err=26.75%, es_counter1=4, es_counter2=4
2026-02-23 17:59:25,694 - lg_cotrain - INFO - Phase 3 epoch 12: dev_macro_f1=0.6330, dev_err=26.75%, es_counter1=5, es_counter2=5
2026-02-23 17:59:27,407 - lg_cotrain - INFO - Phase 3 epoch 13: dev_macro_f1=0.6330, dev_err=26.75%, es_counter1=6, es_counter2=6
2026-02-23 17:59:29,126 - lg_cotrain - INFO - Phase 3 epoch 14: dev_macro_f1=0.6330, dev_err=26.75%, es_counter1=7, es_counter2=7
2026-02-23 17:59:30,842 - lg_cotrain - INFO - Phase 3 epoch 15: dev_macro_f1=0.6330, dev_err=26.75%, es_counter1=8, es_counter2=8
2026-02-23 17:59:32,562 - lg_cotrain - INFO - Phase 3 epoch 16: dev_macro_f1=0.6314, dev_err=26.75%, es_counter1=9, es_counter2=9
2026-02-23 17:59:34,279 - lg_cotrain - INFO - Phase 3 epoch 17: dev_macro_f1=0.6269, dev_err=27.19%, es_counter1=10, es_counter2=10
2026-02-23 17:59:34,279 - lg_cotrain - INFO - Early stopping at epoch 17
2026-02-23 17:59:34,289 - lg_cotrain - INFO - === Final Evaluation ===
2026-02-23 17:59:36,452 - lg_cotrain - INFO - Results saved to C:\Users\anhtr\AppData\Local\Temp\tmpmrfkxyjh\canada_wildfires_2016\25_set2\metrics.json
2026-02-23 17:59:36,452 - lg_cotrain - INFO - Test error rate: 26.29%, Test macro-F1: 0.5451, Test ECE: 0.1116
2026-02-23 17:59:36,463 - lg_cotrain - INFO - --- Trial 8/10 done: dev_macro_f1=0.6482 ---
2026-02-23 17:59:36,463 - lg_cotrain - INFO - --- Trial 9/10 ---
2026-02-23 17:59:37,115 - lg_cotrain - INFO - Starting LG-CoTrain: event=canada_wildfires_2016, budget=25, seed_set=2
2026-02-23 17:59:37,123 - lg_cotrain - INFO - Detected 8 classes for event canada_wildfires_2016: ['caution_and_advice', 'displaced_people_and_evacuations', 'infrastructure_and_utility_damage', 'not_humanitarian', 'other_relevant_information', 'requests_or_urgent_needs', 'rescue_volunteering_or_donation_effort', 'sympathy_and_support']
2026-02-23 17:59:37,133 - lg_cotrain - INFO - D_l1: 98, D_l2: 91, D_LG: 1380
2026-02-23 17:59:37,133 - lg_cotrain - INFO - === Phase 1: Weight Generation ===
2026-02-23 17:59:44,280 - lg_cotrain - INFO - Phase 1 epoch 1/7: mean_prob1=0.1005, mean_prob2=0.1270
2026-02-23 17:59:50,416 - lg_cotrain - INFO - Phase 1 epoch 2/7: mean_prob1=0.1298, mean_prob2=0.1176
2026-02-23 17:59:56,570 - lg_cotrain - INFO - Phase 1 epoch 3/7: mean_prob1=0.1355, mean_prob2=0.1148
2026-02-23 18:00:02,698 - lg_cotrain - INFO - Phase 1 epoch 4/7: mean_prob1=0.1251, mean_prob2=0.1161
2026-02-23 18:00:08,889 - lg_cotrain - INFO - Phase 1 epoch 5/7: mean_prob1=0.1091, mean_prob2=0.1367
2026-02-23 18:00:15,047 - lg_cotrain - INFO - Phase 1 epoch 6/7: mean_prob1=0.1413, mean_prob2=0.1197
2026-02-23 18:00:21,186 - lg_cotrain - INFO - Phase 1 epoch 7/7: mean_prob1=0.1295, mean_prob2=0.1362
2026-02-23 18:00:21,186 - lg_cotrain - INFO - === Phase 2: Co-Training ===
2026-02-23 18:00:22,148 - lg_cotrain - INFO - LR scheduler: total_steps_1=2511, warmup=243; total_steps_2=2411, warmup=233
2026-02-23 18:00:22,148 - lg_cotrain - INFO - Phase 1 done -> seeded Phase 2 trackers. lambda1: mean=0.1295, range=[0.0655, 0.1775]
2026-02-23 18:00:22,148 - lg_cotrain - INFO - Phase 1 done -> seeded Phase 2 trackers. lambda2: mean=0.1362, range=[0.0625, 0.1648]
2026-02-23 18:00:44,713 - lg_cotrain - INFO - Phase 2 epoch 1/7: loss1=0.1887, loss2=0.1972, dev_macro_f1=0.0735, dev_err=58.33%
2026-02-23 18:01:07,222 - lg_cotrain - INFO - Phase 2 epoch 2/7: loss1=0.1549, loss2=0.3430, dev_macro_f1=0.0735, dev_err=58.33%
2026-02-23 18:01:29,749 - lg_cotrain - INFO - Phase 2 epoch 3/7: loss1=0.1409, loss2=0.3753, dev_macro_f1=0.0735, dev_err=58.33%
2026-02-23 18:01:52,278 - lg_cotrain - INFO - Phase 2 epoch 4/7: loss1=0.1149, loss2=0.4021, dev_macro_f1=0.0735, dev_err=58.33%
2026-02-23 18:02:14,837 - lg_cotrain - INFO - Phase 2 epoch 5/7: loss1=0.0689, loss2=0.3725, dev_macro_f1=0.0735, dev_err=58.33%
2026-02-23 18:02:37,410 - lg_cotrain - INFO - Phase 2 epoch 6/7: loss1=0.0562, loss2=0.3466, dev_macro_f1=0.0735, dev_err=58.33%
2026-02-23 18:03:00,083 - lg_cotrain - INFO - Phase 2 epoch 7/7: loss1=0.0579, loss2=0.3294, dev_macro_f1=0.0735, dev_err=58.33%
2026-02-23 18:03:00,092 - lg_cotrain - INFO - === Phase 3: Fine-Tuning ===
2026-02-23 18:03:02,104 - lg_cotrain - INFO - Phase 3 epoch 1: dev_macro_f1=0.0247, dev_err=89.04%, es_counter1=0, es_counter2=0
2026-02-23 18:03:04,076 - lg_cotrain - INFO - Phase 3 epoch 2: dev_macro_f1=0.0164, dev_err=92.98%, es_counter1=1, es_counter2=1
2026-02-23 18:03:06,079 - lg_cotrain - INFO - Phase 3 epoch 3: dev_macro_f1=0.0365, dev_err=82.89%, es_counter1=0, es_counter2=0
2026-02-23 18:03:08,062 - lg_cotrain - INFO - Phase 3 epoch 4: dev_macro_f1=0.0247, dev_err=89.04%, es_counter1=1, es_counter2=1
2026-02-23 18:03:10,036 - lg_cotrain - INFO - Phase 3 epoch 5: dev_macro_f1=0.0164, dev_err=92.98%, es_counter1=2, es_counter2=2
2026-02-23 18:03:12,018 - lg_cotrain - INFO - Phase 3 epoch 6: dev_macro_f1=0.0164, dev_err=92.98%, es_counter1=3, es_counter2=3
2026-02-23 18:03:13,999 - lg_cotrain - INFO - Phase 3 epoch 7: dev_macro_f1=0.0115, dev_err=95.18%, es_counter1=4, es_counter2=4
2026-02-23 18:03:15,974 - lg_cotrain - INFO - Phase 3 epoch 8: dev_macro_f1=0.0247, dev_err=89.04%, es_counter1=5, es_counter2=5
2026-02-23 18:03:17,964 - lg_cotrain - INFO - Phase 3 epoch 9: dev_macro_f1=0.0365, dev_err=82.89%, es_counter1=6, es_counter2=6
2026-02-23 18:03:19,940 - lg_cotrain - INFO - Phase 3 epoch 10: dev_macro_f1=0.0247, dev_err=89.04%, es_counter1=7, es_counter2=7
2026-02-23 18:03:21,917 - lg_cotrain - INFO - Phase 3 epoch 11: dev_macro_f1=0.0308, dev_err=85.96%, es_counter1=8, es_counter2=8
2026-02-23 18:03:23,917 - lg_cotrain - INFO - Phase 3 epoch 12: dev_macro_f1=0.0115, dev_err=95.18%, es_counter1=9, es_counter2=9
2026-02-23 18:03:25,886 - lg_cotrain - INFO - Phase 3 epoch 13: dev_macro_f1=0.0247, dev_err=89.04%, es_counter1=10, es_counter2=10
2026-02-23 18:03:25,887 - lg_cotrain - INFO - Early stopping at epoch 13
2026-02-23 18:03:25,901 - lg_cotrain - INFO - === Final Evaluation ===
2026-02-23 18:03:28,190 - lg_cotrain - INFO - Results saved to C:\Users\anhtr\AppData\Local\Temp\tmplxv5mhmx\canada_wildfires_2016\25_set2\metrics.json
2026-02-23 18:03:28,190 - lg_cotrain - INFO - Test error rate: 83.15%, Test macro-F1: 0.0361, Test ECE: 0.0465
2026-02-23 18:03:28,200 - lg_cotrain - INFO - --- Trial 9/10 done: dev_macro_f1=0.0365 ---
2026-02-23 18:03:28,201 - lg_cotrain - INFO - --- Trial 10/10 ---
2026-02-23 18:03:28,764 - lg_cotrain - INFO - Starting LG-CoTrain: event=canada_wildfires_2016, budget=25, seed_set=2
2026-02-23 18:03:28,775 - lg_cotrain - INFO - Detected 8 classes for event canada_wildfires_2016: ['caution_and_advice', 'displaced_people_and_evacuations', 'infrastructure_and_utility_damage', 'not_humanitarian', 'other_relevant_information', 'requests_or_urgent_needs', 'rescue_volunteering_or_donation_effort', 'sympathy_and_support']
2026-02-23 18:03:28,781 - lg_cotrain - INFO - D_l1: 98, D_l2: 91, D_LG: 1380
2026-02-23 18:03:28,782 - lg_cotrain - INFO - === Phase 1: Weight Generation ===
2026-02-23 18:03:34,827 - lg_cotrain - INFO - Phase 1 epoch 1/7: mean_prob1=0.1222, mean_prob2=0.1207
2026-02-23 18:03:39,955 - lg_cotrain - INFO - Phase 1 epoch 2/7: mean_prob1=0.1629, mean_prob2=0.1251
2026-02-23 18:03:45,084 - lg_cotrain - INFO - Phase 1 epoch 3/7: mean_prob1=0.1799, mean_prob2=0.1176
2026-02-23 18:03:50,193 - lg_cotrain - INFO - Phase 1 epoch 4/7: mean_prob1=0.2628, mean_prob2=0.1322
2026-02-23 18:03:55,284 - lg_cotrain - INFO - Phase 1 epoch 5/7: mean_prob1=0.3219, mean_prob2=0.1394
2026-02-23 18:04:00,375 - lg_cotrain - INFO - Phase 1 epoch 6/7: mean_prob1=0.4050, mean_prob2=0.1415
2026-02-23 18:04:05,509 - lg_cotrain - INFO - Phase 1 epoch 7/7: mean_prob1=0.3903, mean_prob2=0.1479
2026-02-23 18:04:05,510 - lg_cotrain - INFO - === Phase 2: Co-Training ===
2026-02-23 18:04:06,491 - lg_cotrain - INFO - LR scheduler: total_steps_1=1192, warmup=27; total_steps_2=1092, warmup=25
2026-02-23 18:04:06,492 - lg_cotrain - INFO - Phase 1 done -> seeded Phase 2 trackers. lambda1: mean=0.3903, range=[0.0061, 0.8491]
2026-02-23 18:04:06,492 - lg_cotrain - INFO - Phase 1 done -> seeded Phase 2 trackers. lambda2: mean=0.1479, range=[0.0648, 0.1756]
2026-02-23 18:04:23,718 - lg_cotrain - INFO - Phase 2 epoch 1/18: loss1=0.1990, loss2=0.3981, dev_macro_f1=0.3502, dev_err=31.58%
2026-02-23 18:04:40,952 - lg_cotrain - INFO - Phase 2 epoch 2/18: loss1=0.0665, loss2=0.2134, dev_macro_f1=0.4752, dev_err=21.93%
2026-02-23 18:04:58,161 - lg_cotrain - INFO - Phase 2 epoch 3/18: loss1=0.0602, loss2=0.2077, dev_macro_f1=0.3882, dev_err=30.26%
2026-02-23 18:05:15,359 - lg_cotrain - INFO - Phase 2 epoch 4/18: loss1=0.1176, loss2=0.2456, dev_macro_f1=0.4008, dev_err=28.51%
2026-02-23 18:05:32,607 - lg_cotrain - INFO - Phase 2 epoch 5/18: loss1=0.2951, loss2=0.2204, dev_macro_f1=0.3746, dev_err=30.70%
2026-02-23 18:05:49,836 - lg_cotrain - INFO - Phase 2 epoch 6/18: loss1=0.3493, loss2=0.1859, dev_macro_f1=0.3944, dev_err=29.39%
2026-02-23 18:06:07,024 - lg_cotrain - INFO - Phase 2 epoch 7/18: loss1=0.2843, loss2=0.1665, dev_macro_f1=0.4429, dev_err=25.88%
2026-02-23 18:06:24,213 - lg_cotrain - INFO - Phase 2 epoch 8/18: loss1=0.4223, loss2=0.0866, dev_macro_f1=0.4751, dev_err=25.44%
2026-02-23 18:06:41,437 - lg_cotrain - INFO - Phase 2 epoch 9/18: loss1=0.5745, loss2=0.0910, dev_macro_f1=0.4512, dev_err=25.44%
2026-02-23 18:06:58,630 - lg_cotrain - INFO - Phase 2 epoch 10/18: loss1=0.5938, loss2=0.0768, dev_macro_f1=0.4336, dev_err=27.19%
2026-02-23 18:07:15,812 - lg_cotrain - INFO - Phase 2 epoch 11/18: loss1=0.6108, loss2=0.0675, dev_macro_f1=0.4563, dev_err=27.19%
2026-02-23 18:07:32,991 - lg_cotrain - INFO - Phase 2 epoch 12/18: loss1=0.6383, loss2=0.0491, dev_macro_f1=0.4500, dev_err=28.07%
2026-02-23 18:07:50,167 - lg_cotrain - INFO - Phase 2 epoch 13/18: loss1=0.6469, loss2=0.0391, dev_macro_f1=0.4489, dev_err=26.75%
2026-02-23 18:08:07,326 - lg_cotrain - INFO - Phase 2 epoch 14/18: loss1=0.6670, loss2=0.0724, dev_macro_f1=0.4177, dev_err=29.39%
2026-02-23 18:08:24,545 - lg_cotrain - INFO - Phase 2 epoch 15/18: loss1=0.6783, loss2=0.0729, dev_macro_f1=0.4552, dev_err=28.07%
2026-02-23 18:08:41,733 - lg_cotrain - INFO - Phase 2 epoch 16/18: loss1=0.6960, loss2=0.0566, dev_macro_f1=0.4389, dev_err=28.95%
2026-02-23 18:08:58,792 - lg_cotrain - INFO - Phase 2 epoch 17/18: loss1=0.7161, loss2=0.0462, dev_macro_f1=0.4558, dev_err=26.75%
2026-02-23 18:09:15,880 - lg_cotrain - INFO - Phase 2 epoch 18/18: loss1=0.7280, loss2=0.0339, dev_macro_f1=0.4651, dev_err=26.32%
2026-02-23 18:09:15,880 - lg_cotrain - INFO - === Phase 3: Fine-Tuning ===
2026-02-23 18:09:17,542 - lg_cotrain - INFO - Phase 3 epoch 1: dev_macro_f1=0.4524, dev_err=29.82%, es_counter1=0, es_counter2=0
2026-02-23 18:09:19,058 - lg_cotrain - INFO - Phase 3 epoch 2: dev_macro_f1=0.4642, dev_err=30.70%, es_counter1=0, es_counter2=0
2026-02-23 18:09:20,587 - lg_cotrain - INFO - Phase 3 epoch 3: dev_macro_f1=0.4849, dev_err=27.63%, es_counter1=0, es_counter2=0
2026-02-23 18:09:22,107 - lg_cotrain - INFO - Phase 3 epoch 4: dev_macro_f1=0.5132, dev_err=25.00%, es_counter1=0, es_counter2=0
2026-02-23 18:09:23,629 - lg_cotrain - INFO - Phase 3 epoch 5: dev_macro_f1=0.4953, dev_err=27.63%, es_counter1=1, es_counter2=1
2026-02-23 18:09:25,142 - lg_cotrain - INFO - Phase 3 epoch 6: dev_macro_f1=0.4976, dev_err=28.51%, es_counter1=2, es_counter2=2
2026-02-23 18:09:26,653 - lg_cotrain - INFO - Phase 3 epoch 7: dev_macro_f1=0.4549, dev_err=35.09%, es_counter1=3, es_counter2=3
2026-02-23 18:09:28,157 - lg_cotrain - INFO - Phase 3 epoch 8: dev_macro_f1=0.4609, dev_err=32.89%, es_counter1=4, es_counter2=4
2026-02-23 18:09:29,688 - lg_cotrain - INFO - Phase 3 epoch 9: dev_macro_f1=0.5188, dev_err=29.82%, es_counter1=0, es_counter2=0
2026-02-23 18:09:31,189 - lg_cotrain - INFO - Phase 3 epoch 10: dev_macro_f1=0.4838, dev_err=33.33%, es_counter1=1, es_counter2=1
2026-02-23 18:09:32,701 - lg_cotrain - INFO - Phase 3 epoch 11: dev_macro_f1=0.4619, dev_err=33.33%, es_counter1=2, es_counter2=2
2026-02-23 18:09:34,209 - lg_cotrain - INFO - Phase 3 epoch 12: dev_macro_f1=0.4969, dev_err=32.02%, es_counter1=3, es_counter2=3
2026-02-23 18:09:35,706 - lg_cotrain - INFO - Phase 3 epoch 13: dev_macro_f1=0.5079, dev_err=31.58%, es_counter1=4, es_counter2=4
2026-02-23 18:09:37,221 - lg_cotrain - INFO - Phase 3 epoch 14: dev_macro_f1=0.4986, dev_err=32.46%, es_counter1=5, es_counter2=5
2026-02-23 18:09:38,721 - lg_cotrain - INFO - Phase 3 epoch 15: dev_macro_f1=0.5042, dev_err=33.33%, es_counter1=6, es_counter2=6
2026-02-23 18:09:40,224 - lg_cotrain - INFO - Phase 3 epoch 16: dev_macro_f1=0.4637, dev_err=39.04%, es_counter1=7, es_counter2=7
2026-02-23 18:09:41,725 - lg_cotrain - INFO - Phase 3 epoch 17: dev_macro_f1=0.4533, dev_err=39.91%, es_counter1=8, es_counter2=8
2026-02-23 18:09:43,231 - lg_cotrain - INFO - Phase 3 epoch 18: dev_macro_f1=0.4348, dev_err=43.42%, es_counter1=9, es_counter2=9
2026-02-23 18:09:43,231 - lg_cotrain - INFO - Early stopping at epoch 18
2026-02-23 18:09:43,240 - lg_cotrain - INFO - === Final Evaluation ===
2026-02-23 18:09:45,163 - lg_cotrain - INFO - Results saved to C:\Users\anhtr\AppData\Local\Temp\tmprgnmbrk2\canada_wildfires_2016\25_set2\metrics.json
2026-02-23 18:09:45,164 - lg_cotrain - INFO - Test error rate: 27.87%, Test macro-F1: 0.5241, Test ECE: 0.2953
2026-02-23 18:09:45,170 - lg_cotrain - INFO - --- Trial 10/10 done: dev_macro_f1=0.5188 ---
