2026-02-23 07:03:56,140 - lg_cotrain - INFO - === Optuna study: kaikoura_earthquake_2016 budget=5 seed=2 | target=10 trials, 0 replayed, 10 new ===
2026-02-23 07:03:56,142 - lg_cotrain - INFO - --- Trial 1/10 ---
2026-02-23 07:03:56,777 - lg_cotrain - INFO - Starting LG-CoTrain: event=kaikoura_earthquake_2016, budget=5, seed_set=2
2026-02-23 07:03:56,882 - lg_cotrain - INFO - Detected 9 classes for event kaikoura_earthquake_2016: ['caution_and_advice', 'displaced_people_and_evacuations', 'infrastructure_and_utility_damage', 'injured_or_dead_people', 'not_humanitarian', 'other_relevant_information', 'requests_or_urgent_needs', 'rescue_volunteering_or_donation_effort', 'sympathy_and_support']
2026-02-23 07:03:56,897 - lg_cotrain - INFO - D_l1: 27, D_l2: 18, D_LG: 1491
2026-02-23 07:03:56,900 - lg_cotrain - INFO - === Phase 1: Weight Generation ===
2026-02-23 07:04:12,281 - lg_cotrain - INFO - Phase 1 epoch 1/7: mean_prob1=0.1179, mean_prob2=0.1132
2026-02-23 07:04:24,986 - lg_cotrain - INFO - Phase 1 epoch 2/7: mean_prob1=0.0957, mean_prob2=0.1100
2026-02-23 07:04:37,848 - lg_cotrain - INFO - Phase 1 epoch 3/7: mean_prob1=0.1202, mean_prob2=0.1106
2026-02-23 07:04:50,679 - lg_cotrain - INFO - Phase 1 epoch 4/7: mean_prob1=0.1160, mean_prob2=0.1098
2026-02-23 07:05:03,621 - lg_cotrain - INFO - Phase 1 epoch 5/7: mean_prob1=0.1155, mean_prob2=0.1093
2026-02-23 07:05:16,674 - lg_cotrain - INFO - Phase 1 epoch 6/7: mean_prob1=0.1574, mean_prob2=0.1154
2026-02-23 07:05:29,690 - lg_cotrain - INFO - Phase 1 epoch 7/7: mean_prob1=0.1431, mean_prob2=0.1191
2026-02-23 07:05:29,693 - lg_cotrain - INFO - === Phase 2: Co-Training ===
2026-02-23 07:05:31,967 - lg_cotrain - INFO - LR scheduler: total_steps_1=1892, warmup=437; total_steps_2=1892, warmup=437
2026-02-23 07:05:31,971 - lg_cotrain - INFO - Phase 1 done -> seeded Phase 2 trackers. lambda1: mean=0.1431, range=[0.0056, 0.8255]
2026-02-23 07:05:31,974 - lg_cotrain - INFO - Phase 1 done -> seeded Phase 2 trackers. lambda2: mean=0.1191, range=[0.0423, 0.2198]
2026-02-23 07:06:24,994 - lg_cotrain - INFO - Phase 2 epoch 1/18: loss1=0.1854, loss2=0.2503, dev_macro_f1=0.4783, dev_err=34.38%
2026-02-23 07:07:18,466 - lg_cotrain - INFO - Phase 2 epoch 2/18: loss1=0.0883, loss2=0.5987, dev_macro_f1=0.4895, dev_err=37.05%
2026-02-23 07:08:11,701 - lg_cotrain - INFO - Phase 2 epoch 3/18: loss1=0.2107, loss2=1.2959, dev_macro_f1=0.0280, dev_err=85.71%
2026-02-23 07:09:04,930 - lg_cotrain - INFO - Phase 2 epoch 4/18: loss1=0.1622, loss2=1.3198, dev_macro_f1=0.0278, dev_err=85.71%
2026-02-23 07:09:58,299 - lg_cotrain - INFO - Phase 2 epoch 5/18: loss1=0.1222, loss2=1.2082, dev_macro_f1=0.0509, dev_err=82.14%
2026-02-23 07:10:51,456 - lg_cotrain - INFO - Phase 2 epoch 6/18: loss1=0.1082, loss2=1.1104, dev_macro_f1=0.0406, dev_err=77.68%
2026-02-23 07:11:44,585 - lg_cotrain - INFO - Phase 2 epoch 7/18: loss1=0.1032, loss2=1.0480, dev_macro_f1=0.0365, dev_err=80.36%
2026-02-23 07:12:37,628 - lg_cotrain - INFO - Phase 2 epoch 8/18: loss1=0.1014, loss2=0.9890, dev_macro_f1=0.0406, dev_err=77.68%
2026-02-23 07:13:30,902 - lg_cotrain - INFO - Phase 2 epoch 9/18: loss1=0.1006, loss2=0.9502, dev_macro_f1=0.0278, dev_err=85.71%
2026-02-23 07:14:24,157 - lg_cotrain - INFO - Phase 2 epoch 10/18: loss1=0.1020, loss2=0.9101, dev_macro_f1=0.0406, dev_err=77.68%
2026-02-23 07:15:17,406 - lg_cotrain - INFO - Phase 2 epoch 11/18: loss1=0.1029, loss2=0.8842, dev_macro_f1=0.0406, dev_err=77.68%
2026-02-23 07:16:10,598 - lg_cotrain - INFO - Phase 2 epoch 12/18: loss1=0.1036, loss2=0.8500, dev_macro_f1=0.0406, dev_err=77.68%
2026-02-23 07:17:03,691 - lg_cotrain - INFO - Phase 2 epoch 13/18: loss1=0.1033, loss2=0.8293, dev_macro_f1=0.0406, dev_err=77.68%
2026-02-23 07:17:56,900 - lg_cotrain - INFO - Phase 2 epoch 14/18: loss1=0.1051, loss2=0.8059, dev_macro_f1=0.0406, dev_err=77.68%
2026-02-23 07:18:49,996 - lg_cotrain - INFO - Phase 2 epoch 15/18: loss1=0.1076, loss2=0.7871, dev_macro_f1=0.0406, dev_err=77.68%
2026-02-23 07:19:43,234 - lg_cotrain - INFO - Phase 2 epoch 16/18: loss1=0.1096, loss2=0.7687, dev_macro_f1=0.0406, dev_err=77.68%
2026-02-23 07:20:36,627 - lg_cotrain - INFO - Phase 2 epoch 17/18: loss1=0.1122, loss2=0.7502, dev_macro_f1=0.0406, dev_err=77.68%
2026-02-23 07:21:30,116 - lg_cotrain - INFO - Phase 2 epoch 18/18: loss1=0.1133, loss2=0.7393, dev_macro_f1=0.0406, dev_err=77.68%
2026-02-23 07:21:30,118 - lg_cotrain - INFO - === Phase 3: Fine-Tuning ===
2026-02-23 07:21:32,656 - lg_cotrain - INFO - Phase 3 epoch 1: dev_macro_f1=0.0406, dev_err=77.68%, es_counter1=0, es_counter2=0
2026-02-23 07:21:35,171 - lg_cotrain - INFO - Phase 3 epoch 2: dev_macro_f1=0.0406, dev_err=77.68%, es_counter1=1, es_counter2=1
2026-02-23 07:21:37,662 - lg_cotrain - INFO - Phase 3 epoch 3: dev_macro_f1=0.0020, dev_err=99.11%, es_counter1=2, es_counter2=2
2026-02-23 07:21:40,130 - lg_cotrain - INFO - Phase 3 epoch 4: dev_macro_f1=0.0190, dev_err=90.62%, es_counter1=3, es_counter2=3
2026-02-23 07:21:42,600 - lg_cotrain - INFO - Phase 3 epoch 5: dev_macro_f1=0.0190, dev_err=90.62%, es_counter1=4, es_counter2=4
2026-02-23 07:21:45,096 - lg_cotrain - INFO - Phase 3 epoch 6: dev_macro_f1=0.0086, dev_err=95.98%, es_counter1=5, es_counter2=5
2026-02-23 07:21:47,608 - lg_cotrain - INFO - Phase 3 epoch 7: dev_macro_f1=0.0278, dev_err=85.71%, es_counter1=6, es_counter2=6
2026-02-23 07:21:50,139 - lg_cotrain - INFO - Phase 3 epoch 8: dev_macro_f1=0.0278, dev_err=85.71%, es_counter1=7, es_counter2=7
2026-02-23 07:21:52,669 - lg_cotrain - INFO - Phase 3 epoch 9: dev_macro_f1=0.0278, dev_err=85.71%, es_counter1=8, es_counter2=8
2026-02-23 07:21:55,116 - lg_cotrain - INFO - Phase 3 epoch 10: dev_macro_f1=0.0020, dev_err=99.11%, es_counter1=9, es_counter2=9
2026-02-23 07:21:55,118 - lg_cotrain - INFO - Early stopping at epoch 10
2026-02-23 07:21:55,163 - lg_cotrain - INFO - === Final Evaluation ===
2026-02-23 07:22:00,432 - lg_cotrain - INFO - Results saved to C:\Users\anhtr\AppData\Local\Temp\tmp9vaw1qhp\kaikoura_earthquake_2016\5_set2\metrics.json
2026-02-23 07:22:00,435 - lg_cotrain - INFO - Test error rate: 77.47%, Test macro-F1: 0.0409, Test ECE: 0.1108
2026-02-23 07:22:00,464 - lg_cotrain - INFO - --- Trial 1/10 done: dev_macro_f1=0.0406 ---
2026-02-23 07:22:00,466 - lg_cotrain - INFO - --- Trial 2/10 ---
2026-02-23 07:22:01,212 - lg_cotrain - INFO - Starting LG-CoTrain: event=kaikoura_earthquake_2016, budget=5, seed_set=2
2026-02-23 07:22:01,240 - lg_cotrain - INFO - Detected 9 classes for event kaikoura_earthquake_2016: ['caution_and_advice', 'displaced_people_and_evacuations', 'infrastructure_and_utility_damage', 'injured_or_dead_people', 'not_humanitarian', 'other_relevant_information', 'requests_or_urgent_needs', 'rescue_volunteering_or_donation_effort', 'sympathy_and_support']
2026-02-23 07:22:01,254 - lg_cotrain - INFO - D_l1: 27, D_l2: 18, D_LG: 1491
2026-02-23 07:22:01,256 - lg_cotrain - INFO - === Phase 1: Weight Generation ===
2026-02-23 07:22:16,134 - lg_cotrain - INFO - Phase 1 epoch 1/7: mean_prob1=0.1096, mean_prob2=0.1127
2026-02-23 07:22:28,757 - lg_cotrain - INFO - Phase 1 epoch 2/7: mean_prob1=0.1162, mean_prob2=0.1052
2026-02-23 07:22:41,559 - lg_cotrain - INFO - Phase 1 epoch 3/7: mean_prob1=0.1091, mean_prob2=0.1135
2026-02-23 07:22:54,395 - lg_cotrain - INFO - Phase 1 epoch 4/7: mean_prob1=0.1063, mean_prob2=0.1124
2026-02-23 07:23:07,240 - lg_cotrain - INFO - Phase 1 epoch 5/7: mean_prob1=0.1084, mean_prob2=0.1205
2026-02-23 07:23:20,125 - lg_cotrain - INFO - Phase 1 epoch 6/7: mean_prob1=0.1191, mean_prob2=0.1151
2026-02-23 07:23:32,972 - lg_cotrain - INFO - Phase 1 epoch 7/7: mean_prob1=0.1305, mean_prob2=0.1277
2026-02-23 07:23:32,974 - lg_cotrain - INFO - === Phase 2: Co-Training ===
2026-02-23 07:23:35,217 - lg_cotrain - INFO - LR scheduler: total_steps_1=476, warmup=127; total_steps_2=476, warmup=127
2026-02-23 07:23:35,220 - lg_cotrain - INFO - Phase 1 done -> seeded Phase 2 trackers. lambda1: mean=0.1305, range=[0.0427, 0.1995]
2026-02-23 07:23:35,222 - lg_cotrain - INFO - Phase 1 done -> seeded Phase 2 trackers. lambda2: mean=0.1277, range=[0.0334, 0.4019]
2026-02-23 07:24:23,494 - lg_cotrain - INFO - Phase 2 epoch 1/8: loss1=0.2030, loss2=0.2199, dev_macro_f1=0.3860, dev_err=37.95%
2026-02-23 07:25:12,366 - lg_cotrain - INFO - Phase 2 epoch 2/8: loss1=0.0843, loss2=0.2991, dev_macro_f1=0.5076, dev_err=35.71%
2026-02-23 07:26:00,958 - lg_cotrain - INFO - Phase 2 epoch 3/8: loss1=0.1471, loss2=0.8503, dev_macro_f1=0.2908, dev_err=48.66%
2026-02-23 07:27:02,096 - lg_cotrain - INFO - Phase 2 epoch 4/8: loss1=0.1645, loss2=1.2474, dev_macro_f1=0.0930, dev_err=77.23%
2026-02-23 07:28:03,265 - lg_cotrain - INFO - Phase 2 epoch 5/8: loss1=0.1435, loss2=1.1203, dev_macro_f1=0.0365, dev_err=80.36%
2026-02-23 07:29:04,484 - lg_cotrain - INFO - Phase 2 epoch 6/8: loss1=0.1128, loss2=1.0389, dev_macro_f1=0.0365, dev_err=80.36%
2026-02-23 07:30:05,522 - lg_cotrain - INFO - Phase 2 epoch 7/8: loss1=0.0998, loss2=0.9787, dev_macro_f1=0.0406, dev_err=77.68%
2026-02-23 07:31:06,563 - lg_cotrain - INFO - Phase 2 epoch 8/8: loss1=0.0930, loss2=0.9302, dev_macro_f1=0.0406, dev_err=77.68%
2026-02-23 07:31:06,565 - lg_cotrain - INFO - === Phase 3: Fine-Tuning ===
2026-02-23 07:31:09,911 - lg_cotrain - INFO - Phase 3 epoch 1: dev_macro_f1=0.0406, dev_err=77.68%, es_counter1=0, es_counter2=0
2026-02-23 07:31:13,212 - lg_cotrain - INFO - Phase 3 epoch 2: dev_macro_f1=0.0406, dev_err=77.68%, es_counter1=1, es_counter2=1
2026-02-23 07:31:16,555 - lg_cotrain - INFO - Phase 3 epoch 3: dev_macro_f1=0.0406, dev_err=77.68%, es_counter1=2, es_counter2=2
2026-02-23 07:31:19,851 - lg_cotrain - INFO - Phase 3 epoch 4: dev_macro_f1=0.0406, dev_err=77.68%, es_counter1=3, es_counter2=3
2026-02-23 07:31:23,143 - lg_cotrain - INFO - Phase 3 epoch 5: dev_macro_f1=0.0406, dev_err=77.68%, es_counter1=4, es_counter2=4
2026-02-23 07:31:23,145 - lg_cotrain - INFO - Early stopping at epoch 5
2026-02-23 07:31:23,192 - lg_cotrain - INFO - === Final Evaluation ===
2026-02-23 07:31:31,019 - lg_cotrain - INFO - Results saved to C:\Users\anhtr\AppData\Local\Temp\tmp8mj7vum4\kaikoura_earthquake_2016\5_set2\metrics.json
2026-02-23 07:31:31,022 - lg_cotrain - INFO - Test error rate: 77.47%, Test macro-F1: 0.0409, Test ECE: 0.2048
2026-02-23 07:31:31,056 - lg_cotrain - INFO - --- Trial 2/10 done: dev_macro_f1=0.0406 ---
2026-02-23 07:31:31,058 - lg_cotrain - INFO - --- Trial 3/10 ---
2026-02-23 07:31:31,726 - lg_cotrain - INFO - Starting LG-CoTrain: event=kaikoura_earthquake_2016, budget=5, seed_set=2
2026-02-23 07:31:31,772 - lg_cotrain - INFO - Detected 9 classes for event kaikoura_earthquake_2016: ['caution_and_advice', 'displaced_people_and_evacuations', 'infrastructure_and_utility_damage', 'injured_or_dead_people', 'not_humanitarian', 'other_relevant_information', 'requests_or_urgent_needs', 'rescue_volunteering_or_donation_effort', 'sympathy_and_support']
2026-02-23 07:31:31,785 - lg_cotrain - INFO - D_l1: 27, D_l2: 18, D_LG: 1491
2026-02-23 07:31:31,788 - lg_cotrain - INFO - === Phase 1: Weight Generation ===
2026-02-23 07:35:14,935 - lg_cotrain - INFO - Phase 1 epoch 1/7: mean_prob1=0.1107, mean_prob2=0.1176
2026-02-23 07:38:59,918 - lg_cotrain - INFO - Phase 1 epoch 2/7: mean_prob1=0.1104, mean_prob2=0.1176
2026-02-23 07:42:44,881 - lg_cotrain - INFO - Phase 1 epoch 3/7: mean_prob1=0.1104, mean_prob2=0.1176
2026-02-23 07:46:30,340 - lg_cotrain - INFO - Phase 1 epoch 4/7: mean_prob1=0.1108, mean_prob2=0.1175
2026-02-23 07:50:15,277 - lg_cotrain - INFO - Phase 1 epoch 5/7: mean_prob1=0.1111, mean_prob2=0.1172
2026-02-23 07:54:00,205 - lg_cotrain - INFO - Phase 1 epoch 6/7: mean_prob1=0.1120, mean_prob2=0.1169
2026-02-23 07:57:45,041 - lg_cotrain - INFO - Phase 1 epoch 7/7: mean_prob1=0.1136, mean_prob2=0.1171
2026-02-23 07:57:45,044 - lg_cotrain - INFO - === Phase 2: Co-Training ===
2026-02-23 07:57:47,266 - lg_cotrain - INFO - LR scheduler: total_steps_1=484, warmup=79; total_steps_2=484, warmup=79
2026-02-23 07:57:47,270 - lg_cotrain - INFO - Phase 1 done -> seeded Phase 2 trackers. lambda1: mean=0.1136, range=[0.0612, 0.2017]
2026-02-23 07:57:47,272 - lg_cotrain - INFO - Phase 1 done -> seeded Phase 2 trackers. lambda2: mean=0.1171, range=[0.0439, 0.1723]
2026-02-23 08:31:40,682 - lg_cotrain - INFO - Phase 2 epoch 1/16: loss1=0.2500, loss2=0.2530, dev_macro_f1=0.0407, dev_err=77.68%
2026-02-23 09:14:02,211 - lg_cotrain - INFO - Phase 2 epoch 2/16: loss1=0.2035, loss2=0.3016, dev_macro_f1=0.0665, dev_err=75.45%
2026-02-23 09:56:02,271 - lg_cotrain - INFO - Phase 2 epoch 3/16: loss1=0.1828, loss2=0.3061, dev_macro_f1=0.1270, dev_err=64.29%
2026-02-23 10:38:38,107 - lg_cotrain - INFO - Phase 2 epoch 4/16: loss1=0.1510, loss2=0.2984, dev_macro_f1=0.1491, dev_err=58.93%
2026-02-23 11:15:36,982 - lg_cotrain - INFO - Phase 2 epoch 5/16: loss1=0.1227, loss2=0.2940, dev_macro_f1=0.2249, dev_err=49.55%
2026-02-23 11:52:06,179 - lg_cotrain - INFO - Phase 2 epoch 6/16: loss1=0.0985, loss2=0.2795, dev_macro_f1=0.2865, dev_err=45.54%
2026-02-23 12:35:05,138 - lg_cotrain - INFO - Phase 2 epoch 7/16: loss1=0.0807, loss2=0.2648, dev_macro_f1=0.3403, dev_err=42.86%
2026-02-23 13:17:39,964 - lg_cotrain - INFO - Phase 2 epoch 8/16: loss1=0.0665, loss2=0.2446, dev_macro_f1=0.3723, dev_err=41.52%
2026-02-23 13:58:54,413 - lg_cotrain - INFO - Phase 2 epoch 9/16: loss1=0.0556, loss2=0.2211, dev_macro_f1=0.4268, dev_err=40.18%
2026-02-23 14:41:42,799 - lg_cotrain - INFO - Phase 2 epoch 10/16: loss1=0.0476, loss2=0.2000, dev_macro_f1=0.4921, dev_err=36.61%
2026-02-23 15:24:43,573 - lg_cotrain - INFO - Phase 2 epoch 11/16: loss1=0.0402, loss2=0.1764, dev_macro_f1=0.4963, dev_err=36.61%
2026-02-23 16:06:07,876 - lg_cotrain - INFO - Phase 2 epoch 12/16: loss1=0.0348, loss2=0.1552, dev_macro_f1=0.5162, dev_err=34.82%
2026-02-23 16:48:59,857 - lg_cotrain - INFO - Phase 2 epoch 13/16: loss1=0.0307, loss2=0.1423, dev_macro_f1=0.5115, dev_err=35.27%
2026-02-23 17:31:35,926 - lg_cotrain - INFO - Phase 2 epoch 14/16: loss1=0.0284, loss2=0.1292, dev_macro_f1=0.4953, dev_err=36.16%
2026-02-23 18:16:14,515 - lg_cotrain - INFO - Phase 2 epoch 15/16: loss1=0.0275, loss2=0.1159, dev_macro_f1=0.5112, dev_err=35.27%
2026-02-23 19:00:41,496 - lg_cotrain - INFO - Phase 2 epoch 16/16: loss1=0.0268, loss2=0.1069, dev_macro_f1=0.5331, dev_err=33.48%
2026-02-23 19:00:41,499 - lg_cotrain - INFO - === Phase 3: Fine-Tuning ===
2026-02-23 19:03:56,540 - lg_cotrain - INFO - Phase 3 epoch 1: dev_macro_f1=0.5298, dev_err=33.93%, es_counter1=0, es_counter2=0
2026-02-23 19:07:10,797 - lg_cotrain - INFO - Phase 3 epoch 2: dev_macro_f1=0.5349, dev_err=33.04%, es_counter1=0, es_counter2=0
2026-02-23 19:10:25,270 - lg_cotrain - INFO - Phase 3 epoch 3: dev_macro_f1=0.5373, dev_err=32.14%, es_counter1=0, es_counter2=0
2026-02-23 19:13:55,556 - lg_cotrain - INFO - Phase 3 epoch 4: dev_macro_f1=0.5277, dev_err=33.04%, es_counter1=1, es_counter2=1
2026-02-23 19:16:35,018 - lg_cotrain - INFO - Phase 3 epoch 5: dev_macro_f1=0.5233, dev_err=33.48%, es_counter1=2, es_counter2=2
2026-02-23 19:19:29,062 - lg_cotrain - INFO - Phase 3 epoch 6: dev_macro_f1=0.5275, dev_err=33.04%, es_counter1=3, es_counter2=3
2026-02-23 19:22:28,196 - lg_cotrain - INFO - Phase 3 epoch 7: dev_macro_f1=0.5235, dev_err=33.48%, es_counter1=4, es_counter2=4
2026-02-23 19:25:05,622 - lg_cotrain - INFO - Phase 3 epoch 8: dev_macro_f1=0.5178, dev_err=33.93%, es_counter1=5, es_counter2=5
2026-02-23 19:25:05,624 - lg_cotrain - INFO - Early stopping at epoch 8
2026-02-23 19:25:05,670 - lg_cotrain - INFO - === Final Evaluation ===
2026-02-23 19:31:44,975 - lg_cotrain - INFO - Results saved to C:\Users\anhtr\AppData\Local\Temp\tmpwwpvem2k\kaikoura_earthquake_2016\5_set2\metrics.json
2026-02-23 19:31:44,977 - lg_cotrain - INFO - Test error rate: 30.34%, Test macro-F1: 0.5603, Test ECE: 0.1599
2026-02-23 19:31:45,009 - lg_cotrain - INFO - --- Trial 3/10 done: dev_macro_f1=0.5373 ---
2026-02-23 19:31:45,011 - lg_cotrain - INFO - --- Trial 4/10 ---
2026-02-23 19:31:45,824 - lg_cotrain - INFO - Starting LG-CoTrain: event=kaikoura_earthquake_2016, budget=5, seed_set=2
2026-02-23 19:31:45,942 - lg_cotrain - INFO - Detected 9 classes for event kaikoura_earthquake_2016: ['caution_and_advice', 'displaced_people_and_evacuations', 'infrastructure_and_utility_damage', 'injured_or_dead_people', 'not_humanitarian', 'other_relevant_information', 'requests_or_urgent_needs', 'rescue_volunteering_or_donation_effort', 'sympathy_and_support']
2026-02-23 19:31:45,961 - lg_cotrain - INFO - D_l1: 27, D_l2: 18, D_LG: 1491
2026-02-23 19:31:45,966 - lg_cotrain - INFO - === Phase 1: Weight Generation ===
2026-02-23 19:53:00,906 - lg_cotrain - INFO - Phase 1 epoch 1/7: mean_prob1=0.1075, mean_prob2=0.1121
2026-02-23 20:09:08,852 - lg_cotrain - INFO - Phase 1 epoch 2/7: mean_prob1=0.1186, mean_prob2=0.1084
2026-02-23 20:25:11,363 - lg_cotrain - INFO - Phase 1 epoch 3/7: mean_prob1=0.1142, mean_prob2=0.1067
2026-02-23 20:42:01,005 - lg_cotrain - INFO - Phase 1 epoch 4/7: mean_prob1=0.1050, mean_prob2=0.1127
2026-02-23 21:04:42,110 - lg_cotrain - INFO - Phase 1 epoch 5/7: mean_prob1=0.1594, mean_prob2=0.1153
2026-02-23 21:21:17,603 - lg_cotrain - INFO - Phase 1 epoch 6/7: mean_prob1=0.1594, mean_prob2=0.1137
2026-02-23 21:44:04,487 - lg_cotrain - INFO - Phase 1 epoch 7/7: mean_prob1=0.1938, mean_prob2=0.1287
2026-02-23 21:44:04,490 - lg_cotrain - INFO - === Phase 2: Co-Training ===
2026-02-23 21:44:07,120 - lg_cotrain - INFO - LR scheduler: total_steps_1=570, warmup=110; total_steps_2=570, warmup=110
2026-02-23 21:44:07,123 - lg_cotrain - INFO - Phase 1 done -> seeded Phase 2 trackers. lambda1: mean=0.1938, range=[0.0102, 0.9176]
2026-02-23 21:44:07,124 - lg_cotrain - INFO - Phase 1 done -> seeded Phase 2 trackers. lambda2: mean=0.1287, range=[0.0312, 0.4324]
2026-02-23 22:28:40,225 - lg_cotrain - INFO - Phase 2 epoch 1/10: loss1=0.2204, loss2=0.3279, dev_macro_f1=0.4131, dev_err=40.18%
2026-02-23 23:11:18,594 - lg_cotrain - INFO - Phase 2 epoch 2/10: loss1=0.1076, loss2=0.3138, dev_macro_f1=0.4612, dev_err=42.86%
2026-02-23 23:54:09,363 - lg_cotrain - INFO - Phase 2 epoch 3/10: loss1=0.2296, loss2=0.4224, dev_macro_f1=0.4867, dev_err=40.62%
2026-02-24 00:42:37,724 - lg_cotrain - INFO - Phase 2 epoch 4/10: loss1=0.3186, loss2=0.5087, dev_macro_f1=0.2908, dev_err=50.45%
2026-02-24 01:29:24,814 - lg_cotrain - INFO - Phase 2 epoch 5/10: loss1=0.3296, loss2=0.4312, dev_macro_f1=0.2802, dev_err=54.46%
2026-02-24 02:16:53,091 - lg_cotrain - INFO - Phase 2 epoch 6/10: loss1=0.3540, loss2=0.4421, dev_macro_f1=0.2669, dev_err=48.66%
2026-02-24 03:05:16,433 - lg_cotrain - INFO - Phase 2 epoch 7/10: loss1=0.3678, loss2=0.3978, dev_macro_f1=0.3141, dev_err=48.21%
2026-02-24 03:52:56,277 - lg_cotrain - INFO - Phase 2 epoch 8/10: loss1=0.3926, loss2=0.5656, dev_macro_f1=0.1281, dev_err=67.86%
2026-02-24 04:40:57,000 - lg_cotrain - INFO - Phase 2 epoch 9/10: loss1=0.3534, loss2=0.5141, dev_macro_f1=0.2269, dev_err=53.12%
2026-02-24 05:28:38,289 - lg_cotrain - INFO - Phase 2 epoch 10/10: loss1=0.3456, loss2=0.4292, dev_macro_f1=0.1984, dev_err=54.91%
2026-02-24 05:28:38,292 - lg_cotrain - INFO - === Phase 3: Fine-Tuning ===
2026-02-24 05:31:42,798 - lg_cotrain - INFO - Phase 3 epoch 1: dev_macro_f1=0.2028, dev_err=54.02%, es_counter1=0, es_counter2=0
2026-02-24 05:35:12,174 - lg_cotrain - INFO - Phase 3 epoch 2: dev_macro_f1=0.2011, dev_err=54.46%, es_counter1=1, es_counter2=1
2026-02-24 05:38:27,958 - lg_cotrain - INFO - Phase 3 epoch 3: dev_macro_f1=0.2034, dev_err=54.02%, es_counter1=0, es_counter2=0
2026-02-24 05:42:00,727 - lg_cotrain - INFO - Phase 3 epoch 4: dev_macro_f1=0.2019, dev_err=54.46%, es_counter1=1, es_counter2=1
2026-02-24 05:45:48,382 - lg_cotrain - INFO - Phase 3 epoch 5: dev_macro_f1=0.2017, dev_err=54.46%, es_counter1=2, es_counter2=2
2026-02-24 05:49:06,184 - lg_cotrain - INFO - Phase 3 epoch 6: dev_macro_f1=0.2019, dev_err=54.46%, es_counter1=3, es_counter2=3
2026-02-24 05:52:42,407 - lg_cotrain - INFO - Phase 3 epoch 7: dev_macro_f1=0.2400, dev_err=53.57%, es_counter1=0, es_counter2=0
2026-02-24 05:56:27,497 - lg_cotrain - INFO - Phase 3 epoch 8: dev_macro_f1=0.1923, dev_err=65.18%, es_counter1=1, es_counter2=1
2026-02-24 06:00:13,214 - lg_cotrain - INFO - Phase 3 epoch 9: dev_macro_f1=0.1778, dev_err=65.62%, es_counter1=2, es_counter2=2
2026-02-24 06:03:58,946 - lg_cotrain - INFO - Phase 3 epoch 10: dev_macro_f1=0.1850, dev_err=71.88%, es_counter1=3, es_counter2=3
2026-02-24 06:07:31,404 - lg_cotrain - INFO - Phase 3 epoch 11: dev_macro_f1=0.1825, dev_err=66.07%, es_counter1=4, es_counter2=4
2026-02-24 06:10:55,329 - lg_cotrain - INFO - Phase 3 epoch 12: dev_macro_f1=0.1741, dev_err=65.62%, es_counter1=5, es_counter2=5
2026-02-24 06:14:12,075 - lg_cotrain - INFO - Phase 3 epoch 13: dev_macro_f1=0.1267, dev_err=77.23%, es_counter1=6, es_counter2=6
2026-02-24 06:14:12,077 - lg_cotrain - INFO - Early stopping at epoch 13
2026-02-24 06:14:12,120 - lg_cotrain - INFO - === Final Evaluation ===
2026-02-24 06:22:42,217 - lg_cotrain - INFO - Results saved to C:\Users\anhtr\AppData\Local\Temp\tmpwl9lmeby\kaikoura_earthquake_2016\5_set2\metrics.json
2026-02-24 06:22:42,220 - lg_cotrain - INFO - Test error rate: 54.02%, Test macro-F1: 0.2206, Test ECE: 0.2061
2026-02-24 06:22:42,249 - lg_cotrain - INFO - --- Trial 4/10 done: dev_macro_f1=0.2400 ---
2026-02-24 06:22:42,251 - lg_cotrain - INFO - --- Trial 5/10 ---
2026-02-24 06:22:42,924 - lg_cotrain - INFO - Starting LG-CoTrain: event=kaikoura_earthquake_2016, budget=5, seed_set=2
2026-02-24 06:22:43,048 - lg_cotrain - INFO - Detected 9 classes for event kaikoura_earthquake_2016: ['caution_and_advice', 'displaced_people_and_evacuations', 'infrastructure_and_utility_damage', 'injured_or_dead_people', 'not_humanitarian', 'other_relevant_information', 'requests_or_urgent_needs', 'rescue_volunteering_or_donation_effort', 'sympathy_and_support']
2026-02-24 06:22:43,066 - lg_cotrain - INFO - D_l1: 27, D_l2: 18, D_LG: 1491
2026-02-24 06:22:43,069 - lg_cotrain - INFO - === Phase 1: Weight Generation ===
2026-02-24 06:45:37,588 - lg_cotrain - INFO - Phase 1 epoch 1/7: mean_prob1=0.1057, mean_prob2=0.1126
2026-02-24 07:11:02,151 - lg_cotrain - INFO - Phase 1 epoch 2/7: mean_prob1=0.1128, mean_prob2=0.1123
2026-02-24 07:36:24,169 - lg_cotrain - INFO - Phase 1 epoch 3/7: mean_prob1=0.1111, mean_prob2=0.1181
2026-02-24 08:00:42,533 - lg_cotrain - INFO - Phase 1 epoch 4/7: mean_prob1=0.1134, mean_prob2=0.1142
2026-02-24 08:22:04,264 - lg_cotrain - INFO - Phase 1 epoch 5/7: mean_prob1=0.1115, mean_prob2=0.0953
2026-02-24 08:43:02,876 - lg_cotrain - INFO - Phase 1 epoch 6/7: mean_prob1=0.1070, mean_prob2=0.1028
2026-02-24 08:59:10,351 - lg_cotrain - INFO - Phase 1 epoch 7/7: mean_prob1=0.1071, mean_prob2=0.1061
2026-02-24 08:59:10,354 - lg_cotrain - INFO - === Phase 2: Co-Training ===
2026-02-24 08:59:12,767 - lg_cotrain - INFO - LR scheduler: total_steps_1=1234, warmup=61; total_steps_2=1234, warmup=61
2026-02-24 08:59:12,770 - lg_cotrain - INFO - Phase 1 done -> seeded Phase 2 trackers. lambda1: mean=0.1071, range=[0.0894, 0.1677]
2026-02-24 08:59:12,771 - lg_cotrain - INFO - Phase 1 done -> seeded Phase 2 trackers. lambda2: mean=0.1061, range=[0.0573, 0.1865]
2026-02-24 09:47:15,007 - lg_cotrain - INFO - Phase 2 epoch 1/11: loss1=0.2017, loss2=0.2086, dev_macro_f1=0.0278, dev_err=85.71%
2026-02-24 10:36:47,516 - lg_cotrain - INFO - Phase 2 epoch 2/11: loss1=0.1769, loss2=0.3048, dev_macro_f1=0.0278, dev_err=85.71%
2026-02-24 11:27:16,596 - lg_cotrain - INFO - Phase 2 epoch 3/11: loss1=0.1513, loss2=0.3260, dev_macro_f1=0.0278, dev_err=85.71%
2026-02-24 12:08:22,194 - lg_cotrain - INFO - Phase 2 epoch 4/11: loss1=0.1560, loss2=0.3323, dev_macro_f1=0.0278, dev_err=85.71%
2026-02-24 12:59:25,081 - lg_cotrain - INFO - Phase 2 epoch 5/11: loss1=0.1567, loss2=0.3298, dev_macro_f1=0.0278, dev_err=85.71%
2026-02-24 13:48:49,112 - lg_cotrain - INFO - Phase 2 epoch 6/11: loss1=0.1607, loss2=0.3488, dev_macro_f1=0.0278, dev_err=85.71%
2026-02-24 14:36:25,920 - lg_cotrain - INFO - Phase 2 epoch 7/11: loss1=0.1633, loss2=0.3616, dev_macro_f1=0.0278, dev_err=85.71%
2026-02-24 15:28:21,715 - lg_cotrain - INFO - Phase 2 epoch 8/11: loss1=0.1621, loss2=0.3635, dev_macro_f1=0.0278, dev_err=85.71%
2026-02-24 16:18:58,702 - lg_cotrain - INFO - Phase 2 epoch 9/11: loss1=0.1641, loss2=0.3630, dev_macro_f1=0.0278, dev_err=85.71%
2026-02-24 17:11:14,446 - lg_cotrain - INFO - Phase 2 epoch 10/11: loss1=0.1671, loss2=0.3631, dev_macro_f1=0.0278, dev_err=85.71%
2026-02-24 17:55:46,065 - lg_cotrain - INFO - Phase 2 epoch 11/11: loss1=0.1691, loss2=0.3618, dev_macro_f1=0.0278, dev_err=85.71%
2026-02-24 17:55:46,067 - lg_cotrain - INFO - === Phase 3: Fine-Tuning ===
2026-02-24 17:59:02,460 - lg_cotrain - INFO - Phase 3 epoch 1: dev_macro_f1=0.0278, dev_err=85.71%, es_counter1=0, es_counter2=0
2026-02-24 18:02:31,095 - lg_cotrain - INFO - Phase 3 epoch 2: dev_macro_f1=0.0278, dev_err=85.71%, es_counter1=1, es_counter2=1
2026-02-24 18:04:52,877 - lg_cotrain - INFO - Phase 3 epoch 3: dev_macro_f1=0.0278, dev_err=85.71%, es_counter1=2, es_counter2=2
2026-02-24 18:07:27,094 - lg_cotrain - INFO - Phase 3 epoch 4: dev_macro_f1=0.0278, dev_err=85.71%, es_counter1=3, es_counter2=3
2026-02-24 18:10:53,340 - lg_cotrain - INFO - Phase 3 epoch 5: dev_macro_f1=0.0086, dev_err=95.98%, es_counter1=4, es_counter2=4
2026-02-24 18:14:20,873 - lg_cotrain - INFO - Phase 3 epoch 6: dev_macro_f1=0.0020, dev_err=99.11%, es_counter1=5, es_counter2=5
2026-02-24 18:16:57,725 - lg_cotrain - INFO - Phase 3 epoch 7: dev_macro_f1=0.0020, dev_err=99.11%, es_counter1=6, es_counter2=6
2026-02-24 18:16:57,727 - lg_cotrain - INFO - Early stopping at epoch 7
2026-02-24 18:16:57,774 - lg_cotrain - INFO - === Final Evaluation ===
2026-02-24 18:23:34,582 - lg_cotrain - INFO - Results saved to C:\Users\anhtr\AppData\Local\Temp\tmpj23h_fkh\kaikoura_earthquake_2016\5_set2\metrics.json
2026-02-24 18:23:34,585 - lg_cotrain - INFO - Test error rate: 85.75%, Test macro-F1: 0.0277, Test ECE: 0.2268
2026-02-24 18:23:34,619 - lg_cotrain - INFO - --- Trial 5/10 done: dev_macro_f1=0.0278 ---
2026-02-24 18:23:34,621 - lg_cotrain - INFO - --- Trial 6/10 ---
2026-02-24 18:23:35,363 - lg_cotrain - INFO - Starting LG-CoTrain: event=kaikoura_earthquake_2016, budget=5, seed_set=2
2026-02-24 18:23:35,483 - lg_cotrain - INFO - Detected 9 classes for event kaikoura_earthquake_2016: ['caution_and_advice', 'displaced_people_and_evacuations', 'infrastructure_and_utility_damage', 'injured_or_dead_people', 'not_humanitarian', 'other_relevant_information', 'requests_or_urgent_needs', 'rescue_volunteering_or_donation_effort', 'sympathy_and_support']
2026-02-24 18:23:35,503 - lg_cotrain - INFO - D_l1: 27, D_l2: 18, D_LG: 1491
2026-02-24 18:23:35,507 - lg_cotrain - INFO - === Phase 1: Weight Generation ===
2026-02-24 18:44:57,247 - lg_cotrain - INFO - Phase 1 epoch 1/7: mean_prob1=0.1048, mean_prob2=0.1123
2026-02-24 19:03:29,721 - lg_cotrain - INFO - Phase 1 epoch 2/7: mean_prob1=0.1249, mean_prob2=0.1065
2026-02-24 19:24:50,011 - lg_cotrain - INFO - Phase 1 epoch 3/7: mean_prob1=0.1247, mean_prob2=0.1016
2026-02-24 19:43:44,370 - lg_cotrain - INFO - Phase 1 epoch 4/7: mean_prob1=0.1216, mean_prob2=0.1085
2026-02-24 20:03:28,652 - lg_cotrain - INFO - Phase 1 epoch 5/7: mean_prob1=0.1500, mean_prob2=0.1239
2026-02-24 20:19:53,356 - lg_cotrain - INFO - Phase 1 epoch 6/7: mean_prob1=0.1593, mean_prob2=0.1297
2026-02-24 20:39:18,179 - lg_cotrain - INFO - Phase 1 epoch 7/7: mean_prob1=0.1452, mean_prob2=0.1417
2026-02-24 20:39:18,181 - lg_cotrain - INFO - === Phase 2: Co-Training ===
2026-02-24 20:39:20,331 - lg_cotrain - INFO - LR scheduler: total_steps_1=340, warmup=36; total_steps_2=340, warmup=36
2026-02-24 20:39:20,335 - lg_cotrain - INFO - Phase 1 done -> seeded Phase 2 trackers. lambda1: mean=0.1452, range=[0.0156, 0.7884]
2026-02-24 20:39:20,336 - lg_cotrain - INFO - Phase 1 done -> seeded Phase 2 trackers. lambda2: mean=0.1417, range=[0.0272, 0.4243]
2026-02-24 21:20:14,038 - lg_cotrain - INFO - Phase 2 epoch 1/10: loss1=0.2595, loss2=0.2758, dev_macro_f1=0.4027, dev_err=40.62%
2026-02-24 21:56:02,945 - lg_cotrain - INFO - Phase 2 epoch 2/10: loss1=0.1068, loss2=0.2626, dev_macro_f1=0.6327, dev_err=28.57%
2026-02-24 22:32:37,688 - lg_cotrain - INFO - Phase 2 epoch 3/10: loss1=0.0487, loss2=0.2746, dev_macro_f1=0.6602, dev_err=27.68%
2026-02-24 23:15:50,186 - lg_cotrain - INFO - Phase 2 epoch 4/10: loss1=0.0344, loss2=0.3084, dev_macro_f1=0.6569, dev_err=28.12%
2026-02-24 23:52:49,657 - lg_cotrain - INFO - Phase 2 epoch 5/10: loss1=0.0643, loss2=0.2857, dev_macro_f1=0.5830, dev_err=32.59%
2026-02-25 00:35:04,432 - lg_cotrain - INFO - Phase 2 epoch 6/10: loss1=0.0534, loss2=0.1914, dev_macro_f1=0.6480, dev_err=28.57%
2026-02-25 01:18:46,670 - lg_cotrain - INFO - Phase 2 epoch 7/10: loss1=0.0603, loss2=0.2045, dev_macro_f1=0.6212, dev_err=31.25%
2026-02-25 02:02:30,963 - lg_cotrain - INFO - Phase 2 epoch 8/10: loss1=0.0492, loss2=0.1690, dev_macro_f1=0.6340, dev_err=30.36%
2026-02-25 02:43:30,372 - lg_cotrain - INFO - Phase 2 epoch 9/10: loss1=0.0309, loss2=0.1025, dev_macro_f1=0.6638, dev_err=27.68%
2026-02-25 03:20:45,012 - lg_cotrain - INFO - Phase 2 epoch 10/10: loss1=0.0289, loss2=0.0626, dev_macro_f1=0.6374, dev_err=30.80%
2026-02-25 03:20:45,015 - lg_cotrain - INFO - === Phase 3: Fine-Tuning ===
2026-02-25 03:24:08,206 - lg_cotrain - INFO - Phase 3 epoch 1: dev_macro_f1=0.6419, dev_err=29.91%, es_counter1=0, es_counter2=0
2026-02-25 03:27:37,901 - lg_cotrain - INFO - Phase 3 epoch 2: dev_macro_f1=0.6476, dev_err=29.02%, es_counter1=0, es_counter2=0
2026-02-25 03:30:54,074 - lg_cotrain - INFO - Phase 3 epoch 3: dev_macro_f1=0.6591, dev_err=28.12%, es_counter1=0, es_counter2=0
2026-02-25 03:33:30,252 - lg_cotrain - INFO - Phase 3 epoch 4: dev_macro_f1=0.6545, dev_err=27.68%, es_counter1=1, es_counter2=1
2026-02-25 03:36:31,449 - lg_cotrain - INFO - Phase 3 epoch 5: dev_macro_f1=0.6569, dev_err=27.68%, es_counter1=2, es_counter2=2
2026-02-25 03:39:04,142 - lg_cotrain - INFO - Phase 3 epoch 6: dev_macro_f1=0.6508, dev_err=29.02%, es_counter1=3, es_counter2=3
2026-02-25 03:41:37,865 - lg_cotrain - INFO - Phase 3 epoch 7: dev_macro_f1=0.5899, dev_err=36.16%, es_counter1=4, es_counter2=4
2026-02-25 03:44:06,802 - lg_cotrain - INFO - Phase 3 epoch 8: dev_macro_f1=0.5839, dev_err=36.61%, es_counter1=5, es_counter2=5
2026-02-25 03:44:06,804 - lg_cotrain - INFO - Early stopping at epoch 8
2026-02-25 03:44:06,841 - lg_cotrain - INFO - === Final Evaluation ===
2026-02-25 03:50:22,889 - lg_cotrain - INFO - Results saved to C:\Users\anhtr\AppData\Local\Temp\tmp5cb6l5n5\kaikoura_earthquake_2016\5_set2\metrics.json
2026-02-25 03:50:22,892 - lg_cotrain - INFO - Test error rate: 29.43%, Test macro-F1: 0.6365, Test ECE: 0.1588
2026-02-25 03:50:22,911 - lg_cotrain - INFO - --- Trial 6/10 done: dev_macro_f1=0.6591 ---
2026-02-25 03:50:22,912 - lg_cotrain - INFO - --- Trial 7/10 ---
2026-02-25 03:50:23,706 - lg_cotrain - INFO - Starting LG-CoTrain: event=kaikoura_earthquake_2016, budget=5, seed_set=2
2026-02-25 03:50:23,819 - lg_cotrain - INFO - Detected 9 classes for event kaikoura_earthquake_2016: ['caution_and_advice', 'displaced_people_and_evacuations', 'infrastructure_and_utility_damage', 'injured_or_dead_people', 'not_humanitarian', 'other_relevant_information', 'requests_or_urgent_needs', 'rescue_volunteering_or_donation_effort', 'sympathy_and_support']
2026-02-25 03:50:23,838 - lg_cotrain - INFO - D_l1: 27, D_l2: 18, D_LG: 1491
2026-02-25 03:50:23,841 - lg_cotrain - INFO - === Phase 1: Weight Generation ===
2026-02-25 04:11:40,882 - lg_cotrain - INFO - Phase 1 epoch 1/7: mean_prob1=0.1130, mean_prob2=0.1163
2026-02-25 04:27:51,199 - lg_cotrain - INFO - Phase 1 epoch 2/7: mean_prob1=0.1063, mean_prob2=0.1026
2026-02-25 04:43:59,715 - lg_cotrain - INFO - Phase 1 epoch 3/7: mean_prob1=0.1171, mean_prob2=0.1192
2026-02-25 05:01:07,080 - lg_cotrain - INFO - Phase 1 epoch 4/7: mean_prob1=0.1191, mean_prob2=0.1132
2026-02-25 05:23:52,015 - lg_cotrain - INFO - Phase 1 epoch 5/7: mean_prob1=0.1169, mean_prob2=0.1127
2026-02-25 05:40:30,400 - lg_cotrain - INFO - Phase 1 epoch 6/7: mean_prob1=0.1115, mean_prob2=0.1135
2026-02-25 06:03:23,484 - lg_cotrain - INFO - Phase 1 epoch 7/7: mean_prob1=0.1060, mean_prob2=0.1078
2026-02-25 06:03:23,486 - lg_cotrain - INFO - === Phase 2: Co-Training ===
2026-02-25 06:03:25,749 - lg_cotrain - INFO - LR scheduler: total_steps_1=476, warmup=58; total_steps_2=476, warmup=58
2026-02-25 06:03:25,752 - lg_cotrain - INFO - Phase 1 done -> seeded Phase 2 trackers. lambda1: mean=0.1060, range=[0.0795, 0.1544]
2026-02-25 06:03:25,759 - lg_cotrain - INFO - Phase 1 done -> seeded Phase 2 trackers. lambda2: mean=0.1078, range=[0.0741, 0.1544]
2026-02-25 06:49:39,198 - lg_cotrain - INFO - Phase 2 epoch 1/8: loss1=0.1655, loss2=0.1637, dev_macro_f1=0.4999, dev_err=39.29%
2026-02-25 07:33:54,586 - lg_cotrain - INFO - Phase 2 epoch 2/8: loss1=0.1632, loss2=0.9879, dev_macro_f1=0.0365, dev_err=80.36%
2026-02-25 08:17:40,831 - lg_cotrain - INFO - Phase 2 epoch 3/8: loss1=0.1073, loss2=0.8770, dev_macro_f1=0.0278, dev_err=85.71%
2026-02-25 09:07:34,621 - lg_cotrain - INFO - Phase 2 epoch 4/8: loss1=0.0903, loss2=0.7824, dev_macro_f1=0.0365, dev_err=80.36%
2026-02-25 09:56:19,245 - lg_cotrain - INFO - Phase 2 epoch 5/8: loss1=0.0908, loss2=0.7300, dev_macro_f1=0.0365, dev_err=80.36%
2026-02-25 10:45:41,313 - lg_cotrain - INFO - Phase 2 epoch 6/8: loss1=0.0952, loss2=0.6859, dev_macro_f1=0.0365, dev_err=80.36%
2026-02-25 11:35:56,827 - lg_cotrain - INFO - Phase 2 epoch 7/8: loss1=0.0989, loss2=0.6516, dev_macro_f1=0.0365, dev_err=80.36%
2026-02-25 12:25:30,453 - lg_cotrain - INFO - Phase 2 epoch 8/8: loss1=0.1044, loss2=0.6315, dev_macro_f1=0.0278, dev_err=85.71%
2026-02-25 12:25:30,456 - lg_cotrain - INFO - === Phase 3: Fine-Tuning ===
2026-02-25 12:28:37,965 - lg_cotrain - INFO - Phase 3 epoch 1: dev_macro_f1=0.0278, dev_err=85.71%, es_counter1=0, es_counter2=0
2026-02-25 12:32:09,903 - lg_cotrain - INFO - Phase 3 epoch 2: dev_macro_f1=0.0278, dev_err=85.71%, es_counter1=1, es_counter2=1
2026-02-25 12:35:27,834 - lg_cotrain - INFO - Phase 3 epoch 3: dev_macro_f1=0.0278, dev_err=85.71%, es_counter1=2, es_counter2=2
2026-02-25 12:39:18,955 - lg_cotrain - INFO - Phase 3 epoch 4: dev_macro_f1=0.0278, dev_err=85.71%, es_counter1=3, es_counter2=3
2026-02-25 12:42:51,940 - lg_cotrain - INFO - Phase 3 epoch 5: dev_macro_f1=0.0278, dev_err=85.71%, es_counter1=4, es_counter2=4
2026-02-25 12:42:51,942 - lg_cotrain - INFO - Early stopping at epoch 5
2026-02-25 12:42:51,991 - lg_cotrain - INFO - === Final Evaluation ===
2026-02-25 12:52:11,187 - lg_cotrain - INFO - Results saved to C:\Users\anhtr\AppData\Local\Temp\tmpn0daex0q\kaikoura_earthquake_2016\5_set2\metrics.json
2026-02-25 12:52:11,190 - lg_cotrain - INFO - Test error rate: 85.75%, Test macro-F1: 0.0277, Test ECE: 0.1923
2026-02-25 12:52:11,212 - lg_cotrain - INFO - --- Trial 7/10 done: dev_macro_f1=0.0278 ---
2026-02-25 12:52:11,214 - lg_cotrain - INFO - --- Trial 8/10 ---
2026-02-25 12:52:11,939 - lg_cotrain - INFO - Starting LG-CoTrain: event=kaikoura_earthquake_2016, budget=5, seed_set=2
2026-02-25 12:52:12,070 - lg_cotrain - INFO - Detected 9 classes for event kaikoura_earthquake_2016: ['caution_and_advice', 'displaced_people_and_evacuations', 'infrastructure_and_utility_damage', 'injured_or_dead_people', 'not_humanitarian', 'other_relevant_information', 'requests_or_urgent_needs', 'rescue_volunteering_or_donation_effort', 'sympathy_and_support']
2026-02-25 12:52:12,091 - lg_cotrain - INFO - D_l1: 27, D_l2: 18, D_LG: 1491
2026-02-25 12:52:12,093 - lg_cotrain - INFO - === Phase 1: Weight Generation ===
2026-02-25 13:15:14,541 - lg_cotrain - INFO - Phase 1 epoch 1/7: mean_prob1=0.1125, mean_prob2=0.1185
2026-02-25 13:40:50,131 - lg_cotrain - INFO - Phase 1 epoch 2/7: mean_prob1=0.1120, mean_prob2=0.1186
2026-02-25 14:06:17,464 - lg_cotrain - INFO - Phase 1 epoch 3/7: mean_prob1=0.1122, mean_prob2=0.1184
2026-02-25 14:30:35,434 - lg_cotrain - INFO - Phase 1 epoch 4/7: mean_prob1=0.1146, mean_prob2=0.1178
2026-02-25 14:51:57,755 - lg_cotrain - INFO - Phase 1 epoch 5/7: mean_prob1=0.1170, mean_prob2=0.1170
2026-02-25 15:12:55,596 - lg_cotrain - INFO - Phase 1 epoch 6/7: mean_prob1=0.1160, mean_prob2=0.1161
2026-02-25 15:28:52,854 - lg_cotrain - INFO - Phase 1 epoch 7/7: mean_prob1=0.1121, mean_prob2=0.1162
2026-02-25 15:28:52,856 - lg_cotrain - INFO - === Phase 2: Co-Training ===
2026-02-25 15:28:55,112 - lg_cotrain - INFO - LR scheduler: total_steps_1=1610, warmup=217; total_steps_2=1610, warmup=217
2026-02-25 15:28:55,116 - lg_cotrain - INFO - Phase 1 done -> seeded Phase 2 trackers. lambda1: mean=0.1121, range=[0.0437, 0.2524]
2026-02-25 15:28:55,118 - lg_cotrain - INFO - Phase 1 done -> seeded Phase 2 trackers. lambda2: mean=0.1162, range=[0.0386, 0.2351]
2026-02-25 16:18:09,912 - lg_cotrain - INFO - Phase 2 epoch 1/15: loss1=0.2379, loss2=0.2402, dev_macro_f1=0.1182, dev_err=66.07%
2026-02-25 17:09:14,499 - lg_cotrain - INFO - Phase 2 epoch 2/15: loss1=0.1696, loss2=0.2904, dev_macro_f1=0.2511, dev_err=48.66%
2026-02-25 18:01:30,942 - lg_cotrain - INFO - Phase 2 epoch 3/15: loss1=0.0931, loss2=0.2381, dev_macro_f1=0.3605, dev_err=41.96%
2026-02-25 18:44:25,671 - lg_cotrain - INFO - Phase 2 epoch 4/15: loss1=0.0515, loss2=0.1957, dev_macro_f1=0.5113, dev_err=34.38%
2026-02-25 19:37:45,423 - lg_cotrain - INFO - Phase 2 epoch 5/15: loss1=0.0249, loss2=0.1486, dev_macro_f1=0.5643, dev_err=31.25%
2026-02-25 20:28:59,456 - lg_cotrain - INFO - Phase 2 epoch 6/15: loss1=0.0163, loss2=0.1029, dev_macro_f1=0.5622, dev_err=33.93%
2026-02-25 21:17:55,289 - lg_cotrain - INFO - Phase 2 epoch 7/15: loss1=0.0128, loss2=0.0634, dev_macro_f1=0.6117, dev_err=30.80%
2026-02-25 22:11:18,291 - lg_cotrain - INFO - Phase 2 epoch 8/15: loss1=0.0102, loss2=0.0563, dev_macro_f1=0.5944, dev_err=31.70%
2026-02-25 23:03:47,018 - lg_cotrain - INFO - Phase 2 epoch 9/15: loss1=0.0107, loss2=0.0374, dev_macro_f1=0.6162, dev_err=30.36%
2026-02-25 23:57:54,355 - lg_cotrain - INFO - Phase 2 epoch 10/15: loss1=0.0106, loss2=0.0282, dev_macro_f1=0.6334, dev_err=29.02%
2026-02-26 00:43:57,606 - lg_cotrain - INFO - Phase 2 epoch 11/15: loss1=0.0084, loss2=0.0221, dev_macro_f1=0.6017, dev_err=31.70%
2026-02-26 01:24:53,589 - lg_cotrain - INFO - Phase 2 epoch 12/15: loss1=0.0075, loss2=0.0213, dev_macro_f1=0.6374, dev_err=29.02%
2026-02-26 02:10:07,537 - lg_cotrain - INFO - Phase 2 epoch 13/15: loss1=0.0059, loss2=0.0165, dev_macro_f1=0.6219, dev_err=30.36%
2026-02-26 03:02:10,605 - lg_cotrain - INFO - Phase 2 epoch 14/15: loss1=0.0056, loss2=0.0166, dev_macro_f1=0.6341, dev_err=29.46%
2026-02-26 03:54:03,322 - lg_cotrain - INFO - Phase 2 epoch 15/15: loss1=0.0065, loss2=0.0143, dev_macro_f1=0.6242, dev_err=30.36%
2026-02-26 03:54:03,324 - lg_cotrain - INFO - === Phase 3: Fine-Tuning ===
2026-02-26 03:57:42,111 - lg_cotrain - INFO - Phase 3 epoch 1: dev_macro_f1=0.6313, dev_err=29.46%, es_counter1=0, es_counter2=0
2026-02-26 04:00:14,393 - lg_cotrain - INFO - Phase 3 epoch 2: dev_macro_f1=0.6129, dev_err=30.80%, es_counter1=1, es_counter2=1
2026-02-26 04:03:11,688 - lg_cotrain - INFO - Phase 3 epoch 3: dev_macro_f1=0.6061, dev_err=31.25%, es_counter1=2, es_counter2=2
2026-02-26 04:06:34,189 - lg_cotrain - INFO - Phase 3 epoch 4: dev_macro_f1=0.6061, dev_err=31.25%, es_counter1=3, es_counter2=3
2026-02-26 04:09:49,721 - lg_cotrain - INFO - Phase 3 epoch 5: dev_macro_f1=0.5976, dev_err=31.70%, es_counter1=4, es_counter2=4
2026-02-26 04:09:49,723 - lg_cotrain - INFO - Early stopping at epoch 5
2026-02-26 04:09:49,750 - lg_cotrain - INFO - === Final Evaluation ===
2026-02-26 04:18:10,402 - lg_cotrain - INFO - Results saved to C:\Users\anhtr\AppData\Local\Temp\tmpyrdr2der\kaikoura_earthquake_2016\5_set2\metrics.json
2026-02-26 04:18:10,406 - lg_cotrain - INFO - Test error rate: 26.67%, Test macro-F1: 0.6645, Test ECE: 0.2155
2026-02-26 04:18:10,431 - lg_cotrain - INFO - --- Trial 8/10 done: dev_macro_f1=0.6313 ---
2026-02-26 04:18:10,433 - lg_cotrain - INFO - --- Trial 9/10 ---
2026-02-26 04:18:11,107 - lg_cotrain - INFO - Starting LG-CoTrain: event=kaikoura_earthquake_2016, budget=5, seed_set=2
2026-02-26 04:18:11,211 - lg_cotrain - INFO - Detected 9 classes for event kaikoura_earthquake_2016: ['caution_and_advice', 'displaced_people_and_evacuations', 'infrastructure_and_utility_damage', 'injured_or_dead_people', 'not_humanitarian', 'other_relevant_information', 'requests_or_urgent_needs', 'rescue_volunteering_or_donation_effort', 'sympathy_and_support']
2026-02-26 04:18:11,225 - lg_cotrain - INFO - D_l1: 27, D_l2: 18, D_LG: 1491
2026-02-26 04:18:11,228 - lg_cotrain - INFO - === Phase 1: Weight Generation ===
2026-02-26 04:45:06,855 - lg_cotrain - INFO - Phase 1 epoch 1/7: mean_prob1=0.1164, mean_prob2=0.1142
2026-02-26 05:10:49,249 - lg_cotrain - INFO - Phase 1 epoch 2/7: mean_prob1=0.1129, mean_prob2=0.1139
2026-02-26 05:35:42,756 - lg_cotrain - INFO - Phase 1 epoch 3/7: mean_prob1=0.1261, mean_prob2=0.1228
2026-02-26 06:00:35,055 - lg_cotrain - INFO - Phase 1 epoch 4/7: mean_prob1=0.1131, mean_prob2=0.1227
2026-02-26 06:26:19,633 - lg_cotrain - INFO - Phase 1 epoch 5/7: mean_prob1=0.1375, mean_prob2=0.1248
2026-02-26 06:51:11,240 - lg_cotrain - INFO - Phase 1 epoch 6/7: mean_prob1=0.1473, mean_prob2=0.1345
2026-02-26 07:16:54,505 - lg_cotrain - INFO - Phase 1 epoch 7/7: mean_prob1=0.1310, mean_prob2=0.1399
2026-02-26 07:16:54,508 - lg_cotrain - INFO - === Phase 2: Co-Training ===
2026-02-26 07:16:56,756 - lg_cotrain - INFO - LR scheduler: total_steps_1=2270, warmup=498; total_steps_2=2170, warmup=476
2026-02-26 07:16:56,759 - lg_cotrain - INFO - Phase 1 done -> seeded Phase 2 trackers. lambda1: mean=0.1310, range=[0.0108, 0.7717]
2026-02-26 07:16:56,760 - lg_cotrain - INFO - Phase 1 done -> seeded Phase 2 trackers. lambda2: mean=0.1399, range=[0.0268, 0.3231]
2026-02-26 08:28:23,947 - lg_cotrain - INFO - Phase 2 epoch 1/10: loss1=0.2369, loss2=0.2393, dev_macro_f1=0.4332, dev_err=38.39%
2026-02-26 09:31:32,588 - lg_cotrain - INFO - Phase 2 epoch 2/10: loss1=0.0689, loss2=0.3030, dev_macro_f1=0.5629, dev_err=33.48%
2026-02-26 10:41:15,793 - lg_cotrain - INFO - Phase 2 epoch 3/10: loss1=0.0499, loss2=0.3570, dev_macro_f1=0.6240, dev_err=29.46%
2026-02-26 11:37:12,541 - lg_cotrain - INFO - Phase 2 epoch 4/10: loss1=0.0705, loss2=0.3006, dev_macro_f1=0.5673, dev_err=32.14%
2026-02-26 12:44:49,023 - lg_cotrain - INFO - Phase 2 epoch 5/10: loss1=0.0658, loss2=0.1930, dev_macro_f1=0.6313, dev_err=29.02%
2026-02-26 13:56:34,683 - lg_cotrain - INFO - Phase 2 epoch 6/10: loss1=0.0721, loss2=0.1344, dev_macro_f1=0.5858, dev_err=31.70%
2026-02-26 15:02:18,054 - lg_cotrain - INFO - Phase 2 epoch 7/10: loss1=0.0518, loss2=0.0599, dev_macro_f1=0.6230, dev_err=30.80%
2026-02-26 16:06:22,677 - lg_cotrain - INFO - Phase 2 epoch 8/10: loss1=0.0332, loss2=0.0367, dev_macro_f1=0.6095, dev_err=30.80%
2026-02-26 17:16:11,468 - lg_cotrain - INFO - Phase 2 epoch 9/10: loss1=0.0197, loss2=0.0193, dev_macro_f1=0.6022, dev_err=31.25%
2026-02-26 18:25:46,461 - lg_cotrain - INFO - Phase 2 epoch 10/10: loss1=0.0161, loss2=0.0112, dev_macro_f1=0.6057, dev_err=31.25%
2026-02-26 18:25:46,464 - lg_cotrain - INFO - === Phase 3: Fine-Tuning ===
2026-02-26 18:30:08,808 - lg_cotrain - INFO - Phase 3 epoch 1: dev_macro_f1=0.6045, dev_err=30.80%, es_counter1=0, es_counter2=0
2026-02-26 18:34:11,801 - lg_cotrain - INFO - Phase 3 epoch 2: dev_macro_f1=0.5990, dev_err=31.25%, es_counter1=1, es_counter2=1
2026-02-26 18:38:13,722 - lg_cotrain - INFO - Phase 3 epoch 3: dev_macro_f1=0.6022, dev_err=30.80%, es_counter1=2, es_counter2=2
2026-02-26 18:42:15,603 - lg_cotrain - INFO - Phase 3 epoch 4: dev_macro_f1=0.6141, dev_err=29.91%, es_counter1=0, es_counter2=0
2026-02-26 18:46:46,164 - lg_cotrain - INFO - Phase 3 epoch 5: dev_macro_f1=0.6202, dev_err=29.02%, es_counter1=0, es_counter2=0
2026-02-26 18:51:16,190 - lg_cotrain - INFO - Phase 3 epoch 6: dev_macro_f1=0.6213, dev_err=29.02%, es_counter1=0, es_counter2=0
2026-02-26 18:56:55,367 - lg_cotrain - INFO - Phase 3 epoch 7: dev_macro_f1=0.6382, dev_err=28.12%, es_counter1=0, es_counter2=0
2026-02-26 19:01:23,173 - lg_cotrain - INFO - Phase 3 epoch 8: dev_macro_f1=0.6276, dev_err=29.02%, es_counter1=1, es_counter2=1
2026-02-26 19:05:51,873 - lg_cotrain - INFO - Phase 3 epoch 9: dev_macro_f1=0.6255, dev_err=29.91%, es_counter1=2, es_counter2=2
2026-02-26 19:10:21,370 - lg_cotrain - INFO - Phase 3 epoch 10: dev_macro_f1=0.6156, dev_err=33.04%, es_counter1=3, es_counter2=3
2026-02-26 19:14:50,509 - lg_cotrain - INFO - Phase 3 epoch 11: dev_macro_f1=0.5607, dev_err=36.16%, es_counter1=4, es_counter2=4
2026-02-26 19:19:20,066 - lg_cotrain - INFO - Phase 3 epoch 12: dev_macro_f1=0.5845, dev_err=35.27%, es_counter1=5, es_counter2=5
2026-02-26 19:23:49,703 - lg_cotrain - INFO - Phase 3 epoch 13: dev_macro_f1=0.6228, dev_err=32.59%, es_counter1=6, es_counter2=6
2026-02-26 19:28:19,400 - lg_cotrain - INFO - Phase 3 epoch 14: dev_macro_f1=0.6350, dev_err=32.14%, es_counter1=7, es_counter2=7
2026-02-26 19:28:19,402 - lg_cotrain - INFO - Early stopping at epoch 14
2026-02-26 19:28:19,428 - lg_cotrain - INFO - === Final Evaluation ===
2026-02-26 19:39:31,409 - lg_cotrain - INFO - Results saved to C:\Users\anhtr\AppData\Local\Temp\tmp5ocmujdj\kaikoura_earthquake_2016\5_set2\metrics.json
2026-02-26 19:39:31,412 - lg_cotrain - INFO - Test error rate: 28.97%, Test macro-F1: 0.6409, Test ECE: 0.1329
2026-02-26 19:39:31,436 - lg_cotrain - INFO - --- Trial 9/10 done: dev_macro_f1=0.6382 ---
2026-02-26 19:39:31,437 - lg_cotrain - INFO - --- Trial 10/10 ---
2026-02-26 19:39:32,148 - lg_cotrain - INFO - Starting LG-CoTrain: event=kaikoura_earthquake_2016, budget=5, seed_set=2
2026-02-26 19:39:32,237 - lg_cotrain - INFO - Detected 9 classes for event kaikoura_earthquake_2016: ['caution_and_advice', 'displaced_people_and_evacuations', 'infrastructure_and_utility_damage', 'injured_or_dead_people', 'not_humanitarian', 'other_relevant_information', 'requests_or_urgent_needs', 'rescue_volunteering_or_donation_effort', 'sympathy_and_support']
2026-02-26 19:39:32,250 - lg_cotrain - INFO - D_l1: 27, D_l2: 18, D_LG: 1491
2026-02-26 19:39:32,253 - lg_cotrain - INFO - === Phase 1: Weight Generation ===
2026-02-26 20:00:47,697 - lg_cotrain - INFO - Phase 1 epoch 1/7: mean_prob1=0.1047, mean_prob2=0.1138
2026-02-26 20:16:57,817 - lg_cotrain - INFO - Phase 1 epoch 2/7: mean_prob1=0.1251, mean_prob2=0.1074
2026-02-26 20:33:06,650 - lg_cotrain - INFO - Phase 1 epoch 3/7: mean_prob1=0.1186, mean_prob2=0.1114
2026-02-26 20:50:13,780 - lg_cotrain - INFO - Phase 1 epoch 4/7: mean_prob1=0.1002, mean_prob2=0.1195
2026-02-26 21:12:59,541 - lg_cotrain - INFO - Phase 1 epoch 5/7: mean_prob1=0.1263, mean_prob2=0.1223
2026-02-26 21:29:47,769 - lg_cotrain - INFO - Phase 1 epoch 6/7: mean_prob1=0.1461, mean_prob2=0.1308
2026-02-26 21:52:45,138 - lg_cotrain - INFO - Phase 1 epoch 7/7: mean_prob1=0.1548, mean_prob2=0.1375
2026-02-26 21:52:45,140 - lg_cotrain - INFO - === Phase 2: Co-Training ===
2026-02-26 21:52:47,480 - lg_cotrain - INFO - LR scheduler: total_steps_1=617, warmup=17; total_steps_2=617, warmup=17
2026-02-26 21:52:47,482 - lg_cotrain - INFO - Phase 1 done -> seeded Phase 2 trackers. lambda1: mean=0.1548, range=[0.0222, 0.7936]
2026-02-26 21:52:47,483 - lg_cotrain - INFO - Phase 1 done -> seeded Phase 2 trackers. lambda2: mean=0.1375, range=[0.0190, 0.3500]
2026-02-26 22:39:06,641 - lg_cotrain - INFO - Phase 2 epoch 1/11: loss1=0.1967, loss2=0.2279, dev_macro_f1=0.5716, dev_err=35.71%
2026-02-26 23:23:21,281 - lg_cotrain - INFO - Phase 2 epoch 2/11: loss1=0.0688, loss2=0.3446, dev_macro_f1=0.6332, dev_err=29.46%
2026-02-27 00:07:05,548 - lg_cotrain - INFO - Phase 2 epoch 3/11: loss1=0.0513, loss2=0.3248, dev_macro_f1=0.5934, dev_err=33.04%
2026-02-27 00:56:36,138 - lg_cotrain - INFO - Phase 2 epoch 4/11: loss1=0.0648, loss2=0.1912, dev_macro_f1=0.6548, dev_err=27.23%
2026-02-27 01:45:19,962 - lg_cotrain - INFO - Phase 2 epoch 5/11: loss1=0.0406, loss2=0.1547, dev_macro_f1=0.6639, dev_err=27.23%
2026-02-27 02:34:42,927 - lg_cotrain - INFO - Phase 2 epoch 6/11: loss1=0.0373, loss2=0.0799, dev_macro_f1=0.6235, dev_err=29.46%
2026-02-27 03:24:59,091 - lg_cotrain - INFO - Phase 2 epoch 7/11: loss1=0.0338, loss2=0.0646, dev_macro_f1=0.6202, dev_err=30.80%
2026-02-27 04:14:34,256 - lg_cotrain - INFO - Phase 2 epoch 8/11: loss1=0.0231, loss2=0.0398, dev_macro_f1=0.6479, dev_err=28.57%
2026-02-27 05:04:27,778 - lg_cotrain - INFO - Phase 2 epoch 9/11: loss1=0.0244, loss2=0.0546, dev_macro_f1=0.6242, dev_err=30.36%
2026-02-27 05:54:04,572 - lg_cotrain - INFO - Phase 2 epoch 10/11: loss1=0.0202, loss2=0.0409, dev_macro_f1=0.6311, dev_err=29.91%
2026-02-27 06:43:56,461 - lg_cotrain - INFO - Phase 2 epoch 11/11: loss1=0.0101, loss2=0.0179, dev_macro_f1=0.6309, dev_err=29.91%
2026-02-27 06:43:56,463 - lg_cotrain - INFO - === Phase 3: Fine-Tuning ===
2026-02-27 06:47:03,394 - lg_cotrain - INFO - Phase 3 epoch 1: dev_macro_f1=0.6380, dev_err=29.46%, es_counter1=0, es_counter2=0
2026-02-27 06:50:34,668 - lg_cotrain - INFO - Phase 3 epoch 2: dev_macro_f1=0.6330, dev_err=29.91%, es_counter1=1, es_counter2=1
2026-02-27 06:53:52,081 - lg_cotrain - INFO - Phase 3 epoch 3: dev_macro_f1=0.6319, dev_err=29.91%, es_counter1=2, es_counter2=2
2026-02-27 06:57:43,321 - lg_cotrain - INFO - Phase 3 epoch 4: dev_macro_f1=0.6315, dev_err=29.91%, es_counter1=3, es_counter2=3
2026-02-27 07:01:15,938 - lg_cotrain - INFO - Phase 3 epoch 5: dev_macro_f1=0.6214, dev_err=30.80%, es_counter1=4, es_counter2=4
2026-02-27 07:04:14,928 - lg_cotrain - INFO - Phase 3 epoch 6: dev_macro_f1=0.6151, dev_err=31.25%, es_counter1=5, es_counter2=5
2026-02-27 07:08:02,526 - lg_cotrain - INFO - Phase 3 epoch 7: dev_macro_f1=0.6151, dev_err=31.25%, es_counter1=6, es_counter2=6
2026-02-27 07:11:28,943 - lg_cotrain - INFO - Phase 3 epoch 8: dev_macro_f1=0.6106, dev_err=32.14%, es_counter1=7, es_counter2=7
2026-02-27 07:14:39,143 - lg_cotrain - INFO - Phase 3 epoch 9: dev_macro_f1=0.6294, dev_err=33.04%, es_counter1=8, es_counter2=8
2026-02-27 07:17:31,967 - lg_cotrain - INFO - Phase 3 epoch 10: dev_macro_f1=0.5871, dev_err=36.16%, es_counter1=9, es_counter2=9
2026-02-27 07:20:36,919 - lg_cotrain - INFO - Phase 3 epoch 11: dev_macro_f1=0.5713, dev_err=37.05%, es_counter1=10, es_counter2=10
2026-02-27 07:20:36,921 - lg_cotrain - INFO - Early stopping at epoch 11
2026-02-27 07:20:36,946 - lg_cotrain - INFO - === Final Evaluation ===
2026-02-27 07:28:30,605 - lg_cotrain - INFO - Results saved to C:\Users\anhtr\AppData\Local\Temp\tmpmn35632x\kaikoura_earthquake_2016\5_set2\metrics.json
2026-02-27 07:28:30,608 - lg_cotrain - INFO - Test error rate: 25.75%, Test macro-F1: 0.6738, Test ECE: 0.1984
2026-02-27 07:28:30,627 - lg_cotrain - INFO - --- Trial 10/10 done: dev_macro_f1=0.6380 ---
