2026-03-01 07:19:21,095 - lg_cotrain - INFO - === Optuna study: kerala_floods_2018 budget=50 seed=2 | target=10 trials, 0 replayed, 10 new ===
2026-03-01 07:19:21,095 - lg_cotrain - INFO - --- Trial 1/10 ---
2026-03-01 07:19:21,611 - lg_cotrain - INFO - Starting LG-CoTrain: event=kerala_floods_2018, budget=50, seed_set=2
2026-03-01 07:19:21,675 - lg_cotrain - INFO - Detected 9 classes for event kerala_floods_2018: ['caution_and_advice', 'displaced_people_and_evacuations', 'infrastructure_and_utility_damage', 'injured_or_dead_people', 'not_humanitarian', 'other_relevant_information', 'requests_or_urgent_needs', 'rescue_volunteering_or_donation_effort', 'sympathy_and_support']
2026-03-01 07:19:21,682 - lg_cotrain - INFO - D_l1: 220, D_l2: 219, D_LG: 5149
2026-03-01 07:19:21,684 - lg_cotrain - INFO - === Phase 1: Weight Generation ===
2026-03-01 07:19:55,581 - lg_cotrain - INFO - Phase 1 epoch 1/7: mean_prob1=0.1288, mean_prob2=0.1198
2026-03-01 07:20:28,430 - lg_cotrain - INFO - Phase 1 epoch 2/7: mean_prob1=0.1085, mean_prob2=0.1113
2026-03-01 07:21:01,353 - lg_cotrain - INFO - Phase 1 epoch 3/7: mean_prob1=0.1224, mean_prob2=0.1222
2026-03-01 07:21:34,286 - lg_cotrain - INFO - Phase 1 epoch 4/7: mean_prob1=0.1634, mean_prob2=0.1388
2026-03-01 07:22:06,757 - lg_cotrain - INFO - Phase 1 epoch 5/7: mean_prob1=0.1978, mean_prob2=0.1459
2026-03-01 07:22:39,374 - lg_cotrain - INFO - Phase 1 epoch 6/7: mean_prob1=0.2845, mean_prob2=0.1579
2026-03-01 07:23:12,272 - lg_cotrain - INFO - Phase 1 epoch 7/7: mean_prob1=0.4825, mean_prob2=0.2798
2026-03-01 07:23:12,272 - lg_cotrain - INFO - === Phase 2: Co-Training ===
2026-03-01 07:23:13,294 - lg_cotrain - INFO - LR scheduler: total_steps_1=1827, warmup=367; total_steps_2=1827, warmup=367
2026-03-01 07:23:13,295 - lg_cotrain - INFO - Phase 1 done -> seeded Phase 2 trackers. lambda1: mean=0.4825, range=[0.0007, 0.9773]
2026-03-01 07:23:13,295 - lg_cotrain - INFO - Phase 1 done -> seeded Phase 2 trackers. lambda2: mean=0.2798, range=[0.0026, 0.8480]
2026-03-01 07:24:34,939 - lg_cotrain - INFO - Phase 2 epoch 1/7: loss1=0.2739, loss2=0.4857, dev_macro_f1=0.4236, dev_err=31.45%
2026-03-01 07:25:55,975 - lg_cotrain - INFO - Phase 2 epoch 2/7: loss1=0.0755, loss2=0.3062, dev_macro_f1=0.4056, dev_err=31.08%
2026-03-01 07:27:17,169 - lg_cotrain - INFO - Phase 2 epoch 3/7: loss1=0.0801, loss2=0.3417, dev_macro_f1=0.3429, dev_err=32.80%
2026-03-01 07:28:38,391 - lg_cotrain - INFO - Phase 2 epoch 4/7: loss1=0.0623, loss2=0.3160, dev_macro_f1=0.4367, dev_err=30.47%
2026-03-01 07:29:58,996 - lg_cotrain - INFO - Phase 2 epoch 5/7: loss1=0.0660, loss2=0.2852, dev_macro_f1=0.4541, dev_err=29.85%
2026-03-01 07:31:19,480 - lg_cotrain - INFO - Phase 2 epoch 6/7: loss1=0.0590, loss2=0.1751, dev_macro_f1=0.4696, dev_err=28.99%
2026-03-01 07:32:40,330 - lg_cotrain - INFO - Phase 2 epoch 7/7: loss1=0.0412, loss2=0.1151, dev_macro_f1=0.4641, dev_err=29.48%
2026-03-01 07:32:40,330 - lg_cotrain - INFO - === Phase 3: Fine-Tuning ===
2026-03-01 07:32:46,100 - lg_cotrain - INFO - Phase 3 epoch 1: dev_macro_f1=0.4482, dev_err=46.68%, es_counter1=0, es_counter2=0
2026-03-01 07:32:51,623 - lg_cotrain - INFO - Phase 3 epoch 2: dev_macro_f1=0.5293, dev_err=36.12%, es_counter1=0, es_counter2=0
2026-03-01 07:32:57,064 - lg_cotrain - INFO - Phase 3 epoch 3: dev_macro_f1=0.5148, dev_err=36.36%, es_counter1=1, es_counter2=1
2026-03-01 07:33:02,173 - lg_cotrain - INFO - Phase 3 epoch 4: dev_macro_f1=0.5346, dev_err=36.00%, es_counter1=0, es_counter2=0
2026-03-01 07:33:07,511 - lg_cotrain - INFO - Phase 3 epoch 5: dev_macro_f1=0.5311, dev_err=36.12%, es_counter1=1, es_counter2=1
2026-03-01 07:33:12,463 - lg_cotrain - INFO - Phase 3 epoch 6: dev_macro_f1=0.5204, dev_err=38.70%, es_counter1=2, es_counter2=2
2026-03-01 07:33:17,539 - lg_cotrain - INFO - Phase 3 epoch 7: dev_macro_f1=0.5625, dev_err=31.33%, es_counter1=0, es_counter2=0
2026-03-01 07:33:22,886 - lg_cotrain - INFO - Phase 3 epoch 8: dev_macro_f1=0.5241, dev_err=38.94%, es_counter1=1, es_counter2=1
2026-03-01 07:33:27,949 - lg_cotrain - INFO - Phase 3 epoch 9: dev_macro_f1=0.5336, dev_err=37.84%, es_counter1=2, es_counter2=2
2026-03-01 07:33:33,207 - lg_cotrain - INFO - Phase 3 epoch 10: dev_macro_f1=0.5253, dev_err=34.03%, es_counter1=3, es_counter2=3
2026-03-01 07:33:38,366 - lg_cotrain - INFO - Phase 3 epoch 11: dev_macro_f1=0.5078, dev_err=37.71%, es_counter1=4, es_counter2=4
2026-03-01 07:33:43,352 - lg_cotrain - INFO - Phase 3 epoch 12: dev_macro_f1=0.5592, dev_err=31.08%, es_counter1=5, es_counter2=5
2026-03-01 07:33:48,522 - lg_cotrain - INFO - Phase 3 epoch 13: dev_macro_f1=0.5233, dev_err=34.03%, es_counter1=6, es_counter2=6
2026-03-01 07:33:48,522 - lg_cotrain - INFO - Early stopping at epoch 13
2026-03-01 07:33:48,531 - lg_cotrain - INFO - === Final Evaluation ===
2026-03-01 07:34:00,428 - lg_cotrain - INFO - Results saved to C:\Users\anhtr\AppData\Local\Temp\tmp0e7a03u3\kerala_floods_2018\50_set2\metrics.json
2026-03-01 07:34:00,428 - lg_cotrain - INFO - Test error rate: 33.88%, Test macro-F1: 0.5248, Test ECE: 0.1065
2026-03-01 07:34:00,438 - lg_cotrain - INFO - --- Trial 1/10 done: dev_macro_f1=0.5625 ---
2026-03-01 07:34:00,440 - lg_cotrain - INFO - --- Trial 2/10 ---
2026-03-01 07:34:00,944 - lg_cotrain - INFO - Starting LG-CoTrain: event=kerala_floods_2018, budget=50, seed_set=2
2026-03-01 07:34:00,979 - lg_cotrain - INFO - Detected 9 classes for event kerala_floods_2018: ['caution_and_advice', 'displaced_people_and_evacuations', 'infrastructure_and_utility_damage', 'injured_or_dead_people', 'not_humanitarian', 'other_relevant_information', 'requests_or_urgent_needs', 'rescue_volunteering_or_donation_effort', 'sympathy_and_support']
2026-03-01 07:34:00,986 - lg_cotrain - INFO - D_l1: 220, D_l2: 219, D_LG: 5149
2026-03-01 07:34:00,987 - lg_cotrain - INFO - === Phase 1: Weight Generation ===
2026-03-01 07:34:42,397 - lg_cotrain - INFO - Phase 1 epoch 1/7: mean_prob1=0.1052, mean_prob2=0.1169
2026-03-01 07:35:22,602 - lg_cotrain - INFO - Phase 1 epoch 2/7: mean_prob1=0.1218, mean_prob2=0.1236
2026-03-01 07:36:02,413 - lg_cotrain - INFO - Phase 1 epoch 3/7: mean_prob1=0.1472, mean_prob2=0.1619
2026-03-01 07:36:42,609 - lg_cotrain - INFO - Phase 1 epoch 4/7: mean_prob1=0.1484, mean_prob2=0.2132
2026-03-01 07:37:22,574 - lg_cotrain - INFO - Phase 1 epoch 5/7: mean_prob1=0.1691, mean_prob2=0.3048
2026-03-01 07:38:02,871 - lg_cotrain - INFO - Phase 1 epoch 6/7: mean_prob1=0.2385, mean_prob2=0.3038
2026-03-01 07:38:42,774 - lg_cotrain - INFO - Phase 1 epoch 7/7: mean_prob1=0.3194, mean_prob2=0.4659
2026-03-01 07:38:42,774 - lg_cotrain - INFO - === Phase 2: Co-Training ===
2026-03-01 07:38:43,798 - lg_cotrain - INFO - LR scheduler: total_steps_1=6664, warmup=428; total_steps_2=6664, warmup=428
2026-03-01 07:38:43,798 - lg_cotrain - INFO - Phase 1 done -> seeded Phase 2 trackers. lambda1: mean=0.3194, range=[0.0034, 0.8256]
2026-03-01 07:38:43,798 - lg_cotrain - INFO - Phase 1 done -> seeded Phase 2 trackers. lambda2: mean=0.4659, range=[0.0037, 0.9120]
2026-03-01 07:40:29,518 - lg_cotrain - INFO - Phase 2 epoch 1/6: loss1=0.4218, loss2=0.3114, dev_macro_f1=0.5372, dev_err=26.41%
2026-03-01 07:42:15,484 - lg_cotrain - INFO - Phase 2 epoch 2/6: loss1=0.0620, loss2=0.1962, dev_macro_f1=0.5349, dev_err=27.89%
2026-03-01 07:44:01,580 - lg_cotrain - INFO - Phase 2 epoch 3/6: loss1=0.0452, loss2=0.1131, dev_macro_f1=0.5394, dev_err=27.27%
2026-03-01 07:45:47,614 - lg_cotrain - INFO - Phase 2 epoch 4/6: loss1=0.0384, loss2=0.0600, dev_macro_f1=0.5943, dev_err=24.45%
2026-03-01 07:47:33,317 - lg_cotrain - INFO - Phase 2 epoch 5/6: loss1=0.0207, loss2=0.0402, dev_macro_f1=0.5636, dev_err=26.54%
2026-03-01 07:49:19,049 - lg_cotrain - INFO - Phase 2 epoch 6/6: loss1=0.0172, loss2=0.0257, dev_macro_f1=0.5655, dev_err=25.55%
2026-03-01 07:49:19,049 - lg_cotrain - INFO - === Phase 3: Fine-Tuning ===
2026-03-01 07:49:27,847 - lg_cotrain - INFO - Phase 3 epoch 1: dev_macro_f1=0.5882, dev_err=33.54%, es_counter1=0, es_counter2=0
2026-03-01 07:49:36,500 - lg_cotrain - INFO - Phase 3 epoch 2: dev_macro_f1=0.6176, dev_err=28.01%, es_counter1=0, es_counter2=0
2026-03-01 07:49:44,941 - lg_cotrain - INFO - Phase 3 epoch 3: dev_macro_f1=0.5940, dev_err=31.20%, es_counter1=1, es_counter2=1
2026-03-01 07:49:53,228 - lg_cotrain - INFO - Phase 3 epoch 4: dev_macro_f1=0.6058, dev_err=30.22%, es_counter1=2, es_counter2=2
2026-03-01 07:50:01,292 - lg_cotrain - INFO - Phase 3 epoch 5: dev_macro_f1=0.6098, dev_err=30.34%, es_counter1=3, es_counter2=3
2026-03-01 07:50:09,379 - lg_cotrain - INFO - Phase 3 epoch 6: dev_macro_f1=0.6014, dev_err=30.59%, es_counter1=4, es_counter2=4
2026-03-01 07:50:17,443 - lg_cotrain - INFO - Phase 3 epoch 7: dev_macro_f1=0.6026, dev_err=30.47%, es_counter1=5, es_counter2=5
2026-03-01 07:50:25,513 - lg_cotrain - INFO - Phase 3 epoch 8: dev_macro_f1=0.6042, dev_err=30.34%, es_counter1=6, es_counter2=6
2026-03-01 07:50:33,481 - lg_cotrain - INFO - Phase 3 epoch 9: dev_macro_f1=0.6061, dev_err=29.98%, es_counter1=7, es_counter2=7
2026-03-01 07:50:33,482 - lg_cotrain - INFO - Early stopping at epoch 9
2026-03-01 07:50:33,489 - lg_cotrain - INFO - === Final Evaluation ===
2026-03-01 07:50:49,258 - lg_cotrain - INFO - Results saved to C:\Users\anhtr\AppData\Local\Temp\tmp17e8ha2k\kerala_floods_2018\50_set2\metrics.json
2026-03-01 07:50:49,259 - lg_cotrain - INFO - Test error rate: 30.03%, Test macro-F1: 0.5684, Test ECE: 0.0370
2026-03-01 07:50:49,269 - lg_cotrain - INFO - --- Trial 2/10 done: dev_macro_f1=0.6176 ---
2026-03-01 07:50:49,269 - lg_cotrain - INFO - --- Trial 3/10 ---
2026-03-01 07:50:49,791 - lg_cotrain - INFO - Starting LG-CoTrain: event=kerala_floods_2018, budget=50, seed_set=2
2026-03-01 07:50:49,828 - lg_cotrain - INFO - Detected 9 classes for event kerala_floods_2018: ['caution_and_advice', 'displaced_people_and_evacuations', 'infrastructure_and_utility_damage', 'injured_or_dead_people', 'not_humanitarian', 'other_relevant_information', 'requests_or_urgent_needs', 'rescue_volunteering_or_donation_effort', 'sympathy_and_support']
2026-03-01 07:50:49,835 - lg_cotrain - INFO - D_l1: 220, D_l2: 219, D_LG: 5149
2026-03-01 07:50:49,837 - lg_cotrain - INFO - === Phase 1: Weight Generation ===
2026-03-01 07:51:22,724 - lg_cotrain - INFO - Phase 1 epoch 1/7: mean_prob1=0.1191, mean_prob2=0.1227
2026-03-01 07:51:54,531 - lg_cotrain - INFO - Phase 1 epoch 2/7: mean_prob1=0.1167, mean_prob2=0.1231
2026-03-01 07:52:26,519 - lg_cotrain - INFO - Phase 1 epoch 3/7: mean_prob1=0.1249, mean_prob2=0.1258
2026-03-01 07:52:58,217 - lg_cotrain - INFO - Phase 1 epoch 4/7: mean_prob1=0.1306, mean_prob2=0.1238
2026-03-01 07:53:30,138 - lg_cotrain - INFO - Phase 1 epoch 5/7: mean_prob1=0.1373, mean_prob2=0.1266
2026-03-01 07:54:02,072 - lg_cotrain - INFO - Phase 1 epoch 6/7: mean_prob1=0.1525, mean_prob2=0.1497
2026-03-01 07:54:33,846 - lg_cotrain - INFO - Phase 1 epoch 7/7: mean_prob1=0.1532, mean_prob2=0.1685
2026-03-01 07:54:33,846 - lg_cotrain - INFO - === Phase 2: Co-Training ===
2026-03-01 07:54:34,846 - lg_cotrain - INFO - LR scheduler: total_steps_1=886, warmup=214; total_steps_2=886, warmup=214
2026-03-01 07:54:34,847 - lg_cotrain - INFO - Phase 1 done -> seeded Phase 2 trackers. lambda1: mean=0.1532, range=[0.0286, 0.4938]
2026-03-01 07:54:34,847 - lg_cotrain - INFO - Phase 1 done -> seeded Phase 2 trackers. lambda2: mean=0.1685, range=[0.0325, 0.4070]
2026-03-01 07:55:51,650 - lg_cotrain - INFO - Phase 2 epoch 1/6: loss1=0.2983, loss2=0.2991, dev_macro_f1=0.0942, dev_err=45.82%
2026-03-01 07:57:08,140 - lg_cotrain - INFO - Phase 2 epoch 2/6: loss1=0.0981, loss2=0.2382, dev_macro_f1=0.3605, dev_err=32.06%
2026-03-01 07:58:24,168 - lg_cotrain - INFO - Phase 2 epoch 3/6: loss1=0.0585, loss2=0.1501, dev_macro_f1=0.4069, dev_err=30.71%
2026-03-01 07:59:40,103 - lg_cotrain - INFO - Phase 2 epoch 4/6: loss1=0.0333, loss2=0.1051, dev_macro_f1=0.4710, dev_err=28.01%
2026-03-01 08:00:55,816 - lg_cotrain - INFO - Phase 2 epoch 5/6: loss1=0.0228, loss2=0.0810, dev_macro_f1=0.4837, dev_err=27.52%
2026-03-01 08:02:11,419 - lg_cotrain - INFO - Phase 2 epoch 6/6: loss1=0.0158, loss2=0.0525, dev_macro_f1=0.4913, dev_err=26.78%
2026-03-01 08:02:11,419 - lg_cotrain - INFO - === Phase 3: Fine-Tuning ===
2026-03-01 08:02:16,551 - lg_cotrain - INFO - Phase 3 epoch 1: dev_macro_f1=0.5283, dev_err=40.29%, es_counter1=0, es_counter2=0
2026-03-01 08:02:21,378 - lg_cotrain - INFO - Phase 3 epoch 2: dev_macro_f1=0.4456, dev_err=57.74%, es_counter1=1, es_counter2=1
2026-03-01 08:02:25,945 - lg_cotrain - INFO - Phase 3 epoch 3: dev_macro_f1=0.5401, dev_err=38.45%, es_counter1=0, es_counter2=0
2026-03-01 08:02:30,642 - lg_cotrain - INFO - Phase 3 epoch 4: dev_macro_f1=0.5932, dev_err=28.75%, es_counter1=0, es_counter2=0
2026-03-01 08:02:35,250 - lg_cotrain - INFO - Phase 3 epoch 5: dev_macro_f1=0.6138, dev_err=27.15%, es_counter1=0, es_counter2=0
2026-03-01 08:02:39,917 - lg_cotrain - INFO - Phase 3 epoch 6: dev_macro_f1=0.6044, dev_err=28.87%, es_counter1=1, es_counter2=1
2026-03-01 08:02:44,427 - lg_cotrain - INFO - Phase 3 epoch 7: dev_macro_f1=0.6007, dev_err=30.22%, es_counter1=2, es_counter2=2
2026-03-01 08:02:49,003 - lg_cotrain - INFO - Phase 3 epoch 8: dev_macro_f1=0.5921, dev_err=30.22%, es_counter1=3, es_counter2=3
2026-03-01 08:02:53,558 - lg_cotrain - INFO - Phase 3 epoch 9: dev_macro_f1=0.5923, dev_err=29.85%, es_counter1=4, es_counter2=4
2026-03-01 08:02:53,558 - lg_cotrain - INFO - Early stopping at epoch 9
2026-03-01 08:02:53,569 - lg_cotrain - INFO - === Final Evaluation ===
2026-03-01 08:03:03,876 - lg_cotrain - INFO - Results saved to C:\Users\anhtr\AppData\Local\Temp\tmp82axhd0u\kerala_floods_2018\50_set2\metrics.json
2026-03-01 08:03:03,877 - lg_cotrain - INFO - Test error rate: 32.55%, Test macro-F1: 0.5388, Test ECE: 0.0416
2026-03-01 08:03:03,888 - lg_cotrain - INFO - --- Trial 3/10 done: dev_macro_f1=0.6138 ---
2026-03-01 08:03:03,888 - lg_cotrain - INFO - --- Trial 4/10 ---
2026-03-01 08:03:04,427 - lg_cotrain - INFO - Starting LG-CoTrain: event=kerala_floods_2018, budget=50, seed_set=2
2026-03-01 08:03:04,467 - lg_cotrain - INFO - Detected 9 classes for event kerala_floods_2018: ['caution_and_advice', 'displaced_people_and_evacuations', 'infrastructure_and_utility_damage', 'injured_or_dead_people', 'not_humanitarian', 'other_relevant_information', 'requests_or_urgent_needs', 'rescue_volunteering_or_donation_effort', 'sympathy_and_support']
2026-03-01 08:03:04,475 - lg_cotrain - INFO - D_l1: 220, D_l2: 219, D_LG: 5149
2026-03-01 08:03:04,476 - lg_cotrain - INFO - === Phase 1: Weight Generation ===
2026-03-01 08:03:45,400 - lg_cotrain - INFO - Phase 1 epoch 1/7: mean_prob1=0.1210, mean_prob2=0.1247
2026-03-01 08:04:25,292 - lg_cotrain - INFO - Phase 1 epoch 2/7: mean_prob1=0.1103, mean_prob2=0.1362
2026-03-01 08:05:05,277 - lg_cotrain - INFO - Phase 1 epoch 3/7: mean_prob1=0.1478, mean_prob2=0.1635
2026-03-01 08:05:45,040 - lg_cotrain - INFO - Phase 1 epoch 4/7: mean_prob1=0.1672, mean_prob2=0.2390
2026-03-01 08:06:24,908 - lg_cotrain - INFO - Phase 1 epoch 5/7: mean_prob1=0.2085, mean_prob2=0.2854
2026-03-01 08:07:04,657 - lg_cotrain - INFO - Phase 1 epoch 6/7: mean_prob1=0.2913, mean_prob2=0.3462
2026-03-01 08:07:44,555 - lg_cotrain - INFO - Phase 1 epoch 7/7: mean_prob1=0.3834, mean_prob2=0.4575
2026-03-01 08:07:44,556 - lg_cotrain - INFO - === Phase 2: Co-Training ===
2026-03-01 08:07:45,503 - lg_cotrain - INFO - LR scheduler: total_steps_1=7308, warmup=1183; total_steps_2=7308, warmup=1183
2026-03-01 08:07:45,503 - lg_cotrain - INFO - Phase 1 done -> seeded Phase 2 trackers. lambda1: mean=0.3834, range=[0.0040, 0.8215]
2026-03-01 08:07:45,504 - lg_cotrain - INFO - Phase 1 done -> seeded Phase 2 trackers. lambda2: mean=0.4575, range=[0.0042, 0.9267]
2026-03-01 08:09:31,416 - lg_cotrain - INFO - Phase 2 epoch 1/7: loss1=0.5419, loss2=0.4486, dev_macro_f1=0.4175, dev_err=33.05%
2026-03-01 08:11:17,084 - lg_cotrain - INFO - Phase 2 epoch 2/7: loss1=0.0805, loss2=0.1966, dev_macro_f1=0.4953, dev_err=28.38%
2026-03-01 08:13:02,841 - lg_cotrain - INFO - Phase 2 epoch 3/7: loss1=0.0463, loss2=0.1421, dev_macro_f1=0.5340, dev_err=26.54%
2026-03-01 08:14:48,711 - lg_cotrain - INFO - Phase 2 epoch 4/7: loss1=0.0374, loss2=0.0865, dev_macro_f1=0.5656, dev_err=25.68%
2026-03-01 08:16:36,858 - lg_cotrain - INFO - Phase 2 epoch 5/7: loss1=0.0241, loss2=0.0530, dev_macro_f1=0.5625, dev_err=26.41%
2026-03-01 08:18:24,809 - lg_cotrain - INFO - Phase 2 epoch 6/7: loss1=0.0207, loss2=0.0398, dev_macro_f1=0.5731, dev_err=25.68%
2026-03-01 08:20:10,904 - lg_cotrain - INFO - Phase 2 epoch 7/7: loss1=0.0173, loss2=0.0275, dev_macro_f1=0.5788, dev_err=25.55%
2026-03-01 08:20:10,905 - lg_cotrain - INFO - === Phase 3: Fine-Tuning ===
2026-03-01 08:20:19,740 - lg_cotrain - INFO - Phase 3 epoch 1: dev_macro_f1=0.5837, dev_err=31.70%, es_counter1=0, es_counter2=0
2026-03-01 08:20:28,477 - lg_cotrain - INFO - Phase 3 epoch 2: dev_macro_f1=0.5821, dev_err=33.54%, es_counter1=1, es_counter2=1
2026-03-01 08:20:37,419 - lg_cotrain - INFO - Phase 3 epoch 3: dev_macro_f1=0.5937, dev_err=31.82%, es_counter1=0, es_counter2=0
2026-03-01 08:20:46,132 - lg_cotrain - INFO - Phase 3 epoch 4: dev_macro_f1=0.6038, dev_err=31.57%, es_counter1=0, es_counter2=0
2026-03-01 08:20:54,826 - lg_cotrain - INFO - Phase 3 epoch 5: dev_macro_f1=0.6122, dev_err=30.84%, es_counter1=0, es_counter2=0
2026-03-01 08:21:03,597 - lg_cotrain - INFO - Phase 3 epoch 6: dev_macro_f1=0.6070, dev_err=31.20%, es_counter1=1, es_counter2=1
2026-03-01 08:21:12,181 - lg_cotrain - INFO - Phase 3 epoch 7: dev_macro_f1=0.6175, dev_err=30.22%, es_counter1=0, es_counter2=0
2026-03-01 08:21:20,872 - lg_cotrain - INFO - Phase 3 epoch 8: dev_macro_f1=0.6103, dev_err=30.84%, es_counter1=1, es_counter2=1
2026-03-01 08:21:29,288 - lg_cotrain - INFO - Phase 3 epoch 9: dev_macro_f1=0.6097, dev_err=30.96%, es_counter1=2, es_counter2=2
2026-03-01 08:21:37,787 - lg_cotrain - INFO - Phase 3 epoch 10: dev_macro_f1=0.6083, dev_err=30.96%, es_counter1=3, es_counter2=3
2026-03-01 08:21:46,238 - lg_cotrain - INFO - Phase 3 epoch 11: dev_macro_f1=0.6096, dev_err=31.08%, es_counter1=4, es_counter2=4
2026-03-01 08:21:54,947 - lg_cotrain - INFO - Phase 3 epoch 12: dev_macro_f1=0.6035, dev_err=31.20%, es_counter1=5, es_counter2=5
2026-03-01 08:22:03,899 - lg_cotrain - INFO - Phase 3 epoch 13: dev_macro_f1=0.6030, dev_err=31.20%, es_counter1=6, es_counter2=6
2026-03-01 08:22:12,649 - lg_cotrain - INFO - Phase 3 epoch 14: dev_macro_f1=0.5982, dev_err=31.33%, es_counter1=7, es_counter2=7
2026-03-01 08:22:21,273 - lg_cotrain - INFO - Phase 3 epoch 15: dev_macro_f1=0.5989, dev_err=31.33%, es_counter1=8, es_counter2=8
2026-03-01 08:22:29,826 - lg_cotrain - INFO - Phase 3 epoch 16: dev_macro_f1=0.5992, dev_err=31.33%, es_counter1=9, es_counter2=9
2026-03-01 08:22:29,827 - lg_cotrain - INFO - Early stopping at epoch 16
2026-03-01 08:22:29,837 - lg_cotrain - INFO - === Final Evaluation ===
2026-03-01 08:22:45,833 - lg_cotrain - INFO - Results saved to C:\Users\anhtr\AppData\Local\Temp\tmpv4ngg5fj\kerala_floods_2018\50_set2\metrics.json
2026-03-01 08:22:45,834 - lg_cotrain - INFO - Test error rate: 33.82%, Test macro-F1: 0.5528, Test ECE: 0.1588
2026-03-01 08:22:45,846 - lg_cotrain - INFO - --- Trial 4/10 done: dev_macro_f1=0.6175 ---
2026-03-01 08:22:45,847 - lg_cotrain - INFO - --- Trial 5/10 ---
2026-03-01 08:22:46,359 - lg_cotrain - INFO - Starting LG-CoTrain: event=kerala_floods_2018, budget=50, seed_set=2
2026-03-01 08:22:46,410 - lg_cotrain - INFO - Detected 9 classes for event kerala_floods_2018: ['caution_and_advice', 'displaced_people_and_evacuations', 'infrastructure_and_utility_damage', 'injured_or_dead_people', 'not_humanitarian', 'other_relevant_information', 'requests_or_urgent_needs', 'rescue_volunteering_or_donation_effort', 'sympathy_and_support']
2026-03-01 08:22:46,422 - lg_cotrain - INFO - D_l1: 220, D_l2: 219, D_LG: 5149
2026-03-01 08:22:46,424 - lg_cotrain - INFO - === Phase 1: Weight Generation ===
2026-03-01 08:23:19,406 - lg_cotrain - INFO - Phase 1 epoch 1/7: mean_prob1=0.1030, mean_prob2=0.1073
2026-03-01 08:23:51,759 - lg_cotrain - INFO - Phase 1 epoch 2/7: mean_prob1=0.1146, mean_prob2=0.1451
2026-03-01 08:24:23,703 - lg_cotrain - INFO - Phase 1 epoch 3/7: mean_prob1=0.1369, mean_prob2=0.0823
2026-03-01 08:24:55,670 - lg_cotrain - INFO - Phase 1 epoch 4/7: mean_prob1=0.1355, mean_prob2=0.0817
2026-03-01 08:25:27,866 - lg_cotrain - INFO - Phase 1 epoch 5/7: mean_prob1=0.1343, mean_prob2=0.1125
2026-03-01 08:25:59,634 - lg_cotrain - INFO - Phase 1 epoch 6/7: mean_prob1=0.1010, mean_prob2=0.0981
2026-03-01 08:26:31,406 - lg_cotrain - INFO - Phase 1 epoch 7/7: mean_prob1=0.1276, mean_prob2=0.1084
2026-03-01 08:26:31,407 - lg_cotrain - INFO - === Phase 2: Co-Training ===
2026-03-01 08:26:32,481 - lg_cotrain - INFO - LR scheduler: total_steps_1=1939, warmup=131; total_steps_2=1939, warmup=131
2026-03-01 08:26:32,481 - lg_cotrain - INFO - Phase 1 done -> seeded Phase 2 trackers. lambda1: mean=0.1276, range=[0.0607, 0.1521]
2026-03-01 08:26:32,481 - lg_cotrain - INFO - Phase 1 done -> seeded Phase 2 trackers. lambda2: mean=0.1084, range=[0.0325, 0.2461]
2026-03-01 08:27:49,173 - lg_cotrain - INFO - Phase 2 epoch 1/19: loss1=0.1344, loss2=0.1857, dev_macro_f1=0.3526, dev_err=34.52%
2026-03-01 08:29:05,420 - lg_cotrain - INFO - Phase 2 epoch 2/19: loss1=0.1048, loss2=0.8022, dev_macro_f1=0.0777, dev_err=46.19%
2026-03-01 08:30:21,810 - lg_cotrain - INFO - Phase 2 epoch 3/19: loss1=0.0767, loss2=0.7177, dev_macro_f1=0.0777, dev_err=46.19%
2026-03-01 08:31:38,318 - lg_cotrain - INFO - Phase 2 epoch 4/19: loss1=0.0731, loss2=0.6516, dev_macro_f1=0.0777, dev_err=46.19%
2026-03-01 08:32:54,590 - lg_cotrain - INFO - Phase 2 epoch 5/19: loss1=0.0653, loss2=0.5986, dev_macro_f1=0.0777, dev_err=46.19%
2026-03-01 08:34:11,103 - lg_cotrain - INFO - Phase 2 epoch 6/19: loss1=0.0653, loss2=0.5578, dev_macro_f1=0.0777, dev_err=46.19%
2026-03-01 08:35:27,410 - lg_cotrain - INFO - Phase 2 epoch 7/19: loss1=0.0585, loss2=0.5230, dev_macro_f1=0.0777, dev_err=46.19%
2026-03-01 08:36:43,659 - lg_cotrain - INFO - Phase 2 epoch 8/19: loss1=0.0517, loss2=0.4985, dev_macro_f1=0.0777, dev_err=46.19%
2026-03-01 08:38:00,098 - lg_cotrain - INFO - Phase 2 epoch 9/19: loss1=0.0509, loss2=0.4709, dev_macro_f1=0.0777, dev_err=46.19%
2026-03-01 08:39:16,097 - lg_cotrain - INFO - Phase 2 epoch 10/19: loss1=0.0480, loss2=0.4501, dev_macro_f1=0.0777, dev_err=46.19%
2026-03-01 08:40:32,204 - lg_cotrain - INFO - Phase 2 epoch 11/19: loss1=0.0476, loss2=0.4319, dev_macro_f1=0.0777, dev_err=46.19%
2026-03-01 08:41:48,140 - lg_cotrain - INFO - Phase 2 epoch 12/19: loss1=0.0445, loss2=0.4137, dev_macro_f1=0.0777, dev_err=46.19%
2026-03-01 08:43:03,979 - lg_cotrain - INFO - Phase 2 epoch 13/19: loss1=0.0421, loss2=0.4000, dev_macro_f1=0.0777, dev_err=46.19%
2026-03-01 08:44:19,776 - lg_cotrain - INFO - Phase 2 epoch 14/19: loss1=0.0401, loss2=0.3865, dev_macro_f1=0.0777, dev_err=46.19%
2026-03-01 08:45:35,520 - lg_cotrain - INFO - Phase 2 epoch 15/19: loss1=0.0377, loss2=0.3746, dev_macro_f1=0.0777, dev_err=46.19%
2026-03-01 08:46:51,399 - lg_cotrain - INFO - Phase 2 epoch 16/19: loss1=0.0362, loss2=0.3646, dev_macro_f1=0.0777, dev_err=46.19%
2026-03-01 08:48:07,401 - lg_cotrain - INFO - Phase 2 epoch 17/19: loss1=0.0348, loss2=0.3538, dev_macro_f1=0.0777, dev_err=46.19%
2026-03-01 08:49:23,300 - lg_cotrain - INFO - Phase 2 epoch 18/19: loss1=0.0328, loss2=0.3447, dev_macro_f1=0.0777, dev_err=46.19%
2026-03-01 08:50:39,192 - lg_cotrain - INFO - Phase 2 epoch 19/19: loss1=0.0315, loss2=0.3356, dev_macro_f1=0.0777, dev_err=46.19%
2026-03-01 08:50:39,192 - lg_cotrain - INFO - === Phase 3: Fine-Tuning ===
2026-03-01 08:50:44,567 - lg_cotrain - INFO - Phase 3 epoch 1: dev_macro_f1=0.0777, dev_err=46.19%, es_counter1=0, es_counter2=0
2026-03-01 08:50:49,330 - lg_cotrain - INFO - Phase 3 epoch 2: dev_macro_f1=0.0777, dev_err=46.19%, es_counter1=1, es_counter2=1
2026-03-01 08:50:53,805 - lg_cotrain - INFO - Phase 3 epoch 3: dev_macro_f1=0.0237, dev_err=88.08%, es_counter1=2, es_counter2=2
2026-03-01 08:50:58,305 - lg_cotrain - INFO - Phase 3 epoch 4: dev_macro_f1=0.0210, dev_err=89.56%, es_counter1=3, es_counter2=3
2026-03-01 08:51:02,743 - lg_cotrain - INFO - Phase 3 epoch 5: dev_macro_f1=0.0097, dev_err=95.45%, es_counter1=4, es_counter2=4
2026-03-01 08:51:07,202 - lg_cotrain - INFO - Phase 3 epoch 6: dev_macro_f1=0.0038, dev_err=98.28%, es_counter1=5, es_counter2=5
2026-03-01 08:51:11,797 - lg_cotrain - INFO - Phase 3 epoch 7: dev_macro_f1=0.0038, dev_err=98.28%, es_counter1=6, es_counter2=6
2026-03-01 08:51:11,798 - lg_cotrain - INFO - Early stopping at epoch 7
2026-03-01 08:51:11,812 - lg_cotrain - INFO - === Final Evaluation ===
2026-03-01 08:51:22,145 - lg_cotrain - INFO - Results saved to C:\Users\anhtr\AppData\Local\Temp\tmp96fd3dqc\kerala_floods_2018\50_set2\metrics.json
2026-03-01 08:51:22,145 - lg_cotrain - INFO - Test error rate: 46.21%, Test macro-F1: 0.0777, Test ECE: 0.0930
2026-03-01 08:51:22,154 - lg_cotrain - INFO - --- Trial 5/10 done: dev_macro_f1=0.0777 ---
2026-03-01 08:51:22,154 - lg_cotrain - INFO - --- Trial 6/10 ---
2026-03-01 08:51:22,677 - lg_cotrain - INFO - Starting LG-CoTrain: event=kerala_floods_2018, budget=50, seed_set=2
2026-03-01 08:51:22,712 - lg_cotrain - INFO - Detected 9 classes for event kerala_floods_2018: ['caution_and_advice', 'displaced_people_and_evacuations', 'infrastructure_and_utility_damage', 'injured_or_dead_people', 'not_humanitarian', 'other_relevant_information', 'requests_or_urgent_needs', 'rescue_volunteering_or_donation_effort', 'sympathy_and_support']
2026-03-01 08:51:22,722 - lg_cotrain - INFO - D_l1: 220, D_l2: 219, D_LG: 5149
2026-03-01 08:51:22,724 - lg_cotrain - INFO - === Phase 1: Weight Generation ===
2026-03-01 08:51:56,567 - lg_cotrain - INFO - Phase 1 epoch 1/7: mean_prob1=0.1207, mean_prob2=0.1166
2026-03-01 08:52:29,206 - lg_cotrain - INFO - Phase 1 epoch 2/7: mean_prob1=0.1144, mean_prob2=0.1127
2026-03-01 08:53:01,709 - lg_cotrain - INFO - Phase 1 epoch 3/7: mean_prob1=0.1402, mean_prob2=0.1191
2026-03-01 08:53:34,347 - lg_cotrain - INFO - Phase 1 epoch 4/7: mean_prob1=0.2314, mean_prob2=0.1208
2026-03-01 08:54:06,913 - lg_cotrain - INFO - Phase 1 epoch 5/7: mean_prob1=0.2046, mean_prob2=0.1889
2026-03-01 08:54:39,490 - lg_cotrain - INFO - Phase 1 epoch 6/7: mean_prob1=0.3243, mean_prob2=0.2650
2026-03-01 08:55:11,953 - lg_cotrain - INFO - Phase 1 epoch 7/7: mean_prob1=0.4063, mean_prob2=0.2917
2026-03-01 08:55:11,953 - lg_cotrain - INFO - === Phase 2: Co-Training ===
2026-03-01 08:55:12,935 - lg_cotrain - INFO - LR scheduler: total_steps_1=2149, warmup=586; total_steps_2=2149, warmup=586
2026-03-01 08:55:12,936 - lg_cotrain - INFO - Phase 1 done -> seeded Phase 2 trackers. lambda1: mean=0.4063, range=[0.0030, 0.9511]
2026-03-01 08:55:12,936 - lg_cotrain - INFO - Phase 1 done -> seeded Phase 2 trackers. lambda2: mean=0.2917, range=[0.0026, 0.8723]
2026-03-01 08:56:33,890 - lg_cotrain - INFO - Phase 2 epoch 1/9: loss1=0.4029, loss2=0.5402, dev_macro_f1=0.4455, dev_err=31.45%
2026-03-01 08:57:54,334 - lg_cotrain - INFO - Phase 2 epoch 2/9: loss1=0.0699, loss2=0.2358, dev_macro_f1=0.4676, dev_err=29.12%
2026-03-01 08:59:14,817 - lg_cotrain - INFO - Phase 2 epoch 3/9: loss1=0.0647, loss2=0.2182, dev_macro_f1=0.4959, dev_err=28.01%
2026-03-01 09:00:35,403 - lg_cotrain - INFO - Phase 2 epoch 4/9: loss1=0.0763, loss2=0.2173, dev_macro_f1=0.4844, dev_err=29.98%
2026-03-01 09:01:56,042 - lg_cotrain - INFO - Phase 2 epoch 5/9: loss1=0.0726, loss2=0.1624, dev_macro_f1=0.4882, dev_err=30.22%
2026-03-01 09:03:16,771 - lg_cotrain - INFO - Phase 2 epoch 6/9: loss1=0.0374, loss2=0.1240, dev_macro_f1=0.4921, dev_err=28.62%
2026-03-01 09:04:37,547 - lg_cotrain - INFO - Phase 2 epoch 7/9: loss1=0.0256, loss2=0.0730, dev_macro_f1=0.4950, dev_err=29.48%
2026-03-01 09:05:58,105 - lg_cotrain - INFO - Phase 2 epoch 8/9: loss1=0.0148, loss2=0.0456, dev_macro_f1=0.5247, dev_err=28.87%
2026-03-01 09:07:18,526 - lg_cotrain - INFO - Phase 2 epoch 9/9: loss1=0.0121, loss2=0.0219, dev_macro_f1=0.5187, dev_err=28.75%
2026-03-01 09:07:18,526 - lg_cotrain - INFO - === Phase 3: Fine-Tuning ===
2026-03-01 09:07:24,124 - lg_cotrain - INFO - Phase 3 epoch 1: dev_macro_f1=0.4917, dev_err=45.33%, es_counter1=0, es_counter2=0
2026-03-01 09:07:29,251 - lg_cotrain - INFO - Phase 3 epoch 2: dev_macro_f1=0.5547, dev_err=33.05%, es_counter1=0, es_counter2=0
2026-03-01 09:07:34,434 - lg_cotrain - INFO - Phase 3 epoch 3: dev_macro_f1=0.5293, dev_err=34.52%, es_counter1=1, es_counter2=1
2026-03-01 09:07:39,500 - lg_cotrain - INFO - Phase 3 epoch 4: dev_macro_f1=0.5563, dev_err=34.03%, es_counter1=0, es_counter2=0
2026-03-01 09:07:44,841 - lg_cotrain - INFO - Phase 3 epoch 5: dev_macro_f1=0.5724, dev_err=34.77%, es_counter1=0, es_counter2=0
2026-03-01 09:07:50,215 - lg_cotrain - INFO - Phase 3 epoch 6: dev_macro_f1=0.5849, dev_err=33.78%, es_counter1=0, es_counter2=0
2026-03-01 09:07:55,423 - lg_cotrain - INFO - Phase 3 epoch 7: dev_macro_f1=0.5718, dev_err=33.54%, es_counter1=1, es_counter2=1
2026-03-01 09:08:00,397 - lg_cotrain - INFO - Phase 3 epoch 8: dev_macro_f1=0.5749, dev_err=33.78%, es_counter1=2, es_counter2=2
2026-03-01 09:08:05,351 - lg_cotrain - INFO - Phase 3 epoch 9: dev_macro_f1=0.5619, dev_err=34.15%, es_counter1=3, es_counter2=3
2026-03-01 09:08:10,218 - lg_cotrain - INFO - Phase 3 epoch 10: dev_macro_f1=0.5545, dev_err=34.52%, es_counter1=4, es_counter2=4
2026-03-01 09:08:15,216 - lg_cotrain - INFO - Phase 3 epoch 11: dev_macro_f1=0.5700, dev_err=34.28%, es_counter1=5, es_counter2=5
2026-03-01 09:08:15,216 - lg_cotrain - INFO - Early stopping at epoch 11
2026-03-01 09:08:15,228 - lg_cotrain - INFO - === Final Evaluation ===
2026-03-01 09:08:26,392 - lg_cotrain - INFO - Results saved to C:\Users\anhtr\AppData\Local\Temp\tmpdb1i9k4_\kerala_floods_2018\50_set2\metrics.json
2026-03-01 09:08:26,393 - lg_cotrain - INFO - Test error rate: 33.94%, Test macro-F1: 0.5511, Test ECE: 0.1134
2026-03-01 09:08:26,406 - lg_cotrain - INFO - --- Trial 6/10 done: dev_macro_f1=0.5849 ---
2026-03-01 09:08:26,406 - lg_cotrain - INFO - --- Trial 7/10 ---
2026-03-01 09:08:26,986 - lg_cotrain - INFO - Starting LG-CoTrain: event=kerala_floods_2018, budget=50, seed_set=2
2026-03-01 09:08:27,027 - lg_cotrain - INFO - Detected 9 classes for event kerala_floods_2018: ['caution_and_advice', 'displaced_people_and_evacuations', 'infrastructure_and_utility_damage', 'injured_or_dead_people', 'not_humanitarian', 'other_relevant_information', 'requests_or_urgent_needs', 'rescue_volunteering_or_donation_effort', 'sympathy_and_support']
2026-03-01 09:08:27,035 - lg_cotrain - INFO - D_l1: 220, D_l2: 219, D_LG: 5149
2026-03-01 09:08:27,037 - lg_cotrain - INFO - === Phase 1: Weight Generation ===
2026-03-01 09:08:59,922 - lg_cotrain - INFO - Phase 1 epoch 1/7: mean_prob1=0.1021, mean_prob2=0.0880
2026-03-01 09:09:31,762 - lg_cotrain - INFO - Phase 1 epoch 2/7: mean_prob1=0.1228, mean_prob2=0.1468
2026-03-01 09:10:03,526 - lg_cotrain - INFO - Phase 1 epoch 3/7: mean_prob1=0.1002, mean_prob2=0.0967
2026-03-01 09:10:35,303 - lg_cotrain - INFO - Phase 1 epoch 4/7: mean_prob1=0.0867, mean_prob2=0.0914
2026-03-01 09:11:07,088 - lg_cotrain - INFO - Phase 1 epoch 5/7: mean_prob1=0.1440, mean_prob2=0.1059
2026-03-01 09:11:39,063 - lg_cotrain - INFO - Phase 1 epoch 6/7: mean_prob1=0.1569, mean_prob2=0.1273
2026-03-01 09:12:10,916 - lg_cotrain - INFO - Phase 1 epoch 7/7: mean_prob1=0.1175, mean_prob2=0.1290
2026-03-01 09:12:10,917 - lg_cotrain - INFO - === Phase 2: Co-Training ===
2026-03-01 09:12:11,891 - lg_cotrain - INFO - LR scheduler: total_steps_1=1129, warmup=80; total_steps_2=1129, warmup=80
2026-03-01 09:12:11,891 - lg_cotrain - INFO - Phase 1 done -> seeded Phase 2 trackers. lambda1: mean=0.1175, range=[0.0755, 0.1688]
2026-03-01 09:12:11,892 - lg_cotrain - INFO - Phase 1 done -> seeded Phase 2 trackers. lambda2: mean=0.1290, range=[0.0770, 0.1468]
2026-03-01 09:13:28,452 - lg_cotrain - INFO - Phase 2 epoch 1/9: loss1=0.1625, loss2=0.1847, dev_macro_f1=0.0777, dev_err=46.19%
2026-03-01 09:14:44,438 - lg_cotrain - INFO - Phase 2 epoch 2/9: loss1=0.1394, loss2=0.2849, dev_macro_f1=0.0777, dev_err=46.19%
2026-03-01 09:16:00,298 - lg_cotrain - INFO - Phase 2 epoch 3/9: loss1=0.0591, loss2=0.2615, dev_macro_f1=0.0777, dev_err=46.19%
2026-03-01 09:17:16,182 - lg_cotrain - INFO - Phase 2 epoch 4/9: loss1=0.0342, loss2=0.2450, dev_macro_f1=0.0777, dev_err=46.19%
2026-03-01 09:18:32,520 - lg_cotrain - INFO - Phase 2 epoch 5/9: loss1=0.0168, loss2=0.2327, dev_macro_f1=0.0777, dev_err=46.19%
2026-03-01 09:19:48,645 - lg_cotrain - INFO - Phase 2 epoch 6/9: loss1=0.0113, loss2=0.2208, dev_macro_f1=0.0777, dev_err=46.19%
2026-03-01 09:21:04,763 - lg_cotrain - INFO - Phase 2 epoch 7/9: loss1=0.0044, loss2=0.2076, dev_macro_f1=0.0777, dev_err=46.19%
2026-03-01 09:22:20,680 - lg_cotrain - INFO - Phase 2 epoch 8/9: loss1=0.0002, loss2=0.1972, dev_macro_f1=0.0777, dev_err=46.19%
2026-03-01 09:23:36,575 - lg_cotrain - INFO - Phase 2 epoch 9/9: loss1=0.0001, loss2=0.1867, dev_macro_f1=0.0777, dev_err=46.19%
2026-03-01 09:23:36,575 - lg_cotrain - INFO - === Phase 3: Fine-Tuning ===
2026-03-01 09:23:41,759 - lg_cotrain - INFO - Phase 3 epoch 1: dev_macro_f1=0.0121, dev_err=94.23%, es_counter1=0, es_counter2=0
2026-03-01 09:23:46,487 - lg_cotrain - INFO - Phase 3 epoch 2: dev_macro_f1=0.0038, dev_err=98.28%, es_counter1=1, es_counter2=1
2026-03-01 09:23:50,991 - lg_cotrain - INFO - Phase 3 epoch 3: dev_macro_f1=0.0038, dev_err=98.28%, es_counter1=2, es_counter2=2
2026-03-01 09:23:55,474 - lg_cotrain - INFO - Phase 3 epoch 4: dev_macro_f1=0.0097, dev_err=95.45%, es_counter1=3, es_counter2=3
2026-03-01 09:23:59,940 - lg_cotrain - INFO - Phase 3 epoch 5: dev_macro_f1=0.0777, dev_err=46.19%, es_counter1=0, es_counter2=0
2026-03-01 09:24:04,478 - lg_cotrain - INFO - Phase 3 epoch 6: dev_macro_f1=0.0121, dev_err=94.23%, es_counter1=1, es_counter2=1
2026-03-01 09:24:09,040 - lg_cotrain - INFO - Phase 3 epoch 7: dev_macro_f1=0.0097, dev_err=95.45%, es_counter1=2, es_counter2=2
2026-03-01 09:24:13,568 - lg_cotrain - INFO - Phase 3 epoch 8: dev_macro_f1=0.0153, dev_err=92.63%, es_counter1=3, es_counter2=3
2026-03-01 09:24:18,131 - lg_cotrain - INFO - Phase 3 epoch 9: dev_macro_f1=0.0079, dev_err=96.31%, es_counter1=4, es_counter2=4
2026-03-01 09:24:22,747 - lg_cotrain - INFO - Phase 3 epoch 10: dev_macro_f1=0.0210, dev_err=89.56%, es_counter1=5, es_counter2=5
2026-03-01 09:24:27,351 - lg_cotrain - INFO - Phase 3 epoch 11: dev_macro_f1=0.0038, dev_err=98.28%, es_counter1=6, es_counter2=6
2026-03-01 09:24:31,892 - lg_cotrain - INFO - Phase 3 epoch 12: dev_macro_f1=0.0038, dev_err=98.28%, es_counter1=7, es_counter2=7
2026-03-01 09:24:36,466 - lg_cotrain - INFO - Phase 3 epoch 13: dev_macro_f1=0.0153, dev_err=92.63%, es_counter1=8, es_counter2=8
2026-03-01 09:24:41,120 - lg_cotrain - INFO - Phase 3 epoch 14: dev_macro_f1=0.0210, dev_err=89.56%, es_counter1=9, es_counter2=9
2026-03-01 09:24:41,120 - lg_cotrain - INFO - Early stopping at epoch 14
2026-03-01 09:24:41,129 - lg_cotrain - INFO - === Final Evaluation ===
2026-03-01 09:24:51,553 - lg_cotrain - INFO - Results saved to C:\Users\anhtr\AppData\Local\Temp\tmpm0d0wjed\kerala_floods_2018\50_set2\metrics.json
2026-03-01 09:24:51,554 - lg_cotrain - INFO - Test error rate: 46.21%, Test macro-F1: 0.0777, Test ECE: 0.3700
2026-03-01 09:24:51,565 - lg_cotrain - INFO - --- Trial 7/10 done: dev_macro_f1=0.0777 ---
2026-03-01 09:24:51,565 - lg_cotrain - INFO - --- Trial 8/10 ---
2026-03-01 09:24:52,077 - lg_cotrain - INFO - Starting LG-CoTrain: event=kerala_floods_2018, budget=50, seed_set=2
2026-03-01 09:24:52,117 - lg_cotrain - INFO - Detected 9 classes for event kerala_floods_2018: ['caution_and_advice', 'displaced_people_and_evacuations', 'infrastructure_and_utility_damage', 'injured_or_dead_people', 'not_humanitarian', 'other_relevant_information', 'requests_or_urgent_needs', 'rescue_volunteering_or_donation_effort', 'sympathy_and_support']
2026-03-01 09:24:52,124 - lg_cotrain - INFO - D_l1: 220, D_l2: 219, D_LG: 5149
2026-03-01 09:24:52,126 - lg_cotrain - INFO - === Phase 1: Weight Generation ===
2026-03-01 09:25:24,989 - lg_cotrain - INFO - Phase 1 epoch 1/7: mean_prob1=0.1081, mean_prob2=0.1135
2026-03-01 09:25:56,654 - lg_cotrain - INFO - Phase 1 epoch 2/7: mean_prob1=0.1297, mean_prob2=0.1112
2026-03-01 09:26:28,449 - lg_cotrain - INFO - Phase 1 epoch 3/7: mean_prob1=0.1380, mean_prob2=0.1175
2026-03-01 09:27:00,106 - lg_cotrain - INFO - Phase 1 epoch 4/7: mean_prob1=0.1828, mean_prob2=0.1555
2026-03-01 09:27:31,842 - lg_cotrain - INFO - Phase 1 epoch 5/7: mean_prob1=0.2496, mean_prob2=0.1707
2026-03-01 09:28:03,569 - lg_cotrain - INFO - Phase 1 epoch 6/7: mean_prob1=0.3101, mean_prob2=0.2598
2026-03-01 09:28:35,276 - lg_cotrain - INFO - Phase 1 epoch 7/7: mean_prob1=0.4734, mean_prob2=0.3096
2026-03-01 09:28:35,276 - lg_cotrain - INFO - === Phase 2: Co-Training ===
2026-03-01 09:28:36,250 - lg_cotrain - INFO - LR scheduler: total_steps_1=886, warmup=125; total_steps_2=886, warmup=125
2026-03-01 09:28:36,251 - lg_cotrain - INFO - Phase 1 done -> seeded Phase 2 trackers. lambda1: mean=0.4734, range=[0.0024, 0.9659]
2026-03-01 09:28:36,251 - lg_cotrain - INFO - Phase 1 done -> seeded Phase 2 trackers. lambda2: mean=0.3096, range=[0.0034, 0.8555]
2026-03-01 09:29:52,789 - lg_cotrain - INFO - Phase 2 epoch 1/6: loss1=0.3959, loss2=0.6046, dev_macro_f1=0.4241, dev_err=31.08%
2026-03-01 09:31:08,757 - lg_cotrain - INFO - Phase 2 epoch 2/6: loss1=0.0654, loss2=0.2690, dev_macro_f1=0.4800, dev_err=29.73%
2026-03-01 09:32:24,790 - lg_cotrain - INFO - Phase 2 epoch 3/6: loss1=0.0498, loss2=0.1916, dev_macro_f1=0.5041, dev_err=29.12%
2026-03-01 09:33:41,489 - lg_cotrain - INFO - Phase 2 epoch 4/6: loss1=0.0310, loss2=0.1186, dev_macro_f1=0.5256, dev_err=28.38%
2026-03-01 09:34:43,809 - lg_cotrain - INFO - Phase 2 epoch 5/6: loss1=0.0263, loss2=0.0802, dev_macro_f1=0.5104, dev_err=28.13%
2026-03-01 09:35:43,980 - lg_cotrain - INFO - Phase 2 epoch 6/6: loss1=0.0255, loss2=0.0425, dev_macro_f1=0.5231, dev_err=27.64%
2026-03-01 09:35:43,980 - lg_cotrain - INFO - === Phase 3: Fine-Tuning ===
2026-03-01 09:35:48,074 - lg_cotrain - INFO - Phase 3 epoch 1: dev_macro_f1=0.5454, dev_err=36.36%, es_counter1=0, es_counter2=0
2026-03-01 09:35:52,171 - lg_cotrain - INFO - Phase 3 epoch 2: dev_macro_f1=0.5553, dev_err=37.47%, es_counter1=0, es_counter2=0
2026-03-01 09:35:56,263 - lg_cotrain - INFO - Phase 3 epoch 3: dev_macro_f1=0.5947, dev_err=31.70%, es_counter1=0, es_counter2=0
2026-03-01 09:36:00,342 - lg_cotrain - INFO - Phase 3 epoch 4: dev_macro_f1=0.5721, dev_err=34.64%, es_counter1=1, es_counter2=1
2026-03-01 09:36:04,552 - lg_cotrain - INFO - Phase 3 epoch 5: dev_macro_f1=0.5810, dev_err=30.96%, es_counter1=2, es_counter2=2
2026-03-01 09:36:08,620 - lg_cotrain - INFO - Phase 3 epoch 6: dev_macro_f1=0.5927, dev_err=30.10%, es_counter1=3, es_counter2=3
2026-03-01 09:36:12,769 - lg_cotrain - INFO - Phase 3 epoch 7: dev_macro_f1=0.5828, dev_err=31.45%, es_counter1=4, es_counter2=4
2026-03-01 09:36:16,917 - lg_cotrain - INFO - Phase 3 epoch 8: dev_macro_f1=0.5777, dev_err=33.05%, es_counter1=5, es_counter2=5
2026-03-01 09:36:20,992 - lg_cotrain - INFO - Phase 3 epoch 9: dev_macro_f1=0.5740, dev_err=34.03%, es_counter1=6, es_counter2=6
2026-03-01 09:36:25,070 - lg_cotrain - INFO - Phase 3 epoch 10: dev_macro_f1=0.5796, dev_err=33.66%, es_counter1=7, es_counter2=7
2026-03-01 09:36:25,071 - lg_cotrain - INFO - Early stopping at epoch 10
2026-03-01 09:36:25,085 - lg_cotrain - INFO - === Final Evaluation ===
2026-03-01 09:36:31,922 - lg_cotrain - INFO - Results saved to C:\Users\anhtr\AppData\Local\Temp\tmp8r6nhlwa\kerala_floods_2018\50_set2\metrics.json
2026-03-01 09:36:31,922 - lg_cotrain - INFO - Test error rate: 33.44%, Test macro-F1: 0.5397, Test ECE: 0.1062
2026-03-01 09:36:31,931 - lg_cotrain - INFO - --- Trial 8/10 done: dev_macro_f1=0.5947 ---
2026-03-01 09:36:31,932 - lg_cotrain - INFO - --- Trial 9/10 ---
2026-03-01 09:36:32,439 - lg_cotrain - INFO - Starting LG-CoTrain: event=kerala_floods_2018, budget=50, seed_set=2
2026-03-01 09:36:32,476 - lg_cotrain - INFO - Detected 9 classes for event kerala_floods_2018: ['caution_and_advice', 'displaced_people_and_evacuations', 'infrastructure_and_utility_damage', 'injured_or_dead_people', 'not_humanitarian', 'other_relevant_information', 'requests_or_urgent_needs', 'rescue_volunteering_or_donation_effort', 'sympathy_and_support']
2026-03-01 09:36:32,482 - lg_cotrain - INFO - D_l1: 220, D_l2: 219, D_LG: 5149
2026-03-01 09:36:32,483 - lg_cotrain - INFO - === Phase 1: Weight Generation ===
2026-03-01 09:36:53,506 - lg_cotrain - INFO - Phase 1 epoch 1/7: mean_prob1=0.1177, mean_prob2=0.1169
2026-03-01 09:37:13,725 - lg_cotrain - INFO - Phase 1 epoch 2/7: mean_prob1=0.1175, mean_prob2=0.1307
2026-03-01 09:37:33,952 - lg_cotrain - INFO - Phase 1 epoch 3/7: mean_prob1=0.1188, mean_prob2=0.0922
2026-03-01 09:37:53,935 - lg_cotrain - INFO - Phase 1 epoch 4/7: mean_prob1=0.1097, mean_prob2=0.1284
2026-03-01 09:38:14,078 - lg_cotrain - INFO - Phase 1 epoch 5/7: mean_prob1=0.1151, mean_prob2=0.1197
2026-03-01 09:38:34,104 - lg_cotrain - INFO - Phase 1 epoch 6/7: mean_prob1=0.1032, mean_prob2=0.1153
2026-03-01 09:38:54,226 - lg_cotrain - INFO - Phase 1 epoch 7/7: mean_prob1=0.1160, mean_prob2=0.1140
2026-03-01 09:38:54,226 - lg_cotrain - INFO - === Phase 2: Co-Training ===
2026-03-01 09:38:55,278 - lg_cotrain - INFO - LR scheduler: total_steps_1=7196, warmup=1511; total_steps_2=7196, warmup=1511
2026-03-01 09:38:55,279 - lg_cotrain - INFO - Phase 1 done -> seeded Phase 2 trackers. lambda1: mean=0.1160, range=[0.0860, 0.1513]
2026-03-01 09:38:55,279 - lg_cotrain - INFO - Phase 1 done -> seeded Phase 2 trackers. lambda2: mean=0.1140, range=[0.0720, 0.1382]
2026-03-01 09:40:09,194 - lg_cotrain - INFO - Phase 2 epoch 1/18: loss1=0.1316, loss2=0.1378, dev_macro_f1=0.4267, dev_err=34.03%
2026-03-01 09:41:22,916 - lg_cotrain - INFO - Phase 2 epoch 2/18: loss1=0.0634, loss2=0.3425, dev_macro_f1=0.4499, dev_err=31.45%
2026-03-01 09:42:37,613 - lg_cotrain - INFO - Phase 2 epoch 3/18: loss1=0.1362, loss2=0.8502, dev_macro_f1=0.0777, dev_err=46.19%
2026-03-01 09:43:51,112 - lg_cotrain - INFO - Phase 2 epoch 4/18: loss1=0.1373, loss2=0.8992, dev_macro_f1=0.0777, dev_err=46.19%
2026-03-01 09:45:03,850 - lg_cotrain - INFO - Phase 2 epoch 5/18: loss1=0.0760, loss2=0.8269, dev_macro_f1=0.0777, dev_err=46.19%
2026-03-01 09:46:17,704 - lg_cotrain - INFO - Phase 2 epoch 6/18: loss1=0.0546, loss2=0.7706, dev_macro_f1=0.0777, dev_err=46.19%
2026-03-01 09:47:30,685 - lg_cotrain - INFO - Phase 2 epoch 7/18: loss1=0.0479, loss2=0.7252, dev_macro_f1=0.0777, dev_err=46.19%
2026-03-01 09:48:43,540 - lg_cotrain - INFO - Phase 2 epoch 8/18: loss1=0.0418, loss2=0.6825, dev_macro_f1=0.0777, dev_err=46.19%
2026-03-01 09:49:56,142 - lg_cotrain - INFO - Phase 2 epoch 9/18: loss1=0.0400, loss2=0.6473, dev_macro_f1=0.0777, dev_err=46.19%
2026-03-01 09:51:09,373 - lg_cotrain - INFO - Phase 2 epoch 10/18: loss1=0.0372, loss2=0.6288, dev_macro_f1=0.0777, dev_err=46.19%
2026-03-01 09:52:22,187 - lg_cotrain - INFO - Phase 2 epoch 11/18: loss1=0.0350, loss2=0.6316, dev_macro_f1=0.0777, dev_err=46.19%
2026-03-01 09:53:35,600 - lg_cotrain - INFO - Phase 2 epoch 12/18: loss1=0.0269, loss2=0.6176, dev_macro_f1=0.0777, dev_err=46.19%
2026-03-01 09:54:49,541 - lg_cotrain - INFO - Phase 2 epoch 13/18: loss1=0.0212, loss2=0.5962, dev_macro_f1=0.0777, dev_err=46.19%
2026-03-01 09:56:02,819 - lg_cotrain - INFO - Phase 2 epoch 14/18: loss1=0.0160, loss2=0.5762, dev_macro_f1=0.0777, dev_err=46.19%
2026-03-01 09:57:15,807 - lg_cotrain - INFO - Phase 2 epoch 15/18: loss1=0.0121, loss2=0.5582, dev_macro_f1=0.0777, dev_err=46.19%
2026-03-01 09:58:30,056 - lg_cotrain - INFO - Phase 2 epoch 16/18: loss1=0.0096, loss2=0.5420, dev_macro_f1=0.0777, dev_err=46.19%
2026-03-01 09:59:42,819 - lg_cotrain - INFO - Phase 2 epoch 17/18: loss1=0.0079, loss2=0.5256, dev_macro_f1=0.0777, dev_err=46.19%
2026-03-01 10:00:55,418 - lg_cotrain - INFO - Phase 2 epoch 18/18: loss1=0.0066, loss2=0.5119, dev_macro_f1=0.0777, dev_err=46.19%
2026-03-01 10:00:55,418 - lg_cotrain - INFO - === Phase 3: Fine-Tuning ===
2026-03-01 10:01:00,236 - lg_cotrain - INFO - Phase 3 epoch 1: dev_macro_f1=0.0038, dev_err=98.28%, es_counter1=0, es_counter2=0
2026-03-01 10:01:05,048 - lg_cotrain - INFO - Phase 3 epoch 2: dev_macro_f1=0.0121, dev_err=94.23%, es_counter1=0, es_counter2=0
2026-03-01 10:01:09,846 - lg_cotrain - INFO - Phase 3 epoch 3: dev_macro_f1=0.0079, dev_err=96.31%, es_counter1=1, es_counter2=1
2026-03-01 10:01:14,654 - lg_cotrain - INFO - Phase 3 epoch 4: dev_macro_f1=0.0153, dev_err=92.63%, es_counter1=0, es_counter2=0
2026-03-01 10:01:19,468 - lg_cotrain - INFO - Phase 3 epoch 5: dev_macro_f1=0.0210, dev_err=89.56%, es_counter1=0, es_counter2=0
2026-03-01 10:01:24,285 - lg_cotrain - INFO - Phase 3 epoch 6: dev_macro_f1=0.0153, dev_err=92.63%, es_counter1=1, es_counter2=1
2026-03-01 10:01:29,142 - lg_cotrain - INFO - Phase 3 epoch 7: dev_macro_f1=0.0777, dev_err=46.19%, es_counter1=0, es_counter2=0
2026-03-01 10:01:33,982 - lg_cotrain - INFO - Phase 3 epoch 8: dev_macro_f1=0.0777, dev_err=46.19%, es_counter1=1, es_counter2=1
2026-03-01 10:01:38,800 - lg_cotrain - INFO - Phase 3 epoch 9: dev_macro_f1=0.0079, dev_err=96.31%, es_counter1=2, es_counter2=2
2026-03-01 10:01:43,620 - lg_cotrain - INFO - Phase 3 epoch 10: dev_macro_f1=0.0210, dev_err=89.56%, es_counter1=3, es_counter2=3
2026-03-01 10:01:48,429 - lg_cotrain - INFO - Phase 3 epoch 11: dev_macro_f1=0.0777, dev_err=46.19%, es_counter1=4, es_counter2=4
2026-03-01 10:01:53,240 - lg_cotrain - INFO - Phase 3 epoch 12: dev_macro_f1=0.0079, dev_err=96.31%, es_counter1=5, es_counter2=5
2026-03-01 10:01:58,035 - lg_cotrain - INFO - Phase 3 epoch 13: dev_macro_f1=0.0121, dev_err=94.23%, es_counter1=6, es_counter2=6
2026-03-01 10:01:58,035 - lg_cotrain - INFO - Early stopping at epoch 13
2026-03-01 10:01:58,045 - lg_cotrain - INFO - === Final Evaluation ===
2026-03-01 10:02:05,672 - lg_cotrain - INFO - Results saved to C:\Users\anhtr\AppData\Local\Temp\tmpv85e1gyv\kerala_floods_2018\50_set2\metrics.json
2026-03-01 10:02:05,672 - lg_cotrain - INFO - Test error rate: 46.21%, Test macro-F1: 0.0777, Test ECE: 0.4135
2026-03-01 10:02:05,683 - lg_cotrain - INFO - --- Trial 9/10 done: dev_macro_f1=0.0777 ---
2026-03-01 10:02:05,683 - lg_cotrain - INFO - --- Trial 10/10 ---
2026-03-01 10:02:06,168 - lg_cotrain - INFO - Starting LG-CoTrain: event=kerala_floods_2018, budget=50, seed_set=2
2026-03-01 10:02:06,212 - lg_cotrain - INFO - Detected 9 classes for event kerala_floods_2018: ['caution_and_advice', 'displaced_people_and_evacuations', 'infrastructure_and_utility_damage', 'injured_or_dead_people', 'not_humanitarian', 'other_relevant_information', 'requests_or_urgent_needs', 'rescue_volunteering_or_donation_effort', 'sympathy_and_support']
2026-03-01 10:02:06,221 - lg_cotrain - INFO - D_l1: 220, D_l2: 219, D_LG: 5149
2026-03-01 10:02:06,222 - lg_cotrain - INFO - === Phase 1: Weight Generation ===
2026-03-01 10:02:28,781 - lg_cotrain - INFO - Phase 1 epoch 1/7: mean_prob1=0.1047, mean_prob2=0.1012
2026-03-01 10:02:50,288 - lg_cotrain - INFO - Phase 1 epoch 2/7: mean_prob1=0.1066, mean_prob2=0.1208
2026-03-01 10:03:12,158 - lg_cotrain - INFO - Phase 1 epoch 3/7: mean_prob1=0.1132, mean_prob2=0.1029
2026-03-01 10:03:33,813 - lg_cotrain - INFO - Phase 1 epoch 4/7: mean_prob1=0.1070, mean_prob2=0.1127
2026-03-01 10:03:55,580 - lg_cotrain - INFO - Phase 1 epoch 5/7: mean_prob1=0.1140, mean_prob2=0.1233
2026-03-01 10:04:17,257 - lg_cotrain - INFO - Phase 1 epoch 6/7: mean_prob1=0.1079, mean_prob2=0.1097
2026-03-01 10:04:39,081 - lg_cotrain - INFO - Phase 1 epoch 7/7: mean_prob1=0.1118, mean_prob2=0.1193
2026-03-01 10:04:39,081 - lg_cotrain - INFO - === Phase 2: Co-Training ===
2026-03-01 10:04:40,136 - lg_cotrain - INFO - LR scheduler: total_steps_1=9884, warmup=2406; total_steps_2=9884, warmup=2406
2026-03-01 10:04:40,137 - lg_cotrain - INFO - Phase 1 done -> seeded Phase 2 trackers. lambda1: mean=0.1118, range=[0.0607, 0.1630]
2026-03-01 10:04:40,137 - lg_cotrain - INFO - Phase 1 done -> seeded Phase 2 trackers. lambda2: mean=0.1193, range=[0.0858, 0.1302]
2026-03-01 10:06:04,791 - lg_cotrain - INFO - Phase 2 epoch 1/11: loss1=0.1289, loss2=0.1309, dev_macro_f1=0.4688, dev_err=31.45%
2026-03-01 10:07:29,655 - lg_cotrain - INFO - Phase 2 epoch 2/11: loss1=0.0610, loss2=0.3411, dev_macro_f1=0.3825, dev_err=33.42%
2026-03-01 10:08:54,172 - lg_cotrain - INFO - Phase 2 epoch 3/11: loss1=0.1827, loss2=0.6180, dev_macro_f1=0.0777, dev_err=46.19%
2026-03-01 10:10:18,424 - lg_cotrain - INFO - Phase 2 epoch 4/11: loss1=0.0958, loss2=0.9217, dev_macro_f1=0.0777, dev_err=46.19%
2026-03-01 10:11:42,656 - lg_cotrain - INFO - Phase 2 epoch 5/11: loss1=0.0316, loss2=0.8490, dev_macro_f1=0.0777, dev_err=46.19%
2026-03-01 10:13:06,934 - lg_cotrain - INFO - Phase 2 epoch 6/11: loss1=0.0164, loss2=0.7911, dev_macro_f1=0.0777, dev_err=46.19%
2026-03-01 10:14:31,320 - lg_cotrain - INFO - Phase 2 epoch 7/11: loss1=0.0103, loss2=0.7397, dev_macro_f1=0.0777, dev_err=46.19%
2026-03-01 10:15:55,331 - lg_cotrain - INFO - Phase 2 epoch 8/11: loss1=0.0090, loss2=0.6972, dev_macro_f1=0.0777, dev_err=46.19%
2026-03-01 10:17:19,231 - lg_cotrain - INFO - Phase 2 epoch 9/11: loss1=0.0086, loss2=0.6611, dev_macro_f1=0.0777, dev_err=46.19%
2026-03-01 10:18:43,094 - lg_cotrain - INFO - Phase 2 epoch 10/11: loss1=0.0085, loss2=0.6322, dev_macro_f1=0.0777, dev_err=46.19%
2026-03-01 10:20:07,012 - lg_cotrain - INFO - Phase 2 epoch 11/11: loss1=0.0078, loss2=0.6053, dev_macro_f1=0.0777, dev_err=46.19%
2026-03-01 10:20:07,012 - lg_cotrain - INFO - === Phase 3: Fine-Tuning ===
2026-03-01 10:20:12,453 - lg_cotrain - INFO - Phase 3 epoch 1: dev_macro_f1=0.0097, dev_err=95.45%, es_counter1=0, es_counter2=0
2026-03-01 10:20:17,877 - lg_cotrain - INFO - Phase 3 epoch 2: dev_macro_f1=0.0038, dev_err=98.28%, es_counter1=1, es_counter2=1
2026-03-01 10:20:23,347 - lg_cotrain - INFO - Phase 3 epoch 3: dev_macro_f1=0.0237, dev_err=88.08%, es_counter1=0, es_counter2=0
2026-03-01 10:20:28,791 - lg_cotrain - INFO - Phase 3 epoch 4: dev_macro_f1=0.0038, dev_err=98.28%, es_counter1=1, es_counter2=1
2026-03-01 10:20:34,257 - lg_cotrain - INFO - Phase 3 epoch 5: dev_macro_f1=0.0097, dev_err=95.45%, es_counter1=2, es_counter2=2
2026-03-01 10:20:39,723 - lg_cotrain - INFO - Phase 3 epoch 6: dev_macro_f1=0.0777, dev_err=46.19%, es_counter1=0, es_counter2=0
2026-03-01 10:20:45,156 - lg_cotrain - INFO - Phase 3 epoch 7: dev_macro_f1=0.0237, dev_err=88.08%, es_counter1=1, es_counter2=1
2026-03-01 10:20:50,594 - lg_cotrain - INFO - Phase 3 epoch 8: dev_macro_f1=0.0777, dev_err=46.19%, es_counter1=2, es_counter2=2
2026-03-01 10:20:56,019 - lg_cotrain - INFO - Phase 3 epoch 9: dev_macro_f1=0.0038, dev_err=98.28%, es_counter1=3, es_counter2=3
2026-03-01 10:21:01,447 - lg_cotrain - INFO - Phase 3 epoch 10: dev_macro_f1=0.0079, dev_err=96.31%, es_counter1=4, es_counter2=4
2026-03-01 10:21:01,447 - lg_cotrain - INFO - Early stopping at epoch 10
2026-03-01 10:21:01,458 - lg_cotrain - INFO - === Final Evaluation ===
2026-03-01 10:21:09,572 - lg_cotrain - INFO - Results saved to C:\Users\anhtr\AppData\Local\Temp\tmpdpwk6xgp\kerala_floods_2018\50_set2\metrics.json
2026-03-01 10:21:09,573 - lg_cotrain - INFO - Test error rate: 46.21%, Test macro-F1: 0.0777, Test ECE: 0.4074
2026-03-01 10:21:09,583 - lg_cotrain - INFO - --- Trial 10/10 done: dev_macro_f1=0.0777 ---
