2026-02-28 14:15:15,015 - lg_cotrain - INFO - === Optuna study: kerala_floods_2018 budget=5 seed=2 | target=10 trials, 0 replayed, 10 new ===
2026-02-28 14:15:15,016 - lg_cotrain - INFO - --- Trial 1/10 ---
2026-02-28 14:15:15,527 - lg_cotrain - INFO - Starting LG-CoTrain: event=kerala_floods_2018, budget=5, seed_set=2
2026-02-28 14:15:15,582 - lg_cotrain - INFO - Detected 9 classes for event kerala_floods_2018: ['caution_and_advice', 'displaced_people_and_evacuations', 'infrastructure_and_utility_damage', 'injured_or_dead_people', 'not_humanitarian', 'other_relevant_information', 'requests_or_urgent_needs', 'rescue_volunteering_or_donation_effort', 'sympathy_and_support']
2026-02-28 14:15:15,591 - lg_cotrain - INFO - D_l1: 27, D_l2: 18, D_LG: 5543
2026-02-28 14:15:15,593 - lg_cotrain - INFO - === Phase 1: Weight Generation ===
2026-02-28 14:15:37,756 - lg_cotrain - INFO - Phase 1 epoch 1/7: mean_prob1=0.1051, mean_prob2=0.1232
2026-02-28 14:15:59,109 - lg_cotrain - INFO - Phase 1 epoch 2/7: mean_prob1=0.1091, mean_prob2=0.1196
2026-02-28 14:16:20,328 - lg_cotrain - INFO - Phase 1 epoch 3/7: mean_prob1=0.1044, mean_prob2=0.1120
2026-02-28 14:16:41,242 - lg_cotrain - INFO - Phase 1 epoch 4/7: mean_prob1=0.1176, mean_prob2=0.1064
2026-02-28 14:17:02,135 - lg_cotrain - INFO - Phase 1 epoch 5/7: mean_prob1=0.1241, mean_prob2=0.1077
2026-02-28 14:17:23,155 - lg_cotrain - INFO - Phase 1 epoch 6/7: mean_prob1=0.1358, mean_prob2=0.1210
2026-02-28 14:17:44,570 - lg_cotrain - INFO - Phase 1 epoch 7/7: mean_prob1=0.1459, mean_prob2=0.1318
2026-02-28 14:17:44,571 - lg_cotrain - INFO - === Phase 2: Co-Training ===
2026-02-28 14:17:45,679 - lg_cotrain - INFO - LR scheduler: total_steps_1=13567, warmup=1315; total_steps_2=13467, warmup=1306
2026-02-28 14:17:45,679 - lg_cotrain - INFO - Phase 1 done -> seeded Phase 2 trackers. lambda1: mean=0.1459, range=[0.0254, 0.3507]
2026-02-28 14:17:45,679 - lg_cotrain - INFO - Phase 1 done -> seeded Phase 2 trackers. lambda2: mean=0.1318, range=[0.0271, 0.3117]
2026-02-28 14:19:18,192 - lg_cotrain - INFO - Phase 2 epoch 1/19: loss1=0.1538, loss2=0.1698, dev_macro_f1=0.4285, dev_err=28.38%
2026-02-28 14:20:50,023 - lg_cotrain - INFO - Phase 2 epoch 2/19: loss1=0.0530, loss2=0.2527, dev_macro_f1=0.4975, dev_err=28.62%
2026-02-28 14:22:22,613 - lg_cotrain - INFO - Phase 2 epoch 3/19: loss1=0.0450, loss2=0.2448, dev_macro_f1=0.5897, dev_err=27.03%
2026-02-28 14:23:54,672 - lg_cotrain - INFO - Phase 2 epoch 4/19: loss1=0.0370, loss2=0.1669, dev_macro_f1=0.5692, dev_err=26.66%
2026-02-28 14:25:27,109 - lg_cotrain - INFO - Phase 2 epoch 5/19: loss1=0.0274, loss2=0.0910, dev_macro_f1=0.5361, dev_err=27.40%
2026-02-28 14:26:59,937 - lg_cotrain - INFO - Phase 2 epoch 6/19: loss1=0.0319, loss2=0.0871, dev_macro_f1=0.6047, dev_err=26.66%
2026-02-28 14:28:33,585 - lg_cotrain - INFO - Phase 2 epoch 7/19: loss1=0.0273, loss2=0.0634, dev_macro_f1=0.5585, dev_err=28.38%
2026-02-28 14:30:06,089 - lg_cotrain - INFO - Phase 2 epoch 8/19: loss1=0.0197, loss2=0.0430, dev_macro_f1=0.5340, dev_err=29.61%
2026-02-28 14:31:38,328 - lg_cotrain - INFO - Phase 2 epoch 9/19: loss1=0.0232, loss2=0.0280, dev_macro_f1=0.6055, dev_err=26.54%
2026-02-28 14:33:10,263 - lg_cotrain - INFO - Phase 2 epoch 10/19: loss1=0.0133, loss2=0.0283, dev_macro_f1=0.5746, dev_err=27.52%
2026-02-28 14:34:42,543 - lg_cotrain - INFO - Phase 2 epoch 11/19: loss1=0.0145, loss2=0.0277, dev_macro_f1=0.5542, dev_err=29.48%
2026-02-28 14:36:14,928 - lg_cotrain - INFO - Phase 2 epoch 12/19: loss1=0.0126, loss2=0.0268, dev_macro_f1=0.5614, dev_err=28.99%
2026-02-28 14:37:47,222 - lg_cotrain - INFO - Phase 2 epoch 13/19: loss1=0.0125, loss2=0.0164, dev_macro_f1=0.5581, dev_err=28.50%
2026-02-28 14:39:19,769 - lg_cotrain - INFO - Phase 2 epoch 14/19: loss1=0.0065, loss2=0.0102, dev_macro_f1=0.5770, dev_err=28.87%
2026-02-28 14:40:52,399 - lg_cotrain - INFO - Phase 2 epoch 15/19: loss1=0.0058, loss2=0.0036, dev_macro_f1=0.5758, dev_err=28.50%
2026-02-28 14:42:25,871 - lg_cotrain - INFO - Phase 2 epoch 16/19: loss1=0.0043, loss2=0.0058, dev_macro_f1=0.5763, dev_err=28.13%
2026-02-28 14:43:58,072 - lg_cotrain - INFO - Phase 2 epoch 17/19: loss1=0.0033, loss2=0.0015, dev_macro_f1=0.5965, dev_err=27.40%
2026-02-28 14:45:30,050 - lg_cotrain - INFO - Phase 2 epoch 18/19: loss1=0.0031, loss2=0.0013, dev_macro_f1=0.5833, dev_err=28.50%
2026-02-28 14:47:02,005 - lg_cotrain - INFO - Phase 2 epoch 19/19: loss1=0.0026, loss2=0.0021, dev_macro_f1=0.5824, dev_err=28.50%
2026-02-28 14:47:02,005 - lg_cotrain - INFO - === Phase 3: Fine-Tuning ===
2026-02-28 14:47:05,155 - lg_cotrain - INFO - Phase 3 epoch 1: dev_macro_f1=0.5760, dev_err=29.12%, es_counter1=0, es_counter2=0
2026-02-28 14:47:08,301 - lg_cotrain - INFO - Phase 3 epoch 2: dev_macro_f1=0.5746, dev_err=29.24%, es_counter1=1, es_counter2=1
2026-02-28 14:47:11,489 - lg_cotrain - INFO - Phase 3 epoch 3: dev_macro_f1=0.5785, dev_err=29.12%, es_counter1=0, es_counter2=0
2026-02-28 14:47:14,655 - lg_cotrain - INFO - Phase 3 epoch 4: dev_macro_f1=0.5798, dev_err=29.12%, es_counter1=0, es_counter2=0
2026-02-28 14:47:17,991 - lg_cotrain - INFO - Phase 3 epoch 5: dev_macro_f1=0.5843, dev_err=28.62%, es_counter1=0, es_counter2=0
2026-02-28 14:47:21,125 - lg_cotrain - INFO - Phase 3 epoch 6: dev_macro_f1=0.5826, dev_err=28.87%, es_counter1=1, es_counter2=1
2026-02-28 14:47:24,297 - lg_cotrain - INFO - Phase 3 epoch 7: dev_macro_f1=0.5829, dev_err=28.62%, es_counter1=2, es_counter2=2
2026-02-28 14:47:27,424 - lg_cotrain - INFO - Phase 3 epoch 8: dev_macro_f1=0.5840, dev_err=28.50%, es_counter1=3, es_counter2=3
2026-02-28 14:47:30,594 - lg_cotrain - INFO - Phase 3 epoch 9: dev_macro_f1=0.5844, dev_err=28.38%, es_counter1=0, es_counter2=0
2026-02-28 14:47:33,917 - lg_cotrain - INFO - Phase 3 epoch 10: dev_macro_f1=0.5835, dev_err=28.38%, es_counter1=1, es_counter2=1
2026-02-28 14:47:37,065 - lg_cotrain - INFO - Phase 3 epoch 11: dev_macro_f1=0.5873, dev_err=28.26%, es_counter1=0, es_counter2=0
2026-02-28 14:47:40,243 - lg_cotrain - INFO - Phase 3 epoch 12: dev_macro_f1=0.5873, dev_err=28.26%, es_counter1=1, es_counter2=1
2026-02-28 14:47:43,416 - lg_cotrain - INFO - Phase 3 epoch 13: dev_macro_f1=0.5884, dev_err=28.13%, es_counter1=0, es_counter2=0
2026-02-28 14:47:46,568 - lg_cotrain - INFO - Phase 3 epoch 14: dev_macro_f1=0.5884, dev_err=28.13%, es_counter1=1, es_counter2=1
2026-02-28 14:47:49,724 - lg_cotrain - INFO - Phase 3 epoch 15: dev_macro_f1=0.5869, dev_err=28.26%, es_counter1=2, es_counter2=2
2026-02-28 14:47:52,872 - lg_cotrain - INFO - Phase 3 epoch 16: dev_macro_f1=0.5869, dev_err=28.26%, es_counter1=3, es_counter2=3
2026-02-28 14:47:56,046 - lg_cotrain - INFO - Phase 3 epoch 17: dev_macro_f1=0.5864, dev_err=28.26%, es_counter1=4, es_counter2=4
2026-02-28 14:47:56,046 - lg_cotrain - INFO - Early stopping at epoch 17
2026-02-28 14:47:56,057 - lg_cotrain - INFO - === Final Evaluation ===
2026-02-28 14:48:04,422 - lg_cotrain - INFO - Results saved to C:\Users\anhtr\AppData\Local\Temp\tmpvrezbo_a\kerala_floods_2018\5_set2\metrics.json
2026-02-28 14:48:04,423 - lg_cotrain - INFO - Test error rate: 30.85%, Test macro-F1: 0.5429, Test ECE: 0.2145
2026-02-28 14:48:04,434 - lg_cotrain - INFO - --- Trial 1/10 done: dev_macro_f1=0.5884 ---
2026-02-28 14:48:04,434 - lg_cotrain - INFO - --- Trial 2/10 ---
2026-02-28 14:48:04,938 - lg_cotrain - INFO - Starting LG-CoTrain: event=kerala_floods_2018, budget=5, seed_set=2
2026-02-28 14:48:05,000 - lg_cotrain - INFO - Detected 9 classes for event kerala_floods_2018: ['caution_and_advice', 'displaced_people_and_evacuations', 'infrastructure_and_utility_damage', 'injured_or_dead_people', 'not_humanitarian', 'other_relevant_information', 'requests_or_urgent_needs', 'rescue_volunteering_or_donation_effort', 'sympathy_and_support']
2026-02-28 14:48:05,007 - lg_cotrain - INFO - D_l1: 27, D_l2: 18, D_LG: 5543
2026-02-28 14:48:05,008 - lg_cotrain - INFO - === Phase 1: Weight Generation ===
2026-02-28 14:48:23,528 - lg_cotrain - INFO - Phase 1 epoch 1/7: mean_prob1=0.1046, mean_prob2=0.1256
2026-02-28 14:48:40,991 - lg_cotrain - INFO - Phase 1 epoch 2/7: mean_prob1=0.0976, mean_prob2=0.1201
2026-02-28 14:48:58,157 - lg_cotrain - INFO - Phase 1 epoch 3/7: mean_prob1=0.1012, mean_prob2=0.1071
2026-02-28 14:49:15,523 - lg_cotrain - INFO - Phase 1 epoch 4/7: mean_prob1=0.0997, mean_prob2=0.1060
2026-02-28 14:49:33,115 - lg_cotrain - INFO - Phase 1 epoch 5/7: mean_prob1=0.1038, mean_prob2=0.1097
2026-02-28 14:49:50,764 - lg_cotrain - INFO - Phase 1 epoch 6/7: mean_prob1=0.1110, mean_prob2=0.1208
2026-02-28 14:50:08,611 - lg_cotrain - INFO - Phase 1 epoch 7/7: mean_prob1=0.1156, mean_prob2=0.1379
2026-02-28 14:50:08,611 - lg_cotrain - INFO - === Phase 2: Co-Training ===
2026-02-28 14:50:09,613 - lg_cotrain - INFO - LR scheduler: total_steps_1=1753, warmup=441; total_steps_2=1753, warmup=441
2026-02-28 14:50:09,614 - lg_cotrain - INFO - Phase 1 done -> seeded Phase 2 trackers. lambda1: mean=0.1156, range=[0.0344, 0.2881]
2026-02-28 14:50:09,614 - lg_cotrain - INFO - Phase 1 done -> seeded Phase 2 trackers. lambda2: mean=0.1379, range=[0.0310, 0.3408]
2026-02-28 14:51:16,168 - lg_cotrain - INFO - Phase 2 epoch 1/19: loss1=0.2270, loss2=0.2285, dev_macro_f1=0.1093, dev_err=45.33%
2026-02-28 14:52:23,078 - lg_cotrain - INFO - Phase 2 epoch 2/19: loss1=0.1021, loss2=0.2271, dev_macro_f1=0.3160, dev_err=34.89%
2026-02-28 14:53:28,541 - lg_cotrain - INFO - Phase 2 epoch 3/19: loss1=0.0522, loss2=0.1525, dev_macro_f1=0.4679, dev_err=28.50%
2026-02-28 14:54:33,981 - lg_cotrain - INFO - Phase 2 epoch 4/19: loss1=0.0281, loss2=0.1348, dev_macro_f1=0.5114, dev_err=26.54%
2026-02-28 14:55:38,905 - lg_cotrain - INFO - Phase 2 epoch 5/19: loss1=0.0224, loss2=0.1083, dev_macro_f1=0.5368, dev_err=27.27%
2026-02-28 14:56:44,526 - lg_cotrain - INFO - Phase 2 epoch 6/19: loss1=0.0214, loss2=0.1169, dev_macro_f1=0.5504, dev_err=26.90%
2026-02-28 14:57:50,859 - lg_cotrain - INFO - Phase 2 epoch 7/19: loss1=0.0208, loss2=0.0605, dev_macro_f1=0.5537, dev_err=26.54%
2026-02-28 14:58:55,852 - lg_cotrain - INFO - Phase 2 epoch 8/19: loss1=0.0175, loss2=0.0289, dev_macro_f1=0.5513, dev_err=26.78%
2026-02-28 15:00:01,496 - lg_cotrain - INFO - Phase 2 epoch 9/19: loss1=0.0168, loss2=0.0226, dev_macro_f1=0.5453, dev_err=26.54%
2026-02-28 15:01:06,933 - lg_cotrain - INFO - Phase 2 epoch 10/19: loss1=0.0117, loss2=0.0209, dev_macro_f1=0.5338, dev_err=28.01%
2026-02-28 15:02:12,644 - lg_cotrain - INFO - Phase 2 epoch 11/19: loss1=0.0108, loss2=0.0166, dev_macro_f1=0.5811, dev_err=26.66%
2026-02-28 15:03:17,842 - lg_cotrain - INFO - Phase 2 epoch 12/19: loss1=0.0062, loss2=0.0100, dev_macro_f1=0.5751, dev_err=27.15%
2026-02-28 15:04:23,328 - lg_cotrain - INFO - Phase 2 epoch 13/19: loss1=0.0048, loss2=0.0081, dev_macro_f1=0.5562, dev_err=26.90%
2026-02-28 15:05:28,216 - lg_cotrain - INFO - Phase 2 epoch 14/19: loss1=0.0072, loss2=0.0050, dev_macro_f1=0.5851, dev_err=26.90%
2026-02-28 15:06:33,326 - lg_cotrain - INFO - Phase 2 epoch 15/19: loss1=0.0056, loss2=0.0040, dev_macro_f1=0.5642, dev_err=27.15%
2026-02-28 15:07:39,002 - lg_cotrain - INFO - Phase 2 epoch 16/19: loss1=0.0043, loss2=0.0040, dev_macro_f1=0.5659, dev_err=27.15%
2026-02-28 15:08:44,766 - lg_cotrain - INFO - Phase 2 epoch 17/19: loss1=0.0045, loss2=0.0025, dev_macro_f1=0.5836, dev_err=26.90%
2026-02-28 15:09:50,138 - lg_cotrain - INFO - Phase 2 epoch 18/19: loss1=0.0038, loss2=0.0021, dev_macro_f1=0.5882, dev_err=27.52%
2026-02-28 15:10:55,664 - lg_cotrain - INFO - Phase 2 epoch 19/19: loss1=0.0038, loss2=0.0019, dev_macro_f1=0.6007, dev_err=26.78%
2026-02-28 15:10:55,664 - lg_cotrain - INFO - === Phase 3: Fine-Tuning ===
2026-02-28 15:10:58,239 - lg_cotrain - INFO - Phase 3 epoch 1: dev_macro_f1=0.6006, dev_err=27.15%, es_counter1=0, es_counter2=0
2026-02-28 15:11:00,787 - lg_cotrain - INFO - Phase 3 epoch 2: dev_macro_f1=0.6019, dev_err=27.40%, es_counter1=0, es_counter2=0
2026-02-28 15:11:03,379 - lg_cotrain - INFO - Phase 3 epoch 3: dev_macro_f1=0.6010, dev_err=27.52%, es_counter1=1, es_counter2=1
2026-02-28 15:11:05,907 - lg_cotrain - INFO - Phase 3 epoch 4: dev_macro_f1=0.6049, dev_err=27.64%, es_counter1=0, es_counter2=0
2026-02-28 15:11:08,493 - lg_cotrain - INFO - Phase 3 epoch 5: dev_macro_f1=0.6030, dev_err=28.01%, es_counter1=1, es_counter2=1
2026-02-28 15:11:11,076 - lg_cotrain - INFO - Phase 3 epoch 6: dev_macro_f1=0.6027, dev_err=28.38%, es_counter1=2, es_counter2=2
2026-02-28 15:11:13,600 - lg_cotrain - INFO - Phase 3 epoch 7: dev_macro_f1=0.6001, dev_err=28.62%, es_counter1=3, es_counter2=3
2026-02-28 15:11:16,104 - lg_cotrain - INFO - Phase 3 epoch 8: dev_macro_f1=0.6009, dev_err=28.62%, es_counter1=4, es_counter2=4
2026-02-28 15:11:18,635 - lg_cotrain - INFO - Phase 3 epoch 9: dev_macro_f1=0.6013, dev_err=28.62%, es_counter1=5, es_counter2=5
2026-02-28 15:11:18,635 - lg_cotrain - INFO - Early stopping at epoch 9
2026-02-28 15:11:18,644 - lg_cotrain - INFO - === Final Evaluation ===
2026-02-28 15:11:25,573 - lg_cotrain - INFO - Results saved to C:\Users\anhtr\AppData\Local\Temp\tmpn61l9zzo\kerala_floods_2018\5_set2\metrics.json
2026-02-28 15:11:25,573 - lg_cotrain - INFO - Test error rate: 29.77%, Test macro-F1: 0.5576, Test ECE: 0.2135
2026-02-28 15:11:25,586 - lg_cotrain - INFO - --- Trial 2/10 done: dev_macro_f1=0.6049 ---
2026-02-28 15:11:25,586 - lg_cotrain - INFO - --- Trial 3/10 ---
2026-02-28 15:11:26,081 - lg_cotrain - INFO - Starting LG-CoTrain: event=kerala_floods_2018, budget=5, seed_set=2
2026-02-28 15:11:26,129 - lg_cotrain - INFO - Detected 9 classes for event kerala_floods_2018: ['caution_and_advice', 'displaced_people_and_evacuations', 'infrastructure_and_utility_damage', 'injured_or_dead_people', 'not_humanitarian', 'other_relevant_information', 'requests_or_urgent_needs', 'rescue_volunteering_or_donation_effort', 'sympathy_and_support']
2026-02-28 15:11:26,137 - lg_cotrain - INFO - D_l1: 27, D_l2: 18, D_LG: 5543
2026-02-28 15:11:26,138 - lg_cotrain - INFO - === Phase 1: Weight Generation ===
2026-02-28 15:11:44,751 - lg_cotrain - INFO - Phase 1 epoch 1/7: mean_prob1=0.1064, mean_prob2=0.0993
2026-02-28 15:12:02,127 - lg_cotrain - INFO - Phase 1 epoch 2/7: mean_prob1=0.0956, mean_prob2=0.0880
2026-02-28 15:12:19,453 - lg_cotrain - INFO - Phase 1 epoch 3/7: mean_prob1=0.1094, mean_prob2=0.1221
2026-02-28 15:12:36,811 - lg_cotrain - INFO - Phase 1 epoch 4/7: mean_prob1=0.1096, mean_prob2=0.0948
2026-02-28 15:12:54,196 - lg_cotrain - INFO - Phase 1 epoch 5/7: mean_prob1=0.1174, mean_prob2=0.1184
2026-02-28 15:13:11,590 - lg_cotrain - INFO - Phase 1 epoch 6/7: mean_prob1=0.1139, mean_prob2=0.1083
2026-02-28 15:13:28,797 - lg_cotrain - INFO - Phase 1 epoch 7/7: mean_prob1=0.1135, mean_prob2=0.0876
2026-02-28 15:13:28,797 - lg_cotrain - INFO - === Phase 2: Co-Training ===
2026-02-28 15:13:29,906 - lg_cotrain - INFO - LR scheduler: total_steps_1=1579, warmup=302; total_steps_2=1579, warmup=302
2026-02-28 15:13:29,906 - lg_cotrain - INFO - Phase 1 done -> seeded Phase 2 trackers. lambda1: mean=0.1135, range=[0.0821, 0.1429]
2026-02-28 15:13:29,907 - lg_cotrain - INFO - Phase 1 done -> seeded Phase 2 trackers. lambda2: mean=0.0876, range=[0.0144, 0.5201]
2026-02-28 15:14:35,325 - lg_cotrain - INFO - Phase 2 epoch 1/17: loss1=0.1080, loss2=0.1532, dev_macro_f1=0.3767, dev_err=33.54%
2026-02-28 15:15:40,744 - lg_cotrain - INFO - Phase 2 epoch 2/17: loss1=0.0545, loss2=0.5187, dev_macro_f1=0.2587, dev_err=42.01%
2026-02-28 15:16:46,244 - lg_cotrain - INFO - Phase 2 epoch 3/17: loss1=0.0540, loss2=0.7649, dev_macro_f1=0.0777, dev_err=46.19%
2026-02-28 15:17:52,341 - lg_cotrain - INFO - Phase 2 epoch 4/17: loss1=0.0362, loss2=0.7026, dev_macro_f1=0.0777, dev_err=46.19%
2026-02-28 15:18:59,120 - lg_cotrain - INFO - Phase 2 epoch 5/17: loss1=0.0290, loss2=0.6441, dev_macro_f1=0.0777, dev_err=46.19%
2026-02-28 15:20:06,019 - lg_cotrain - INFO - Phase 2 epoch 6/17: loss1=0.0218, loss2=0.5992, dev_macro_f1=0.0777, dev_err=46.19%
2026-02-28 15:21:11,582 - lg_cotrain - INFO - Phase 2 epoch 7/17: loss1=0.0211, loss2=0.5642, dev_macro_f1=0.0777, dev_err=46.19%
2026-02-28 15:22:16,250 - lg_cotrain - INFO - Phase 2 epoch 8/17: loss1=0.0178, loss2=0.5275, dev_macro_f1=0.0777, dev_err=46.19%
2026-02-28 15:23:20,811 - lg_cotrain - INFO - Phase 2 epoch 9/17: loss1=0.0159, loss2=0.5011, dev_macro_f1=0.0777, dev_err=46.19%
2026-02-28 15:24:25,597 - lg_cotrain - INFO - Phase 2 epoch 10/17: loss1=0.0142, loss2=0.4779, dev_macro_f1=0.0777, dev_err=46.19%
2026-02-28 15:25:30,542 - lg_cotrain - INFO - Phase 2 epoch 11/17: loss1=0.0137, loss2=0.4575, dev_macro_f1=0.0777, dev_err=46.19%
2026-02-28 15:26:35,598 - lg_cotrain - INFO - Phase 2 epoch 12/17: loss1=0.0126, loss2=0.4392, dev_macro_f1=0.0777, dev_err=46.19%
2026-02-28 15:27:40,299 - lg_cotrain - INFO - Phase 2 epoch 13/17: loss1=0.0120, loss2=0.4233, dev_macro_f1=0.0777, dev_err=46.19%
2026-02-28 15:28:45,000 - lg_cotrain - INFO - Phase 2 epoch 14/17: loss1=0.0110, loss2=0.4084, dev_macro_f1=0.0777, dev_err=46.19%
2026-02-28 15:29:49,579 - lg_cotrain - INFO - Phase 2 epoch 15/17: loss1=0.0104, loss2=0.3953, dev_macro_f1=0.0777, dev_err=46.19%
2026-02-28 15:30:54,425 - lg_cotrain - INFO - Phase 2 epoch 16/17: loss1=0.0098, loss2=0.3831, dev_macro_f1=0.0777, dev_err=46.19%
2026-02-28 15:31:58,952 - lg_cotrain - INFO - Phase 2 epoch 17/17: loss1=0.0093, loss2=0.3725, dev_macro_f1=0.0777, dev_err=46.19%
2026-02-28 15:31:58,952 - lg_cotrain - INFO - === Phase 3: Fine-Tuning ===
2026-02-28 15:32:01,463 - lg_cotrain - INFO - Phase 3 epoch 1: dev_macro_f1=0.0777, dev_err=46.19%, es_counter1=0, es_counter2=0
2026-02-28 15:32:03,963 - lg_cotrain - INFO - Phase 3 epoch 2: dev_macro_f1=0.0777, dev_err=46.19%, es_counter1=1, es_counter2=1
2026-02-28 15:32:06,467 - lg_cotrain - INFO - Phase 3 epoch 3: dev_macro_f1=0.0777, dev_err=46.19%, es_counter1=2, es_counter2=2
2026-02-28 15:32:08,981 - lg_cotrain - INFO - Phase 3 epoch 4: dev_macro_f1=0.0777, dev_err=46.19%, es_counter1=3, es_counter2=3
2026-02-28 15:32:11,499 - lg_cotrain - INFO - Phase 3 epoch 5: dev_macro_f1=0.0777, dev_err=46.19%, es_counter1=4, es_counter2=4
2026-02-28 15:32:14,009 - lg_cotrain - INFO - Phase 3 epoch 6: dev_macro_f1=0.0777, dev_err=46.19%, es_counter1=5, es_counter2=5
2026-02-28 15:32:16,526 - lg_cotrain - INFO - Phase 3 epoch 7: dev_macro_f1=0.0777, dev_err=46.19%, es_counter1=6, es_counter2=6
2026-02-28 15:32:19,045 - lg_cotrain - INFO - Phase 3 epoch 8: dev_macro_f1=0.0777, dev_err=46.19%, es_counter1=7, es_counter2=7
2026-02-28 15:32:21,566 - lg_cotrain - INFO - Phase 3 epoch 9: dev_macro_f1=0.0777, dev_err=46.19%, es_counter1=8, es_counter2=8
2026-02-28 15:32:24,086 - lg_cotrain - INFO - Phase 3 epoch 10: dev_macro_f1=0.0777, dev_err=46.19%, es_counter1=9, es_counter2=9
2026-02-28 15:32:26,590 - lg_cotrain - INFO - Phase 3 epoch 11: dev_macro_f1=0.0777, dev_err=46.19%, es_counter1=10, es_counter2=10
2026-02-28 15:32:26,591 - lg_cotrain - INFO - Early stopping at epoch 11
2026-02-28 15:32:26,600 - lg_cotrain - INFO - === Final Evaluation ===
2026-02-28 15:32:33,380 - lg_cotrain - INFO - Results saved to C:\Users\anhtr\AppData\Local\Temp\tmpcx5_8774\kerala_floods_2018\5_set2\metrics.json
2026-02-28 15:32:33,380 - lg_cotrain - INFO - Test error rate: 46.21%, Test macro-F1: 0.0777, Test ECE: 0.4055
2026-02-28 15:32:33,389 - lg_cotrain - INFO - --- Trial 3/10 done: dev_macro_f1=0.0777 ---
2026-02-28 15:32:33,389 - lg_cotrain - INFO - --- Trial 4/10 ---
2026-02-28 15:32:33,878 - lg_cotrain - INFO - Starting LG-CoTrain: event=kerala_floods_2018, budget=5, seed_set=2
2026-02-28 15:32:33,923 - lg_cotrain - INFO - Detected 9 classes for event kerala_floods_2018: ['caution_and_advice', 'displaced_people_and_evacuations', 'infrastructure_and_utility_damage', 'injured_or_dead_people', 'not_humanitarian', 'other_relevant_information', 'requests_or_urgent_needs', 'rescue_volunteering_or_donation_effort', 'sympathy_and_support']
2026-02-28 15:32:33,933 - lg_cotrain - INFO - D_l1: 27, D_l2: 18, D_LG: 5543
2026-02-28 15:32:33,935 - lg_cotrain - INFO - === Phase 1: Weight Generation ===
2026-02-28 15:32:51,943 - lg_cotrain - INFO - Phase 1 epoch 1/7: mean_prob1=0.1038, mean_prob2=0.1255
2026-02-28 15:33:08,968 - lg_cotrain - INFO - Phase 1 epoch 2/7: mean_prob1=0.1048, mean_prob2=0.1253
2026-02-28 15:33:26,068 - lg_cotrain - INFO - Phase 1 epoch 3/7: mean_prob1=0.1077, mean_prob2=0.1197
2026-02-28 15:33:43,237 - lg_cotrain - INFO - Phase 1 epoch 4/7: mean_prob1=0.1104, mean_prob2=0.1124
2026-02-28 15:34:00,483 - lg_cotrain - INFO - Phase 1 epoch 5/7: mean_prob1=0.1117, mean_prob2=0.1087
2026-02-28 15:34:17,735 - lg_cotrain - INFO - Phase 1 epoch 6/7: mean_prob1=0.1115, mean_prob2=0.1098
2026-02-28 15:34:34,838 - lg_cotrain - INFO - Phase 1 epoch 7/7: mean_prob1=0.1079, mean_prob2=0.1122
2026-02-28 15:34:34,838 - lg_cotrain - INFO - === Phase 2: Co-Training ===
2026-02-28 15:34:35,843 - lg_cotrain - INFO - LR scheduler: total_steps_1=1753, warmup=421; total_steps_2=1753, warmup=421
2026-02-28 15:34:35,844 - lg_cotrain - INFO - Phase 1 done -> seeded Phase 2 trackers. lambda1: mean=0.1079, range=[0.0342, 0.2414]
2026-02-28 15:34:35,844 - lg_cotrain - INFO - Phase 1 done -> seeded Phase 2 trackers. lambda2: mean=0.1122, range=[0.0311, 0.2901]
2026-02-28 15:35:40,668 - lg_cotrain - INFO - Phase 2 epoch 1/19: loss1=0.2071, loss2=0.2190, dev_macro_f1=0.0777, dev_err=46.31%
2026-02-28 15:36:45,567 - lg_cotrain - INFO - Phase 2 epoch 2/19: loss1=0.0995, loss2=0.2560, dev_macro_f1=0.2093, dev_err=39.80%
2026-02-28 15:37:50,658 - lg_cotrain - INFO - Phase 2 epoch 3/19: loss1=0.0599, loss2=0.1708, dev_macro_f1=0.4375, dev_err=28.38%
2026-02-28 15:38:55,384 - lg_cotrain - INFO - Phase 2 epoch 4/19: loss1=0.0319, loss2=0.1405, dev_macro_f1=0.4909, dev_err=26.78%
2026-02-28 15:40:00,274 - lg_cotrain - INFO - Phase 2 epoch 5/19: loss1=0.0209, loss2=0.1075, dev_macro_f1=0.5177, dev_err=27.52%
2026-02-28 15:41:05,383 - lg_cotrain - INFO - Phase 2 epoch 6/19: loss1=0.0173, loss2=0.0844, dev_macro_f1=0.5284, dev_err=27.15%
2026-02-28 15:42:10,195 - lg_cotrain - INFO - Phase 2 epoch 7/19: loss1=0.0166, loss2=0.0556, dev_macro_f1=0.5607, dev_err=26.17%
2026-02-28 15:43:15,246 - lg_cotrain - INFO - Phase 2 epoch 8/19: loss1=0.0113, loss2=0.0334, dev_macro_f1=0.5613, dev_err=26.04%
2026-02-28 15:44:20,046 - lg_cotrain - INFO - Phase 2 epoch 9/19: loss1=0.0123, loss2=0.0315, dev_macro_f1=0.5557, dev_err=27.03%
2026-02-28 15:45:24,956 - lg_cotrain - INFO - Phase 2 epoch 10/19: loss1=0.0148, loss2=0.0244, dev_macro_f1=0.5715, dev_err=26.04%
2026-02-28 15:46:30,034 - lg_cotrain - INFO - Phase 2 epoch 11/19: loss1=0.0108, loss2=0.0173, dev_macro_f1=0.5540, dev_err=25.55%
2026-02-28 15:47:37,879 - lg_cotrain - INFO - Phase 2 epoch 12/19: loss1=0.0087, loss2=0.0128, dev_macro_f1=0.5425, dev_err=27.52%
2026-02-28 15:48:44,632 - lg_cotrain - INFO - Phase 2 epoch 13/19: loss1=0.0095, loss2=0.0081, dev_macro_f1=0.5487, dev_err=28.01%
2026-02-28 15:49:50,172 - lg_cotrain - INFO - Phase 2 epoch 14/19: loss1=0.0055, loss2=0.0128, dev_macro_f1=0.5698, dev_err=27.64%
2026-02-28 15:50:55,991 - lg_cotrain - INFO - Phase 2 epoch 15/19: loss1=0.0041, loss2=0.0045, dev_macro_f1=0.5881, dev_err=27.15%
2026-02-28 15:52:01,496 - lg_cotrain - INFO - Phase 2 epoch 16/19: loss1=0.0043, loss2=0.0041, dev_macro_f1=0.5787, dev_err=27.40%
2026-02-28 15:53:07,201 - lg_cotrain - INFO - Phase 2 epoch 17/19: loss1=0.0046, loss2=0.0037, dev_macro_f1=0.5875, dev_err=27.03%
2026-02-28 15:54:12,852 - lg_cotrain - INFO - Phase 2 epoch 18/19: loss1=0.0048, loss2=0.0036, dev_macro_f1=0.5872, dev_err=27.27%
2026-02-28 15:55:18,517 - lg_cotrain - INFO - Phase 2 epoch 19/19: loss1=0.0050, loss2=0.0033, dev_macro_f1=0.5936, dev_err=27.64%
2026-02-28 15:55:18,517 - lg_cotrain - INFO - === Phase 3: Fine-Tuning ===
2026-02-28 15:55:21,328 - lg_cotrain - INFO - Phase 3 epoch 1: dev_macro_f1=0.6013, dev_err=27.64%, es_counter1=0, es_counter2=0
2026-02-28 15:55:23,969 - lg_cotrain - INFO - Phase 3 epoch 2: dev_macro_f1=0.5946, dev_err=28.13%, es_counter1=1, es_counter2=1
2026-02-28 15:55:26,522 - lg_cotrain - INFO - Phase 3 epoch 3: dev_macro_f1=0.5950, dev_err=28.26%, es_counter1=2, es_counter2=2
2026-02-28 15:55:29,081 - lg_cotrain - INFO - Phase 3 epoch 4: dev_macro_f1=0.5978, dev_err=28.13%, es_counter1=3, es_counter2=3
2026-02-28 15:55:31,651 - lg_cotrain - INFO - Phase 3 epoch 5: dev_macro_f1=0.6061, dev_err=28.01%, es_counter1=0, es_counter2=0
2026-02-28 15:55:34,413 - lg_cotrain - INFO - Phase 3 epoch 6: dev_macro_f1=0.5955, dev_err=28.75%, es_counter1=1, es_counter2=1
2026-02-28 15:55:37,072 - lg_cotrain - INFO - Phase 3 epoch 7: dev_macro_f1=0.5904, dev_err=29.24%, es_counter1=2, es_counter2=2
2026-02-28 15:55:39,614 - lg_cotrain - INFO - Phase 3 epoch 8: dev_macro_f1=0.5873, dev_err=29.85%, es_counter1=3, es_counter2=3
2026-02-28 15:55:42,158 - lg_cotrain - INFO - Phase 3 epoch 9: dev_macro_f1=0.5839, dev_err=30.10%, es_counter1=4, es_counter2=4
2026-02-28 15:55:44,711 - lg_cotrain - INFO - Phase 3 epoch 10: dev_macro_f1=0.5821, dev_err=30.47%, es_counter1=5, es_counter2=5
2026-02-28 15:55:47,253 - lg_cotrain - INFO - Phase 3 epoch 11: dev_macro_f1=0.5833, dev_err=30.59%, es_counter1=6, es_counter2=6
2026-02-28 15:55:49,801 - lg_cotrain - INFO - Phase 3 epoch 12: dev_macro_f1=0.5812, dev_err=31.08%, es_counter1=7, es_counter2=7
2026-02-28 15:55:52,340 - lg_cotrain - INFO - Phase 3 epoch 13: dev_macro_f1=0.5827, dev_err=31.20%, es_counter1=8, es_counter2=8
2026-02-28 15:55:54,890 - lg_cotrain - INFO - Phase 3 epoch 14: dev_macro_f1=0.5799, dev_err=31.70%, es_counter1=9, es_counter2=9
2026-02-28 15:55:57,422 - lg_cotrain - INFO - Phase 3 epoch 15: dev_macro_f1=0.5777, dev_err=31.94%, es_counter1=10, es_counter2=10
2026-02-28 15:55:57,422 - lg_cotrain - INFO - Early stopping at epoch 15
2026-02-28 15:55:57,432 - lg_cotrain - INFO - === Final Evaluation ===
2026-02-28 15:56:04,304 - lg_cotrain - INFO - Results saved to C:\Users\anhtr\AppData\Local\Temp\tmp536t2sq9\kerala_floods_2018\5_set2\metrics.json
2026-02-28 15:56:04,304 - lg_cotrain - INFO - Test error rate: 31.48%, Test macro-F1: 0.5449, Test ECE: 0.2191
2026-02-28 15:56:04,314 - lg_cotrain - INFO - --- Trial 4/10 done: dev_macro_f1=0.6061 ---
2026-02-28 15:56:04,315 - lg_cotrain - INFO - --- Trial 5/10 ---
2026-02-28 15:56:04,816 - lg_cotrain - INFO - Starting LG-CoTrain: event=kerala_floods_2018, budget=5, seed_set=2
2026-02-28 15:56:04,857 - lg_cotrain - INFO - Detected 9 classes for event kerala_floods_2018: ['caution_and_advice', 'displaced_people_and_evacuations', 'infrastructure_and_utility_damage', 'injured_or_dead_people', 'not_humanitarian', 'other_relevant_information', 'requests_or_urgent_needs', 'rescue_volunteering_or_donation_effort', 'sympathy_and_support']
2026-02-28 15:56:04,867 - lg_cotrain - INFO - D_l1: 27, D_l2: 18, D_LG: 5543
2026-02-28 15:56:04,869 - lg_cotrain - INFO - === Phase 1: Weight Generation ===
2026-02-28 15:56:26,926 - lg_cotrain - INFO - Phase 1 epoch 1/7: mean_prob1=0.1052, mean_prob2=0.1243
2026-02-28 15:56:47,968 - lg_cotrain - INFO - Phase 1 epoch 2/7: mean_prob1=0.1069, mean_prob2=0.1209
2026-02-28 15:57:09,422 - lg_cotrain - INFO - Phase 1 epoch 3/7: mean_prob1=0.1022, mean_prob2=0.1154
2026-02-28 15:57:30,751 - lg_cotrain - INFO - Phase 1 epoch 4/7: mean_prob1=0.1139, mean_prob2=0.1075
2026-02-28 15:57:52,108 - lg_cotrain - INFO - Phase 1 epoch 5/7: mean_prob1=0.1182, mean_prob2=0.1027
2026-02-28 15:58:13,308 - lg_cotrain - INFO - Phase 1 epoch 6/7: mean_prob1=0.1230, mean_prob2=0.1143
2026-02-28 15:58:34,864 - lg_cotrain - INFO - Phase 1 epoch 7/7: mean_prob1=0.1321, mean_prob2=0.1346
2026-02-28 15:58:34,864 - lg_cotrain - INFO - === Phase 2: Co-Training ===
2026-02-28 15:58:35,927 - lg_cotrain - INFO - LR scheduler: total_steps_1=14260, warmup=915; total_steps_2=14160, warmup=909
2026-02-28 15:58:35,928 - lg_cotrain - INFO - Phase 1 done -> seeded Phase 2 trackers. lambda1: mean=0.1321, range=[0.0278, 0.3377]
2026-02-28 15:58:35,928 - lg_cotrain - INFO - Phase 1 done -> seeded Phase 2 trackers. lambda2: mean=0.1346, range=[0.0362, 0.3451]
2026-02-28 16:00:09,010 - lg_cotrain - INFO - Phase 2 epoch 1/20: loss1=0.1548, loss2=0.1661, dev_macro_f1=0.4849, dev_err=26.54%
2026-02-28 16:01:41,960 - lg_cotrain - INFO - Phase 2 epoch 2/20: loss1=0.0517, loss2=0.2039, dev_macro_f1=0.5386, dev_err=27.40%
2026-02-28 16:03:15,268 - lg_cotrain - INFO - Phase 2 epoch 3/20: loss1=0.0330, loss2=0.1799, dev_macro_f1=0.5493, dev_err=27.27%
2026-02-28 16:04:49,171 - lg_cotrain - INFO - Phase 2 epoch 4/20: loss1=0.0270, loss2=0.1263, dev_macro_f1=0.5977, dev_err=26.29%
2026-02-28 16:06:21,863 - lg_cotrain - INFO - Phase 2 epoch 5/20: loss1=0.0212, loss2=0.0691, dev_macro_f1=0.5825, dev_err=26.41%
2026-02-28 16:07:54,999 - lg_cotrain - INFO - Phase 2 epoch 6/20: loss1=0.0197, loss2=0.0547, dev_macro_f1=0.5921, dev_err=26.90%
2026-02-28 16:09:27,289 - lg_cotrain - INFO - Phase 2 epoch 7/20: loss1=0.0205, loss2=0.0503, dev_macro_f1=0.5745, dev_err=27.40%
2026-02-28 16:10:59,695 - lg_cotrain - INFO - Phase 2 epoch 8/20: loss1=0.0124, loss2=0.0384, dev_macro_f1=0.5904, dev_err=27.89%
2026-02-28 16:12:32,972 - lg_cotrain - INFO - Phase 2 epoch 9/20: loss1=0.0131, loss2=0.0278, dev_macro_f1=0.5760, dev_err=27.03%
2026-02-28 16:14:04,734 - lg_cotrain - INFO - Phase 2 epoch 10/20: loss1=0.0125, loss2=0.0123, dev_macro_f1=0.5479, dev_err=29.48%
2026-02-28 16:15:36,160 - lg_cotrain - INFO - Phase 2 epoch 11/20: loss1=0.0103, loss2=0.0135, dev_macro_f1=0.5648, dev_err=27.89%
2026-02-28 16:17:10,055 - lg_cotrain - INFO - Phase 2 epoch 12/20: loss1=0.0087, loss2=0.0186, dev_macro_f1=0.5792, dev_err=27.89%
2026-02-28 16:18:41,966 - lg_cotrain - INFO - Phase 2 epoch 13/20: loss1=0.0046, loss2=0.0086, dev_macro_f1=0.5847, dev_err=28.01%
2026-02-28 16:20:15,396 - lg_cotrain - INFO - Phase 2 epoch 14/20: loss1=0.0045, loss2=0.0039, dev_macro_f1=0.5854, dev_err=27.52%
2026-02-28 16:21:47,929 - lg_cotrain - INFO - Phase 2 epoch 15/20: loss1=0.0048, loss2=0.0022, dev_macro_f1=0.5653, dev_err=28.26%
2026-02-28 16:23:20,929 - lg_cotrain - INFO - Phase 2 epoch 16/20: loss1=0.0034, loss2=0.0057, dev_macro_f1=0.5830, dev_err=27.76%
2026-02-28 16:24:53,159 - lg_cotrain - INFO - Phase 2 epoch 17/20: loss1=0.0026, loss2=0.0019, dev_macro_f1=0.5690, dev_err=28.38%
2026-02-28 16:26:25,448 - lg_cotrain - INFO - Phase 2 epoch 18/20: loss1=0.0024, loss2=0.0014, dev_macro_f1=0.5693, dev_err=28.50%
2026-02-28 16:28:00,870 - lg_cotrain - INFO - Phase 2 epoch 19/20: loss1=0.0023, loss2=0.0010, dev_macro_f1=0.5643, dev_err=28.87%
2026-02-28 16:29:34,143 - lg_cotrain - INFO - Phase 2 epoch 20/20: loss1=0.0024, loss2=0.0010, dev_macro_f1=0.5620, dev_err=28.99%
2026-02-28 16:29:34,143 - lg_cotrain - INFO - === Phase 3: Fine-Tuning ===
2026-02-28 16:29:37,613 - lg_cotrain - INFO - Phase 3 epoch 1: dev_macro_f1=0.5707, dev_err=28.99%, es_counter1=0, es_counter2=0
2026-02-28 16:29:40,854 - lg_cotrain - INFO - Phase 3 epoch 2: dev_macro_f1=0.5701, dev_err=28.99%, es_counter1=1, es_counter2=1
2026-02-28 16:29:44,153 - lg_cotrain - INFO - Phase 3 epoch 3: dev_macro_f1=0.5699, dev_err=28.99%, es_counter1=2, es_counter2=2
2026-02-28 16:29:47,378 - lg_cotrain - INFO - Phase 3 epoch 4: dev_macro_f1=0.5650, dev_err=29.61%, es_counter1=3, es_counter2=3
2026-02-28 16:29:50,613 - lg_cotrain - INFO - Phase 3 epoch 5: dev_macro_f1=0.5674, dev_err=29.48%, es_counter1=4, es_counter2=4
2026-02-28 16:29:53,850 - lg_cotrain - INFO - Phase 3 epoch 6: dev_macro_f1=0.5705, dev_err=29.73%, es_counter1=5, es_counter2=5
2026-02-28 16:29:57,050 - lg_cotrain - INFO - Phase 3 epoch 7: dev_macro_f1=0.5689, dev_err=29.85%, es_counter1=6, es_counter2=6
2026-02-28 16:30:00,401 - lg_cotrain - INFO - Phase 3 epoch 8: dev_macro_f1=0.5713, dev_err=29.73%, es_counter1=0, es_counter2=0
2026-02-28 16:30:03,684 - lg_cotrain - INFO - Phase 3 epoch 9: dev_macro_f1=0.5722, dev_err=29.73%, es_counter1=0, es_counter2=0
2026-02-28 16:30:06,956 - lg_cotrain - INFO - Phase 3 epoch 10: dev_macro_f1=0.5722, dev_err=29.73%, es_counter1=1, es_counter2=1
2026-02-28 16:30:10,300 - lg_cotrain - INFO - Phase 3 epoch 11: dev_macro_f1=0.5695, dev_err=29.85%, es_counter1=2, es_counter2=2
2026-02-28 16:30:13,510 - lg_cotrain - INFO - Phase 3 epoch 12: dev_macro_f1=0.5681, dev_err=29.85%, es_counter1=3, es_counter2=3
2026-02-28 16:30:16,731 - lg_cotrain - INFO - Phase 3 epoch 13: dev_macro_f1=0.5746, dev_err=29.73%, es_counter1=0, es_counter2=0
2026-02-28 16:30:20,111 - lg_cotrain - INFO - Phase 3 epoch 14: dev_macro_f1=0.5744, dev_err=29.73%, es_counter1=1, es_counter2=1
2026-02-28 16:30:23,266 - lg_cotrain - INFO - Phase 3 epoch 15: dev_macro_f1=0.5725, dev_err=29.85%, es_counter1=2, es_counter2=2
2026-02-28 16:30:26,590 - lg_cotrain - INFO - Phase 3 epoch 16: dev_macro_f1=0.5730, dev_err=29.85%, es_counter1=3, es_counter2=3
2026-02-28 16:30:29,998 - lg_cotrain - INFO - Phase 3 epoch 17: dev_macro_f1=0.5730, dev_err=29.85%, es_counter1=4, es_counter2=4
2026-02-28 16:30:33,215 - lg_cotrain - INFO - Phase 3 epoch 18: dev_macro_f1=0.5730, dev_err=29.85%, es_counter1=5, es_counter2=5
2026-02-28 16:30:36,410 - lg_cotrain - INFO - Phase 3 epoch 19: dev_macro_f1=0.5720, dev_err=29.98%, es_counter1=6, es_counter2=6
2026-02-28 16:30:39,615 - lg_cotrain - INFO - Phase 3 epoch 20: dev_macro_f1=0.5729, dev_err=29.85%, es_counter1=7, es_counter2=7
2026-02-28 16:30:42,809 - lg_cotrain - INFO - Phase 3 epoch 21: dev_macro_f1=0.5691, dev_err=30.22%, es_counter1=8, es_counter2=8
2026-02-28 16:30:46,217 - lg_cotrain - INFO - Phase 3 epoch 22: dev_macro_f1=0.5677, dev_err=30.34%, es_counter1=9, es_counter2=9
2026-02-28 16:30:46,217 - lg_cotrain - INFO - Early stopping at epoch 22
2026-02-28 16:30:46,228 - lg_cotrain - INFO - === Final Evaluation ===
2026-02-28 16:30:54,956 - lg_cotrain - INFO - Results saved to C:\Users\anhtr\AppData\Local\Temp\tmpetdjwz9a\kerala_floods_2018\5_set2\metrics.json
2026-02-28 16:30:54,956 - lg_cotrain - INFO - Test error rate: 30.40%, Test macro-F1: 0.5538, Test ECE: 0.2212
2026-02-28 16:30:54,969 - lg_cotrain - INFO - --- Trial 5/10 done: dev_macro_f1=0.5746 ---
2026-02-28 16:30:54,970 - lg_cotrain - INFO - --- Trial 6/10 ---
2026-02-28 16:30:55,470 - lg_cotrain - INFO - Starting LG-CoTrain: event=kerala_floods_2018, budget=5, seed_set=2
2026-02-28 16:30:55,511 - lg_cotrain - INFO - Detected 9 classes for event kerala_floods_2018: ['caution_and_advice', 'displaced_people_and_evacuations', 'infrastructure_and_utility_damage', 'injured_or_dead_people', 'not_humanitarian', 'other_relevant_information', 'requests_or_urgent_needs', 'rescue_volunteering_or_donation_effort', 'sympathy_and_support']
2026-02-28 16:30:55,520 - lg_cotrain - INFO - D_l1: 27, D_l2: 18, D_LG: 5543
2026-02-28 16:30:55,520 - lg_cotrain - INFO - === Phase 1: Weight Generation ===
2026-02-28 16:31:14,587 - lg_cotrain - INFO - Phase 1 epoch 1/7: mean_prob1=0.1058, mean_prob2=0.1248
2026-02-28 16:31:32,614 - lg_cotrain - INFO - Phase 1 epoch 2/7: mean_prob1=0.1051, mean_prob2=0.1254
2026-02-28 16:31:51,478 - lg_cotrain - INFO - Phase 1 epoch 3/7: mean_prob1=0.1048, mean_prob2=0.1261
2026-02-28 16:32:09,865 - lg_cotrain - INFO - Phase 1 epoch 4/7: mean_prob1=0.1045, mean_prob2=0.1270
2026-02-28 16:32:27,826 - lg_cotrain - INFO - Phase 1 epoch 5/7: mean_prob1=0.1044, mean_prob2=0.1272
2026-02-28 16:32:45,914 - lg_cotrain - INFO - Phase 1 epoch 6/7: mean_prob1=0.1033, mean_prob2=0.1269
2026-02-28 16:33:04,202 - lg_cotrain - INFO - Phase 1 epoch 7/7: mean_prob1=0.1001, mean_prob2=0.1252
2026-02-28 16:33:04,202 - lg_cotrain - INFO - === Phase 2: Co-Training ===
2026-02-28 16:33:05,209 - lg_cotrain - INFO - LR scheduler: total_steps_1=1666, warmup=467; total_steps_2=1666, warmup=467
2026-02-28 16:33:05,210 - lg_cotrain - INFO - Phase 1 done -> seeded Phase 2 trackers. lambda1: mean=0.1001, range=[0.0502, 0.1990]
2026-02-28 16:33:05,210 - lg_cotrain - INFO - Phase 1 done -> seeded Phase 2 trackers. lambda2: mean=0.1252, range=[0.0389, 0.2391]
2026-02-28 16:34:16,917 - lg_cotrain - INFO - Phase 2 epoch 1/9: loss1=0.2195, loss2=0.2041, dev_macro_f1=0.0777, dev_err=46.31%
2026-02-28 16:35:28,756 - lg_cotrain - INFO - Phase 2 epoch 2/9: loss1=0.1133, loss2=0.2266, dev_macro_f1=0.2139, dev_err=39.31%
2026-02-28 16:36:40,413 - lg_cotrain - INFO - Phase 2 epoch 3/9: loss1=0.0744, loss2=0.1622, dev_macro_f1=0.4185, dev_err=29.85%
2026-02-28 16:37:50,454 - lg_cotrain - INFO - Phase 2 epoch 4/9: loss1=0.0402, loss2=0.1255, dev_macro_f1=0.4834, dev_err=27.52%
2026-02-28 16:39:01,593 - lg_cotrain - INFO - Phase 2 epoch 5/9: loss1=0.0284, loss2=0.1012, dev_macro_f1=0.4986, dev_err=27.76%
2026-02-28 16:40:13,545 - lg_cotrain - INFO - Phase 2 epoch 6/9: loss1=0.0250, loss2=0.0788, dev_macro_f1=0.5244, dev_err=27.40%
2026-02-28 16:41:25,747 - lg_cotrain - INFO - Phase 2 epoch 7/9: loss1=0.0231, loss2=0.0618, dev_macro_f1=0.5303, dev_err=27.03%
2026-02-28 16:42:36,048 - lg_cotrain - INFO - Phase 2 epoch 8/9: loss1=0.0202, loss2=0.0531, dev_macro_f1=0.5362, dev_err=26.41%
2026-02-28 16:43:46,034 - lg_cotrain - INFO - Phase 2 epoch 9/9: loss1=0.0196, loss2=0.0464, dev_macro_f1=0.5376, dev_err=26.54%
2026-02-28 16:43:46,034 - lg_cotrain - INFO - === Phase 3: Fine-Tuning ===
2026-02-28 16:43:48,739 - lg_cotrain - INFO - Phase 3 epoch 1: dev_macro_f1=0.5478, dev_err=26.29%, es_counter1=0, es_counter2=0
2026-02-28 16:43:51,362 - lg_cotrain - INFO - Phase 3 epoch 2: dev_macro_f1=0.5442, dev_err=26.90%, es_counter1=1, es_counter2=1
2026-02-28 16:43:53,977 - lg_cotrain - INFO - Phase 3 epoch 3: dev_macro_f1=0.5452, dev_err=27.27%, es_counter1=2, es_counter2=2
2026-02-28 16:43:56,587 - lg_cotrain - INFO - Phase 3 epoch 4: dev_macro_f1=0.5472, dev_err=27.15%, es_counter1=3, es_counter2=3
2026-02-28 16:43:59,194 - lg_cotrain - INFO - Phase 3 epoch 5: dev_macro_f1=0.5428, dev_err=27.52%, es_counter1=4, es_counter2=4
2026-02-28 16:44:01,806 - lg_cotrain - INFO - Phase 3 epoch 6: dev_macro_f1=0.5441, dev_err=27.40%, es_counter1=5, es_counter2=5
2026-02-28 16:44:04,437 - lg_cotrain - INFO - Phase 3 epoch 7: dev_macro_f1=0.5418, dev_err=28.01%, es_counter1=6, es_counter2=6
2026-02-28 16:44:07,076 - lg_cotrain - INFO - Phase 3 epoch 8: dev_macro_f1=0.5475, dev_err=28.38%, es_counter1=7, es_counter2=7
2026-02-28 16:44:09,683 - lg_cotrain - INFO - Phase 3 epoch 9: dev_macro_f1=0.5466, dev_err=28.75%, es_counter1=8, es_counter2=8
2026-02-28 16:44:09,684 - lg_cotrain - INFO - Early stopping at epoch 9
2026-02-28 16:44:09,697 - lg_cotrain - INFO - === Final Evaluation ===
2026-02-28 16:44:16,758 - lg_cotrain - INFO - Results saved to C:\Users\anhtr\AppData\Local\Temp\tmp7n75c6jx\kerala_floods_2018\5_set2\metrics.json
2026-02-28 16:44:16,758 - lg_cotrain - INFO - Test error rate: 29.65%, Test macro-F1: 0.4963, Test ECE: 0.1976
2026-02-28 16:44:16,770 - lg_cotrain - INFO - --- Trial 6/10 done: dev_macro_f1=0.5478 ---
2026-02-28 16:44:16,770 - lg_cotrain - INFO - --- Trial 7/10 ---
2026-02-28 16:44:17,283 - lg_cotrain - INFO - Starting LG-CoTrain: event=kerala_floods_2018, budget=5, seed_set=2
2026-02-28 16:44:17,321 - lg_cotrain - INFO - Detected 9 classes for event kerala_floods_2018: ['caution_and_advice', 'displaced_people_and_evacuations', 'infrastructure_and_utility_damage', 'injured_or_dead_people', 'not_humanitarian', 'other_relevant_information', 'requests_or_urgent_needs', 'rescue_volunteering_or_donation_effort', 'sympathy_and_support']
2026-02-28 16:44:17,329 - lg_cotrain - INFO - D_l1: 27, D_l2: 18, D_LG: 5543
2026-02-28 16:44:17,330 - lg_cotrain - INFO - === Phase 1: Weight Generation ===
2026-02-28 16:44:39,114 - lg_cotrain - INFO - Phase 1 epoch 1/7: mean_prob1=0.1007, mean_prob2=0.1035
2026-02-28 16:44:59,929 - lg_cotrain - INFO - Phase 1 epoch 2/7: mean_prob1=0.0922, mean_prob2=0.0945
2026-02-28 16:45:20,810 - lg_cotrain - INFO - Phase 1 epoch 3/7: mean_prob1=0.0851, mean_prob2=0.0990
2026-02-28 16:45:41,924 - lg_cotrain - INFO - Phase 1 epoch 4/7: mean_prob1=0.1172, mean_prob2=0.1104
2026-02-28 16:46:03,062 - lg_cotrain - INFO - Phase 1 epoch 5/7: mean_prob1=0.1492, mean_prob2=0.1077
2026-02-28 16:46:23,918 - lg_cotrain - INFO - Phase 1 epoch 6/7: mean_prob1=0.1429, mean_prob2=0.1076
2026-02-28 16:46:44,924 - lg_cotrain - INFO - Phase 1 epoch 7/7: mean_prob1=0.1212, mean_prob2=0.1195
2026-02-28 16:46:44,924 - lg_cotrain - INFO - === Phase 2: Co-Training ===
2026-02-28 16:46:45,917 - lg_cotrain - INFO - LR scheduler: total_steps_1=6637, warmup=564; total_steps_2=6537, warmup=556
2026-02-28 16:46:45,918 - lg_cotrain - INFO - Phase 1 done -> seeded Phase 2 trackers. lambda1: mean=0.1212, range=[0.0887, 0.1354]
2026-02-28 16:46:45,918 - lg_cotrain - INFO - Phase 1 done -> seeded Phase 2 trackers. lambda2: mean=0.1195, range=[0.0779, 0.1433]
2026-02-28 16:48:20,576 - lg_cotrain - INFO - Phase 2 epoch 1/9: loss1=0.1680, loss2=0.1827, dev_macro_f1=0.0777, dev_err=46.19%
2026-02-28 16:49:52,698 - lg_cotrain - INFO - Phase 2 epoch 2/9: loss1=0.1073, loss2=0.2621, dev_macro_f1=0.0777, dev_err=46.19%
2026-02-28 16:51:24,626 - lg_cotrain - INFO - Phase 2 epoch 3/9: loss1=0.0639, loss2=0.2626, dev_macro_f1=0.0777, dev_err=46.19%
2026-02-28 16:52:57,329 - lg_cotrain - INFO - Phase 2 epoch 4/9: loss1=0.0418, loss2=0.2532, dev_macro_f1=0.0777, dev_err=46.19%
2026-02-28 16:54:29,827 - lg_cotrain - INFO - Phase 2 epoch 5/9: loss1=0.0337, loss2=0.2397, dev_macro_f1=0.0777, dev_err=46.19%
2026-02-28 16:56:02,251 - lg_cotrain - INFO - Phase 2 epoch 6/9: loss1=0.0230, loss2=0.2261, dev_macro_f1=0.0777, dev_err=46.19%
2026-02-28 16:57:33,638 - lg_cotrain - INFO - Phase 2 epoch 7/9: loss1=0.0156, loss2=0.2137, dev_macro_f1=0.0777, dev_err=46.19%
2026-02-28 16:59:05,699 - lg_cotrain - INFO - Phase 2 epoch 8/9: loss1=0.0105, loss2=0.2022, dev_macro_f1=0.0777, dev_err=46.19%
2026-02-28 17:00:37,878 - lg_cotrain - INFO - Phase 2 epoch 9/9: loss1=0.0068, loss2=0.1923, dev_macro_f1=0.0777, dev_err=46.19%
2026-02-28 17:00:37,878 - lg_cotrain - INFO - === Phase 3: Fine-Tuning ===
2026-02-28 17:00:40,962 - lg_cotrain - INFO - Phase 3 epoch 1: dev_macro_f1=0.0777, dev_err=46.19%, es_counter1=0, es_counter2=0
2026-02-28 17:00:44,048 - lg_cotrain - INFO - Phase 3 epoch 2: dev_macro_f1=0.0777, dev_err=46.19%, es_counter1=1, es_counter2=1
2026-02-28 17:00:47,121 - lg_cotrain - INFO - Phase 3 epoch 3: dev_macro_f1=0.0777, dev_err=46.19%, es_counter1=2, es_counter2=2
2026-02-28 17:00:50,189 - lg_cotrain - INFO - Phase 3 epoch 4: dev_macro_f1=0.0777, dev_err=46.19%, es_counter1=3, es_counter2=3
2026-02-28 17:00:53,256 - lg_cotrain - INFO - Phase 3 epoch 5: dev_macro_f1=0.0777, dev_err=46.19%, es_counter1=4, es_counter2=4
2026-02-28 17:00:56,344 - lg_cotrain - INFO - Phase 3 epoch 6: dev_macro_f1=0.0777, dev_err=46.19%, es_counter1=5, es_counter2=5
2026-02-28 17:00:59,425 - lg_cotrain - INFO - Phase 3 epoch 7: dev_macro_f1=0.0777, dev_err=46.19%, es_counter1=6, es_counter2=6
2026-02-28 17:01:02,514 - lg_cotrain - INFO - Phase 3 epoch 8: dev_macro_f1=0.0777, dev_err=46.19%, es_counter1=7, es_counter2=7
2026-02-28 17:01:02,514 - lg_cotrain - INFO - Early stopping at epoch 8
2026-02-28 17:01:02,523 - lg_cotrain - INFO - === Final Evaluation ===
2026-02-28 17:01:10,727 - lg_cotrain - INFO - Results saved to C:\Users\anhtr\AppData\Local\Temp\tmptglzi07e\kerala_floods_2018\5_set2\metrics.json
2026-02-28 17:01:10,727 - lg_cotrain - INFO - Test error rate: 46.21%, Test macro-F1: 0.0777, Test ECE: 0.4310
2026-02-28 17:01:10,738 - lg_cotrain - INFO - --- Trial 7/10 done: dev_macro_f1=0.0777 ---
2026-02-28 17:01:10,739 - lg_cotrain - INFO - --- Trial 8/10 ---
2026-02-28 17:01:11,253 - lg_cotrain - INFO - Starting LG-CoTrain: event=kerala_floods_2018, budget=5, seed_set=2
2026-02-28 17:01:11,287 - lg_cotrain - INFO - Detected 9 classes for event kerala_floods_2018: ['caution_and_advice', 'displaced_people_and_evacuations', 'infrastructure_and_utility_damage', 'injured_or_dead_people', 'not_humanitarian', 'other_relevant_information', 'requests_or_urgent_needs', 'rescue_volunteering_or_donation_effort', 'sympathy_and_support']
2026-02-28 17:01:11,294 - lg_cotrain - INFO - D_l1: 27, D_l2: 18, D_LG: 5543
2026-02-28 17:01:11,295 - lg_cotrain - INFO - === Phase 1: Weight Generation ===
2026-02-28 17:01:29,219 - lg_cotrain - INFO - Phase 1 epoch 1/7: mean_prob1=0.1052, mean_prob2=0.1252
2026-02-28 17:01:46,263 - lg_cotrain - INFO - Phase 1 epoch 2/7: mean_prob1=0.0979, mean_prob2=0.1095
2026-02-28 17:02:03,210 - lg_cotrain - INFO - Phase 1 epoch 3/7: mean_prob1=0.1038, mean_prob2=0.1002
2026-02-28 17:02:20,266 - lg_cotrain - INFO - Phase 1 epoch 4/7: mean_prob1=0.1043, mean_prob2=0.1015
2026-02-28 17:02:37,227 - lg_cotrain - INFO - Phase 1 epoch 5/7: mean_prob1=0.1063, mean_prob2=0.1155
2026-02-28 17:02:54,233 - lg_cotrain - INFO - Phase 1 epoch 6/7: mean_prob1=0.1166, mean_prob2=0.1453
2026-02-28 17:03:11,326 - lg_cotrain - INFO - Phase 1 epoch 7/7: mean_prob1=0.1202, mean_prob2=0.1484
2026-02-28 17:03:11,326 - lg_cotrain - INFO - === Phase 2: Co-Training ===
2026-02-28 17:03:12,387 - lg_cotrain - INFO - LR scheduler: total_steps_1=1579, warmup=423; total_steps_2=1579, warmup=423
2026-02-28 17:03:12,388 - lg_cotrain - INFO - Phase 1 done -> seeded Phase 2 trackers. lambda1: mean=0.1202, range=[0.0330, 0.3436]
2026-02-28 17:03:12,388 - lg_cotrain - INFO - Phase 1 done -> seeded Phase 2 trackers. lambda2: mean=0.1484, range=[0.0270, 0.2845]
2026-02-28 17:04:18,300 - lg_cotrain - INFO - Phase 2 epoch 1/17: loss1=0.2245, loss2=0.2283, dev_macro_f1=0.1217, dev_err=43.98%
2026-02-28 17:05:22,999 - lg_cotrain - INFO - Phase 2 epoch 2/17: loss1=0.0978, loss2=0.2055, dev_macro_f1=0.3791, dev_err=30.71%
2026-02-28 17:06:27,305 - lg_cotrain - INFO - Phase 2 epoch 3/17: loss1=0.0435, loss2=0.1654, dev_macro_f1=0.4792, dev_err=27.76%
2026-02-28 17:07:32,576 - lg_cotrain - INFO - Phase 2 epoch 4/17: loss1=0.0248, loss2=0.1656, dev_macro_f1=0.5260, dev_err=27.40%
2026-02-28 17:08:37,391 - lg_cotrain - INFO - Phase 2 epoch 5/17: loss1=0.0327, loss2=0.1186, dev_macro_f1=0.5392, dev_err=28.01%
2026-02-28 17:09:42,883 - lg_cotrain - INFO - Phase 2 epoch 6/17: loss1=0.0297, loss2=0.0924, dev_macro_f1=0.5250, dev_err=28.13%
2026-02-28 17:10:47,924 - lg_cotrain - INFO - Phase 2 epoch 7/17: loss1=0.0194, loss2=0.0639, dev_macro_f1=0.5272, dev_err=28.87%
2026-02-28 17:11:52,690 - lg_cotrain - INFO - Phase 2 epoch 8/17: loss1=0.0191, loss2=0.0474, dev_macro_f1=0.5246, dev_err=27.76%
2026-02-28 17:12:57,380 - lg_cotrain - INFO - Phase 2 epoch 9/17: loss1=0.0178, loss2=0.0315, dev_macro_f1=0.5416, dev_err=29.36%
2026-02-28 17:14:01,817 - lg_cotrain - INFO - Phase 2 epoch 10/17: loss1=0.0116, loss2=0.0207, dev_macro_f1=0.5359, dev_err=28.75%
2026-02-28 17:15:06,973 - lg_cotrain - INFO - Phase 2 epoch 11/17: loss1=0.0107, loss2=0.0202, dev_macro_f1=0.5657, dev_err=27.64%
2026-02-28 17:16:12,284 - lg_cotrain - INFO - Phase 2 epoch 12/17: loss1=0.0103, loss2=0.0142, dev_macro_f1=0.5840, dev_err=27.64%
2026-02-28 17:17:17,585 - lg_cotrain - INFO - Phase 2 epoch 13/17: loss1=0.0080, loss2=0.0066, dev_macro_f1=0.5875, dev_err=28.01%
2026-02-28 17:18:22,381 - lg_cotrain - INFO - Phase 2 epoch 14/17: loss1=0.0043, loss2=0.0059, dev_macro_f1=0.5898, dev_err=28.01%
2026-02-28 17:19:26,798 - lg_cotrain - INFO - Phase 2 epoch 15/17: loss1=0.0040, loss2=0.0049, dev_macro_f1=0.5824, dev_err=28.75%
2026-02-28 17:20:31,298 - lg_cotrain - INFO - Phase 2 epoch 16/17: loss1=0.0035, loss2=0.0028, dev_macro_f1=0.5729, dev_err=28.87%
2026-02-28 17:21:35,951 - lg_cotrain - INFO - Phase 2 epoch 17/17: loss1=0.0036, loss2=0.0023, dev_macro_f1=0.5716, dev_err=29.12%
2026-02-28 17:21:35,951 - lg_cotrain - INFO - === Phase 3: Fine-Tuning ===
2026-02-28 17:21:38,495 - lg_cotrain - INFO - Phase 3 epoch 1: dev_macro_f1=0.5683, dev_err=29.24%, es_counter1=0, es_counter2=0
2026-02-28 17:21:41,013 - lg_cotrain - INFO - Phase 3 epoch 2: dev_macro_f1=0.5722, dev_err=29.24%, es_counter1=0, es_counter2=0
2026-02-28 17:21:43,509 - lg_cotrain - INFO - Phase 3 epoch 3: dev_macro_f1=0.5640, dev_err=29.73%, es_counter1=1, es_counter2=1
2026-02-28 17:21:46,018 - lg_cotrain - INFO - Phase 3 epoch 4: dev_macro_f1=0.5592, dev_err=30.22%, es_counter1=2, es_counter2=2
2026-02-28 17:21:48,528 - lg_cotrain - INFO - Phase 3 epoch 5: dev_macro_f1=0.5527, dev_err=31.08%, es_counter1=3, es_counter2=3
2026-02-28 17:21:51,040 - lg_cotrain - INFO - Phase 3 epoch 6: dev_macro_f1=0.5534, dev_err=31.94%, es_counter1=4, es_counter2=4
2026-02-28 17:21:53,530 - lg_cotrain - INFO - Phase 3 epoch 7: dev_macro_f1=0.5517, dev_err=33.29%, es_counter1=5, es_counter2=5
2026-02-28 17:21:56,024 - lg_cotrain - INFO - Phase 3 epoch 8: dev_macro_f1=0.5415, dev_err=34.64%, es_counter1=6, es_counter2=6
2026-02-28 17:21:58,541 - lg_cotrain - INFO - Phase 3 epoch 9: dev_macro_f1=0.5340, dev_err=36.36%, es_counter1=7, es_counter2=7
2026-02-28 17:22:01,048 - lg_cotrain - INFO - Phase 3 epoch 10: dev_macro_f1=0.5284, dev_err=37.59%, es_counter1=8, es_counter2=8
2026-02-28 17:22:03,560 - lg_cotrain - INFO - Phase 3 epoch 11: dev_macro_f1=0.5233, dev_err=38.45%, es_counter1=9, es_counter2=9
2026-02-28 17:22:06,073 - lg_cotrain - INFO - Phase 3 epoch 12: dev_macro_f1=0.5223, dev_err=39.19%, es_counter1=10, es_counter2=10
2026-02-28 17:22:06,074 - lg_cotrain - INFO - Early stopping at epoch 12
2026-02-28 17:22:06,088 - lg_cotrain - INFO - === Final Evaluation ===
2026-02-28 17:22:12,897 - lg_cotrain - INFO - Results saved to C:\Users\anhtr\AppData\Local\Temp\tmpr2prc2yg\kerala_floods_2018\5_set2\metrics.json
2026-02-28 17:22:12,898 - lg_cotrain - INFO - Test error rate: 30.66%, Test macro-F1: 0.5454, Test ECE: 0.2200
2026-02-28 17:22:12,910 - lg_cotrain - INFO - --- Trial 8/10 done: dev_macro_f1=0.5722 ---
2026-02-28 17:22:12,910 - lg_cotrain - INFO - --- Trial 9/10 ---
2026-02-28 17:22:13,401 - lg_cotrain - INFO - Starting LG-CoTrain: event=kerala_floods_2018, budget=5, seed_set=2
2026-02-28 17:22:13,436 - lg_cotrain - INFO - Detected 9 classes for event kerala_floods_2018: ['caution_and_advice', 'displaced_people_and_evacuations', 'infrastructure_and_utility_damage', 'injured_or_dead_people', 'not_humanitarian', 'other_relevant_information', 'requests_or_urgent_needs', 'rescue_volunteering_or_donation_effort', 'sympathy_and_support']
2026-02-28 17:22:13,443 - lg_cotrain - INFO - D_l1: 27, D_l2: 18, D_LG: 5543
2026-02-28 17:22:13,444 - lg_cotrain - INFO - === Phase 1: Weight Generation ===
2026-02-28 17:22:31,684 - lg_cotrain - INFO - Phase 1 epoch 1/7: mean_prob1=0.1040, mean_prob2=0.1256
2026-02-28 17:22:48,736 - lg_cotrain - INFO - Phase 1 epoch 2/7: mean_prob1=0.1049, mean_prob2=0.1229
2026-02-28 17:23:05,679 - lg_cotrain - INFO - Phase 1 epoch 3/7: mean_prob1=0.1016, mean_prob2=0.1126
2026-02-28 17:23:22,645 - lg_cotrain - INFO - Phase 1 epoch 4/7: mean_prob1=0.1036, mean_prob2=0.1064
2026-02-28 17:23:39,668 - lg_cotrain - INFO - Phase 1 epoch 5/7: mean_prob1=0.1055, mean_prob2=0.1009
2026-02-28 17:23:57,001 - lg_cotrain - INFO - Phase 1 epoch 6/7: mean_prob1=0.1094, mean_prob2=0.1001
2026-02-28 17:24:14,138 - lg_cotrain - INFO - Phase 1 epoch 7/7: mean_prob1=0.1101, mean_prob2=0.1016
2026-02-28 17:24:14,139 - lg_cotrain - INFO - === Phase 2: Co-Training ===
2026-02-28 17:24:15,088 - lg_cotrain - INFO - LR scheduler: total_steps_1=796, warmup=10; total_steps_2=796, warmup=10
2026-02-28 17:24:15,088 - lg_cotrain - INFO - Phase 1 done -> seeded Phase 2 trackers. lambda1: mean=0.1101, range=[0.0344, 0.3098]
2026-02-28 17:24:15,089 - lg_cotrain - INFO - Phase 1 done -> seeded Phase 2 trackers. lambda2: mean=0.1016, range=[0.0269, 0.3092]
2026-02-28 17:25:19,948 - lg_cotrain - INFO - Phase 2 epoch 1/8: loss1=0.1348, loss2=0.1570, dev_macro_f1=0.4345, dev_err=29.98%
2026-02-28 17:26:25,123 - lg_cotrain - INFO - Phase 2 epoch 2/8: loss1=0.0489, loss2=0.1900, dev_macro_f1=0.5135, dev_err=27.76%
2026-02-28 17:27:29,915 - lg_cotrain - INFO - Phase 2 epoch 3/8: loss1=0.0260, loss2=0.1488, dev_macro_f1=0.5707, dev_err=26.78%
2026-02-28 17:28:35,392 - lg_cotrain - INFO - Phase 2 epoch 4/8: loss1=0.0181, loss2=0.0939, dev_macro_f1=0.5693, dev_err=26.17%
2026-02-28 17:29:40,968 - lg_cotrain - INFO - Phase 2 epoch 5/8: loss1=0.0119, loss2=0.0621, dev_macro_f1=0.6004, dev_err=26.54%
2026-02-28 17:30:46,718 - lg_cotrain - INFO - Phase 2 epoch 6/8: loss1=0.0075, loss2=0.0335, dev_macro_f1=0.6046, dev_err=26.29%
2026-02-28 17:31:51,599 - lg_cotrain - INFO - Phase 2 epoch 7/8: loss1=0.0068, loss2=0.0171, dev_macro_f1=0.6066, dev_err=26.54%
2026-02-28 17:32:56,861 - lg_cotrain - INFO - Phase 2 epoch 8/8: loss1=0.0049, loss2=0.0118, dev_macro_f1=0.6088, dev_err=26.41%
2026-02-28 17:32:56,861 - lg_cotrain - INFO - === Phase 3: Fine-Tuning ===
2026-02-28 17:32:59,385 - lg_cotrain - INFO - Phase 3 epoch 1: dev_macro_f1=0.6122, dev_err=26.90%, es_counter1=0, es_counter2=0
2026-02-28 17:33:01,916 - lg_cotrain - INFO - Phase 3 epoch 2: dev_macro_f1=0.6164, dev_err=26.66%, es_counter1=0, es_counter2=0
2026-02-28 17:33:04,487 - lg_cotrain - INFO - Phase 3 epoch 3: dev_macro_f1=0.6034, dev_err=28.01%, es_counter1=1, es_counter2=1
2026-02-28 17:33:07,049 - lg_cotrain - INFO - Phase 3 epoch 4: dev_macro_f1=0.6079, dev_err=28.01%, es_counter1=2, es_counter2=2
2026-02-28 17:33:09,631 - lg_cotrain - INFO - Phase 3 epoch 5: dev_macro_f1=0.6013, dev_err=28.87%, es_counter1=3, es_counter2=3
2026-02-28 17:33:12,138 - lg_cotrain - INFO - Phase 3 epoch 6: dev_macro_f1=0.5925, dev_err=30.34%, es_counter1=4, es_counter2=4
2026-02-28 17:33:14,659 - lg_cotrain - INFO - Phase 3 epoch 7: dev_macro_f1=0.5933, dev_err=31.20%, es_counter1=5, es_counter2=5
2026-02-28 17:33:17,175 - lg_cotrain - INFO - Phase 3 epoch 8: dev_macro_f1=0.5931, dev_err=31.82%, es_counter1=6, es_counter2=6
2026-02-28 17:33:19,687 - lg_cotrain - INFO - Phase 3 epoch 9: dev_macro_f1=0.5860, dev_err=33.42%, es_counter1=7, es_counter2=7
2026-02-28 17:33:22,224 - lg_cotrain - INFO - Phase 3 epoch 10: dev_macro_f1=0.5827, dev_err=34.03%, es_counter1=8, es_counter2=8
2026-02-28 17:33:24,767 - lg_cotrain - INFO - Phase 3 epoch 11: dev_macro_f1=0.5775, dev_err=35.14%, es_counter1=9, es_counter2=9
2026-02-28 17:33:27,277 - lg_cotrain - INFO - Phase 3 epoch 12: dev_macro_f1=0.5749, dev_err=35.75%, es_counter1=10, es_counter2=10
2026-02-28 17:33:27,277 - lg_cotrain - INFO - Early stopping at epoch 12
2026-02-28 17:33:27,286 - lg_cotrain - INFO - === Final Evaluation ===
2026-02-28 17:33:34,159 - lg_cotrain - INFO - Results saved to C:\Users\anhtr\AppData\Local\Temp\tmp73ounxo5\kerala_floods_2018\5_set2\metrics.json
2026-02-28 17:33:34,159 - lg_cotrain - INFO - Test error rate: 28.70%, Test macro-F1: 0.5670, Test ECE: 0.2133
2026-02-28 17:33:34,171 - lg_cotrain - INFO - --- Trial 9/10 done: dev_macro_f1=0.6164 ---
2026-02-28 17:33:34,171 - lg_cotrain - INFO - --- Trial 10/10 ---
2026-02-28 17:33:34,676 - lg_cotrain - INFO - Starting LG-CoTrain: event=kerala_floods_2018, budget=5, seed_set=2
2026-02-28 17:33:34,717 - lg_cotrain - INFO - Detected 9 classes for event kerala_floods_2018: ['caution_and_advice', 'displaced_people_and_evacuations', 'infrastructure_and_utility_damage', 'injured_or_dead_people', 'not_humanitarian', 'other_relevant_information', 'requests_or_urgent_needs', 'rescue_volunteering_or_donation_effort', 'sympathy_and_support']
2026-02-28 17:33:34,725 - lg_cotrain - INFO - D_l1: 27, D_l2: 18, D_LG: 5543
2026-02-28 17:33:34,726 - lg_cotrain - INFO - === Phase 1: Weight Generation ===
2026-02-28 17:33:52,976 - lg_cotrain - INFO - Phase 1 epoch 1/7: mean_prob1=0.1051, mean_prob2=0.1250
2026-02-28 17:34:10,334 - lg_cotrain - INFO - Phase 1 epoch 2/7: mean_prob1=0.1044, mean_prob2=0.1259
2026-02-28 17:34:27,629 - lg_cotrain - INFO - Phase 1 epoch 3/7: mean_prob1=0.1051, mean_prob2=0.1267
2026-02-28 17:34:44,672 - lg_cotrain - INFO - Phase 1 epoch 4/7: mean_prob1=0.1015, mean_prob2=0.1261
2026-02-28 17:35:01,767 - lg_cotrain - INFO - Phase 1 epoch 5/7: mean_prob1=0.1007, mean_prob2=0.1232
2026-02-28 17:35:18,733 - lg_cotrain - INFO - Phase 1 epoch 6/7: mean_prob1=0.1003, mean_prob2=0.1193
2026-02-28 17:35:35,898 - lg_cotrain - INFO - Phase 1 epoch 7/7: mean_prob1=0.1001, mean_prob2=0.1151
2026-02-28 17:35:35,898 - lg_cotrain - INFO - === Phase 2: Co-Training ===
2026-02-28 17:35:36,904 - lg_cotrain - INFO - LR scheduler: total_steps_1=1753, warmup=265; total_steps_2=1753, warmup=265
2026-02-28 17:35:36,905 - lg_cotrain - INFO - Phase 1 done -> seeded Phase 2 trackers. lambda1: mean=0.1001, range=[0.0407, 0.2239]
2026-02-28 17:35:36,905 - lg_cotrain - INFO - Phase 1 done -> seeded Phase 2 trackers. lambda2: mean=0.1151, range=[0.0348, 0.2300]
2026-02-28 17:36:41,749 - lg_cotrain - INFO - Phase 2 epoch 1/19: loss1=0.2119, loss2=0.2081, dev_macro_f1=0.0778, dev_err=46.19%
2026-02-28 17:37:46,685 - lg_cotrain - INFO - Phase 2 epoch 2/19: loss1=0.1117, loss2=0.2593, dev_macro_f1=0.2051, dev_err=39.31%
2026-02-28 17:38:51,748 - lg_cotrain - INFO - Phase 2 epoch 3/19: loss1=0.0679, loss2=0.1831, dev_macro_f1=0.4012, dev_err=30.71%
2026-02-28 17:39:56,800 - lg_cotrain - INFO - Phase 2 epoch 4/19: loss1=0.0332, loss2=0.1400, dev_macro_f1=0.4857, dev_err=27.15%
2026-02-28 17:41:01,941 - lg_cotrain - INFO - Phase 2 epoch 5/19: loss1=0.0225, loss2=0.1064, dev_macro_f1=0.5165, dev_err=26.54%
2026-02-28 17:42:06,971 - lg_cotrain - INFO - Phase 2 epoch 6/19: loss1=0.0196, loss2=0.0793, dev_macro_f1=0.5130, dev_err=28.13%
2026-02-28 17:43:11,988 - lg_cotrain - INFO - Phase 2 epoch 7/19: loss1=0.0171, loss2=0.0603, dev_macro_f1=0.5255, dev_err=28.01%
2026-02-28 17:44:17,501 - lg_cotrain - INFO - Phase 2 epoch 8/19: loss1=0.0150, loss2=0.0457, dev_macro_f1=0.5543, dev_err=25.92%
2026-02-28 17:45:22,679 - lg_cotrain - INFO - Phase 2 epoch 9/19: loss1=0.0145, loss2=0.0469, dev_macro_f1=0.5479, dev_err=26.29%
2026-02-28 17:46:27,604 - lg_cotrain - INFO - Phase 2 epoch 10/19: loss1=0.0099, loss2=0.0286, dev_macro_f1=0.5507, dev_err=27.15%
2026-02-28 17:47:33,547 - lg_cotrain - INFO - Phase 2 epoch 11/19: loss1=0.0096, loss2=0.0215, dev_macro_f1=0.5572, dev_err=27.15%
2026-02-28 17:48:38,509 - lg_cotrain - INFO - Phase 2 epoch 12/19: loss1=0.0070, loss2=0.0167, dev_macro_f1=0.5521, dev_err=27.76%
2026-02-28 17:49:43,539 - lg_cotrain - INFO - Phase 2 epoch 13/19: loss1=0.0070, loss2=0.0126, dev_macro_f1=0.5559, dev_err=27.64%
2026-02-28 17:50:48,603 - lg_cotrain - INFO - Phase 2 epoch 14/19: loss1=0.0091, loss2=0.0110, dev_macro_f1=0.5644, dev_err=27.03%
2026-02-28 17:51:53,708 - lg_cotrain - INFO - Phase 2 epoch 15/19: loss1=0.0084, loss2=0.0100, dev_macro_f1=0.5635, dev_err=27.40%
2026-02-28 17:52:58,637 - lg_cotrain - INFO - Phase 2 epoch 16/19: loss1=0.0079, loss2=0.0096, dev_macro_f1=0.5647, dev_err=27.27%
2026-02-28 17:54:03,638 - lg_cotrain - INFO - Phase 2 epoch 17/19: loss1=0.0076, loss2=0.0091, dev_macro_f1=0.5603, dev_err=27.40%
2026-02-28 17:55:08,389 - lg_cotrain - INFO - Phase 2 epoch 18/19: loss1=0.0071, loss2=0.0086, dev_macro_f1=0.5631, dev_err=27.89%
2026-02-28 17:56:13,197 - lg_cotrain - INFO - Phase 2 epoch 19/19: loss1=0.0078, loss2=0.0077, dev_macro_f1=0.5720, dev_err=26.90%
2026-02-28 17:56:13,197 - lg_cotrain - INFO - === Phase 3: Fine-Tuning ===
2026-02-28 17:56:15,752 - lg_cotrain - INFO - Phase 3 epoch 1: dev_macro_f1=0.5730, dev_err=26.78%, es_counter1=0, es_counter2=0
2026-02-28 17:56:18,291 - lg_cotrain - INFO - Phase 3 epoch 2: dev_macro_f1=0.5980, dev_err=26.66%, es_counter1=0, es_counter2=0
2026-02-28 17:56:20,836 - lg_cotrain - INFO - Phase 3 epoch 3: dev_macro_f1=0.6254, dev_err=26.17%, es_counter1=0, es_counter2=0
2026-02-28 17:56:23,350 - lg_cotrain - INFO - Phase 3 epoch 4: dev_macro_f1=0.6202, dev_err=26.66%, es_counter1=1, es_counter2=1
2026-02-28 17:56:25,866 - lg_cotrain - INFO - Phase 3 epoch 5: dev_macro_f1=0.6198, dev_err=26.78%, es_counter1=2, es_counter2=2
2026-02-28 17:56:28,382 - lg_cotrain - INFO - Phase 3 epoch 6: dev_macro_f1=0.6191, dev_err=27.03%, es_counter1=3, es_counter2=3
2026-02-28 17:56:30,900 - lg_cotrain - INFO - Phase 3 epoch 7: dev_macro_f1=0.6199, dev_err=27.15%, es_counter1=4, es_counter2=4
2026-02-28 17:56:33,419 - lg_cotrain - INFO - Phase 3 epoch 8: dev_macro_f1=0.6170, dev_err=27.64%, es_counter1=5, es_counter2=5
2026-02-28 17:56:35,940 - lg_cotrain - INFO - Phase 3 epoch 9: dev_macro_f1=0.6093, dev_err=28.87%, es_counter1=6, es_counter2=6
2026-02-28 17:56:38,457 - lg_cotrain - INFO - Phase 3 epoch 10: dev_macro_f1=0.6066, dev_err=29.12%, es_counter1=7, es_counter2=7
2026-02-28 17:56:40,977 - lg_cotrain - INFO - Phase 3 epoch 11: dev_macro_f1=0.5985, dev_err=29.98%, es_counter1=8, es_counter2=8
2026-02-28 17:56:43,493 - lg_cotrain - INFO - Phase 3 epoch 12: dev_macro_f1=0.5986, dev_err=30.10%, es_counter1=9, es_counter2=9
2026-02-28 17:56:43,493 - lg_cotrain - INFO - Early stopping at epoch 12
2026-02-28 17:56:43,502 - lg_cotrain - INFO - === Final Evaluation ===
2026-02-28 17:56:50,343 - lg_cotrain - INFO - Results saved to C:\Users\anhtr\AppData\Local\Temp\tmpgawlg0ph\kerala_floods_2018\5_set2\metrics.json
2026-02-28 17:56:50,344 - lg_cotrain - INFO - Test error rate: 29.65%, Test macro-F1: 0.5556, Test ECE: 0.2275
2026-02-28 17:56:50,353 - lg_cotrain - INFO - --- Trial 10/10 done: dev_macro_f1=0.6254 ---
