2026-02-28 06:04:57,805 - lg_cotrain - INFO - === Optuna study: hurricane_maria_2017 budget=50 seed=2 | target=10 trials, 0 replayed, 10 new ===
2026-02-28 06:04:57,805 - lg_cotrain - INFO - --- Trial 1/10 ---
2026-02-28 06:04:58,306 - lg_cotrain - INFO - Starting LG-CoTrain: event=hurricane_maria_2017, budget=50, seed_set=2
2026-02-28 06:04:58,355 - lg_cotrain - INFO - Detected 9 classes for event hurricane_maria_2017: ['caution_and_advice', 'displaced_people_and_evacuations', 'infrastructure_and_utility_damage', 'injured_or_dead_people', 'not_humanitarian', 'other_relevant_information', 'requests_or_urgent_needs', 'rescue_volunteering_or_donation_effort', 'sympathy_and_support']
2026-02-28 06:04:58,361 - lg_cotrain - INFO - D_l1: 225, D_l2: 225, D_LG: 4644
2026-02-28 06:04:58,363 - lg_cotrain - INFO - === Phase 1: Weight Generation ===
2026-02-28 06:05:21,035 - lg_cotrain - INFO - Phase 1 epoch 1/7: mean_prob1=0.1194, mean_prob2=0.1111
2026-02-28 06:05:42,771 - lg_cotrain - INFO - Phase 1 epoch 2/7: mean_prob1=0.1076, mean_prob2=0.1082
2026-02-28 06:06:04,572 - lg_cotrain - INFO - Phase 1 epoch 3/7: mean_prob1=0.1327, mean_prob2=0.0985
2026-02-28 06:06:26,240 - lg_cotrain - INFO - Phase 1 epoch 4/7: mean_prob1=0.1171, mean_prob2=0.1283
2026-02-28 06:06:47,958 - lg_cotrain - INFO - Phase 1 epoch 5/7: mean_prob1=0.1100, mean_prob2=0.1293
2026-02-28 06:07:09,744 - lg_cotrain - INFO - Phase 1 epoch 6/7: mean_prob1=0.0974, mean_prob2=0.0987
2026-02-28 06:07:31,498 - lg_cotrain - INFO - Phase 1 epoch 7/7: mean_prob1=0.0933, mean_prob2=0.1059
2026-02-28 06:07:31,498 - lg_cotrain - INFO - === Phase 2: Co-Training ===
2026-02-28 06:07:32,506 - lg_cotrain - INFO - LR scheduler: total_steps_1=9291, warmup=916; total_steps_2=9291, warmup=916
2026-02-28 06:07:32,507 - lg_cotrain - INFO - Phase 1 done -> seeded Phase 2 trackers. lambda1: mean=0.0933, range=[0.0355, 0.1997]
2026-02-28 06:07:32,507 - lg_cotrain - INFO - Phase 1 done -> seeded Phase 2 trackers. lambda2: mean=0.1059, range=[0.0455, 0.2613]
2026-02-28 06:08:57,586 - lg_cotrain - INFO - Phase 2 epoch 1/11: loss1=0.1655, loss2=0.1756, dev_macro_f1=0.0476, dev_err=72.78%
2026-02-28 06:10:23,020 - lg_cotrain - INFO - Phase 2 epoch 2/11: loss1=0.1455, loss2=0.3802, dev_macro_f1=0.0476, dev_err=72.78%
2026-02-28 06:11:48,361 - lg_cotrain - INFO - Phase 2 epoch 3/11: loss1=0.1347, loss2=0.3718, dev_macro_f1=0.0476, dev_err=72.78%
2026-02-28 06:13:13,657 - lg_cotrain - INFO - Phase 2 epoch 4/11: loss1=0.1414, loss2=0.3722, dev_macro_f1=0.0476, dev_err=72.78%
2026-02-28 06:14:39,132 - lg_cotrain - INFO - Phase 2 epoch 5/11: loss1=0.1387, loss2=0.3631, dev_macro_f1=0.0476, dev_err=72.78%
2026-02-28 06:16:04,524 - lg_cotrain - INFO - Phase 2 epoch 6/11: loss1=0.1276, loss2=0.3699, dev_macro_f1=0.0476, dev_err=72.78%
2026-02-28 06:17:29,859 - lg_cotrain - INFO - Phase 2 epoch 7/11: loss1=0.1216, loss2=0.3652, dev_macro_f1=0.0476, dev_err=72.78%
2026-02-28 06:18:55,126 - lg_cotrain - INFO - Phase 2 epoch 8/11: loss1=0.1028, loss2=0.3581, dev_macro_f1=0.0476, dev_err=72.78%
2026-02-28 06:20:20,587 - lg_cotrain - INFO - Phase 2 epoch 9/11: loss1=0.0971, loss2=0.3496, dev_macro_f1=0.0476, dev_err=72.78%
2026-02-28 06:21:46,123 - lg_cotrain - INFO - Phase 2 epoch 10/11: loss1=0.0979, loss2=0.3418, dev_macro_f1=0.0476, dev_err=72.78%
2026-02-28 06:23:11,741 - lg_cotrain - INFO - Phase 2 epoch 11/11: loss1=0.0961, loss2=0.3344, dev_macro_f1=0.0476, dev_err=72.78%
2026-02-28 06:23:11,741 - lg_cotrain - INFO - === Phase 3: Fine-Tuning ===
2026-02-28 06:23:17,771 - lg_cotrain - INFO - Phase 3 epoch 1: dev_macro_f1=0.0038, dev_err=98.25%, es_counter1=0, es_counter2=0
2026-02-28 06:23:23,797 - lg_cotrain - INFO - Phase 3 epoch 2: dev_macro_f1=0.0064, dev_err=97.04%, es_counter1=0, es_counter2=0
2026-02-28 06:23:29,800 - lg_cotrain - INFO - Phase 3 epoch 3: dev_macro_f1=0.0363, dev_err=80.46%, es_counter1=0, es_counter2=0
2026-02-28 06:23:35,806 - lg_cotrain - INFO - Phase 3 epoch 4: dev_macro_f1=0.0476, dev_err=72.78%, es_counter1=0, es_counter2=0
2026-02-28 06:23:41,793 - lg_cotrain - INFO - Phase 3 epoch 5: dev_macro_f1=0.0064, dev_err=97.04%, es_counter1=1, es_counter2=1
2026-02-28 06:23:47,792 - lg_cotrain - INFO - Phase 3 epoch 6: dev_macro_f1=0.0363, dev_err=80.46%, es_counter1=2, es_counter2=2
2026-02-28 06:23:53,784 - lg_cotrain - INFO - Phase 3 epoch 7: dev_macro_f1=0.0189, dev_err=90.70%, es_counter1=3, es_counter2=3
2026-02-28 06:23:59,755 - lg_cotrain - INFO - Phase 3 epoch 8: dev_macro_f1=0.0081, dev_err=96.23%, es_counter1=4, es_counter2=4
2026-02-28 06:24:05,748 - lg_cotrain - INFO - Phase 3 epoch 9: dev_macro_f1=0.0476, dev_err=72.78%, es_counter1=5, es_counter2=5
2026-02-28 06:24:11,738 - lg_cotrain - INFO - Phase 3 epoch 10: dev_macro_f1=0.0038, dev_err=98.25%, es_counter1=6, es_counter2=6
2026-02-28 06:24:17,738 - lg_cotrain - INFO - Phase 3 epoch 11: dev_macro_f1=0.0476, dev_err=72.78%, es_counter1=7, es_counter2=7
2026-02-28 06:24:23,745 - lg_cotrain - INFO - Phase 3 epoch 12: dev_macro_f1=0.0394, dev_err=78.44%, es_counter1=8, es_counter2=8
2026-02-28 06:24:23,745 - lg_cotrain - INFO - Early stopping at epoch 12
2026-02-28 06:24:23,757 - lg_cotrain - INFO - === Final Evaluation ===
2026-02-28 06:24:32,105 - lg_cotrain - INFO - Results saved to C:\Users\anhtr\AppData\Local\Temp\tmp8d6xglgc\hurricane_maria_2017\50_set2\metrics.json
2026-02-28 06:24:32,105 - lg_cotrain - INFO - Test error rate: 72.88%, Test macro-F1: 0.0474, Test ECE: 0.1374
2026-02-28 06:24:32,113 - lg_cotrain - INFO - --- Trial 1/10 done: dev_macro_f1=0.0476 ---
2026-02-28 06:24:32,114 - lg_cotrain - INFO - --- Trial 2/10 ---
2026-02-28 06:24:32,609 - lg_cotrain - INFO - Starting LG-CoTrain: event=hurricane_maria_2017, budget=50, seed_set=2
2026-02-28 06:24:32,642 - lg_cotrain - INFO - Detected 9 classes for event hurricane_maria_2017: ['caution_and_advice', 'displaced_people_and_evacuations', 'infrastructure_and_utility_damage', 'injured_or_dead_people', 'not_humanitarian', 'other_relevant_information', 'requests_or_urgent_needs', 'rescue_volunteering_or_donation_effort', 'sympathy_and_support']
2026-02-28 06:24:32,653 - lg_cotrain - INFO - D_l1: 225, D_l2: 225, D_LG: 4644
2026-02-28 06:24:32,655 - lg_cotrain - INFO - === Phase 1: Weight Generation ===
2026-02-28 06:24:52,331 - lg_cotrain - INFO - Phase 1 epoch 1/7: mean_prob1=0.1122, mean_prob2=0.1189
2026-02-28 06:25:11,066 - lg_cotrain - INFO - Phase 1 epoch 2/7: mean_prob1=0.1247, mean_prob2=0.1243
2026-02-28 06:25:29,832 - lg_cotrain - INFO - Phase 1 epoch 3/7: mean_prob1=0.1320, mean_prob2=0.1338
2026-02-28 06:25:48,773 - lg_cotrain - INFO - Phase 1 epoch 4/7: mean_prob1=0.1274, mean_prob2=0.1387
2026-02-28 06:26:07,624 - lg_cotrain - INFO - Phase 1 epoch 5/7: mean_prob1=0.1462, mean_prob2=0.1495
2026-02-28 06:26:26,407 - lg_cotrain - INFO - Phase 1 epoch 6/7: mean_prob1=0.1594, mean_prob2=0.1646
2026-02-28 06:26:45,187 - lg_cotrain - INFO - Phase 1 epoch 7/7: mean_prob1=0.1672, mean_prob2=0.1839
2026-02-28 06:26:45,187 - lg_cotrain - INFO - === Phase 2: Co-Training ===
2026-02-28 06:26:46,196 - lg_cotrain - INFO - LR scheduler: total_steps_1=2844, warmup=356; total_steps_2=2844, warmup=356
2026-02-28 06:26:46,196 - lg_cotrain - INFO - Phase 1 done -> seeded Phase 2 trackers. lambda1: mean=0.1672, range=[0.0269, 0.4469]
2026-02-28 06:26:46,196 - lg_cotrain - INFO - Phase 1 done -> seeded Phase 2 trackers. lambda2: mean=0.1839, range=[0.0185, 0.5650]
2026-02-28 06:27:51,776 - lg_cotrain - INFO - Phase 2 epoch 1/14: loss1=0.3305, loss2=0.3154, dev_macro_f1=0.2685, dev_err=47.44%
2026-02-28 06:28:57,404 - lg_cotrain - INFO - Phase 2 epoch 2/14: loss1=0.1205, loss2=0.2118, dev_macro_f1=0.4731, dev_err=37.06%
2026-02-28 06:30:02,993 - lg_cotrain - INFO - Phase 2 epoch 3/14: loss1=0.0549, loss2=0.1606, dev_macro_f1=0.5646, dev_err=35.31%
2026-02-28 06:31:08,744 - lg_cotrain - INFO - Phase 2 epoch 4/14: loss1=0.0292, loss2=0.1238, dev_macro_f1=0.5990, dev_err=32.88%
2026-02-28 06:32:14,543 - lg_cotrain - INFO - Phase 2 epoch 5/14: loss1=0.0216, loss2=0.0786, dev_macro_f1=0.6157, dev_err=32.21%
2026-02-28 06:33:20,163 - lg_cotrain - INFO - Phase 2 epoch 6/14: loss1=0.0209, loss2=0.0529, dev_macro_f1=0.6003, dev_err=32.88%
2026-02-28 06:34:25,709 - lg_cotrain - INFO - Phase 2 epoch 7/14: loss1=0.0156, loss2=0.0483, dev_macro_f1=0.6208, dev_err=32.75%
2026-02-28 06:35:31,205 - lg_cotrain - INFO - Phase 2 epoch 8/14: loss1=0.0124, loss2=0.0296, dev_macro_f1=0.6230, dev_err=32.88%
2026-02-28 06:36:36,741 - lg_cotrain - INFO - Phase 2 epoch 9/14: loss1=0.0091, loss2=0.0187, dev_macro_f1=0.6266, dev_err=32.75%
2026-02-28 06:37:42,240 - lg_cotrain - INFO - Phase 2 epoch 10/14: loss1=0.0081, loss2=0.0136, dev_macro_f1=0.6356, dev_err=32.48%
2026-02-28 06:38:47,971 - lg_cotrain - INFO - Phase 2 epoch 11/14: loss1=0.0139, loss2=0.0138, dev_macro_f1=0.6407, dev_err=31.94%
2026-02-28 06:39:53,703 - lg_cotrain - INFO - Phase 2 epoch 12/14: loss1=0.0103, loss2=0.0076, dev_macro_f1=0.6391, dev_err=32.08%
2026-02-28 06:40:59,237 - lg_cotrain - INFO - Phase 2 epoch 13/14: loss1=0.0070, loss2=0.0069, dev_macro_f1=0.6437, dev_err=31.54%
2026-02-28 06:42:04,711 - lg_cotrain - INFO - Phase 2 epoch 14/14: loss1=0.0077, loss2=0.0060, dev_macro_f1=0.6510, dev_err=31.40%
2026-02-28 06:42:04,711 - lg_cotrain - INFO - === Phase 3: Fine-Tuning ===
2026-02-28 06:42:09,530 - lg_cotrain - INFO - Phase 3 epoch 1: dev_macro_f1=0.6316, dev_err=34.37%, es_counter1=0, es_counter2=0
2026-02-28 06:42:14,348 - lg_cotrain - INFO - Phase 3 epoch 2: dev_macro_f1=0.5469, dev_err=46.23%, es_counter1=1, es_counter2=1
2026-02-28 06:42:19,201 - lg_cotrain - INFO - Phase 3 epoch 3: dev_macro_f1=0.6631, dev_err=31.27%, es_counter1=0, es_counter2=0
2026-02-28 06:42:24,034 - lg_cotrain - INFO - Phase 3 epoch 4: dev_macro_f1=0.6661, dev_err=31.00%, es_counter1=0, es_counter2=0
2026-02-28 06:42:28,858 - lg_cotrain - INFO - Phase 3 epoch 5: dev_macro_f1=0.6759, dev_err=29.92%, es_counter1=0, es_counter2=0
2026-02-28 06:42:33,645 - lg_cotrain - INFO - Phase 3 epoch 6: dev_macro_f1=0.6736, dev_err=29.25%, es_counter1=1, es_counter2=1
2026-02-28 06:42:38,429 - lg_cotrain - INFO - Phase 3 epoch 7: dev_macro_f1=0.6711, dev_err=28.84%, es_counter1=2, es_counter2=2
2026-02-28 06:42:43,236 - lg_cotrain - INFO - Phase 3 epoch 8: dev_macro_f1=0.6721, dev_err=28.71%, es_counter1=3, es_counter2=3
2026-02-28 06:42:48,018 - lg_cotrain - INFO - Phase 3 epoch 9: dev_macro_f1=0.6741, dev_err=28.44%, es_counter1=4, es_counter2=4
2026-02-28 06:42:52,825 - lg_cotrain - INFO - Phase 3 epoch 10: dev_macro_f1=0.6799, dev_err=28.57%, es_counter1=0, es_counter2=0
2026-02-28 06:42:57,641 - lg_cotrain - INFO - Phase 3 epoch 11: dev_macro_f1=0.6844, dev_err=28.30%, es_counter1=0, es_counter2=0
2026-02-28 06:43:02,451 - lg_cotrain - INFO - Phase 3 epoch 12: dev_macro_f1=0.6893, dev_err=28.03%, es_counter1=0, es_counter2=0
2026-02-28 06:43:07,248 - lg_cotrain - INFO - Phase 3 epoch 13: dev_macro_f1=0.6885, dev_err=28.17%, es_counter1=1, es_counter2=1
2026-02-28 06:43:12,043 - lg_cotrain - INFO - Phase 3 epoch 14: dev_macro_f1=0.6869, dev_err=28.30%, es_counter1=2, es_counter2=2
2026-02-28 06:43:16,830 - lg_cotrain - INFO - Phase 3 epoch 15: dev_macro_f1=0.6851, dev_err=28.57%, es_counter1=3, es_counter2=3
2026-02-28 06:43:21,611 - lg_cotrain - INFO - Phase 3 epoch 16: dev_macro_f1=0.6842, dev_err=28.71%, es_counter1=4, es_counter2=4
2026-02-28 06:43:26,418 - lg_cotrain - INFO - Phase 3 epoch 17: dev_macro_f1=0.6842, dev_err=28.71%, es_counter1=5, es_counter2=5
2026-02-28 06:43:31,232 - lg_cotrain - INFO - Phase 3 epoch 18: dev_macro_f1=0.6842, dev_err=28.71%, es_counter1=6, es_counter2=6
2026-02-28 06:43:36,035 - lg_cotrain - INFO - Phase 3 epoch 19: dev_macro_f1=0.6884, dev_err=28.44%, es_counter1=7, es_counter2=7
2026-02-28 06:43:40,841 - lg_cotrain - INFO - Phase 3 epoch 20: dev_macro_f1=0.6870, dev_err=28.57%, es_counter1=8, es_counter2=8
2026-02-28 06:43:45,643 - lg_cotrain - INFO - Phase 3 epoch 21: dev_macro_f1=0.6864, dev_err=28.57%, es_counter1=9, es_counter2=9
2026-02-28 06:43:50,439 - lg_cotrain - INFO - Phase 3 epoch 22: dev_macro_f1=0.6864, dev_err=28.57%, es_counter1=10, es_counter2=10
2026-02-28 06:43:50,439 - lg_cotrain - INFO - Early stopping at epoch 22
2026-02-28 06:43:50,454 - lg_cotrain - INFO - === Final Evaluation ===
2026-02-28 06:43:57,823 - lg_cotrain - INFO - Results saved to C:\Users\anhtr\AppData\Local\Temp\tmpfknzz1hu\hurricane_maria_2017\50_set2\metrics.json
2026-02-28 06:43:57,823 - lg_cotrain - INFO - Test error rate: 29.47%, Test macro-F1: 0.6606, Test ECE: 0.1597
2026-02-28 06:43:57,832 - lg_cotrain - INFO - --- Trial 2/10 done: dev_macro_f1=0.6893 ---
2026-02-28 06:43:57,832 - lg_cotrain - INFO - --- Trial 3/10 ---
2026-02-28 06:43:58,329 - lg_cotrain - INFO - Starting LG-CoTrain: event=hurricane_maria_2017, budget=50, seed_set=2
2026-02-28 06:43:58,356 - lg_cotrain - INFO - Detected 9 classes for event hurricane_maria_2017: ['caution_and_advice', 'displaced_people_and_evacuations', 'infrastructure_and_utility_damage', 'injured_or_dead_people', 'not_humanitarian', 'other_relevant_information', 'requests_or_urgent_needs', 'rescue_volunteering_or_donation_effort', 'sympathy_and_support']
2026-02-28 06:43:58,365 - lg_cotrain - INFO - D_l1: 225, D_l2: 225, D_LG: 4644
2026-02-28 06:43:58,366 - lg_cotrain - INFO - === Phase 1: Weight Generation ===
2026-02-28 06:44:16,997 - lg_cotrain - INFO - Phase 1 epoch 1/7: mean_prob1=0.1020, mean_prob2=0.0908
2026-02-28 06:44:34,408 - lg_cotrain - INFO - Phase 1 epoch 2/7: mean_prob1=0.1166, mean_prob2=0.0860
2026-02-28 06:44:51,795 - lg_cotrain - INFO - Phase 1 epoch 3/7: mean_prob1=0.1168, mean_prob2=0.1022
2026-02-28 06:45:09,261 - lg_cotrain - INFO - Phase 1 epoch 4/7: mean_prob1=0.1042, mean_prob2=0.1170
2026-02-28 06:45:26,712 - lg_cotrain - INFO - Phase 1 epoch 5/7: mean_prob1=0.1116, mean_prob2=0.1104
2026-02-28 06:45:44,163 - lg_cotrain - INFO - Phase 1 epoch 6/7: mean_prob1=0.1112, mean_prob2=0.1142
2026-02-28 06:46:01,505 - lg_cotrain - INFO - Phase 1 epoch 7/7: mean_prob1=0.1148, mean_prob2=0.1126
2026-02-28 06:46:01,506 - lg_cotrain - INFO - === Phase 2: Co-Training ===
2026-02-28 06:46:02,511 - lg_cotrain - INFO - LR scheduler: total_steps_1=1349, warmup=277; total_steps_2=1349, warmup=277
2026-02-28 06:46:02,512 - lg_cotrain - INFO - Phase 1 done -> seeded Phase 2 trackers. lambda1: mean=0.1148, range=[0.0916, 0.1358]
2026-02-28 06:46:02,512 - lg_cotrain - INFO - Phase 1 done -> seeded Phase 2 trackers. lambda2: mean=0.1126, range=[0.0925, 0.1346]
2026-02-28 06:47:02,056 - lg_cotrain - INFO - Phase 2 epoch 1/13: loss1=0.1520, loss2=0.1587, dev_macro_f1=0.5503, dev_err=33.56%
2026-02-28 06:48:01,653 - lg_cotrain - INFO - Phase 2 epoch 2/13: loss1=0.0647, loss2=0.5446, dev_macro_f1=0.4875, dev_err=40.30%
2026-02-28 06:49:00,927 - lg_cotrain - INFO - Phase 2 epoch 3/13: loss1=0.0856, loss2=1.3156, dev_macro_f1=0.1144, dev_err=65.23%
2026-02-28 06:50:00,225 - lg_cotrain - INFO - Phase 2 epoch 4/13: loss1=0.0854, loss2=1.2303, dev_macro_f1=0.1280, dev_err=57.68%
2026-02-28 06:50:59,508 - lg_cotrain - INFO - Phase 2 epoch 5/13: loss1=0.0673, loss2=1.1480, dev_macro_f1=0.1298, dev_err=56.87%
2026-02-28 06:51:58,716 - lg_cotrain - INFO - Phase 2 epoch 6/13: loss1=0.0611, loss2=1.1072, dev_macro_f1=0.0493, dev_err=72.64%
2026-02-28 06:52:57,929 - lg_cotrain - INFO - Phase 2 epoch 7/13: loss1=0.0800, loss2=1.0360, dev_macro_f1=0.0476, dev_err=72.78%
2026-02-28 06:53:57,039 - lg_cotrain - INFO - Phase 2 epoch 8/13: loss1=0.0815, loss2=0.9898, dev_macro_f1=0.0476, dev_err=72.78%
2026-02-28 06:54:56,183 - lg_cotrain - INFO - Phase 2 epoch 9/13: loss1=0.0801, loss2=0.9429, dev_macro_f1=0.0476, dev_err=72.78%
2026-02-28 06:55:55,337 - lg_cotrain - INFO - Phase 2 epoch 10/13: loss1=0.0784, loss2=0.9100, dev_macro_f1=0.0476, dev_err=72.78%
2026-02-28 06:56:54,422 - lg_cotrain - INFO - Phase 2 epoch 11/13: loss1=0.0803, loss2=0.8743, dev_macro_f1=0.0476, dev_err=72.78%
2026-02-28 06:57:53,487 - lg_cotrain - INFO - Phase 2 epoch 12/13: loss1=0.0819, loss2=0.8481, dev_macro_f1=0.0476, dev_err=72.78%
2026-02-28 06:58:52,641 - lg_cotrain - INFO - Phase 2 epoch 13/13: loss1=0.0846, loss2=0.8197, dev_macro_f1=0.0476, dev_err=72.78%
2026-02-28 06:58:52,642 - lg_cotrain - INFO - === Phase 3: Fine-Tuning ===
2026-02-28 06:58:56,988 - lg_cotrain - INFO - Phase 3 epoch 1: dev_macro_f1=0.0081, dev_err=96.23%, es_counter1=0, es_counter2=0
2026-02-28 06:59:01,298 - lg_cotrain - INFO - Phase 3 epoch 2: dev_macro_f1=0.0064, dev_err=97.04%, es_counter1=1, es_counter2=1
2026-02-28 06:59:05,631 - lg_cotrain - INFO - Phase 3 epoch 3: dev_macro_f1=0.0476, dev_err=72.78%, es_counter1=0, es_counter2=0
2026-02-28 06:59:09,938 - lg_cotrain - INFO - Phase 3 epoch 4: dev_macro_f1=0.0189, dev_err=90.70%, es_counter1=1, es_counter2=1
2026-02-28 06:59:14,253 - lg_cotrain - INFO - Phase 3 epoch 5: dev_macro_f1=0.0197, dev_err=90.30%, es_counter1=2, es_counter2=2
2026-02-28 06:59:18,560 - lg_cotrain - INFO - Phase 3 epoch 6: dev_macro_f1=0.0476, dev_err=72.78%, es_counter1=3, es_counter2=3
2026-02-28 06:59:22,867 - lg_cotrain - INFO - Phase 3 epoch 7: dev_macro_f1=0.0476, dev_err=72.78%, es_counter1=4, es_counter2=4
2026-02-28 06:59:27,173 - lg_cotrain - INFO - Phase 3 epoch 8: dev_macro_f1=0.0394, dev_err=78.44%, es_counter1=5, es_counter2=5
2026-02-28 06:59:31,486 - lg_cotrain - INFO - Phase 3 epoch 9: dev_macro_f1=0.0197, dev_err=90.30%, es_counter1=6, es_counter2=6
2026-02-28 06:59:31,487 - lg_cotrain - INFO - Early stopping at epoch 9
2026-02-28 06:59:31,495 - lg_cotrain - INFO - === Final Evaluation ===
2026-02-28 06:59:38,267 - lg_cotrain - INFO - Results saved to C:\Users\anhtr\AppData\Local\Temp\tmplbgaauit\hurricane_maria_2017\50_set2\metrics.json
2026-02-28 06:59:38,267 - lg_cotrain - INFO - Test error rate: 72.88%, Test macro-F1: 0.0474, Test ECE: 0.1402
2026-02-28 06:59:38,276 - lg_cotrain - INFO - --- Trial 3/10 done: dev_macro_f1=0.0476 ---
2026-02-28 06:59:38,277 - lg_cotrain - INFO - --- Trial 4/10 ---
2026-02-28 06:59:38,753 - lg_cotrain - INFO - Starting LG-CoTrain: event=hurricane_maria_2017, budget=50, seed_set=2
2026-02-28 06:59:38,780 - lg_cotrain - INFO - Detected 9 classes for event hurricane_maria_2017: ['caution_and_advice', 'displaced_people_and_evacuations', 'infrastructure_and_utility_damage', 'injured_or_dead_people', 'not_humanitarian', 'other_relevant_information', 'requests_or_urgent_needs', 'rescue_volunteering_or_donation_effort', 'sympathy_and_support']
2026-02-28 06:59:38,786 - lg_cotrain - INFO - D_l1: 225, D_l2: 225, D_LG: 4644
2026-02-28 06:59:38,788 - lg_cotrain - INFO - === Phase 1: Weight Generation ===
2026-02-28 07:00:01,414 - lg_cotrain - INFO - Phase 1 epoch 1/7: mean_prob1=0.1145, mean_prob2=0.1225
2026-02-28 07:00:23,130 - lg_cotrain - INFO - Phase 1 epoch 2/7: mean_prob1=0.1340, mean_prob2=0.1234
2026-02-28 07:00:44,923 - lg_cotrain - INFO - Phase 1 epoch 3/7: mean_prob1=0.1273, mean_prob2=0.1247
2026-02-28 07:01:06,782 - lg_cotrain - INFO - Phase 1 epoch 4/7: mean_prob1=0.1101, mean_prob2=0.1295
2026-02-28 07:01:28,455 - lg_cotrain - INFO - Phase 1 epoch 5/7: mean_prob1=0.1096, mean_prob2=0.1236
2026-02-28 07:01:50,144 - lg_cotrain - INFO - Phase 1 epoch 6/7: mean_prob1=0.1155, mean_prob2=0.1127
2026-02-28 07:02:11,844 - lg_cotrain - INFO - Phase 1 epoch 7/7: mean_prob1=0.1114, mean_prob2=0.1193
2026-02-28 07:02:11,844 - lg_cotrain - INFO - === Phase 2: Co-Training ===
2026-02-28 07:02:12,807 - lg_cotrain - INFO - LR scheduler: total_steps_1=8129, warmup=1272; total_steps_2=8129, warmup=1272
2026-02-28 07:02:12,808 - lg_cotrain - INFO - Phase 1 done -> seeded Phase 2 trackers. lambda1: mean=0.1114, range=[0.0951, 0.1221]
2026-02-28 07:02:12,808 - lg_cotrain - INFO - Phase 1 done -> seeded Phase 2 trackers. lambda2: mean=0.1193, range=[0.0230, 0.3196]
2026-02-28 07:03:37,738 - lg_cotrain - INFO - Phase 2 epoch 1/9: loss1=0.1502, loss2=0.1358, dev_macro_f1=0.5875, dev_err=31.81%
2026-02-28 07:05:02,983 - lg_cotrain - INFO - Phase 2 epoch 2/9: loss1=0.0647, loss2=0.3832, dev_macro_f1=0.6296, dev_err=32.08%
2026-02-28 07:06:28,216 - lg_cotrain - INFO - Phase 2 epoch 3/9: loss1=0.2727, loss2=0.5251, dev_macro_f1=0.4280, dev_err=45.82%
2026-02-28 07:07:53,393 - lg_cotrain - INFO - Phase 2 epoch 4/9: loss1=0.3670, loss2=0.3396, dev_macro_f1=0.5745, dev_err=34.23%
2026-02-28 07:09:18,389 - lg_cotrain - INFO - Phase 2 epoch 5/9: loss1=0.4399, loss2=0.2118, dev_macro_f1=0.6212, dev_err=34.64%
2026-02-28 07:10:43,532 - lg_cotrain - INFO - Phase 2 epoch 6/9: loss1=0.5036, loss2=0.1972, dev_macro_f1=0.6126, dev_err=33.29%
2026-02-28 07:12:08,546 - lg_cotrain - INFO - Phase 2 epoch 7/9: loss1=0.5654, loss2=0.1780, dev_macro_f1=0.6111, dev_err=33.96%
2026-02-28 07:13:33,551 - lg_cotrain - INFO - Phase 2 epoch 8/9: loss1=0.6242, loss2=0.2263, dev_macro_f1=0.5813, dev_err=35.98%
2026-02-28 07:14:58,560 - lg_cotrain - INFO - Phase 2 epoch 9/9: loss1=0.6486, loss2=0.1771, dev_macro_f1=0.6101, dev_err=34.64%
2026-02-28 07:14:58,560 - lg_cotrain - INFO - === Phase 3: Fine-Tuning ===
2026-02-28 07:15:04,555 - lg_cotrain - INFO - Phase 3 epoch 1: dev_macro_f1=0.6221, dev_err=32.08%, es_counter1=0, es_counter2=0
2026-02-28 07:15:10,506 - lg_cotrain - INFO - Phase 3 epoch 2: dev_macro_f1=0.6126, dev_err=35.71%, es_counter1=1, es_counter2=1
2026-02-28 07:15:16,465 - lg_cotrain - INFO - Phase 3 epoch 3: dev_macro_f1=0.6216, dev_err=33.42%, es_counter1=2, es_counter2=2
2026-02-28 07:15:22,426 - lg_cotrain - INFO - Phase 3 epoch 4: dev_macro_f1=0.5936, dev_err=38.41%, es_counter1=3, es_counter2=3
2026-02-28 07:15:28,423 - lg_cotrain - INFO - Phase 3 epoch 5: dev_macro_f1=0.6322, dev_err=33.42%, es_counter1=0, es_counter2=0
2026-02-28 07:15:34,421 - lg_cotrain - INFO - Phase 3 epoch 6: dev_macro_f1=0.6467, dev_err=30.73%, es_counter1=0, es_counter2=0
2026-02-28 07:15:40,393 - lg_cotrain - INFO - Phase 3 epoch 7: dev_macro_f1=0.6548, dev_err=30.46%, es_counter1=0, es_counter2=0
2026-02-28 07:15:46,360 - lg_cotrain - INFO - Phase 3 epoch 8: dev_macro_f1=0.6376, dev_err=32.35%, es_counter1=1, es_counter2=1
2026-02-28 07:15:52,333 - lg_cotrain - INFO - Phase 3 epoch 9: dev_macro_f1=0.6592, dev_err=29.78%, es_counter1=0, es_counter2=0
2026-02-28 07:15:58,275 - lg_cotrain - INFO - Phase 3 epoch 10: dev_macro_f1=0.6589, dev_err=30.46%, es_counter1=1, es_counter2=1
2026-02-28 07:16:04,257 - lg_cotrain - INFO - Phase 3 epoch 11: dev_macro_f1=0.6644, dev_err=30.86%, es_counter1=0, es_counter2=0
2026-02-28 07:16:10,217 - lg_cotrain - INFO - Phase 3 epoch 12: dev_macro_f1=0.6389, dev_err=33.15%, es_counter1=1, es_counter2=1
2026-02-28 07:16:16,181 - lg_cotrain - INFO - Phase 3 epoch 13: dev_macro_f1=0.6609, dev_err=30.46%, es_counter1=2, es_counter2=2
2026-02-28 07:16:22,133 - lg_cotrain - INFO - Phase 3 epoch 14: dev_macro_f1=0.6493, dev_err=32.21%, es_counter1=3, es_counter2=3
2026-02-28 07:16:28,144 - lg_cotrain - INFO - Phase 3 epoch 15: dev_macro_f1=0.6772, dev_err=30.05%, es_counter1=0, es_counter2=0
2026-02-28 07:16:34,110 - lg_cotrain - INFO - Phase 3 epoch 16: dev_macro_f1=0.6470, dev_err=31.94%, es_counter1=1, es_counter2=1
2026-02-28 07:16:40,073 - lg_cotrain - INFO - Phase 3 epoch 17: dev_macro_f1=0.6353, dev_err=31.94%, es_counter1=2, es_counter2=2
2026-02-28 07:16:46,037 - lg_cotrain - INFO - Phase 3 epoch 18: dev_macro_f1=0.6514, dev_err=31.54%, es_counter1=3, es_counter2=3
2026-02-28 07:16:51,987 - lg_cotrain - INFO - Phase 3 epoch 19: dev_macro_f1=0.6549, dev_err=32.08%, es_counter1=4, es_counter2=4
2026-02-28 07:16:57,948 - lg_cotrain - INFO - Phase 3 epoch 20: dev_macro_f1=0.6558, dev_err=31.27%, es_counter1=5, es_counter2=5
2026-02-28 07:17:03,907 - lg_cotrain - INFO - Phase 3 epoch 21: dev_macro_f1=0.6610, dev_err=30.05%, es_counter1=6, es_counter2=6
2026-02-28 07:17:09,866 - lg_cotrain - INFO - Phase 3 epoch 22: dev_macro_f1=0.6059, dev_err=39.22%, es_counter1=7, es_counter2=7
2026-02-28 07:17:15,826 - lg_cotrain - INFO - Phase 3 epoch 23: dev_macro_f1=0.6440, dev_err=31.94%, es_counter1=8, es_counter2=8
2026-02-28 07:17:15,826 - lg_cotrain - INFO - Early stopping at epoch 23
2026-02-28 07:17:15,837 - lg_cotrain - INFO - === Final Evaluation ===
2026-02-28 07:17:24,096 - lg_cotrain - INFO - Results saved to C:\Users\anhtr\AppData\Local\Temp\tmpu5e5dlum\hurricane_maria_2017\50_set2\metrics.json
2026-02-28 07:17:24,096 - lg_cotrain - INFO - Test error rate: 33.91%, Test macro-F1: 0.6365, Test ECE: 0.1658
2026-02-28 07:17:24,107 - lg_cotrain - INFO - --- Trial 4/10 done: dev_macro_f1=0.6772 ---
2026-02-28 07:17:24,107 - lg_cotrain - INFO - --- Trial 5/10 ---
2026-02-28 07:17:24,610 - lg_cotrain - INFO - Starting LG-CoTrain: event=hurricane_maria_2017, budget=50, seed_set=2
2026-02-28 07:17:24,637 - lg_cotrain - INFO - Detected 9 classes for event hurricane_maria_2017: ['caution_and_advice', 'displaced_people_and_evacuations', 'infrastructure_and_utility_damage', 'injured_or_dead_people', 'not_humanitarian', 'other_relevant_information', 'requests_or_urgent_needs', 'rescue_volunteering_or_donation_effort', 'sympathy_and_support']
2026-02-28 07:17:24,646 - lg_cotrain - INFO - D_l1: 225, D_l2: 225, D_LG: 4644
2026-02-28 07:17:24,647 - lg_cotrain - INFO - === Phase 1: Weight Generation ===
2026-02-28 07:17:44,986 - lg_cotrain - INFO - Phase 1 epoch 1/7: mean_prob1=0.0951, mean_prob2=0.1224
2026-02-28 07:18:04,272 - lg_cotrain - INFO - Phase 1 epoch 2/7: mean_prob1=0.1059, mean_prob2=0.1030
2026-02-28 07:18:23,680 - lg_cotrain - INFO - Phase 1 epoch 3/7: mean_prob1=0.1092, mean_prob2=0.0991
2026-02-28 07:18:43,124 - lg_cotrain - INFO - Phase 1 epoch 4/7: mean_prob1=0.1107, mean_prob2=0.1270
2026-02-28 07:19:02,436 - lg_cotrain - INFO - Phase 1 epoch 5/7: mean_prob1=0.1176, mean_prob2=0.1176
2026-02-28 07:19:21,858 - lg_cotrain - INFO - Phase 1 epoch 6/7: mean_prob1=0.1090, mean_prob2=0.0954
2026-02-28 07:19:41,229 - lg_cotrain - INFO - Phase 1 epoch 7/7: mean_prob1=0.1113, mean_prob2=0.1129
2026-02-28 07:19:41,231 - lg_cotrain - INFO - === Phase 2: Co-Training ===
2026-02-28 07:19:42,235 - lg_cotrain - INFO - LR scheduler: total_steps_1=5865, warmup=459; total_steps_2=5865, warmup=459
2026-02-28 07:19:42,236 - lg_cotrain - INFO - Phase 1 done -> seeded Phase 2 trackers. lambda1: mean=0.1113, range=[0.0974, 0.1266]
2026-02-28 07:19:42,236 - lg_cotrain - INFO - Phase 1 done -> seeded Phase 2 trackers. lambda2: mean=0.1129, range=[0.0680, 0.2055]
2026-02-28 07:20:54,032 - lg_cotrain - INFO - Phase 2 epoch 1/15: loss1=0.1392, loss2=0.1665, dev_macro_f1=0.3233, dev_err=47.04%
2026-02-28 07:22:05,662 - lg_cotrain - INFO - Phase 2 epoch 2/15: loss1=0.1585, loss2=0.8446, dev_macro_f1=0.0476, dev_err=72.78%
2026-02-28 07:23:17,399 - lg_cotrain - INFO - Phase 2 epoch 3/15: loss1=0.1487, loss2=0.7296, dev_macro_f1=0.0363, dev_err=80.46%
2026-02-28 07:24:29,105 - lg_cotrain - INFO - Phase 2 epoch 4/15: loss1=0.1463, loss2=0.6614, dev_macro_f1=0.0476, dev_err=72.78%
2026-02-28 07:25:40,827 - lg_cotrain - INFO - Phase 2 epoch 5/15: loss1=0.1532, loss2=0.6185, dev_macro_f1=0.0476, dev_err=72.78%
2026-02-28 07:26:52,528 - lg_cotrain - INFO - Phase 2 epoch 6/15: loss1=0.1380, loss2=0.5924, dev_macro_f1=0.0476, dev_err=72.78%
2026-02-28 07:28:04,241 - lg_cotrain - INFO - Phase 2 epoch 7/15: loss1=0.1347, loss2=0.5745, dev_macro_f1=0.0476, dev_err=72.78%
2026-02-28 07:29:15,877 - lg_cotrain - INFO - Phase 2 epoch 8/15: loss1=0.1175, loss2=0.5586, dev_macro_f1=0.0476, dev_err=72.78%
2026-02-28 07:30:27,509 - lg_cotrain - INFO - Phase 2 epoch 9/15: loss1=0.1164, loss2=0.5383, dev_macro_f1=0.0476, dev_err=72.78%
2026-02-28 07:31:39,201 - lg_cotrain - INFO - Phase 2 epoch 10/15: loss1=0.1215, loss2=0.5236, dev_macro_f1=0.0476, dev_err=72.78%
2026-02-28 07:32:51,262 - lg_cotrain - INFO - Phase 2 epoch 11/15: loss1=0.1215, loss2=0.5081, dev_macro_f1=0.0476, dev_err=72.78%
2026-02-28 07:34:03,275 - lg_cotrain - INFO - Phase 2 epoch 12/15: loss1=0.1204, loss2=0.4960, dev_macro_f1=0.0476, dev_err=72.78%
2026-02-28 07:35:14,982 - lg_cotrain - INFO - Phase 2 epoch 13/15: loss1=0.1220, loss2=0.4820, dev_macro_f1=0.0476, dev_err=72.78%
2026-02-28 07:36:26,694 - lg_cotrain - INFO - Phase 2 epoch 14/15: loss1=0.1214, loss2=0.4738, dev_macro_f1=0.0476, dev_err=72.78%
2026-02-28 07:37:38,447 - lg_cotrain - INFO - Phase 2 epoch 15/15: loss1=0.1245, loss2=0.4658, dev_macro_f1=0.0476, dev_err=72.78%
2026-02-28 07:37:38,447 - lg_cotrain - INFO - === Phase 3: Fine-Tuning ===
2026-02-28 07:37:43,617 - lg_cotrain - INFO - Phase 3 epoch 1: dev_macro_f1=0.0064, dev_err=97.04%, es_counter1=0, es_counter2=0
2026-02-28 07:37:48,796 - lg_cotrain - INFO - Phase 3 epoch 2: dev_macro_f1=0.0476, dev_err=72.78%, es_counter1=0, es_counter2=0
2026-02-28 07:37:53,940 - lg_cotrain - INFO - Phase 3 epoch 3: dev_macro_f1=0.0064, dev_err=97.04%, es_counter1=1, es_counter2=1
2026-02-28 07:37:59,089 - lg_cotrain - INFO - Phase 3 epoch 4: dev_macro_f1=0.0064, dev_err=97.04%, es_counter1=2, es_counter2=2
2026-02-28 07:38:04,250 - lg_cotrain - INFO - Phase 3 epoch 5: dev_macro_f1=0.0476, dev_err=72.78%, es_counter1=3, es_counter2=3
2026-02-28 07:38:09,394 - lg_cotrain - INFO - Phase 3 epoch 6: dev_macro_f1=0.0476, dev_err=72.78%, es_counter1=4, es_counter2=4
2026-02-28 07:38:14,575 - lg_cotrain - INFO - Phase 3 epoch 7: dev_macro_f1=0.0476, dev_err=72.78%, es_counter1=5, es_counter2=5
2026-02-28 07:38:19,749 - lg_cotrain - INFO - Phase 3 epoch 8: dev_macro_f1=0.0038, dev_err=98.25%, es_counter1=6, es_counter2=6
2026-02-28 07:38:24,919 - lg_cotrain - INFO - Phase 3 epoch 9: dev_macro_f1=0.0363, dev_err=80.46%, es_counter1=7, es_counter2=7
2026-02-28 07:38:30,083 - lg_cotrain - INFO - Phase 3 epoch 10: dev_macro_f1=0.0476, dev_err=72.78%, es_counter1=8, es_counter2=8
2026-02-28 07:38:35,222 - lg_cotrain - INFO - Phase 3 epoch 11: dev_macro_f1=0.0363, dev_err=80.46%, es_counter1=9, es_counter2=9
2026-02-28 07:38:40,379 - lg_cotrain - INFO - Phase 3 epoch 12: dev_macro_f1=0.0189, dev_err=90.70%, es_counter1=10, es_counter2=10
2026-02-28 07:38:40,379 - lg_cotrain - INFO - Early stopping at epoch 12
2026-02-28 07:38:40,389 - lg_cotrain - INFO - === Final Evaluation ===
2026-02-28 07:38:47,955 - lg_cotrain - INFO - Results saved to C:\Users\anhtr\AppData\Local\Temp\tmpp7eqdsnr\hurricane_maria_2017\50_set2\metrics.json
2026-02-28 07:38:47,955 - lg_cotrain - INFO - Test error rate: 72.88%, Test macro-F1: 0.0474, Test ECE: 0.1057
2026-02-28 07:38:47,966 - lg_cotrain - INFO - --- Trial 5/10 done: dev_macro_f1=0.0476 ---
2026-02-28 07:38:47,967 - lg_cotrain - INFO - --- Trial 6/10 ---
2026-02-28 07:38:48,489 - lg_cotrain - INFO - Starting LG-CoTrain: event=hurricane_maria_2017, budget=50, seed_set=2
2026-02-28 07:38:48,524 - lg_cotrain - INFO - Detected 9 classes for event hurricane_maria_2017: ['caution_and_advice', 'displaced_people_and_evacuations', 'infrastructure_and_utility_damage', 'injured_or_dead_people', 'not_humanitarian', 'other_relevant_information', 'requests_or_urgent_needs', 'rescue_volunteering_or_donation_effort', 'sympathy_and_support']
2026-02-28 07:38:48,534 - lg_cotrain - INFO - D_l1: 225, D_l2: 225, D_LG: 4644
2026-02-28 07:38:48,536 - lg_cotrain - INFO - === Phase 1: Weight Generation ===
2026-02-28 07:39:11,524 - lg_cotrain - INFO - Phase 1 epoch 1/7: mean_prob1=0.1164, mean_prob2=0.1189
2026-02-28 07:39:33,445 - lg_cotrain - INFO - Phase 1 epoch 2/7: mean_prob1=0.1333, mean_prob2=0.1248
2026-02-28 07:39:55,467 - lg_cotrain - INFO - Phase 1 epoch 3/7: mean_prob1=0.1469, mean_prob2=0.1364
2026-02-28 07:40:17,464 - lg_cotrain - INFO - Phase 1 epoch 4/7: mean_prob1=0.1690, mean_prob2=0.1487
2026-02-28 07:40:39,448 - lg_cotrain - INFO - Phase 1 epoch 5/7: mean_prob1=0.1946, mean_prob2=0.2103
2026-02-28 07:41:01,517 - lg_cotrain - INFO - Phase 1 epoch 6/7: mean_prob1=0.2212, mean_prob2=0.2409
2026-02-28 07:41:23,502 - lg_cotrain - INFO - Phase 1 epoch 7/7: mean_prob1=0.2406, mean_prob2=0.2798
2026-02-28 07:41:23,504 - lg_cotrain - INFO - === Phase 2: Co-Training ===
2026-02-28 07:41:24,485 - lg_cotrain - INFO - LR scheduler: total_steps_1=11034, warmup=53; total_steps_2=11034, warmup=53
2026-02-28 07:41:24,485 - lg_cotrain - INFO - Phase 1 done -> seeded Phase 2 trackers. lambda1: mean=0.2406, range=[0.0160, 0.7202]
2026-02-28 07:41:24,486 - lg_cotrain - INFO - Phase 1 done -> seeded Phase 2 trackers. lambda2: mean=0.2798, range=[0.0122, 0.7928]
2026-02-28 07:42:49,923 - lg_cotrain - INFO - Phase 2 epoch 1/14: loss1=0.2514, loss2=0.2380, dev_macro_f1=0.6032, dev_err=33.56%
2026-02-28 07:44:15,579 - lg_cotrain - INFO - Phase 2 epoch 2/14: loss1=0.0720, loss2=0.1841, dev_macro_f1=0.6178, dev_err=33.02%
2026-02-28 07:45:41,461 - lg_cotrain - INFO - Phase 2 epoch 3/14: loss1=0.0461, loss2=0.1172, dev_macro_f1=0.6261, dev_err=31.81%
2026-02-28 07:47:07,078 - lg_cotrain - INFO - Phase 2 epoch 4/14: loss1=0.0235, loss2=0.0806, dev_macro_f1=0.6240, dev_err=32.75%
2026-02-28 07:48:32,728 - lg_cotrain - INFO - Phase 2 epoch 5/14: loss1=0.0233, loss2=0.0526, dev_macro_f1=0.6269, dev_err=32.61%
2026-02-28 07:49:58,162 - lg_cotrain - INFO - Phase 2 epoch 6/14: loss1=0.0191, loss2=0.0357, dev_macro_f1=0.6342, dev_err=31.67%
2026-02-28 07:51:23,733 - lg_cotrain - INFO - Phase 2 epoch 7/14: loss1=0.0128, loss2=0.0345, dev_macro_f1=0.6464, dev_err=30.86%
2026-02-28 07:52:49,257 - lg_cotrain - INFO - Phase 2 epoch 8/14: loss1=0.0078, loss2=0.0295, dev_macro_f1=0.6386, dev_err=31.27%
2026-02-28 07:54:14,820 - lg_cotrain - INFO - Phase 2 epoch 9/14: loss1=0.0095, loss2=0.0228, dev_macro_f1=0.6548, dev_err=30.59%
2026-02-28 07:55:40,388 - lg_cotrain - INFO - Phase 2 epoch 10/14: loss1=0.0096, loss2=0.0233, dev_macro_f1=0.6290, dev_err=32.21%
2026-02-28 07:57:05,981 - lg_cotrain - INFO - Phase 2 epoch 11/14: loss1=0.0111, loss2=0.0102, dev_macro_f1=0.6446, dev_err=31.27%
2026-02-28 07:58:31,667 - lg_cotrain - INFO - Phase 2 epoch 12/14: loss1=0.0058, loss2=0.0066, dev_macro_f1=0.6358, dev_err=32.21%
2026-02-28 07:59:57,431 - lg_cotrain - INFO - Phase 2 epoch 13/14: loss1=0.0076, loss2=0.0061, dev_macro_f1=0.6302, dev_err=32.48%
2026-02-28 08:01:23,090 - lg_cotrain - INFO - Phase 2 epoch 14/14: loss1=0.0050, loss2=0.0054, dev_macro_f1=0.6378, dev_err=32.21%
2026-02-28 08:01:23,091 - lg_cotrain - INFO - === Phase 3: Fine-Tuning ===
2026-02-28 08:01:29,155 - lg_cotrain - INFO - Phase 3 epoch 1: dev_macro_f1=0.6222, dev_err=33.02%, es_counter1=0, es_counter2=0
2026-02-28 08:01:35,228 - lg_cotrain - INFO - Phase 3 epoch 2: dev_macro_f1=0.6540, dev_err=31.81%, es_counter1=0, es_counter2=0
2026-02-28 08:01:41,269 - lg_cotrain - INFO - Phase 3 epoch 3: dev_macro_f1=0.6548, dev_err=31.27%, es_counter1=0, es_counter2=0
2026-02-28 08:01:47,318 - lg_cotrain - INFO - Phase 3 epoch 4: dev_macro_f1=0.6702, dev_err=30.32%, es_counter1=0, es_counter2=0
2026-02-28 08:01:53,366 - lg_cotrain - INFO - Phase 3 epoch 5: dev_macro_f1=0.6758, dev_err=29.78%, es_counter1=0, es_counter2=0
2026-02-28 08:01:59,387 - lg_cotrain - INFO - Phase 3 epoch 6: dev_macro_f1=0.6754, dev_err=29.78%, es_counter1=1, es_counter2=1
2026-02-28 08:02:05,450 - lg_cotrain - INFO - Phase 3 epoch 7: dev_macro_f1=0.6775, dev_err=29.65%, es_counter1=0, es_counter2=0
2026-02-28 08:02:11,492 - lg_cotrain - INFO - Phase 3 epoch 8: dev_macro_f1=0.6736, dev_err=29.92%, es_counter1=1, es_counter2=1
2026-02-28 08:02:17,536 - lg_cotrain - INFO - Phase 3 epoch 9: dev_macro_f1=0.6785, dev_err=29.65%, es_counter1=0, es_counter2=0
2026-02-28 08:02:23,581 - lg_cotrain - INFO - Phase 3 epoch 10: dev_macro_f1=0.6823, dev_err=29.38%, es_counter1=0, es_counter2=0
2026-02-28 08:02:29,625 - lg_cotrain - INFO - Phase 3 epoch 11: dev_macro_f1=0.6813, dev_err=29.38%, es_counter1=1, es_counter2=1
2026-02-28 08:02:35,702 - lg_cotrain - INFO - Phase 3 epoch 12: dev_macro_f1=0.6855, dev_err=29.11%, es_counter1=0, es_counter2=0
2026-02-28 08:02:41,735 - lg_cotrain - INFO - Phase 3 epoch 13: dev_macro_f1=0.6843, dev_err=29.11%, es_counter1=1, es_counter2=1
2026-02-28 08:02:47,777 - lg_cotrain - INFO - Phase 3 epoch 14: dev_macro_f1=0.6825, dev_err=29.11%, es_counter1=2, es_counter2=2
2026-02-28 08:02:53,800 - lg_cotrain - INFO - Phase 3 epoch 15: dev_macro_f1=0.6794, dev_err=29.51%, es_counter1=3, es_counter2=3
2026-02-28 08:02:59,824 - lg_cotrain - INFO - Phase 3 epoch 16: dev_macro_f1=0.6800, dev_err=29.38%, es_counter1=4, es_counter2=4
2026-02-28 08:02:59,824 - lg_cotrain - INFO - Early stopping at epoch 16
2026-02-28 08:02:59,837 - lg_cotrain - INFO - === Final Evaluation ===
2026-02-28 08:03:08,247 - lg_cotrain - INFO - Results saved to C:\Users\anhtr\AppData\Local\Temp\tmpt4o7ziwu\hurricane_maria_2017\50_set2\metrics.json
2026-02-28 08:03:08,247 - lg_cotrain - INFO - Test error rate: 29.20%, Test macro-F1: 0.6717, Test ECE: 0.1827
2026-02-28 08:03:08,256 - lg_cotrain - INFO - --- Trial 6/10 done: dev_macro_f1=0.6855 ---
2026-02-28 08:03:08,256 - lg_cotrain - INFO - --- Trial 7/10 ---
2026-02-28 08:03:08,730 - lg_cotrain - INFO - Starting LG-CoTrain: event=hurricane_maria_2017, budget=50, seed_set=2
2026-02-28 08:03:08,761 - lg_cotrain - INFO - Detected 9 classes for event hurricane_maria_2017: ['caution_and_advice', 'displaced_people_and_evacuations', 'infrastructure_and_utility_damage', 'injured_or_dead_people', 'not_humanitarian', 'other_relevant_information', 'requests_or_urgent_needs', 'rescue_volunteering_or_donation_effort', 'sympathy_and_support']
2026-02-28 08:03:08,769 - lg_cotrain - INFO - D_l1: 225, D_l2: 225, D_LG: 4644
2026-02-28 08:03:08,771 - lg_cotrain - INFO - === Phase 1: Weight Generation ===
2026-02-28 08:03:27,162 - lg_cotrain - INFO - Phase 1 epoch 1/7: mean_prob1=0.1193, mean_prob2=0.1170
2026-02-28 08:03:44,851 - lg_cotrain - INFO - Phase 1 epoch 2/7: mean_prob1=0.1347, mean_prob2=0.1343
2026-02-28 08:04:02,381 - lg_cotrain - INFO - Phase 1 epoch 3/7: mean_prob1=0.1886, mean_prob2=0.1726
2026-02-28 08:04:19,932 - lg_cotrain - INFO - Phase 1 epoch 4/7: mean_prob1=0.2678, mean_prob2=0.2379
2026-02-28 08:04:37,555 - lg_cotrain - INFO - Phase 1 epoch 5/7: mean_prob1=0.3397, mean_prob2=0.3814
2026-02-28 08:04:55,408 - lg_cotrain - INFO - Phase 1 epoch 6/7: mean_prob1=0.4865, mean_prob2=0.4438
2026-02-28 08:05:12,983 - lg_cotrain - INFO - Phase 1 epoch 7/7: mean_prob1=0.4932, mean_prob2=0.5578
2026-02-28 08:05:12,983 - lg_cotrain - INFO - === Phase 2: Co-Training ===
2026-02-28 08:05:14,126 - lg_cotrain - INFO - LR scheduler: total_steps_1=1714, warmup=205; total_steps_2=1714, warmup=205
2026-02-28 08:05:14,126 - lg_cotrain - INFO - Phase 1 done -> seeded Phase 2 trackers. lambda1: mean=0.4932, range=[0.0013, 0.9635]
2026-02-28 08:05:14,126 - lg_cotrain - INFO - Phase 1 done -> seeded Phase 2 trackers. lambda2: mean=0.5578, range=[0.0017, 0.9658]
2026-02-28 08:06:14,000 - lg_cotrain - INFO - Phase 2 epoch 1/18: loss1=0.7619, loss2=0.7172, dev_macro_f1=0.4507, dev_err=36.39%
2026-02-28 08:07:14,076 - lg_cotrain - INFO - Phase 2 epoch 2/18: loss1=0.0986, loss2=0.2802, dev_macro_f1=0.5757, dev_err=31.27%
2026-02-28 08:08:14,217 - lg_cotrain - INFO - Phase 2 epoch 3/18: loss1=0.0658, loss2=0.2023, dev_macro_f1=0.6209, dev_err=29.65%
2026-02-28 08:09:14,281 - lg_cotrain - INFO - Phase 2 epoch 4/18: loss1=0.0595, loss2=0.1378, dev_macro_f1=0.6110, dev_err=31.27%
2026-02-28 08:10:14,298 - lg_cotrain - INFO - Phase 2 epoch 5/18: loss1=0.0468, loss2=0.1153, dev_macro_f1=0.6373, dev_err=29.51%
2026-02-28 08:11:14,186 - lg_cotrain - INFO - Phase 2 epoch 6/18: loss1=0.0583, loss2=0.1208, dev_macro_f1=0.6156, dev_err=32.21%
2026-02-28 08:12:14,138 - lg_cotrain - INFO - Phase 2 epoch 7/18: loss1=0.0380, loss2=0.0739, dev_macro_f1=0.6337, dev_err=31.40%
2026-02-28 08:13:14,005 - lg_cotrain - INFO - Phase 2 epoch 8/18: loss1=0.0289, loss2=0.0555, dev_macro_f1=0.6429, dev_err=29.92%
2026-02-28 08:14:13,940 - lg_cotrain - INFO - Phase 2 epoch 9/18: loss1=0.0326, loss2=0.0416, dev_macro_f1=0.6059, dev_err=32.21%
2026-02-28 08:15:13,892 - lg_cotrain - INFO - Phase 2 epoch 10/18: loss1=0.0499, loss2=0.0701, dev_macro_f1=0.6440, dev_err=30.32%
2026-02-28 08:16:13,814 - lg_cotrain - INFO - Phase 2 epoch 11/18: loss1=0.0324, loss2=0.0502, dev_macro_f1=0.6546, dev_err=29.65%
2026-02-28 08:17:13,821 - lg_cotrain - INFO - Phase 2 epoch 12/18: loss1=0.0266, loss2=0.0172, dev_macro_f1=0.6294, dev_err=31.27%
2026-02-28 08:18:13,817 - lg_cotrain - INFO - Phase 2 epoch 13/18: loss1=0.0211, loss2=0.0086, dev_macro_f1=0.6351, dev_err=30.86%
2026-02-28 08:19:13,833 - lg_cotrain - INFO - Phase 2 epoch 14/18: loss1=0.0182, loss2=0.0136, dev_macro_f1=0.6359, dev_err=30.73%
2026-02-28 08:20:14,050 - lg_cotrain - INFO - Phase 2 epoch 15/18: loss1=0.0122, loss2=0.0174, dev_macro_f1=0.6382, dev_err=31.27%
2026-02-28 08:21:14,372 - lg_cotrain - INFO - Phase 2 epoch 16/18: loss1=0.0119, loss2=0.0117, dev_macro_f1=0.6483, dev_err=30.32%
2026-02-28 08:22:14,660 - lg_cotrain - INFO - Phase 2 epoch 17/18: loss1=0.0089, loss2=0.0166, dev_macro_f1=0.6374, dev_err=31.27%
2026-02-28 08:23:14,858 - lg_cotrain - INFO - Phase 2 epoch 18/18: loss1=0.0054, loss2=0.0103, dev_macro_f1=0.6402, dev_err=30.59%
2026-02-28 08:23:14,859 - lg_cotrain - INFO - === Phase 3: Fine-Tuning ===
2026-02-28 08:23:19,317 - lg_cotrain - INFO - Phase 3 epoch 1: dev_macro_f1=0.6701, dev_err=29.92%, es_counter1=0, es_counter2=0
2026-02-28 08:23:23,719 - lg_cotrain - INFO - Phase 3 epoch 2: dev_macro_f1=0.6350, dev_err=35.71%, es_counter1=1, es_counter2=1
2026-02-28 08:23:28,118 - lg_cotrain - INFO - Phase 3 epoch 3: dev_macro_f1=0.6485, dev_err=30.73%, es_counter1=2, es_counter2=2
2026-02-28 08:23:32,518 - lg_cotrain - INFO - Phase 3 epoch 4: dev_macro_f1=0.6593, dev_err=29.92%, es_counter1=3, es_counter2=3
2026-02-28 08:23:36,916 - lg_cotrain - INFO - Phase 3 epoch 5: dev_macro_f1=0.6556, dev_err=30.19%, es_counter1=4, es_counter2=4
2026-02-28 08:23:41,303 - lg_cotrain - INFO - Phase 3 epoch 6: dev_macro_f1=0.6560, dev_err=31.00%, es_counter1=5, es_counter2=5
2026-02-28 08:23:45,698 - lg_cotrain - INFO - Phase 3 epoch 7: dev_macro_f1=0.6612, dev_err=31.00%, es_counter1=6, es_counter2=6
2026-02-28 08:23:50,094 - lg_cotrain - INFO - Phase 3 epoch 8: dev_macro_f1=0.6577, dev_err=31.13%, es_counter1=7, es_counter2=7
2026-02-28 08:23:54,510 - lg_cotrain - INFO - Phase 3 epoch 9: dev_macro_f1=0.6554, dev_err=31.27%, es_counter1=8, es_counter2=8
2026-02-28 08:23:58,896 - lg_cotrain - INFO - Phase 3 epoch 10: dev_macro_f1=0.6632, dev_err=30.73%, es_counter1=9, es_counter2=9
2026-02-28 08:24:03,305 - lg_cotrain - INFO - Phase 3 epoch 11: dev_macro_f1=0.6659, dev_err=30.59%, es_counter1=10, es_counter2=10
2026-02-28 08:24:03,306 - lg_cotrain - INFO - Early stopping at epoch 11
2026-02-28 08:24:03,317 - lg_cotrain - INFO - === Final Evaluation ===
2026-02-28 08:24:10,275 - lg_cotrain - INFO - Results saved to C:\Users\anhtr\AppData\Local\Temp\tmpbd97av5q\hurricane_maria_2017\50_set2\metrics.json
2026-02-28 08:24:10,275 - lg_cotrain - INFO - Test error rate: 31.21%, Test macro-F1: 0.6600, Test ECE: 0.1319
2026-02-28 08:24:10,287 - lg_cotrain - INFO - --- Trial 7/10 done: dev_macro_f1=0.6701 ---
2026-02-28 08:24:10,287 - lg_cotrain - INFO - --- Trial 8/10 ---
2026-02-28 08:24:10,782 - lg_cotrain - INFO - Starting LG-CoTrain: event=hurricane_maria_2017, budget=50, seed_set=2
2026-02-28 08:24:10,811 - lg_cotrain - INFO - Detected 9 classes for event hurricane_maria_2017: ['caution_and_advice', 'displaced_people_and_evacuations', 'infrastructure_and_utility_damage', 'injured_or_dead_people', 'not_humanitarian', 'other_relevant_information', 'requests_or_urgent_needs', 'rescue_volunteering_or_donation_effort', 'sympathy_and_support']
2026-02-28 08:24:10,817 - lg_cotrain - INFO - D_l1: 225, D_l2: 225, D_LG: 4644
2026-02-28 08:24:10,818 - lg_cotrain - INFO - === Phase 1: Weight Generation ===
2026-02-28 08:24:33,822 - lg_cotrain - INFO - Phase 1 epoch 1/7: mean_prob1=0.1319, mean_prob2=0.1190
2026-02-28 08:24:55,841 - lg_cotrain - INFO - Phase 1 epoch 2/7: mean_prob1=0.1923, mean_prob2=0.1496
2026-02-28 08:25:17,918 - lg_cotrain - INFO - Phase 1 epoch 3/7: mean_prob1=0.3753, mean_prob2=0.4116
2026-02-28 08:25:40,036 - lg_cotrain - INFO - Phase 1 epoch 4/7: mean_prob1=0.3939, mean_prob2=0.5336
2026-02-28 08:26:02,172 - lg_cotrain - INFO - Phase 1 epoch 5/7: mean_prob1=0.5308, mean_prob2=0.5782
2026-02-28 08:26:24,249 - lg_cotrain - INFO - Phase 1 epoch 6/7: mean_prob1=0.4750, mean_prob2=0.5531
2026-02-28 08:26:46,365 - lg_cotrain - INFO - Phase 1 epoch 7/7: mean_prob1=0.6038, mean_prob2=0.5998
2026-02-28 08:26:46,365 - lg_cotrain - INFO - === Phase 2: Co-Training ===
2026-02-28 08:26:47,350 - lg_cotrain - INFO - LR scheduler: total_steps_1=12777, warmup=536; total_steps_2=12777, warmup=536
2026-02-28 08:26:47,350 - lg_cotrain - INFO - Phase 1 done -> seeded Phase 2 trackers. lambda1: mean=0.6038, range=[0.0008, 0.9841]
2026-02-28 08:26:47,351 - lg_cotrain - INFO - Phase 1 done -> seeded Phase 2 trackers. lambda2: mean=0.5998, range=[0.0006, 0.9873]
2026-02-28 08:28:13,219 - lg_cotrain - INFO - Phase 2 epoch 1/17: loss1=0.5543, loss2=0.4985, dev_macro_f1=0.5382, dev_err=33.15%
2026-02-28 08:29:39,438 - lg_cotrain - INFO - Phase 2 epoch 2/17: loss1=0.0800, loss2=0.3148, dev_macro_f1=0.6751, dev_err=27.90%
2026-02-28 08:31:05,805 - lg_cotrain - INFO - Phase 2 epoch 3/17: loss1=0.0675, loss2=0.1983, dev_macro_f1=0.6364, dev_err=31.40%
2026-02-28 08:32:32,171 - lg_cotrain - INFO - Phase 2 epoch 4/17: loss1=0.0517, loss2=0.1244, dev_macro_f1=0.6424, dev_err=31.00%
2026-02-28 08:33:58,535 - lg_cotrain - INFO - Phase 2 epoch 5/17: loss1=0.0480, loss2=0.1186, dev_macro_f1=0.6449, dev_err=31.13%
2026-02-28 08:35:24,962 - lg_cotrain - INFO - Phase 2 epoch 6/17: loss1=0.0405, loss2=0.0949, dev_macro_f1=0.6388, dev_err=31.94%
2026-02-28 08:36:51,407 - lg_cotrain - INFO - Phase 2 epoch 7/17: loss1=0.0392, loss2=0.0665, dev_macro_f1=0.6466, dev_err=30.59%
2026-02-28 08:38:17,942 - lg_cotrain - INFO - Phase 2 epoch 8/17: loss1=0.0295, loss2=0.0494, dev_macro_f1=0.6385, dev_err=30.32%
2026-02-28 08:39:44,329 - lg_cotrain - INFO - Phase 2 epoch 9/17: loss1=0.0262, loss2=0.0341, dev_macro_f1=0.6541, dev_err=30.19%
2026-02-28 08:41:10,414 - lg_cotrain - INFO - Phase 2 epoch 10/17: loss1=0.0206, loss2=0.0523, dev_macro_f1=0.6255, dev_err=31.67%
2026-02-28 08:42:36,604 - lg_cotrain - INFO - Phase 2 epoch 11/17: loss1=0.0165, loss2=0.0328, dev_macro_f1=0.6399, dev_err=30.46%
2026-02-28 08:44:02,691 - lg_cotrain - INFO - Phase 2 epoch 12/17: loss1=0.0168, loss2=0.0225, dev_macro_f1=0.6256, dev_err=31.94%
2026-02-28 08:45:28,941 - lg_cotrain - INFO - Phase 2 epoch 13/17: loss1=0.0154, loss2=0.0240, dev_macro_f1=0.6167, dev_err=33.29%
2026-02-28 08:46:55,094 - lg_cotrain - INFO - Phase 2 epoch 14/17: loss1=0.0149, loss2=0.0197, dev_macro_f1=0.6384, dev_err=30.86%
2026-02-28 08:48:21,433 - lg_cotrain - INFO - Phase 2 epoch 15/17: loss1=0.0167, loss2=0.0074, dev_macro_f1=0.6449, dev_err=30.19%
2026-02-28 08:49:47,653 - lg_cotrain - INFO - Phase 2 epoch 16/17: loss1=0.0083, loss2=0.0179, dev_macro_f1=0.6401, dev_err=30.46%
2026-02-28 08:51:13,931 - lg_cotrain - INFO - Phase 2 epoch 17/17: loss1=0.0054, loss2=0.0060, dev_macro_f1=0.6329, dev_err=30.59%
2026-02-28 08:51:13,931 - lg_cotrain - INFO - === Phase 3: Fine-Tuning ===
2026-02-28 08:51:20,016 - lg_cotrain - INFO - Phase 3 epoch 1: dev_macro_f1=0.6461, dev_err=33.15%, es_counter1=0, es_counter2=0
2026-02-28 08:51:26,101 - lg_cotrain - INFO - Phase 3 epoch 2: dev_macro_f1=0.6655, dev_err=30.05%, es_counter1=0, es_counter2=0
2026-02-28 08:51:32,200 - lg_cotrain - INFO - Phase 3 epoch 3: dev_macro_f1=0.6780, dev_err=29.38%, es_counter1=0, es_counter2=0
2026-02-28 08:51:38,286 - lg_cotrain - INFO - Phase 3 epoch 4: dev_macro_f1=0.6820, dev_err=28.57%, es_counter1=0, es_counter2=0
2026-02-28 08:51:44,358 - lg_cotrain - INFO - Phase 3 epoch 5: dev_macro_f1=0.6817, dev_err=28.71%, es_counter1=1, es_counter2=1
2026-02-28 08:51:50,454 - lg_cotrain - INFO - Phase 3 epoch 6: dev_macro_f1=0.6882, dev_err=28.30%, es_counter1=0, es_counter2=0
2026-02-28 08:51:56,536 - lg_cotrain - INFO - Phase 3 epoch 7: dev_macro_f1=0.6880, dev_err=28.44%, es_counter1=1, es_counter2=1
2026-02-28 08:52:02,606 - lg_cotrain - INFO - Phase 3 epoch 8: dev_macro_f1=0.6841, dev_err=28.71%, es_counter1=2, es_counter2=2
2026-02-28 08:52:08,691 - lg_cotrain - INFO - Phase 3 epoch 9: dev_macro_f1=0.6850, dev_err=28.71%, es_counter1=3, es_counter2=3
2026-02-28 08:52:14,762 - lg_cotrain - INFO - Phase 3 epoch 10: dev_macro_f1=0.6843, dev_err=28.71%, es_counter1=4, es_counter2=4
2026-02-28 08:52:20,844 - lg_cotrain - INFO - Phase 3 epoch 11: dev_macro_f1=0.6828, dev_err=28.84%, es_counter1=5, es_counter2=5
2026-02-28 08:52:26,926 - lg_cotrain - INFO - Phase 3 epoch 12: dev_macro_f1=0.6828, dev_err=28.84%, es_counter1=6, es_counter2=6
2026-02-28 08:52:26,927 - lg_cotrain - INFO - Early stopping at epoch 12
2026-02-28 08:52:26,937 - lg_cotrain - INFO - === Final Evaluation ===
2026-02-28 08:52:35,431 - lg_cotrain - INFO - Results saved to C:\Users\anhtr\AppData\Local\Temp\tmpiq0w1ob1\hurricane_maria_2017\50_set2\metrics.json
2026-02-28 08:52:35,431 - lg_cotrain - INFO - Test error rate: 29.33%, Test macro-F1: 0.6667, Test ECE: 0.1433
2026-02-28 08:52:35,440 - lg_cotrain - INFO - --- Trial 8/10 done: dev_macro_f1=0.6882 ---
2026-02-28 08:52:35,441 - lg_cotrain - INFO - --- Trial 9/10 ---
2026-02-28 08:52:35,956 - lg_cotrain - INFO - Starting LG-CoTrain: event=hurricane_maria_2017, budget=50, seed_set=2
2026-02-28 08:52:35,982 - lg_cotrain - INFO - Detected 9 classes for event hurricane_maria_2017: ['caution_and_advice', 'displaced_people_and_evacuations', 'infrastructure_and_utility_damage', 'injured_or_dead_people', 'not_humanitarian', 'other_relevant_information', 'requests_or_urgent_needs', 'rescue_volunteering_or_donation_effort', 'sympathy_and_support']
2026-02-28 08:52:35,989 - lg_cotrain - INFO - D_l1: 225, D_l2: 225, D_LG: 4644
2026-02-28 08:52:35,990 - lg_cotrain - INFO - === Phase 1: Weight Generation ===
2026-02-28 08:52:55,795 - lg_cotrain - INFO - Phase 1 epoch 1/7: mean_prob1=0.1134, mean_prob2=0.1264
2026-02-28 08:53:14,619 - lg_cotrain - INFO - Phase 1 epoch 2/7: mean_prob1=0.1169, mean_prob2=0.1574
2026-02-28 08:53:33,498 - lg_cotrain - INFO - Phase 1 epoch 3/7: mean_prob1=0.1177, mean_prob2=0.2071
2026-02-28 08:53:52,410 - lg_cotrain - INFO - Phase 1 epoch 4/7: mean_prob1=0.1154, mean_prob2=0.3409
2026-02-28 08:54:11,339 - lg_cotrain - INFO - Phase 1 epoch 5/7: mean_prob1=0.1159, mean_prob2=0.4753
2026-02-28 08:54:30,267 - lg_cotrain - INFO - Phase 1 epoch 6/7: mean_prob1=0.1168, mean_prob2=0.4676
2026-02-28 08:54:49,151 - lg_cotrain - INFO - Phase 1 epoch 7/7: mean_prob1=0.1115, mean_prob2=0.5750
2026-02-28 08:54:49,151 - lg_cotrain - INFO - === Phase 2: Co-Training ===
2026-02-28 08:54:50,159 - lg_cotrain - INFO - LR scheduler: total_steps_1=2114, warmup=402; total_steps_2=2114, warmup=402
2026-02-28 08:54:50,160 - lg_cotrain - INFO - Phase 1 done -> seeded Phase 2 trackers. lambda1: mean=0.1115, range=[0.0903, 0.1457]
2026-02-28 08:54:50,160 - lg_cotrain - INFO - Phase 1 done -> seeded Phase 2 trackers. lambda2: mean=0.5750, range=[0.0007, 0.9771]
2026-02-28 08:55:56,258 - lg_cotrain - INFO - Phase 2 epoch 1/9: loss1=0.6938, loss2=0.1662, dev_macro_f1=0.5298, dev_err=33.02%
2026-02-28 08:57:02,357 - lg_cotrain - INFO - Phase 2 epoch 2/9: loss1=0.1022, loss2=0.2064, dev_macro_f1=0.5267, dev_err=33.56%
2026-02-28 08:58:08,367 - lg_cotrain - INFO - Phase 2 epoch 3/9: loss1=0.0816, loss2=0.2520, dev_macro_f1=0.5886, dev_err=32.21%
2026-02-28 08:59:14,397 - lg_cotrain - INFO - Phase 2 epoch 4/9: loss1=0.0871, loss2=0.2204, dev_macro_f1=0.6230, dev_err=32.21%
2026-02-28 09:00:20,391 - lg_cotrain - INFO - Phase 2 epoch 5/9: loss1=0.0750, loss2=0.1696, dev_macro_f1=0.6277, dev_err=32.08%
2026-02-28 09:01:26,365 - lg_cotrain - INFO - Phase 2 epoch 6/9: loss1=0.0463, loss2=0.1341, dev_macro_f1=0.6527, dev_err=30.32%
2026-02-28 09:02:32,356 - lg_cotrain - INFO - Phase 2 epoch 7/9: loss1=0.0240, loss2=0.0808, dev_macro_f1=0.6489, dev_err=30.32%
2026-02-28 09:03:38,403 - lg_cotrain - INFO - Phase 2 epoch 8/9: loss1=0.0173, loss2=0.0587, dev_macro_f1=0.6395, dev_err=31.00%
2026-02-28 09:04:44,469 - lg_cotrain - INFO - Phase 2 epoch 9/9: loss1=0.0226, loss2=0.0339, dev_macro_f1=0.6450, dev_err=30.86%
2026-02-28 09:04:44,471 - lg_cotrain - INFO - === Phase 3: Fine-Tuning ===
2026-02-28 09:04:49,323 - lg_cotrain - INFO - Phase 3 epoch 1: dev_macro_f1=0.6055, dev_err=36.39%, es_counter1=0, es_counter2=0
2026-02-28 09:04:54,189 - lg_cotrain - INFO - Phase 3 epoch 2: dev_macro_f1=0.6759, dev_err=28.57%, es_counter1=0, es_counter2=0
2026-02-28 09:04:58,998 - lg_cotrain - INFO - Phase 3 epoch 3: dev_macro_f1=0.5991, dev_err=33.96%, es_counter1=1, es_counter2=1
2026-02-28 09:05:03,828 - lg_cotrain - INFO - Phase 3 epoch 4: dev_macro_f1=0.6544, dev_err=30.32%, es_counter1=2, es_counter2=2
2026-02-28 09:05:08,646 - lg_cotrain - INFO - Phase 3 epoch 5: dev_macro_f1=0.6579, dev_err=30.05%, es_counter1=3, es_counter2=3
2026-02-28 09:05:13,478 - lg_cotrain - INFO - Phase 3 epoch 6: dev_macro_f1=0.6480, dev_err=30.73%, es_counter1=4, es_counter2=4
2026-02-28 09:05:18,302 - lg_cotrain - INFO - Phase 3 epoch 7: dev_macro_f1=0.6300, dev_err=32.35%, es_counter1=5, es_counter2=5
2026-02-28 09:05:23,116 - lg_cotrain - INFO - Phase 3 epoch 8: dev_macro_f1=0.6296, dev_err=31.67%, es_counter1=6, es_counter2=6
2026-02-28 09:05:27,950 - lg_cotrain - INFO - Phase 3 epoch 9: dev_macro_f1=0.6568, dev_err=30.05%, es_counter1=7, es_counter2=7
2026-02-28 09:05:32,787 - lg_cotrain - INFO - Phase 3 epoch 10: dev_macro_f1=0.6629, dev_err=29.51%, es_counter1=8, es_counter2=8
2026-02-28 09:05:37,608 - lg_cotrain - INFO - Phase 3 epoch 11: dev_macro_f1=0.6528, dev_err=31.00%, es_counter1=9, es_counter2=9
2026-02-28 09:05:37,608 - lg_cotrain - INFO - Early stopping at epoch 11
2026-02-28 09:05:37,616 - lg_cotrain - INFO - === Final Evaluation ===
2026-02-28 09:05:45,040 - lg_cotrain - INFO - Results saved to C:\Users\anhtr\AppData\Local\Temp\tmp_1zjrmus\hurricane_maria_2017\50_set2\metrics.json
2026-02-28 09:05:45,041 - lg_cotrain - INFO - Test error rate: 28.29%, Test macro-F1: 0.6619, Test ECE: 0.1119
2026-02-28 09:05:45,051 - lg_cotrain - INFO - --- Trial 9/10 done: dev_macro_f1=0.6759 ---
2026-02-28 09:05:45,051 - lg_cotrain - INFO - --- Trial 10/10 ---
2026-02-28 09:05:45,673 - lg_cotrain - INFO - Starting LG-CoTrain: event=hurricane_maria_2017, budget=50, seed_set=2
2026-02-28 09:05:45,701 - lg_cotrain - INFO - Detected 9 classes for event hurricane_maria_2017: ['caution_and_advice', 'displaced_people_and_evacuations', 'infrastructure_and_utility_damage', 'injured_or_dead_people', 'not_humanitarian', 'other_relevant_information', 'requests_or_urgent_needs', 'rescue_volunteering_or_donation_effort', 'sympathy_and_support']
2026-02-28 09:05:45,708 - lg_cotrain - INFO - D_l1: 225, D_l2: 225, D_LG: 4644
2026-02-28 09:05:45,709 - lg_cotrain - INFO - === Phase 1: Weight Generation ===
2026-02-28 09:06:08,741 - lg_cotrain - INFO - Phase 1 epoch 1/7: mean_prob1=0.1185, mean_prob2=0.1196
2026-02-28 09:06:30,747 - lg_cotrain - INFO - Phase 1 epoch 2/7: mean_prob1=0.1331, mean_prob2=0.1324
2026-02-28 09:06:52,918 - lg_cotrain - INFO - Phase 1 epoch 3/7: mean_prob1=0.1529, mean_prob2=0.1727
2026-02-28 09:07:14,944 - lg_cotrain - INFO - Phase 1 epoch 4/7: mean_prob1=0.1868, mean_prob2=0.2130
2026-02-28 09:07:37,009 - lg_cotrain - INFO - Phase 1 epoch 5/7: mean_prob1=0.2338, mean_prob2=0.2743
2026-02-28 09:07:59,119 - lg_cotrain - INFO - Phase 1 epoch 6/7: mean_prob1=0.2827, mean_prob2=0.3300
2026-02-28 09:08:21,203 - lg_cotrain - INFO - Phase 1 epoch 7/7: mean_prob1=0.3173, mean_prob2=0.4027
2026-02-28 09:08:21,203 - lg_cotrain - INFO - === Phase 2: Co-Training ===
2026-02-28 09:08:22,194 - lg_cotrain - INFO - LR scheduler: total_steps_1=5805, warmup=1549; total_steps_2=5805, warmup=1549
2026-02-28 09:08:22,194 - lg_cotrain - INFO - Phase 1 done -> seeded Phase 2 trackers. lambda1: mean=0.3173, range=[0.0087, 0.8177]
2026-02-28 09:08:22,195 - lg_cotrain - INFO - Phase 1 done -> seeded Phase 2 trackers. lambda2: mean=0.4027, range=[0.0083, 0.8768]
2026-02-28 09:09:48,264 - lg_cotrain - INFO - Phase 2 epoch 1/5: loss1=0.6124, loss2=0.5285, dev_macro_f1=0.4201, dev_err=39.76%
2026-02-28 09:11:14,579 - lg_cotrain - INFO - Phase 2 epoch 2/5: loss1=0.1332, loss2=0.2560, dev_macro_f1=0.5795, dev_err=34.77%
2026-02-28 09:12:41,143 - lg_cotrain - INFO - Phase 2 epoch 3/5: loss1=0.0708, loss2=0.1729, dev_macro_f1=0.6105, dev_err=32.21%
2026-02-28 09:14:07,855 - lg_cotrain - INFO - Phase 2 epoch 4/5: loss1=0.0408, loss2=0.1153, dev_macro_f1=0.6209, dev_err=32.08%
2026-02-28 09:15:34,687 - lg_cotrain - INFO - Phase 2 epoch 5/5: loss1=0.0252, loss2=0.0732, dev_macro_f1=0.6375, dev_err=31.67%
2026-02-28 09:15:34,687 - lg_cotrain - INFO - === Phase 3: Fine-Tuning ===
2026-02-28 09:15:40,824 - lg_cotrain - INFO - Phase 3 epoch 1: dev_macro_f1=0.6276, dev_err=33.83%, es_counter1=0, es_counter2=0
2026-02-28 09:15:46,961 - lg_cotrain - INFO - Phase 3 epoch 2: dev_macro_f1=0.6618, dev_err=29.38%, es_counter1=0, es_counter2=0
2026-02-28 09:15:53,100 - lg_cotrain - INFO - Phase 3 epoch 3: dev_macro_f1=0.6671, dev_err=29.65%, es_counter1=0, es_counter2=0
2026-02-28 09:15:59,227 - lg_cotrain - INFO - Phase 3 epoch 4: dev_macro_f1=0.6755, dev_err=28.98%, es_counter1=0, es_counter2=0
2026-02-28 09:16:05,365 - lg_cotrain - INFO - Phase 3 epoch 5: dev_macro_f1=0.6847, dev_err=28.44%, es_counter1=0, es_counter2=0
2026-02-28 09:16:11,457 - lg_cotrain - INFO - Phase 3 epoch 6: dev_macro_f1=0.6656, dev_err=29.25%, es_counter1=1, es_counter2=1
2026-02-28 09:16:17,546 - lg_cotrain - INFO - Phase 3 epoch 7: dev_macro_f1=0.6686, dev_err=28.98%, es_counter1=2, es_counter2=2
2026-02-28 09:16:23,629 - lg_cotrain - INFO - Phase 3 epoch 8: dev_macro_f1=0.6674, dev_err=29.11%, es_counter1=3, es_counter2=3
2026-02-28 09:16:29,725 - lg_cotrain - INFO - Phase 3 epoch 9: dev_macro_f1=0.6649, dev_err=29.38%, es_counter1=4, es_counter2=4
2026-02-28 09:16:35,826 - lg_cotrain - INFO - Phase 3 epoch 10: dev_macro_f1=0.6682, dev_err=29.11%, es_counter1=5, es_counter2=5
2026-02-28 09:16:41,918 - lg_cotrain - INFO - Phase 3 epoch 11: dev_macro_f1=0.6680, dev_err=29.11%, es_counter1=6, es_counter2=6
2026-02-28 09:16:48,008 - lg_cotrain - INFO - Phase 3 epoch 12: dev_macro_f1=0.6704, dev_err=28.98%, es_counter1=7, es_counter2=7
2026-02-28 09:16:48,008 - lg_cotrain - INFO - Early stopping at epoch 12
2026-02-28 09:16:48,019 - lg_cotrain - INFO - === Final Evaluation ===
2026-02-28 09:16:56,572 - lg_cotrain - INFO - Results saved to C:\Users\anhtr\AppData\Local\Temp\tmpem2sdq0t\hurricane_maria_2017\50_set2\metrics.json
2026-02-28 09:16:56,572 - lg_cotrain - INFO - Test error rate: 27.88%, Test macro-F1: 0.6883, Test ECE: 0.1175
2026-02-28 09:16:56,580 - lg_cotrain - INFO - --- Trial 10/10 done: dev_macro_f1=0.6847 ---
