2026-02-26 17:33:13,861 - lg_cotrain - INFO - === Optuna study: hurricane_irma_2017 budget=5 seed=2 | target=10 trials, 0 replayed, 10 new ===
2026-02-26 17:33:13,862 - lg_cotrain - INFO - --- Trial 1/10 ---
2026-02-26 17:33:14,358 - lg_cotrain - INFO - Starting LG-CoTrain: event=hurricane_irma_2017, budget=5, seed_set=2
2026-02-26 17:33:14,418 - lg_cotrain - INFO - Detected 9 classes for event hurricane_irma_2017: ['caution_and_advice', 'displaced_people_and_evacuations', 'infrastructure_and_utility_damage', 'injured_or_dead_people', 'not_humanitarian', 'other_relevant_information', 'requests_or_urgent_needs', 'rescue_volunteering_or_donation_effort', 'sympathy_and_support']
2026-02-26 17:33:14,430 - lg_cotrain - INFO - D_l1: 27, D_l2: 18, D_LG: 6534
2026-02-26 17:33:14,431 - lg_cotrain - INFO - === Phase 1: Weight Generation ===
2026-02-26 17:33:38,205 - lg_cotrain - INFO - Phase 1 epoch 1/7: mean_prob1=0.1161, mean_prob2=0.1207
2026-02-26 17:34:00,679 - lg_cotrain - INFO - Phase 1 epoch 2/7: mean_prob1=0.1061, mean_prob2=0.1172
2026-02-26 17:34:23,099 - lg_cotrain - INFO - Phase 1 epoch 3/7: mean_prob1=0.1106, mean_prob2=0.1114
2026-02-26 17:34:45,530 - lg_cotrain - INFO - Phase 1 epoch 4/7: mean_prob1=0.1162, mean_prob2=0.0984
2026-02-26 17:35:07,998 - lg_cotrain - INFO - Phase 1 epoch 5/7: mean_prob1=0.1256, mean_prob2=0.1083
2026-02-26 17:35:30,471 - lg_cotrain - INFO - Phase 1 epoch 6/7: mean_prob1=0.1511, mean_prob2=0.1169
2026-02-26 17:35:52,895 - lg_cotrain - INFO - Phase 1 epoch 7/7: mean_prob1=0.1885, mean_prob2=0.1153
2026-02-26 17:35:52,896 - lg_cotrain - INFO - === Phase 2: Co-Training ===
2026-02-26 17:35:53,893 - lg_cotrain - INFO - LR scheduler: total_steps_1=6335, warmup=1451; total_steps_2=6335, warmup=1451
2026-02-26 17:35:53,893 - lg_cotrain - INFO - Phase 1 done -> seeded Phase 2 trackers. lambda1: mean=0.1885, range=[0.0077, 0.8465]
2026-02-26 17:35:53,893 - lg_cotrain - INFO - Phase 1 done -> seeded Phase 2 trackers. lambda2: mean=0.1153, range=[0.0207, 0.6272]
2026-02-26 17:37:25,180 - lg_cotrain - INFO - Phase 2 epoch 1/15: loss1=0.1432, loss2=0.1925, dev_macro_f1=0.5718, dev_err=39.87%
2026-02-26 17:38:56,698 - lg_cotrain - INFO - Phase 2 epoch 2/15: loss1=0.0403, loss2=0.4285, dev_macro_f1=0.5443, dev_err=38.10%
2026-02-26 17:40:27,888 - lg_cotrain - INFO - Phase 2 epoch 3/15: loss1=0.2380, loss2=0.6987, dev_macro_f1=0.0371, dev_err=79.96%
2026-02-26 17:41:58,993 - lg_cotrain - INFO - Phase 2 epoch 4/15: loss1=0.1720, loss2=1.4839, dev_macro_f1=0.0371, dev_err=79.96%
2026-02-26 17:43:30,138 - lg_cotrain - INFO - Phase 2 epoch 5/15: loss1=0.0962, loss2=1.3542, dev_macro_f1=0.0371, dev_err=79.96%
2026-02-26 17:45:01,270 - lg_cotrain - INFO - Phase 2 epoch 6/15: loss1=0.0670, loss2=1.2521, dev_macro_f1=0.0371, dev_err=79.96%
2026-02-26 17:46:32,304 - lg_cotrain - INFO - Phase 2 epoch 7/15: loss1=0.0571, loss2=1.1726, dev_macro_f1=0.0371, dev_err=79.96%
2026-02-26 17:48:03,355 - lg_cotrain - INFO - Phase 2 epoch 8/15: loss1=0.0527, loss2=1.1067, dev_macro_f1=0.0371, dev_err=79.96%
2026-02-26 17:49:34,453 - lg_cotrain - INFO - Phase 2 epoch 9/15: loss1=0.0533, loss2=1.0557, dev_macro_f1=0.0371, dev_err=79.96%
2026-02-26 17:51:05,690 - lg_cotrain - INFO - Phase 2 epoch 10/15: loss1=0.0544, loss2=1.0118, dev_macro_f1=0.0371, dev_err=79.96%
2026-02-26 17:52:36,900 - lg_cotrain - INFO - Phase 2 epoch 11/15: loss1=0.0559, loss2=0.9709, dev_macro_f1=0.0371, dev_err=79.96%
2026-02-26 17:54:08,080 - lg_cotrain - INFO - Phase 2 epoch 12/15: loss1=0.0568, loss2=0.9372, dev_macro_f1=0.0371, dev_err=79.96%
2026-02-26 17:55:39,332 - lg_cotrain - INFO - Phase 2 epoch 13/15: loss1=0.0589, loss2=0.9064, dev_macro_f1=0.0371, dev_err=79.96%
2026-02-26 17:57:10,503 - lg_cotrain - INFO - Phase 2 epoch 14/15: loss1=0.0603, loss2=0.8786, dev_macro_f1=0.0371, dev_err=79.96%
2026-02-26 17:58:41,655 - lg_cotrain - INFO - Phase 2 epoch 15/15: loss1=0.0617, loss2=0.8533, dev_macro_f1=0.0371, dev_err=79.96%
2026-02-26 17:58:41,655 - lg_cotrain - INFO - === Phase 3: Fine-Tuning ===
2026-02-26 17:58:44,980 - lg_cotrain - INFO - Phase 3 epoch 1: dev_macro_f1=0.0371, dev_err=79.96%, es_counter1=0, es_counter2=0
2026-02-26 17:58:48,266 - lg_cotrain - INFO - Phase 3 epoch 2: dev_macro_f1=0.0371, dev_err=79.96%, es_counter1=1, es_counter2=1
2026-02-26 17:58:51,563 - lg_cotrain - INFO - Phase 3 epoch 3: dev_macro_f1=0.0371, dev_err=79.96%, es_counter1=2, es_counter2=2
2026-02-26 17:58:54,853 - lg_cotrain - INFO - Phase 3 epoch 4: dev_macro_f1=0.0371, dev_err=79.96%, es_counter1=3, es_counter2=3
2026-02-26 17:58:58,144 - lg_cotrain - INFO - Phase 3 epoch 5: dev_macro_f1=0.0371, dev_err=79.96%, es_counter1=4, es_counter2=4
2026-02-26 17:59:01,439 - lg_cotrain - INFO - Phase 3 epoch 6: dev_macro_f1=0.0371, dev_err=79.96%, es_counter1=5, es_counter2=5
2026-02-26 17:59:04,725 - lg_cotrain - INFO - Phase 3 epoch 7: dev_macro_f1=0.0371, dev_err=79.96%, es_counter1=6, es_counter2=6
2026-02-26 17:59:08,021 - lg_cotrain - INFO - Phase 3 epoch 8: dev_macro_f1=0.0371, dev_err=79.96%, es_counter1=7, es_counter2=7
2026-02-26 17:59:11,328 - lg_cotrain - INFO - Phase 3 epoch 9: dev_macro_f1=0.0371, dev_err=79.96%, es_counter1=8, es_counter2=8
2026-02-26 17:59:14,643 - lg_cotrain - INFO - Phase 3 epoch 10: dev_macro_f1=0.0371, dev_err=79.96%, es_counter1=9, es_counter2=9
2026-02-26 17:59:17,945 - lg_cotrain - INFO - Phase 3 epoch 11: dev_macro_f1=0.0371, dev_err=79.96%, es_counter1=10, es_counter2=10
2026-02-26 17:59:17,946 - lg_cotrain - INFO - Early stopping at epoch 11
2026-02-26 17:59:17,955 - lg_cotrain - INFO - === Final Evaluation ===
2026-02-26 17:59:26,934 - lg_cotrain - INFO - Results saved to C:\Users\anhtr\AppData\Local\Temp\tmpebbuah3s\hurricane_irma_2017\5_set2\metrics.json
2026-02-26 17:59:26,935 - lg_cotrain - INFO - Test error rate: 80.02%, Test macro-F1: 0.0370, Test ECE: 0.1978
2026-02-26 17:59:26,943 - lg_cotrain - INFO - --- Trial 1/10 done: dev_macro_f1=0.0371 ---
2026-02-26 17:59:26,943 - lg_cotrain - INFO - --- Trial 2/10 ---
2026-02-26 17:59:27,463 - lg_cotrain - INFO - Starting LG-CoTrain: event=hurricane_irma_2017, budget=5, seed_set=2
2026-02-26 17:59:27,499 - lg_cotrain - INFO - Detected 9 classes for event hurricane_irma_2017: ['caution_and_advice', 'displaced_people_and_evacuations', 'infrastructure_and_utility_damage', 'injured_or_dead_people', 'not_humanitarian', 'other_relevant_information', 'requests_or_urgent_needs', 'rescue_volunteering_or_donation_effort', 'sympathy_and_support']
2026-02-26 17:59:27,508 - lg_cotrain - INFO - D_l1: 27, D_l2: 18, D_LG: 6534
2026-02-26 17:59:27,509 - lg_cotrain - INFO - === Phase 1: Weight Generation ===
2026-02-26 17:59:48,886 - lg_cotrain - INFO - Phase 1 epoch 1/7: mean_prob1=0.1102, mean_prob2=0.1089
2026-02-26 18:00:09,238 - lg_cotrain - INFO - Phase 1 epoch 2/7: mean_prob1=0.1110, mean_prob2=0.1085
2026-02-26 18:00:29,517 - lg_cotrain - INFO - Phase 1 epoch 3/7: mean_prob1=0.1126, mean_prob2=0.1083
2026-02-26 18:00:49,869 - lg_cotrain - INFO - Phase 1 epoch 4/7: mean_prob1=0.1141, mean_prob2=0.1090
2026-02-26 18:01:10,257 - lg_cotrain - INFO - Phase 1 epoch 5/7: mean_prob1=0.1143, mean_prob2=0.1080
2026-02-26 18:01:30,567 - lg_cotrain - INFO - Phase 1 epoch 6/7: mean_prob1=0.1163, mean_prob2=0.1066
2026-02-26 18:01:50,860 - lg_cotrain - INFO - Phase 1 epoch 7/7: mean_prob1=0.1190, mean_prob2=0.1062
2026-02-26 18:01:50,860 - lg_cotrain - INFO - === Phase 2: Co-Training ===
2026-02-26 18:01:51,881 - lg_cotrain - INFO - LR scheduler: total_steps_1=1535, warmup=50; total_steps_2=1535, warmup=50
2026-02-26 18:01:51,882 - lg_cotrain - INFO - Phase 1 done -> seeded Phase 2 trackers. lambda1: mean=0.1190, range=[0.0392, 0.2484]
2026-02-26 18:01:51,882 - lg_cotrain - INFO - Phase 1 done -> seeded Phase 2 trackers. lambda2: mean=0.1062, range=[0.0333, 0.2787]
2026-02-26 18:03:12,730 - lg_cotrain - INFO - Phase 2 epoch 1/7: loss1=0.1336, loss2=0.1542, dev_macro_f1=0.5687, dev_err=36.95%
2026-02-26 18:04:33,864 - lg_cotrain - INFO - Phase 2 epoch 2/7: loss1=0.0415, loss2=0.1973, dev_macro_f1=0.5837, dev_err=38.31%
2026-02-26 18:05:55,024 - lg_cotrain - INFO - Phase 2 epoch 3/7: loss1=0.0231, loss2=0.1366, dev_macro_f1=0.6041, dev_err=36.74%
2026-02-26 18:07:16,084 - lg_cotrain - INFO - Phase 2 epoch 4/7: loss1=0.0157, loss2=0.0832, dev_macro_f1=0.6025, dev_err=37.68%
2026-02-26 18:08:37,062 - lg_cotrain - INFO - Phase 2 epoch 5/7: loss1=0.0094, loss2=0.0449, dev_macro_f1=0.6019, dev_err=37.58%
2026-02-26 18:09:58,078 - lg_cotrain - INFO - Phase 2 epoch 6/7: loss1=0.0089, loss2=0.0258, dev_macro_f1=0.5902, dev_err=38.52%
2026-02-26 18:11:19,119 - lg_cotrain - INFO - Phase 2 epoch 7/7: loss1=0.0064, loss2=0.0201, dev_macro_f1=0.5931, dev_err=38.31%
2026-02-26 18:11:19,119 - lg_cotrain - INFO - === Phase 3: Fine-Tuning ===
2026-02-26 18:11:22,134 - lg_cotrain - INFO - Phase 3 epoch 1: dev_macro_f1=0.5920, dev_err=38.41%, es_counter1=0, es_counter2=0
2026-02-26 18:11:25,149 - lg_cotrain - INFO - Phase 3 epoch 2: dev_macro_f1=0.5925, dev_err=38.41%, es_counter1=0, es_counter2=0
2026-02-26 18:11:28,160 - lg_cotrain - INFO - Phase 3 epoch 3: dev_macro_f1=0.5931, dev_err=38.41%, es_counter1=0, es_counter2=0
2026-02-26 18:11:31,145 - lg_cotrain - INFO - Phase 3 epoch 4: dev_macro_f1=0.5899, dev_err=38.52%, es_counter1=1, es_counter2=1
2026-02-26 18:11:34,137 - lg_cotrain - INFO - Phase 3 epoch 5: dev_macro_f1=0.5928, dev_err=38.31%, es_counter1=2, es_counter2=2
2026-02-26 18:11:37,161 - lg_cotrain - INFO - Phase 3 epoch 6: dev_macro_f1=0.6011, dev_err=37.58%, es_counter1=0, es_counter2=0
2026-02-26 18:11:40,156 - lg_cotrain - INFO - Phase 3 epoch 7: dev_macro_f1=0.5959, dev_err=37.89%, es_counter1=1, es_counter2=1
2026-02-26 18:11:43,299 - lg_cotrain - INFO - Phase 3 epoch 8: dev_macro_f1=0.6016, dev_err=37.16%, es_counter1=0, es_counter2=0
2026-02-26 18:11:46,298 - lg_cotrain - INFO - Phase 3 epoch 9: dev_macro_f1=0.6046, dev_err=36.85%, es_counter1=0, es_counter2=0
2026-02-26 18:11:49,312 - lg_cotrain - INFO - Phase 3 epoch 10: dev_macro_f1=0.6128, dev_err=36.53%, es_counter1=0, es_counter2=0
2026-02-26 18:11:52,327 - lg_cotrain - INFO - Phase 3 epoch 11: dev_macro_f1=0.6155, dev_err=36.33%, es_counter1=0, es_counter2=0
2026-02-26 18:11:55,321 - lg_cotrain - INFO - Phase 3 epoch 12: dev_macro_f1=0.6139, dev_err=36.53%, es_counter1=1, es_counter2=1
2026-02-26 18:11:58,312 - lg_cotrain - INFO - Phase 3 epoch 13: dev_macro_f1=0.6092, dev_err=36.95%, es_counter1=2, es_counter2=2
2026-02-26 18:12:01,302 - lg_cotrain - INFO - Phase 3 epoch 14: dev_macro_f1=0.6131, dev_err=36.64%, es_counter1=3, es_counter2=3
2026-02-26 18:12:04,301 - lg_cotrain - INFO - Phase 3 epoch 15: dev_macro_f1=0.6107, dev_err=36.85%, es_counter1=4, es_counter2=4
2026-02-26 18:12:07,303 - lg_cotrain - INFO - Phase 3 epoch 16: dev_macro_f1=0.6108, dev_err=36.85%, es_counter1=5, es_counter2=5
2026-02-26 18:12:10,305 - lg_cotrain - INFO - Phase 3 epoch 17: dev_macro_f1=0.6099, dev_err=36.95%, es_counter1=6, es_counter2=6
2026-02-26 18:12:13,315 - lg_cotrain - INFO - Phase 3 epoch 18: dev_macro_f1=0.6093, dev_err=37.06%, es_counter1=7, es_counter2=7
2026-02-26 18:12:16,316 - lg_cotrain - INFO - Phase 3 epoch 19: dev_macro_f1=0.6077, dev_err=37.27%, es_counter1=8, es_counter2=8
2026-02-26 18:12:16,317 - lg_cotrain - INFO - Early stopping at epoch 19
2026-02-26 18:12:16,325 - lg_cotrain - INFO - === Final Evaluation ===
2026-02-26 18:12:24,553 - lg_cotrain - INFO - Results saved to C:\Users\anhtr\AppData\Local\Temp\tmp4iotwbpk\hurricane_irma_2017\5_set2\metrics.json
2026-02-26 18:12:24,554 - lg_cotrain - INFO - Test error rate: 35.66%, Test macro-F1: 0.6161, Test ECE: 0.2622
2026-02-26 18:12:24,563 - lg_cotrain - INFO - --- Trial 2/10 done: dev_macro_f1=0.6155 ---
2026-02-26 18:12:24,563 - lg_cotrain - INFO - --- Trial 3/10 ---
2026-02-26 18:12:25,133 - lg_cotrain - INFO - Starting LG-CoTrain: event=hurricane_irma_2017, budget=5, seed_set=2
2026-02-26 18:12:25,174 - lg_cotrain - INFO - Detected 9 classes for event hurricane_irma_2017: ['caution_and_advice', 'displaced_people_and_evacuations', 'infrastructure_and_utility_damage', 'injured_or_dead_people', 'not_humanitarian', 'other_relevant_information', 'requests_or_urgent_needs', 'rescue_volunteering_or_donation_effort', 'sympathy_and_support']
2026-02-26 18:12:25,181 - lg_cotrain - INFO - D_l1: 27, D_l2: 18, D_LG: 6534
2026-02-26 18:12:25,184 - lg_cotrain - INFO - === Phase 1: Weight Generation ===
2026-02-26 18:12:48,485 - lg_cotrain - INFO - Phase 1 epoch 1/7: mean_prob1=0.1115, mean_prob2=0.1103
2026-02-26 18:13:10,767 - lg_cotrain - INFO - Phase 1 epoch 2/7: mean_prob1=0.1146, mean_prob2=0.1102
2026-02-26 18:13:33,084 - lg_cotrain - INFO - Phase 1 epoch 3/7: mean_prob1=0.1142, mean_prob2=0.1100
2026-02-26 18:13:55,466 - lg_cotrain - INFO - Phase 1 epoch 4/7: mean_prob1=0.1141, mean_prob2=0.1099
2026-02-26 18:14:17,735 - lg_cotrain - INFO - Phase 1 epoch 5/7: mean_prob1=0.1165, mean_prob2=0.1093
2026-02-26 18:14:40,045 - lg_cotrain - INFO - Phase 1 epoch 6/7: mean_prob1=0.1180, mean_prob2=0.1093
2026-02-26 18:15:02,338 - lg_cotrain - INFO - Phase 1 epoch 7/7: mean_prob1=0.1199, mean_prob2=0.1096
2026-02-26 18:15:02,338 - lg_cotrain - INFO - === Phase 2: Co-Training ===
2026-02-26 18:15:03,369 - lg_cotrain - INFO - LR scheduler: total_steps_1=7153, warmup=1223; total_steps_2=7153, warmup=1223
2026-02-26 18:15:03,369 - lg_cotrain - INFO - Phase 1 done -> seeded Phase 2 trackers. lambda1: mean=0.1199, range=[0.0320, 0.2484]
2026-02-26 18:15:03,370 - lg_cotrain - INFO - Phase 1 done -> seeded Phase 2 trackers. lambda2: mean=0.1096, range=[0.0487, 0.2511]
2026-02-26 18:16:34,535 - lg_cotrain - INFO - Phase 2 epoch 1/17: loss1=0.2101, loss2=0.2383, dev_macro_f1=0.4060, dev_err=49.27%
2026-02-26 18:18:05,921 - lg_cotrain - INFO - Phase 2 epoch 2/17: loss1=0.0878, loss2=0.1918, dev_macro_f1=0.5335, dev_err=39.56%
2026-02-26 18:19:37,301 - lg_cotrain - INFO - Phase 2 epoch 3/17: loss1=0.0355, loss2=0.1783, dev_macro_f1=0.5527, dev_err=38.00%
2026-02-26 18:21:08,705 - lg_cotrain - INFO - Phase 2 epoch 4/17: loss1=0.0246, loss2=0.1428, dev_macro_f1=0.5628, dev_err=38.41%
2026-02-26 18:22:40,111 - lg_cotrain - INFO - Phase 2 epoch 5/17: loss1=0.0160, loss2=0.0896, dev_macro_f1=0.5854, dev_err=38.31%
2026-02-26 18:24:11,468 - lg_cotrain - INFO - Phase 2 epoch 6/17: loss1=0.0134, loss2=0.0575, dev_macro_f1=0.5838, dev_err=38.00%
2026-02-26 18:25:42,839 - lg_cotrain - INFO - Phase 2 epoch 7/17: loss1=0.0099, loss2=0.0382, dev_macro_f1=0.5906, dev_err=38.31%
2026-02-26 18:27:14,478 - lg_cotrain - INFO - Phase 2 epoch 8/17: loss1=0.0076, loss2=0.0240, dev_macro_f1=0.6014, dev_err=37.58%
2026-02-26 18:28:46,062 - lg_cotrain - INFO - Phase 2 epoch 9/17: loss1=0.0095, loss2=0.0186, dev_macro_f1=0.6039, dev_err=37.89%
2026-02-26 18:30:17,660 - lg_cotrain - INFO - Phase 2 epoch 10/17: loss1=0.0085, loss2=0.0114, dev_macro_f1=0.5952, dev_err=37.89%
2026-02-26 18:31:49,206 - lg_cotrain - INFO - Phase 2 epoch 11/17: loss1=0.0080, loss2=0.0125, dev_macro_f1=0.6052, dev_err=37.06%
2026-02-26 18:33:20,699 - lg_cotrain - INFO - Phase 2 epoch 12/17: loss1=0.0076, loss2=0.0084, dev_macro_f1=0.6084, dev_err=37.47%
2026-02-26 18:34:56,024 - lg_cotrain - INFO - Phase 2 epoch 13/17: loss1=0.0051, loss2=0.0100, dev_macro_f1=0.6009, dev_err=38.20%
2026-02-26 18:36:27,564 - lg_cotrain - INFO - Phase 2 epoch 14/17: loss1=0.0047, loss2=0.0053, dev_macro_f1=0.6017, dev_err=37.58%
2026-02-26 18:37:59,146 - lg_cotrain - INFO - Phase 2 epoch 15/17: loss1=0.0043, loss2=0.0054, dev_macro_f1=0.6013, dev_err=37.58%
2026-02-26 18:39:30,577 - lg_cotrain - INFO - Phase 2 epoch 16/17: loss1=0.0046, loss2=0.0042, dev_macro_f1=0.6008, dev_err=37.79%
2026-02-26 18:41:02,023 - lg_cotrain - INFO - Phase 2 epoch 17/17: loss1=0.0040, loss2=0.0037, dev_macro_f1=0.6002, dev_err=37.79%
2026-02-26 18:41:02,024 - lg_cotrain - INFO - === Phase 3: Fine-Tuning ===
2026-02-26 18:41:05,379 - lg_cotrain - INFO - Phase 3 epoch 1: dev_macro_f1=0.6018, dev_err=37.58%, es_counter1=0, es_counter2=0
2026-02-26 18:41:08,732 - lg_cotrain - INFO - Phase 3 epoch 2: dev_macro_f1=0.6081, dev_err=36.95%, es_counter1=0, es_counter2=0
2026-02-26 18:41:12,088 - lg_cotrain - INFO - Phase 3 epoch 3: dev_macro_f1=0.6093, dev_err=36.64%, es_counter1=0, es_counter2=0
2026-02-26 18:41:15,423 - lg_cotrain - INFO - Phase 3 epoch 4: dev_macro_f1=0.6102, dev_err=36.53%, es_counter1=0, es_counter2=0
2026-02-26 18:41:18,748 - lg_cotrain - INFO - Phase 3 epoch 5: dev_macro_f1=0.6099, dev_err=36.74%, es_counter1=1, es_counter2=1
2026-02-26 18:41:22,085 - lg_cotrain - INFO - Phase 3 epoch 6: dev_macro_f1=0.6139, dev_err=36.74%, es_counter1=0, es_counter2=0
2026-02-26 18:41:25,401 - lg_cotrain - INFO - Phase 3 epoch 7: dev_macro_f1=0.6133, dev_err=36.64%, es_counter1=1, es_counter2=1
2026-02-26 18:41:28,732 - lg_cotrain - INFO - Phase 3 epoch 8: dev_macro_f1=0.6134, dev_err=36.64%, es_counter1=2, es_counter2=2
2026-02-26 18:41:32,066 - lg_cotrain - INFO - Phase 3 epoch 9: dev_macro_f1=0.6155, dev_err=36.43%, es_counter1=0, es_counter2=0
2026-02-26 18:41:35,385 - lg_cotrain - INFO - Phase 3 epoch 10: dev_macro_f1=0.6111, dev_err=36.53%, es_counter1=1, es_counter2=1
2026-02-26 18:41:38,720 - lg_cotrain - INFO - Phase 3 epoch 11: dev_macro_f1=0.6108, dev_err=36.53%, es_counter1=2, es_counter2=2
2026-02-26 18:41:42,049 - lg_cotrain - INFO - Phase 3 epoch 12: dev_macro_f1=0.6044, dev_err=36.85%, es_counter1=3, es_counter2=3
2026-02-26 18:41:45,376 - lg_cotrain - INFO - Phase 3 epoch 13: dev_macro_f1=0.6044, dev_err=36.85%, es_counter1=4, es_counter2=4
2026-02-26 18:41:48,701 - lg_cotrain - INFO - Phase 3 epoch 14: dev_macro_f1=0.6033, dev_err=36.95%, es_counter1=5, es_counter2=5
2026-02-26 18:41:52,026 - lg_cotrain - INFO - Phase 3 epoch 15: dev_macro_f1=0.6062, dev_err=36.85%, es_counter1=6, es_counter2=6
2026-02-26 18:41:55,352 - lg_cotrain - INFO - Phase 3 epoch 16: dev_macro_f1=0.6072, dev_err=36.74%, es_counter1=7, es_counter2=7
2026-02-26 18:41:55,352 - lg_cotrain - INFO - Early stopping at epoch 16
2026-02-26 18:41:55,362 - lg_cotrain - INFO - === Final Evaluation ===
2026-02-26 18:42:04,379 - lg_cotrain - INFO - Results saved to C:\Users\anhtr\AppData\Local\Temp\tmpyhc8riwt\hurricane_irma_2017\5_set2\metrics.json
2026-02-26 18:42:04,380 - lg_cotrain - INFO - Test error rate: 35.61%, Test macro-F1: 0.6173, Test ECE: 0.2860
2026-02-26 18:42:04,389 - lg_cotrain - INFO - --- Trial 3/10 done: dev_macro_f1=0.6155 ---
2026-02-26 18:42:04,389 - lg_cotrain - INFO - --- Trial 4/10 ---
2026-02-26 18:42:04,937 - lg_cotrain - INFO - Starting LG-CoTrain: event=hurricane_irma_2017, budget=5, seed_set=2
2026-02-26 18:42:04,980 - lg_cotrain - INFO - Detected 9 classes for event hurricane_irma_2017: ['caution_and_advice', 'displaced_people_and_evacuations', 'infrastructure_and_utility_damage', 'injured_or_dead_people', 'not_humanitarian', 'other_relevant_information', 'requests_or_urgent_needs', 'rescue_volunteering_or_donation_effort', 'sympathy_and_support']
2026-02-26 18:42:04,991 - lg_cotrain - INFO - D_l1: 27, D_l2: 18, D_LG: 6534
2026-02-26 18:42:04,992 - lg_cotrain - INFO - === Phase 1: Weight Generation ===
2026-02-26 18:42:30,155 - lg_cotrain - INFO - Phase 1 epoch 1/7: mean_prob1=0.1067, mean_prob2=0.1045
2026-02-26 18:42:54,302 - lg_cotrain - INFO - Phase 1 epoch 2/7: mean_prob1=0.1168, mean_prob2=0.1132
2026-02-26 18:43:18,359 - lg_cotrain - INFO - Phase 1 epoch 3/7: mean_prob1=0.1311, mean_prob2=0.1204
2026-02-26 18:43:42,429 - lg_cotrain - INFO - Phase 1 epoch 4/7: mean_prob1=0.1369, mean_prob2=0.1178
2026-02-26 18:44:06,583 - lg_cotrain - INFO - Phase 1 epoch 5/7: mean_prob1=0.1309, mean_prob2=0.1181
2026-02-26 18:44:30,718 - lg_cotrain - INFO - Phase 1 epoch 6/7: mean_prob1=0.1627, mean_prob2=0.1321
2026-02-26 18:44:54,868 - lg_cotrain - INFO - Phase 1 epoch 7/7: mean_prob1=0.1741, mean_prob2=0.1438
2026-02-26 18:44:54,868 - lg_cotrain - INFO - === Phase 2: Co-Training ===
2026-02-26 18:44:55,936 - lg_cotrain - INFO - LR scheduler: total_steps_1=16740, warmup=150; total_steps_2=16640, warmup=150
2026-02-26 18:44:55,937 - lg_cotrain - INFO - Phase 1 done -> seeded Phase 2 trackers. lambda1: mean=0.1741, range=[0.0146, 0.5968]
2026-02-26 18:44:55,937 - lg_cotrain - INFO - Phase 1 done -> seeded Phase 2 trackers. lambda2: mean=0.1438, range=[0.0403, 0.6029]
2026-02-26 18:46:42,167 - lg_cotrain - INFO - Phase 2 epoch 1/20: loss1=0.1305, loss2=0.1507, dev_macro_f1=0.5578, dev_err=39.46%
2026-02-26 18:48:28,815 - lg_cotrain - INFO - Phase 2 epoch 2/20: loss1=0.0430, loss2=0.3904, dev_macro_f1=0.5530, dev_err=38.94%
2026-02-26 18:50:15,239 - lg_cotrain - INFO - Phase 2 epoch 3/20: loss1=0.0468, loss2=0.3094, dev_macro_f1=0.5602, dev_err=39.67%
2026-02-26 18:52:01,662 - lg_cotrain - INFO - Phase 2 epoch 4/20: loss1=0.0383, loss2=0.2011, dev_macro_f1=0.5795, dev_err=39.87%
2026-02-26 18:53:47,941 - lg_cotrain - INFO - Phase 2 epoch 5/20: loss1=0.0479, loss2=0.1373, dev_macro_f1=0.6009, dev_err=37.89%
2026-02-26 18:55:34,410 - lg_cotrain - INFO - Phase 2 epoch 6/20: loss1=0.0288, loss2=0.0997, dev_macro_f1=0.6097, dev_err=36.74%
2026-02-26 18:57:20,853 - lg_cotrain - INFO - Phase 2 epoch 7/20: loss1=0.0248, loss2=0.0839, dev_macro_f1=0.5683, dev_err=41.02%
2026-02-26 18:59:07,177 - lg_cotrain - INFO - Phase 2 epoch 8/20: loss1=0.0293, loss2=0.0718, dev_macro_f1=0.6058, dev_err=37.58%
2026-02-26 19:00:53,479 - lg_cotrain - INFO - Phase 2 epoch 9/20: loss1=0.0223, loss2=0.0616, dev_macro_f1=0.5881, dev_err=39.56%
2026-02-26 19:02:40,021 - lg_cotrain - INFO - Phase 2 epoch 10/20: loss1=0.0221, loss2=0.0386, dev_macro_f1=0.5769, dev_err=39.46%
2026-02-26 19:04:26,433 - lg_cotrain - INFO - Phase 2 epoch 11/20: loss1=0.0196, loss2=0.0352, dev_macro_f1=0.5710, dev_err=40.61%
2026-02-26 19:06:12,810 - lg_cotrain - INFO - Phase 2 epoch 12/20: loss1=0.0135, loss2=0.0384, dev_macro_f1=0.5717, dev_err=40.61%
2026-02-26 19:07:59,162 - lg_cotrain - INFO - Phase 2 epoch 13/20: loss1=0.0110, loss2=0.0248, dev_macro_f1=0.5871, dev_err=38.73%
2026-02-26 19:09:45,661 - lg_cotrain - INFO - Phase 2 epoch 14/20: loss1=0.0130, loss2=0.0141, dev_macro_f1=0.5931, dev_err=38.31%
2026-02-26 19:11:31,982 - lg_cotrain - INFO - Phase 2 epoch 15/20: loss1=0.0099, loss2=0.0092, dev_macro_f1=0.5626, dev_err=40.71%
2026-02-26 19:13:18,312 - lg_cotrain - INFO - Phase 2 epoch 16/20: loss1=0.0091, loss2=0.0107, dev_macro_f1=0.5779, dev_err=40.08%
2026-02-26 19:15:04,805 - lg_cotrain - INFO - Phase 2 epoch 17/20: loss1=0.0058, loss2=0.0072, dev_macro_f1=0.5816, dev_err=39.25%
2026-02-26 19:16:51,488 - lg_cotrain - INFO - Phase 2 epoch 18/20: loss1=0.0048, loss2=0.0040, dev_macro_f1=0.5807, dev_err=40.19%
2026-02-26 19:18:38,004 - lg_cotrain - INFO - Phase 2 epoch 19/20: loss1=0.0037, loss2=0.0040, dev_macro_f1=0.5963, dev_err=38.62%
2026-02-26 19:20:24,460 - lg_cotrain - INFO - Phase 2 epoch 20/20: loss1=0.0035, loss2=0.0031, dev_macro_f1=0.5976, dev_err=38.94%
2026-02-26 19:20:24,460 - lg_cotrain - INFO - === Phase 3: Fine-Tuning ===
2026-02-26 19:20:28,109 - lg_cotrain - INFO - Phase 3 epoch 1: dev_macro_f1=0.5992, dev_err=38.62%, es_counter1=0, es_counter2=0
2026-02-26 19:20:31,710 - lg_cotrain - INFO - Phase 3 epoch 2: dev_macro_f1=0.5959, dev_err=38.73%, es_counter1=1, es_counter2=1
2026-02-26 19:20:35,320 - lg_cotrain - INFO - Phase 3 epoch 3: dev_macro_f1=0.5947, dev_err=38.83%, es_counter1=2, es_counter2=2
2026-02-26 19:20:38,931 - lg_cotrain - INFO - Phase 3 epoch 4: dev_macro_f1=0.5946, dev_err=38.83%, es_counter1=3, es_counter2=3
2026-02-26 19:20:42,519 - lg_cotrain - INFO - Phase 3 epoch 5: dev_macro_f1=0.5976, dev_err=38.52%, es_counter1=4, es_counter2=4
2026-02-26 19:20:46,104 - lg_cotrain - INFO - Phase 3 epoch 6: dev_macro_f1=0.5963, dev_err=38.62%, es_counter1=5, es_counter2=5
2026-02-26 19:20:49,693 - lg_cotrain - INFO - Phase 3 epoch 7: dev_macro_f1=0.5986, dev_err=38.41%, es_counter1=6, es_counter2=6
2026-02-26 19:20:53,273 - lg_cotrain - INFO - Phase 3 epoch 8: dev_macro_f1=0.5972, dev_err=38.52%, es_counter1=7, es_counter2=7
2026-02-26 19:20:56,853 - lg_cotrain - INFO - Phase 3 epoch 9: dev_macro_f1=0.5969, dev_err=38.62%, es_counter1=8, es_counter2=8
2026-02-26 19:21:00,439 - lg_cotrain - INFO - Phase 3 epoch 10: dev_macro_f1=0.5965, dev_err=38.73%, es_counter1=9, es_counter2=9
2026-02-26 19:21:00,439 - lg_cotrain - INFO - Early stopping at epoch 10
2026-02-26 19:21:00,450 - lg_cotrain - INFO - === Final Evaluation ===
2026-02-26 19:21:10,093 - lg_cotrain - INFO - Results saved to C:\Users\anhtr\AppData\Local\Temp\tmpxs4v_6t6\hurricane_irma_2017\5_set2\metrics.json
2026-02-26 19:21:10,093 - lg_cotrain - INFO - Test error rate: 37.54%, Test macro-F1: 0.6032, Test ECE: 0.2838
2026-02-26 19:21:10,101 - lg_cotrain - INFO - --- Trial 4/10 done: dev_macro_f1=0.5992 ---
2026-02-26 19:21:10,101 - lg_cotrain - INFO - --- Trial 5/10 ---
2026-02-26 19:21:10,680 - lg_cotrain - INFO - Starting LG-CoTrain: event=hurricane_irma_2017, budget=5, seed_set=2
2026-02-26 19:21:10,716 - lg_cotrain - INFO - Detected 9 classes for event hurricane_irma_2017: ['caution_and_advice', 'displaced_people_and_evacuations', 'infrastructure_and_utility_damage', 'injured_or_dead_people', 'not_humanitarian', 'other_relevant_information', 'requests_or_urgent_needs', 'rescue_volunteering_or_donation_effort', 'sympathy_and_support']
2026-02-26 19:21:10,724 - lg_cotrain - INFO - D_l1: 27, D_l2: 18, D_LG: 6534
2026-02-26 19:21:10,725 - lg_cotrain - INFO - === Phase 1: Weight Generation ===
2026-02-26 19:21:31,933 - lg_cotrain - INFO - Phase 1 epoch 1/7: mean_prob1=0.1216, mean_prob2=0.1219
2026-02-26 19:21:52,250 - lg_cotrain - INFO - Phase 1 epoch 2/7: mean_prob1=0.0910, mean_prob2=0.1023
2026-02-26 19:22:12,612 - lg_cotrain - INFO - Phase 1 epoch 3/7: mean_prob1=0.1220, mean_prob2=0.1361
2026-02-26 19:22:32,804 - lg_cotrain - INFO - Phase 1 epoch 4/7: mean_prob1=0.0951, mean_prob2=0.0993
2026-02-26 19:22:53,004 - lg_cotrain - INFO - Phase 1 epoch 5/7: mean_prob1=0.1027, mean_prob2=0.1352
2026-02-26 19:23:13,205 - lg_cotrain - INFO - Phase 1 epoch 6/7: mean_prob1=0.1170, mean_prob2=0.1378
2026-02-26 19:23:33,552 - lg_cotrain - INFO - Phase 1 epoch 7/7: mean_prob1=0.1314, mean_prob2=0.1314
2026-02-26 19:23:33,552 - lg_cotrain - INFO - === Phase 2: Co-Training ===
2026-02-26 19:23:34,627 - lg_cotrain - INFO - LR scheduler: total_steps_1=2355, warmup=63; total_steps_2=2355, warmup=63
2026-02-26 19:23:34,628 - lg_cotrain - INFO - Phase 1 done -> seeded Phase 2 trackers. lambda1: mean=0.1314, range=[0.0307, 0.5217]
2026-02-26 19:23:34,628 - lg_cotrain - INFO - Phase 1 done -> seeded Phase 2 trackers. lambda2: mean=0.1314, range=[0.0070, 0.9253]
2026-02-26 19:24:54,881 - lg_cotrain - INFO - Phase 2 epoch 1/11: loss1=0.2501, loss2=0.2502, dev_macro_f1=0.0137, dev_err=93.42%
2026-02-26 19:26:15,306 - lg_cotrain - INFO - Phase 2 epoch 2/11: loss1=0.1452, loss2=0.3096, dev_macro_f1=0.0371, dev_err=79.96%
2026-02-26 19:27:35,696 - lg_cotrain - INFO - Phase 2 epoch 3/11: loss1=0.1331, loss2=0.3403, dev_macro_f1=0.0371, dev_err=79.96%
2026-02-26 19:28:56,069 - lg_cotrain - INFO - Phase 2 epoch 4/11: loss1=0.1358, loss2=0.3494, dev_macro_f1=0.0371, dev_err=79.96%
2026-02-26 19:30:16,512 - lg_cotrain - INFO - Phase 2 epoch 5/11: loss1=0.1362, loss2=0.3462, dev_macro_f1=0.0371, dev_err=79.96%
2026-02-26 19:31:36,995 - lg_cotrain - INFO - Phase 2 epoch 6/11: loss1=0.1409, loss2=0.3413, dev_macro_f1=0.0371, dev_err=79.96%
2026-02-26 19:32:57,593 - lg_cotrain - INFO - Phase 2 epoch 7/11: loss1=0.1388, loss2=0.3421, dev_macro_f1=0.0371, dev_err=79.96%
2026-02-26 19:34:18,097 - lg_cotrain - INFO - Phase 2 epoch 8/11: loss1=0.1402, loss2=0.3406, dev_macro_f1=0.0371, dev_err=79.96%
2026-02-26 19:35:38,553 - lg_cotrain - INFO - Phase 2 epoch 9/11: loss1=0.1413, loss2=0.3388, dev_macro_f1=0.0371, dev_err=79.96%
2026-02-26 19:36:58,873 - lg_cotrain - INFO - Phase 2 epoch 10/11: loss1=0.1427, loss2=0.3366, dev_macro_f1=0.0371, dev_err=79.96%
2026-02-26 19:38:19,203 - lg_cotrain - INFO - Phase 2 epoch 11/11: loss1=0.1432, loss2=0.3358, dev_macro_f1=0.0371, dev_err=79.96%
2026-02-26 19:38:19,205 - lg_cotrain - INFO - === Phase 3: Fine-Tuning ===
2026-02-26 19:38:22,176 - lg_cotrain - INFO - Phase 3 epoch 1: dev_macro_f1=0.0371, dev_err=79.96%, es_counter1=0, es_counter2=0
2026-02-26 19:38:25,123 - lg_cotrain - INFO - Phase 3 epoch 2: dev_macro_f1=0.0371, dev_err=79.96%, es_counter1=1, es_counter2=1
2026-02-26 19:38:28,060 - lg_cotrain - INFO - Phase 3 epoch 3: dev_macro_f1=0.0371, dev_err=79.96%, es_counter1=2, es_counter2=2
2026-02-26 19:38:31,012 - lg_cotrain - INFO - Phase 3 epoch 4: dev_macro_f1=0.0371, dev_err=79.96%, es_counter1=3, es_counter2=3
2026-02-26 19:38:33,954 - lg_cotrain - INFO - Phase 3 epoch 5: dev_macro_f1=0.0371, dev_err=79.96%, es_counter1=4, es_counter2=4
2026-02-26 19:38:36,900 - lg_cotrain - INFO - Phase 3 epoch 6: dev_macro_f1=0.0371, dev_err=79.96%, es_counter1=5, es_counter2=5
2026-02-26 19:38:39,854 - lg_cotrain - INFO - Phase 3 epoch 7: dev_macro_f1=0.0371, dev_err=79.96%, es_counter1=6, es_counter2=6
2026-02-26 19:38:42,802 - lg_cotrain - INFO - Phase 3 epoch 8: dev_macro_f1=0.0371, dev_err=79.96%, es_counter1=7, es_counter2=7
2026-02-26 19:38:45,748 - lg_cotrain - INFO - Phase 3 epoch 9: dev_macro_f1=0.0371, dev_err=79.96%, es_counter1=8, es_counter2=8
2026-02-26 19:38:48,697 - lg_cotrain - INFO - Phase 3 epoch 10: dev_macro_f1=0.0371, dev_err=79.96%, es_counter1=9, es_counter2=9
2026-02-26 19:38:48,698 - lg_cotrain - INFO - Early stopping at epoch 10
2026-02-26 19:38:48,706 - lg_cotrain - INFO - === Final Evaluation ===
2026-02-26 19:38:56,794 - lg_cotrain - INFO - Results saved to C:\Users\anhtr\AppData\Local\Temp\tmpax1dmu31\hurricane_irma_2017\5_set2\metrics.json
2026-02-26 19:38:56,794 - lg_cotrain - INFO - Test error rate: 80.02%, Test macro-F1: 0.0370, Test ECE: 0.2831
2026-02-26 19:38:56,806 - lg_cotrain - INFO - --- Trial 5/10 done: dev_macro_f1=0.0371 ---
2026-02-26 19:38:56,807 - lg_cotrain - INFO - --- Trial 6/10 ---
2026-02-26 19:38:57,376 - lg_cotrain - INFO - Starting LG-CoTrain: event=hurricane_irma_2017, budget=5, seed_set=2
2026-02-26 19:38:57,413 - lg_cotrain - INFO - Detected 9 classes for event hurricane_irma_2017: ['caution_and_advice', 'displaced_people_and_evacuations', 'infrastructure_and_utility_damage', 'injured_or_dead_people', 'not_humanitarian', 'other_relevant_information', 'requests_or_urgent_needs', 'rescue_volunteering_or_donation_effort', 'sympathy_and_support']
2026-02-26 19:38:57,425 - lg_cotrain - INFO - D_l1: 27, D_l2: 18, D_LG: 6534
2026-02-26 19:38:57,428 - lg_cotrain - INFO - === Phase 1: Weight Generation ===
2026-02-26 19:39:18,205 - lg_cotrain - INFO - Phase 1 epoch 1/7: mean_prob1=0.1094, mean_prob2=0.1088
2026-02-26 19:39:37,735 - lg_cotrain - INFO - Phase 1 epoch 2/7: mean_prob1=0.1100, mean_prob2=0.1090
2026-02-26 19:39:57,292 - lg_cotrain - INFO - Phase 1 epoch 3/7: mean_prob1=0.1120, mean_prob2=0.1089
2026-02-26 19:40:16,894 - lg_cotrain - INFO - Phase 1 epoch 4/7: mean_prob1=0.1150, mean_prob2=0.1089
2026-02-26 19:40:36,590 - lg_cotrain - INFO - Phase 1 epoch 5/7: mean_prob1=0.1158, mean_prob2=0.1093
2026-02-26 19:40:56,189 - lg_cotrain - INFO - Phase 1 epoch 6/7: mean_prob1=0.1169, mean_prob2=0.1096
2026-02-26 19:41:15,781 - lg_cotrain - INFO - Phase 1 epoch 7/7: mean_prob1=0.1177, mean_prob2=0.1093
2026-02-26 19:41:15,781 - lg_cotrain - INFO - === Phase 2: Co-Training ===
2026-02-26 19:41:16,837 - lg_cotrain - INFO - LR scheduler: total_steps_1=821, warmup=167; total_steps_2=821, warmup=167
2026-02-26 19:41:16,838 - lg_cotrain - INFO - Phase 1 done -> seeded Phase 2 trackers. lambda1: mean=0.1177, range=[0.0327, 0.2454]
2026-02-26 19:41:16,838 - lg_cotrain - INFO - Phase 1 done -> seeded Phase 2 trackers. lambda2: mean=0.1093, range=[0.0399, 0.2596]
2026-02-26 19:42:31,872 - lg_cotrain - INFO - Phase 2 epoch 1/7: loss1=0.2178, loss2=0.2418, dev_macro_f1=0.3109, dev_err=57.10%
2026-02-26 19:43:46,945 - lg_cotrain - INFO - Phase 2 epoch 2/7: loss1=0.0979, loss2=0.2123, dev_macro_f1=0.5475, dev_err=38.20%
2026-02-26 19:45:01,964 - lg_cotrain - INFO - Phase 2 epoch 3/7: loss1=0.0365, loss2=0.1575, dev_macro_f1=0.5556, dev_err=37.58%
2026-02-26 19:46:17,097 - lg_cotrain - INFO - Phase 2 epoch 4/7: loss1=0.0259, loss2=0.1253, dev_macro_f1=0.5593, dev_err=37.27%
2026-02-26 19:47:32,120 - lg_cotrain - INFO - Phase 2 epoch 5/7: loss1=0.0173, loss2=0.0912, dev_macro_f1=0.5615, dev_err=39.04%
2026-02-26 19:48:47,194 - lg_cotrain - INFO - Phase 2 epoch 6/7: loss1=0.0132, loss2=0.0644, dev_macro_f1=0.5881, dev_err=38.31%
2026-02-26 19:50:02,233 - lg_cotrain - INFO - Phase 2 epoch 7/7: loss1=0.0119, loss2=0.0507, dev_macro_f1=0.5850, dev_err=38.41%
2026-02-26 19:50:02,233 - lg_cotrain - INFO - === Phase 3: Fine-Tuning ===
2026-02-26 19:50:05,135 - lg_cotrain - INFO - Phase 3 epoch 1: dev_macro_f1=0.5860, dev_err=38.31%, es_counter1=0, es_counter2=0
2026-02-26 19:50:08,027 - lg_cotrain - INFO - Phase 3 epoch 2: dev_macro_f1=0.6067, dev_err=37.06%, es_counter1=0, es_counter2=0
2026-02-26 19:50:10,938 - lg_cotrain - INFO - Phase 3 epoch 3: dev_macro_f1=0.6128, dev_err=36.85%, es_counter1=0, es_counter2=0
2026-02-26 19:50:13,829 - lg_cotrain - INFO - Phase 3 epoch 4: dev_macro_f1=0.6002, dev_err=37.27%, es_counter1=1, es_counter2=1
2026-02-26 19:50:16,722 - lg_cotrain - INFO - Phase 3 epoch 5: dev_macro_f1=0.5959, dev_err=37.37%, es_counter1=2, es_counter2=2
2026-02-26 19:50:19,607 - lg_cotrain - INFO - Phase 3 epoch 6: dev_macro_f1=0.6040, dev_err=37.37%, es_counter1=3, es_counter2=3
2026-02-26 19:50:22,502 - lg_cotrain - INFO - Phase 3 epoch 7: dev_macro_f1=0.6022, dev_err=37.47%, es_counter1=4, es_counter2=4
2026-02-26 19:50:25,381 - lg_cotrain - INFO - Phase 3 epoch 8: dev_macro_f1=0.5972, dev_err=37.79%, es_counter1=5, es_counter2=5
2026-02-26 19:50:25,381 - lg_cotrain - INFO - Early stopping at epoch 8
2026-02-26 19:50:25,392 - lg_cotrain - INFO - === Final Evaluation ===
2026-02-26 19:50:33,285 - lg_cotrain - INFO - Results saved to C:\Users\anhtr\AppData\Local\Temp\tmpe_t0e8gx\hurricane_irma_2017\5_set2\metrics.json
2026-02-26 19:50:33,285 - lg_cotrain - INFO - Test error rate: 35.12%, Test macro-F1: 0.6131, Test ECE: 0.2508
2026-02-26 19:50:33,294 - lg_cotrain - INFO - --- Trial 6/10 done: dev_macro_f1=0.6128 ---
2026-02-26 19:50:33,294 - lg_cotrain - INFO - --- Trial 7/10 ---
2026-02-26 19:50:33,877 - lg_cotrain - INFO - Starting LG-CoTrain: event=hurricane_irma_2017, budget=5, seed_set=2
2026-02-26 19:50:33,913 - lg_cotrain - INFO - Detected 9 classes for event hurricane_irma_2017: ['caution_and_advice', 'displaced_people_and_evacuations', 'infrastructure_and_utility_damage', 'injured_or_dead_people', 'not_humanitarian', 'other_relevant_information', 'requests_or_urgent_needs', 'rescue_volunteering_or_donation_effort', 'sympathy_and_support']
2026-02-26 19:50:33,923 - lg_cotrain - INFO - D_l1: 27, D_l2: 18, D_LG: 6534
2026-02-26 19:50:33,925 - lg_cotrain - INFO - === Phase 1: Weight Generation ===
2026-02-26 19:50:57,199 - lg_cotrain - INFO - Phase 1 epoch 1/7: mean_prob1=0.1141, mean_prob2=0.1128
2026-02-26 19:51:19,418 - lg_cotrain - INFO - Phase 1 epoch 2/7: mean_prob1=0.1165, mean_prob2=0.1148
2026-02-26 19:51:41,717 - lg_cotrain - INFO - Phase 1 epoch 3/7: mean_prob1=0.1158, mean_prob2=0.1146
2026-02-26 19:52:04,016 - lg_cotrain - INFO - Phase 1 epoch 4/7: mean_prob1=0.1191, mean_prob2=0.1103
2026-02-26 19:52:26,337 - lg_cotrain - INFO - Phase 1 epoch 5/7: mean_prob1=0.1215, mean_prob2=0.1054
2026-02-26 19:52:48,816 - lg_cotrain - INFO - Phase 1 epoch 6/7: mean_prob1=0.1215, mean_prob2=0.1072
2026-02-26 19:53:11,438 - lg_cotrain - INFO - Phase 1 epoch 7/7: mean_prob1=0.1216, mean_prob2=0.1121
2026-02-26 19:53:11,438 - lg_cotrain - INFO - === Phase 2: Co-Training ===
2026-02-26 19:53:12,554 - lg_cotrain - INFO - LR scheduler: total_steps_1=6335, warmup=922; total_steps_2=6335, warmup=922
2026-02-26 19:53:12,554 - lg_cotrain - INFO - Phase 1 done -> seeded Phase 2 trackers. lambda1: mean=0.1216, range=[0.0284, 0.2911]
2026-02-26 19:53:12,555 - lg_cotrain - INFO - Phase 1 done -> seeded Phase 2 trackers. lambda2: mean=0.1121, range=[0.0408, 0.2888]
2026-02-26 19:54:44,136 - lg_cotrain - INFO - Phase 2 epoch 1/15: loss1=0.1846, loss2=0.2067, dev_macro_f1=0.5379, dev_err=38.41%
2026-02-26 19:56:15,364 - lg_cotrain - INFO - Phase 2 epoch 2/15: loss1=0.0575, loss2=0.2093, dev_macro_f1=0.5433, dev_err=38.52%
2026-02-26 19:57:46,614 - lg_cotrain - INFO - Phase 2 epoch 3/15: loss1=0.0371, loss2=0.2081, dev_macro_f1=0.5996, dev_err=36.12%
2026-02-26 19:59:17,808 - lg_cotrain - INFO - Phase 2 epoch 4/15: loss1=0.0280, loss2=0.1249, dev_macro_f1=0.5711, dev_err=38.10%
2026-02-26 20:00:49,110 - lg_cotrain - INFO - Phase 2 epoch 5/15: loss1=0.0291, loss2=0.0746, dev_macro_f1=0.5875, dev_err=38.41%
2026-02-26 20:02:20,581 - lg_cotrain - INFO - Phase 2 epoch 6/15: loss1=0.0181, loss2=0.0598, dev_macro_f1=0.5983, dev_err=37.68%
2026-02-26 20:03:52,212 - lg_cotrain - INFO - Phase 2 epoch 7/15: loss1=0.0145, loss2=0.0264, dev_macro_f1=0.6147, dev_err=36.64%
2026-02-26 20:05:23,693 - lg_cotrain - INFO - Phase 2 epoch 8/15: loss1=0.0102, loss2=0.0216, dev_macro_f1=0.6021, dev_err=37.68%
2026-02-26 20:06:55,029 - lg_cotrain - INFO - Phase 2 epoch 9/15: loss1=0.0101, loss2=0.0154, dev_macro_f1=0.5924, dev_err=38.10%
2026-02-26 20:08:26,258 - lg_cotrain - INFO - Phase 2 epoch 10/15: loss1=0.0084, loss2=0.0112, dev_macro_f1=0.6074, dev_err=36.95%
2026-02-26 20:09:57,511 - lg_cotrain - INFO - Phase 2 epoch 11/15: loss1=0.0070, loss2=0.0076, dev_macro_f1=0.5963, dev_err=38.00%
2026-02-26 20:11:28,799 - lg_cotrain - INFO - Phase 2 epoch 12/15: loss1=0.0058, loss2=0.0054, dev_macro_f1=0.6097, dev_err=36.74%
2026-02-26 20:13:00,105 - lg_cotrain - INFO - Phase 2 epoch 13/15: loss1=0.0064, loss2=0.0036, dev_macro_f1=0.6010, dev_err=37.16%
2026-02-26 20:14:31,397 - lg_cotrain - INFO - Phase 2 epoch 14/15: loss1=0.0045, loss2=0.0040, dev_macro_f1=0.6060, dev_err=36.85%
2026-02-26 20:16:02,662 - lg_cotrain - INFO - Phase 2 epoch 15/15: loss1=0.0049, loss2=0.0026, dev_macro_f1=0.6026, dev_err=37.47%
2026-02-26 20:16:02,662 - lg_cotrain - INFO - === Phase 3: Fine-Tuning ===
2026-02-26 20:16:05,990 - lg_cotrain - INFO - Phase 3 epoch 1: dev_macro_f1=0.6037, dev_err=37.37%, es_counter1=0, es_counter2=0
2026-02-26 20:16:09,336 - lg_cotrain - INFO - Phase 3 epoch 2: dev_macro_f1=0.6046, dev_err=37.27%, es_counter1=0, es_counter2=0
2026-02-26 20:16:12,681 - lg_cotrain - INFO - Phase 3 epoch 3: dev_macro_f1=0.6119, dev_err=36.95%, es_counter1=0, es_counter2=0
2026-02-26 20:16:16,029 - lg_cotrain - INFO - Phase 3 epoch 4: dev_macro_f1=0.6150, dev_err=36.53%, es_counter1=0, es_counter2=0
2026-02-26 20:16:19,356 - lg_cotrain - INFO - Phase 3 epoch 5: dev_macro_f1=0.6164, dev_err=36.53%, es_counter1=0, es_counter2=0
2026-02-26 20:16:22,708 - lg_cotrain - INFO - Phase 3 epoch 6: dev_macro_f1=0.6213, dev_err=36.01%, es_counter1=0, es_counter2=0
2026-02-26 20:16:26,024 - lg_cotrain - INFO - Phase 3 epoch 7: dev_macro_f1=0.6209, dev_err=36.01%, es_counter1=1, es_counter2=1
2026-02-26 20:16:29,366 - lg_cotrain - INFO - Phase 3 epoch 8: dev_macro_f1=0.6249, dev_err=35.91%, es_counter1=0, es_counter2=0
2026-02-26 20:16:32,686 - lg_cotrain - INFO - Phase 3 epoch 9: dev_macro_f1=0.6215, dev_err=36.12%, es_counter1=1, es_counter2=1
2026-02-26 20:16:36,004 - lg_cotrain - INFO - Phase 3 epoch 10: dev_macro_f1=0.6180, dev_err=36.22%, es_counter1=2, es_counter2=2
2026-02-26 20:16:39,339 - lg_cotrain - INFO - Phase 3 epoch 11: dev_macro_f1=0.6150, dev_err=36.53%, es_counter1=3, es_counter2=3
2026-02-26 20:16:42,661 - lg_cotrain - INFO - Phase 3 epoch 12: dev_macro_f1=0.6154, dev_err=36.43%, es_counter1=4, es_counter2=4
2026-02-26 20:16:45,982 - lg_cotrain - INFO - Phase 3 epoch 13: dev_macro_f1=0.6143, dev_err=36.53%, es_counter1=5, es_counter2=5
2026-02-26 20:16:49,307 - lg_cotrain - INFO - Phase 3 epoch 14: dev_macro_f1=0.6122, dev_err=36.64%, es_counter1=6, es_counter2=6
2026-02-26 20:16:52,634 - lg_cotrain - INFO - Phase 3 epoch 15: dev_macro_f1=0.6114, dev_err=36.74%, es_counter1=7, es_counter2=7
2026-02-26 20:16:55,971 - lg_cotrain - INFO - Phase 3 epoch 16: dev_macro_f1=0.6110, dev_err=36.64%, es_counter1=8, es_counter2=8
2026-02-26 20:16:59,312 - lg_cotrain - INFO - Phase 3 epoch 17: dev_macro_f1=0.6108, dev_err=36.64%, es_counter1=9, es_counter2=9
2026-02-26 20:17:02,654 - lg_cotrain - INFO - Phase 3 epoch 18: dev_macro_f1=0.6122, dev_err=36.53%, es_counter1=10, es_counter2=10
2026-02-26 20:17:02,655 - lg_cotrain - INFO - Early stopping at epoch 18
2026-02-26 20:17:02,669 - lg_cotrain - INFO - === Final Evaluation ===
2026-02-26 20:17:11,755 - lg_cotrain - INFO - Results saved to C:\Users\anhtr\AppData\Local\Temp\tmpvi0ffk9y\hurricane_irma_2017\5_set2\metrics.json
2026-02-26 20:17:11,755 - lg_cotrain - INFO - Test error rate: 35.55%, Test macro-F1: 0.6282, Test ECE: 0.2755
2026-02-26 20:17:11,767 - lg_cotrain - INFO - --- Trial 7/10 done: dev_macro_f1=0.6249 ---
2026-02-26 20:17:11,768 - lg_cotrain - INFO - --- Trial 8/10 ---
2026-02-26 20:17:12,374 - lg_cotrain - INFO - Starting LG-CoTrain: event=hurricane_irma_2017, budget=5, seed_set=2
2026-02-26 20:17:12,409 - lg_cotrain - INFO - Detected 9 classes for event hurricane_irma_2017: ['caution_and_advice', 'displaced_people_and_evacuations', 'infrastructure_and_utility_damage', 'injured_or_dead_people', 'not_humanitarian', 'other_relevant_information', 'requests_or_urgent_needs', 'rescue_volunteering_or_donation_effort', 'sympathy_and_support']
2026-02-26 20:17:12,419 - lg_cotrain - INFO - D_l1: 27, D_l2: 18, D_LG: 6534
2026-02-26 20:17:12,421 - lg_cotrain - INFO - === Phase 1: Weight Generation ===
2026-02-26 20:17:37,537 - lg_cotrain - INFO - Phase 1 epoch 1/7: mean_prob1=0.0963, mean_prob2=0.1048
2026-02-26 20:18:01,560 - lg_cotrain - INFO - Phase 1 epoch 2/7: mean_prob1=0.1058, mean_prob2=0.1131
2026-02-26 20:18:25,550 - lg_cotrain - INFO - Phase 1 epoch 3/7: mean_prob1=0.1264, mean_prob2=0.1188
2026-02-26 20:18:49,833 - lg_cotrain - INFO - Phase 1 epoch 4/7: mean_prob1=0.1327, mean_prob2=0.1330
2026-02-26 20:19:14,014 - lg_cotrain - INFO - Phase 1 epoch 5/7: mean_prob1=0.1469, mean_prob2=0.1296
2026-02-26 20:19:37,985 - lg_cotrain - INFO - Phase 1 epoch 6/7: mean_prob1=0.1563, mean_prob2=0.1388
2026-02-26 20:20:02,045 - lg_cotrain - INFO - Phase 1 epoch 7/7: mean_prob1=0.1865, mean_prob2=0.1622
2026-02-26 20:20:02,045 - lg_cotrain - INFO - === Phase 2: Co-Training ===
2026-02-26 20:20:03,126 - lg_cotrain - INFO - LR scheduler: total_steps_1=6936, warmup=1270; total_steps_2=6836, warmup=1252
2026-02-26 20:20:03,127 - lg_cotrain - INFO - Phase 1 done -> seeded Phase 2 trackers. lambda1: mean=0.1865, range=[0.0112, 0.6594]
2026-02-26 20:20:03,127 - lg_cotrain - INFO - Phase 1 done -> seeded Phase 2 trackers. lambda2: mean=0.1622, range=[0.0201, 0.6716]
2026-02-26 20:21:49,624 - lg_cotrain - INFO - Phase 2 epoch 1/8: loss1=0.1607, loss2=0.1795, dev_macro_f1=0.5093, dev_err=40.71%
2026-02-26 20:23:36,203 - lg_cotrain - INFO - Phase 2 epoch 2/8: loss1=0.0688, loss2=0.5784, dev_macro_f1=0.4990, dev_err=41.96%
2026-02-26 20:25:22,539 - lg_cotrain - INFO - Phase 2 epoch 3/8: loss1=0.0542, loss2=1.3297, dev_macro_f1=0.4894, dev_err=41.75%
2026-02-26 20:27:08,988 - lg_cotrain - INFO - Phase 2 epoch 4/8: loss1=0.0202, loss2=1.5980, dev_macro_f1=0.5232, dev_err=40.08%
2026-02-26 20:28:56,128 - lg_cotrain - INFO - Phase 2 epoch 5/8: loss1=0.0162, loss2=1.6602, dev_macro_f1=0.5238, dev_err=40.29%
2026-02-26 20:30:48,185 - lg_cotrain - INFO - Phase 2 epoch 6/8: loss1=0.0088, loss2=1.7085, dev_macro_f1=0.4917, dev_err=42.28%
2026-02-26 20:32:39,262 - lg_cotrain - INFO - Phase 2 epoch 7/8: loss1=0.0055, loss2=1.7314, dev_macro_f1=0.4809, dev_err=44.26%
2026-02-26 20:34:29,706 - lg_cotrain - INFO - Phase 2 epoch 8/8: loss1=0.0030, loss2=1.7506, dev_macro_f1=0.5022, dev_err=42.59%
2026-02-26 20:34:29,706 - lg_cotrain - INFO - === Phase 3: Fine-Tuning ===
2026-02-26 20:34:33,384 - lg_cotrain - INFO - Phase 3 epoch 1: dev_macro_f1=0.5155, dev_err=41.13%, es_counter1=0, es_counter2=0
2026-02-26 20:34:37,022 - lg_cotrain - INFO - Phase 3 epoch 2: dev_macro_f1=0.5342, dev_err=38.94%, es_counter1=0, es_counter2=0
2026-02-26 20:34:40,677 - lg_cotrain - INFO - Phase 3 epoch 3: dev_macro_f1=0.5487, dev_err=36.22%, es_counter1=0, es_counter2=0
2026-02-26 20:34:44,323 - lg_cotrain - INFO - Phase 3 epoch 4: dev_macro_f1=0.5545, dev_err=35.59%, es_counter1=0, es_counter2=0
2026-02-26 20:34:47,964 - lg_cotrain - INFO - Phase 3 epoch 5: dev_macro_f1=0.5795, dev_err=34.97%, es_counter1=0, es_counter2=0
2026-02-26 20:34:51,627 - lg_cotrain - INFO - Phase 3 epoch 6: dev_macro_f1=0.5903, dev_err=36.64%, es_counter1=0, es_counter2=0
2026-02-26 20:34:55,261 - lg_cotrain - INFO - Phase 3 epoch 7: dev_macro_f1=0.5367, dev_err=44.68%, es_counter1=1, es_counter2=1
2026-02-26 20:34:58,895 - lg_cotrain - INFO - Phase 3 epoch 8: dev_macro_f1=0.5463, dev_err=43.53%, es_counter1=2, es_counter2=2
2026-02-26 20:35:02,582 - lg_cotrain - INFO - Phase 3 epoch 9: dev_macro_f1=0.5904, dev_err=37.47%, es_counter1=0, es_counter2=0
2026-02-26 20:35:06,255 - lg_cotrain - INFO - Phase 3 epoch 10: dev_macro_f1=0.6012, dev_err=36.22%, es_counter1=0, es_counter2=0
2026-02-26 20:35:09,943 - lg_cotrain - INFO - Phase 3 epoch 11: dev_macro_f1=0.6043, dev_err=35.70%, es_counter1=0, es_counter2=0
2026-02-26 20:35:13,729 - lg_cotrain - INFO - Phase 3 epoch 12: dev_macro_f1=0.6055, dev_err=35.59%, es_counter1=0, es_counter2=0
2026-02-26 20:35:17,524 - lg_cotrain - INFO - Phase 3 epoch 13: dev_macro_f1=0.6040, dev_err=35.70%, es_counter1=1, es_counter2=1
2026-02-26 20:35:21,196 - lg_cotrain - INFO - Phase 3 epoch 14: dev_macro_f1=0.6021, dev_err=35.91%, es_counter1=2, es_counter2=2
2026-02-26 20:35:24,868 - lg_cotrain - INFO - Phase 3 epoch 15: dev_macro_f1=0.6029, dev_err=35.91%, es_counter1=3, es_counter2=3
2026-02-26 20:35:28,627 - lg_cotrain - INFO - Phase 3 epoch 16: dev_macro_f1=0.6043, dev_err=35.80%, es_counter1=4, es_counter2=4
2026-02-26 20:35:32,338 - lg_cotrain - INFO - Phase 3 epoch 17: dev_macro_f1=0.6057, dev_err=35.70%, es_counter1=0, es_counter2=0
2026-02-26 20:35:36,022 - lg_cotrain - INFO - Phase 3 epoch 18: dev_macro_f1=0.6042, dev_err=35.80%, es_counter1=1, es_counter2=1
2026-02-26 20:35:39,693 - lg_cotrain - INFO - Phase 3 epoch 19: dev_macro_f1=0.6038, dev_err=35.80%, es_counter1=2, es_counter2=2
2026-02-26 20:35:43,340 - lg_cotrain - INFO - Phase 3 epoch 20: dev_macro_f1=0.6048, dev_err=35.70%, es_counter1=3, es_counter2=3
2026-02-26 20:35:46,965 - lg_cotrain - INFO - Phase 3 epoch 21: dev_macro_f1=0.6049, dev_err=35.70%, es_counter1=4, es_counter2=4
2026-02-26 20:35:50,590 - lg_cotrain - INFO - Phase 3 epoch 22: dev_macro_f1=0.6042, dev_err=35.70%, es_counter1=5, es_counter2=5
2026-02-26 20:35:54,213 - lg_cotrain - INFO - Phase 3 epoch 23: dev_macro_f1=0.6016, dev_err=35.91%, es_counter1=6, es_counter2=6
2026-02-26 20:35:57,843 - lg_cotrain - INFO - Phase 3 epoch 24: dev_macro_f1=0.6024, dev_err=35.80%, es_counter1=7, es_counter2=7
2026-02-26 20:35:57,843 - lg_cotrain - INFO - Early stopping at epoch 24
2026-02-26 20:35:57,859 - lg_cotrain - INFO - === Final Evaluation ===
2026-02-26 20:36:07,604 - lg_cotrain - INFO - Results saved to C:\Users\anhtr\AppData\Local\Temp\tmp5r0lu9br\hurricane_irma_2017\5_set2\metrics.json
2026-02-26 20:36:07,605 - lg_cotrain - INFO - Test error rate: 37.86%, Test macro-F1: 0.5845, Test ECE: 0.1367
2026-02-26 20:36:07,616 - lg_cotrain - INFO - --- Trial 8/10 done: dev_macro_f1=0.6057 ---
2026-02-26 20:36:07,616 - lg_cotrain - INFO - --- Trial 9/10 ---
2026-02-26 20:36:08,214 - lg_cotrain - INFO - Starting LG-CoTrain: event=hurricane_irma_2017, budget=5, seed_set=2
2026-02-26 20:36:08,279 - lg_cotrain - INFO - Detected 9 classes for event hurricane_irma_2017: ['caution_and_advice', 'displaced_people_and_evacuations', 'infrastructure_and_utility_damage', 'injured_or_dead_people', 'not_humanitarian', 'other_relevant_information', 'requests_or_urgent_needs', 'rescue_volunteering_or_donation_effort', 'sympathy_and_support']
2026-02-26 20:36:08,288 - lg_cotrain - INFO - D_l1: 27, D_l2: 18, D_LG: 6534
2026-02-26 20:36:08,289 - lg_cotrain - INFO - === Phase 1: Weight Generation ===
2026-02-26 20:36:29,467 - lg_cotrain - INFO - Phase 1 epoch 1/7: mean_prob1=0.1194, mean_prob2=0.1125
2026-02-26 20:36:49,724 - lg_cotrain - INFO - Phase 1 epoch 2/7: mean_prob1=0.0996, mean_prob2=0.1039
2026-02-26 20:37:09,628 - lg_cotrain - INFO - Phase 1 epoch 3/7: mean_prob1=0.1173, mean_prob2=0.1131
2026-02-26 20:37:29,863 - lg_cotrain - INFO - Phase 1 epoch 4/7: mean_prob1=0.1311, mean_prob2=0.1205
2026-02-26 20:37:50,045 - lg_cotrain - INFO - Phase 1 epoch 5/7: mean_prob1=0.1415, mean_prob2=0.1319
2026-02-26 20:38:09,979 - lg_cotrain - INFO - Phase 1 epoch 6/7: mean_prob1=0.1472, mean_prob2=0.1372
2026-02-26 20:38:29,970 - lg_cotrain - INFO - Phase 1 epoch 7/7: mean_prob1=0.1554, mean_prob2=0.1369
2026-02-26 20:38:29,971 - lg_cotrain - INFO - === Phase 2: Co-Training ===
2026-02-26 20:38:31,043 - lg_cotrain - INFO - LR scheduler: total_steps_1=1027, warmup=244; total_steps_2=1027, warmup=244
2026-02-26 20:38:31,044 - lg_cotrain - INFO - Phase 1 done -> seeded Phase 2 trackers. lambda1: mean=0.1554, range=[0.0188, 0.4949]
2026-02-26 20:38:31,044 - lg_cotrain - INFO - Phase 1 done -> seeded Phase 2 trackers. lambda2: mean=0.1369, range=[0.0236, 0.7133]
2026-02-26 20:39:48,153 - lg_cotrain - INFO - Phase 2 epoch 1/9: loss1=0.1920, loss2=0.2236, dev_macro_f1=0.5613, dev_err=37.06%
2026-02-26 20:41:06,086 - lg_cotrain - INFO - Phase 2 epoch 2/9: loss1=0.0652, loss2=0.2944, dev_macro_f1=0.5385, dev_err=39.35%
2026-02-26 20:42:23,903 - lg_cotrain - INFO - Phase 2 epoch 3/9: loss1=0.0546, loss2=0.2970, dev_macro_f1=0.5826, dev_err=37.89%
2026-02-26 20:43:41,569 - lg_cotrain - INFO - Phase 2 epoch 4/9: loss1=0.0530, loss2=0.2026, dev_macro_f1=0.5806, dev_err=38.00%
2026-02-26 20:44:58,344 - lg_cotrain - INFO - Phase 2 epoch 5/9: loss1=0.0301, loss2=0.1311, dev_macro_f1=0.5873, dev_err=37.58%
2026-02-26 20:46:15,747 - lg_cotrain - INFO - Phase 2 epoch 6/9: loss1=0.0241, loss2=0.0687, dev_macro_f1=0.5978, dev_err=35.80%
2026-02-26 20:47:33,619 - lg_cotrain - INFO - Phase 2 epoch 7/9: loss1=0.0183, loss2=0.0365, dev_macro_f1=0.5905, dev_err=37.89%
2026-02-26 20:48:51,511 - lg_cotrain - INFO - Phase 2 epoch 8/9: loss1=0.0128, loss2=0.0225, dev_macro_f1=0.6067, dev_err=36.95%
2026-02-26 20:50:08,632 - lg_cotrain - INFO - Phase 2 epoch 9/9: loss1=0.0075, loss2=0.0116, dev_macro_f1=0.6030, dev_err=36.64%
2026-02-26 20:50:08,633 - lg_cotrain - INFO - === Phase 3: Fine-Tuning ===
2026-02-26 20:50:11,547 - lg_cotrain - INFO - Phase 3 epoch 1: dev_macro_f1=0.6077, dev_err=36.22%, es_counter1=0, es_counter2=0
2026-02-26 20:50:14,476 - lg_cotrain - INFO - Phase 3 epoch 2: dev_macro_f1=0.6206, dev_err=35.70%, es_counter1=0, es_counter2=0
2026-02-26 20:50:17,378 - lg_cotrain - INFO - Phase 3 epoch 3: dev_macro_f1=0.6184, dev_err=35.91%, es_counter1=1, es_counter2=1
2026-02-26 20:50:20,267 - lg_cotrain - INFO - Phase 3 epoch 4: dev_macro_f1=0.6192, dev_err=36.01%, es_counter1=2, es_counter2=2
2026-02-26 20:50:23,218 - lg_cotrain - INFO - Phase 3 epoch 5: dev_macro_f1=0.6065, dev_err=37.37%, es_counter1=3, es_counter2=3
2026-02-26 20:50:26,116 - lg_cotrain - INFO - Phase 3 epoch 6: dev_macro_f1=0.6054, dev_err=37.79%, es_counter1=4, es_counter2=4
2026-02-26 20:50:29,019 - lg_cotrain - INFO - Phase 3 epoch 7: dev_macro_f1=0.6062, dev_err=37.89%, es_counter1=5, es_counter2=5
2026-02-26 20:50:31,964 - lg_cotrain - INFO - Phase 3 epoch 8: dev_macro_f1=0.6023, dev_err=38.20%, es_counter1=6, es_counter2=6
2026-02-26 20:50:31,964 - lg_cotrain - INFO - Early stopping at epoch 8
2026-02-26 20:50:31,974 - lg_cotrain - INFO - === Final Evaluation ===
2026-02-26 20:50:39,959 - lg_cotrain - INFO - Results saved to C:\Users\anhtr\AppData\Local\Temp\tmpozqa54aw\hurricane_irma_2017\5_set2\metrics.json
2026-02-26 20:50:39,959 - lg_cotrain - INFO - Test error rate: 36.52%, Test macro-F1: 0.6045, Test ECE: 0.2716
2026-02-26 20:50:39,968 - lg_cotrain - INFO - --- Trial 9/10 done: dev_macro_f1=0.6206 ---
2026-02-26 20:50:39,969 - lg_cotrain - INFO - --- Trial 10/10 ---
2026-02-26 20:50:40,539 - lg_cotrain - INFO - Starting LG-CoTrain: event=hurricane_irma_2017, budget=5, seed_set=2
2026-02-26 20:50:40,584 - lg_cotrain - INFO - Detected 9 classes for event hurricane_irma_2017: ['caution_and_advice', 'displaced_people_and_evacuations', 'infrastructure_and_utility_damage', 'injured_or_dead_people', 'not_humanitarian', 'other_relevant_information', 'requests_or_urgent_needs', 'rescue_volunteering_or_donation_effort', 'sympathy_and_support']
2026-02-26 20:50:40,594 - lg_cotrain - INFO - D_l1: 27, D_l2: 18, D_LG: 6534
2026-02-26 20:50:40,595 - lg_cotrain - INFO - === Phase 1: Weight Generation ===
2026-02-26 20:51:01,440 - lg_cotrain - INFO - Phase 1 epoch 1/7: mean_prob1=0.1174, mean_prob2=0.1104
2026-02-26 20:51:21,247 - lg_cotrain - INFO - Phase 1 epoch 2/7: mean_prob1=0.1029, mean_prob2=0.1118
2026-02-26 20:51:41,123 - lg_cotrain - INFO - Phase 1 epoch 3/7: mean_prob1=0.1160, mean_prob2=0.1082
2026-02-26 20:52:01,213 - lg_cotrain - INFO - Phase 1 epoch 4/7: mean_prob1=0.1302, mean_prob2=0.1140
2026-02-26 20:52:21,191 - lg_cotrain - INFO - Phase 1 epoch 5/7: mean_prob1=0.1368, mean_prob2=0.1156
2026-02-26 20:52:41,047 - lg_cotrain - INFO - Phase 1 epoch 6/7: mean_prob1=0.1427, mean_prob2=0.1192
2026-02-26 20:53:00,832 - lg_cotrain - INFO - Phase 1 epoch 7/7: mean_prob1=0.1500, mean_prob2=0.1190
2026-02-26 20:53:00,832 - lg_cotrain - INFO - === Phase 2: Co-Training ===
2026-02-26 20:53:01,901 - lg_cotrain - INFO - LR scheduler: total_steps_1=1336, warmup=302; total_steps_2=1336, warmup=302
2026-02-26 20:53:01,902 - lg_cotrain - INFO - Phase 1 done -> seeded Phase 2 trackers. lambda1: mean=0.1500, range=[0.0208, 0.3862]
2026-02-26 20:53:01,902 - lg_cotrain - INFO - Phase 1 done -> seeded Phase 2 trackers. lambda2: mean=0.1190, range=[0.0277, 0.6316]
2026-02-26 20:54:20,037 - lg_cotrain - INFO - Phase 2 epoch 1/12: loss1=0.1968, loss2=0.2424, dev_macro_f1=0.5420, dev_err=38.73%
2026-02-26 20:55:36,764 - lg_cotrain - INFO - Phase 2 epoch 2/12: loss1=0.0583, loss2=0.2158, dev_macro_f1=0.5139, dev_err=41.13%
2026-02-26 20:56:52,483 - lg_cotrain - INFO - Phase 2 epoch 3/12: loss1=0.0425, loss2=0.2354, dev_macro_f1=0.5737, dev_err=37.68%
2026-02-26 20:58:08,293 - lg_cotrain - INFO - Phase 2 epoch 4/12: loss1=0.0445, loss2=0.2128, dev_macro_f1=0.5784, dev_err=38.31%
2026-02-26 20:59:23,884 - lg_cotrain - INFO - Phase 2 epoch 5/12: loss1=0.0357, loss2=0.1401, dev_macro_f1=0.5992, dev_err=36.95%
2026-02-26 21:00:39,679 - lg_cotrain - INFO - Phase 2 epoch 6/12: loss1=0.0587, loss2=0.0778, dev_macro_f1=0.5910, dev_err=38.62%
2026-02-26 21:01:55,157 - lg_cotrain - INFO - Phase 2 epoch 7/12: loss1=0.0199, loss2=0.0385, dev_macro_f1=0.6096, dev_err=38.20%
2026-02-26 21:03:10,845 - lg_cotrain - INFO - Phase 2 epoch 8/12: loss1=0.0250, loss2=0.0206, dev_macro_f1=0.6029, dev_err=38.10%
2026-02-26 21:04:26,622 - lg_cotrain - INFO - Phase 2 epoch 9/12: loss1=0.0138, loss2=0.0168, dev_macro_f1=0.5893, dev_err=39.35%
2026-02-26 21:05:43,288 - lg_cotrain - INFO - Phase 2 epoch 10/12: loss1=0.0102, loss2=0.0085, dev_macro_f1=0.6090, dev_err=37.68%
2026-02-26 21:06:59,201 - lg_cotrain - INFO - Phase 2 epoch 11/12: loss1=0.0105, loss2=0.0079, dev_macro_f1=0.6127, dev_err=37.16%
2026-02-26 21:08:14,713 - lg_cotrain - INFO - Phase 2 epoch 12/12: loss1=0.0082, loss2=0.0051, dev_macro_f1=0.6041, dev_err=38.00%
2026-02-26 21:08:14,713 - lg_cotrain - INFO - === Phase 3: Fine-Tuning ===
2026-02-26 21:08:17,651 - lg_cotrain - INFO - Phase 3 epoch 1: dev_macro_f1=0.6045, dev_err=38.10%, es_counter1=0, es_counter2=0
2026-02-26 21:08:20,656 - lg_cotrain - INFO - Phase 3 epoch 2: dev_macro_f1=0.6095, dev_err=37.58%, es_counter1=0, es_counter2=0
2026-02-26 21:08:23,555 - lg_cotrain - INFO - Phase 3 epoch 3: dev_macro_f1=0.6068, dev_err=37.47%, es_counter1=1, es_counter2=1
2026-02-26 21:08:26,455 - lg_cotrain - INFO - Phase 3 epoch 4: dev_macro_f1=0.6019, dev_err=37.89%, es_counter1=2, es_counter2=2
2026-02-26 21:08:29,352 - lg_cotrain - INFO - Phase 3 epoch 5: dev_macro_f1=0.6066, dev_err=37.47%, es_counter1=3, es_counter2=3
2026-02-26 21:08:32,252 - lg_cotrain - INFO - Phase 3 epoch 6: dev_macro_f1=0.6059, dev_err=37.68%, es_counter1=4, es_counter2=4
2026-02-26 21:08:35,146 - lg_cotrain - INFO - Phase 3 epoch 7: dev_macro_f1=0.6061, dev_err=37.58%, es_counter1=5, es_counter2=5
2026-02-26 21:08:38,048 - lg_cotrain - INFO - Phase 3 epoch 8: dev_macro_f1=0.6019, dev_err=38.00%, es_counter1=6, es_counter2=6
2026-02-26 21:08:40,949 - lg_cotrain - INFO - Phase 3 epoch 9: dev_macro_f1=0.5992, dev_err=38.41%, es_counter1=7, es_counter2=7
2026-02-26 21:08:43,849 - lg_cotrain - INFO - Phase 3 epoch 10: dev_macro_f1=0.6012, dev_err=38.41%, es_counter1=8, es_counter2=8
2026-02-26 21:08:46,738 - lg_cotrain - INFO - Phase 3 epoch 11: dev_macro_f1=0.5937, dev_err=39.46%, es_counter1=9, es_counter2=9
2026-02-26 21:08:46,738 - lg_cotrain - INFO - Early stopping at epoch 11
2026-02-26 21:08:46,749 - lg_cotrain - INFO - === Final Evaluation ===
2026-02-26 21:08:54,694 - lg_cotrain - INFO - Results saved to C:\Users\anhtr\AppData\Local\Temp\tmp75lmuj9y\hurricane_irma_2017\5_set2\metrics.json
2026-02-26 21:08:54,694 - lg_cotrain - INFO - Test error rate: 36.14%, Test macro-F1: 0.6021, Test ECE: 0.2678
2026-02-26 21:08:54,705 - lg_cotrain - INFO - --- Trial 10/10 done: dev_macro_f1=0.6095 ---
