2026-02-24 19:07:35,745 - lg_cotrain - INFO - === Optuna study: hurricane_dorian_2019 budget=25 seed=3 | target=10 trials, 0 replayed, 10 new ===
2026-02-24 19:07:35,746 - lg_cotrain - INFO - --- Trial 1/10 ---
2026-02-24 19:07:36,333 - lg_cotrain - INFO - Starting LG-CoTrain: event=hurricane_dorian_2019, budget=25, seed_set=3
2026-02-24 19:07:36,393 - lg_cotrain - INFO - Detected 9 classes for event hurricane_dorian_2019: ['caution_and_advice', 'displaced_people_and_evacuations', 'infrastructure_and_utility_damage', 'injured_or_dead_people', 'not_humanitarian', 'other_relevant_information', 'requests_or_urgent_needs', 'rescue_volunteering_or_donation_effort', 'sympathy_and_support']
2026-02-24 19:07:36,400 - lg_cotrain - INFO - D_l1: 117, D_l2: 108, D_LG: 5104
2026-02-24 19:07:36,402 - lg_cotrain - INFO - === Phase 1: Weight Generation ===
2026-02-24 19:07:57,720 - lg_cotrain - INFO - Phase 1 epoch 1/7: mean_prob1=0.0926, mean_prob2=0.1195
2026-02-24 19:08:18,238 - lg_cotrain - INFO - Phase 1 epoch 2/7: mean_prob1=0.1176, mean_prob2=0.1340
2026-02-24 19:08:38,759 - lg_cotrain - INFO - Phase 1 epoch 3/7: mean_prob1=0.1216, mean_prob2=0.1431
2026-02-24 19:08:59,435 - lg_cotrain - INFO - Phase 1 epoch 4/7: mean_prob1=0.1654, mean_prob2=0.1778
2026-02-24 19:09:19,383 - lg_cotrain - INFO - Phase 1 epoch 5/7: mean_prob1=0.2011, mean_prob2=0.2423
2026-02-24 19:09:39,567 - lg_cotrain - INFO - Phase 1 epoch 6/7: mean_prob1=0.2605, mean_prob2=0.3267
2026-02-24 19:09:59,477 - lg_cotrain - INFO - Phase 1 epoch 7/7: mean_prob1=0.3293, mean_prob2=0.3555
2026-02-24 19:09:59,477 - lg_cotrain - INFO - === Phase 2: Co-Training ===
2026-02-24 19:10:00,588 - lg_cotrain - INFO - LR scheduler: total_steps_1=2000, warmup=572; total_steps_2=2000, warmup=572
2026-02-24 19:10:00,588 - lg_cotrain - INFO - Phase 1 done -> seeded Phase 2 trackers. lambda1: mean=0.3293, range=[0.0070, 0.8147]
2026-02-24 19:10:00,589 - lg_cotrain - INFO - Phase 1 done -> seeded Phase 2 trackers. lambda2: mean=0.3555, range=[0.0062, 0.8634]
2026-02-24 19:11:15,615 - lg_cotrain - INFO - Phase 2 epoch 1/10: loss1=0.4949, loss2=0.4443, dev_macro_f1=0.4694, dev_err=38.27%
2026-02-24 19:12:29,916 - lg_cotrain - INFO - Phase 2 epoch 2/10: loss1=0.0623, loss2=0.2391, dev_macro_f1=0.4632, dev_err=38.79%
2026-02-24 19:13:43,936 - lg_cotrain - INFO - Phase 2 epoch 3/10: loss1=0.0691, loss2=0.1943, dev_macro_f1=0.4670, dev_err=38.14%
2026-02-24 19:14:57,572 - lg_cotrain - INFO - Phase 2 epoch 4/10: loss1=0.0714, loss2=0.1846, dev_macro_f1=0.4678, dev_err=38.66%
2026-02-24 19:16:12,019 - lg_cotrain - INFO - Phase 2 epoch 5/10: loss1=0.0687, loss2=0.1455, dev_macro_f1=0.4587, dev_err=39.18%
2026-02-24 19:17:27,004 - lg_cotrain - INFO - Phase 2 epoch 6/10: loss1=0.0345, loss2=0.0920, dev_macro_f1=0.5231, dev_err=38.40%
2026-02-24 19:18:41,375 - lg_cotrain - INFO - Phase 2 epoch 7/10: loss1=0.0333, loss2=0.0524, dev_macro_f1=0.5086, dev_err=37.37%
2026-02-24 19:19:56,160 - lg_cotrain - INFO - Phase 2 epoch 8/10: loss1=0.0179, loss2=0.0343, dev_macro_f1=0.5237, dev_err=38.66%
2026-02-24 19:21:11,153 - lg_cotrain - INFO - Phase 2 epoch 9/10: loss1=0.0129, loss2=0.0154, dev_macro_f1=0.5171, dev_err=38.27%
2026-02-24 19:22:25,137 - lg_cotrain - INFO - Phase 2 epoch 10/10: loss1=0.0083, loss2=0.0124, dev_macro_f1=0.5524, dev_err=38.27%
2026-02-24 19:22:25,137 - lg_cotrain - INFO - === Phase 3: Fine-Tuning ===
2026-02-24 19:22:29,021 - lg_cotrain - INFO - Phase 3 epoch 1: dev_macro_f1=0.5777, dev_err=35.95%, es_counter1=0, es_counter2=0
2026-02-24 19:22:32,890 - lg_cotrain - INFO - Phase 3 epoch 2: dev_macro_f1=0.5132, dev_err=44.07%, es_counter1=1, es_counter2=1
2026-02-24 19:22:36,761 - lg_cotrain - INFO - Phase 3 epoch 3: dev_macro_f1=0.5855, dev_err=38.40%, es_counter1=0, es_counter2=0
2026-02-24 19:22:40,743 - lg_cotrain - INFO - Phase 3 epoch 4: dev_macro_f1=0.6054, dev_err=36.47%, es_counter1=0, es_counter2=0
2026-02-24 19:22:44,580 - lg_cotrain - INFO - Phase 3 epoch 5: dev_macro_f1=0.5760, dev_err=38.02%, es_counter1=1, es_counter2=1
2026-02-24 19:22:48,423 - lg_cotrain - INFO - Phase 3 epoch 6: dev_macro_f1=0.5692, dev_err=38.14%, es_counter1=2, es_counter2=2
2026-02-24 19:22:52,236 - lg_cotrain - INFO - Phase 3 epoch 7: dev_macro_f1=0.5732, dev_err=38.79%, es_counter1=3, es_counter2=3
2026-02-24 19:22:56,096 - lg_cotrain - INFO - Phase 3 epoch 8: dev_macro_f1=0.5794, dev_err=38.27%, es_counter1=4, es_counter2=4
2026-02-24 19:22:56,097 - lg_cotrain - INFO - Early stopping at epoch 8
2026-02-24 19:22:56,106 - lg_cotrain - INFO - === Final Evaluation ===
2026-02-24 19:23:04,013 - lg_cotrain - INFO - Results saved to C:\Users\anhtr\AppData\Local\Temp\tmp9cabykc3\hurricane_dorian_2019\25_set3\metrics.json
2026-02-24 19:23:04,014 - lg_cotrain - INFO - Test error rate: 35.28%, Test macro-F1: 0.5765, Test ECE: 0.0749
2026-02-24 19:23:04,023 - lg_cotrain - INFO - --- Trial 1/10 done: dev_macro_f1=0.6054 ---
2026-02-24 19:23:04,023 - lg_cotrain - INFO - --- Trial 2/10 ---
2026-02-24 19:23:04,645 - lg_cotrain - INFO - Starting LG-CoTrain: event=hurricane_dorian_2019, budget=25, seed_set=3
2026-02-24 19:23:04,684 - lg_cotrain - INFO - Detected 9 classes for event hurricane_dorian_2019: ['caution_and_advice', 'displaced_people_and_evacuations', 'infrastructure_and_utility_damage', 'injured_or_dead_people', 'not_humanitarian', 'other_relevant_information', 'requests_or_urgent_needs', 'rescue_volunteering_or_donation_effort', 'sympathy_and_support']
2026-02-24 19:23:04,693 - lg_cotrain - INFO - D_l1: 117, D_l2: 108, D_LG: 5104
2026-02-24 19:23:04,694 - lg_cotrain - INFO - === Phase 1: Weight Generation ===
2026-02-24 19:23:24,360 - lg_cotrain - INFO - Phase 1 epoch 1/7: mean_prob1=0.1211, mean_prob2=0.1225
2026-02-24 19:23:43,199 - lg_cotrain - INFO - Phase 1 epoch 2/7: mean_prob1=0.1047, mean_prob2=0.1164
2026-02-24 19:24:02,082 - lg_cotrain - INFO - Phase 1 epoch 3/7: mean_prob1=0.1264, mean_prob2=0.1156
2026-02-24 19:24:20,958 - lg_cotrain - INFO - Phase 1 epoch 4/7: mean_prob1=0.1390, mean_prob2=0.1131
2026-02-24 19:24:39,523 - lg_cotrain - INFO - Phase 1 epoch 5/7: mean_prob1=0.1704, mean_prob2=0.1123
2026-02-24 19:24:57,942 - lg_cotrain - INFO - Phase 1 epoch 6/7: mean_prob1=0.1854, mean_prob2=0.1225
2026-02-24 19:25:16,713 - lg_cotrain - INFO - Phase 1 epoch 7/7: mean_prob1=0.2454, mean_prob2=0.1226
2026-02-24 19:25:16,713 - lg_cotrain - INFO - === Phase 2: Co-Training ===
2026-02-24 19:25:17,913 - lg_cotrain - INFO - LR scheduler: total_steps_1=760, warmup=213; total_steps_2=760, warmup=213
2026-02-24 19:25:17,914 - lg_cotrain - INFO - Phase 1 done -> seeded Phase 2 trackers. lambda1: mean=0.2454, range=[0.0098, 0.7052]
2026-02-24 19:25:17,914 - lg_cotrain - INFO - Phase 1 done -> seeded Phase 2 trackers. lambda2: mean=0.1226, range=[0.0375, 0.4280]
2026-02-24 19:26:25,692 - lg_cotrain - INFO - Phase 2 epoch 1/7: loss1=0.1963, loss2=0.3442, dev_macro_f1=0.4686, dev_err=38.53%
2026-02-24 19:27:33,543 - lg_cotrain - INFO - Phase 2 epoch 2/7: loss1=0.0464, loss2=0.2179, dev_macro_f1=0.4669, dev_err=38.40%
2026-02-24 19:28:40,978 - lg_cotrain - INFO - Phase 2 epoch 3/7: loss1=0.0550, loss2=0.2371, dev_macro_f1=0.4700, dev_err=38.02%
2026-02-24 19:29:49,375 - lg_cotrain - INFO - Phase 2 epoch 4/7: loss1=0.0476, loss2=0.1858, dev_macro_f1=0.4722, dev_err=37.63%
2026-02-24 19:30:59,172 - lg_cotrain - INFO - Phase 2 epoch 5/7: loss1=0.0274, loss2=0.1177, dev_macro_f1=0.4704, dev_err=37.63%
2026-02-24 19:32:08,638 - lg_cotrain - INFO - Phase 2 epoch 6/7: loss1=0.0195, loss2=0.0460, dev_macro_f1=0.4747, dev_err=38.02%
2026-02-24 19:33:16,351 - lg_cotrain - INFO - Phase 2 epoch 7/7: loss1=0.0076, loss2=0.0245, dev_macro_f1=0.5051, dev_err=37.76%
2026-02-24 19:33:16,351 - lg_cotrain - INFO - === Phase 3: Fine-Tuning ===
2026-02-24 19:33:19,972 - lg_cotrain - INFO - Phase 3 epoch 1: dev_macro_f1=0.5331, dev_err=37.63%, es_counter1=0, es_counter2=0
2026-02-24 19:33:23,540 - lg_cotrain - INFO - Phase 3 epoch 2: dev_macro_f1=0.5511, dev_err=37.24%, es_counter1=0, es_counter2=0
2026-02-24 19:33:27,074 - lg_cotrain - INFO - Phase 3 epoch 3: dev_macro_f1=0.5197, dev_err=41.88%, es_counter1=1, es_counter2=1
2026-02-24 19:33:30,647 - lg_cotrain - INFO - Phase 3 epoch 4: dev_macro_f1=0.5294, dev_err=42.27%, es_counter1=2, es_counter2=2
2026-02-24 19:33:34,266 - lg_cotrain - INFO - Phase 3 epoch 5: dev_macro_f1=0.5717, dev_err=38.92%, es_counter1=0, es_counter2=0
2026-02-24 19:33:37,909 - lg_cotrain - INFO - Phase 3 epoch 6: dev_macro_f1=0.5940, dev_err=37.11%, es_counter1=0, es_counter2=0
2026-02-24 19:33:41,574 - lg_cotrain - INFO - Phase 3 epoch 7: dev_macro_f1=0.6042, dev_err=36.34%, es_counter1=0, es_counter2=0
2026-02-24 19:33:45,155 - lg_cotrain - INFO - Phase 3 epoch 8: dev_macro_f1=0.6028, dev_err=36.47%, es_counter1=1, es_counter2=1
2026-02-24 19:33:48,852 - lg_cotrain - INFO - Phase 3 epoch 9: dev_macro_f1=0.5978, dev_err=37.24%, es_counter1=2, es_counter2=2
2026-02-24 19:33:52,515 - lg_cotrain - INFO - Phase 3 epoch 10: dev_macro_f1=0.6024, dev_err=36.73%, es_counter1=3, es_counter2=3
2026-02-24 19:33:56,121 - lg_cotrain - INFO - Phase 3 epoch 11: dev_macro_f1=0.5979, dev_err=37.24%, es_counter1=4, es_counter2=4
2026-02-24 19:33:59,779 - lg_cotrain - INFO - Phase 3 epoch 12: dev_macro_f1=0.5935, dev_err=37.63%, es_counter1=5, es_counter2=5
2026-02-24 19:34:03,429 - lg_cotrain - INFO - Phase 3 epoch 13: dev_macro_f1=0.5857, dev_err=38.27%, es_counter1=6, es_counter2=6
2026-02-24 19:34:03,429 - lg_cotrain - INFO - Early stopping at epoch 13
2026-02-24 19:34:03,438 - lg_cotrain - INFO - === Final Evaluation ===
2026-02-24 19:34:10,939 - lg_cotrain - INFO - Results saved to C:\Users\anhtr\AppData\Local\Temp\tmpnd7dodlm\hurricane_dorian_2019\25_set3\metrics.json
2026-02-24 19:34:10,939 - lg_cotrain - INFO - Test error rate: 34.55%, Test macro-F1: 0.5989, Test ECE: 0.0755
2026-02-24 19:34:10,952 - lg_cotrain - INFO - --- Trial 2/10 done: dev_macro_f1=0.6042 ---
2026-02-24 19:34:10,953 - lg_cotrain - INFO - --- Trial 3/10 ---
2026-02-24 19:34:11,543 - lg_cotrain - INFO - Starting LG-CoTrain: event=hurricane_dorian_2019, budget=25, seed_set=3
2026-02-24 19:34:11,584 - lg_cotrain - INFO - Detected 9 classes for event hurricane_dorian_2019: ['caution_and_advice', 'displaced_people_and_evacuations', 'infrastructure_and_utility_damage', 'injured_or_dead_people', 'not_humanitarian', 'other_relevant_information', 'requests_or_urgent_needs', 'rescue_volunteering_or_donation_effort', 'sympathy_and_support']
2026-02-24 19:34:11,593 - lg_cotrain - INFO - D_l1: 117, D_l2: 108, D_LG: 5104
2026-02-24 19:34:11,594 - lg_cotrain - INFO - === Phase 1: Weight Generation ===
2026-02-24 19:34:31,459 - lg_cotrain - INFO - Phase 1 epoch 1/7: mean_prob1=0.1068, mean_prob2=0.1150
2026-02-24 19:34:50,050 - lg_cotrain - INFO - Phase 1 epoch 2/7: mean_prob1=0.1117, mean_prob2=0.1174
2026-02-24 19:35:08,654 - lg_cotrain - INFO - Phase 1 epoch 3/7: mean_prob1=0.1111, mean_prob2=0.1205
2026-02-24 19:35:27,139 - lg_cotrain - INFO - Phase 1 epoch 4/7: mean_prob1=0.1145, mean_prob2=0.1213
2026-02-24 19:35:45,619 - lg_cotrain - INFO - Phase 1 epoch 5/7: mean_prob1=0.1183, mean_prob2=0.1220
2026-02-24 19:36:04,294 - lg_cotrain - INFO - Phase 1 epoch 6/7: mean_prob1=0.1234, mean_prob2=0.1214
2026-02-24 19:36:22,718 - lg_cotrain - INFO - Phase 1 epoch 7/7: mean_prob1=0.1218, mean_prob2=0.1209
2026-02-24 19:36:22,718 - lg_cotrain - INFO - === Phase 2: Co-Training ===
2026-02-24 19:36:23,805 - lg_cotrain - INFO - LR scheduler: total_steps_1=920, warmup=131; total_steps_2=920, warmup=131
2026-02-24 19:36:23,806 - lg_cotrain - INFO - Phase 1 done -> seeded Phase 2 trackers. lambda1: mean=0.1218, range=[0.0506, 0.2719]
2026-02-24 19:36:23,806 - lg_cotrain - INFO - Phase 1 done -> seeded Phase 2 trackers. lambda2: mean=0.1209, range=[0.0335, 0.2914]
2026-02-24 19:37:31,460 - lg_cotrain - INFO - Phase 2 epoch 1/9: loss1=0.2563, loss2=0.2484, dev_macro_f1=0.2815, dev_err=57.60%
2026-02-24 19:38:38,425 - lg_cotrain - INFO - Phase 2 epoch 2/9: loss1=0.1421, loss2=0.2290, dev_macro_f1=0.4348, dev_err=42.14%
2026-02-24 19:39:46,155 - lg_cotrain - INFO - Phase 2 epoch 3/9: loss1=0.0604, loss2=0.1593, dev_macro_f1=0.4555, dev_err=40.21%
2026-02-24 19:40:53,106 - lg_cotrain - INFO - Phase 2 epoch 4/9: loss1=0.0422, loss2=0.1107, dev_macro_f1=0.4600, dev_err=39.05%
2026-02-24 19:42:00,992 - lg_cotrain - INFO - Phase 2 epoch 5/9: loss1=0.0282, loss2=0.0844, dev_macro_f1=0.4527, dev_err=40.08%
2026-02-24 19:43:08,805 - lg_cotrain - INFO - Phase 2 epoch 6/9: loss1=0.0219, loss2=0.0618, dev_macro_f1=0.4540, dev_err=40.08%
2026-02-24 19:44:18,104 - lg_cotrain - INFO - Phase 2 epoch 7/9: loss1=0.0188, loss2=0.0460, dev_macro_f1=0.4557, dev_err=39.56%
2026-02-24 19:45:27,759 - lg_cotrain - INFO - Phase 2 epoch 8/9: loss1=0.0172, loss2=0.0408, dev_macro_f1=0.4542, dev_err=39.56%
2026-02-24 19:46:35,909 - lg_cotrain - INFO - Phase 2 epoch 9/9: loss1=0.0148, loss2=0.0347, dev_macro_f1=0.4545, dev_err=39.69%
2026-02-24 19:46:35,909 - lg_cotrain - INFO - === Phase 3: Fine-Tuning ===
2026-02-24 19:46:39,497 - lg_cotrain - INFO - Phase 3 epoch 1: dev_macro_f1=0.4571, dev_err=39.30%, es_counter1=0, es_counter2=0
2026-02-24 19:46:43,215 - lg_cotrain - INFO - Phase 3 epoch 2: dev_macro_f1=0.4558, dev_err=39.82%, es_counter1=1, es_counter2=1
2026-02-24 19:46:46,778 - lg_cotrain - INFO - Phase 3 epoch 3: dev_macro_f1=0.4563, dev_err=39.95%, es_counter1=2, es_counter2=2
2026-02-24 19:46:50,396 - lg_cotrain - INFO - Phase 3 epoch 4: dev_macro_f1=0.4621, dev_err=39.95%, es_counter1=0, es_counter2=0
2026-02-24 19:46:53,976 - lg_cotrain - INFO - Phase 3 epoch 5: dev_macro_f1=0.4696, dev_err=39.82%, es_counter1=0, es_counter2=0
2026-02-24 19:46:57,631 - lg_cotrain - INFO - Phase 3 epoch 6: dev_macro_f1=0.4710, dev_err=40.34%, es_counter1=0, es_counter2=0
2026-02-24 19:47:01,274 - lg_cotrain - INFO - Phase 3 epoch 7: dev_macro_f1=0.4873, dev_err=40.34%, es_counter1=0, es_counter2=0
2026-02-24 19:47:04,936 - lg_cotrain - INFO - Phase 3 epoch 8: dev_macro_f1=0.4933, dev_err=39.82%, es_counter1=0, es_counter2=0
2026-02-24 19:47:08,607 - lg_cotrain - INFO - Phase 3 epoch 9: dev_macro_f1=0.4932, dev_err=39.95%, es_counter1=1, es_counter2=1
2026-02-24 19:47:12,298 - lg_cotrain - INFO - Phase 3 epoch 10: dev_macro_f1=0.5030, dev_err=38.40%, es_counter1=0, es_counter2=0
2026-02-24 19:47:15,894 - lg_cotrain - INFO - Phase 3 epoch 11: dev_macro_f1=0.5338, dev_err=37.37%, es_counter1=0, es_counter2=0
2026-02-24 19:47:19,472 - lg_cotrain - INFO - Phase 3 epoch 12: dev_macro_f1=0.5559, dev_err=37.63%, es_counter1=0, es_counter2=0
2026-02-24 19:47:23,014 - lg_cotrain - INFO - Phase 3 epoch 13: dev_macro_f1=0.5521, dev_err=37.63%, es_counter1=1, es_counter2=1
2026-02-24 19:47:26,602 - lg_cotrain - INFO - Phase 3 epoch 14: dev_macro_f1=0.5800, dev_err=37.11%, es_counter1=0, es_counter2=0
2026-02-24 19:47:30,162 - lg_cotrain - INFO - Phase 3 epoch 15: dev_macro_f1=0.5782, dev_err=37.24%, es_counter1=1, es_counter2=1
2026-02-24 19:47:33,719 - lg_cotrain - INFO - Phase 3 epoch 16: dev_macro_f1=0.5742, dev_err=36.98%, es_counter1=2, es_counter2=2
2026-02-24 19:47:37,376 - lg_cotrain - INFO - Phase 3 epoch 17: dev_macro_f1=0.5617, dev_err=37.63%, es_counter1=3, es_counter2=3
2026-02-24 19:47:41,330 - lg_cotrain - INFO - Phase 3 epoch 18: dev_macro_f1=0.5671, dev_err=37.37%, es_counter1=4, es_counter2=4
2026-02-24 19:47:45,327 - lg_cotrain - INFO - Phase 3 epoch 19: dev_macro_f1=0.5670, dev_err=37.37%, es_counter1=5, es_counter2=5
2026-02-24 19:47:45,327 - lg_cotrain - INFO - Early stopping at epoch 19
2026-02-24 19:47:45,338 - lg_cotrain - INFO - === Final Evaluation ===
2026-02-24 19:47:53,122 - lg_cotrain - INFO - Results saved to C:\Users\anhtr\AppData\Local\Temp\tmper0e__on\hurricane_dorian_2019\25_set3\metrics.json
2026-02-24 19:47:53,123 - lg_cotrain - INFO - Test error rate: 35.21%, Test macro-F1: 0.5699, Test ECE: 0.0991
2026-02-24 19:47:53,133 - lg_cotrain - INFO - --- Trial 3/10 done: dev_macro_f1=0.5800 ---
2026-02-24 19:47:53,133 - lg_cotrain - INFO - --- Trial 4/10 ---
2026-02-24 19:47:53,751 - lg_cotrain - INFO - Starting LG-CoTrain: event=hurricane_dorian_2019, budget=25, seed_set=3
2026-02-24 19:47:53,794 - lg_cotrain - INFO - Detected 9 classes for event hurricane_dorian_2019: ['caution_and_advice', 'displaced_people_and_evacuations', 'infrastructure_and_utility_damage', 'injured_or_dead_people', 'not_humanitarian', 'other_relevant_information', 'requests_or_urgent_needs', 'rescue_volunteering_or_donation_effort', 'sympathy_and_support']
2026-02-24 19:47:53,804 - lg_cotrain - INFO - D_l1: 117, D_l2: 108, D_LG: 5104
2026-02-24 19:47:53,805 - lg_cotrain - INFO - === Phase 1: Weight Generation ===
2026-02-24 19:48:13,491 - lg_cotrain - INFO - Phase 1 epoch 1/7: mean_prob1=0.1138, mean_prob2=0.1185
2026-02-24 19:48:32,857 - lg_cotrain - INFO - Phase 1 epoch 2/7: mean_prob1=0.1133, mean_prob2=0.1192
2026-02-24 19:48:51,604 - lg_cotrain - INFO - Phase 1 epoch 3/7: mean_prob1=0.1107, mean_prob2=0.1193
2026-02-24 19:49:09,977 - lg_cotrain - INFO - Phase 1 epoch 4/7: mean_prob1=0.1216, mean_prob2=0.1188
2026-02-24 19:49:28,386 - lg_cotrain - INFO - Phase 1 epoch 5/7: mean_prob1=0.1211, mean_prob2=0.1197
2026-02-24 19:49:46,949 - lg_cotrain - INFO - Phase 1 epoch 6/7: mean_prob1=0.1176, mean_prob2=0.1236
2026-02-24 19:50:05,618 - lg_cotrain - INFO - Phase 1 epoch 7/7: mean_prob1=0.1297, mean_prob2=0.1285
2026-02-24 19:50:05,618 - lg_cotrain - INFO - === Phase 2: Co-Training ===
2026-02-24 19:50:06,674 - lg_cotrain - INFO - LR scheduler: total_steps_1=840, warmup=62; total_steps_2=840, warmup=62
2026-02-24 19:50:06,675 - lg_cotrain - INFO - Phase 1 done -> seeded Phase 2 trackers. lambda1: mean=0.1297, range=[0.0385, 0.3064]
2026-02-24 19:50:06,675 - lg_cotrain - INFO - Phase 1 done -> seeded Phase 2 trackers. lambda2: mean=0.1285, range=[0.0281, 0.3020]
2026-02-24 19:51:13,332 - lg_cotrain - INFO - Phase 2 epoch 1/8: loss1=0.2248, loss2=0.2181, dev_macro_f1=0.4428, dev_err=41.24%
2026-02-24 19:52:19,940 - lg_cotrain - INFO - Phase 2 epoch 2/8: loss1=0.0699, loss2=0.1767, dev_macro_f1=0.4568, dev_err=39.95%
2026-02-24 19:53:26,605 - lg_cotrain - INFO - Phase 2 epoch 3/8: loss1=0.0353, loss2=0.1311, dev_macro_f1=0.4540, dev_err=39.56%
2026-02-24 19:54:33,226 - lg_cotrain - INFO - Phase 2 epoch 4/8: loss1=0.0213, loss2=0.0894, dev_macro_f1=0.4612, dev_err=38.92%
2026-02-24 19:55:39,835 - lg_cotrain - INFO - Phase 2 epoch 5/8: loss1=0.0173, loss2=0.0599, dev_macro_f1=0.4571, dev_err=39.56%
2026-02-24 19:56:46,680 - lg_cotrain - INFO - Phase 2 epoch 6/8: loss1=0.0136, loss2=0.0408, dev_macro_f1=0.4623, dev_err=39.05%
2026-02-24 19:57:53,233 - lg_cotrain - INFO - Phase 2 epoch 7/8: loss1=0.0115, loss2=0.0300, dev_macro_f1=0.4560, dev_err=39.95%
2026-02-24 19:58:59,689 - lg_cotrain - INFO - Phase 2 epoch 8/8: loss1=0.0073, loss2=0.0239, dev_macro_f1=0.4684, dev_err=38.66%
2026-02-24 19:58:59,689 - lg_cotrain - INFO - === Phase 3: Fine-Tuning ===
2026-02-24 19:59:03,209 - lg_cotrain - INFO - Phase 3 epoch 1: dev_macro_f1=0.4744, dev_err=38.53%, es_counter1=0, es_counter2=0
2026-02-24 19:59:06,785 - lg_cotrain - INFO - Phase 3 epoch 2: dev_macro_f1=0.4931, dev_err=37.37%, es_counter1=0, es_counter2=0
2026-02-24 19:59:10,348 - lg_cotrain - INFO - Phase 3 epoch 3: dev_macro_f1=0.5033, dev_err=37.37%, es_counter1=0, es_counter2=0
2026-02-24 19:59:13,898 - lg_cotrain - INFO - Phase 3 epoch 4: dev_macro_f1=0.5415, dev_err=37.11%, es_counter1=0, es_counter2=0
2026-02-24 19:59:17,439 - lg_cotrain - INFO - Phase 3 epoch 5: dev_macro_f1=0.5336, dev_err=38.79%, es_counter1=1, es_counter2=1
2026-02-24 19:59:20,975 - lg_cotrain - INFO - Phase 3 epoch 6: dev_macro_f1=0.5278, dev_err=39.30%, es_counter1=2, es_counter2=2
2026-02-24 19:59:24,524 - lg_cotrain - INFO - Phase 3 epoch 7: dev_macro_f1=0.5613, dev_err=36.86%, es_counter1=0, es_counter2=0
2026-02-24 19:59:28,065 - lg_cotrain - INFO - Phase 3 epoch 8: dev_macro_f1=0.5873, dev_err=35.95%, es_counter1=0, es_counter2=0
2026-02-24 19:59:31,608 - lg_cotrain - INFO - Phase 3 epoch 9: dev_macro_f1=0.5894, dev_err=34.79%, es_counter1=0, es_counter2=0
2026-02-24 19:59:35,128 - lg_cotrain - INFO - Phase 3 epoch 10: dev_macro_f1=0.5876, dev_err=35.18%, es_counter1=1, es_counter2=1
2026-02-24 19:59:38,628 - lg_cotrain - INFO - Phase 3 epoch 11: dev_macro_f1=0.5792, dev_err=35.70%, es_counter1=2, es_counter2=2
2026-02-24 19:59:42,165 - lg_cotrain - INFO - Phase 3 epoch 12: dev_macro_f1=0.5921, dev_err=35.31%, es_counter1=0, es_counter2=0
2026-02-24 19:59:45,708 - lg_cotrain - INFO - Phase 3 epoch 13: dev_macro_f1=0.6029, dev_err=35.05%, es_counter1=0, es_counter2=0
2026-02-24 19:59:49,242 - lg_cotrain - INFO - Phase 3 epoch 14: dev_macro_f1=0.6062, dev_err=35.18%, es_counter1=0, es_counter2=0
2026-02-24 19:59:52,742 - lg_cotrain - INFO - Phase 3 epoch 15: dev_macro_f1=0.6020, dev_err=35.57%, es_counter1=1, es_counter2=1
2026-02-24 19:59:56,238 - lg_cotrain - INFO - Phase 3 epoch 16: dev_macro_f1=0.6041, dev_err=35.70%, es_counter1=2, es_counter2=2
2026-02-24 19:59:59,741 - lg_cotrain - INFO - Phase 3 epoch 17: dev_macro_f1=0.5988, dev_err=36.08%, es_counter1=3, es_counter2=3
2026-02-24 20:00:03,368 - lg_cotrain - INFO - Phase 3 epoch 18: dev_macro_f1=0.5953, dev_err=36.60%, es_counter1=4, es_counter2=4
2026-02-24 20:00:03,368 - lg_cotrain - INFO - Early stopping at epoch 18
2026-02-24 20:00:03,377 - lg_cotrain - INFO - === Final Evaluation ===
2026-02-24 20:00:10,696 - lg_cotrain - INFO - Results saved to C:\Users\anhtr\AppData\Local\Temp\tmpvm_4_75j\hurricane_dorian_2019\25_set3\metrics.json
2026-02-24 20:00:10,696 - lg_cotrain - INFO - Test error rate: 36.27%, Test macro-F1: 0.5759, Test ECE: 0.1081
2026-02-24 20:00:10,707 - lg_cotrain - INFO - --- Trial 4/10 done: dev_macro_f1=0.6062 ---
2026-02-24 20:00:10,707 - lg_cotrain - INFO - --- Trial 5/10 ---
2026-02-24 20:00:11,344 - lg_cotrain - INFO - Starting LG-CoTrain: event=hurricane_dorian_2019, budget=25, seed_set=3
2026-02-24 20:00:11,376 - lg_cotrain - INFO - Detected 9 classes for event hurricane_dorian_2019: ['caution_and_advice', 'displaced_people_and_evacuations', 'infrastructure_and_utility_damage', 'injured_or_dead_people', 'not_humanitarian', 'other_relevant_information', 'requests_or_urgent_needs', 'rescue_volunteering_or_donation_effort', 'sympathy_and_support']
2026-02-24 20:00:11,384 - lg_cotrain - INFO - D_l1: 117, D_l2: 108, D_LG: 5104
2026-02-24 20:00:11,385 - lg_cotrain - INFO - === Phase 1: Weight Generation ===
2026-02-24 20:00:31,052 - lg_cotrain - INFO - Phase 1 epoch 1/7: mean_prob1=0.1203, mean_prob2=0.1239
2026-02-24 20:00:49,573 - lg_cotrain - INFO - Phase 1 epoch 2/7: mean_prob1=0.1092, mean_prob2=0.1207
2026-02-24 20:01:07,869 - lg_cotrain - INFO - Phase 1 epoch 3/7: mean_prob1=0.1275, mean_prob2=0.1214
2026-02-24 20:01:26,132 - lg_cotrain - INFO - Phase 1 epoch 4/7: mean_prob1=0.1322, mean_prob2=0.1249
2026-02-24 20:01:44,520 - lg_cotrain - INFO - Phase 1 epoch 5/7: mean_prob1=0.1510, mean_prob2=0.1360
2026-02-24 20:02:03,158 - lg_cotrain - INFO - Phase 1 epoch 6/7: mean_prob1=0.1652, mean_prob2=0.1415
2026-02-24 20:02:21,575 - lg_cotrain - INFO - Phase 1 epoch 7/7: mean_prob1=0.1836, mean_prob2=0.1507
2026-02-24 20:02:21,575 - lg_cotrain - INFO - === Phase 2: Co-Training ===
2026-02-24 20:02:22,727 - lg_cotrain - INFO - LR scheduler: total_steps_1=1000, warmup=277; total_steps_2=1000, warmup=277
2026-02-24 20:02:22,728 - lg_cotrain - INFO - Phase 1 done -> seeded Phase 2 trackers. lambda1: mean=0.1836, range=[0.0178, 0.5471]
2026-02-24 20:02:22,728 - lg_cotrain - INFO - Phase 1 done -> seeded Phase 2 trackers. lambda2: mean=0.1507, range=[0.0226, 0.3554]
2026-02-24 20:03:29,110 - lg_cotrain - INFO - Phase 2 epoch 1/10: loss1=0.2799, loss2=0.3311, dev_macro_f1=0.3584, dev_err=48.20%
2026-02-24 20:04:35,425 - lg_cotrain - INFO - Phase 2 epoch 2/10: loss1=0.0931, loss2=0.2098, dev_macro_f1=0.4596, dev_err=40.08%
2026-02-24 20:05:41,551 - lg_cotrain - INFO - Phase 2 epoch 3/10: loss1=0.0345, loss2=0.1677, dev_macro_f1=0.4534, dev_err=39.30%
2026-02-24 20:06:47,581 - lg_cotrain - INFO - Phase 2 epoch 4/10: loss1=0.0299, loss2=0.1551, dev_macro_f1=0.4578, dev_err=39.30%
2026-02-24 20:07:53,597 - lg_cotrain - INFO - Phase 2 epoch 5/10: loss1=0.0269, loss2=0.0948, dev_macro_f1=0.4584, dev_err=39.30%
2026-02-24 20:08:59,758 - lg_cotrain - INFO - Phase 2 epoch 6/10: loss1=0.0203, loss2=0.0598, dev_macro_f1=0.4500, dev_err=41.11%
2026-02-24 20:10:05,935 - lg_cotrain - INFO - Phase 2 epoch 7/10: loss1=0.0251, loss2=0.0329, dev_macro_f1=0.4569, dev_err=39.43%
2026-02-24 20:11:12,032 - lg_cotrain - INFO - Phase 2 epoch 8/10: loss1=0.0135, loss2=0.0194, dev_macro_f1=0.4594, dev_err=39.43%
2026-02-24 20:12:18,185 - lg_cotrain - INFO - Phase 2 epoch 9/10: loss1=0.0064, loss2=0.0120, dev_macro_f1=0.4583, dev_err=40.21%
2026-02-24 20:13:24,195 - lg_cotrain - INFO - Phase 2 epoch 10/10: loss1=0.0047, loss2=0.0124, dev_macro_f1=0.4500, dev_err=40.72%
2026-02-24 20:13:24,195 - lg_cotrain - INFO - === Phase 3: Fine-Tuning ===
2026-02-24 20:13:27,708 - lg_cotrain - INFO - Phase 3 epoch 1: dev_macro_f1=0.4956, dev_err=39.43%, es_counter1=0, es_counter2=0
2026-02-24 20:13:31,223 - lg_cotrain - INFO - Phase 3 epoch 2: dev_macro_f1=0.5367, dev_err=38.40%, es_counter1=0, es_counter2=0
2026-02-24 20:13:34,749 - lg_cotrain - INFO - Phase 3 epoch 3: dev_macro_f1=0.5570, dev_err=37.89%, es_counter1=0, es_counter2=0
2026-02-24 20:13:38,241 - lg_cotrain - INFO - Phase 3 epoch 4: dev_macro_f1=0.5310, dev_err=39.56%, es_counter1=1, es_counter2=1
2026-02-24 20:13:41,734 - lg_cotrain - INFO - Phase 3 epoch 5: dev_macro_f1=0.5292, dev_err=41.62%, es_counter1=2, es_counter2=2
2026-02-24 20:13:45,218 - lg_cotrain - INFO - Phase 3 epoch 6: dev_macro_f1=0.5450, dev_err=42.14%, es_counter1=3, es_counter2=3
2026-02-24 20:13:48,699 - lg_cotrain - INFO - Phase 3 epoch 7: dev_macro_f1=0.5551, dev_err=41.11%, es_counter1=4, es_counter2=4
2026-02-24 20:13:52,216 - lg_cotrain - INFO - Phase 3 epoch 8: dev_macro_f1=0.5762, dev_err=39.69%, es_counter1=0, es_counter2=0
2026-02-24 20:13:55,722 - lg_cotrain - INFO - Phase 3 epoch 9: dev_macro_f1=0.5756, dev_err=39.30%, es_counter1=1, es_counter2=1
2026-02-24 20:13:59,260 - lg_cotrain - INFO - Phase 3 epoch 10: dev_macro_f1=0.5778, dev_err=38.92%, es_counter1=0, es_counter2=0
2026-02-24 20:14:02,758 - lg_cotrain - INFO - Phase 3 epoch 11: dev_macro_f1=0.5769, dev_err=38.66%, es_counter1=1, es_counter2=1
2026-02-24 20:14:06,249 - lg_cotrain - INFO - Phase 3 epoch 12: dev_macro_f1=0.5716, dev_err=39.05%, es_counter1=2, es_counter2=2
2026-02-24 20:14:09,757 - lg_cotrain - INFO - Phase 3 epoch 13: dev_macro_f1=0.5758, dev_err=38.66%, es_counter1=3, es_counter2=3
2026-02-24 20:14:13,248 - lg_cotrain - INFO - Phase 3 epoch 14: dev_macro_f1=0.5674, dev_err=38.92%, es_counter1=4, es_counter2=4
2026-02-24 20:14:16,731 - lg_cotrain - INFO - Phase 3 epoch 15: dev_macro_f1=0.5674, dev_err=38.92%, es_counter1=5, es_counter2=5
2026-02-24 20:14:20,222 - lg_cotrain - INFO - Phase 3 epoch 16: dev_macro_f1=0.5656, dev_err=39.56%, es_counter1=6, es_counter2=6
2026-02-24 20:14:23,721 - lg_cotrain - INFO - Phase 3 epoch 17: dev_macro_f1=0.5634, dev_err=39.95%, es_counter1=7, es_counter2=7
2026-02-24 20:14:23,722 - lg_cotrain - INFO - Early stopping at epoch 17
2026-02-24 20:14:23,735 - lg_cotrain - INFO - === Final Evaluation ===
2026-02-24 20:14:31,010 - lg_cotrain - INFO - Results saved to C:\Users\anhtr\AppData\Local\Temp\tmpshofbhbm\hurricane_dorian_2019\25_set3\metrics.json
2026-02-24 20:14:31,010 - lg_cotrain - INFO - Test error rate: 34.68%, Test macro-F1: 0.6131, Test ECE: 0.0855
2026-02-24 20:14:31,022 - lg_cotrain - INFO - --- Trial 5/10 done: dev_macro_f1=0.5778 ---
2026-02-24 20:14:31,022 - lg_cotrain - INFO - --- Trial 6/10 ---
2026-02-24 20:14:31,639 - lg_cotrain - INFO - Starting LG-CoTrain: event=hurricane_dorian_2019, budget=25, seed_set=3
2026-02-24 20:14:31,685 - lg_cotrain - INFO - Detected 9 classes for event hurricane_dorian_2019: ['caution_and_advice', 'displaced_people_and_evacuations', 'infrastructure_and_utility_damage', 'injured_or_dead_people', 'not_humanitarian', 'other_relevant_information', 'requests_or_urgent_needs', 'rescue_volunteering_or_donation_effort', 'sympathy_and_support']
2026-02-24 20:14:31,696 - lg_cotrain - INFO - D_l1: 117, D_l2: 108, D_LG: 5104
2026-02-24 20:14:31,697 - lg_cotrain - INFO - === Phase 1: Weight Generation ===
2026-02-24 20:14:52,873 - lg_cotrain - INFO - Phase 1 epoch 1/7: mean_prob1=0.1096, mean_prob2=0.1138
2026-02-24 20:15:13,152 - lg_cotrain - INFO - Phase 1 epoch 2/7: mean_prob1=0.1166, mean_prob2=0.1196
2026-02-24 20:15:33,337 - lg_cotrain - INFO - Phase 1 epoch 3/7: mean_prob1=0.1237, mean_prob2=0.1468
2026-02-24 20:15:53,498 - lg_cotrain - INFO - Phase 1 epoch 4/7: mean_prob1=0.1480, mean_prob2=0.1030
2026-02-24 20:16:13,740 - lg_cotrain - INFO - Phase 1 epoch 5/7: mean_prob1=0.2179, mean_prob2=0.1057
2026-02-24 20:16:33,950 - lg_cotrain - INFO - Phase 1 epoch 6/7: mean_prob1=0.2428, mean_prob2=0.1104
2026-02-24 20:16:54,000 - lg_cotrain - INFO - Phase 1 epoch 7/7: mean_prob1=0.2651, mean_prob2=0.1103
2026-02-24 20:16:54,000 - lg_cotrain - INFO - === Phase 2: Co-Training ===
2026-02-24 20:16:55,102 - lg_cotrain - INFO - LR scheduler: total_steps_1=4947, warmup=869; total_steps_2=4847, warmup=851
2026-02-24 20:16:55,102 - lg_cotrain - INFO - Phase 1 done -> seeded Phase 2 trackers. lambda1: mean=0.2651, range=[0.0014, 0.9455]
2026-02-24 20:16:55,102 - lg_cotrain - INFO - Phase 1 done -> seeded Phase 2 trackers. lambda2: mean=0.1103, range=[0.0920, 0.1341]
2026-02-24 20:18:14,660 - lg_cotrain - INFO - Phase 2 epoch 1/13: loss1=0.1409, loss2=0.2451, dev_macro_f1=0.4340, dev_err=41.88%
2026-02-24 20:19:34,304 - lg_cotrain - INFO - Phase 2 epoch 2/13: loss1=0.0475, loss2=0.4549, dev_macro_f1=0.4422, dev_err=42.01%
2026-02-24 20:20:53,764 - lg_cotrain - INFO - Phase 2 epoch 3/13: loss1=0.1704, loss2=0.5387, dev_macro_f1=0.3802, dev_err=45.75%
2026-02-24 20:22:13,074 - lg_cotrain - INFO - Phase 2 epoch 4/13: loss1=0.3802, loss2=0.6868, dev_macro_f1=0.0769, dev_err=76.29%
2026-02-24 20:23:32,352 - lg_cotrain - INFO - Phase 2 epoch 5/13: loss1=0.2700, loss2=1.2669, dev_macro_f1=0.0340, dev_err=81.96%
2026-02-24 20:24:51,672 - lg_cotrain - INFO - Phase 2 epoch 6/13: loss1=0.1851, loss2=1.1679, dev_macro_f1=0.0340, dev_err=81.96%
2026-02-24 20:26:10,742 - lg_cotrain - INFO - Phase 2 epoch 7/13: loss1=0.1345, loss2=1.0974, dev_macro_f1=0.0340, dev_err=81.96%
2026-02-24 20:27:30,117 - lg_cotrain - INFO - Phase 2 epoch 8/13: loss1=0.1025, loss2=1.0406, dev_macro_f1=0.0340, dev_err=81.96%
2026-02-24 20:28:49,660 - lg_cotrain - INFO - Phase 2 epoch 9/13: loss1=0.0834, loss2=0.9930, dev_macro_f1=0.0340, dev_err=81.96%
2026-02-24 20:30:08,898 - lg_cotrain - INFO - Phase 2 epoch 10/13: loss1=0.0723, loss2=0.9556, dev_macro_f1=0.0340, dev_err=81.96%
2026-02-24 20:31:28,157 - lg_cotrain - INFO - Phase 2 epoch 11/13: loss1=0.0655, loss2=0.9224, dev_macro_f1=0.0340, dev_err=81.96%
2026-02-24 20:32:47,447 - lg_cotrain - INFO - Phase 2 epoch 12/13: loss1=0.0604, loss2=0.8947, dev_macro_f1=0.0340, dev_err=81.96%
2026-02-24 20:34:06,808 - lg_cotrain - INFO - Phase 2 epoch 13/13: loss1=0.0574, loss2=0.8702, dev_macro_f1=0.0340, dev_err=81.96%
2026-02-24 20:34:06,808 - lg_cotrain - INFO - === Phase 3: Fine-Tuning ===
2026-02-24 20:34:10,841 - lg_cotrain - INFO - Phase 3 epoch 1: dev_macro_f1=0.0340, dev_err=81.96%, es_counter1=0, es_counter2=0
2026-02-24 20:34:14,842 - lg_cotrain - INFO - Phase 3 epoch 2: dev_macro_f1=0.0340, dev_err=81.96%, es_counter1=1, es_counter2=1
2026-02-24 20:34:18,842 - lg_cotrain - INFO - Phase 3 epoch 3: dev_macro_f1=0.0340, dev_err=81.96%, es_counter1=2, es_counter2=2
2026-02-24 20:34:22,857 - lg_cotrain - INFO - Phase 3 epoch 4: dev_macro_f1=0.0354, dev_err=81.06%, es_counter1=0, es_counter2=0
2026-02-24 20:34:26,865 - lg_cotrain - INFO - Phase 3 epoch 5: dev_macro_f1=0.0212, dev_err=89.43%, es_counter1=1, es_counter2=1
2026-02-24 20:34:30,862 - lg_cotrain - INFO - Phase 3 epoch 6: dev_macro_f1=0.0256, dev_err=86.98%, es_counter1=2, es_counter2=2
2026-02-24 20:34:34,867 - lg_cotrain - INFO - Phase 3 epoch 7: dev_macro_f1=0.0256, dev_err=86.98%, es_counter1=3, es_counter2=3
2026-02-24 20:34:38,893 - lg_cotrain - INFO - Phase 3 epoch 8: dev_macro_f1=0.0050, dev_err=97.68%, es_counter1=4, es_counter2=4
2026-02-24 20:34:42,938 - lg_cotrain - INFO - Phase 3 epoch 9: dev_macro_f1=0.0050, dev_err=97.68%, es_counter1=5, es_counter2=5
2026-02-24 20:34:46,973 - lg_cotrain - INFO - Phase 3 epoch 10: dev_macro_f1=0.0256, dev_err=86.98%, es_counter1=6, es_counter2=6
2026-02-24 20:34:50,998 - lg_cotrain - INFO - Phase 3 epoch 11: dev_macro_f1=0.0276, dev_err=85.82%, es_counter1=7, es_counter2=7
2026-02-24 20:34:55,013 - lg_cotrain - INFO - Phase 3 epoch 12: dev_macro_f1=0.0017, dev_err=99.23%, es_counter1=8, es_counter2=8
2026-02-24 20:34:55,013 - lg_cotrain - INFO - Early stopping at epoch 12
2026-02-24 20:34:55,021 - lg_cotrain - INFO - === Final Evaluation ===
2026-02-24 20:35:03,001 - lg_cotrain - INFO - Results saved to C:\Users\anhtr\AppData\Local\Temp\tmpkfcylw0i\hurricane_dorian_2019\25_set3\metrics.json
2026-02-24 20:35:03,003 - lg_cotrain - INFO - Test error rate: 81.03%, Test macro-F1: 0.0354, Test ECE: 0.0497
2026-02-24 20:35:03,013 - lg_cotrain - INFO - --- Trial 6/10 done: dev_macro_f1=0.0354 ---
2026-02-24 20:35:03,014 - lg_cotrain - INFO - --- Trial 7/10 ---
2026-02-24 20:35:03,615 - lg_cotrain - INFO - Starting LG-CoTrain: event=hurricane_dorian_2019, budget=25, seed_set=3
2026-02-24 20:35:03,672 - lg_cotrain - INFO - Detected 9 classes for event hurricane_dorian_2019: ['caution_and_advice', 'displaced_people_and_evacuations', 'infrastructure_and_utility_damage', 'injured_or_dead_people', 'not_humanitarian', 'other_relevant_information', 'requests_or_urgent_needs', 'rescue_volunteering_or_donation_effort', 'sympathy_and_support']
2026-02-24 20:35:03,681 - lg_cotrain - INFO - D_l1: 117, D_l2: 108, D_LG: 5104
2026-02-24 20:35:03,682 - lg_cotrain - INFO - === Phase 1: Weight Generation ===
2026-02-24 20:35:27,103 - lg_cotrain - INFO - Phase 1 epoch 1/7: mean_prob1=0.0987, mean_prob2=0.1141
2026-02-24 20:35:49,440 - lg_cotrain - INFO - Phase 1 epoch 2/7: mean_prob1=0.1098, mean_prob2=0.1144
2026-02-24 20:36:11,859 - lg_cotrain - INFO - Phase 1 epoch 3/7: mean_prob1=0.1073, mean_prob2=0.1151
2026-02-24 20:36:34,278 - lg_cotrain - INFO - Phase 1 epoch 4/7: mean_prob1=0.1122, mean_prob2=0.1061
2026-02-24 20:36:56,650 - lg_cotrain - INFO - Phase 1 epoch 5/7: mean_prob1=0.1110, mean_prob2=0.1082
2026-02-24 20:37:19,003 - lg_cotrain - INFO - Phase 1 epoch 6/7: mean_prob1=0.1112, mean_prob2=0.1103
2026-02-24 20:37:41,541 - lg_cotrain - INFO - Phase 1 epoch 7/7: mean_prob1=0.1138, mean_prob2=0.1073
2026-02-24 20:37:41,541 - lg_cotrain - INFO - === Phase 2: Co-Training ===
2026-02-24 20:37:42,649 - lg_cotrain - INFO - LR scheduler: total_steps_1=8518, warmup=1799; total_steps_2=8418, warmup=1778
2026-02-24 20:37:42,651 - lg_cotrain - INFO - Phase 1 done -> seeded Phase 2 trackers. lambda1: mean=0.1138, range=[0.0974, 0.1284]
2026-02-24 20:37:42,651 - lg_cotrain - INFO - Phase 1 done -> seeded Phase 2 trackers. lambda2: mean=0.1073, range=[0.1005, 0.1288]
2026-02-24 20:39:17,267 - lg_cotrain - INFO - Phase 2 epoch 1/11: loss1=0.1318, loss2=0.1321, dev_macro_f1=0.4173, dev_err=44.59%
2026-02-24 20:40:52,169 - lg_cotrain - INFO - Phase 2 epoch 2/11: loss1=0.0565, loss2=0.4560, dev_macro_f1=0.4564, dev_err=39.82%
2026-02-24 20:42:26,982 - lg_cotrain - INFO - Phase 2 epoch 3/11: loss1=0.2577, loss2=1.3397, dev_macro_f1=0.0276, dev_err=85.82%
2026-02-24 20:44:01,878 - lg_cotrain - INFO - Phase 2 epoch 4/11: loss1=0.1684, loss2=1.3701, dev_macro_f1=0.0229, dev_err=88.53%
2026-02-24 20:45:36,587 - lg_cotrain - INFO - Phase 2 epoch 5/11: loss1=0.1077, loss2=1.2423, dev_macro_f1=0.0276, dev_err=85.82%
2026-02-24 20:47:14,325 - lg_cotrain - INFO - Phase 2 epoch 6/11: loss1=0.0728, loss2=1.1477, dev_macro_f1=0.0276, dev_err=85.82%
2026-02-24 20:48:49,741 - lg_cotrain - INFO - Phase 2 epoch 7/11: loss1=0.0576, loss2=1.0769, dev_macro_f1=0.0229, dev_err=88.53%
2026-02-24 20:50:24,974 - lg_cotrain - INFO - Phase 2 epoch 8/11: loss1=0.0517, loss2=1.0185, dev_macro_f1=0.0229, dev_err=88.53%
2026-02-24 20:52:00,294 - lg_cotrain - INFO - Phase 2 epoch 9/11: loss1=0.0471, loss2=0.9727, dev_macro_f1=0.0229, dev_err=88.53%
2026-02-24 20:53:35,733 - lg_cotrain - INFO - Phase 2 epoch 10/11: loss1=0.0460, loss2=0.9331, dev_macro_f1=0.0229, dev_err=88.53%
2026-02-24 20:55:11,436 - lg_cotrain - INFO - Phase 2 epoch 11/11: loss1=0.0469, loss2=0.8997, dev_macro_f1=0.0229, dev_err=88.53%
2026-02-24 20:55:11,436 - lg_cotrain - INFO - === Phase 3: Fine-Tuning ===
2026-02-24 20:55:16,157 - lg_cotrain - INFO - Phase 3 epoch 1: dev_macro_f1=0.0229, dev_err=88.53%, es_counter1=0, es_counter2=0
2026-02-24 20:55:20,854 - lg_cotrain - INFO - Phase 3 epoch 2: dev_macro_f1=0.0017, dev_err=99.23%, es_counter1=1, es_counter2=1
2026-02-24 20:55:25,555 - lg_cotrain - INFO - Phase 3 epoch 3: dev_macro_f1=0.0229, dev_err=88.53%, es_counter1=2, es_counter2=2
2026-02-24 20:55:30,261 - lg_cotrain - INFO - Phase 3 epoch 4: dev_macro_f1=0.0017, dev_err=99.23%, es_counter1=3, es_counter2=3
2026-02-24 20:55:34,995 - lg_cotrain - INFO - Phase 3 epoch 5: dev_macro_f1=0.0276, dev_err=85.82%, es_counter1=0, es_counter2=0
2026-02-24 20:55:39,705 - lg_cotrain - INFO - Phase 3 epoch 6: dev_macro_f1=0.0276, dev_err=85.82%, es_counter1=1, es_counter2=1
2026-02-24 20:55:44,381 - lg_cotrain - INFO - Phase 3 epoch 7: dev_macro_f1=0.0212, dev_err=89.43%, es_counter1=2, es_counter2=2
2026-02-24 20:55:49,066 - lg_cotrain - INFO - Phase 3 epoch 8: dev_macro_f1=0.0212, dev_err=89.43%, es_counter1=3, es_counter2=3
2026-02-24 20:55:53,763 - lg_cotrain - INFO - Phase 3 epoch 9: dev_macro_f1=0.0212, dev_err=89.43%, es_counter1=4, es_counter2=4
2026-02-24 20:55:58,456 - lg_cotrain - INFO - Phase 3 epoch 10: dev_macro_f1=0.0212, dev_err=89.43%, es_counter1=5, es_counter2=5
2026-02-24 20:56:03,170 - lg_cotrain - INFO - Phase 3 epoch 11: dev_macro_f1=0.0212, dev_err=89.43%, es_counter1=6, es_counter2=6
2026-02-24 20:56:07,874 - lg_cotrain - INFO - Phase 3 epoch 12: dev_macro_f1=0.0212, dev_err=89.43%, es_counter1=7, es_counter2=7
2026-02-24 20:56:12,555 - lg_cotrain - INFO - Phase 3 epoch 13: dev_macro_f1=0.0276, dev_err=85.82%, es_counter1=8, es_counter2=8
2026-02-24 20:56:17,240 - lg_cotrain - INFO - Phase 3 epoch 14: dev_macro_f1=0.0212, dev_err=89.43%, es_counter1=9, es_counter2=9
2026-02-24 20:56:21,929 - lg_cotrain - INFO - Phase 3 epoch 15: dev_macro_f1=0.0212, dev_err=89.43%, es_counter1=10, es_counter2=10
2026-02-24 20:56:21,929 - lg_cotrain - INFO - Early stopping at epoch 15
2026-02-24 20:56:21,944 - lg_cotrain - INFO - === Final Evaluation ===
2026-02-24 20:56:30,990 - lg_cotrain - INFO - Results saved to C:\Users\anhtr\AppData\Local\Temp\tmp_plnk76m\hurricane_dorian_2019\25_set3\metrics.json
2026-02-24 20:56:30,990 - lg_cotrain - INFO - Test error rate: 85.74%, Test macro-F1: 0.0277, Test ECE: 0.0153
2026-02-24 20:56:31,001 - lg_cotrain - INFO - --- Trial 7/10 done: dev_macro_f1=0.0276 ---
2026-02-24 20:56:31,001 - lg_cotrain - INFO - --- Trial 8/10 ---
2026-02-24 20:56:31,647 - lg_cotrain - INFO - Starting LG-CoTrain: event=hurricane_dorian_2019, budget=25, seed_set=3
2026-02-24 20:56:31,688 - lg_cotrain - INFO - Detected 9 classes for event hurricane_dorian_2019: ['caution_and_advice', 'displaced_people_and_evacuations', 'infrastructure_and_utility_damage', 'injured_or_dead_people', 'not_humanitarian', 'other_relevant_information', 'requests_or_urgent_needs', 'rescue_volunteering_or_donation_effort', 'sympathy_and_support']
2026-02-24 20:56:31,696 - lg_cotrain - INFO - D_l1: 117, D_l2: 108, D_LG: 5104
2026-02-24 20:56:31,697 - lg_cotrain - INFO - === Phase 1: Weight Generation ===
2026-02-24 20:56:56,293 - lg_cotrain - INFO - Phase 1 epoch 1/7: mean_prob1=0.1169, mean_prob2=0.1228
2026-02-24 20:57:20,416 - lg_cotrain - INFO - Phase 1 epoch 2/7: mean_prob1=0.1109, mean_prob2=0.1217
2026-02-24 20:57:43,585 - lg_cotrain - INFO - Phase 1 epoch 3/7: mean_prob1=0.1203, mean_prob2=0.1303
2026-02-24 20:58:06,547 - lg_cotrain - INFO - Phase 1 epoch 4/7: mean_prob1=0.1393, mean_prob2=0.1370
2026-02-24 20:58:29,581 - lg_cotrain - INFO - Phase 1 epoch 5/7: mean_prob1=0.1397, mean_prob2=0.1414
2026-02-24 20:58:52,593 - lg_cotrain - INFO - Phase 1 epoch 6/7: mean_prob1=0.1505, mean_prob2=0.1539
2026-02-24 20:59:16,281 - lg_cotrain - INFO - Phase 1 epoch 7/7: mean_prob1=0.1793, mean_prob2=0.1504
2026-02-24 20:59:16,281 - lg_cotrain - INFO - === Phase 2: Co-Training ===
2026-02-24 20:59:17,434 - lg_cotrain - INFO - LR scheduler: total_steps_1=10432, warmup=2266; total_steps_2=10332, warmup=2244
2026-02-24 20:59:17,435 - lg_cotrain - INFO - Phase 1 done -> seeded Phase 2 trackers. lambda1: mean=0.1793, range=[0.0275, 0.5141]
2026-02-24 20:59:17,435 - lg_cotrain - INFO - Phase 1 done -> seeded Phase 2 trackers. lambda2: mean=0.1504, range=[0.0170, 0.4192]
2026-02-24 21:00:54,758 - lg_cotrain - INFO - Phase 2 epoch 1/14: loss1=0.2792, loss2=0.3352, dev_macro_f1=0.3066, dev_err=53.87%
2026-02-24 21:02:32,968 - lg_cotrain - INFO - Phase 2 epoch 2/14: loss1=0.0991, loss2=0.2180, dev_macro_f1=0.4470, dev_err=40.85%
2026-02-24 21:04:09,026 - lg_cotrain - INFO - Phase 2 epoch 3/14: loss1=0.0437, loss2=0.1593, dev_macro_f1=0.4549, dev_err=39.82%
2026-02-24 21:05:46,254 - lg_cotrain - INFO - Phase 2 epoch 4/14: loss1=0.0291, loss2=0.1229, dev_macro_f1=0.4477, dev_err=40.98%
2026-02-24 21:07:22,093 - lg_cotrain - INFO - Phase 2 epoch 5/14: loss1=0.0220, loss2=0.0798, dev_macro_f1=0.4600, dev_err=38.79%
2026-02-24 21:08:57,882 - lg_cotrain - INFO - Phase 2 epoch 6/14: loss1=0.0147, loss2=0.0509, dev_macro_f1=0.4564, dev_err=39.56%
2026-02-24 21:10:33,501 - lg_cotrain - INFO - Phase 2 epoch 7/14: loss1=0.0122, loss2=0.0384, dev_macro_f1=0.4528, dev_err=39.95%
2026-02-24 21:12:09,671 - lg_cotrain - INFO - Phase 2 epoch 8/14: loss1=0.0067, loss2=0.0285, dev_macro_f1=0.4691, dev_err=38.40%
2026-02-24 21:13:47,513 - lg_cotrain - INFO - Phase 2 epoch 9/14: loss1=0.0103, loss2=0.0199, dev_macro_f1=0.4633, dev_err=39.05%
2026-02-24 21:15:24,992 - lg_cotrain - INFO - Phase 2 epoch 10/14: loss1=0.0080, loss2=0.0185, dev_macro_f1=0.4582, dev_err=39.82%
2026-02-24 21:17:02,619 - lg_cotrain - INFO - Phase 2 epoch 11/14: loss1=0.0053, loss2=0.0093, dev_macro_f1=0.4641, dev_err=39.69%
2026-02-24 21:18:38,807 - lg_cotrain - INFO - Phase 2 epoch 12/14: loss1=0.0063, loss2=0.0091, dev_macro_f1=0.4663, dev_err=39.18%
2026-02-24 21:20:14,923 - lg_cotrain - INFO - Phase 2 epoch 13/14: loss1=0.0060, loss2=0.0085, dev_macro_f1=0.4728, dev_err=38.66%
2026-02-24 21:21:51,088 - lg_cotrain - INFO - Phase 2 epoch 14/14: loss1=0.0045, loss2=0.0062, dev_macro_f1=0.4632, dev_err=39.82%
2026-02-24 21:21:51,089 - lg_cotrain - INFO - === Phase 3: Fine-Tuning ===
2026-02-24 21:21:55,804 - lg_cotrain - INFO - Phase 3 epoch 1: dev_macro_f1=0.4916, dev_err=40.21%, es_counter1=0, es_counter2=0
2026-02-24 21:22:00,451 - lg_cotrain - INFO - Phase 3 epoch 2: dev_macro_f1=0.5923, dev_err=37.50%, es_counter1=0, es_counter2=0
2026-02-24 21:22:05,116 - lg_cotrain - INFO - Phase 3 epoch 3: dev_macro_f1=0.5932, dev_err=38.02%, es_counter1=0, es_counter2=0
2026-02-24 21:22:09,741 - lg_cotrain - INFO - Phase 3 epoch 4: dev_macro_f1=0.5851, dev_err=37.37%, es_counter1=1, es_counter2=1
2026-02-24 21:22:14,537 - lg_cotrain - INFO - Phase 3 epoch 5: dev_macro_f1=0.5869, dev_err=37.11%, es_counter1=2, es_counter2=2
2026-02-24 21:22:19,278 - lg_cotrain - INFO - Phase 3 epoch 6: dev_macro_f1=0.5669, dev_err=38.40%, es_counter1=3, es_counter2=3
2026-02-24 21:22:23,976 - lg_cotrain - INFO - Phase 3 epoch 7: dev_macro_f1=0.5600, dev_err=38.66%, es_counter1=4, es_counter2=4
2026-02-24 21:22:28,664 - lg_cotrain - INFO - Phase 3 epoch 8: dev_macro_f1=0.5571, dev_err=39.18%, es_counter1=5, es_counter2=5
2026-02-24 21:22:33,352 - lg_cotrain - INFO - Phase 3 epoch 9: dev_macro_f1=0.5601, dev_err=39.05%, es_counter1=6, es_counter2=6
2026-02-24 21:22:38,012 - lg_cotrain - INFO - Phase 3 epoch 10: dev_macro_f1=0.5625, dev_err=38.92%, es_counter1=7, es_counter2=7
2026-02-24 21:22:38,012 - lg_cotrain - INFO - Early stopping at epoch 10
2026-02-24 21:22:38,020 - lg_cotrain - INFO - === Final Evaluation ===
2026-02-24 21:22:47,104 - lg_cotrain - INFO - Results saved to C:\Users\anhtr\AppData\Local\Temp\tmp5mkfgcak\hurricane_dorian_2019\25_set3\metrics.json
2026-02-24 21:22:47,104 - lg_cotrain - INFO - Test error rate: 35.74%, Test macro-F1: 0.5854, Test ECE: 0.1064
2026-02-24 21:22:47,114 - lg_cotrain - INFO - --- Trial 8/10 done: dev_macro_f1=0.5932 ---
2026-02-24 21:22:47,114 - lg_cotrain - INFO - --- Trial 9/10 ---
2026-02-24 21:22:47,731 - lg_cotrain - INFO - Starting LG-CoTrain: event=hurricane_dorian_2019, budget=25, seed_set=3
2026-02-24 21:22:47,775 - lg_cotrain - INFO - Detected 9 classes for event hurricane_dorian_2019: ['caution_and_advice', 'displaced_people_and_evacuations', 'infrastructure_and_utility_damage', 'injured_or_dead_people', 'not_humanitarian', 'other_relevant_information', 'requests_or_urgent_needs', 'rescue_volunteering_or_donation_effort', 'sympathy_and_support']
2026-02-24 21:22:47,782 - lg_cotrain - INFO - D_l1: 117, D_l2: 108, D_LG: 5104
2026-02-24 21:22:47,783 - lg_cotrain - INFO - === Phase 1: Weight Generation ===
2026-02-24 21:23:08,909 - lg_cotrain - INFO - Phase 1 epoch 1/7: mean_prob1=0.1143, mean_prob2=0.1208
2026-02-24 21:23:28,546 - lg_cotrain - INFO - Phase 1 epoch 2/7: mean_prob1=0.1267, mean_prob2=0.1176
2026-02-24 21:23:48,048 - lg_cotrain - INFO - Phase 1 epoch 3/7: mean_prob1=0.1215, mean_prob2=0.1181
2026-02-24 21:24:07,563 - lg_cotrain - INFO - Phase 1 epoch 4/7: mean_prob1=0.1192, mean_prob2=0.1194
2026-02-24 21:24:27,230 - lg_cotrain - INFO - Phase 1 epoch 5/7: mean_prob1=0.1311, mean_prob2=0.1229
2026-02-24 21:24:46,700 - lg_cotrain - INFO - Phase 1 epoch 6/7: mean_prob1=0.1284, mean_prob2=0.1312
2026-02-24 21:25:06,240 - lg_cotrain - INFO - Phase 1 epoch 7/7: mean_prob1=0.1308, mean_prob2=0.1285
2026-02-24 21:25:06,240 - lg_cotrain - INFO - === Phase 2: Co-Training ===
2026-02-24 21:25:07,720 - lg_cotrain - INFO - LR scheduler: total_steps_1=2640, warmup=85; total_steps_2=2640, warmup=85
2026-02-24 21:25:07,721 - lg_cotrain - INFO - Phase 1 done -> seeded Phase 2 trackers. lambda1: mean=0.1308, range=[0.0301, 0.3540]
2026-02-24 21:25:07,721 - lg_cotrain - INFO - Phase 1 done -> seeded Phase 2 trackers. lambda2: mean=0.1285, range=[0.0251, 0.3516]
2026-02-24 21:26:21,009 - lg_cotrain - INFO - Phase 2 epoch 1/14: loss1=0.1960, loss2=0.1943, dev_macro_f1=0.4547, dev_err=40.08%
2026-02-24 21:27:34,851 - lg_cotrain - INFO - Phase 2 epoch 2/14: loss1=0.0567, loss2=0.1615, dev_macro_f1=0.4609, dev_err=39.18%
2026-02-24 21:28:49,255 - lg_cotrain - INFO - Phase 2 epoch 3/14: loss1=0.0327, loss2=0.1262, dev_macro_f1=0.4551, dev_err=39.56%
2026-02-24 21:30:05,036 - lg_cotrain - INFO - Phase 2 epoch 4/14: loss1=0.0254, loss2=0.0796, dev_macro_f1=0.4606, dev_err=38.79%
2026-02-24 21:31:20,215 - lg_cotrain - INFO - Phase 2 epoch 5/14: loss1=0.0198, loss2=0.0601, dev_macro_f1=0.4635, dev_err=38.79%
