2026-02-24 04:11:30,949 - lg_cotrain - INFO - === Optuna study: cyclone_idai_2019 budget=50 seed=2 | target=10 trials, 0 replayed, 10 new ===
2026-02-24 04:11:30,949 - lg_cotrain - INFO - --- Trial 1/10 ---
2026-02-24 04:11:31,534 - lg_cotrain - INFO - Starting LG-CoTrain: event=cyclone_idai_2019, budget=50, seed_set=2
2026-02-24 04:11:31,577 - lg_cotrain - INFO - Detected 10 classes for event cyclone_idai_2019: ['caution_and_advice', 'displaced_people_and_evacuations', 'infrastructure_and_utility_damage', 'injured_or_dead_people', 'missing_or_found_people', 'not_humanitarian', 'other_relevant_information', 'requests_or_urgent_needs', 'rescue_volunteering_or_donation_effort', 'sympathy_and_support']
2026-02-24 04:11:31,583 - lg_cotrain - INFO - D_l1: 227, D_l2: 226, D_LG: 2300
2026-02-24 04:11:31,585 - lg_cotrain - INFO - === Phase 1: Weight Generation ===
2026-02-24 04:11:43,065 - lg_cotrain - INFO - Phase 1 epoch 1/7: mean_prob1=0.1025, mean_prob2=0.1027
2026-02-24 04:11:53,546 - lg_cotrain - INFO - Phase 1 epoch 2/7: mean_prob1=0.1080, mean_prob2=0.1234
2026-02-24 04:12:03,942 - lg_cotrain - INFO - Phase 1 epoch 3/7: mean_prob1=0.1163, mean_prob2=0.1385
2026-02-24 04:12:14,456 - lg_cotrain - INFO - Phase 1 epoch 4/7: mean_prob1=0.1252, mean_prob2=0.1261
2026-02-24 04:12:24,907 - lg_cotrain - INFO - Phase 1 epoch 5/7: mean_prob1=0.1360, mean_prob2=0.1434
2026-02-24 04:12:35,380 - lg_cotrain - INFO - Phase 1 epoch 6/7: mean_prob1=0.1366, mean_prob2=0.1584
2026-02-24 04:12:45,846 - lg_cotrain - INFO - Phase 1 epoch 7/7: mean_prob1=0.1371, mean_prob2=0.1533
2026-02-24 04:12:45,846 - lg_cotrain - INFO - === Phase 2: Co-Training ===
2026-02-24 04:12:46,771 - lg_cotrain - INFO - LR scheduler: total_steps_1=1520, warmup=437; total_steps_2=1520, warmup=437
2026-02-24 04:12:46,772 - lg_cotrain - INFO - Phase 1 done -> seeded Phase 2 trackers. lambda1: mean=0.1371, range=[0.0303, 0.2760]
2026-02-24 04:12:46,772 - lg_cotrain - INFO - Phase 1 done -> seeded Phase 2 trackers. lambda2: mean=0.1533, range=[0.0233, 0.2756]
2026-02-24 04:13:19,387 - lg_cotrain - INFO - Phase 2 epoch 1/10: loss1=0.3450, loss2=0.2981, dev_macro_f1=0.0797, dev_err=51.87%
2026-02-24 04:13:51,951 - lg_cotrain - INFO - Phase 2 epoch 2/10: loss1=0.2079, loss2=0.2648, dev_macro_f1=0.0645, dev_err=52.37%
2026-02-24 04:14:24,492 - lg_cotrain - INFO - Phase 2 epoch 3/10: loss1=0.1255, loss2=0.2533, dev_macro_f1=0.1326, dev_err=46.13%
2026-02-24 04:14:57,088 - lg_cotrain - INFO - Phase 2 epoch 4/10: loss1=0.0834, loss2=0.2030, dev_macro_f1=0.1843, dev_err=39.40%
2026-02-24 04:15:29,773 - lg_cotrain - INFO - Phase 2 epoch 5/10: loss1=0.0586, loss2=0.1878, dev_macro_f1=0.2590, dev_err=34.41%
2026-02-24 04:16:02,468 - lg_cotrain - INFO - Phase 2 epoch 6/10: loss1=0.0346, loss2=0.1549, dev_macro_f1=0.3066, dev_err=28.68%
2026-02-24 04:16:35,188 - lg_cotrain - INFO - Phase 2 epoch 7/10: loss1=0.0219, loss2=0.1215, dev_macro_f1=0.3264, dev_err=27.93%
2026-02-24 04:17:07,875 - lg_cotrain - INFO - Phase 2 epoch 8/10: loss1=0.0144, loss2=0.0902, dev_macro_f1=0.3412, dev_err=27.43%
2026-02-24 04:17:40,583 - lg_cotrain - INFO - Phase 2 epoch 9/10: loss1=0.0107, loss2=0.0745, dev_macro_f1=0.3487, dev_err=27.43%
2026-02-24 04:18:13,254 - lg_cotrain - INFO - Phase 2 epoch 10/10: loss1=0.0092, loss2=0.0707, dev_macro_f1=0.3437, dev_err=27.43%
2026-02-24 04:18:13,254 - lg_cotrain - INFO - === Phase 3: Fine-Tuning ===
2026-02-24 04:18:16,912 - lg_cotrain - INFO - Phase 3 epoch 1: dev_macro_f1=0.3199, dev_err=60.35%, es_counter1=0, es_counter2=0
2026-02-24 04:18:20,566 - lg_cotrain - INFO - Phase 3 epoch 2: dev_macro_f1=0.3429, dev_err=52.37%, es_counter1=0, es_counter2=0
2026-02-24 04:18:24,225 - lg_cotrain - INFO - Phase 3 epoch 3: dev_macro_f1=0.3857, dev_err=25.94%, es_counter1=0, es_counter2=0
2026-02-24 04:18:27,895 - lg_cotrain - INFO - Phase 3 epoch 4: dev_macro_f1=0.4126, dev_err=27.93%, es_counter1=0, es_counter2=0
2026-02-24 04:18:31,558 - lg_cotrain - INFO - Phase 3 epoch 5: dev_macro_f1=0.4310, dev_err=30.17%, es_counter1=0, es_counter2=0
2026-02-24 04:18:35,239 - lg_cotrain - INFO - Phase 3 epoch 6: dev_macro_f1=0.4394, dev_err=35.41%, es_counter1=0, es_counter2=0
2026-02-24 04:18:38,897 - lg_cotrain - INFO - Phase 3 epoch 7: dev_macro_f1=0.4927, dev_err=29.43%, es_counter1=0, es_counter2=0
2026-02-24 04:18:42,563 - lg_cotrain - INFO - Phase 3 epoch 8: dev_macro_f1=0.4950, dev_err=28.18%, es_counter1=0, es_counter2=0
2026-02-24 04:18:46,227 - lg_cotrain - INFO - Phase 3 epoch 9: dev_macro_f1=0.4982, dev_err=28.18%, es_counter1=0, es_counter2=0
2026-02-24 04:18:49,878 - lg_cotrain - INFO - Phase 3 epoch 10: dev_macro_f1=0.4784, dev_err=29.43%, es_counter1=1, es_counter2=1
2026-02-24 04:18:53,525 - lg_cotrain - INFO - Phase 3 epoch 11: dev_macro_f1=0.4873, dev_err=28.18%, es_counter1=2, es_counter2=2
2026-02-24 04:18:57,165 - lg_cotrain - INFO - Phase 3 epoch 12: dev_macro_f1=0.4673, dev_err=30.67%, es_counter1=3, es_counter2=3
2026-02-24 04:19:00,806 - lg_cotrain - INFO - Phase 3 epoch 13: dev_macro_f1=0.4884, dev_err=28.93%, es_counter1=4, es_counter2=4
2026-02-24 04:19:04,445 - lg_cotrain - INFO - Phase 3 epoch 14: dev_macro_f1=0.4574, dev_err=31.17%, es_counter1=5, es_counter2=5
2026-02-24 04:19:08,090 - lg_cotrain - INFO - Phase 3 epoch 15: dev_macro_f1=0.4548, dev_err=32.42%, es_counter1=6, es_counter2=6
2026-02-24 04:19:08,090 - lg_cotrain - INFO - Early stopping at epoch 15
2026-02-24 04:19:08,099 - lg_cotrain - INFO - === Final Evaluation ===
2026-02-24 04:19:12,087 - lg_cotrain - INFO - Results saved to C:\Users\anhtr\AppData\Local\Temp\tmpyw5n4drg\cyclone_idai_2019\50_set2\metrics.json
2026-02-24 04:19:12,088 - lg_cotrain - INFO - Test error rate: 27.73%, Test macro-F1: 0.5328, Test ECE: 0.1076
2026-02-24 04:19:12,096 - lg_cotrain - INFO - --- Trial 1/10 done: dev_macro_f1=0.4982 ---
2026-02-24 04:19:12,096 - lg_cotrain - INFO - --- Trial 2/10 ---
2026-02-24 04:19:12,584 - lg_cotrain - INFO - Starting LG-CoTrain: event=cyclone_idai_2019, budget=50, seed_set=2
2026-02-24 04:19:12,611 - lg_cotrain - INFO - Detected 10 classes for event cyclone_idai_2019: ['caution_and_advice', 'displaced_people_and_evacuations', 'infrastructure_and_utility_damage', 'injured_or_dead_people', 'missing_or_found_people', 'not_humanitarian', 'other_relevant_information', 'requests_or_urgent_needs', 'rescue_volunteering_or_donation_effort', 'sympathy_and_support']
2026-02-24 04:19:12,616 - lg_cotrain - INFO - D_l1: 227, D_l2: 226, D_LG: 2300
2026-02-24 04:19:12,617 - lg_cotrain - INFO - === Phase 1: Weight Generation ===
2026-02-24 04:19:25,947 - lg_cotrain - INFO - Phase 1 epoch 1/7: mean_prob1=0.1081, mean_prob2=0.1430
2026-02-24 04:19:38,343 - lg_cotrain - INFO - Phase 1 epoch 2/7: mean_prob1=0.1137, mean_prob2=0.1607
2026-02-24 04:19:50,754 - lg_cotrain - INFO - Phase 1 epoch 3/7: mean_prob1=0.1379, mean_prob2=0.1823
2026-02-24 04:20:03,182 - lg_cotrain - INFO - Phase 1 epoch 4/7: mean_prob1=0.1598, mean_prob2=0.2311
2026-02-24 04:20:15,621 - lg_cotrain - INFO - Phase 1 epoch 5/7: mean_prob1=0.2006, mean_prob2=0.2241
2026-02-24 04:20:28,036 - lg_cotrain - INFO - Phase 1 epoch 6/7: mean_prob1=0.2322, mean_prob2=0.2612
2026-02-24 04:20:40,465 - lg_cotrain - INFO - Phase 1 epoch 7/7: mean_prob1=0.2677, mean_prob2=0.3086
2026-02-24 04:20:40,465 - lg_cotrain - INFO - === Phase 2: Co-Training ===
2026-02-24 04:20:41,408 - lg_cotrain - INFO - LR scheduler: total_steps_1=4628, warmup=1373; total_steps_2=4628, warmup=1373
2026-02-24 04:20:41,408 - lg_cotrain - INFO - Phase 1 done -> seeded Phase 2 trackers. lambda1: mean=0.2677, range=[0.0107, 0.7636]
2026-02-24 04:20:41,409 - lg_cotrain - INFO - Phase 1 done -> seeded Phase 2 trackers. lambda2: mean=0.3086, range=[0.0089, 0.7402]
2026-02-24 04:21:23,671 - lg_cotrain - INFO - Phase 2 epoch 1/6: loss1=0.5831, loss2=0.5305, dev_macro_f1=0.0646, dev_err=52.37%
2026-02-24 04:22:05,933 - lg_cotrain - INFO - Phase 2 epoch 2/6: loss1=0.1384, loss2=0.3836, dev_macro_f1=0.2187, dev_err=34.16%
2026-02-24 04:22:48,233 - lg_cotrain - INFO - Phase 2 epoch 3/6: loss1=0.0655, loss2=0.2245, dev_macro_f1=0.2989, dev_err=29.18%
2026-02-24 04:23:30,567 - lg_cotrain - INFO - Phase 2 epoch 4/6: loss1=0.0413, loss2=0.1445, dev_macro_f1=0.3218, dev_err=29.43%
2026-02-24 04:24:12,896 - lg_cotrain - INFO - Phase 2 epoch 5/6: loss1=0.0281, loss2=0.1145, dev_macro_f1=0.3412, dev_err=27.18%
2026-02-24 04:24:55,057 - lg_cotrain - INFO - Phase 2 epoch 6/6: loss1=0.0162, loss2=0.0837, dev_macro_f1=0.3369, dev_err=27.93%
2026-02-24 04:24:55,057 - lg_cotrain - INFO - === Phase 3: Fine-Tuning ===
2026-02-24 04:24:59,731 - lg_cotrain - INFO - Phase 3 epoch 1: dev_macro_f1=0.3675, dev_err=34.66%, es_counter1=0, es_counter2=0
2026-02-24 04:25:04,393 - lg_cotrain - INFO - Phase 3 epoch 2: dev_macro_f1=0.4570, dev_err=28.68%, es_counter1=0, es_counter2=0
2026-02-24 04:25:09,059 - lg_cotrain - INFO - Phase 3 epoch 3: dev_macro_f1=0.4772, dev_err=33.67%, es_counter1=0, es_counter2=0
2026-02-24 04:25:13,709 - lg_cotrain - INFO - Phase 3 epoch 4: dev_macro_f1=0.4997, dev_err=31.17%, es_counter1=0, es_counter2=0
2026-02-24 04:25:18,382 - lg_cotrain - INFO - Phase 3 epoch 5: dev_macro_f1=0.5167, dev_err=29.93%, es_counter1=0, es_counter2=0
2026-02-24 04:25:23,027 - lg_cotrain - INFO - Phase 3 epoch 6: dev_macro_f1=0.4962, dev_err=33.17%, es_counter1=1, es_counter2=1
2026-02-24 04:25:27,687 - lg_cotrain - INFO - Phase 3 epoch 7: dev_macro_f1=0.5167, dev_err=31.17%, es_counter1=2, es_counter2=2
2026-02-24 04:25:32,321 - lg_cotrain - INFO - Phase 3 epoch 8: dev_macro_f1=0.4988, dev_err=32.67%, es_counter1=3, es_counter2=3
2026-02-24 04:25:36,956 - lg_cotrain - INFO - Phase 3 epoch 9: dev_macro_f1=0.5045, dev_err=32.42%, es_counter1=4, es_counter2=4
2026-02-24 04:25:41,594 - lg_cotrain - INFO - Phase 3 epoch 10: dev_macro_f1=0.5021, dev_err=32.17%, es_counter1=5, es_counter2=5
2026-02-24 04:25:46,228 - lg_cotrain - INFO - Phase 3 epoch 11: dev_macro_f1=0.5123, dev_err=31.67%, es_counter1=6, es_counter2=6
2026-02-24 04:25:50,868 - lg_cotrain - INFO - Phase 3 epoch 12: dev_macro_f1=0.5015, dev_err=32.42%, es_counter1=7, es_counter2=7
2026-02-24 04:25:50,868 - lg_cotrain - INFO - Early stopping at epoch 12
2026-02-24 04:25:50,878 - lg_cotrain - INFO - === Final Evaluation ===
2026-02-24 04:25:55,366 - lg_cotrain - INFO - Results saved to C:\Users\anhtr\AppData\Local\Temp\tmp81dmn7ay\cyclone_idai_2019\50_set2\metrics.json
2026-02-24 04:25:55,366 - lg_cotrain - INFO - Test error rate: 28.75%, Test macro-F1: 0.6228, Test ECE: 0.0411
2026-02-24 04:25:55,376 - lg_cotrain - INFO - --- Trial 2/10 done: dev_macro_f1=0.5167 ---
2026-02-24 04:25:55,376 - lg_cotrain - INFO - --- Trial 3/10 ---
2026-02-24 04:25:55,878 - lg_cotrain - INFO - Starting LG-CoTrain: event=cyclone_idai_2019, budget=50, seed_set=2
2026-02-24 04:25:55,904 - lg_cotrain - INFO - Detected 10 classes for event cyclone_idai_2019: ['caution_and_advice', 'displaced_people_and_evacuations', 'infrastructure_and_utility_damage', 'injured_or_dead_people', 'missing_or_found_people', 'not_humanitarian', 'other_relevant_information', 'requests_or_urgent_needs', 'rescue_volunteering_or_donation_effort', 'sympathy_and_support']
2026-02-24 04:25:55,909 - lg_cotrain - INFO - D_l1: 227, D_l2: 226, D_LG: 2300
2026-02-24 04:25:55,910 - lg_cotrain - INFO - === Phase 1: Weight Generation ===
2026-02-24 04:26:09,223 - lg_cotrain - INFO - Phase 1 epoch 1/7: mean_prob1=0.1073, mean_prob2=0.1339
2026-02-24 04:26:21,579 - lg_cotrain - INFO - Phase 1 epoch 2/7: mean_prob1=0.1104, mean_prob2=0.1686
2026-02-24 04:26:33,986 - lg_cotrain - INFO - Phase 1 epoch 3/7: mean_prob1=0.1110, mean_prob2=0.1817
2026-02-24 04:26:46,344 - lg_cotrain - INFO - Phase 1 epoch 4/7: mean_prob1=0.1439, mean_prob2=0.1775
2026-02-24 04:26:58,759 - lg_cotrain - INFO - Phase 1 epoch 5/7: mean_prob1=0.1776, mean_prob2=0.2051
2026-02-24 04:27:11,211 - lg_cotrain - INFO - Phase 1 epoch 6/7: mean_prob1=0.1870, mean_prob2=0.2196
2026-02-24 04:27:23,680 - lg_cotrain - INFO - Phase 1 epoch 7/7: mean_prob1=0.2149, mean_prob2=0.2402
2026-02-24 04:27:23,681 - lg_cotrain - INFO - === Phase 2: Co-Training ===
2026-02-24 04:27:24,738 - lg_cotrain - INFO - LR scheduler: total_steps_1=5780, warmup=1188; total_steps_2=5780, warmup=1188
2026-02-24 04:27:24,739 - lg_cotrain - INFO - Phase 1 done -> seeded Phase 2 trackers. lambda1: mean=0.2149, range=[0.0126, 0.5759]
2026-02-24 04:27:24,740 - lg_cotrain - INFO - Phase 1 done -> seeded Phase 2 trackers. lambda2: mean=0.2402, range=[0.0094, 0.5769]
2026-02-24 04:28:07,182 - lg_cotrain - INFO - Phase 2 epoch 1/10: loss1=0.4685, loss2=0.4199, dev_macro_f1=0.0645, dev_err=52.37%
2026-02-24 04:28:49,751 - lg_cotrain - INFO - Phase 2 epoch 2/10: loss1=0.1322, loss2=0.3160, dev_macro_f1=0.2116, dev_err=35.66%
2026-02-24 04:29:32,242 - lg_cotrain - INFO - Phase 2 epoch 3/10: loss1=0.0659, loss2=0.2103, dev_macro_f1=0.2918, dev_err=29.68%
2026-02-24 04:30:14,710 - lg_cotrain - INFO - Phase 2 epoch 4/10: loss1=0.0361, loss2=0.1378, dev_macro_f1=0.3154, dev_err=29.18%
2026-02-24 04:30:56,986 - lg_cotrain - INFO - Phase 2 epoch 5/10: loss1=0.0201, loss2=0.1094, dev_macro_f1=0.3443, dev_err=26.93%
2026-02-24 04:31:39,303 - lg_cotrain - INFO - Phase 2 epoch 6/10: loss1=0.0145, loss2=0.0805, dev_macro_f1=0.3501, dev_err=26.68%
2026-02-24 04:32:21,672 - lg_cotrain - INFO - Phase 2 epoch 7/10: loss1=0.0097, loss2=0.0522, dev_macro_f1=0.3456, dev_err=27.43%
2026-02-24 04:33:03,976 - lg_cotrain - INFO - Phase 2 epoch 8/10: loss1=0.0088, loss2=0.0366, dev_macro_f1=0.3481, dev_err=26.68%
2026-02-24 04:33:46,281 - lg_cotrain - INFO - Phase 2 epoch 9/10: loss1=0.0091, loss2=0.0356, dev_macro_f1=0.3571, dev_err=26.18%
2026-02-24 04:34:28,620 - lg_cotrain - INFO - Phase 2 epoch 10/10: loss1=0.0100, loss2=0.0245, dev_macro_f1=0.3607, dev_err=25.94%
2026-02-24 04:34:28,620 - lg_cotrain - INFO - === Phase 3: Fine-Tuning ===
2026-02-24 04:34:33,309 - lg_cotrain - INFO - Phase 3 epoch 1: dev_macro_f1=0.4222, dev_err=32.67%, es_counter1=0, es_counter2=0
2026-02-24 04:34:37,995 - lg_cotrain - INFO - Phase 3 epoch 2: dev_macro_f1=0.4787, dev_err=27.68%, es_counter1=0, es_counter2=0
2026-02-24 04:34:42,690 - lg_cotrain - INFO - Phase 3 epoch 3: dev_macro_f1=0.4821, dev_err=30.17%, es_counter1=0, es_counter2=0
2026-02-24 04:34:47,372 - lg_cotrain - INFO - Phase 3 epoch 4: dev_macro_f1=0.5061, dev_err=29.68%, es_counter1=0, es_counter2=0
2026-02-24 04:34:52,074 - lg_cotrain - INFO - Phase 3 epoch 5: dev_macro_f1=0.5034, dev_err=29.68%, es_counter1=1, es_counter2=1
2026-02-24 04:34:56,732 - lg_cotrain - INFO - Phase 3 epoch 6: dev_macro_f1=0.4944, dev_err=29.43%, es_counter1=2, es_counter2=2
2026-02-24 04:35:01,397 - lg_cotrain - INFO - Phase 3 epoch 7: dev_macro_f1=0.4857, dev_err=30.67%, es_counter1=3, es_counter2=3
2026-02-24 04:35:06,071 - lg_cotrain - INFO - Phase 3 epoch 8: dev_macro_f1=0.5067, dev_err=29.93%, es_counter1=0, es_counter2=0
2026-02-24 04:35:10,726 - lg_cotrain - INFO - Phase 3 epoch 9: dev_macro_f1=0.5028, dev_err=30.17%, es_counter1=1, es_counter2=1
2026-02-24 04:35:15,406 - lg_cotrain - INFO - Phase 3 epoch 10: dev_macro_f1=0.5173, dev_err=29.43%, es_counter1=0, es_counter2=0
2026-02-24 04:35:20,056 - lg_cotrain - INFO - Phase 3 epoch 11: dev_macro_f1=0.5093, dev_err=30.67%, es_counter1=1, es_counter2=1
2026-02-24 04:35:24,718 - lg_cotrain - INFO - Phase 3 epoch 12: dev_macro_f1=0.5097, dev_err=30.17%, es_counter1=2, es_counter2=2
2026-02-24 04:35:29,403 - lg_cotrain - INFO - Phase 3 epoch 13: dev_macro_f1=0.5136, dev_err=29.68%, es_counter1=3, es_counter2=3
2026-02-24 04:35:34,057 - lg_cotrain - INFO - Phase 3 epoch 14: dev_macro_f1=0.5090, dev_err=30.17%, es_counter1=4, es_counter2=4
2026-02-24 04:35:38,700 - lg_cotrain - INFO - Phase 3 epoch 15: dev_macro_f1=0.5100, dev_err=30.17%, es_counter1=5, es_counter2=5
2026-02-24 04:35:43,335 - lg_cotrain - INFO - Phase 3 epoch 16: dev_macro_f1=0.5109, dev_err=29.93%, es_counter1=6, es_counter2=6
2026-02-24 04:35:47,965 - lg_cotrain - INFO - Phase 3 epoch 17: dev_macro_f1=0.5131, dev_err=29.68%, es_counter1=7, es_counter2=7
2026-02-24 04:35:52,594 - lg_cotrain - INFO - Phase 3 epoch 18: dev_macro_f1=0.5102, dev_err=30.42%, es_counter1=8, es_counter2=8
2026-02-24 04:35:57,219 - lg_cotrain - INFO - Phase 3 epoch 19: dev_macro_f1=0.5102, dev_err=30.42%, es_counter1=9, es_counter2=9
2026-02-24 04:35:57,220 - lg_cotrain - INFO - Early stopping at epoch 19
2026-02-24 04:35:57,227 - lg_cotrain - INFO - === Final Evaluation ===
2026-02-24 04:36:01,715 - lg_cotrain - INFO - Results saved to C:\Users\anhtr\AppData\Local\Temp\tmpha4z6ej3\cyclone_idai_2019\50_set2\metrics.json
2026-02-24 04:36:01,715 - lg_cotrain - INFO - Test error rate: 30.94%, Test macro-F1: 0.6055, Test ECE: 0.0954
2026-02-24 04:36:01,723 - lg_cotrain - INFO - --- Trial 3/10 done: dev_macro_f1=0.5173 ---
2026-02-24 04:36:01,723 - lg_cotrain - INFO - --- Trial 4/10 ---
2026-02-24 04:36:02,223 - lg_cotrain - INFO - Starting LG-CoTrain: event=cyclone_idai_2019, budget=50, seed_set=2
2026-02-24 04:36:02,246 - lg_cotrain - INFO - Detected 10 classes for event cyclone_idai_2019: ['caution_and_advice', 'displaced_people_and_evacuations', 'infrastructure_and_utility_damage', 'injured_or_dead_people', 'missing_or_found_people', 'not_humanitarian', 'other_relevant_information', 'requests_or_urgent_needs', 'rescue_volunteering_or_donation_effort', 'sympathy_and_support']
2026-02-24 04:36:02,251 - lg_cotrain - INFO - D_l1: 227, D_l2: 226, D_LG: 2300
2026-02-24 04:36:02,252 - lg_cotrain - INFO - === Phase 1: Weight Generation ===
2026-02-24 04:36:14,102 - lg_cotrain - INFO - Phase 1 epoch 1/7: mean_prob1=0.1309, mean_prob2=0.1535
2026-02-24 04:36:25,023 - lg_cotrain - INFO - Phase 1 epoch 2/7: mean_prob1=0.1265, mean_prob2=0.0664
2026-02-24 04:36:36,003 - lg_cotrain - INFO - Phase 1 epoch 3/7: mean_prob1=0.1209, mean_prob2=0.0807
2026-02-24 04:36:46,954 - lg_cotrain - INFO - Phase 1 epoch 4/7: mean_prob1=0.0913, mean_prob2=0.1347
2026-02-24 04:36:57,841 - lg_cotrain - INFO - Phase 1 epoch 5/7: mean_prob1=0.1290, mean_prob2=0.1351
2026-02-24 04:37:08,773 - lg_cotrain - INFO - Phase 1 epoch 6/7: mean_prob1=0.0991, mean_prob2=0.0886
2026-02-24 04:37:19,751 - lg_cotrain - INFO - Phase 1 epoch 7/7: mean_prob1=0.1239, mean_prob2=0.1129
2026-02-24 04:37:19,751 - lg_cotrain - INFO - === Phase 2: Co-Training ===
2026-02-24 04:37:20,720 - lg_cotrain - INFO - LR scheduler: total_steps_1=3228, warmup=329; total_steps_2=3228, warmup=329
2026-02-24 04:37:20,721 - lg_cotrain - INFO - Phase 1 done -> seeded Phase 2 trackers. lambda1: mean=0.1239, range=[0.0404, 0.1395]
2026-02-24 04:37:20,721 - lg_cotrain - INFO - Phase 1 done -> seeded Phase 2 trackers. lambda2: mean=0.1129, range=[0.0275, 0.2138]
2026-02-24 04:37:56,589 - lg_cotrain - INFO - Phase 2 epoch 1/12: loss1=0.1358, loss2=0.1432, dev_macro_f1=0.2238, dev_err=38.65%
2026-02-24 04:38:32,398 - lg_cotrain - INFO - Phase 2 epoch 2/12: loss1=0.1219, loss2=0.4154, dev_macro_f1=0.0645, dev_err=52.37%
2026-02-24 04:39:08,178 - lg_cotrain - INFO - Phase 2 epoch 3/12: loss1=0.0323, loss2=0.3949, dev_macro_f1=0.0645, dev_err=52.37%
2026-02-24 04:39:43,923 - lg_cotrain - INFO - Phase 2 epoch 4/12: loss1=0.0215, loss2=0.3768, dev_macro_f1=0.0645, dev_err=52.37%
2026-02-24 04:40:19,661 - lg_cotrain - INFO - Phase 2 epoch 5/12: loss1=0.0142, loss2=0.3434, dev_macro_f1=0.0645, dev_err=52.37%
2026-02-24 04:40:55,370 - lg_cotrain - INFO - Phase 2 epoch 6/12: loss1=0.0118, loss2=0.3197, dev_macro_f1=0.0645, dev_err=52.37%
2026-02-24 04:41:31,060 - lg_cotrain - INFO - Phase 2 epoch 7/12: loss1=0.0101, loss2=0.2994, dev_macro_f1=0.0645, dev_err=52.37%
2026-02-24 04:42:06,751 - lg_cotrain - INFO - Phase 2 epoch 8/12: loss1=0.0087, loss2=0.2829, dev_macro_f1=0.0645, dev_err=52.37%
2026-02-24 04:42:42,426 - lg_cotrain - INFO - Phase 2 epoch 9/12: loss1=0.0087, loss2=0.2654, dev_macro_f1=0.0645, dev_err=52.37%
2026-02-24 04:43:18,096 - lg_cotrain - INFO - Phase 2 epoch 10/12: loss1=0.0073, loss2=0.2523, dev_macro_f1=0.0645, dev_err=52.37%
2026-02-24 04:43:53,733 - lg_cotrain - INFO - Phase 2 epoch 11/12: loss1=0.0074, loss2=0.2429, dev_macro_f1=0.0645, dev_err=52.37%
2026-02-24 04:44:29,408 - lg_cotrain - INFO - Phase 2 epoch 12/12: loss1=0.0068, loss2=0.2317, dev_macro_f1=0.0645, dev_err=52.37%
2026-02-24 04:44:29,409 - lg_cotrain - INFO - === Phase 3: Fine-Tuning ===
2026-02-24 04:44:33,395 - lg_cotrain - INFO - Phase 3 epoch 1: dev_macro_f1=0.0044, dev_err=97.76%, es_counter1=0, es_counter2=0
2026-02-24 04:44:37,370 - lg_cotrain - INFO - Phase 3 epoch 2: dev_macro_f1=0.0072, dev_err=96.26%, es_counter1=0, es_counter2=0
2026-02-24 04:44:41,344 - lg_cotrain - INFO - Phase 3 epoch 3: dev_macro_f1=0.0198, dev_err=89.03%, es_counter1=0, es_counter2=0
2026-02-24 04:44:45,293 - lg_cotrain - INFO - Phase 3 epoch 4: dev_macro_f1=0.0039, dev_err=98.00%, es_counter1=1, es_counter2=1
2026-02-24 04:44:49,265 - lg_cotrain - INFO - Phase 3 epoch 5: dev_macro_f1=0.0072, dev_err=96.26%, es_counter1=2, es_counter2=2
2026-02-24 04:44:53,224 - lg_cotrain - INFO - Phase 3 epoch 6: dev_macro_f1=0.0039, dev_err=98.00%, es_counter1=3, es_counter2=3
2026-02-24 04:44:57,196 - lg_cotrain - INFO - Phase 3 epoch 7: dev_macro_f1=0.0218, dev_err=87.78%, es_counter1=0, es_counter2=0
2026-02-24 04:45:01,149 - lg_cotrain - INFO - Phase 3 epoch 8: dev_macro_f1=0.0165, dev_err=91.02%, es_counter1=1, es_counter2=1
2026-02-24 04:45:05,107 - lg_cotrain - INFO - Phase 3 epoch 9: dev_macro_f1=0.0198, dev_err=89.03%, es_counter1=2, es_counter2=2
2026-02-24 04:45:09,088 - lg_cotrain - INFO - Phase 3 epoch 10: dev_macro_f1=0.0645, dev_err=52.37%, es_counter1=0, es_counter2=0
2026-02-24 04:45:13,038 - lg_cotrain - INFO - Phase 3 epoch 11: dev_macro_f1=0.0044, dev_err=97.76%, es_counter1=1, es_counter2=1
2026-02-24 04:45:16,995 - lg_cotrain - INFO - Phase 3 epoch 12: dev_macro_f1=0.0072, dev_err=96.26%, es_counter1=2, es_counter2=2
2026-02-24 04:45:20,958 - lg_cotrain - INFO - Phase 3 epoch 13: dev_macro_f1=0.0645, dev_err=52.37%, es_counter1=3, es_counter2=3
2026-02-24 04:45:24,931 - lg_cotrain - INFO - Phase 3 epoch 14: dev_macro_f1=0.0072, dev_err=96.26%, es_counter1=4, es_counter2=4
2026-02-24 04:45:24,931 - lg_cotrain - INFO - Early stopping at epoch 14
2026-02-24 04:45:24,941 - lg_cotrain - INFO - === Final Evaluation ===
2026-02-24 04:45:29,035 - lg_cotrain - INFO - Results saved to C:\Users\anhtr\AppData\Local\Temp\tmpzjdokftg\cyclone_idai_2019\50_set2\metrics.json
2026-02-24 04:45:29,036 - lg_cotrain - INFO - Test error rate: 52.50%, Test macro-F1: 0.0644, Test ECE: 0.3434
2026-02-24 04:45:29,046 - lg_cotrain - INFO - --- Trial 4/10 done: dev_macro_f1=0.0645 ---
2026-02-24 04:45:29,047 - lg_cotrain - INFO - --- Trial 5/10 ---
2026-02-24 04:45:29,565 - lg_cotrain - INFO - Starting LG-CoTrain: event=cyclone_idai_2019, budget=50, seed_set=2
2026-02-24 04:45:29,587 - lg_cotrain - INFO - Detected 10 classes for event cyclone_idai_2019: ['caution_and_advice', 'displaced_people_and_evacuations', 'infrastructure_and_utility_damage', 'injured_or_dead_people', 'missing_or_found_people', 'not_humanitarian', 'other_relevant_information', 'requests_or_urgent_needs', 'rescue_volunteering_or_donation_effort', 'sympathy_and_support']
2026-02-24 04:45:29,592 - lg_cotrain - INFO - D_l1: 227, D_l2: 226, D_LG: 2300
2026-02-24 04:45:29,593 - lg_cotrain - INFO - === Phase 1: Weight Generation ===
2026-02-24 04:45:40,335 - lg_cotrain - INFO - Phase 1 epoch 1/7: mean_prob1=0.0988, mean_prob2=0.1121
2026-02-24 04:45:50,097 - lg_cotrain - INFO - Phase 1 epoch 2/7: mean_prob1=0.1079, mean_prob2=0.1456
2026-02-24 04:45:59,911 - lg_cotrain - INFO - Phase 1 epoch 3/7: mean_prob1=0.1197, mean_prob2=0.1442
2026-02-24 04:46:09,740 - lg_cotrain - INFO - Phase 1 epoch 4/7: mean_prob1=0.1283, mean_prob2=0.1507
2026-02-24 04:46:19,504 - lg_cotrain - INFO - Phase 1 epoch 5/7: mean_prob1=0.1301, mean_prob2=0.1629
2026-02-24 04:46:29,351 - lg_cotrain - INFO - Phase 1 epoch 6/7: mean_prob1=0.1342, mean_prob2=0.1538
2026-02-24 04:46:39,131 - lg_cotrain - INFO - Phase 1 epoch 7/7: mean_prob1=0.1490, mean_prob2=0.1798
2026-02-24 04:46:39,131 - lg_cotrain - INFO - === Phase 2: Co-Training ===
2026-02-24 04:46:40,080 - lg_cotrain - INFO - LR scheduler: total_steps_1=940, warmup=232; total_steps_2=940, warmup=232
2026-02-24 04:46:40,080 - lg_cotrain - INFO - Phase 1 done -> seeded Phase 2 trackers. lambda1: mean=0.1490, range=[0.0231, 0.3083]
2026-02-24 04:46:40,081 - lg_cotrain - INFO - Phase 1 done -> seeded Phase 2 trackers. lambda2: mean=0.1798, range=[0.0174, 0.3245]
2026-02-24 04:47:09,808 - lg_cotrain - INFO - Phase 2 epoch 1/15: loss1=0.4031, loss2=0.3236, dev_macro_f1=0.0753, dev_err=51.87%
2026-02-24 04:47:39,535 - lg_cotrain - INFO - Phase 2 epoch 2/15: loss1=0.2106, loss2=0.2837, dev_macro_f1=0.0645, dev_err=52.37%
2026-02-24 04:48:09,245 - lg_cotrain - INFO - Phase 2 epoch 3/15: loss1=0.1265, loss2=0.2623, dev_macro_f1=0.1404, dev_err=43.89%
2026-02-24 04:48:38,957 - lg_cotrain - INFO - Phase 2 epoch 4/15: loss1=0.0786, loss2=0.2019, dev_macro_f1=0.2008, dev_err=36.91%
2026-02-24 04:49:08,644 - lg_cotrain - INFO - Phase 2 epoch 5/15: loss1=0.0531, loss2=0.1774, dev_macro_f1=0.2820, dev_err=31.17%
2026-02-24 04:49:38,385 - lg_cotrain - INFO - Phase 2 epoch 6/15: loss1=0.0290, loss2=0.1339, dev_macro_f1=0.3383, dev_err=27.18%
2026-02-24 04:50:08,116 - lg_cotrain - INFO - Phase 2 epoch 7/15: loss1=0.0166, loss2=0.1063, dev_macro_f1=0.3517, dev_err=26.43%
2026-02-24 04:50:37,901 - lg_cotrain - INFO - Phase 2 epoch 8/15: loss1=0.0147, loss2=0.0802, dev_macro_f1=0.3489, dev_err=27.18%
2026-02-24 04:51:07,675 - lg_cotrain - INFO - Phase 2 epoch 9/15: loss1=0.0114, loss2=0.0634, dev_macro_f1=0.3429, dev_err=27.68%
2026-02-24 04:51:37,431 - lg_cotrain - INFO - Phase 2 epoch 10/15: loss1=0.0093, loss2=0.0672, dev_macro_f1=0.3331, dev_err=28.18%
2026-02-24 04:52:07,258 - lg_cotrain - INFO - Phase 2 epoch 11/15: loss1=0.0087, loss2=0.0435, dev_macro_f1=0.3438, dev_err=27.43%
2026-02-24 04:52:37,024 - lg_cotrain - INFO - Phase 2 epoch 12/15: loss1=0.0120, loss2=0.0338, dev_macro_f1=0.3489, dev_err=26.93%
2026-02-24 04:53:06,888 - lg_cotrain - INFO - Phase 2 epoch 13/15: loss1=0.0133, loss2=0.0283, dev_macro_f1=0.3548, dev_err=26.68%
2026-02-24 04:53:36,665 - lg_cotrain - INFO - Phase 2 epoch 14/15: loss1=0.0110, loss2=0.0236, dev_macro_f1=0.3526, dev_err=26.93%
2026-02-24 04:54:06,469 - lg_cotrain - INFO - Phase 2 epoch 15/15: loss1=0.0110, loss2=0.0224, dev_macro_f1=0.3371, dev_err=27.93%
2026-02-24 04:54:06,470 - lg_cotrain - INFO - === Phase 3: Fine-Tuning ===
2026-02-24 04:54:09,797 - lg_cotrain - INFO - Phase 3 epoch 1: dev_macro_f1=0.3252, dev_err=55.11%, es_counter1=0, es_counter2=0
2026-02-24 04:54:13,132 - lg_cotrain - INFO - Phase 3 epoch 2: dev_macro_f1=0.3361, dev_err=64.34%, es_counter1=0, es_counter2=0
2026-02-24 04:54:16,469 - lg_cotrain - INFO - Phase 3 epoch 3: dev_macro_f1=0.3931, dev_err=51.62%, es_counter1=0, es_counter2=0
2026-02-24 04:54:19,793 - lg_cotrain - INFO - Phase 3 epoch 4: dev_macro_f1=0.4159, dev_err=36.66%, es_counter1=0, es_counter2=0
2026-02-24 04:54:23,118 - lg_cotrain - INFO - Phase 3 epoch 5: dev_macro_f1=0.4607, dev_err=29.43%, es_counter1=0, es_counter2=0
2026-02-24 04:54:26,429 - lg_cotrain - INFO - Phase 3 epoch 6: dev_macro_f1=0.4349, dev_err=29.43%, es_counter1=1, es_counter2=1
2026-02-24 04:54:29,740 - lg_cotrain - INFO - Phase 3 epoch 7: dev_macro_f1=0.4574, dev_err=31.67%, es_counter1=2, es_counter2=2
2026-02-24 04:54:33,072 - lg_cotrain - INFO - Phase 3 epoch 8: dev_macro_f1=0.4704, dev_err=32.42%, es_counter1=0, es_counter2=0
2026-02-24 04:54:36,387 - lg_cotrain - INFO - Phase 3 epoch 9: dev_macro_f1=0.4600, dev_err=33.17%, es_counter1=1, es_counter2=1
2026-02-24 04:54:39,700 - lg_cotrain - INFO - Phase 3 epoch 10: dev_macro_f1=0.4596, dev_err=32.92%, es_counter1=2, es_counter2=2
2026-02-24 04:54:43,017 - lg_cotrain - INFO - Phase 3 epoch 11: dev_macro_f1=0.4616, dev_err=33.17%, es_counter1=3, es_counter2=3
2026-02-24 04:54:46,358 - lg_cotrain - INFO - Phase 3 epoch 12: dev_macro_f1=0.4725, dev_err=32.42%, es_counter1=0, es_counter2=0
2026-02-24 04:54:49,713 - lg_cotrain - INFO - Phase 3 epoch 13: dev_macro_f1=0.4791, dev_err=32.17%, es_counter1=0, es_counter2=0
2026-02-24 04:54:53,043 - lg_cotrain - INFO - Phase 3 epoch 14: dev_macro_f1=0.5008, dev_err=31.42%, es_counter1=0, es_counter2=0
2026-02-24 04:54:56,352 - lg_cotrain - INFO - Phase 3 epoch 15: dev_macro_f1=0.4978, dev_err=31.42%, es_counter1=1, es_counter2=1
2026-02-24 04:54:59,669 - lg_cotrain - INFO - Phase 3 epoch 16: dev_macro_f1=0.4981, dev_err=30.92%, es_counter1=2, es_counter2=2
2026-02-24 04:55:02,976 - lg_cotrain - INFO - Phase 3 epoch 17: dev_macro_f1=0.4969, dev_err=31.17%, es_counter1=3, es_counter2=3
2026-02-24 04:55:06,287 - lg_cotrain - INFO - Phase 3 epoch 18: dev_macro_f1=0.4843, dev_err=32.17%, es_counter1=4, es_counter2=4
2026-02-24 04:55:09,593 - lg_cotrain - INFO - Phase 3 epoch 19: dev_macro_f1=0.4903, dev_err=31.92%, es_counter1=5, es_counter2=5
2026-02-24 04:55:09,593 - lg_cotrain - INFO - Early stopping at epoch 19
2026-02-24 04:55:09,602 - lg_cotrain - INFO - === Final Evaluation ===
2026-02-24 04:55:13,398 - lg_cotrain - INFO - Results saved to C:\Users\anhtr\AppData\Local\Temp\tmp47dcg5sb\cyclone_idai_2019\50_set2\metrics.json
2026-02-24 04:55:13,398 - lg_cotrain - INFO - Test error rate: 29.14%, Test macro-F1: 0.6267, Test ECE: 0.0510
2026-02-24 04:55:13,408 - lg_cotrain - INFO - --- Trial 5/10 done: dev_macro_f1=0.5008 ---
2026-02-24 04:55:13,409 - lg_cotrain - INFO - --- Trial 6/10 ---
2026-02-24 04:55:13,915 - lg_cotrain - INFO - Starting LG-CoTrain: event=cyclone_idai_2019, budget=50, seed_set=2
2026-02-24 04:55:13,939 - lg_cotrain - INFO - Detected 10 classes for event cyclone_idai_2019: ['caution_and_advice', 'displaced_people_and_evacuations', 'infrastructure_and_utility_damage', 'injured_or_dead_people', 'missing_or_found_people', 'not_humanitarian', 'other_relevant_information', 'requests_or_urgent_needs', 'rescue_volunteering_or_donation_effort', 'sympathy_and_support']
2026-02-24 04:55:13,944 - lg_cotrain - INFO - D_l1: 227, D_l2: 226, D_LG: 2300
2026-02-24 04:55:13,946 - lg_cotrain - INFO - === Phase 1: Weight Generation ===
2026-02-24 04:55:27,313 - lg_cotrain - INFO - Phase 1 epoch 1/7: mean_prob1=0.1062, mean_prob2=0.1356
2026-02-24 04:55:39,692 - lg_cotrain - INFO - Phase 1 epoch 2/7: mean_prob1=0.1085, mean_prob2=0.1594
2026-02-24 04:55:52,097 - lg_cotrain - INFO - Phase 1 epoch 3/7: mean_prob1=0.1296, mean_prob2=0.1705
2026-02-24 04:56:04,469 - lg_cotrain - INFO - Phase 1 epoch 4/7: mean_prob1=0.1410, mean_prob2=0.1995
2026-02-24 04:56:16,875 - lg_cotrain - INFO - Phase 1 epoch 5/7: mean_prob1=0.1749, mean_prob2=0.1810
2026-02-24 04:56:29,261 - lg_cotrain - INFO - Phase 1 epoch 6/7: mean_prob1=0.1857, mean_prob2=0.2201
2026-02-24 04:56:41,647 - lg_cotrain - INFO - Phase 1 epoch 7/7: mean_prob1=0.1950, mean_prob2=0.2312
2026-02-24 04:56:41,647 - lg_cotrain - INFO - === Phase 2: Co-Training ===
2026-02-24 04:56:42,639 - lg_cotrain - INFO - LR scheduler: total_steps_1=4916, warmup=774; total_steps_2=4916, warmup=774
2026-02-24 04:56:42,641 - lg_cotrain - INFO - Phase 1 done -> seeded Phase 2 trackers. lambda1: mean=0.1950, range=[0.0124, 0.5500]
2026-02-24 04:56:42,641 - lg_cotrain - INFO - Phase 1 done -> seeded Phase 2 trackers. lambda2: mean=0.2312, range=[0.0097, 0.5479]
2026-02-24 04:57:24,717 - lg_cotrain - INFO - Phase 2 epoch 1/7: loss1=0.4281, loss2=0.3724, dev_macro_f1=0.1402, dev_err=46.88%
2026-02-24 04:58:06,755 - lg_cotrain - INFO - Phase 2 epoch 2/7: loss1=0.1104, loss2=0.2757, dev_macro_f1=0.2269, dev_err=33.92%
2026-02-24 04:58:49,126 - lg_cotrain - INFO - Phase 2 epoch 3/7: loss1=0.0557, loss2=0.1850, dev_macro_f1=0.3187, dev_err=26.93%
2026-02-24 04:59:31,550 - lg_cotrain - INFO - Phase 2 epoch 4/7: loss1=0.0275, loss2=0.1252, dev_macro_f1=0.3387, dev_err=27.43%
2026-02-24 05:00:14,024 - lg_cotrain - INFO - Phase 2 epoch 5/7: loss1=0.0183, loss2=0.0807, dev_macro_f1=0.3475, dev_err=26.43%
2026-02-24 05:00:56,499 - lg_cotrain - INFO - Phase 2 epoch 6/7: loss1=0.0146, loss2=0.0599, dev_macro_f1=0.3453, dev_err=26.68%
2026-02-24 05:01:38,965 - lg_cotrain - INFO - Phase 2 epoch 7/7: loss1=0.0140, loss2=0.0449, dev_macro_f1=0.3474, dev_err=27.43%
2026-02-24 05:01:38,965 - lg_cotrain - INFO - === Phase 3: Fine-Tuning ===
2026-02-24 05:01:43,674 - lg_cotrain - INFO - Phase 3 epoch 1: dev_macro_f1=0.4070, dev_err=30.92%, es_counter1=0, es_counter2=0
2026-02-24 05:01:48,390 - lg_cotrain - INFO - Phase 3 epoch 2: dev_macro_f1=0.4725, dev_err=27.68%, es_counter1=0, es_counter2=0
2026-02-24 05:01:53,100 - lg_cotrain - INFO - Phase 3 epoch 3: dev_macro_f1=0.4645, dev_err=29.68%, es_counter1=1, es_counter2=1
2026-02-24 05:01:57,830 - lg_cotrain - INFO - Phase 3 epoch 4: dev_macro_f1=0.5026, dev_err=30.67%, es_counter1=0, es_counter2=0
2026-02-24 05:02:02,509 - lg_cotrain - INFO - Phase 3 epoch 5: dev_macro_f1=0.4846, dev_err=28.68%, es_counter1=1, es_counter2=1
2026-02-24 05:02:07,195 - lg_cotrain - INFO - Phase 3 epoch 6: dev_macro_f1=0.4859, dev_err=31.92%, es_counter1=2, es_counter2=2
2026-02-24 05:02:11,879 - lg_cotrain - INFO - Phase 3 epoch 7: dev_macro_f1=0.4899, dev_err=31.67%, es_counter1=3, es_counter2=3
2026-02-24 05:02:16,561 - lg_cotrain - INFO - Phase 3 epoch 8: dev_macro_f1=0.4886, dev_err=31.67%, es_counter1=4, es_counter2=4
2026-02-24 05:02:16,561 - lg_cotrain - INFO - Early stopping at epoch 8
2026-02-24 05:02:16,570 - lg_cotrain - INFO - === Final Evaluation ===
2026-02-24 05:02:21,099 - lg_cotrain - INFO - Results saved to C:\Users\anhtr\AppData\Local\Temp\tmpe_g4o46v\cyclone_idai_2019\50_set2\metrics.json
2026-02-24 05:02:21,100 - lg_cotrain - INFO - Test error rate: 30.30%, Test macro-F1: 0.5277, Test ECE: 0.0582
2026-02-24 05:02:21,111 - lg_cotrain - INFO - --- Trial 6/10 done: dev_macro_f1=0.5026 ---
2026-02-24 05:02:21,111 - lg_cotrain - INFO - --- Trial 7/10 ---
2026-02-24 05:02:21,656 - lg_cotrain - INFO - Starting LG-CoTrain: event=cyclone_idai_2019, budget=50, seed_set=2
2026-02-24 05:02:21,678 - lg_cotrain - INFO - Detected 10 classes for event cyclone_idai_2019: ['caution_and_advice', 'displaced_people_and_evacuations', 'infrastructure_and_utility_damage', 'injured_or_dead_people', 'missing_or_found_people', 'not_humanitarian', 'other_relevant_information', 'requests_or_urgent_needs', 'rescue_volunteering_or_donation_effort', 'sympathy_and_support']
2026-02-24 05:02:21,684 - lg_cotrain - INFO - D_l1: 227, D_l2: 226, D_LG: 2300
2026-02-24 05:02:21,684 - lg_cotrain - INFO - === Phase 1: Weight Generation ===
2026-02-24 05:02:32,785 - lg_cotrain - INFO - Phase 1 epoch 1/7: mean_prob1=0.0993, mean_prob2=0.1099
2026-02-24 05:02:42,561 - lg_cotrain - INFO - Phase 1 epoch 2/7: mean_prob1=0.1027, mean_prob2=0.1256
2026-02-24 05:02:52,367 - lg_cotrain - INFO - Phase 1 epoch 3/7: mean_prob1=0.1063, mean_prob2=0.1371
2026-02-24 05:03:02,213 - lg_cotrain - INFO - Phase 1 epoch 4/7: mean_prob1=0.1099, mean_prob2=0.1431
2026-02-24 05:03:12,026 - lg_cotrain - INFO - Phase 1 epoch 5/7: mean_prob1=0.1202, mean_prob2=0.1464
2026-02-24 05:03:21,829 - lg_cotrain - INFO - Phase 1 epoch 6/7: mean_prob1=0.1301, mean_prob2=0.1486
2026-02-24 05:03:31,619 - lg_cotrain - INFO - Phase 1 epoch 7/7: mean_prob1=0.1341, mean_prob2=0.1530
2026-02-24 05:03:31,619 - lg_cotrain - INFO - === Phase 2: Co-Training ===
2026-02-24 05:03:32,564 - lg_cotrain - INFO - LR scheduler: total_steps_1=904, warmup=156; total_steps_2=904, warmup=156
2026-02-24 05:03:32,565 - lg_cotrain - INFO - Phase 1 done -> seeded Phase 2 trackers. lambda1: mean=0.1341, range=[0.0315, 0.2605]
2026-02-24 05:03:32,565 - lg_cotrain - INFO - Phase 1 done -> seeded Phase 2 trackers. lambda2: mean=0.1530, range=[0.0249, 0.2659]
2026-02-24 05:04:02,343 - lg_cotrain - INFO - Phase 2 epoch 1/14: loss1=0.3465, loss2=0.2919, dev_macro_f1=0.0796, dev_err=51.87%
2026-02-24 05:04:32,202 - lg_cotrain - INFO - Phase 2 epoch 2/14: loss1=0.2161, loss2=0.2608, dev_macro_f1=0.0645, dev_err=52.37%
2026-02-24 05:05:02,059 - lg_cotrain - INFO - Phase 2 epoch 3/14: loss1=0.1291, loss2=0.2517, dev_macro_f1=0.1179, dev_err=48.13%
2026-02-24 05:05:31,942 - lg_cotrain - INFO - Phase 2 epoch 4/14: loss1=0.0860, loss2=0.1998, dev_macro_f1=0.1662, dev_err=40.40%
2026-02-24 05:06:01,756 - lg_cotrain - INFO - Phase 2 epoch 5/14: loss1=0.0609, loss2=0.1831, dev_macro_f1=0.2831, dev_err=31.67%
2026-02-24 05:06:31,463 - lg_cotrain - INFO - Phase 2 epoch 6/14: loss1=0.0369, loss2=0.1530, dev_macro_f1=0.3109, dev_err=28.68%
2026-02-24 05:07:01,189 - lg_cotrain - INFO - Phase 2 epoch 7/14: loss1=0.0239, loss2=0.1195, dev_macro_f1=0.3347, dev_err=27.43%
2026-02-24 05:07:30,825 - lg_cotrain - INFO - Phase 2 epoch 8/14: loss1=0.0173, loss2=0.1009, dev_macro_f1=0.3297, dev_err=28.18%
2026-02-24 05:08:00,493 - lg_cotrain - INFO - Phase 2 epoch 9/14: loss1=0.0152, loss2=0.0809, dev_macro_f1=0.3512, dev_err=26.18%
2026-02-24 05:08:30,208 - lg_cotrain - INFO - Phase 2 epoch 10/14: loss1=0.0124, loss2=0.0642, dev_macro_f1=0.3541, dev_err=25.94%
2026-02-24 05:08:59,930 - lg_cotrain - INFO - Phase 2 epoch 11/14: loss1=0.0113, loss2=0.0524, dev_macro_f1=0.3534, dev_err=26.43%
2026-02-24 05:09:29,769 - lg_cotrain - INFO - Phase 2 epoch 12/14: loss1=0.0113, loss2=0.0475, dev_macro_f1=0.3554, dev_err=25.94%
2026-02-24 05:09:59,562 - lg_cotrain - INFO - Phase 2 epoch 13/14: loss1=0.0113, loss2=0.0439, dev_macro_f1=0.3402, dev_err=27.18%
2026-02-24 05:10:29,403 - lg_cotrain - INFO - Phase 2 epoch 14/14: loss1=0.0106, loss2=0.0408, dev_macro_f1=0.3580, dev_err=26.93%
2026-02-24 05:10:29,404 - lg_cotrain - INFO - === Phase 3: Fine-Tuning ===
2026-02-24 05:10:32,733 - lg_cotrain - INFO - Phase 3 epoch 1: dev_macro_f1=0.3356, dev_err=40.90%, es_counter1=0, es_counter2=0
2026-02-24 05:10:36,051 - lg_cotrain - INFO - Phase 3 epoch 2: dev_macro_f1=0.3301, dev_err=60.60%, es_counter1=1, es_counter2=1
2026-02-24 05:10:39,371 - lg_cotrain - INFO - Phase 3 epoch 3: dev_macro_f1=0.3331, dev_err=55.36%, es_counter1=2, es_counter2=2
2026-02-24 05:10:42,716 - lg_cotrain - INFO - Phase 3 epoch 4: dev_macro_f1=0.4082, dev_err=36.66%, es_counter1=0, es_counter2=0
2026-02-24 05:10:46,058 - lg_cotrain - INFO - Phase 3 epoch 5: dev_macro_f1=0.4133, dev_err=30.92%, es_counter1=0, es_counter2=0
2026-02-24 05:10:49,399 - lg_cotrain - INFO - Phase 3 epoch 6: dev_macro_f1=0.4164, dev_err=28.43%, es_counter1=0, es_counter2=0
2026-02-24 05:10:52,705 - lg_cotrain - INFO - Phase 3 epoch 7: dev_macro_f1=0.4106, dev_err=28.93%, es_counter1=1, es_counter2=1
2026-02-24 05:10:56,042 - lg_cotrain - INFO - Phase 3 epoch 8: dev_macro_f1=0.4287, dev_err=29.68%, es_counter1=0, es_counter2=0
2026-02-24 05:10:59,357 - lg_cotrain - INFO - Phase 3 epoch 9: dev_macro_f1=0.4220, dev_err=30.92%, es_counter1=1, es_counter2=1
2026-02-24 05:11:02,691 - lg_cotrain - INFO - Phase 3 epoch 10: dev_macro_f1=0.4778, dev_err=29.43%, es_counter1=0, es_counter2=0
2026-02-24 05:11:06,015 - lg_cotrain - INFO - Phase 3 epoch 11: dev_macro_f1=0.4699, dev_err=30.17%, es_counter1=1, es_counter2=1
2026-02-24 05:11:09,333 - lg_cotrain - INFO - Phase 3 epoch 12: dev_macro_f1=0.4746, dev_err=29.68%, es_counter1=2, es_counter2=2
2026-02-24 05:11:12,641 - lg_cotrain - INFO - Phase 3 epoch 13: dev_macro_f1=0.4719, dev_err=29.18%, es_counter1=3, es_counter2=3
2026-02-24 05:11:15,957 - lg_cotrain - INFO - Phase 3 epoch 14: dev_macro_f1=0.4736, dev_err=29.18%, es_counter1=4, es_counter2=4
2026-02-24 05:11:19,274 - lg_cotrain - INFO - Phase 3 epoch 15: dev_macro_f1=0.4590, dev_err=29.68%, es_counter1=5, es_counter2=5
2026-02-24 05:11:19,275 - lg_cotrain - INFO - Early stopping at epoch 15
2026-02-24 05:11:19,287 - lg_cotrain - INFO - === Final Evaluation ===
2026-02-24 05:11:23,061 - lg_cotrain - INFO - Results saved to C:\Users\anhtr\AppData\Local\Temp\tmpuypqu1_x\cyclone_idai_2019\50_set2\metrics.json
2026-02-24 05:11:23,061 - lg_cotrain - INFO - Test error rate: 26.96%, Test macro-F1: 0.5396, Test ECE: 0.1137
2026-02-24 05:11:23,069 - lg_cotrain - INFO - --- Trial 7/10 done: dev_macro_f1=0.4778 ---
2026-02-24 05:11:23,069 - lg_cotrain - INFO - --- Trial 8/10 ---
2026-02-24 05:11:23,588 - lg_cotrain - INFO - Starting LG-CoTrain: event=cyclone_idai_2019, budget=50, seed_set=2
2026-02-24 05:11:23,612 - lg_cotrain - INFO - Detected 10 classes for event cyclone_idai_2019: ['caution_and_advice', 'displaced_people_and_evacuations', 'infrastructure_and_utility_damage', 'injured_or_dead_people', 'missing_or_found_people', 'not_humanitarian', 'other_relevant_information', 'requests_or_urgent_needs', 'rescue_volunteering_or_donation_effort', 'sympathy_and_support']
2026-02-24 05:11:23,618 - lg_cotrain - INFO - D_l1: 227, D_l2: 226, D_LG: 2300
2026-02-24 05:11:23,619 - lg_cotrain - INFO - === Phase 1: Weight Generation ===
2026-02-24 05:11:34,370 - lg_cotrain - INFO - Phase 1 epoch 1/7: mean_prob1=0.0982, mean_prob2=0.1094
2026-02-24 05:11:44,191 - lg_cotrain - INFO - Phase 1 epoch 2/7: mean_prob1=0.1063, mean_prob2=0.1374
2026-02-24 05:11:54,002 - lg_cotrain - INFO - Phase 1 epoch 3/7: mean_prob1=0.1125, mean_prob2=0.1430
2026-02-24 05:12:03,790 - lg_cotrain - INFO - Phase 1 epoch 4/7: mean_prob1=0.1179, mean_prob2=0.1407
2026-02-24 05:12:13,643 - lg_cotrain - INFO - Phase 1 epoch 5/7: mean_prob1=0.1326, mean_prob2=0.1577
2026-02-24 05:12:23,470 - lg_cotrain - INFO - Phase 1 epoch 6/7: mean_prob1=0.1409, mean_prob2=0.1589
2026-02-24 05:12:33,254 - lg_cotrain - INFO - Phase 1 epoch 7/7: mean_prob1=0.1401, mean_prob2=0.1488
2026-02-24 05:12:33,254 - lg_cotrain - INFO - === Phase 2: Co-Training ===
2026-02-24 05:12:34,215 - lg_cotrain - INFO - LR scheduler: total_steps_1=1120, warmup=291; total_steps_2=1120, warmup=291
2026-02-24 05:12:34,215 - lg_cotrain - INFO - Phase 1 done -> seeded Phase 2 trackers. lambda1: mean=0.1401, range=[0.0253, 0.2922]
2026-02-24 05:12:34,216 - lg_cotrain - INFO - Phase 1 done -> seeded Phase 2 trackers. lambda2: mean=0.1488, range=[0.0191, 0.2979]
2026-02-24 05:13:04,063 - lg_cotrain - INFO - Phase 2 epoch 1/20: loss1=0.3400, loss2=0.3084, dev_macro_f1=0.0875, dev_err=52.87%
2026-02-24 05:13:33,889 - lg_cotrain - INFO - Phase 2 epoch 2/20: loss1=0.2053, loss2=0.2854, dev_macro_f1=0.0645, dev_err=52.37%
2026-02-24 05:14:03,714 - lg_cotrain - INFO - Phase 2 epoch 3/20: loss1=0.1397, loss2=0.2578, dev_macro_f1=0.0733, dev_err=51.87%
2026-02-24 05:14:33,533 - lg_cotrain - INFO - Phase 2 epoch 4/20: loss1=0.0973, loss2=0.2220, dev_macro_f1=0.1390, dev_err=42.89%
2026-02-24 05:15:03,331 - lg_cotrain - INFO - Phase 2 epoch 5/20: loss1=0.0709, loss2=0.1962, dev_macro_f1=0.2496, dev_err=35.41%
2026-02-24 05:15:33,118 - lg_cotrain - INFO - Phase 2 epoch 6/20: loss1=0.0449, loss2=0.1686, dev_macro_f1=0.3083, dev_err=29.43%
2026-02-24 05:16:02,883 - lg_cotrain - INFO - Phase 2 epoch 7/20: loss1=0.0272, loss2=0.1336, dev_macro_f1=0.3347, dev_err=27.18%
2026-02-24 05:16:32,719 - lg_cotrain - INFO - Phase 2 epoch 8/20: loss1=0.0168, loss2=0.1088, dev_macro_f1=0.3459, dev_err=26.68%
2026-02-24 05:17:02,548 - lg_cotrain - INFO - Phase 2 epoch 9/20: loss1=0.0119, loss2=0.0836, dev_macro_f1=0.3471, dev_err=26.93%
2026-02-24 05:17:32,306 - lg_cotrain - INFO - Phase 2 epoch 10/20: loss1=0.0091, loss2=0.0570, dev_macro_f1=0.3493, dev_err=27.18%
2026-02-24 05:18:02,081 - lg_cotrain - INFO - Phase 2 epoch 11/20: loss1=0.0079, loss2=0.0521, dev_macro_f1=0.3549, dev_err=25.94%
2026-02-24 05:18:31,834 - lg_cotrain - INFO - Phase 2 epoch 12/20: loss1=0.0093, loss2=0.0476, dev_macro_f1=0.3718, dev_err=25.44%
2026-02-24 05:19:01,580 - lg_cotrain - INFO - Phase 2 epoch 13/20: loss1=0.0098, loss2=0.0546, dev_macro_f1=0.3443, dev_err=26.93%
2026-02-24 05:19:31,368 - lg_cotrain - INFO - Phase 2 epoch 14/20: loss1=0.0187, loss2=0.0358, dev_macro_f1=0.3474, dev_err=27.18%
2026-02-24 05:20:01,199 - lg_cotrain - INFO - Phase 2 epoch 15/20: loss1=0.0134, loss2=0.0301, dev_macro_f1=0.3867, dev_err=25.69%
2026-02-24 05:20:30,984 - lg_cotrain - INFO - Phase 2 epoch 16/20: loss1=0.0108, loss2=0.0290, dev_macro_f1=0.3800, dev_err=26.93%
2026-02-24 05:21:00,898 - lg_cotrain - INFO - Phase 2 epoch 17/20: loss1=0.0100, loss2=0.0258, dev_macro_f1=0.3791, dev_err=26.93%
2026-02-24 05:21:30,693 - lg_cotrain - INFO - Phase 2 epoch 18/20: loss1=0.0098, loss2=0.0231, dev_macro_f1=0.3662, dev_err=26.68%
2026-02-24 05:22:00,509 - lg_cotrain - INFO - Phase 2 epoch 19/20: loss1=0.0099, loss2=0.0190, dev_macro_f1=0.3915, dev_err=26.43%
2026-02-24 05:22:30,219 - lg_cotrain - INFO - Phase 2 epoch 20/20: loss1=0.0088, loss2=0.0172, dev_macro_f1=0.3882, dev_err=26.43%
2026-02-24 05:22:30,219 - lg_cotrain - INFO - === Phase 3: Fine-Tuning ===
2026-02-24 05:22:33,528 - lg_cotrain - INFO - Phase 3 epoch 1: dev_macro_f1=0.3996, dev_err=47.63%, es_counter1=0, es_counter2=0
2026-02-24 05:22:36,829 - lg_cotrain - INFO - Phase 3 epoch 2: dev_macro_f1=0.3773, dev_err=52.62%, es_counter1=1, es_counter2=1
2026-02-24 05:22:40,149 - lg_cotrain - INFO - Phase 3 epoch 3: dev_macro_f1=0.4460, dev_err=34.16%, es_counter1=0, es_counter2=0
2026-02-24 05:22:43,461 - lg_cotrain - INFO - Phase 3 epoch 4: dev_macro_f1=0.4989, dev_err=25.69%, es_counter1=0, es_counter2=0
2026-02-24 05:22:46,758 - lg_cotrain - INFO - Phase 3 epoch 5: dev_macro_f1=0.4593, dev_err=32.17%, es_counter1=1, es_counter2=1
2026-02-24 05:22:50,054 - lg_cotrain - INFO - Phase 3 epoch 6: dev_macro_f1=0.4477, dev_err=35.66%, es_counter1=2, es_counter2=2
2026-02-24 05:22:53,348 - lg_cotrain - INFO - Phase 3 epoch 7: dev_macro_f1=0.4735, dev_err=33.92%, es_counter1=3, es_counter2=3
2026-02-24 05:22:56,635 - lg_cotrain - INFO - Phase 3 epoch 8: dev_macro_f1=0.4712, dev_err=33.17%, es_counter1=4, es_counter2=4
2026-02-24 05:22:59,937 - lg_cotrain - INFO - Phase 3 epoch 9: dev_macro_f1=0.4527, dev_err=33.67%, es_counter1=5, es_counter2=5
2026-02-24 05:23:03,234 - lg_cotrain - INFO - Phase 3 epoch 10: dev_macro_f1=0.4507, dev_err=33.92%, es_counter1=6, es_counter2=6
2026-02-24 05:23:06,543 - lg_cotrain - INFO - Phase 3 epoch 11: dev_macro_f1=0.4773, dev_err=30.92%, es_counter1=7, es_counter2=7
2026-02-24 05:23:09,835 - lg_cotrain - INFO - Phase 3 epoch 12: dev_macro_f1=0.4848, dev_err=30.67%, es_counter1=8, es_counter2=8
2026-02-24 05:23:13,167 - lg_cotrain - INFO - Phase 3 epoch 13: dev_macro_f1=0.5011, dev_err=29.93%, es_counter1=0, es_counter2=0
2026-02-24 05:23:16,461 - lg_cotrain - INFO - Phase 3 epoch 14: dev_macro_f1=0.4945, dev_err=30.42%, es_counter1=1, es_counter2=1
2026-02-24 05:23:19,748 - lg_cotrain - INFO - Phase 3 epoch 15: dev_macro_f1=0.4914, dev_err=30.67%, es_counter1=2, es_counter2=2
2026-02-24 05:23:23,043 - lg_cotrain - INFO - Phase 3 epoch 16: dev_macro_f1=0.4897, dev_err=31.17%, es_counter1=3, es_counter2=3
2026-02-24 05:23:26,342 - lg_cotrain - INFO - Phase 3 epoch 17: dev_macro_f1=0.4946, dev_err=31.42%, es_counter1=4, es_counter2=4
2026-02-24 05:23:29,638 - lg_cotrain - INFO - Phase 3 epoch 18: dev_macro_f1=0.4988, dev_err=30.67%, es_counter1=5, es_counter2=5
2026-02-24 05:23:32,947 - lg_cotrain - INFO - Phase 3 epoch 19: dev_macro_f1=0.5029, dev_err=30.67%, es_counter1=0, es_counter2=0
2026-02-24 05:23:36,250 - lg_cotrain - INFO - Phase 3 epoch 20: dev_macro_f1=0.5073, dev_err=30.42%, es_counter1=0, es_counter2=0
2026-02-24 05:23:39,551 - lg_cotrain - INFO - Phase 3 epoch 21: dev_macro_f1=0.5034, dev_err=30.67%, es_counter1=1, es_counter2=1
2026-02-24 05:23:42,853 - lg_cotrain - INFO - Phase 3 epoch 22: dev_macro_f1=0.4977, dev_err=30.67%, es_counter1=2, es_counter2=2
2026-02-24 05:23:46,158 - lg_cotrain - INFO - Phase 3 epoch 23: dev_macro_f1=0.4998, dev_err=30.67%, es_counter1=3, es_counter2=3
2026-02-24 05:23:49,470 - lg_cotrain - INFO - Phase 3 epoch 24: dev_macro_f1=0.4950, dev_err=30.92%, es_counter1=4, es_counter2=4
2026-02-24 05:23:52,772 - lg_cotrain - INFO - Phase 3 epoch 25: dev_macro_f1=0.4969, dev_err=31.42%, es_counter1=5, es_counter2=5
2026-02-24 05:23:56,080 - lg_cotrain - INFO - Phase 3 epoch 26: dev_macro_f1=0.4965, dev_err=31.42%, es_counter1=6, es_counter2=6
2026-02-24 05:23:59,387 - lg_cotrain - INFO - Phase 3 epoch 27: dev_macro_f1=0.4947, dev_err=31.67%, es_counter1=7, es_counter2=7
2026-02-24 05:24:02,700 - lg_cotrain - INFO - Phase 3 epoch 28: dev_macro_f1=0.4861, dev_err=31.92%, es_counter1=8, es_counter2=8
2026-02-24 05:24:06,000 - lg_cotrain - INFO - Phase 3 epoch 29: dev_macro_f1=0.4859, dev_err=31.92%, es_counter1=9, es_counter2=9
2026-02-24 05:24:06,000 - lg_cotrain - INFO - Early stopping at epoch 29
2026-02-24 05:24:06,011 - lg_cotrain - INFO - === Final Evaluation ===
2026-02-24 05:24:09,779 - lg_cotrain - INFO - Results saved to C:\Users\anhtr\AppData\Local\Temp\tmpcqvdmxqd\cyclone_idai_2019\50_set2\metrics.json
2026-02-24 05:24:09,779 - lg_cotrain - INFO - Test error rate: 30.04%, Test macro-F1: 0.6123, Test ECE: 0.0706
2026-02-24 05:24:09,787 - lg_cotrain - INFO - --- Trial 8/10 done: dev_macro_f1=0.5073 ---
2026-02-24 05:24:09,788 - lg_cotrain - INFO - --- Trial 9/10 ---
2026-02-24 05:24:10,300 - lg_cotrain - INFO - Starting LG-CoTrain: event=cyclone_idai_2019, budget=50, seed_set=2
2026-02-24 05:24:10,327 - lg_cotrain - INFO - Detected 10 classes for event cyclone_idai_2019: ['caution_and_advice', 'displaced_people_and_evacuations', 'infrastructure_and_utility_damage', 'injured_or_dead_people', 'missing_or_found_people', 'not_humanitarian', 'other_relevant_information', 'requests_or_urgent_needs', 'rescue_volunteering_or_donation_effort', 'sympathy_and_support']
2026-02-24 05:24:10,335 - lg_cotrain - INFO - D_l1: 227, D_l2: 226, D_LG: 2300
2026-02-24 05:24:10,336 - lg_cotrain - INFO - === Phase 1: Weight Generation ===
2026-02-24 05:24:23,678 - lg_cotrain - INFO - Phase 1 epoch 1/7: mean_prob1=0.1173, mean_prob2=0.1538
2026-02-24 05:24:36,206 - lg_cotrain - INFO - Phase 1 epoch 2/7: mean_prob1=0.1342, mean_prob2=0.1930
2026-02-24 05:24:48,668 - lg_cotrain - INFO - Phase 1 epoch 3/7: mean_prob1=0.1563, mean_prob2=0.1991
2026-02-24 05:25:01,247 - lg_cotrain - INFO - Phase 1 epoch 4/7: mean_prob1=0.2108, mean_prob2=0.2442
2026-02-24 05:25:13,753 - lg_cotrain - INFO - Phase 1 epoch 5/7: mean_prob1=0.2649, mean_prob2=0.2996
2026-02-24 05:25:26,236 - lg_cotrain - INFO - Phase 1 epoch 6/7: mean_prob1=0.2553, mean_prob2=0.3297
2026-02-24 05:25:38,706 - lg_cotrain - INFO - Phase 1 epoch 7/7: mean_prob1=0.3494, mean_prob2=0.3618
2026-02-24 05:25:38,706 - lg_cotrain - INFO - === Phase 2: Co-Training ===
2026-02-24 05:25:39,633 - lg_cotrain - INFO - LR scheduler: total_steps_1=8372, warmup=2449; total_steps_2=8372, warmup=2449
2026-02-24 05:25:39,634 - lg_cotrain - INFO - Phase 1 done -> seeded Phase 2 trackers. lambda1: mean=0.3494, range=[0.0065, 0.8829]
2026-02-24 05:25:39,634 - lg_cotrain - INFO - Phase 1 done -> seeded Phase 2 trackers. lambda2: mean=0.3618, range=[0.0043, 0.8972]
2026-02-24 05:26:21,948 - lg_cotrain - INFO - Phase 2 epoch 1/19: loss1=0.7427, loss2=0.7036, dev_macro_f1=0.0645, dev_err=52.37%
2026-02-24 05:27:04,232 - lg_cotrain - INFO - Phase 2 epoch 2/19: loss1=0.1525, loss2=0.4606, dev_macro_f1=0.2045, dev_err=36.91%
2026-02-24 05:27:46,594 - lg_cotrain - INFO - Phase 2 epoch 3/19: loss1=0.0703, loss2=0.2648, dev_macro_f1=0.2728, dev_err=31.17%
2026-02-24 05:28:28,949 - lg_cotrain - INFO - Phase 2 epoch 4/19: loss1=0.0465, loss2=0.1670, dev_macro_f1=0.2986, dev_err=30.17%
2026-02-24 05:29:11,222 - lg_cotrain - INFO - Phase 2 epoch 5/19: loss1=0.0313, loss2=0.1180, dev_macro_f1=0.3386, dev_err=26.68%
2026-02-24 05:29:53,478 - lg_cotrain - INFO - Phase 2 epoch 6/19: loss1=0.0185, loss2=0.0911, dev_macro_f1=0.3304, dev_err=27.93%
2026-02-24 05:30:35,840 - lg_cotrain - INFO - Phase 2 epoch 7/19: loss1=0.0254, loss2=0.0955, dev_macro_f1=0.3169, dev_err=28.93%
2026-02-24 05:31:18,060 - lg_cotrain - INFO - Phase 2 epoch 8/19: loss1=0.0285, loss2=0.0800, dev_macro_f1=0.3327, dev_err=28.18%
2026-02-24 05:32:00,219 - lg_cotrain - INFO - Phase 2 epoch 9/19: loss1=0.0308, loss2=0.0555, dev_macro_f1=0.3587, dev_err=26.93%
2026-02-24 05:32:42,367 - lg_cotrain - INFO - Phase 2 epoch 10/19: loss1=0.0151, loss2=0.0618, dev_macro_f1=0.3544, dev_err=27.68%
2026-02-24 05:33:24,403 - lg_cotrain - INFO - Phase 2 epoch 11/19: loss1=0.0151, loss2=0.0332, dev_macro_f1=0.3873, dev_err=27.18%
2026-02-24 05:34:06,344 - lg_cotrain - INFO - Phase 2 epoch 12/19: loss1=0.0224, loss2=0.0187, dev_macro_f1=0.3446, dev_err=27.43%
2026-02-24 05:34:48,438 - lg_cotrain - INFO - Phase 2 epoch 13/19: loss1=0.0196, loss2=0.0226, dev_macro_f1=0.3793, dev_err=27.43%
2026-02-24 05:35:30,883 - lg_cotrain - INFO - Phase 2 epoch 14/19: loss1=0.0152, loss2=0.0240, dev_macro_f1=0.3822, dev_err=26.93%
2026-02-24 05:36:13,300 - lg_cotrain - INFO - Phase 2 epoch 15/19: loss1=0.0099, loss2=0.0228, dev_macro_f1=0.4308, dev_err=25.69%
2026-02-24 05:36:55,721 - lg_cotrain - INFO - Phase 2 epoch 16/19: loss1=0.0092, loss2=0.0158, dev_macro_f1=0.4080, dev_err=27.93%
2026-02-24 05:37:38,149 - lg_cotrain - INFO - Phase 2 epoch 17/19: loss1=0.0168, loss2=0.0210, dev_macro_f1=0.4164, dev_err=25.94%
2026-02-24 05:38:20,549 - lg_cotrain - INFO - Phase 2 epoch 18/19: loss1=0.0108, loss2=0.0066, dev_macro_f1=0.4649, dev_err=26.68%
2026-02-24 05:39:02,884 - lg_cotrain - INFO - Phase 2 epoch 19/19: loss1=0.0082, loss2=0.0054, dev_macro_f1=0.4671, dev_err=24.94%
2026-02-24 05:39:02,884 - lg_cotrain - INFO - === Phase 3: Fine-Tuning ===
2026-02-24 05:39:07,586 - lg_cotrain - INFO - Phase 3 epoch 1: dev_macro_f1=0.4760, dev_err=36.66%, es_counter1=0, es_counter2=0
2026-02-24 05:39:12,284 - lg_cotrain - INFO - Phase 3 epoch 2: dev_macro_f1=0.5055, dev_err=29.68%, es_counter1=0, es_counter2=0
2026-02-24 05:39:16,999 - lg_cotrain - INFO - Phase 3 epoch 3: dev_macro_f1=0.5265, dev_err=27.93%, es_counter1=0, es_counter2=0
2026-02-24 05:39:21,684 - lg_cotrain - INFO - Phase 3 epoch 4: dev_macro_f1=0.5023, dev_err=31.42%, es_counter1=1, es_counter2=1
2026-02-24 05:39:26,360 - lg_cotrain - INFO - Phase 3 epoch 5: dev_macro_f1=0.5185, dev_err=29.18%, es_counter1=2, es_counter2=2
2026-02-24 05:39:31,050 - lg_cotrain - INFO - Phase 3 epoch 6: dev_macro_f1=0.5121, dev_err=29.18%, es_counter1=3, es_counter2=3
2026-02-24 05:39:35,732 - lg_cotrain - INFO - Phase 3 epoch 7: dev_macro_f1=0.5262, dev_err=27.68%, es_counter1=4, es_counter2=4
2026-02-24 05:39:40,403 - lg_cotrain - INFO - Phase 3 epoch 8: dev_macro_f1=0.5156, dev_err=29.18%, es_counter1=5, es_counter2=5
2026-02-24 05:39:45,067 - lg_cotrain - INFO - Phase 3 epoch 9: dev_macro_f1=0.5203, dev_err=27.93%, es_counter1=6, es_counter2=6
2026-02-24 05:39:49,764 - lg_cotrain - INFO - Phase 3 epoch 10: dev_macro_f1=0.5207, dev_err=28.18%, es_counter1=7, es_counter2=7
2026-02-24 05:39:54,447 - lg_cotrain - INFO - Phase 3 epoch 11: dev_macro_f1=0.5228, dev_err=27.93%, es_counter1=8, es_counter2=8
2026-02-24 05:39:59,146 - lg_cotrain - INFO - Phase 3 epoch 12: dev_macro_f1=0.5192, dev_err=28.43%, es_counter1=9, es_counter2=9
2026-02-24 05:39:59,146 - lg_cotrain - INFO - Early stopping at epoch 12
2026-02-24 05:39:59,155 - lg_cotrain - INFO - === Final Evaluation ===
2026-02-24 05:40:03,679 - lg_cotrain - INFO - Results saved to C:\Users\anhtr\AppData\Local\Temp\tmptmxl66dm\cyclone_idai_2019\50_set2\metrics.json
2026-02-24 05:40:03,679 - lg_cotrain - INFO - Test error rate: 25.42%, Test macro-F1: 0.5659, Test ECE: 0.0788
2026-02-24 05:40:03,687 - lg_cotrain - INFO - --- Trial 9/10 done: dev_macro_f1=0.5265 ---
2026-02-24 05:40:03,687 - lg_cotrain - INFO - --- Trial 10/10 ---
2026-02-24 05:40:04,196 - lg_cotrain - INFO - Starting LG-CoTrain: event=cyclone_idai_2019, budget=50, seed_set=2
2026-02-24 05:40:04,218 - lg_cotrain - INFO - Detected 10 classes for event cyclone_idai_2019: ['caution_and_advice', 'displaced_people_and_evacuations', 'infrastructure_and_utility_damage', 'injured_or_dead_people', 'missing_or_found_people', 'not_humanitarian', 'other_relevant_information', 'requests_or_urgent_needs', 'rescue_volunteering_or_donation_effort', 'sympathy_and_support']
2026-02-24 05:40:04,224 - lg_cotrain - INFO - D_l1: 227, D_l2: 226, D_LG: 2300
2026-02-24 05:40:04,224 - lg_cotrain - INFO - === Phase 1: Weight Generation ===
2026-02-24 05:40:16,242 - lg_cotrain - INFO - Phase 1 epoch 1/7: mean_prob1=0.1141, mean_prob2=0.1365
2026-02-24 05:40:27,368 - lg_cotrain - INFO - Phase 1 epoch 2/7: mean_prob1=0.1217, mean_prob2=0.1335
2026-02-24 05:40:38,452 - lg_cotrain - INFO - Phase 1 epoch 3/7: mean_prob1=0.1280, mean_prob2=0.1454
2026-02-24 05:40:49,556 - lg_cotrain - INFO - Phase 1 epoch 4/7: mean_prob1=0.1365, mean_prob2=0.1950
2026-02-24 05:41:00,666 - lg_cotrain - INFO - Phase 1 epoch 5/7: mean_prob1=0.1648, mean_prob2=0.1869
2026-02-24 05:41:11,775 - lg_cotrain - INFO - Phase 1 epoch 6/7: mean_prob1=0.1841, mean_prob2=0.2114
2026-02-24 05:41:22,847 - lg_cotrain - INFO - Phase 1 epoch 7/7: mean_prob1=0.2109, mean_prob2=0.2246
2026-02-24 05:41:22,847 - lg_cotrain - INFO - === Phase 2: Co-Training ===
2026-02-24 05:41:23,949 - lg_cotrain - INFO - LR scheduler: total_steps_1=3084, warmup=140; total_steps_2=3084, warmup=140
2026-02-24 05:41:23,949 - lg_cotrain - INFO - Phase 1 done -> seeded Phase 2 trackers. lambda1: mean=0.2109, range=[0.0140, 0.5323]
2026-02-24 05:41:23,949 - lg_cotrain - INFO - Phase 1 done -> seeded Phase 2 trackers. lambda2: mean=0.2246, range=[0.0122, 0.5008]
2026-02-24 05:41:59,747 - lg_cotrain - INFO - Phase 2 epoch 1/11: loss1=0.3514, loss2=0.3397, dev_macro_f1=0.2087, dev_err=35.16%
2026-02-24 05:42:35,531 - lg_cotrain - INFO - Phase 2 epoch 2/11: loss1=0.0843, loss2=0.2207, dev_macro_f1=0.3112, dev_err=28.68%
2026-02-24 05:43:11,356 - lg_cotrain - INFO - Phase 2 epoch 3/11: loss1=0.0334, loss2=0.1462, dev_macro_f1=0.3316, dev_err=27.93%
2026-02-24 05:43:47,298 - lg_cotrain - INFO - Phase 2 epoch 4/11: loss1=0.0243, loss2=0.1015, dev_macro_f1=0.3399, dev_err=27.43%
2026-02-24 05:44:23,362 - lg_cotrain - INFO - Phase 2 epoch 5/11: loss1=0.0151, loss2=0.0740, dev_macro_f1=0.3556, dev_err=26.93%
2026-02-24 05:44:59,239 - lg_cotrain - INFO - Phase 2 epoch 6/11: loss1=0.0150, loss2=0.0481, dev_macro_f1=0.3382, dev_err=27.18%
2026-02-24 05:45:35,111 - lg_cotrain - INFO - Phase 2 epoch 7/11: loss1=0.0172, loss2=0.0459, dev_macro_f1=0.3589, dev_err=26.93%
2026-02-24 05:46:11,016 - lg_cotrain - INFO - Phase 2 epoch 8/11: loss1=0.0163, loss2=0.0316, dev_macro_f1=0.3716, dev_err=26.68%
2026-02-24 05:46:46,883 - lg_cotrain - INFO - Phase 2 epoch 9/11: loss1=0.0109, loss2=0.0246, dev_macro_f1=0.3739, dev_err=26.43%
2026-02-24 05:47:22,691 - lg_cotrain - INFO - Phase 2 epoch 10/11: loss1=0.0080, loss2=0.0211, dev_macro_f1=0.3603, dev_err=28.18%
2026-02-24 05:47:58,526 - lg_cotrain - INFO - Phase 2 epoch 11/11: loss1=0.0108, loss2=0.0208, dev_macro_f1=0.3777, dev_err=25.69%
2026-02-24 05:47:58,526 - lg_cotrain - INFO - === Phase 3: Fine-Tuning ===
2026-02-24 05:48:02,539 - lg_cotrain - INFO - Phase 3 epoch 1: dev_macro_f1=0.3026, dev_err=68.58%, es_counter1=0, es_counter2=0
2026-02-24 05:48:06,543 - lg_cotrain - INFO - Phase 3 epoch 2: dev_macro_f1=0.4034, dev_err=32.17%, es_counter1=0, es_counter2=0
2026-02-24 05:48:10,565 - lg_cotrain - INFO - Phase 3 epoch 3: dev_macro_f1=0.4711, dev_err=29.93%, es_counter1=0, es_counter2=0
2026-02-24 05:48:14,555 - lg_cotrain - INFO - Phase 3 epoch 4: dev_macro_f1=0.4673, dev_err=30.92%, es_counter1=1, es_counter2=1
2026-02-24 05:48:18,567 - lg_cotrain - INFO - Phase 3 epoch 5: dev_macro_f1=0.4876, dev_err=30.42%, es_counter1=0, es_counter2=0
2026-02-24 05:48:22,576 - lg_cotrain - INFO - Phase 3 epoch 6: dev_macro_f1=0.4944, dev_err=29.43%, es_counter1=0, es_counter2=0
2026-02-24 05:48:26,598 - lg_cotrain - INFO - Phase 3 epoch 7: dev_macro_f1=0.5052, dev_err=29.43%, es_counter1=0, es_counter2=0
2026-02-24 05:48:30,583 - lg_cotrain - INFO - Phase 3 epoch 8: dev_macro_f1=0.5038, dev_err=28.68%, es_counter1=1, es_counter2=1
2026-02-24 05:48:34,587 - lg_cotrain - INFO - Phase 3 epoch 9: dev_macro_f1=0.5136, dev_err=28.68%, es_counter1=0, es_counter2=0
2026-02-24 05:48:38,576 - lg_cotrain - INFO - Phase 3 epoch 10: dev_macro_f1=0.5010, dev_err=30.17%, es_counter1=1, es_counter2=1
2026-02-24 05:48:42,566 - lg_cotrain - INFO - Phase 3 epoch 11: dev_macro_f1=0.4989, dev_err=29.43%, es_counter1=2, es_counter2=2
2026-02-24 05:48:46,561 - lg_cotrain - INFO - Phase 3 epoch 12: dev_macro_f1=0.5154, dev_err=28.18%, es_counter1=0, es_counter2=0
2026-02-24 05:48:50,554 - lg_cotrain - INFO - Phase 3 epoch 13: dev_macro_f1=0.5157, dev_err=28.18%, es_counter1=0, es_counter2=0
2026-02-24 05:48:54,534 - lg_cotrain - INFO - Phase 3 epoch 14: dev_macro_f1=0.4993, dev_err=29.18%, es_counter1=1, es_counter2=1
2026-02-24 05:48:58,545 - lg_cotrain - INFO - Phase 3 epoch 15: dev_macro_f1=0.5158, dev_err=28.43%, es_counter1=0, es_counter2=0
2026-02-24 05:49:02,533 - lg_cotrain - INFO - Phase 3 epoch 16: dev_macro_f1=0.5068, dev_err=29.18%, es_counter1=1, es_counter2=1
2026-02-24 05:49:06,515 - lg_cotrain - INFO - Phase 3 epoch 17: dev_macro_f1=0.5072, dev_err=29.68%, es_counter1=2, es_counter2=2
2026-02-24 05:49:10,531 - lg_cotrain - INFO - Phase 3 epoch 18: dev_macro_f1=0.5206, dev_err=29.18%, es_counter1=0, es_counter2=0
2026-02-24 05:49:14,542 - lg_cotrain - INFO - Phase 3 epoch 19: dev_macro_f1=0.5163, dev_err=29.43%, es_counter1=1, es_counter2=1
2026-02-24 05:49:18,533 - lg_cotrain - INFO - Phase 3 epoch 20: dev_macro_f1=0.5095, dev_err=29.93%, es_counter1=2, es_counter2=2
2026-02-24 05:49:22,507 - lg_cotrain - INFO - Phase 3 epoch 21: dev_macro_f1=0.5040, dev_err=30.17%, es_counter1=3, es_counter2=3
2026-02-24 05:49:26,490 - lg_cotrain - INFO - Phase 3 epoch 22: dev_macro_f1=0.5090, dev_err=29.93%, es_counter1=4, es_counter2=4
2026-02-24 05:49:30,484 - lg_cotrain - INFO - Phase 3 epoch 23: dev_macro_f1=0.5121, dev_err=29.68%, es_counter1=5, es_counter2=5
2026-02-24 05:49:34,470 - lg_cotrain - INFO - Phase 3 epoch 24: dev_macro_f1=0.5119, dev_err=29.68%, es_counter1=6, es_counter2=6
2026-02-24 05:49:34,470 - lg_cotrain - INFO - Early stopping at epoch 24
2026-02-24 05:49:34,480 - lg_cotrain - INFO - === Final Evaluation ===
2026-02-24 05:49:38,661 - lg_cotrain - INFO - Results saved to C:\Users\anhtr\AppData\Local\Temp\tmph7pf0w6s\cyclone_idai_2019\50_set2\metrics.json
2026-02-24 05:49:38,662 - lg_cotrain - INFO - Test error rate: 26.96%, Test macro-F1: 0.6143, Test ECE: 0.0910
2026-02-24 05:49:38,671 - lg_cotrain - INFO - --- Trial 10/10 done: dev_macro_f1=0.5206 ---
