2026-02-23 23:26:55,286 - lg_cotrain - INFO - === Optuna study: cyclone_idai_2019 budget=10 seed=3 | target=10 trials, 0 replayed, 10 new ===
2026-02-23 23:26:55,286 - lg_cotrain - INFO - --- Trial 1/10 ---
2026-02-23 23:26:55,859 - lg_cotrain - INFO - Starting LG-CoTrain: event=cyclone_idai_2019, budget=10, seed_set=3
2026-02-23 23:26:55,903 - lg_cotrain - INFO - Detected 10 classes for event cyclone_idai_2019: ['caution_and_advice', 'displaced_people_and_evacuations', 'infrastructure_and_utility_damage', 'injured_or_dead_people', 'missing_or_found_people', 'not_humanitarian', 'other_relevant_information', 'requests_or_urgent_needs', 'rescue_volunteering_or_donation_effort', 'sympathy_and_support']
2026-02-23 23:26:55,905 - lg_cotrain - INFO - D_l1: 50, D_l2: 50, D_LG: 2653
2026-02-23 23:26:55,911 - lg_cotrain - INFO - === Phase 1: Weight Generation ===
2026-02-23 23:27:07,307 - lg_cotrain - INFO - Phase 1 epoch 1/7: mean_prob1=0.1030, mean_prob2=0.1029
2026-02-23 23:27:17,577 - lg_cotrain - INFO - Phase 1 epoch 2/7: mean_prob1=0.1066, mean_prob2=0.1020
2026-02-23 23:27:27,707 - lg_cotrain - INFO - Phase 1 epoch 3/7: mean_prob1=0.1132, mean_prob2=0.1051
2026-02-23 23:27:37,901 - lg_cotrain - INFO - Phase 1 epoch 4/7: mean_prob1=0.1102, mean_prob2=0.1227
2026-02-23 23:27:48,099 - lg_cotrain - INFO - Phase 1 epoch 5/7: mean_prob1=0.0993, mean_prob2=0.1808
2026-02-23 23:27:58,314 - lg_cotrain - INFO - Phase 1 epoch 6/7: mean_prob1=0.1020, mean_prob2=0.1319
2026-02-23 23:28:08,450 - lg_cotrain - INFO - Phase 1 epoch 7/7: mean_prob1=0.0938, mean_prob2=0.1949
2026-02-23 23:28:08,450 - lg_cotrain - INFO - === Phase 2: Co-Training ===
2026-02-23 23:28:09,475 - lg_cotrain - INFO - LR scheduler: total_steps_1=1196, warmup=321; total_steps_2=1196, warmup=321
2026-02-23 23:28:09,475 - lg_cotrain - INFO - Phase 1 done -> seeded Phase 2 trackers. lambda1: mean=0.0938, range=[0.0332, 0.2865]
2026-02-23 23:28:09,476 - lg_cotrain - INFO - Phase 1 done -> seeded Phase 2 trackers. lambda2: mean=0.1949, range=[0.0039, 0.7682]
2026-02-23 23:28:47,562 - lg_cotrain - INFO - Phase 2 epoch 1/12: loss1=0.2752, loss2=0.1470, dev_macro_f1=0.3016, dev_err=29.68%
2026-02-23 23:29:25,628 - lg_cotrain - INFO - Phase 2 epoch 2/12: loss1=0.0626, loss2=0.2300, dev_macro_f1=0.2872, dev_err=30.42%
2026-02-23 23:30:04,182 - lg_cotrain - INFO - Phase 2 epoch 3/12: loss1=0.0507, loss2=0.5257, dev_macro_f1=0.2171, dev_err=36.16%
2026-02-23 23:30:41,919 - lg_cotrain - INFO - Phase 2 epoch 4/12: loss1=0.1036, loss2=0.9182, dev_macro_f1=0.1457, dev_err=42.89%
2026-02-23 23:31:19,574 - lg_cotrain - INFO - Phase 2 epoch 5/12: loss1=0.0484, loss2=0.8696, dev_macro_f1=0.1457, dev_err=42.89%
2026-02-23 23:31:57,194 - lg_cotrain - INFO - Phase 2 epoch 6/12: loss1=0.0264, loss2=0.8320, dev_macro_f1=0.1457, dev_err=42.89%
2026-02-23 23:32:34,913 - lg_cotrain - INFO - Phase 2 epoch 7/12: loss1=0.0201, loss2=0.7856, dev_macro_f1=0.0645, dev_err=52.37%
2026-02-23 23:33:13,267 - lg_cotrain - INFO - Phase 2 epoch 8/12: loss1=0.0174, loss2=0.7516, dev_macro_f1=0.0645, dev_err=52.37%
2026-02-23 23:33:51,396 - lg_cotrain - INFO - Phase 2 epoch 9/12: loss1=0.0147, loss2=0.7153, dev_macro_f1=0.0645, dev_err=52.37%
2026-02-23 23:34:29,204 - lg_cotrain - INFO - Phase 2 epoch 10/12: loss1=0.0109, loss2=0.6901, dev_macro_f1=0.0645, dev_err=52.37%
2026-02-23 23:35:08,396 - lg_cotrain - INFO - Phase 2 epoch 11/12: loss1=0.0084, loss2=0.6651, dev_macro_f1=0.0645, dev_err=52.37%
2026-02-23 23:35:46,658 - lg_cotrain - INFO - Phase 2 epoch 12/12: loss1=0.0085, loss2=0.6487, dev_macro_f1=0.0645, dev_err=52.37%
2026-02-23 23:35:46,659 - lg_cotrain - INFO - === Phase 3: Fine-Tuning ===
2026-02-23 23:35:48,550 - lg_cotrain - INFO - Phase 3 epoch 1: dev_macro_f1=0.0645, dev_err=52.37%, es_counter1=0, es_counter2=0
2026-02-23 23:35:50,413 - lg_cotrain - INFO - Phase 3 epoch 2: dev_macro_f1=0.0645, dev_err=52.37%, es_counter1=1, es_counter2=1
2026-02-23 23:35:52,264 - lg_cotrain - INFO - Phase 3 epoch 3: dev_macro_f1=0.0645, dev_err=52.37%, es_counter1=2, es_counter2=2
2026-02-23 23:35:54,122 - lg_cotrain - INFO - Phase 3 epoch 4: dev_macro_f1=0.0062, dev_err=97.51%, es_counter1=3, es_counter2=3
2026-02-23 23:35:56,041 - lg_cotrain - INFO - Phase 3 epoch 5: dev_macro_f1=0.0193, dev_err=91.27%, es_counter1=4, es_counter2=4
2026-02-23 23:35:58,004 - lg_cotrain - INFO - Phase 3 epoch 6: dev_macro_f1=0.0820, dev_err=86.53%, es_counter1=0, es_counter2=0
2026-02-23 23:35:59,919 - lg_cotrain - INFO - Phase 3 epoch 7: dev_macro_f1=0.0080, dev_err=96.51%, es_counter1=1, es_counter2=1
2026-02-23 23:36:01,794 - lg_cotrain - INFO - Phase 3 epoch 8: dev_macro_f1=0.0046, dev_err=98.00%, es_counter1=2, es_counter2=2
2026-02-23 23:36:03,685 - lg_cotrain - INFO - Phase 3 epoch 9: dev_macro_f1=0.0787, dev_err=88.03%, es_counter1=3, es_counter2=3
2026-02-23 23:36:05,596 - lg_cotrain - INFO - Phase 3 epoch 10: dev_macro_f1=0.0918, dev_err=81.80%, es_counter1=0, es_counter2=0
2026-02-23 23:36:07,469 - lg_cotrain - INFO - Phase 3 epoch 11: dev_macro_f1=0.0918, dev_err=81.80%, es_counter1=1, es_counter2=1
2026-02-23 23:36:09,344 - lg_cotrain - INFO - Phase 3 epoch 12: dev_macro_f1=0.0918, dev_err=81.80%, es_counter1=2, es_counter2=2
2026-02-23 23:36:11,214 - lg_cotrain - INFO - Phase 3 epoch 13: dev_macro_f1=0.0918, dev_err=81.80%, es_counter1=3, es_counter2=3
2026-02-23 23:36:13,118 - lg_cotrain - INFO - Phase 3 epoch 14: dev_macro_f1=0.0947, dev_err=80.30%, es_counter1=0, es_counter2=0
2026-02-23 23:36:14,995 - lg_cotrain - INFO - Phase 3 epoch 15: dev_macro_f1=0.0206, dev_err=90.27%, es_counter1=1, es_counter2=1
2026-02-23 23:36:16,857 - lg_cotrain - INFO - Phase 3 epoch 16: dev_macro_f1=0.0206, dev_err=90.27%, es_counter1=2, es_counter2=2
2026-02-23 23:36:18,732 - lg_cotrain - INFO - Phase 3 epoch 17: dev_macro_f1=0.0206, dev_err=90.27%, es_counter1=3, es_counter2=3
2026-02-23 23:36:20,603 - lg_cotrain - INFO - Phase 3 epoch 18: dev_macro_f1=0.0820, dev_err=86.53%, es_counter1=4, es_counter2=4
2026-02-23 23:36:22,480 - lg_cotrain - INFO - Phase 3 epoch 19: dev_macro_f1=0.0787, dev_err=88.03%, es_counter1=5, es_counter2=5
2026-02-23 23:36:22,480 - lg_cotrain - INFO - Early stopping at epoch 19
2026-02-23 23:36:22,492 - lg_cotrain - INFO - === Final Evaluation ===
2026-02-23 23:36:26,464 - lg_cotrain - INFO - Results saved to C:\Users\anhtr\AppData\Local\Temp\tmp0pc3nkvz\cyclone_idai_2019\10_set3\metrics.json
2026-02-23 23:36:26,464 - lg_cotrain - INFO - Test error rate: 79.33%, Test macro-F1: 0.1010, Test ECE: 0.0860
2026-02-23 23:36:26,471 - lg_cotrain - INFO - --- Trial 1/10 done: dev_macro_f1=0.0947 ---
2026-02-23 23:36:26,471 - lg_cotrain - INFO - --- Trial 2/10 ---
2026-02-23 23:36:27,068 - lg_cotrain - INFO - Starting LG-CoTrain: event=cyclone_idai_2019, budget=10, seed_set=3
2026-02-23 23:36:27,091 - lg_cotrain - INFO - Detected 10 classes for event cyclone_idai_2019: ['caution_and_advice', 'displaced_people_and_evacuations', 'infrastructure_and_utility_damage', 'injured_or_dead_people', 'missing_or_found_people', 'not_humanitarian', 'other_relevant_information', 'requests_or_urgent_needs', 'rescue_volunteering_or_donation_effort', 'sympathy_and_support']
2026-02-23 23:36:27,097 - lg_cotrain - INFO - D_l1: 50, D_l2: 50, D_LG: 2653
2026-02-23 23:36:27,098 - lg_cotrain - INFO - === Phase 1: Weight Generation ===
2026-02-23 23:36:38,162 - lg_cotrain - INFO - Phase 1 epoch 1/7: mean_prob1=0.0965, mean_prob2=0.1082
2026-02-23 23:36:48,440 - lg_cotrain - INFO - Phase 1 epoch 2/7: mean_prob1=0.1067, mean_prob2=0.0723
2026-02-23 23:36:58,659 - lg_cotrain - INFO - Phase 1 epoch 3/7: mean_prob1=0.1039, mean_prob2=0.0992
2026-02-23 23:37:08,833 - lg_cotrain - INFO - Phase 1 epoch 4/7: mean_prob1=0.1003, mean_prob2=0.0853
2026-02-23 23:37:19,126 - lg_cotrain - INFO - Phase 1 epoch 5/7: mean_prob1=0.0910, mean_prob2=0.0895
2026-02-23 23:37:29,393 - lg_cotrain - INFO - Phase 1 epoch 6/7: mean_prob1=0.0806, mean_prob2=0.0965
2026-02-23 23:37:39,634 - lg_cotrain - INFO - Phase 1 epoch 7/7: mean_prob1=0.1008, mean_prob2=0.1015
2026-02-23 23:37:39,635 - lg_cotrain - INFO - === Phase 2: Co-Training ===
2026-02-23 23:37:40,755 - lg_cotrain - INFO - LR scheduler: total_steps_1=1279, warmup=87; total_steps_2=1279, warmup=87
2026-02-23 23:37:40,756 - lg_cotrain - INFO - Phase 1 done -> seeded Phase 2 trackers. lambda1: mean=0.1008, range=[0.0658, 0.1389]
2026-02-23 23:37:40,756 - lg_cotrain - INFO - Phase 1 done -> seeded Phase 2 trackers. lambda2: mean=0.1015, range=[0.0748, 0.1441]
2026-02-23 23:38:19,972 - lg_cotrain - INFO - Phase 2 epoch 1/13: loss1=0.1487, loss2=0.1446, dev_macro_f1=0.1506, dev_err=43.64%
2026-02-23 23:38:58,004 - lg_cotrain - INFO - Phase 2 epoch 2/13: loss1=0.1298, loss2=0.2714, dev_macro_f1=0.0645, dev_err=52.37%
2026-02-23 23:39:35,672 - lg_cotrain - INFO - Phase 2 epoch 3/13: loss1=0.0665, loss2=0.3079, dev_macro_f1=0.0645, dev_err=52.37%
2026-02-23 23:40:13,816 - lg_cotrain - INFO - Phase 2 epoch 4/13: loss1=0.0408, loss2=0.3027, dev_macro_f1=0.0645, dev_err=52.37%
2026-02-23 23:40:52,892 - lg_cotrain - INFO - Phase 2 epoch 5/13: loss1=0.0228, loss2=0.2868, dev_macro_f1=0.0645, dev_err=52.37%
2026-02-23 23:41:32,481 - lg_cotrain - INFO - Phase 2 epoch 6/13: loss1=0.0179, loss2=0.2699, dev_macro_f1=0.0645, dev_err=52.37%
2026-02-23 23:42:11,768 - lg_cotrain - INFO - Phase 2 epoch 7/13: loss1=0.0141, loss2=0.2532, dev_macro_f1=0.0645, dev_err=52.37%
2026-02-23 23:42:51,848 - lg_cotrain - INFO - Phase 2 epoch 8/13: loss1=0.0119, loss2=0.2389, dev_macro_f1=0.0645, dev_err=52.37%
2026-02-23 23:43:31,954 - lg_cotrain - INFO - Phase 2 epoch 9/13: loss1=0.0097, loss2=0.2265, dev_macro_f1=0.0645, dev_err=52.37%
2026-02-23 23:44:11,596 - lg_cotrain - INFO - Phase 2 epoch 10/13: loss1=0.0072, loss2=0.2167, dev_macro_f1=0.0645, dev_err=52.37%
2026-02-23 23:44:51,108 - lg_cotrain - INFO - Phase 2 epoch 11/13: loss1=0.0057, loss2=0.2064, dev_macro_f1=0.0645, dev_err=52.37%
2026-02-23 23:45:30,747 - lg_cotrain - INFO - Phase 2 epoch 12/13: loss1=0.0049, loss2=0.1981, dev_macro_f1=0.0645, dev_err=52.37%
2026-02-23 23:46:11,428 - lg_cotrain - INFO - Phase 2 epoch 13/13: loss1=0.0042, loss2=0.1912, dev_macro_f1=0.0645, dev_err=52.37%
2026-02-23 23:46:11,429 - lg_cotrain - INFO - === Phase 3: Fine-Tuning ===
2026-02-23 23:46:13,503 - lg_cotrain - INFO - Phase 3 epoch 1: dev_macro_f1=0.0645, dev_err=52.37%, es_counter1=0, es_counter2=0
2026-02-23 23:46:15,542 - lg_cotrain - INFO - Phase 3 epoch 2: dev_macro_f1=0.0645, dev_err=52.37%, es_counter1=1, es_counter2=1
2026-02-23 23:46:17,594 - lg_cotrain - INFO - Phase 3 epoch 3: dev_macro_f1=0.0186, dev_err=89.78%, es_counter1=2, es_counter2=2
2026-02-23 23:46:19,643 - lg_cotrain - INFO - Phase 3 epoch 4: dev_macro_f1=0.0165, dev_err=91.02%, es_counter1=3, es_counter2=3
2026-02-23 23:46:21,697 - lg_cotrain - INFO - Phase 3 epoch 5: dev_macro_f1=0.0186, dev_err=89.78%, es_counter1=4, es_counter2=4
2026-02-23 23:46:23,742 - lg_cotrain - INFO - Phase 3 epoch 6: dev_macro_f1=0.0072, dev_err=96.26%, es_counter1=5, es_counter2=5
2026-02-23 23:46:23,742 - lg_cotrain - INFO - Early stopping at epoch 6
2026-02-23 23:46:23,750 - lg_cotrain - INFO - === Final Evaluation ===
2026-02-23 23:46:28,141 - lg_cotrain - INFO - Results saved to C:\Users\anhtr\AppData\Local\Temp\tmpp1vk77ro\cyclone_idai_2019\10_set3\metrics.json
2026-02-23 23:46:28,141 - lg_cotrain - INFO - Test error rate: 52.50%, Test macro-F1: 0.0644, Test ECE: 0.4632
2026-02-23 23:46:28,149 - lg_cotrain - INFO - --- Trial 2/10 done: dev_macro_f1=0.0645 ---
2026-02-23 23:46:28,150 - lg_cotrain - INFO - --- Trial 3/10 ---
2026-02-23 23:46:28,805 - lg_cotrain - INFO - Starting LG-CoTrain: event=cyclone_idai_2019, budget=10, seed_set=3
2026-02-23 23:46:28,829 - lg_cotrain - INFO - Detected 10 classes for event cyclone_idai_2019: ['caution_and_advice', 'displaced_people_and_evacuations', 'infrastructure_and_utility_damage', 'injured_or_dead_people', 'missing_or_found_people', 'not_humanitarian', 'other_relevant_information', 'requests_or_urgent_needs', 'rescue_volunteering_or_donation_effort', 'sympathy_and_support']
2026-02-23 23:46:28,835 - lg_cotrain - INFO - D_l1: 50, D_l2: 50, D_LG: 2653
2026-02-23 23:46:28,835 - lg_cotrain - INFO - === Phase 1: Weight Generation ===
2026-02-23 23:46:41,052 - lg_cotrain - INFO - Phase 1 epoch 1/7: mean_prob1=0.0976, mean_prob2=0.1037
2026-02-23 23:46:52,093 - lg_cotrain - INFO - Phase 1 epoch 2/7: mean_prob1=0.1021, mean_prob2=0.1031
2026-02-23 23:47:03,112 - lg_cotrain - INFO - Phase 1 epoch 3/7: mean_prob1=0.0965, mean_prob2=0.1045
2026-02-23 23:47:14,317 - lg_cotrain - INFO - Phase 1 epoch 4/7: mean_prob1=0.1108, mean_prob2=0.1031
2026-02-23 23:47:25,370 - lg_cotrain - INFO - Phase 1 epoch 5/7: mean_prob1=0.1071, mean_prob2=0.1230
2026-02-23 23:47:36,474 - lg_cotrain - INFO - Phase 1 epoch 6/7: mean_prob1=0.1042, mean_prob2=0.1308
2026-02-23 23:47:47,553 - lg_cotrain - INFO - Phase 1 epoch 7/7: mean_prob1=0.1281, mean_prob2=0.1389
2026-02-23 23:47:47,553 - lg_cotrain - INFO - === Phase 2: Co-Training ===
2026-02-23 23:47:48,620 - lg_cotrain - INFO - LR scheduler: total_steps_1=1860, warmup=322; total_steps_2=1860, warmup=322
2026-02-23 23:47:48,620 - lg_cotrain - INFO - Phase 1 done -> seeded Phase 2 trackers. lambda1: mean=0.1281, range=[0.0270, 0.3096]
2026-02-23 23:47:48,621 - lg_cotrain - INFO - Phase 1 done -> seeded Phase 2 trackers. lambda2: mean=0.1389, range=[0.0091, 0.5318]
2026-02-23 23:48:30,251 - lg_cotrain - INFO - Phase 2 epoch 1/20: loss1=0.2349, loss2=0.2010, dev_macro_f1=0.2108, dev_err=35.91%
2026-02-23 23:49:10,967 - lg_cotrain - INFO - Phase 2 epoch 2/20: loss1=0.0563, loss2=0.2213, dev_macro_f1=0.3975, dev_err=24.94%
2026-02-23 23:49:51,202 - lg_cotrain - INFO - Phase 2 epoch 3/20: loss1=0.0384, loss2=0.2419, dev_macro_f1=0.3591, dev_err=26.93%
2026-02-23 23:50:30,969 - lg_cotrain - INFO - Phase 2 epoch 4/20: loss1=0.0487, loss2=0.2399, dev_macro_f1=0.3220, dev_err=27.68%
2026-02-23 23:51:09,051 - lg_cotrain - INFO - Phase 2 epoch 5/20: loss1=0.0715, loss2=0.4960, dev_macro_f1=0.1947, dev_err=40.15%
2026-02-23 23:51:47,172 - lg_cotrain - INFO - Phase 2 epoch 6/20: loss1=0.0949, loss2=1.0179, dev_macro_f1=0.1366, dev_err=44.89%
2026-02-23 23:52:25,383 - lg_cotrain - INFO - Phase 2 epoch 7/20: loss1=0.0453, loss2=1.0011, dev_macro_f1=0.1286, dev_err=47.38%
2026-02-23 23:53:03,278 - lg_cotrain - INFO - Phase 2 epoch 8/20: loss1=0.0596, loss2=0.9741, dev_macro_f1=0.0645, dev_err=52.37%
2026-02-23 23:53:41,290 - lg_cotrain - INFO - Phase 2 epoch 9/20: loss1=0.0687, loss2=0.9397, dev_macro_f1=0.0645, dev_err=52.37%
2026-02-23 23:54:18,862 - lg_cotrain - INFO - Phase 2 epoch 10/20: loss1=0.0515, loss2=0.9104, dev_macro_f1=0.0645, dev_err=52.37%
2026-02-23 23:54:56,761 - lg_cotrain - INFO - Phase 2 epoch 11/20: loss1=0.0364, loss2=0.9115, dev_macro_f1=0.0691, dev_err=52.12%
2026-02-23 23:55:34,556 - lg_cotrain - INFO - Phase 2 epoch 12/20: loss1=0.0275, loss2=0.8179, dev_macro_f1=0.0691, dev_err=52.12%
2026-02-23 23:56:13,018 - lg_cotrain - INFO - Phase 2 epoch 13/20: loss1=0.0291, loss2=0.7872, dev_macro_f1=0.0691, dev_err=52.12%
2026-02-23 23:56:51,225 - lg_cotrain - INFO - Phase 2 epoch 14/20: loss1=0.0214, loss2=0.8055, dev_macro_f1=0.0691, dev_err=52.12%
2026-02-23 23:57:29,460 - lg_cotrain - INFO - Phase 2 epoch 15/20: loss1=0.0193, loss2=0.7885, dev_macro_f1=0.0691, dev_err=52.12%
2026-02-23 23:58:07,900 - lg_cotrain - INFO - Phase 2 epoch 16/20: loss1=0.0159, loss2=0.7677, dev_macro_f1=0.0691, dev_err=52.12%
2026-02-23 23:58:46,639 - lg_cotrain - INFO - Phase 2 epoch 17/20: loss1=0.0133, loss2=0.7475, dev_macro_f1=0.0691, dev_err=52.12%
2026-02-23 23:59:24,292 - lg_cotrain - INFO - Phase 2 epoch 18/20: loss1=0.0113, loss2=0.7307, dev_macro_f1=0.0691, dev_err=52.12%
2026-02-24 00:00:02,524 - lg_cotrain - INFO - Phase 2 epoch 19/20: loss1=0.0101, loss2=0.7136, dev_macro_f1=0.0691, dev_err=52.12%
2026-02-24 00:00:40,824 - lg_cotrain - INFO - Phase 2 epoch 20/20: loss1=0.0087, loss2=0.6999, dev_macro_f1=0.0691, dev_err=52.12%
2026-02-24 00:00:40,824 - lg_cotrain - INFO - === Phase 3: Fine-Tuning ===
2026-02-24 00:00:42,704 - lg_cotrain - INFO - Phase 3 epoch 1: dev_macro_f1=0.0691, dev_err=52.12%, es_counter1=0, es_counter2=0
2026-02-24 00:00:44,558 - lg_cotrain - INFO - Phase 3 epoch 2: dev_macro_f1=0.0691, dev_err=52.12%, es_counter1=1, es_counter2=1
2026-02-24 00:00:46,414 - lg_cotrain - INFO - Phase 3 epoch 3: dev_macro_f1=0.0691, dev_err=52.12%, es_counter1=2, es_counter2=2
2026-02-24 00:00:48,274 - lg_cotrain - INFO - Phase 3 epoch 4: dev_macro_f1=0.0691, dev_err=52.12%, es_counter1=3, es_counter2=3
2026-02-24 00:00:50,161 - lg_cotrain - INFO - Phase 3 epoch 5: dev_macro_f1=0.0691, dev_err=52.12%, es_counter1=4, es_counter2=4
2026-02-24 00:00:52,031 - lg_cotrain - INFO - Phase 3 epoch 6: dev_macro_f1=0.0691, dev_err=52.12%, es_counter1=5, es_counter2=5
2026-02-24 00:00:53,915 - lg_cotrain - INFO - Phase 3 epoch 7: dev_macro_f1=0.0691, dev_err=52.12%, es_counter1=6, es_counter2=6
2026-02-24 00:00:55,790 - lg_cotrain - INFO - Phase 3 epoch 8: dev_macro_f1=0.0691, dev_err=52.12%, es_counter1=7, es_counter2=7
2026-02-24 00:00:57,733 - lg_cotrain - INFO - Phase 3 epoch 9: dev_macro_f1=0.0691, dev_err=52.12%, es_counter1=8, es_counter2=8
2026-02-24 00:00:59,676 - lg_cotrain - INFO - Phase 3 epoch 10: dev_macro_f1=0.0264, dev_err=87.53%, es_counter1=9, es_counter2=9
2026-02-24 00:00:59,676 - lg_cotrain - INFO - Early stopping at epoch 10
2026-02-24 00:00:59,687 - lg_cotrain - INFO - === Final Evaluation ===
2026-02-24 00:01:03,806 - lg_cotrain - INFO - Results saved to C:\Users\anhtr\AppData\Local\Temp\tmp16_w3qen\cyclone_idai_2019\10_set3\metrics.json
2026-02-24 00:01:03,807 - lg_cotrain - INFO - Test error rate: 50.58%, Test macro-F1: 0.0947, Test ECE: 0.3761
2026-02-24 00:01:03,820 - lg_cotrain - INFO - --- Trial 3/10 done: dev_macro_f1=0.0691 ---
2026-02-24 00:01:03,820 - lg_cotrain - INFO - --- Trial 4/10 ---
2026-02-24 00:01:04,385 - lg_cotrain - INFO - Starting LG-CoTrain: event=cyclone_idai_2019, budget=10, seed_set=3
2026-02-24 00:01:04,411 - lg_cotrain - INFO - Detected 10 classes for event cyclone_idai_2019: ['caution_and_advice', 'displaced_people_and_evacuations', 'infrastructure_and_utility_damage', 'injured_or_dead_people', 'missing_or_found_people', 'not_humanitarian', 'other_relevant_information', 'requests_or_urgent_needs', 'rescue_volunteering_or_donation_effort', 'sympathy_and_support']
2026-02-24 00:01:04,417 - lg_cotrain - INFO - D_l1: 50, D_l2: 50, D_LG: 2653
2026-02-24 00:01:04,418 - lg_cotrain - INFO - === Phase 1: Weight Generation ===
2026-02-24 00:01:15,672 - lg_cotrain - INFO - Phase 1 epoch 1/7: mean_prob1=0.1031, mean_prob2=0.1029
2026-02-24 00:01:25,725 - lg_cotrain - INFO - Phase 1 epoch 2/7: mean_prob1=0.1110, mean_prob2=0.1012
2026-02-24 00:01:35,816 - lg_cotrain - INFO - Phase 1 epoch 3/7: mean_prob1=0.1047, mean_prob2=0.1015
2026-02-24 00:01:45,863 - lg_cotrain - INFO - Phase 1 epoch 4/7: mean_prob1=0.1054, mean_prob2=0.0970
2026-02-24 00:01:56,185 - lg_cotrain - INFO - Phase 1 epoch 5/7: mean_prob1=0.0995, mean_prob2=0.1024
2026-02-24 00:02:06,486 - lg_cotrain - INFO - Phase 1 epoch 6/7: mean_prob1=0.0958, mean_prob2=0.1091
2026-02-24 00:02:16,654 - lg_cotrain - INFO - Phase 1 epoch 7/7: mean_prob1=0.0910, mean_prob2=0.1143
2026-02-24 00:02:16,654 - lg_cotrain - INFO - === Phase 2: Co-Training ===
2026-02-24 00:02:17,697 - lg_cotrain - INFO - LR scheduler: total_steps_1=1030, warmup=160; total_steps_2=1030, warmup=160
2026-02-24 00:02:17,698 - lg_cotrain - INFO - Phase 1 done -> seeded Phase 2 trackers. lambda1: mean=0.0910, range=[0.0830, 0.1226]
2026-02-24 00:02:17,698 - lg_cotrain - INFO - Phase 1 done -> seeded Phase 2 trackers. lambda2: mean=0.1143, range=[0.0225, 0.5549]
2026-02-24 00:02:56,536 - lg_cotrain - INFO - Phase 2 epoch 1/10: loss1=0.1580, loss2=0.1367, dev_macro_f1=0.3264, dev_err=28.18%
2026-02-24 00:03:34,430 - lg_cotrain - INFO - Phase 2 epoch 2/10: loss1=0.0838, loss2=0.6588, dev_macro_f1=0.1181, dev_err=52.37%
2026-02-24 00:04:12,419 - lg_cotrain - INFO - Phase 2 epoch 3/10: loss1=0.0788, loss2=0.8427, dev_macro_f1=0.0645, dev_err=52.37%
2026-02-24 00:04:50,559 - lg_cotrain - INFO - Phase 2 epoch 4/10: loss1=0.0453, loss2=0.7583, dev_macro_f1=0.0645, dev_err=52.37%
2026-02-24 00:05:28,706 - lg_cotrain - INFO - Phase 2 epoch 5/10: loss1=0.0276, loss2=0.7044, dev_macro_f1=0.0645, dev_err=52.37%
2026-02-24 00:06:06,503 - lg_cotrain - INFO - Phase 2 epoch 6/10: loss1=0.0209, loss2=0.6641, dev_macro_f1=0.0645, dev_err=52.37%
2026-02-24 00:06:43,994 - lg_cotrain - INFO - Phase 2 epoch 7/10: loss1=0.0134, loss2=0.6184, dev_macro_f1=0.0645, dev_err=52.37%
2026-02-24 00:07:21,525 - lg_cotrain - INFO - Phase 2 epoch 8/10: loss1=0.0130, loss2=0.5854, dev_macro_f1=0.0645, dev_err=52.37%
2026-02-24 00:07:59,294 - lg_cotrain - INFO - Phase 2 epoch 9/10: loss1=0.0127, loss2=0.5554, dev_macro_f1=0.0645, dev_err=52.37%
2026-02-24 00:08:37,033 - lg_cotrain - INFO - Phase 2 epoch 10/10: loss1=0.0116, loss2=0.5311, dev_macro_f1=0.0645, dev_err=52.37%
2026-02-24 00:08:37,034 - lg_cotrain - INFO - === Phase 3: Fine-Tuning ===
2026-02-24 00:08:38,935 - lg_cotrain - INFO - Phase 3 epoch 1: dev_macro_f1=0.0645, dev_err=52.37%, es_counter1=0, es_counter2=0
2026-02-24 00:08:40,799 - lg_cotrain - INFO - Phase 3 epoch 2: dev_macro_f1=0.0645, dev_err=52.37%, es_counter1=1, es_counter2=1
2026-02-24 00:08:42,658 - lg_cotrain - INFO - Phase 3 epoch 3: dev_macro_f1=0.0645, dev_err=52.37%, es_counter1=2, es_counter2=2
2026-02-24 00:08:44,497 - lg_cotrain - INFO - Phase 3 epoch 4: dev_macro_f1=0.0645, dev_err=52.37%, es_counter1=3, es_counter2=3
2026-02-24 00:08:46,360 - lg_cotrain - INFO - Phase 3 epoch 5: dev_macro_f1=0.0029, dev_err=98.50%, es_counter1=4, es_counter2=4
2026-02-24 00:08:48,214 - lg_cotrain - INFO - Phase 3 epoch 6: dev_macro_f1=0.0029, dev_err=98.50%, es_counter1=5, es_counter2=5
2026-02-24 00:08:50,074 - lg_cotrain - INFO - Phase 3 epoch 7: dev_macro_f1=0.0039, dev_err=98.00%, es_counter1=6, es_counter2=6
2026-02-24 00:08:51,947 - lg_cotrain - INFO - Phase 3 epoch 8: dev_macro_f1=0.0039, dev_err=98.00%, es_counter1=7, es_counter2=7
2026-02-24 00:08:53,809 - lg_cotrain - INFO - Phase 3 epoch 9: dev_macro_f1=0.0039, dev_err=98.00%, es_counter1=8, es_counter2=8
2026-02-24 00:08:55,674 - lg_cotrain - INFO - Phase 3 epoch 10: dev_macro_f1=0.0039, dev_err=98.00%, es_counter1=9, es_counter2=9
2026-02-24 00:08:55,674 - lg_cotrain - INFO - Early stopping at epoch 10
2026-02-24 00:08:55,685 - lg_cotrain - INFO - === Final Evaluation ===
2026-02-24 00:08:59,648 - lg_cotrain - INFO - Results saved to C:\Users\anhtr\AppData\Local\Temp\tmpf0sw9p_a\cyclone_idai_2019\10_set3\metrics.json
2026-02-24 00:08:59,648 - lg_cotrain - INFO - Test error rate: 52.50%, Test macro-F1: 0.0644, Test ECE: 0.3895
2026-02-24 00:08:59,653 - lg_cotrain - INFO - --- Trial 4/10 done: dev_macro_f1=0.0645 ---
2026-02-24 00:08:59,653 - lg_cotrain - INFO - --- Trial 5/10 ---
2026-02-24 00:09:00,318 - lg_cotrain - INFO - Starting LG-CoTrain: event=cyclone_idai_2019, budget=10, seed_set=3
2026-02-24 00:09:00,339 - lg_cotrain - INFO - Detected 10 classes for event cyclone_idai_2019: ['caution_and_advice', 'displaced_people_and_evacuations', 'infrastructure_and_utility_damage', 'injured_or_dead_people', 'missing_or_found_people', 'not_humanitarian', 'other_relevant_information', 'requests_or_urgent_needs', 'rescue_volunteering_or_donation_effort', 'sympathy_and_support']
2026-02-24 00:09:00,348 - lg_cotrain - INFO - D_l1: 50, D_l2: 50, D_LG: 2653
2026-02-24 00:09:00,348 - lg_cotrain - INFO - === Phase 1: Weight Generation ===
2026-02-24 00:09:11,930 - lg_cotrain - INFO - Phase 1 epoch 1/7: mean_prob1=0.1024, mean_prob2=0.1214
2026-02-24 00:09:22,721 - lg_cotrain - INFO - Phase 1 epoch 2/7: mean_prob1=0.0856, mean_prob2=0.1081
2026-02-24 00:09:33,364 - lg_cotrain - INFO - Phase 1 epoch 3/7: mean_prob1=0.1077, mean_prob2=0.0855
2026-02-24 00:09:43,982 - lg_cotrain - INFO - Phase 1 epoch 4/7: mean_prob1=0.1444, mean_prob2=0.1050
2026-02-24 00:09:54,651 - lg_cotrain - INFO - Phase 1 epoch 5/7: mean_prob1=0.1536, mean_prob2=0.1061
2026-02-24 00:10:05,320 - lg_cotrain - INFO - Phase 1 epoch 6/7: mean_prob1=0.1263, mean_prob2=0.1173
2026-02-24 00:10:15,972 - lg_cotrain - INFO - Phase 1 epoch 7/7: mean_prob1=0.1017, mean_prob2=0.1100
2026-02-24 00:10:15,973 - lg_cotrain - INFO - === Phase 2: Co-Training ===
2026-02-24 00:10:17,383 - lg_cotrain - INFO - LR scheduler: total_steps_1=1894, warmup=6; total_steps_2=1894, warmup=6
2026-02-24 00:10:17,384 - lg_cotrain - INFO - Phase 1 done -> seeded Phase 2 trackers. lambda1: mean=0.1017, range=[0.0578, 0.1566]
2026-02-24 00:10:17,384 - lg_cotrain - INFO - Phase 1 done -> seeded Phase 2 trackers. lambda2: mean=0.1100, range=[0.0748, 0.1504]
2026-02-24 00:10:59,622 - lg_cotrain - INFO - Phase 2 epoch 1/9: loss1=0.1787, loss2=0.1840, dev_macro_f1=0.0645, dev_err=52.37%
2026-02-24 00:11:41,530 - lg_cotrain - INFO - Phase 2 epoch 2/9: loss1=0.1261, loss2=0.2674, dev_macro_f1=0.0645, dev_err=52.37%
2026-02-24 00:12:24,025 - lg_cotrain - INFO - Phase 2 epoch 3/9: loss1=0.0829, loss2=0.2774, dev_macro_f1=0.0645, dev_err=52.37%
2026-02-24 00:13:06,280 - lg_cotrain - INFO - Phase 2 epoch 4/9: loss1=0.0714, loss2=0.2709, dev_macro_f1=0.0645, dev_err=52.37%
2026-02-24 00:13:48,479 - lg_cotrain - INFO - Phase 2 epoch 5/9: loss1=0.0512, loss2=0.2654, dev_macro_f1=0.0645, dev_err=52.37%
2026-02-24 00:14:30,456 - lg_cotrain - INFO - Phase 2 epoch 6/9: loss1=0.0419, loss2=0.2604, dev_macro_f1=0.0645, dev_err=52.37%
2026-02-24 00:15:11,813 - lg_cotrain - INFO - Phase 2 epoch 7/9: loss1=0.0284, loss2=0.2622, dev_macro_f1=0.0645, dev_err=52.37%
2026-02-24 00:15:53,310 - lg_cotrain - INFO - Phase 2 epoch 8/9: loss1=0.0222, loss2=0.2298, dev_macro_f1=0.0645, dev_err=52.37%
2026-02-24 00:16:34,835 - lg_cotrain - INFO - Phase 2 epoch 9/9: loss1=0.0189, loss2=0.2194, dev_macro_f1=0.0645, dev_err=52.37%
2026-02-24 00:16:34,835 - lg_cotrain - INFO - === Phase 3: Fine-Tuning ===
2026-02-24 00:16:36,876 - lg_cotrain - INFO - Phase 3 epoch 1: dev_macro_f1=0.0645, dev_err=52.37%, es_counter1=0, es_counter2=0
2026-02-24 00:16:38,914 - lg_cotrain - INFO - Phase 3 epoch 2: dev_macro_f1=0.0645, dev_err=52.37%, es_counter1=1, es_counter2=1
2026-02-24 00:16:40,967 - lg_cotrain - INFO - Phase 3 epoch 3: dev_macro_f1=0.0645, dev_err=52.37%, es_counter1=2, es_counter2=2
2026-02-24 00:16:43,013 - lg_cotrain - INFO - Phase 3 epoch 4: dev_macro_f1=0.0072, dev_err=96.26%, es_counter1=3, es_counter2=3
2026-02-24 00:16:45,040 - lg_cotrain - INFO - Phase 3 epoch 5: dev_macro_f1=0.0072, dev_err=96.26%, es_counter1=4, es_counter2=4
2026-02-24 00:16:47,073 - lg_cotrain - INFO - Phase 3 epoch 6: dev_macro_f1=0.0165, dev_err=91.02%, es_counter1=5, es_counter2=5
2026-02-24 00:16:47,074 - lg_cotrain - INFO - Early stopping at epoch 6
2026-02-24 00:16:47,082 - lg_cotrain - INFO - === Final Evaluation ===
2026-02-24 00:16:51,202 - lg_cotrain - INFO - Results saved to C:\Users\anhtr\AppData\Local\Temp\tmpi57_pu0e\cyclone_idai_2019\10_set3\metrics.json
2026-02-24 00:16:51,202 - lg_cotrain - INFO - Test error rate: 52.50%, Test macro-F1: 0.0644, Test ECE: 0.3027
2026-02-24 00:16:51,211 - lg_cotrain - INFO - --- Trial 5/10 done: dev_macro_f1=0.0645 ---
2026-02-24 00:16:51,212 - lg_cotrain - INFO - --- Trial 6/10 ---
2026-02-24 00:16:51,759 - lg_cotrain - INFO - Starting LG-CoTrain: event=cyclone_idai_2019, budget=10, seed_set=3
2026-02-24 00:16:51,782 - lg_cotrain - INFO - Detected 10 classes for event cyclone_idai_2019: ['caution_and_advice', 'displaced_people_and_evacuations', 'infrastructure_and_utility_damage', 'injured_or_dead_people', 'missing_or_found_people', 'not_humanitarian', 'other_relevant_information', 'requests_or_urgent_needs', 'rescue_volunteering_or_donation_effort', 'sympathy_and_support']
2026-02-24 00:16:51,788 - lg_cotrain - INFO - D_l1: 50, D_l2: 50, D_LG: 2653
2026-02-24 00:16:51,790 - lg_cotrain - INFO - === Phase 1: Weight Generation ===
2026-02-24 00:17:03,349 - lg_cotrain - INFO - Phase 1 epoch 1/7: mean_prob1=0.1063, mean_prob2=0.0883
2026-02-24 00:17:13,843 - lg_cotrain - INFO - Phase 1 epoch 2/7: mean_prob1=0.0961, mean_prob2=0.1013
2026-02-24 00:17:24,402 - lg_cotrain - INFO - Phase 1 epoch 3/7: mean_prob1=0.1074, mean_prob2=0.1084
2026-02-24 00:17:35,046 - lg_cotrain - INFO - Phase 1 epoch 4/7: mean_prob1=0.1232, mean_prob2=0.0966
2026-02-24 00:17:45,590 - lg_cotrain - INFO - Phase 1 epoch 5/7: mean_prob1=0.1246, mean_prob2=0.0886
2026-02-24 00:17:56,137 - lg_cotrain - INFO - Phase 1 epoch 6/7: mean_prob1=0.1046, mean_prob2=0.0946
2026-02-24 00:18:06,683 - lg_cotrain - INFO - Phase 1 epoch 7/7: mean_prob1=0.1216, mean_prob2=0.0963
2026-02-24 00:18:06,683 - lg_cotrain - INFO - === Phase 2: Co-Training ===
2026-02-24 00:18:07,730 - lg_cotrain - INFO - LR scheduler: total_steps_1=3388, warmup=453; total_steps_2=3388, warmup=453
2026-02-24 00:18:07,732 - lg_cotrain - INFO - Phase 1 done -> seeded Phase 2 trackers. lambda1: mean=0.1216, range=[0.0197, 0.5008]
2026-02-24 00:18:07,732 - lg_cotrain - INFO - Phase 1 done -> seeded Phase 2 trackers. lambda2: mean=0.0963, range=[0.0603, 0.1532]
2026-02-24 00:18:49,401 - lg_cotrain - INFO - Phase 2 epoch 1/18: loss1=0.1473, loss2=0.1671, dev_macro_f1=0.3297, dev_err=26.93%
2026-02-24 00:19:31,044 - lg_cotrain - INFO - Phase 2 epoch 2/18: loss1=0.0571, loss2=0.2788, dev_macro_f1=0.4076, dev_err=25.44%
2026-02-24 00:20:12,637 - lg_cotrain - INFO - Phase 2 epoch 3/18: loss1=0.0956, loss2=0.9273, dev_macro_f1=0.1289, dev_err=43.89%
2026-02-24 00:20:54,221 - lg_cotrain - INFO - Phase 2 epoch 4/18: loss1=0.1187, loss2=1.0034, dev_macro_f1=0.0645, dev_err=52.37%
2026-02-24 00:21:36,187 - lg_cotrain - INFO - Phase 2 epoch 5/18: loss1=0.0452, loss2=0.9374, dev_macro_f1=0.0645, dev_err=52.37%
2026-02-24 00:22:18,696 - lg_cotrain - INFO - Phase 2 epoch 6/18: loss1=0.0199, loss2=0.8694, dev_macro_f1=0.0645, dev_err=52.37%
2026-02-24 00:23:00,304 - lg_cotrain - INFO - Phase 2 epoch 7/18: loss1=0.0173, loss2=0.8236, dev_macro_f1=0.0645, dev_err=52.37%
2026-02-24 00:23:41,691 - lg_cotrain - INFO - Phase 2 epoch 8/18: loss1=0.0166, loss2=0.7807, dev_macro_f1=0.0645, dev_err=52.37%
2026-02-24 00:24:23,185 - lg_cotrain - INFO - Phase 2 epoch 9/18: loss1=0.0172, loss2=0.7425, dev_macro_f1=0.0645, dev_err=52.37%
2026-02-24 00:25:04,775 - lg_cotrain - INFO - Phase 2 epoch 10/18: loss1=0.0149, loss2=0.7084, dev_macro_f1=0.0645, dev_err=52.37%
2026-02-24 00:25:46,704 - lg_cotrain - INFO - Phase 2 epoch 11/18: loss1=0.0138, loss2=0.6797, dev_macro_f1=0.0645, dev_err=52.37%
2026-02-24 00:26:28,403 - lg_cotrain - INFO - Phase 2 epoch 12/18: loss1=0.0138, loss2=0.6523, dev_macro_f1=0.0645, dev_err=52.37%
2026-02-24 00:27:10,265 - lg_cotrain - INFO - Phase 2 epoch 13/18: loss1=0.0130, loss2=0.6304, dev_macro_f1=0.0645, dev_err=52.37%
2026-02-24 00:27:51,881 - lg_cotrain - INFO - Phase 2 epoch 14/18: loss1=0.0120, loss2=0.6102, dev_macro_f1=0.0645, dev_err=52.37%
2026-02-24 00:28:33,720 - lg_cotrain - INFO - Phase 2 epoch 15/18: loss1=0.0112, loss2=0.5930, dev_macro_f1=0.0645, dev_err=52.37%
2026-02-24 00:29:15,330 - lg_cotrain - INFO - Phase 2 epoch 16/18: loss1=0.0112, loss2=0.5734, dev_macro_f1=0.0645, dev_err=52.37%
2026-02-24 00:29:57,524 - lg_cotrain - INFO - Phase 2 epoch 17/18: loss1=0.0105, loss2=0.5590, dev_macro_f1=0.0645, dev_err=52.37%
2026-02-24 00:30:40,083 - lg_cotrain - INFO - Phase 2 epoch 18/18: loss1=0.0108, loss2=0.5444, dev_macro_f1=0.0645, dev_err=52.37%
2026-02-24 00:30:40,083 - lg_cotrain - INFO - === Phase 3: Fine-Tuning ===
2026-02-24 00:30:42,169 - lg_cotrain - INFO - Phase 3 epoch 1: dev_macro_f1=0.0645, dev_err=52.37%, es_counter1=0, es_counter2=0
2026-02-24 00:30:44,201 - lg_cotrain - INFO - Phase 3 epoch 2: dev_macro_f1=0.0645, dev_err=52.37%, es_counter1=1, es_counter2=1
2026-02-24 00:30:46,271 - lg_cotrain - INFO - Phase 3 epoch 3: dev_macro_f1=0.0750, dev_err=70.32%, es_counter1=0, es_counter2=0
2026-02-24 00:30:48,327 - lg_cotrain - INFO - Phase 3 epoch 4: dev_macro_f1=0.0862, dev_err=66.58%, es_counter1=0, es_counter2=0
2026-02-24 00:30:50,370 - lg_cotrain - INFO - Phase 3 epoch 5: dev_macro_f1=0.0201, dev_err=89.03%, es_counter1=1, es_counter2=1
2026-02-24 00:30:52,459 - lg_cotrain - INFO - Phase 3 epoch 6: dev_macro_f1=0.0198, dev_err=89.03%, es_counter1=2, es_counter2=2
2026-02-24 00:30:54,493 - lg_cotrain - INFO - Phase 3 epoch 7: dev_macro_f1=0.0073, dev_err=97.51%, es_counter1=3, es_counter2=3
2026-02-24 00:30:56,545 - lg_cotrain - INFO - Phase 3 epoch 8: dev_macro_f1=0.0010, dev_err=99.50%, es_counter1=4, es_counter2=4
2026-02-24 00:30:58,632 - lg_cotrain - INFO - Phase 3 epoch 9: dev_macro_f1=0.0010, dev_err=99.50%, es_counter1=5, es_counter2=5
2026-02-24 00:31:00,735 - lg_cotrain - INFO - Phase 3 epoch 10: dev_macro_f1=0.0236, dev_err=90.52%, es_counter1=6, es_counter2=6
2026-02-24 00:31:02,810 - lg_cotrain - INFO - Phase 3 epoch 11: dev_macro_f1=0.0237, dev_err=90.52%, es_counter1=7, es_counter2=7
2026-02-24 00:31:02,811 - lg_cotrain - INFO - Early stopping at epoch 11
2026-02-24 00:31:02,820 - lg_cotrain - INFO - === Final Evaluation ===
2026-02-24 00:31:06,991 - lg_cotrain - INFO - Results saved to C:\Users\anhtr\AppData\Local\Temp\tmpijbfn15x\cyclone_idai_2019\10_set3\metrics.json
2026-02-24 00:31:06,991 - lg_cotrain - INFO - Test error rate: 65.34%, Test macro-F1: 0.0885, Test ECE: 0.2105
2026-02-24 00:31:07,000 - lg_cotrain - INFO - --- Trial 6/10 done: dev_macro_f1=0.0862 ---
2026-02-24 00:31:07,000 - lg_cotrain - INFO - --- Trial 7/10 ---
2026-02-24 00:31:07,565 - lg_cotrain - INFO - Starting LG-CoTrain: event=cyclone_idai_2019, budget=10, seed_set=3
2026-02-24 00:31:07,596 - lg_cotrain - INFO - Detected 10 classes for event cyclone_idai_2019: ['caution_and_advice', 'displaced_people_and_evacuations', 'infrastructure_and_utility_damage', 'injured_or_dead_people', 'missing_or_found_people', 'not_humanitarian', 'other_relevant_information', 'requests_or_urgent_needs', 'rescue_volunteering_or_donation_effort', 'sympathy_and_support']
2026-02-24 00:31:07,596 - lg_cotrain - INFO - D_l1: 50, D_l2: 50, D_LG: 2653
2026-02-24 00:31:07,602 - lg_cotrain - INFO - === Phase 1: Weight Generation ===
2026-02-24 00:31:18,279 - lg_cotrain - INFO - Phase 1 epoch 1/7: mean_prob1=0.0908, mean_prob2=0.1017
2026-02-24 00:31:27,937 - lg_cotrain - INFO - Phase 1 epoch 2/7: mean_prob1=0.1026, mean_prob2=0.0995
2026-02-24 00:31:37,495 - lg_cotrain - INFO - Phase 1 epoch 3/7: mean_prob1=0.0918, mean_prob2=0.1005
2026-02-24 00:31:47,141 - lg_cotrain - INFO - Phase 1 epoch 4/7: mean_prob1=0.0864, mean_prob2=0.1079
2026-02-24 00:31:56,924 - lg_cotrain - INFO - Phase 1 epoch 5/7: mean_prob1=0.1405, mean_prob2=0.0949
2026-02-24 00:32:06,562 - lg_cotrain - INFO - Phase 1 epoch 6/7: mean_prob1=0.0716, mean_prob2=0.0964
2026-02-24 00:32:16,119 - lg_cotrain - INFO - Phase 1 epoch 7/7: mean_prob1=0.1039, mean_prob2=0.0787
2026-02-24 00:32:16,120 - lg_cotrain - INFO - === Phase 2: Co-Training ===
2026-02-24 00:32:17,295 - lg_cotrain - INFO - LR scheduler: total_steps_1=646, warmup=28; total_steps_2=646, warmup=28
2026-02-24 00:32:17,295 - lg_cotrain - INFO - Phase 1 done -> seeded Phase 2 trackers. lambda1: mean=0.1039, range=[0.0613, 0.1471]
2026-02-24 00:32:17,296 - lg_cotrain - INFO - Phase 1 done -> seeded Phase 2 trackers. lambda2: mean=0.0787, range=[0.0238, 0.1981]
2026-02-24 00:32:52,516 - lg_cotrain - INFO - Phase 2 epoch 1/13: loss1=0.1292, loss2=0.1548, dev_macro_f1=0.0740, dev_err=51.87%
2026-02-24 00:33:27,609 - lg_cotrain - INFO - Phase 2 epoch 2/13: loss1=0.0913, loss2=0.2847, dev_macro_f1=0.0645, dev_err=52.37%
2026-02-24 00:34:02,428 - lg_cotrain - INFO - Phase 2 epoch 3/13: loss1=0.0743, loss2=0.3145, dev_macro_f1=0.0645, dev_err=52.37%
2026-02-24 00:34:38,164 - lg_cotrain - INFO - Phase 2 epoch 4/13: loss1=0.0605, loss2=0.3045, dev_macro_f1=0.0645, dev_err=52.37%
2026-02-24 00:35:13,605 - lg_cotrain - INFO - Phase 2 epoch 5/13: loss1=0.0428, loss2=0.2976, dev_macro_f1=0.0645, dev_err=52.37%
2026-02-24 00:35:48,706 - lg_cotrain - INFO - Phase 2 epoch 6/13: loss1=0.0327, loss2=0.2842, dev_macro_f1=0.0645, dev_err=52.37%
2026-02-24 00:36:25,307 - lg_cotrain - INFO - Phase 2 epoch 7/13: loss1=0.0228, loss2=0.2694, dev_macro_f1=0.0645, dev_err=52.37%
2026-02-24 00:37:01,533 - lg_cotrain - INFO - Phase 2 epoch 8/13: loss1=0.0203, loss2=0.2574, dev_macro_f1=0.0645, dev_err=52.37%
2026-02-24 00:37:38,829 - lg_cotrain - INFO - Phase 2 epoch 9/13: loss1=0.0191, loss2=0.2456, dev_macro_f1=0.0645, dev_err=52.37%
2026-02-24 00:38:15,545 - lg_cotrain - INFO - Phase 2 epoch 10/13: loss1=0.0161, loss2=0.2359, dev_macro_f1=0.0645, dev_err=52.37%
2026-02-24 00:38:51,878 - lg_cotrain - INFO - Phase 2 epoch 11/13: loss1=0.0139, loss2=0.2268, dev_macro_f1=0.0645, dev_err=52.37%
2026-02-24 00:39:28,157 - lg_cotrain - INFO - Phase 2 epoch 12/13: loss1=0.0130, loss2=0.2196, dev_macro_f1=0.0645, dev_err=52.37%
2026-02-24 00:40:04,421 - lg_cotrain - INFO - Phase 2 epoch 13/13: loss1=0.0110, loss2=0.2092, dev_macro_f1=0.0645, dev_err=52.37%
2026-02-24 00:40:04,421 - lg_cotrain - INFO - === Phase 3: Fine-Tuning ===
2026-02-24 00:40:06,262 - lg_cotrain - INFO - Phase 3 epoch 1: dev_macro_f1=0.0645, dev_err=52.37%, es_counter1=0, es_counter2=0
2026-02-24 00:40:08,095 - lg_cotrain - INFO - Phase 3 epoch 2: dev_macro_f1=0.0645, dev_err=52.37%, es_counter1=1, es_counter2=1
2026-02-24 00:40:09,905 - lg_cotrain - INFO - Phase 3 epoch 3: dev_macro_f1=0.0645, dev_err=52.37%, es_counter1=2, es_counter2=2
2026-02-24 00:40:11,740 - lg_cotrain - INFO - Phase 3 epoch 4: dev_macro_f1=0.0645, dev_err=52.37%, es_counter1=3, es_counter2=3
2026-02-24 00:40:13,545 - lg_cotrain - INFO - Phase 3 epoch 5: dev_macro_f1=0.0645, dev_err=52.37%, es_counter1=4, es_counter2=4
2026-02-24 00:40:15,362 - lg_cotrain - INFO - Phase 3 epoch 6: dev_macro_f1=0.0645, dev_err=52.37%, es_counter1=5, es_counter2=5
2026-02-24 00:40:17,199 - lg_cotrain - INFO - Phase 3 epoch 7: dev_macro_f1=0.0218, dev_err=87.78%, es_counter1=6, es_counter2=6
2026-02-24 00:40:19,008 - lg_cotrain - INFO - Phase 3 epoch 8: dev_macro_f1=0.0072, dev_err=96.26%, es_counter1=7, es_counter2=7
2026-02-24 00:40:20,832 - lg_cotrain - INFO - Phase 3 epoch 9: dev_macro_f1=0.0039, dev_err=98.00%, es_counter1=8, es_counter2=8
2026-02-24 00:40:20,832 - lg_cotrain - INFO - Early stopping at epoch 9
2026-02-24 00:40:20,843 - lg_cotrain - INFO - === Final Evaluation ===
2026-02-24 00:40:24,810 - lg_cotrain - INFO - Results saved to C:\Users\anhtr\AppData\Local\Temp\tmpqh0tj40d\cyclone_idai_2019\10_set3\metrics.json
2026-02-24 00:40:24,810 - lg_cotrain - INFO - Test error rate: 52.50%, Test macro-F1: 0.0644, Test ECE: 0.4774
2026-02-24 00:40:24,822 - lg_cotrain - INFO - --- Trial 7/10 done: dev_macro_f1=0.0645 ---
2026-02-24 00:40:24,822 - lg_cotrain - INFO - --- Trial 8/10 ---
2026-02-24 00:40:25,390 - lg_cotrain - INFO - Starting LG-CoTrain: event=cyclone_idai_2019, budget=10, seed_set=3
2026-02-24 00:40:25,412 - lg_cotrain - INFO - Detected 10 classes for event cyclone_idai_2019: ['caution_and_advice', 'displaced_people_and_evacuations', 'infrastructure_and_utility_damage', 'injured_or_dead_people', 'missing_or_found_people', 'not_humanitarian', 'other_relevant_information', 'requests_or_urgent_needs', 'rescue_volunteering_or_donation_effort', 'sympathy_and_support']
2026-02-24 00:40:25,417 - lg_cotrain - INFO - D_l1: 50, D_l2: 50, D_LG: 2653
2026-02-24 00:40:25,418 - lg_cotrain - INFO - === Phase 1: Weight Generation ===
2026-02-24 00:40:37,463 - lg_cotrain - INFO - Phase 1 epoch 1/7: mean_prob1=0.0977, mean_prob2=0.1046
2026-02-24 00:40:48,531 - lg_cotrain - INFO - Phase 1 epoch 2/7: mean_prob1=0.0947, mean_prob2=0.1224
2026-02-24 00:40:59,322 - lg_cotrain - INFO - Phase 1 epoch 3/7: mean_prob1=0.0935, mean_prob2=0.1141
2026-02-24 00:41:10,286 - lg_cotrain - INFO - Phase 1 epoch 4/7: mean_prob1=0.1073, mean_prob2=0.1146
2026-02-24 00:41:21,353 - lg_cotrain - INFO - Phase 1 epoch 5/7: mean_prob1=0.1075, mean_prob2=0.1250
2026-02-24 00:41:32,579 - lg_cotrain - INFO - Phase 1 epoch 6/7: mean_prob1=0.1027, mean_prob2=0.1252
2026-02-24 00:41:43,734 - lg_cotrain - INFO - Phase 1 epoch 7/7: mean_prob1=0.1036, mean_prob2=0.1247
2026-02-24 00:41:43,734 - lg_cotrain - INFO - === Phase 2: Co-Training ===
2026-02-24 00:41:44,758 - lg_cotrain - INFO - LR scheduler: total_steps_1=1230, warmup=88; total_steps_2=1230, warmup=88
2026-02-24 00:41:44,759 - lg_cotrain - INFO - Phase 1 done -> seeded Phase 2 trackers. lambda1: mean=0.1036, range=[0.0288, 0.3357]
2026-02-24 00:41:44,759 - lg_cotrain - INFO - Phase 1 done -> seeded Phase 2 trackers. lambda2: mean=0.1247, range=[0.0210, 0.3164]
2026-02-24 00:42:28,444 - lg_cotrain - INFO - Phase 2 epoch 1/5: loss1=0.1849, loss2=0.1539, dev_macro_f1=0.3032, dev_err=28.93%
2026-02-24 00:43:12,216 - lg_cotrain - INFO - Phase 2 epoch 2/5: loss1=0.0532, loss2=0.1876, dev_macro_f1=0.3456, dev_err=27.68%
2026-02-24 00:43:55,835 - lg_cotrain - INFO - Phase 2 epoch 3/5: loss1=0.0259, loss2=0.1489, dev_macro_f1=0.3688, dev_err=26.43%
2026-02-24 00:44:38,725 - lg_cotrain - INFO - Phase 2 epoch 4/5: loss1=0.0168, loss2=0.0839, dev_macro_f1=0.4137, dev_err=26.93%
2026-02-24 00:45:21,625 - lg_cotrain - INFO - Phase 2 epoch 5/5: loss1=0.0126, loss2=0.0533, dev_macro_f1=0.4561, dev_err=25.94%
2026-02-24 00:45:21,625 - lg_cotrain - INFO - === Phase 3: Fine-Tuning ===
2026-02-24 00:45:23,741 - lg_cotrain - INFO - Phase 3 epoch 1: dev_macro_f1=0.4891, dev_err=26.93%, es_counter1=0, es_counter2=0
2026-02-24 00:45:25,793 - lg_cotrain - INFO - Phase 3 epoch 2: dev_macro_f1=0.4712, dev_err=38.15%, es_counter1=1, es_counter2=1
2026-02-24 00:45:27,885 - lg_cotrain - INFO - Phase 3 epoch 3: dev_macro_f1=0.4333, dev_err=45.14%, es_counter1=2, es_counter2=2
2026-02-24 00:45:29,981 - lg_cotrain - INFO - Phase 3 epoch 4: dev_macro_f1=0.4853, dev_err=33.92%, es_counter1=3, es_counter2=3
2026-02-24 00:45:32,062 - lg_cotrain - INFO - Phase 3 epoch 5: dev_macro_f1=0.4932, dev_err=30.67%, es_counter1=0, es_counter2=0
2026-02-24 00:45:34,114 - lg_cotrain - INFO - Phase 3 epoch 6: dev_macro_f1=0.4876, dev_err=30.17%, es_counter1=1, es_counter2=1
2026-02-24 00:45:36,171 - lg_cotrain - INFO - Phase 3 epoch 7: dev_macro_f1=0.4739, dev_err=30.92%, es_counter1=2, es_counter2=2
2026-02-24 00:45:38,226 - lg_cotrain - INFO - Phase 3 epoch 8: dev_macro_f1=0.4902, dev_err=30.42%, es_counter1=3, es_counter2=3
2026-02-24 00:45:40,292 - lg_cotrain - INFO - Phase 3 epoch 9: dev_macro_f1=0.5015, dev_err=30.17%, es_counter1=0, es_counter2=0
2026-02-24 00:45:42,409 - lg_cotrain - INFO - Phase 3 epoch 10: dev_macro_f1=0.5069, dev_err=30.42%, es_counter1=0, es_counter2=0
2026-02-24 00:45:44,483 - lg_cotrain - INFO - Phase 3 epoch 11: dev_macro_f1=0.4950, dev_err=31.17%, es_counter1=1, es_counter2=1
2026-02-24 00:45:46,532 - lg_cotrain - INFO - Phase 3 epoch 12: dev_macro_f1=0.4980, dev_err=30.92%, es_counter1=2, es_counter2=2
2026-02-24 00:45:48,646 - lg_cotrain - INFO - Phase 3 epoch 13: dev_macro_f1=0.4913, dev_err=31.42%, es_counter1=3, es_counter2=3
2026-02-24 00:45:50,768 - lg_cotrain - INFO - Phase 3 epoch 14: dev_macro_f1=0.4827, dev_err=31.42%, es_counter1=4, es_counter2=4
2026-02-24 00:45:52,847 - lg_cotrain - INFO - Phase 3 epoch 15: dev_macro_f1=0.4703, dev_err=31.92%, es_counter1=5, es_counter2=5
2026-02-24 00:45:54,925 - lg_cotrain - INFO - Phase 3 epoch 16: dev_macro_f1=0.4719, dev_err=31.67%, es_counter1=6, es_counter2=6
2026-02-24 00:45:56,987 - lg_cotrain - INFO - Phase 3 epoch 17: dev_macro_f1=0.4733, dev_err=31.17%, es_counter1=7, es_counter2=7
2026-02-24 00:45:59,045 - lg_cotrain - INFO - Phase 3 epoch 18: dev_macro_f1=0.4658, dev_err=31.67%, es_counter1=8, es_counter2=8
2026-02-24 00:46:01,101 - lg_cotrain - INFO - Phase 3 epoch 19: dev_macro_f1=0.4771, dev_err=31.17%, es_counter1=9, es_counter2=9
2026-02-24 00:46:01,101 - lg_cotrain - INFO - Early stopping at epoch 19
2026-02-24 00:46:01,113 - lg_cotrain - INFO - === Final Evaluation ===
2026-02-24 00:46:05,332 - lg_cotrain - INFO - Results saved to C:\Users\anhtr\AppData\Local\Temp\tmp497jij8z\cyclone_idai_2019\10_set3\metrics.json
2026-02-24 00:46:05,332 - lg_cotrain - INFO - Test error rate: 26.44%, Test macro-F1: 0.6173, Test ECE: 0.0566
2026-02-24 00:46:05,341 - lg_cotrain - INFO - --- Trial 8/10 done: dev_macro_f1=0.5069 ---
2026-02-24 00:46:05,341 - lg_cotrain - INFO - --- Trial 9/10 ---
2026-02-24 00:46:05,919 - lg_cotrain - INFO - Starting LG-CoTrain: event=cyclone_idai_2019, budget=10, seed_set=3
2026-02-24 00:46:05,945 - lg_cotrain - INFO - Detected 10 classes for event cyclone_idai_2019: ['caution_and_advice', 'displaced_people_and_evacuations', 'infrastructure_and_utility_damage', 'injured_or_dead_people', 'missing_or_found_people', 'not_humanitarian', 'other_relevant_information', 'requests_or_urgent_needs', 'rescue_volunteering_or_donation_effort', 'sympathy_and_support']
2026-02-24 00:46:05,952 - lg_cotrain - INFO - D_l1: 50, D_l2: 50, D_LG: 2653
2026-02-24 00:46:05,953 - lg_cotrain - INFO - === Phase 1: Weight Generation ===
2026-02-24 00:46:17,110 - lg_cotrain - INFO - Phase 1 epoch 1/7: mean_prob1=0.1032, mean_prob2=0.1038
2026-02-24 00:46:27,290 - lg_cotrain - INFO - Phase 1 epoch 2/7: mean_prob1=0.1008, mean_prob2=0.1030
2026-02-24 00:46:37,474 - lg_cotrain - INFO - Phase 1 epoch 3/7: mean_prob1=0.1092, mean_prob2=0.1028
2026-02-24 00:46:47,642 - lg_cotrain - INFO - Phase 1 epoch 4/7: mean_prob1=0.1127, mean_prob2=0.0888
2026-02-24 00:46:57,770 - lg_cotrain - INFO - Phase 1 epoch 5/7: mean_prob1=0.1003, mean_prob2=0.1026
2026-02-24 00:47:07,970 - lg_cotrain - INFO - Phase 1 epoch 6/7: mean_prob1=0.0909, mean_prob2=0.1258
2026-02-24 00:47:18,117 - lg_cotrain - INFO - Phase 1 epoch 7/7: mean_prob1=0.0855, mean_prob2=0.1319
2026-02-24 00:47:18,117 - lg_cotrain - INFO - === Phase 2: Co-Training ===
2026-02-24 00:47:19,154 - lg_cotrain - INFO - LR scheduler: total_steps_1=1113, warmup=273; total_steps_2=1113, warmup=273
2026-02-24 00:47:19,154 - lg_cotrain - INFO - Phase 1 done -> seeded Phase 2 trackers. lambda1: mean=0.0855, range=[0.0677, 0.1343]
2026-02-24 00:47:19,155 - lg_cotrain - INFO - Phase 1 done -> seeded Phase 2 trackers. lambda2: mean=0.1319, range=[0.0207, 0.4832]
2026-02-24 00:47:57,378 - lg_cotrain - INFO - Phase 2 epoch 1/11: loss1=0.1842, loss2=0.1410, dev_macro_f1=0.3282, dev_err=27.43%
2026-02-24 00:48:37,260 - lg_cotrain - INFO - Phase 2 epoch 2/11: loss1=0.0779, loss2=0.5929, dev_macro_f1=0.3044, dev_err=31.92%
2026-02-24 00:49:17,674 - lg_cotrain - INFO - Phase 2 epoch 3/11: loss1=0.0378, loss2=0.9642, dev_macro_f1=0.1879, dev_err=40.90%
2026-02-24 00:49:59,078 - lg_cotrain - INFO - Phase 2 epoch 4/11: loss1=0.0292, loss2=0.9537, dev_macro_f1=0.1332, dev_err=42.64%
2026-02-24 00:50:40,811 - lg_cotrain - INFO - Phase 2 epoch 5/11: loss1=0.0346, loss2=0.9316, dev_macro_f1=0.0645, dev_err=52.37%
2026-02-24 00:51:22,540 - lg_cotrain - INFO - Phase 2 epoch 6/11: loss1=0.0467, loss2=0.8863, dev_macro_f1=0.0645, dev_err=52.37%
2026-02-24 00:52:04,259 - lg_cotrain - INFO - Phase 2 epoch 7/11: loss1=0.0405, loss2=0.8305, dev_macro_f1=0.0645, dev_err=52.37%
2026-02-24 00:52:45,953 - lg_cotrain - INFO - Phase 2 epoch 8/11: loss1=0.0384, loss2=0.7892, dev_macro_f1=0.0645, dev_err=52.37%
2026-02-24 00:53:25,980 - lg_cotrain - INFO - Phase 2 epoch 9/11: loss1=0.0380, loss2=0.7493, dev_macro_f1=0.0645, dev_err=52.37%
2026-02-24 00:54:06,201 - lg_cotrain - INFO - Phase 2 epoch 10/11: loss1=0.0338, loss2=0.7186, dev_macro_f1=0.0645, dev_err=52.37%
2026-02-24 00:54:46,502 - lg_cotrain - INFO - Phase 2 epoch 11/11: loss1=0.0310, loss2=0.6875, dev_macro_f1=0.0645, dev_err=52.37%
2026-02-24 00:54:46,502 - lg_cotrain - INFO - === Phase 3: Fine-Tuning ===
2026-02-24 00:54:48,503 - lg_cotrain - INFO - Phase 3 epoch 1: dev_macro_f1=0.0645, dev_err=52.37%, es_counter1=0, es_counter2=0
2026-02-24 00:54:50,483 - lg_cotrain - INFO - Phase 3 epoch 2: dev_macro_f1=0.0645, dev_err=52.37%, es_counter1=1, es_counter2=1
2026-02-24 00:54:52,445 - lg_cotrain - INFO - Phase 3 epoch 3: dev_macro_f1=0.0645, dev_err=52.37%, es_counter1=2, es_counter2=2
2026-02-24 00:54:54,449 - lg_cotrain - INFO - Phase 3 epoch 4: dev_macro_f1=0.0645, dev_err=52.37%, es_counter1=3, es_counter2=3
2026-02-24 00:54:56,436 - lg_cotrain - INFO - Phase 3 epoch 5: dev_macro_f1=0.0186, dev_err=89.78%, es_counter1=4, es_counter2=4
2026-02-24 00:54:58,413 - lg_cotrain - INFO - Phase 3 epoch 6: dev_macro_f1=0.0039, dev_err=98.00%, es_counter1=5, es_counter2=5
2026-02-24 00:55:00,398 - lg_cotrain - INFO - Phase 3 epoch 7: dev_macro_f1=0.0039, dev_err=98.00%, es_counter1=6, es_counter2=6
2026-02-24 00:55:00,398 - lg_cotrain - INFO - Early stopping at epoch 7
2026-02-24 00:55:00,407 - lg_cotrain - INFO - === Final Evaluation ===
2026-02-24 00:55:04,616 - lg_cotrain - INFO - Results saved to C:\Users\anhtr\AppData\Local\Temp\tmpkl29th1y\cyclone_idai_2019\10_set3\metrics.json
2026-02-24 00:55:04,616 - lg_cotrain - INFO - Test error rate: 52.50%, Test macro-F1: 0.0644, Test ECE: 0.2920
2026-02-24 00:55:04,627 - lg_cotrain - INFO - --- Trial 9/10 done: dev_macro_f1=0.0645 ---
2026-02-24 00:55:04,627 - lg_cotrain - INFO - --- Trial 10/10 ---
2026-02-24 00:55:05,193 - lg_cotrain - INFO - Starting LG-CoTrain: event=cyclone_idai_2019, budget=10, seed_set=3
2026-02-24 00:55:05,220 - lg_cotrain - INFO - Detected 10 classes for event cyclone_idai_2019: ['caution_and_advice', 'displaced_people_and_evacuations', 'infrastructure_and_utility_damage', 'injured_or_dead_people', 'missing_or_found_people', 'not_humanitarian', 'other_relevant_information', 'requests_or_urgent_needs', 'rescue_volunteering_or_donation_effort', 'sympathy_and_support']
2026-02-24 00:55:05,226 - lg_cotrain - INFO - D_l1: 50, D_l2: 50, D_LG: 2653
2026-02-24 00:55:05,227 - lg_cotrain - INFO - === Phase 1: Weight Generation ===
2026-02-24 00:55:16,279 - lg_cotrain - INFO - Phase 1 epoch 1/7: mean_prob1=0.1031, mean_prob2=0.1080
2026-02-24 00:55:26,255 - lg_cotrain - INFO - Phase 1 epoch 2/7: mean_prob1=0.0924, mean_prob2=0.1115
2026-02-24 00:55:36,314 - lg_cotrain - INFO - Phase 1 epoch 3/7: mean_prob1=0.0943, mean_prob2=0.1105
2026-02-24 00:55:46,410 - lg_cotrain - INFO - Phase 1 epoch 4/7: mean_prob1=0.0984, mean_prob2=0.1094
2026-02-24 00:55:56,715 - lg_cotrain - INFO - Phase 1 epoch 5/7: mean_prob1=0.1033, mean_prob2=0.1097
2026-02-24 00:56:07,101 - lg_cotrain - INFO - Phase 1 epoch 6/7: mean_prob1=0.1047, mean_prob2=0.1119
2026-02-24 00:56:17,573 - lg_cotrain - INFO - Phase 1 epoch 7/7: mean_prob1=0.0984, mean_prob2=0.1200
2026-02-24 00:56:17,574 - lg_cotrain - INFO - === Phase 2: Co-Training ===
2026-02-24 00:56:18,584 - lg_cotrain - INFO - LR scheduler: total_steps_1=940, warmup=33; total_steps_2=940, warmup=33
2026-02-24 00:56:18,584 - lg_cotrain - INFO - Phase 1 done -> seeded Phase 2 trackers. lambda1: mean=0.0984, range=[0.0403, 0.2757]
2026-02-24 00:56:18,584 - lg_cotrain - INFO - Phase 1 done -> seeded Phase 2 trackers. lambda2: mean=0.1200, range=[0.0242, 0.2850]
2026-02-24 00:56:55,973 - lg_cotrain - INFO - Phase 2 epoch 1/20: loss1=0.2229, loss2=0.1747, dev_macro_f1=0.1998, dev_err=37.41%
2026-02-24 00:57:32,428 - lg_cotrain - INFO - Phase 2 epoch 2/20: loss1=0.0713, loss2=0.1685, dev_macro_f1=0.3479, dev_err=26.93%
2026-02-24 00:58:08,881 - lg_cotrain - INFO - Phase 2 epoch 3/20: loss1=0.0366, loss2=0.1569, dev_macro_f1=0.3532, dev_err=26.43%
2026-02-24 00:58:47,653 - lg_cotrain - INFO - Phase 2 epoch 4/20: loss1=0.0183, loss2=0.1039, dev_macro_f1=0.3606, dev_err=26.18%
2026-02-24 00:59:26,831 - lg_cotrain - INFO - Phase 2 epoch 5/20: loss1=0.0164, loss2=0.0932, dev_macro_f1=0.3710, dev_err=26.68%
2026-02-24 01:00:05,881 - lg_cotrain - INFO - Phase 2 epoch 6/20: loss1=0.0198, loss2=0.0557, dev_macro_f1=0.4275, dev_err=26.18%
2026-02-24 01:00:44,785 - lg_cotrain - INFO - Phase 2 epoch 7/20: loss1=0.0179, loss2=0.0398, dev_macro_f1=0.4502, dev_err=25.44%
2026-02-24 01:01:23,537 - lg_cotrain - INFO - Phase 2 epoch 8/20: loss1=0.0128, loss2=0.0233, dev_macro_f1=0.4509, dev_err=25.94%
2026-02-24 01:02:02,680 - lg_cotrain - INFO - Phase 2 epoch 9/20: loss1=0.0083, loss2=0.0128, dev_macro_f1=0.4463, dev_err=26.18%
2026-02-24 01:02:41,691 - lg_cotrain - INFO - Phase 2 epoch 10/20: loss1=0.0116, loss2=0.0081, dev_macro_f1=0.4996, dev_err=25.44%
2026-02-24 01:03:22,595 - lg_cotrain - INFO - Phase 2 epoch 11/20: loss1=0.0088, loss2=0.0057, dev_macro_f1=0.4665, dev_err=27.43%
2026-02-24 01:04:03,794 - lg_cotrain - INFO - Phase 2 epoch 12/20: loss1=0.0121, loss2=0.0044, dev_macro_f1=0.4934, dev_err=25.44%
2026-02-24 01:04:42,531 - lg_cotrain - INFO - Phase 2 epoch 13/20: loss1=0.0075, loss2=0.0038, dev_macro_f1=0.4957, dev_err=25.94%
2026-02-24 01:05:21,185 - lg_cotrain - INFO - Phase 2 epoch 14/20: loss1=0.0091, loss2=0.0033, dev_macro_f1=0.5091, dev_err=25.94%
2026-02-24 01:05:58,318 - lg_cotrain - INFO - Phase 2 epoch 15/20: loss1=0.0093, loss2=0.0030, dev_macro_f1=0.5019, dev_err=26.43%
2026-02-24 01:06:33,655 - lg_cotrain - INFO - Phase 2 epoch 16/20: loss1=0.0105, loss2=0.0029, dev_macro_f1=0.4779, dev_err=27.68%
2026-02-24 01:07:08,307 - lg_cotrain - INFO - Phase 2 epoch 17/20: loss1=0.0095, loss2=0.0027, dev_macro_f1=0.5016, dev_err=25.69%
2026-02-24 01:07:42,930 - lg_cotrain - INFO - Phase 2 epoch 18/20: loss1=0.0070, loss2=0.0026, dev_macro_f1=0.5048, dev_err=26.18%
2026-02-24 01:08:19,472 - lg_cotrain - INFO - Phase 2 epoch 19/20: loss1=0.0061, loss2=0.0024, dev_macro_f1=0.4933, dev_err=26.93%
2026-02-24 01:08:55,012 - lg_cotrain - INFO - Phase 2 epoch 20/20: loss1=0.0052, loss2=0.0023, dev_macro_f1=0.4956, dev_err=26.68%
2026-02-24 01:08:55,013 - lg_cotrain - INFO - === Phase 3: Fine-Tuning ===
2026-02-24 01:08:56,802 - lg_cotrain - INFO - Phase 3 epoch 1: dev_macro_f1=0.4946, dev_err=26.68%, es_counter1=0, es_counter2=0
2026-02-24 01:08:58,562 - lg_cotrain - INFO - Phase 3 epoch 2: dev_macro_f1=0.4916, dev_err=27.18%, es_counter1=1, es_counter2=1
2026-02-24 01:09:00,436 - lg_cotrain - INFO - Phase 3 epoch 3: dev_macro_f1=0.4880, dev_err=27.93%, es_counter1=2, es_counter2=2
2026-02-24 01:09:02,262 - lg_cotrain - INFO - Phase 3 epoch 4: dev_macro_f1=0.4999, dev_err=27.93%, es_counter1=0, es_counter2=0
2026-02-24 01:09:04,083 - lg_cotrain - INFO - Phase 3 epoch 5: dev_macro_f1=0.4872, dev_err=30.17%, es_counter1=1, es_counter2=1
2026-02-24 01:09:05,911 - lg_cotrain - INFO - Phase 3 epoch 6: dev_macro_f1=0.4678, dev_err=33.42%, es_counter1=2, es_counter2=2
2026-02-24 01:09:07,900 - lg_cotrain - INFO - Phase 3 epoch 7: dev_macro_f1=0.4626, dev_err=37.91%, es_counter1=3, es_counter2=3
2026-02-24 01:09:09,752 - lg_cotrain - INFO - Phase 3 epoch 8: dev_macro_f1=0.4303, dev_err=46.63%, es_counter1=4, es_counter2=4
2026-02-24 01:09:11,661 - lg_cotrain - INFO - Phase 3 epoch 9: dev_macro_f1=0.4116, dev_err=53.87%, es_counter1=5, es_counter2=5
2026-02-24 01:09:13,508 - lg_cotrain - INFO - Phase 3 epoch 10: dev_macro_f1=0.3947, dev_err=57.11%, es_counter1=6, es_counter2=6
2026-02-24 01:09:15,352 - lg_cotrain - INFO - Phase 3 epoch 11: dev_macro_f1=0.3980, dev_err=56.36%, es_counter1=7, es_counter2=7
2026-02-24 01:09:17,175 - lg_cotrain - INFO - Phase 3 epoch 12: dev_macro_f1=0.4220, dev_err=50.37%, es_counter1=8, es_counter2=8
2026-02-24 01:09:17,175 - lg_cotrain - INFO - Early stopping at epoch 12
2026-02-24 01:09:17,188 - lg_cotrain - INFO - === Final Evaluation ===
2026-02-24 01:09:21,175 - lg_cotrain - INFO - Results saved to C:\Users\anhtr\AppData\Local\Temp\tmpl51_uejz\cyclone_idai_2019\10_set3\metrics.json
2026-02-24 01:09:21,175 - lg_cotrain - INFO - Test error rate: 25.67%, Test macro-F1: 0.5334, Test ECE: 0.1427
2026-02-24 01:09:21,184 - lg_cotrain - INFO - --- Trial 10/10 done: dev_macro_f1=0.4999 ---
