2026-02-25 10:51:40,899 - lg_cotrain - INFO - === Optuna study: hurricane_florence_2018 budget=25 seed=2 | target=10 trials, 0 replayed, 10 new ===
2026-02-25 10:51:40,899 - lg_cotrain - INFO - --- Trial 1/10 ---
2026-02-25 10:51:41,387 - lg_cotrain - INFO - Starting LG-CoTrain: event=hurricane_florence_2018, budget=25, seed_set=2
2026-02-25 10:51:41,442 - lg_cotrain - INFO - Detected 9 classes for event hurricane_florence_2018: ['caution_and_advice', 'displaced_people_and_evacuations', 'infrastructure_and_utility_damage', 'injured_or_dead_people', 'not_humanitarian', 'other_relevant_information', 'requests_or_urgent_needs', 'rescue_volunteering_or_donation_effort', 'sympathy_and_support']
2026-02-25 10:51:41,451 - lg_cotrain - INFO - D_l1: 117, D_l2: 108, D_LG: 4159
2026-02-25 10:51:41,452 - lg_cotrain - INFO - === Phase 1: Weight Generation ===
2026-02-25 10:51:57,049 - lg_cotrain - INFO - Phase 1 epoch 1/7: mean_prob1=0.1227, mean_prob2=0.1126
2026-02-25 10:52:11,743 - lg_cotrain - INFO - Phase 1 epoch 2/7: mean_prob1=0.1132, mean_prob2=0.1288
2026-02-25 10:52:26,557 - lg_cotrain - INFO - Phase 1 epoch 3/7: mean_prob1=0.1009, mean_prob2=0.1102
2026-02-25 10:52:40,638 - lg_cotrain - INFO - Phase 1 epoch 4/7: mean_prob1=0.1054, mean_prob2=0.1050
2026-02-25 10:52:54,976 - lg_cotrain - INFO - Phase 1 epoch 5/7: mean_prob1=0.1144, mean_prob2=0.1077
2026-02-25 10:53:09,094 - lg_cotrain - INFO - Phase 1 epoch 6/7: mean_prob1=0.1216, mean_prob2=0.1148
2026-02-25 10:53:23,039 - lg_cotrain - INFO - Phase 1 epoch 7/7: mean_prob1=0.1119, mean_prob2=0.1232
2026-02-25 10:53:23,040 - lg_cotrain - INFO - === Phase 2: Co-Training ===
2026-02-25 10:53:24,001 - lg_cotrain - INFO - LR scheduler: total_steps_1=2610, warmup=702; total_steps_2=2610, warmup=702
2026-02-25 10:53:24,001 - lg_cotrain - INFO - Phase 1 done -> seeded Phase 2 trackers. lambda1: mean=0.1119, range=[0.0521, 0.1714]
2026-02-25 10:53:24,002 - lg_cotrain - INFO - Phase 1 done -> seeded Phase 2 trackers. lambda2: mean=0.1232, range=[0.0384, 0.3878]
2026-02-25 10:54:16,190 - lg_cotrain - INFO - Phase 2 epoch 1/17: loss1=0.1705, loss2=0.1675, dev_macro_f1=0.6052, dev_err=25.98%
2026-02-25 10:55:08,322 - lg_cotrain - INFO - Phase 2 epoch 2/17: loss1=0.0595, loss2=0.3222, dev_macro_f1=0.6195, dev_err=24.26%
2026-02-25 10:56:00,565 - lg_cotrain - INFO - Phase 2 epoch 3/17: loss1=0.0947, loss2=0.3844, dev_macro_f1=0.5813, dev_err=27.23%
2026-02-25 10:56:52,643 - lg_cotrain - INFO - Phase 2 epoch 4/17: loss1=0.4450, loss2=1.2980, dev_macro_f1=0.0420, dev_err=76.68%
2026-02-25 10:57:44,504 - lg_cotrain - INFO - Phase 2 epoch 5/17: loss1=0.2949, loss2=1.5235, dev_macro_f1=0.0425, dev_err=76.37%
2026-02-25 10:58:36,689 - lg_cotrain - INFO - Phase 2 epoch 6/17: loss1=0.1906, loss2=1.4181, dev_macro_f1=0.0425, dev_err=76.37%
2026-02-25 10:59:28,879 - lg_cotrain - INFO - Phase 2 epoch 7/17: loss1=0.1283, loss2=1.3290, dev_macro_f1=0.0425, dev_err=76.37%
2026-02-25 11:00:22,408 - lg_cotrain - INFO - Phase 2 epoch 8/17: loss1=0.0918, loss2=1.2515, dev_macro_f1=0.0425, dev_err=76.37%
2026-02-25 11:01:15,390 - lg_cotrain - INFO - Phase 2 epoch 9/17: loss1=0.0762, loss2=1.1861, dev_macro_f1=0.0425, dev_err=76.37%
2026-02-25 11:02:07,337 - lg_cotrain - INFO - Phase 2 epoch 10/17: loss1=0.0673, loss2=1.1331, dev_macro_f1=0.0425, dev_err=76.37%
2026-02-25 11:02:59,155 - lg_cotrain - INFO - Phase 2 epoch 11/17: loss1=0.0634, loss2=1.0849, dev_macro_f1=0.0425, dev_err=76.37%
2026-02-25 11:03:51,843 - lg_cotrain - INFO - Phase 2 epoch 12/17: loss1=0.0612, loss2=1.0448, dev_macro_f1=0.0425, dev_err=76.37%
2026-02-25 11:04:43,601 - lg_cotrain - INFO - Phase 2 epoch 13/17: loss1=0.0603, loss2=1.0157, dev_macro_f1=0.0425, dev_err=76.37%
2026-02-25 11:05:35,374 - lg_cotrain - INFO - Phase 2 epoch 14/17: loss1=0.0593, loss2=0.9800, dev_macro_f1=0.0425, dev_err=76.37%
2026-02-25 11:06:27,103 - lg_cotrain - INFO - Phase 2 epoch 15/17: loss1=0.0588, loss2=0.9544, dev_macro_f1=0.0425, dev_err=76.37%
2026-02-25 11:07:18,872 - lg_cotrain - INFO - Phase 2 epoch 16/17: loss1=0.0592, loss2=0.9275, dev_macro_f1=0.0425, dev_err=76.37%
2026-02-25 11:08:10,633 - lg_cotrain - INFO - Phase 2 epoch 17/17: loss1=0.0600, loss2=0.9078, dev_macro_f1=0.0425, dev_err=76.37%
2026-02-25 11:08:10,633 - lg_cotrain - INFO - === Phase 3: Fine-Tuning ===
2026-02-25 11:08:13,659 - lg_cotrain - INFO - Phase 3 epoch 1: dev_macro_f1=0.0017, dev_err=99.22%, es_counter1=0, es_counter2=0
2026-02-25 11:08:16,618 - lg_cotrain - INFO - Phase 3 epoch 2: dev_macro_f1=0.0017, dev_err=99.22%, es_counter1=1, es_counter2=1
2026-02-25 11:08:19,487 - lg_cotrain - INFO - Phase 3 epoch 3: dev_macro_f1=0.0205, dev_err=89.83%, es_counter1=0, es_counter2=0
2026-02-25 11:08:22,375 - lg_cotrain - INFO - Phase 3 epoch 4: dev_macro_f1=0.0205, dev_err=89.83%, es_counter1=1, es_counter2=1
2026-02-25 11:08:25,321 - lg_cotrain - INFO - Phase 3 epoch 5: dev_macro_f1=0.0109, dev_err=94.84%, es_counter1=2, es_counter2=2
2026-02-25 11:08:28,205 - lg_cotrain - INFO - Phase 3 epoch 6: dev_macro_f1=0.0109, dev_err=94.84%, es_counter1=3, es_counter2=3
2026-02-25 11:08:31,063 - lg_cotrain - INFO - Phase 3 epoch 7: dev_macro_f1=0.0155, dev_err=92.49%, es_counter1=4, es_counter2=4
2026-02-25 11:08:34,071 - lg_cotrain - INFO - Phase 3 epoch 8: dev_macro_f1=0.0425, dev_err=76.37%, es_counter1=0, es_counter2=0
2026-02-25 11:08:36,975 - lg_cotrain - INFO - Phase 3 epoch 9: dev_macro_f1=0.0425, dev_err=76.37%, es_counter1=1, es_counter2=1
2026-02-25 11:08:39,837 - lg_cotrain - INFO - Phase 3 epoch 10: dev_macro_f1=0.0425, dev_err=76.37%, es_counter1=2, es_counter2=2
2026-02-25 11:08:42,718 - lg_cotrain - INFO - Phase 3 epoch 11: dev_macro_f1=0.0205, dev_err=89.83%, es_counter1=3, es_counter2=3
2026-02-25 11:08:45,597 - lg_cotrain - INFO - Phase 3 epoch 12: dev_macro_f1=0.0205, dev_err=89.83%, es_counter1=4, es_counter2=4
2026-02-25 11:08:48,475 - lg_cotrain - INFO - Phase 3 epoch 13: dev_macro_f1=0.0100, dev_err=95.31%, es_counter1=5, es_counter2=5
2026-02-25 11:08:51,354 - lg_cotrain - INFO - Phase 3 epoch 14: dev_macro_f1=0.0205, dev_err=89.83%, es_counter1=6, es_counter2=6
2026-02-25 11:08:54,238 - lg_cotrain - INFO - Phase 3 epoch 15: dev_macro_f1=0.0321, dev_err=83.10%, es_counter1=7, es_counter2=7
2026-02-25 11:08:54,238 - lg_cotrain - INFO - Early stopping at epoch 15
2026-02-25 11:08:54,249 - lg_cotrain - INFO - === Final Evaluation ===
2026-02-25 11:08:59,718 - lg_cotrain - INFO - Results saved to C:\Users\anhtr\AppData\Local\Temp\tmpi11fjrkt\hurricane_florence_2018\25_set2\metrics.json
2026-02-25 11:08:59,718 - lg_cotrain - INFO - Test error rate: 76.39%, Test macro-F1: 0.0424, Test ECE: 0.1071
2026-02-25 11:08:59,729 - lg_cotrain - INFO - --- Trial 1/10 done: dev_macro_f1=0.0425 ---
2026-02-25 11:08:59,730 - lg_cotrain - INFO - --- Trial 2/10 ---
2026-02-25 11:09:00,242 - lg_cotrain - INFO - Starting LG-CoTrain: event=hurricane_florence_2018, budget=25, seed_set=2
2026-02-25 11:09:00,271 - lg_cotrain - INFO - Detected 9 classes for event hurricane_florence_2018: ['caution_and_advice', 'displaced_people_and_evacuations', 'infrastructure_and_utility_damage', 'injured_or_dead_people', 'not_humanitarian', 'other_relevant_information', 'requests_or_urgent_needs', 'rescue_volunteering_or_donation_effort', 'sympathy_and_support']
2026-02-25 11:09:00,277 - lg_cotrain - INFO - D_l1: 117, D_l2: 108, D_LG: 4159
2026-02-25 11:09:00,278 - lg_cotrain - INFO - === Phase 1: Weight Generation ===
2026-02-25 11:09:18,176 - lg_cotrain - INFO - Phase 1 epoch 1/7: mean_prob1=0.1166, mean_prob2=0.1235
2026-02-25 11:09:35,117 - lg_cotrain - INFO - Phase 1 epoch 2/7: mean_prob1=0.1228, mean_prob2=0.1670
2026-02-25 11:09:52,170 - lg_cotrain - INFO - Phase 1 epoch 3/7: mean_prob1=0.1527, mean_prob2=0.2559
2026-02-25 11:10:08,974 - lg_cotrain - INFO - Phase 1 epoch 4/7: mean_prob1=0.3158, mean_prob2=0.4015
2026-02-25 11:10:26,195 - lg_cotrain - INFO - Phase 1 epoch 5/7: mean_prob1=0.3112, mean_prob2=0.4440
2026-02-25 11:10:44,371 - lg_cotrain - INFO - Phase 1 epoch 6/7: mean_prob1=0.4309, mean_prob2=0.4586
2026-02-25 11:11:02,691 - lg_cotrain - INFO - Phase 1 epoch 7/7: mean_prob1=0.4329, mean_prob2=0.4398
2026-02-25 11:11:02,691 - lg_cotrain - INFO - === Phase 2: Co-Training ===
2026-02-25 11:11:03,751 - lg_cotrain - INFO - LR scheduler: total_steps_1=7740, warmup=171; total_steps_2=7640, warmup=169
2026-02-25 11:11:03,752 - lg_cotrain - INFO - Phase 1 done -> seeded Phase 2 trackers. lambda1: mean=0.4329, range=[0.0013, 0.9801]
2026-02-25 11:11:03,753 - lg_cotrain - INFO - Phase 1 done -> seeded Phase 2 trackers. lambda2: mean=0.4398, range=[0.0010, 0.9863]
2026-02-25 11:12:18,667 - lg_cotrain - INFO - Phase 2 epoch 1/12: loss1=0.4130, loss2=0.3568, dev_macro_f1=0.5407, dev_err=37.09%
2026-02-25 11:13:33,708 - lg_cotrain - INFO - Phase 2 epoch 2/12: loss1=0.1002, loss2=0.4320, dev_macro_f1=0.5848, dev_err=29.58%
2026-02-25 11:14:48,645 - lg_cotrain - INFO - Phase 2 epoch 3/12: loss1=0.1023, loss2=0.3124, dev_macro_f1=0.5811, dev_err=27.86%
2026-02-25 11:16:03,498 - lg_cotrain - INFO - Phase 2 epoch 4/12: loss1=0.0734, loss2=0.1817, dev_macro_f1=0.6233, dev_err=24.41%
2026-02-25 11:17:18,504 - lg_cotrain - INFO - Phase 2 epoch 5/12: loss1=0.0445, loss2=0.1844, dev_macro_f1=0.6499, dev_err=23.79%
2026-02-25 11:18:33,319 - lg_cotrain - INFO - Phase 2 epoch 6/12: loss1=0.0576, loss2=0.1420, dev_macro_f1=0.6256, dev_err=25.20%
2026-02-25 11:19:45,668 - lg_cotrain - INFO - Phase 2 epoch 7/12: loss1=0.0639, loss2=0.1146, dev_macro_f1=0.6402, dev_err=23.32%
2026-02-25 11:20:56,272 - lg_cotrain - INFO - Phase 2 epoch 8/12: loss1=0.0435, loss2=0.0849, dev_macro_f1=0.6276, dev_err=24.26%
2026-02-25 11:22:06,769 - lg_cotrain - INFO - Phase 2 epoch 9/12: loss1=0.0321, loss2=0.0449, dev_macro_f1=0.6529, dev_err=22.85%
2026-02-25 11:23:17,504 - lg_cotrain - INFO - Phase 2 epoch 10/12: loss1=0.0383, loss2=0.0369, dev_macro_f1=0.6358, dev_err=23.94%
2026-02-25 11:24:27,368 - lg_cotrain - INFO - Phase 2 epoch 11/12: loss1=0.0235, loss2=0.0191, dev_macro_f1=0.6447, dev_err=23.94%
2026-02-25 11:25:35,919 - lg_cotrain - INFO - Phase 2 epoch 12/12: loss1=0.0202, loss2=0.0173, dev_macro_f1=0.6272, dev_err=24.57%
2026-02-25 11:25:35,919 - lg_cotrain - INFO - === Phase 3: Fine-Tuning ===
2026-02-25 11:25:39,537 - lg_cotrain - INFO - Phase 3 epoch 1: dev_macro_f1=0.6514, dev_err=29.42%, es_counter1=0, es_counter2=0
2026-02-25 11:25:43,151 - lg_cotrain - INFO - Phase 3 epoch 2: dev_macro_f1=0.6737, dev_err=25.20%, es_counter1=0, es_counter2=0
2026-02-25 11:25:46,758 - lg_cotrain - INFO - Phase 3 epoch 3: dev_macro_f1=0.6550, dev_err=28.01%, es_counter1=1, es_counter2=1
2026-02-25 11:25:50,357 - lg_cotrain - INFO - Phase 3 epoch 4: dev_macro_f1=0.6511, dev_err=27.70%, es_counter1=2, es_counter2=2
2026-02-25 11:25:53,956 - lg_cotrain - INFO - Phase 3 epoch 5: dev_macro_f1=0.6603, dev_err=26.76%, es_counter1=3, es_counter2=3
2026-02-25 11:25:57,699 - lg_cotrain - INFO - Phase 3 epoch 6: dev_macro_f1=0.6479, dev_err=29.89%, es_counter1=4, es_counter2=4
2026-02-25 11:26:01,311 - lg_cotrain - INFO - Phase 3 epoch 7: dev_macro_f1=0.6579, dev_err=28.01%, es_counter1=5, es_counter2=5
2026-02-25 11:26:01,311 - lg_cotrain - INFO - Early stopping at epoch 7
2026-02-25 11:26:01,321 - lg_cotrain - INFO - === Final Evaluation ===
2026-02-25 11:26:07,821 - lg_cotrain - INFO - Results saved to C:\Users\anhtr\AppData\Local\Temp\tmputmpl11d\hurricane_florence_2018\25_set2\metrics.json
2026-02-25 11:26:07,821 - lg_cotrain - INFO - Test error rate: 27.32%, Test macro-F1: 0.6511, Test ECE: 0.0626
2026-02-25 11:26:07,830 - lg_cotrain - INFO - --- Trial 2/10 done: dev_macro_f1=0.6737 ---
2026-02-25 11:26:07,830 - lg_cotrain - INFO - --- Trial 3/10 ---
2026-02-25 11:26:08,327 - lg_cotrain - INFO - Starting LG-CoTrain: event=hurricane_florence_2018, budget=25, seed_set=2
2026-02-25 11:26:08,357 - lg_cotrain - INFO - Detected 9 classes for event hurricane_florence_2018: ['caution_and_advice', 'displaced_people_and_evacuations', 'infrastructure_and_utility_damage', 'injured_or_dead_people', 'not_humanitarian', 'other_relevant_information', 'requests_or_urgent_needs', 'rescue_volunteering_or_donation_effort', 'sympathy_and_support']
2026-02-25 11:26:08,364 - lg_cotrain - INFO - D_l1: 117, D_l2: 108, D_LG: 4159
2026-02-25 11:26:08,366 - lg_cotrain - INFO - === Phase 1: Weight Generation ===
2026-02-25 11:26:26,043 - lg_cotrain - INFO - Phase 1 epoch 1/7: mean_prob1=0.1180, mean_prob2=0.1207
2026-02-25 11:26:42,792 - lg_cotrain - INFO - Phase 1 epoch 2/7: mean_prob1=0.1195, mean_prob2=0.1387
2026-02-25 11:26:59,604 - lg_cotrain - INFO - Phase 1 epoch 3/7: mean_prob1=0.1468, mean_prob2=0.1753
2026-02-25 11:27:16,266 - lg_cotrain - INFO - Phase 1 epoch 4/7: mean_prob1=0.1669, mean_prob2=0.2385
2026-02-25 11:27:32,903 - lg_cotrain - INFO - Phase 1 epoch 5/7: mean_prob1=0.1806, mean_prob2=0.3386
2026-02-25 11:27:49,608 - lg_cotrain - INFO - Phase 1 epoch 6/7: mean_prob1=0.2433, mean_prob2=0.3743
2026-02-25 11:28:06,367 - lg_cotrain - INFO - Phase 1 epoch 7/7: mean_prob1=0.2908, mean_prob2=0.4356
2026-02-25 11:28:06,367 - lg_cotrain - INFO - === Phase 2: Co-Training ===
2026-02-25 11:28:07,392 - lg_cotrain - INFO - LR scheduler: total_steps_1=9300, warmup=257; total_steps_2=9200, warmup=254
2026-02-25 11:28:07,393 - lg_cotrain - INFO - Phase 1 done -> seeded Phase 2 trackers. lambda1: mean=0.2908, range=[0.0049, 0.9117]
2026-02-25 11:28:07,393 - lg_cotrain - INFO - Phase 1 done -> seeded Phase 2 trackers. lambda2: mean=0.4356, range=[0.0042, 0.9549]
2026-02-25 11:29:15,737 - lg_cotrain - INFO - Phase 2 epoch 1/15: loss1=0.3801, loss2=0.2766, dev_macro_f1=0.5772, dev_err=31.46%
2026-02-25 11:30:24,451 - lg_cotrain - INFO - Phase 2 epoch 2/15: loss1=0.0760, loss2=0.2837, dev_macro_f1=0.6387, dev_err=24.57%
2026-02-25 11:31:33,185 - lg_cotrain - INFO - Phase 2 epoch 3/15: loss1=0.0429, loss2=0.1596, dev_macro_f1=0.6465, dev_err=22.85%
2026-02-25 11:32:42,292 - lg_cotrain - INFO - Phase 2 epoch 4/15: loss1=0.0327, loss2=0.1152, dev_macro_f1=0.6441, dev_err=23.32%
2026-02-25 11:33:51,575 - lg_cotrain - INFO - Phase 2 epoch 5/15: loss1=0.0372, loss2=0.0660, dev_macro_f1=0.6458, dev_err=24.26%
2026-02-25 11:35:00,523 - lg_cotrain - INFO - Phase 2 epoch 6/15: loss1=0.0267, loss2=0.0588, dev_macro_f1=0.6543, dev_err=23.16%
2026-02-25 11:36:09,330 - lg_cotrain - INFO - Phase 2 epoch 7/15: loss1=0.0267, loss2=0.0506, dev_macro_f1=0.6555, dev_err=23.94%
2026-02-25 11:37:18,226 - lg_cotrain - INFO - Phase 2 epoch 8/15: loss1=0.0194, loss2=0.0293, dev_macro_f1=0.6539, dev_err=23.32%
2026-02-25 11:38:27,070 - lg_cotrain - INFO - Phase 2 epoch 9/15: loss1=0.0198, loss2=0.0384, dev_macro_f1=0.6611, dev_err=22.54%
2026-02-25 11:39:35,816 - lg_cotrain - INFO - Phase 2 epoch 10/15: loss1=0.0145, loss2=0.0132, dev_macro_f1=0.6332, dev_err=24.10%
2026-02-25 11:40:45,006 - lg_cotrain - INFO - Phase 2 epoch 11/15: loss1=0.0170, loss2=0.0093, dev_macro_f1=0.6613, dev_err=22.07%
2026-02-25 11:41:53,713 - lg_cotrain - INFO - Phase 2 epoch 12/15: loss1=0.0093, loss2=0.0116, dev_macro_f1=0.6466, dev_err=24.10%
2026-02-25 11:43:03,684 - lg_cotrain - INFO - Phase 2 epoch 13/15: loss1=0.0084, loss2=0.0049, dev_macro_f1=0.6528, dev_err=23.63%
2026-02-25 11:44:13,125 - lg_cotrain - INFO - Phase 2 epoch 14/15: loss1=0.0084, loss2=0.0055, dev_macro_f1=0.6520, dev_err=23.47%
2026-02-25 11:45:22,863 - lg_cotrain - INFO - Phase 2 epoch 15/15: loss1=0.0039, loss2=0.0040, dev_macro_f1=0.6488, dev_err=24.10%
2026-02-25 11:45:22,864 - lg_cotrain - INFO - === Phase 3: Fine-Tuning ===
2026-02-25 11:45:26,486 - lg_cotrain - INFO - Phase 3 epoch 1: dev_macro_f1=0.6456, dev_err=27.54%, es_counter1=0, es_counter2=0
2026-02-25 11:45:30,115 - lg_cotrain - INFO - Phase 3 epoch 2: dev_macro_f1=0.6507, dev_err=28.95%, es_counter1=0, es_counter2=0
2026-02-25 11:45:33,752 - lg_cotrain - INFO - Phase 3 epoch 3: dev_macro_f1=0.6573, dev_err=28.33%, es_counter1=0, es_counter2=0
2026-02-25 11:45:37,376 - lg_cotrain - INFO - Phase 3 epoch 4: dev_macro_f1=0.6553, dev_err=29.11%, es_counter1=1, es_counter2=1
2026-02-25 11:45:41,003 - lg_cotrain - INFO - Phase 3 epoch 5: dev_macro_f1=0.6583, dev_err=28.64%, es_counter1=0, es_counter2=0
2026-02-25 11:45:44,642 - lg_cotrain - INFO - Phase 3 epoch 6: dev_macro_f1=0.6649, dev_err=28.17%, es_counter1=0, es_counter2=0
2026-02-25 11:45:48,262 - lg_cotrain - INFO - Phase 3 epoch 7: dev_macro_f1=0.6626, dev_err=28.48%, es_counter1=1, es_counter2=1
2026-02-25 11:45:51,867 - lg_cotrain - INFO - Phase 3 epoch 8: dev_macro_f1=0.6613, dev_err=28.64%, es_counter1=2, es_counter2=2
2026-02-25 11:45:55,485 - lg_cotrain - INFO - Phase 3 epoch 9: dev_macro_f1=0.6642, dev_err=28.17%, es_counter1=3, es_counter2=3
2026-02-25 11:45:59,134 - lg_cotrain - INFO - Phase 3 epoch 10: dev_macro_f1=0.6678, dev_err=27.70%, es_counter1=0, es_counter2=0
2026-02-25 11:46:02,764 - lg_cotrain - INFO - Phase 3 epoch 11: dev_macro_f1=0.6660, dev_err=27.86%, es_counter1=1, es_counter2=1
2026-02-25 11:46:06,397 - lg_cotrain - INFO - Phase 3 epoch 12: dev_macro_f1=0.6643, dev_err=27.86%, es_counter1=2, es_counter2=2
2026-02-25 11:46:10,017 - lg_cotrain - INFO - Phase 3 epoch 13: dev_macro_f1=0.6653, dev_err=27.70%, es_counter1=3, es_counter2=3
2026-02-25 11:46:13,638 - lg_cotrain - INFO - Phase 3 epoch 14: dev_macro_f1=0.6626, dev_err=28.01%, es_counter1=4, es_counter2=4
2026-02-25 11:46:17,242 - lg_cotrain - INFO - Phase 3 epoch 15: dev_macro_f1=0.6635, dev_err=27.86%, es_counter1=5, es_counter2=5
2026-02-25 11:46:20,845 - lg_cotrain - INFO - Phase 3 epoch 16: dev_macro_f1=0.6623, dev_err=28.01%, es_counter1=6, es_counter2=6
2026-02-25 11:46:24,441 - lg_cotrain - INFO - Phase 3 epoch 17: dev_macro_f1=0.6636, dev_err=27.86%, es_counter1=7, es_counter2=7
2026-02-25 11:46:28,049 - lg_cotrain - INFO - Phase 3 epoch 18: dev_macro_f1=0.6636, dev_err=27.86%, es_counter1=8, es_counter2=8
2026-02-25 11:46:28,049 - lg_cotrain - INFO - Early stopping at epoch 18
2026-02-25 11:46:28,060 - lg_cotrain - INFO - === Final Evaluation ===
2026-02-25 11:46:34,550 - lg_cotrain - INFO - Results saved to C:\Users\anhtr\AppData\Local\Temp\tmpx7tg94bt\hurricane_florence_2018\25_set2\metrics.json
2026-02-25 11:46:34,550 - lg_cotrain - INFO - Test error rate: 28.53%, Test macro-F1: 0.6653, Test ECE: 0.1219
2026-02-25 11:46:34,562 - lg_cotrain - INFO - --- Trial 3/10 done: dev_macro_f1=0.6678 ---
2026-02-25 11:46:34,562 - lg_cotrain - INFO - --- Trial 4/10 ---
2026-02-25 11:46:35,064 - lg_cotrain - INFO - Starting LG-CoTrain: event=hurricane_florence_2018, budget=25, seed_set=2
2026-02-25 11:46:35,095 - lg_cotrain - INFO - Detected 9 classes for event hurricane_florence_2018: ['caution_and_advice', 'displaced_people_and_evacuations', 'infrastructure_and_utility_damage', 'injured_or_dead_people', 'not_humanitarian', 'other_relevant_information', 'requests_or_urgent_needs', 'rescue_volunteering_or_donation_effort', 'sympathy_and_support']
2026-02-25 11:46:35,102 - lg_cotrain - INFO - D_l1: 117, D_l2: 108, D_LG: 4159
2026-02-25 11:46:35,102 - lg_cotrain - INFO - === Phase 1: Weight Generation ===
2026-02-25 11:46:52,896 - lg_cotrain - INFO - Phase 1 epoch 1/7: mean_prob1=0.1218, mean_prob2=0.1195
2026-02-25 11:47:09,823 - lg_cotrain - INFO - Phase 1 epoch 2/7: mean_prob1=0.1178, mean_prob2=0.1271
2026-02-25 11:47:26,605 - lg_cotrain - INFO - Phase 1 epoch 3/7: mean_prob1=0.1265, mean_prob2=0.1259
2026-02-25 11:47:43,329 - lg_cotrain - INFO - Phase 1 epoch 4/7: mean_prob1=0.1462, mean_prob2=0.1473
2026-02-25 11:48:00,074 - lg_cotrain - INFO - Phase 1 epoch 5/7: mean_prob1=0.1518, mean_prob2=0.1536
2026-02-25 11:48:17,052 - lg_cotrain - INFO - Phase 1 epoch 6/7: mean_prob1=0.1601, mean_prob2=0.1767
2026-02-25 11:48:33,817 - lg_cotrain - INFO - Phase 1 epoch 7/7: mean_prob1=0.1522, mean_prob2=0.2003
2026-02-25 11:48:33,817 - lg_cotrain - INFO - === Phase 2: Co-Training ===
2026-02-25 11:48:34,824 - lg_cotrain - INFO - LR scheduler: total_steps_1=7220, warmup=2159; total_steps_2=7120, warmup=2129
2026-02-25 11:48:34,825 - lg_cotrain - INFO - Phase 1 done -> seeded Phase 2 trackers. lambda1: mean=0.1522, range=[0.0176, 0.5329]
2026-02-25 11:48:34,825 - lg_cotrain - INFO - Phase 1 done -> seeded Phase 2 trackers. lambda2: mean=0.2003, range=[0.0181, 0.6644]
2026-02-25 11:49:44,068 - lg_cotrain - INFO - Phase 2 epoch 1/11: loss1=0.3739, loss2=0.3083, dev_macro_f1=0.3937, dev_err=40.22%
2026-02-25 11:50:52,930 - lg_cotrain - INFO - Phase 2 epoch 2/11: loss1=0.1184, loss2=0.2336, dev_macro_f1=0.5979, dev_err=24.73%
2026-02-25 11:52:01,741 - lg_cotrain - INFO - Phase 2 epoch 3/11: loss1=0.0422, loss2=0.1591, dev_macro_f1=0.6131, dev_err=24.26%
2026-02-25 11:53:10,432 - lg_cotrain - INFO - Phase 2 epoch 4/11: loss1=0.0287, loss2=0.1342, dev_macro_f1=0.6320, dev_err=23.47%
2026-02-25 11:54:19,193 - lg_cotrain - INFO - Phase 2 epoch 5/11: loss1=0.0303, loss2=0.1011, dev_macro_f1=0.6419, dev_err=23.32%
2026-02-25 11:55:28,807 - lg_cotrain - INFO - Phase 2 epoch 6/11: loss1=0.0203, loss2=0.0566, dev_macro_f1=0.6535, dev_err=22.85%
2026-02-25 11:56:38,947 - lg_cotrain - INFO - Phase 2 epoch 7/11: loss1=0.0139, loss2=0.0369, dev_macro_f1=0.6618, dev_err=22.38%
2026-02-25 11:57:47,815 - lg_cotrain - INFO - Phase 2 epoch 8/11: loss1=0.0128, loss2=0.0281, dev_macro_f1=0.6541, dev_err=23.32%
2026-02-25 11:58:56,414 - lg_cotrain - INFO - Phase 2 epoch 9/11: loss1=0.0082, loss2=0.0160, dev_macro_f1=0.6535, dev_err=23.00%
2026-02-25 12:00:06,821 - lg_cotrain - INFO - Phase 2 epoch 10/11: loss1=0.0062, loss2=0.0105, dev_macro_f1=0.6622, dev_err=22.54%
2026-02-25 12:01:16,775 - lg_cotrain - INFO - Phase 2 epoch 11/11: loss1=0.0057, loss2=0.0085, dev_macro_f1=0.6530, dev_err=23.32%
2026-02-25 12:01:16,775 - lg_cotrain - INFO - === Phase 3: Fine-Tuning ===
2026-02-25 12:01:20,426 - lg_cotrain - INFO - Phase 3 epoch 1: dev_macro_f1=0.6579, dev_err=25.04%, es_counter1=0, es_counter2=0
2026-02-25 12:01:24,055 - lg_cotrain - INFO - Phase 3 epoch 2: dev_macro_f1=0.6680, dev_err=23.94%, es_counter1=0, es_counter2=0
2026-02-25 12:01:27,683 - lg_cotrain - INFO - Phase 3 epoch 3: dev_macro_f1=0.6682, dev_err=23.94%, es_counter1=0, es_counter2=0
2026-02-25 12:01:31,326 - lg_cotrain - INFO - Phase 3 epoch 4: dev_macro_f1=0.6725, dev_err=24.26%, es_counter1=0, es_counter2=0
2026-02-25 12:01:34,928 - lg_cotrain - INFO - Phase 3 epoch 5: dev_macro_f1=0.6656, dev_err=25.67%, es_counter1=1, es_counter2=1
2026-02-25 12:01:38,553 - lg_cotrain - INFO - Phase 3 epoch 6: dev_macro_f1=0.6781, dev_err=25.04%, es_counter1=0, es_counter2=0
2026-02-25 12:01:42,154 - lg_cotrain - INFO - Phase 3 epoch 7: dev_macro_f1=0.6770, dev_err=25.20%, es_counter1=1, es_counter2=1
2026-02-25 12:01:45,758 - lg_cotrain - INFO - Phase 3 epoch 8: dev_macro_f1=0.6724, dev_err=25.51%, es_counter1=2, es_counter2=2
2026-02-25 12:01:49,363 - lg_cotrain - INFO - Phase 3 epoch 9: dev_macro_f1=0.6745, dev_err=25.04%, es_counter1=3, es_counter2=3
2026-02-25 12:01:52,964 - lg_cotrain - INFO - Phase 3 epoch 10: dev_macro_f1=0.6723, dev_err=25.35%, es_counter1=4, es_counter2=4
2026-02-25 12:01:56,562 - lg_cotrain - INFO - Phase 3 epoch 11: dev_macro_f1=0.6726, dev_err=25.04%, es_counter1=5, es_counter2=5
2026-02-25 12:02:00,175 - lg_cotrain - INFO - Phase 3 epoch 12: dev_macro_f1=0.6751, dev_err=24.88%, es_counter1=6, es_counter2=6
2026-02-25 12:02:03,788 - lg_cotrain - INFO - Phase 3 epoch 13: dev_macro_f1=0.6773, dev_err=24.88%, es_counter1=7, es_counter2=7
2026-02-25 12:02:07,444 - lg_cotrain - INFO - Phase 3 epoch 14: dev_macro_f1=0.6845, dev_err=24.57%, es_counter1=0, es_counter2=0
2026-02-25 12:02:11,063 - lg_cotrain - INFO - Phase 3 epoch 15: dev_macro_f1=0.6834, dev_err=24.73%, es_counter1=1, es_counter2=1
2026-02-25 12:02:14,680 - lg_cotrain - INFO - Phase 3 epoch 16: dev_macro_f1=0.6835, dev_err=24.73%, es_counter1=2, es_counter2=2
2026-02-25 12:02:18,308 - lg_cotrain - INFO - Phase 3 epoch 17: dev_macro_f1=0.6814, dev_err=25.04%, es_counter1=3, es_counter2=3
2026-02-25 12:02:21,916 - lg_cotrain - INFO - Phase 3 epoch 18: dev_macro_f1=0.6814, dev_err=25.04%, es_counter1=4, es_counter2=4
2026-02-25 12:02:25,515 - lg_cotrain - INFO - Phase 3 epoch 19: dev_macro_f1=0.6839, dev_err=24.73%, es_counter1=5, es_counter2=5
2026-02-25 12:02:29,124 - lg_cotrain - INFO - Phase 3 epoch 20: dev_macro_f1=0.6825, dev_err=24.88%, es_counter1=6, es_counter2=6
2026-02-25 12:02:33,011 - lg_cotrain - INFO - Phase 3 epoch 21: dev_macro_f1=0.6825, dev_err=24.88%, es_counter1=7, es_counter2=7
2026-02-25 12:02:36,622 - lg_cotrain - INFO - Phase 3 epoch 22: dev_macro_f1=0.6799, dev_err=25.20%, es_counter1=8, es_counter2=8
2026-02-25 12:02:40,229 - lg_cotrain - INFO - Phase 3 epoch 23: dev_macro_f1=0.6778, dev_err=25.51%, es_counter1=9, es_counter2=9
2026-02-25 12:02:43,823 - lg_cotrain - INFO - Phase 3 epoch 24: dev_macro_f1=0.6806, dev_err=25.35%, es_counter1=10, es_counter2=10
2026-02-25 12:02:43,823 - lg_cotrain - INFO - Early stopping at epoch 24
2026-02-25 12:02:43,834 - lg_cotrain - INFO - === Final Evaluation ===
2026-02-25 12:02:50,455 - lg_cotrain - INFO - Results saved to C:\Users\anhtr\AppData\Local\Temp\tmp6eav7_ah\hurricane_florence_2018\25_set2\metrics.json
2026-02-25 12:02:50,456 - lg_cotrain - INFO - Test error rate: 25.54%, Test macro-F1: 0.6754, Test ECE: 0.1062
2026-02-25 12:02:50,468 - lg_cotrain - INFO - --- Trial 4/10 done: dev_macro_f1=0.6845 ---
2026-02-25 12:02:50,469 - lg_cotrain - INFO - --- Trial 5/10 ---
2026-02-25 12:02:50,986 - lg_cotrain - INFO - Starting LG-CoTrain: event=hurricane_florence_2018, budget=25, seed_set=2
2026-02-25 12:02:51,020 - lg_cotrain - INFO - Detected 9 classes for event hurricane_florence_2018: ['caution_and_advice', 'displaced_people_and_evacuations', 'infrastructure_and_utility_damage', 'injured_or_dead_people', 'not_humanitarian', 'other_relevant_information', 'requests_or_urgent_needs', 'rescue_volunteering_or_donation_effort', 'sympathy_and_support']
2026-02-25 12:02:51,026 - lg_cotrain - INFO - D_l1: 117, D_l2: 108, D_LG: 4159
2026-02-25 12:02:51,027 - lg_cotrain - INFO - === Phase 1: Weight Generation ===
2026-02-25 12:03:05,506 - lg_cotrain - INFO - Phase 1 epoch 1/7: mean_prob1=0.0995, mean_prob2=0.1160
2026-02-25 12:03:19,112 - lg_cotrain - INFO - Phase 1 epoch 2/7: mean_prob1=0.1348, mean_prob2=0.1324
2026-02-25 12:03:32,638 - lg_cotrain - INFO - Phase 1 epoch 3/7: mean_prob1=0.1333, mean_prob2=0.1455
2026-02-25 12:03:46,139 - lg_cotrain - INFO - Phase 1 epoch 4/7: mean_prob1=0.1583, mean_prob2=0.1880
2026-02-25 12:03:59,598 - lg_cotrain - INFO - Phase 1 epoch 5/7: mean_prob1=0.1954, mean_prob2=0.2687
2026-02-25 12:04:13,436 - lg_cotrain - INFO - Phase 1 epoch 6/7: mean_prob1=0.2147, mean_prob2=0.3121
2026-02-25 12:04:27,214 - lg_cotrain - INFO - Phase 1 epoch 7/7: mean_prob1=0.2221, mean_prob2=0.3671
2026-02-25 12:04:27,214 - lg_cotrain - INFO - === Phase 2: Co-Training ===
2026-02-25 12:04:28,195 - lg_cotrain - INFO - LR scheduler: total_steps_1=1435, warmup=274; total_steps_2=1435, warmup=274
2026-02-25 12:04:28,196 - lg_cotrain - INFO - Phase 1 done -> seeded Phase 2 trackers. lambda1: mean=0.2221, range=[0.0044, 0.7999]
2026-02-25 12:04:28,196 - lg_cotrain - INFO - Phase 1 done -> seeded Phase 2 trackers. lambda2: mean=0.3671, range=[0.0022, 0.9697]
2026-02-25 12:05:16,901 - lg_cotrain - INFO - Phase 2 epoch 1/19: loss1=0.5527, loss2=0.3533, dev_macro_f1=0.5742, dev_err=29.58%
2026-02-25 12:06:05,547 - lg_cotrain - INFO - Phase 2 epoch 2/19: loss1=0.0686, loss2=0.2192, dev_macro_f1=0.6144, dev_err=25.20%
2026-02-25 12:06:55,678 - lg_cotrain - INFO - Phase 2 epoch 3/19: loss1=0.0668, loss2=0.1999, dev_macro_f1=0.6168, dev_err=24.41%
2026-02-25 12:07:45,328 - lg_cotrain - INFO - Phase 2 epoch 4/19: loss1=0.1066, loss2=0.2455, dev_macro_f1=0.5860, dev_err=28.33%
2026-02-25 12:08:34,305 - lg_cotrain - INFO - Phase 2 epoch 5/19: loss1=0.1815, loss2=0.2933, dev_macro_f1=0.5896, dev_err=27.86%
2026-02-25 12:09:23,555 - lg_cotrain - INFO - Phase 2 epoch 6/19: loss1=0.2019, loss2=0.2806, dev_macro_f1=0.6123, dev_err=25.98%
2026-02-25 12:10:12,818 - lg_cotrain - INFO - Phase 2 epoch 7/19: loss1=0.3630, loss2=0.3134, dev_macro_f1=0.5634, dev_err=31.46%
2026-02-25 12:11:01,734 - lg_cotrain - INFO - Phase 2 epoch 8/19: loss1=0.7930, loss2=0.3671, dev_macro_f1=0.5281, dev_err=32.39%
2026-02-25 12:11:50,412 - lg_cotrain - INFO - Phase 2 epoch 9/19: loss1=0.8672, loss2=0.3856, dev_macro_f1=0.3852, dev_err=51.33%
2026-02-25 12:12:38,964 - lg_cotrain - INFO - Phase 2 epoch 10/19: loss1=0.8214, loss2=0.3739, dev_macro_f1=0.5764, dev_err=28.48%
2026-02-25 12:13:28,259 - lg_cotrain - INFO - Phase 2 epoch 11/19: loss1=0.8373, loss2=0.4291, dev_macro_f1=0.5570, dev_err=30.36%
2026-02-25 12:14:17,312 - lg_cotrain - INFO - Phase 2 epoch 12/19: loss1=0.8520, loss2=0.4963, dev_macro_f1=0.3644, dev_err=42.88%
2026-02-25 12:15:05,887 - lg_cotrain - INFO - Phase 2 epoch 13/19: loss1=0.8052, loss2=0.4753, dev_macro_f1=0.5552, dev_err=32.39%
2026-02-25 12:15:55,900 - lg_cotrain - INFO - Phase 2 epoch 14/19: loss1=0.8149, loss2=0.2248, dev_macro_f1=0.5859, dev_err=29.11%
2026-02-25 12:16:45,092 - lg_cotrain - INFO - Phase 2 epoch 15/19: loss1=0.8346, loss2=0.1435, dev_macro_f1=0.5780, dev_err=29.89%
2026-02-25 12:17:33,656 - lg_cotrain - INFO - Phase 2 epoch 16/19: loss1=0.8573, loss2=0.1102, dev_macro_f1=0.5867, dev_err=28.17%
2026-02-25 12:18:22,357 - lg_cotrain - INFO - Phase 2 epoch 17/19: loss1=0.8798, loss2=0.0814, dev_macro_f1=0.5382, dev_err=35.05%
2026-02-25 12:19:11,260 - lg_cotrain - INFO - Phase 2 epoch 18/19: loss1=0.8882, loss2=0.0828, dev_macro_f1=0.6104, dev_err=26.60%
2026-02-25 12:20:00,622 - lg_cotrain - INFO - Phase 2 epoch 19/19: loss1=0.9075, loss2=0.1553, dev_macro_f1=0.4471, dev_err=36.62%
2026-02-25 12:20:00,624 - lg_cotrain - INFO - === Phase 3: Fine-Tuning ===
2026-02-25 12:20:03,392 - lg_cotrain - INFO - Phase 3 epoch 1: dev_macro_f1=0.4470, dev_err=36.62%, es_counter1=0, es_counter2=0
2026-02-25 12:20:06,152 - lg_cotrain - INFO - Phase 3 epoch 2: dev_macro_f1=0.4618, dev_err=35.84%, es_counter1=0, es_counter2=0
2026-02-25 12:20:08,903 - lg_cotrain - INFO - Phase 3 epoch 3: dev_macro_f1=0.4253, dev_err=43.04%, es_counter1=1, es_counter2=1
2026-02-25 12:20:11,682 - lg_cotrain - INFO - Phase 3 epoch 4: dev_macro_f1=0.3574, dev_err=53.52%, es_counter1=2, es_counter2=2
2026-02-25 12:20:14,697 - lg_cotrain - INFO - Phase 3 epoch 5: dev_macro_f1=0.2859, dev_err=61.82%, es_counter1=3, es_counter2=3
2026-02-25 12:20:17,701 - lg_cotrain - INFO - Phase 3 epoch 6: dev_macro_f1=0.2441, dev_err=65.88%, es_counter1=4, es_counter2=4
2026-02-25 12:20:20,552 - lg_cotrain - INFO - Phase 3 epoch 7: dev_macro_f1=0.2551, dev_err=64.63%, es_counter1=5, es_counter2=5
2026-02-25 12:20:23,332 - lg_cotrain - INFO - Phase 3 epoch 8: dev_macro_f1=0.2412, dev_err=64.32%, es_counter1=6, es_counter2=6
2026-02-25 12:20:23,332 - lg_cotrain - INFO - Early stopping at epoch 8
2026-02-25 12:20:23,343 - lg_cotrain - INFO - === Final Evaluation ===
2026-02-25 12:20:28,697 - lg_cotrain - INFO - Results saved to C:\Users\anhtr\AppData\Local\Temp\tmp89dade7w\hurricane_florence_2018\25_set2\metrics.json
2026-02-25 12:20:28,697 - lg_cotrain - INFO - Test error rate: 36.99%, Test macro-F1: 0.4498, Test ECE: 0.1686
2026-02-25 12:20:28,708 - lg_cotrain - INFO - --- Trial 5/10 done: dev_macro_f1=0.4618 ---
2026-02-25 12:20:28,709 - lg_cotrain - INFO - --- Trial 6/10 ---
2026-02-25 12:20:29,226 - lg_cotrain - INFO - Starting LG-CoTrain: event=hurricane_florence_2018, budget=25, seed_set=2
2026-02-25 12:20:29,268 - lg_cotrain - INFO - Detected 9 classes for event hurricane_florence_2018: ['caution_and_advice', 'displaced_people_and_evacuations', 'infrastructure_and_utility_damage', 'injured_or_dead_people', 'not_humanitarian', 'other_relevant_information', 'requests_or_urgent_needs', 'rescue_volunteering_or_donation_effort', 'sympathy_and_support']
2026-02-25 12:20:29,275 - lg_cotrain - INFO - D_l1: 117, D_l2: 108, D_LG: 4159
2026-02-25 12:20:29,276 - lg_cotrain - INFO - === Phase 1: Weight Generation ===
2026-02-25 12:20:44,043 - lg_cotrain - INFO - Phase 1 epoch 1/7: mean_prob1=0.1180, mean_prob2=0.1130
2026-02-25 12:20:57,522 - lg_cotrain - INFO - Phase 1 epoch 2/7: mean_prob1=0.1154, mean_prob2=0.1130
2026-02-25 12:21:11,076 - lg_cotrain - INFO - Phase 1 epoch 3/7: mean_prob1=0.1083, mean_prob2=0.1114
2026-02-25 12:21:24,564 - lg_cotrain - INFO - Phase 1 epoch 4/7: mean_prob1=0.1161, mean_prob2=0.1057
2026-02-25 12:21:38,246 - lg_cotrain - INFO - Phase 1 epoch 5/7: mean_prob1=0.1177, mean_prob2=0.1156
2026-02-25 12:21:51,871 - lg_cotrain - INFO - Phase 1 epoch 6/7: mean_prob1=0.1142, mean_prob2=0.1112
2026-02-25 12:22:05,425 - lg_cotrain - INFO - Phase 1 epoch 7/7: mean_prob1=0.1080, mean_prob2=0.1109
2026-02-25 12:22:05,425 - lg_cotrain - INFO - === Phase 2: Co-Training ===
2026-02-25 12:22:06,475 - lg_cotrain - INFO - LR scheduler: total_steps_1=850, warmup=30; total_steps_2=850, warmup=30
2026-02-25 12:22:06,476 - lg_cotrain - INFO - Phase 1 done -> seeded Phase 2 trackers. lambda1: mean=0.1080, range=[0.0659, 0.1586]
2026-02-25 12:22:06,476 - lg_cotrain - INFO - Phase 1 done -> seeded Phase 2 trackers. lambda2: mean=0.1109, range=[0.0812, 0.1505]
2026-02-25 12:22:54,864 - lg_cotrain - INFO - Phase 2 epoch 1/10: loss1=0.1606, loss2=0.2123, dev_macro_f1=0.3801, dev_err=42.57%
2026-02-25 12:23:43,119 - lg_cotrain - INFO - Phase 2 epoch 2/10: loss1=0.1662, loss2=0.8288, dev_macro_f1=0.0385, dev_err=79.03%
2026-02-25 12:24:31,299 - lg_cotrain - INFO - Phase 2 epoch 3/10: loss1=0.1393, loss2=0.7300, dev_macro_f1=0.0425, dev_err=76.37%
2026-02-25 12:25:19,618 - lg_cotrain - INFO - Phase 2 epoch 4/10: loss1=0.1350, loss2=0.6654, dev_macro_f1=0.0385, dev_err=79.03%
2026-02-25 12:26:07,805 - lg_cotrain - INFO - Phase 2 epoch 5/10: loss1=0.1357, loss2=0.6257, dev_macro_f1=0.0425, dev_err=76.37%
2026-02-25 12:26:55,937 - lg_cotrain - INFO - Phase 2 epoch 6/10: loss1=0.1415, loss2=0.5929, dev_macro_f1=0.0425, dev_err=76.37%
2026-02-25 12:27:44,234 - lg_cotrain - INFO - Phase 2 epoch 7/10: loss1=0.1456, loss2=0.5723, dev_macro_f1=0.0425, dev_err=76.37%
2026-02-25 12:28:32,444 - lg_cotrain - INFO - Phase 2 epoch 8/10: loss1=0.1480, loss2=0.5570, dev_macro_f1=0.0385, dev_err=79.03%
2026-02-25 12:29:20,627 - lg_cotrain - INFO - Phase 2 epoch 9/10: loss1=0.1506, loss2=0.5424, dev_macro_f1=0.0425, dev_err=76.37%
2026-02-25 12:30:08,837 - lg_cotrain - INFO - Phase 2 epoch 10/10: loss1=0.1537, loss2=0.5220, dev_macro_f1=0.0425, dev_err=76.37%
2026-02-25 12:30:08,838 - lg_cotrain - INFO - === Phase 3: Fine-Tuning ===
2026-02-25 12:30:11,558 - lg_cotrain - INFO - Phase 3 epoch 1: dev_macro_f1=0.0425, dev_err=76.37%, es_counter1=0, es_counter2=0
2026-02-25 12:30:14,239 - lg_cotrain - INFO - Phase 3 epoch 2: dev_macro_f1=0.0425, dev_err=76.37%, es_counter1=1, es_counter2=1
2026-02-25 12:30:16,935 - lg_cotrain - INFO - Phase 3 epoch 3: dev_macro_f1=0.0155, dev_err=92.49%, es_counter1=2, es_counter2=2
2026-02-25 12:30:19,627 - lg_cotrain - INFO - Phase 3 epoch 4: dev_macro_f1=0.0155, dev_err=92.49%, es_counter1=3, es_counter2=3
2026-02-25 12:30:22,318 - lg_cotrain - INFO - Phase 3 epoch 5: dev_macro_f1=0.0205, dev_err=89.83%, es_counter1=4, es_counter2=4
2026-02-25 12:30:25,015 - lg_cotrain - INFO - Phase 3 epoch 6: dev_macro_f1=0.0017, dev_err=99.22%, es_counter1=5, es_counter2=5
2026-02-25 12:30:27,720 - lg_cotrain - INFO - Phase 3 epoch 7: dev_macro_f1=0.0017, dev_err=99.22%, es_counter1=6, es_counter2=6
2026-02-25 12:30:30,414 - lg_cotrain - INFO - Phase 3 epoch 8: dev_macro_f1=0.0017, dev_err=99.22%, es_counter1=7, es_counter2=7
2026-02-25 12:30:30,414 - lg_cotrain - INFO - Early stopping at epoch 8
2026-02-25 12:30:30,430 - lg_cotrain - INFO - === Final Evaluation ===
2026-02-25 12:30:35,694 - lg_cotrain - INFO - Results saved to C:\Users\anhtr\AppData\Local\Temp\tmpeym8ndy7\hurricane_florence_2018\25_set2\metrics.json
2026-02-25 12:30:35,694 - lg_cotrain - INFO - Test error rate: 76.39%, Test macro-F1: 0.0424, Test ECE: 0.0782
2026-02-25 12:30:35,703 - lg_cotrain - INFO - --- Trial 6/10 done: dev_macro_f1=0.0425 ---
2026-02-25 12:30:35,704 - lg_cotrain - INFO - --- Trial 7/10 ---
2026-02-25 12:30:36,241 - lg_cotrain - INFO - Starting LG-CoTrain: event=hurricane_florence_2018, budget=25, seed_set=2
2026-02-25 12:30:36,317 - lg_cotrain - INFO - Detected 9 classes for event hurricane_florence_2018: ['caution_and_advice', 'displaced_people_and_evacuations', 'infrastructure_and_utility_damage', 'injured_or_dead_people', 'not_humanitarian', 'other_relevant_information', 'requests_or_urgent_needs', 'rescue_volunteering_or_donation_effort', 'sympathy_and_support']
2026-02-25 12:30:36,327 - lg_cotrain - INFO - D_l1: 117, D_l2: 108, D_LG: 4159
2026-02-25 12:30:36,329 - lg_cotrain - INFO - === Phase 1: Weight Generation ===
2026-02-25 12:30:54,645 - lg_cotrain - INFO - Phase 1 epoch 1/7: mean_prob1=0.1205, mean_prob2=0.1201
2026-02-25 12:31:11,519 - lg_cotrain - INFO - Phase 1 epoch 2/7: mean_prob1=0.1113, mean_prob2=0.1512
2026-02-25 12:31:28,313 - lg_cotrain - INFO - Phase 1 epoch 3/7: mean_prob1=0.1390, mean_prob2=0.1497
2026-02-25 12:31:45,081 - lg_cotrain - INFO - Phase 1 epoch 4/7: mean_prob1=0.2107, mean_prob2=0.3123
2026-02-25 12:32:02,002 - lg_cotrain - INFO - Phase 1 epoch 5/7: mean_prob1=0.2201, mean_prob2=0.3327
2026-02-25 12:32:18,855 - lg_cotrain - INFO - Phase 1 epoch 6/7: mean_prob1=0.2854, mean_prob2=0.3369
2026-02-25 12:32:35,699 - lg_cotrain - INFO - Phase 1 epoch 7/7: mean_prob1=0.3153, mean_prob2=0.3123
2026-02-25 12:32:35,699 - lg_cotrain - INFO - === Phase 2: Co-Training ===
2026-02-25 12:32:36,706 - lg_cotrain - INFO - LR scheduler: total_steps_1=4620, warmup=743; total_steps_2=4520, warmup=727
2026-02-25 12:32:36,706 - lg_cotrain - INFO - Phase 1 done -> seeded Phase 2 trackers. lambda1: mean=0.3153, range=[0.0009, 0.9688]
2026-02-25 12:32:36,706 - lg_cotrain - INFO - Phase 1 done -> seeded Phase 2 trackers. lambda2: mean=0.3123, range=[0.0003, 0.9888]
2026-02-25 12:33:45,826 - lg_cotrain - INFO - Phase 2 epoch 1/6: loss1=0.3274, loss2=0.2804, dev_macro_f1=0.4861, dev_err=41.78%
2026-02-25 12:34:54,414 - lg_cotrain - INFO - Phase 2 epoch 2/6: loss1=0.1886, loss2=1.0367, dev_macro_f1=0.0207, dev_err=89.83%
2026-02-25 12:36:02,946 - lg_cotrain - INFO - Phase 2 epoch 3/6: loss1=0.1749, loss2=1.0496, dev_macro_f1=0.0425, dev_err=76.37%
2026-02-25 12:37:12,038 - lg_cotrain - INFO - Phase 2 epoch 4/6: loss1=0.1061, loss2=0.9446, dev_macro_f1=0.0425, dev_err=76.37%
2026-02-25 12:38:21,722 - lg_cotrain - INFO - Phase 2 epoch 5/6: loss1=0.0745, loss2=0.8697, dev_macro_f1=0.0425, dev_err=76.37%
2026-02-25 12:39:31,855 - lg_cotrain - INFO - Phase 2 epoch 6/6: loss1=0.0666, loss2=0.8159, dev_macro_f1=0.0425, dev_err=76.37%
2026-02-25 12:39:31,856 - lg_cotrain - INFO - === Phase 3: Fine-Tuning ===
2026-02-25 12:39:35,458 - lg_cotrain - INFO - Phase 3 epoch 1: dev_macro_f1=0.0017, dev_err=99.22%, es_counter1=0, es_counter2=0
2026-02-25 12:39:39,069 - lg_cotrain - INFO - Phase 3 epoch 2: dev_macro_f1=0.0385, dev_err=79.03%, es_counter1=0, es_counter2=0
2026-02-25 12:39:42,657 - lg_cotrain - INFO - Phase 3 epoch 3: dev_macro_f1=0.0205, dev_err=89.83%, es_counter1=1, es_counter2=1
2026-02-25 12:39:46,245 - lg_cotrain - INFO - Phase 3 epoch 4: dev_macro_f1=0.0425, dev_err=76.37%, es_counter1=0, es_counter2=0
2026-02-25 12:39:49,948 - lg_cotrain - INFO - Phase 3 epoch 5: dev_macro_f1=0.0017, dev_err=99.22%, es_counter1=1, es_counter2=1
2026-02-25 12:39:53,526 - lg_cotrain - INFO - Phase 3 epoch 6: dev_macro_f1=0.0425, dev_err=76.37%, es_counter1=2, es_counter2=2
2026-02-25 12:39:57,106 - lg_cotrain - INFO - Phase 3 epoch 7: dev_macro_f1=0.0109, dev_err=94.84%, es_counter1=3, es_counter2=3
2026-02-25 12:40:00,757 - lg_cotrain - INFO - Phase 3 epoch 8: dev_macro_f1=0.0100, dev_err=95.31%, es_counter1=4, es_counter2=4
2026-02-25 12:40:00,757 - lg_cotrain - INFO - Early stopping at epoch 8
2026-02-25 12:40:00,767 - lg_cotrain - INFO - === Final Evaluation ===
2026-02-25 12:40:07,276 - lg_cotrain - INFO - Results saved to C:\Users\anhtr\AppData\Local\Temp\tmpav89k50i\hurricane_florence_2018\25_set2\metrics.json
2026-02-25 12:40:07,276 - lg_cotrain - INFO - Test error rate: 76.39%, Test macro-F1: 0.0424, Test ECE: 0.1113
2026-02-25 12:40:07,287 - lg_cotrain - INFO - --- Trial 7/10 done: dev_macro_f1=0.0425 ---
2026-02-25 12:40:07,287 - lg_cotrain - INFO - --- Trial 8/10 ---
2026-02-25 12:40:07,799 - lg_cotrain - INFO - Starting LG-CoTrain: event=hurricane_florence_2018, budget=25, seed_set=2
2026-02-25 12:40:07,840 - lg_cotrain - INFO - Detected 9 classes for event hurricane_florence_2018: ['caution_and_advice', 'displaced_people_and_evacuations', 'infrastructure_and_utility_damage', 'injured_or_dead_people', 'not_humanitarian', 'other_relevant_information', 'requests_or_urgent_needs', 'rescue_volunteering_or_donation_effort', 'sympathy_and_support']
2026-02-25 12:40:07,849 - lg_cotrain - INFO - D_l1: 117, D_l2: 108, D_LG: 4159
2026-02-25 12:40:07,851 - lg_cotrain - INFO - === Phase 1: Weight Generation ===
2026-02-25 12:40:22,421 - lg_cotrain - INFO - Phase 1 epoch 1/7: mean_prob1=0.1177, mean_prob2=0.1160
2026-02-25 12:40:36,174 - lg_cotrain - INFO - Phase 1 epoch 2/7: mean_prob1=0.1158, mean_prob2=0.1171
2026-02-25 12:40:49,725 - lg_cotrain - INFO - Phase 1 epoch 3/7: mean_prob1=0.1171, mean_prob2=0.1209
2026-02-25 12:41:03,254 - lg_cotrain - INFO - Phase 1 epoch 4/7: mean_prob1=0.1212, mean_prob2=0.1233
2026-02-25 12:41:16,798 - lg_cotrain - INFO - Phase 1 epoch 5/7: mean_prob1=0.1339, mean_prob2=0.1276
2026-02-25 12:41:30,477 - lg_cotrain - INFO - Phase 1 epoch 6/7: mean_prob1=0.1344, mean_prob2=0.1277
2026-02-25 12:41:44,379 - lg_cotrain - INFO - Phase 1 epoch 7/7: mean_prob1=0.1375, mean_prob2=0.1386
2026-02-25 12:41:44,379 - lg_cotrain - INFO - === Phase 2: Co-Training ===
2026-02-25 12:41:45,407 - lg_cotrain - INFO - LR scheduler: total_steps_1=915, warmup=1; total_steps_2=915, warmup=1
2026-02-25 12:41:45,407 - lg_cotrain - INFO - Phase 1 done -> seeded Phase 2 trackers. lambda1: mean=0.1375, range=[0.0265, 0.3162]
2026-02-25 12:41:45,407 - lg_cotrain - INFO - Phase 1 done -> seeded Phase 2 trackers. lambda2: mean=0.1386, range=[0.0348, 0.3167]
2026-02-25 12:42:34,423 - lg_cotrain - INFO - Phase 2 epoch 1/11: loss1=0.1796, loss2=0.2136, dev_macro_f1=0.6013, dev_err=24.73%
2026-02-25 12:43:22,729 - lg_cotrain - INFO - Phase 2 epoch 2/11: loss1=0.0461, loss2=0.2011, dev_macro_f1=0.6161, dev_err=24.10%
2026-02-25 12:44:11,062 - lg_cotrain - INFO - Phase 2 epoch 3/11: loss1=0.0219, loss2=0.1426, dev_macro_f1=0.6248, dev_err=23.16%
2026-02-25 12:44:59,352 - lg_cotrain - INFO - Phase 2 epoch 4/11: loss1=0.0159, loss2=0.0890, dev_macro_f1=0.6381, dev_err=23.79%
2026-02-25 12:45:47,707 - lg_cotrain - INFO - Phase 2 epoch 5/11: loss1=0.0176, loss2=0.0501, dev_macro_f1=0.6452, dev_err=22.85%
2026-02-25 12:46:36,146 - lg_cotrain - INFO - Phase 2 epoch 6/11: loss1=0.0176, loss2=0.0322, dev_macro_f1=0.6431, dev_err=24.10%
2026-02-25 12:47:24,574 - lg_cotrain - INFO - Phase 2 epoch 7/11: loss1=0.0078, loss2=0.0182, dev_macro_f1=0.6450, dev_err=23.47%
2026-02-25 12:48:12,904 - lg_cotrain - INFO - Phase 2 epoch 8/11: loss1=0.0073, loss2=0.0133, dev_macro_f1=0.6468, dev_err=23.63%
2026-02-25 12:49:01,243 - lg_cotrain - INFO - Phase 2 epoch 9/11: loss1=0.0062, loss2=0.0108, dev_macro_f1=0.6560, dev_err=23.32%
2026-02-25 12:49:49,622 - lg_cotrain - INFO - Phase 2 epoch 10/11: loss1=0.0054, loss2=0.0091, dev_macro_f1=0.6585, dev_err=22.54%
2026-02-25 12:50:37,991 - lg_cotrain - INFO - Phase 2 epoch 11/11: loss1=0.0039, loss2=0.0080, dev_macro_f1=0.6594, dev_err=23.00%
2026-02-25 12:50:37,992 - lg_cotrain - INFO - === Phase 3: Fine-Tuning ===
2026-02-25 12:50:40,722 - lg_cotrain - INFO - Phase 3 epoch 1: dev_macro_f1=0.6632, dev_err=23.16%, es_counter1=0, es_counter2=0
2026-02-25 12:50:43,434 - lg_cotrain - INFO - Phase 3 epoch 2: dev_macro_f1=0.6571, dev_err=24.26%, es_counter1=1, es_counter2=1
2026-02-25 12:50:46,148 - lg_cotrain - INFO - Phase 3 epoch 3: dev_macro_f1=0.6504, dev_err=25.82%, es_counter1=2, es_counter2=2
2026-02-25 12:50:48,866 - lg_cotrain - INFO - Phase 3 epoch 4: dev_macro_f1=0.6498, dev_err=26.60%, es_counter1=3, es_counter2=3
2026-02-25 12:50:51,580 - lg_cotrain - INFO - Phase 3 epoch 5: dev_macro_f1=0.6566, dev_err=25.98%, es_counter1=4, es_counter2=4
2026-02-25 12:50:54,292 - lg_cotrain - INFO - Phase 3 epoch 6: dev_macro_f1=0.6625, dev_err=25.20%, es_counter1=5, es_counter2=5
2026-02-25 12:50:54,292 - lg_cotrain - INFO - Early stopping at epoch 6
2026-02-25 12:50:54,307 - lg_cotrain - INFO - === Final Evaluation ===
2026-02-25 12:50:59,639 - lg_cotrain - INFO - Results saved to C:\Users\anhtr\AppData\Local\Temp\tmpvui9qbwf\hurricane_florence_2018\25_set2\metrics.json
2026-02-25 12:50:59,639 - lg_cotrain - INFO - Test error rate: 25.06%, Test macro-F1: 0.6450, Test ECE: 0.1921
2026-02-25 12:50:59,651 - lg_cotrain - INFO - --- Trial 8/10 done: dev_macro_f1=0.6632 ---
2026-02-25 12:50:59,651 - lg_cotrain - INFO - --- Trial 9/10 ---
2026-02-25 12:51:00,182 - lg_cotrain - INFO - Starting LG-CoTrain: event=hurricane_florence_2018, budget=25, seed_set=2
2026-02-25 12:51:00,255 - lg_cotrain - INFO - Detected 9 classes for event hurricane_florence_2018: ['caution_and_advice', 'displaced_people_and_evacuations', 'infrastructure_and_utility_damage', 'injured_or_dead_people', 'not_humanitarian', 'other_relevant_information', 'requests_or_urgent_needs', 'rescue_volunteering_or_donation_effort', 'sympathy_and_support']
2026-02-25 12:51:00,265 - lg_cotrain - INFO - D_l1: 117, D_l2: 108, D_LG: 4159
2026-02-25 12:51:00,267 - lg_cotrain - INFO - === Phase 1: Weight Generation ===
2026-02-25 12:51:14,846 - lg_cotrain - INFO - Phase 1 epoch 1/7: mean_prob1=0.1088, mean_prob2=0.1148
2026-02-25 12:51:28,464 - lg_cotrain - INFO - Phase 1 epoch 2/7: mean_prob1=0.1292, mean_prob2=0.1213
2026-02-25 12:51:41,958 - lg_cotrain - INFO - Phase 1 epoch 3/7: mean_prob1=0.1253, mean_prob2=0.1302
2026-02-25 12:51:55,419 - lg_cotrain - INFO - Phase 1 epoch 4/7: mean_prob1=0.1538, mean_prob2=0.1687
2026-02-25 12:52:08,953 - lg_cotrain - INFO - Phase 1 epoch 5/7: mean_prob1=0.1879, mean_prob2=0.1667
2026-02-25 12:52:22,579 - lg_cotrain - INFO - Phase 1 epoch 6/7: mean_prob1=0.2011, mean_prob2=0.2202
2026-02-25 12:52:36,121 - lg_cotrain - INFO - Phase 1 epoch 7/7: mean_prob1=0.2450, mean_prob2=0.2751
2026-02-25 12:52:36,122 - lg_cotrain - INFO - === Phase 2: Co-Training ===
2026-02-25 12:52:37,130 - lg_cotrain - INFO - LR scheduler: total_steps_1=1045, warmup=255; total_steps_2=1045, warmup=255
2026-02-25 12:52:37,131 - lg_cotrain - INFO - Phase 1 done -> seeded Phase 2 trackers. lambda1: mean=0.2450, range=[0.0129, 0.6782]
2026-02-25 12:52:37,131 - lg_cotrain - INFO - Phase 1 done -> seeded Phase 2 trackers. lambda2: mean=0.2751, range=[0.0067, 0.8583]
2026-02-25 12:53:25,527 - lg_cotrain - INFO - Phase 2 epoch 1/13: loss1=0.4627, loss2=0.4553, dev_macro_f1=0.5374, dev_err=31.61%
2026-02-25 12:54:13,990 - lg_cotrain - INFO - Phase 2 epoch 2/13: loss1=0.0885, loss2=0.2132, dev_macro_f1=0.6232, dev_err=23.00%
2026-02-25 12:55:02,362 - lg_cotrain - INFO - Phase 2 epoch 3/13: loss1=0.0464, loss2=0.1766, dev_macro_f1=0.6013, dev_err=25.82%
2026-02-25 12:55:50,758 - lg_cotrain - INFO - Phase 2 epoch 4/13: loss1=0.0519, loss2=0.1955, dev_macro_f1=0.6086, dev_err=25.35%
2026-02-25 12:56:39,109 - lg_cotrain - INFO - Phase 2 epoch 5/13: loss1=0.0588, loss2=0.1653, dev_macro_f1=0.5985, dev_err=25.35%
2026-02-25 12:57:28,078 - lg_cotrain - INFO - Phase 2 epoch 6/13: loss1=0.0523, loss2=0.0993, dev_macro_f1=0.6040, dev_err=26.76%
2026-02-25 12:58:16,601 - lg_cotrain - INFO - Phase 2 epoch 7/13: loss1=0.0352, loss2=0.0966, dev_macro_f1=0.6054, dev_err=26.13%
2026-02-25 12:59:05,029 - lg_cotrain - INFO - Phase 2 epoch 8/13: loss1=0.0244, loss2=0.0674, dev_macro_f1=0.6065, dev_err=25.67%
2026-02-25 12:59:53,391 - lg_cotrain - INFO - Phase 2 epoch 9/13: loss1=0.0234, loss2=0.0404, dev_macro_f1=0.6405, dev_err=23.79%
2026-02-25 13:00:41,898 - lg_cotrain - INFO - Phase 2 epoch 10/13: loss1=0.0084, loss2=0.0314, dev_macro_f1=0.6195, dev_err=25.51%
2026-02-25 13:01:30,292 - lg_cotrain - INFO - Phase 2 epoch 11/13: loss1=0.0084, loss2=0.0138, dev_macro_f1=0.6408, dev_err=23.94%
2026-02-25 13:02:18,680 - lg_cotrain - INFO - Phase 2 epoch 12/13: loss1=0.0045, loss2=0.0089, dev_macro_f1=0.6411, dev_err=23.63%
2026-02-25 13:03:07,077 - lg_cotrain - INFO - Phase 2 epoch 13/13: loss1=0.0031, loss2=0.0054, dev_macro_f1=0.6483, dev_err=23.32%
2026-02-25 13:03:07,077 - lg_cotrain - INFO - === Phase 3: Fine-Tuning ===
2026-02-25 13:03:09,821 - lg_cotrain - INFO - Phase 3 epoch 1: dev_macro_f1=0.6495, dev_err=24.10%, es_counter1=0, es_counter2=0
2026-02-25 13:03:12,538 - lg_cotrain - INFO - Phase 3 epoch 2: dev_macro_f1=0.6415, dev_err=27.07%, es_counter1=1, es_counter2=1
2026-02-25 13:03:15,251 - lg_cotrain - INFO - Phase 3 epoch 3: dev_macro_f1=0.6410, dev_err=28.17%, es_counter1=2, es_counter2=2
2026-02-25 13:03:17,985 - lg_cotrain - INFO - Phase 3 epoch 4: dev_macro_f1=0.6560, dev_err=27.70%, es_counter1=0, es_counter2=0
2026-02-25 13:03:20,731 - lg_cotrain - INFO - Phase 3 epoch 5: dev_macro_f1=0.6669, dev_err=27.39%, es_counter1=0, es_counter2=0
2026-02-25 13:03:23,440 - lg_cotrain - INFO - Phase 3 epoch 6: dev_macro_f1=0.6646, dev_err=27.54%, es_counter1=1, es_counter2=1
2026-02-25 13:03:26,161 - lg_cotrain - INFO - Phase 3 epoch 7: dev_macro_f1=0.6574, dev_err=28.48%, es_counter1=2, es_counter2=2
2026-02-25 13:03:28,879 - lg_cotrain - INFO - Phase 3 epoch 8: dev_macro_f1=0.6520, dev_err=29.42%, es_counter1=3, es_counter2=3
2026-02-25 13:03:31,596 - lg_cotrain - INFO - Phase 3 epoch 9: dev_macro_f1=0.6534, dev_err=29.26%, es_counter1=4, es_counter2=4
2026-02-25 13:03:34,311 - lg_cotrain - INFO - Phase 3 epoch 10: dev_macro_f1=0.6520, dev_err=29.26%, es_counter1=5, es_counter2=5
2026-02-25 13:03:37,020 - lg_cotrain - INFO - Phase 3 epoch 11: dev_macro_f1=0.6490, dev_err=29.26%, es_counter1=6, es_counter2=6
2026-02-25 13:03:39,740 - lg_cotrain - INFO - Phase 3 epoch 12: dev_macro_f1=0.6397, dev_err=30.05%, es_counter1=7, es_counter2=7
2026-02-25 13:03:42,458 - lg_cotrain - INFO - Phase 3 epoch 13: dev_macro_f1=0.6413, dev_err=30.20%, es_counter1=8, es_counter2=8
2026-02-25 13:03:42,458 - lg_cotrain - INFO - Early stopping at epoch 13
2026-02-25 13:03:42,467 - lg_cotrain - INFO - === Final Evaluation ===
2026-02-25 13:03:47,809 - lg_cotrain - INFO - Results saved to C:\Users\anhtr\AppData\Local\Temp\tmpc0xoy_3d\hurricane_florence_2018\25_set2\metrics.json
2026-02-25 13:03:47,810 - lg_cotrain - INFO - Test error rate: 26.51%, Test macro-F1: 0.6686, Test ECE: 0.1026
2026-02-25 13:03:47,821 - lg_cotrain - INFO - --- Trial 9/10 done: dev_macro_f1=0.6669 ---
2026-02-25 13:03:47,821 - lg_cotrain - INFO - --- Trial 10/10 ---
2026-02-25 13:03:48,341 - lg_cotrain - INFO - Starting LG-CoTrain: event=hurricane_florence_2018, budget=25, seed_set=2
2026-02-25 13:03:48,371 - lg_cotrain - INFO - Detected 9 classes for event hurricane_florence_2018: ['caution_and_advice', 'displaced_people_and_evacuations', 'infrastructure_and_utility_damage', 'injured_or_dead_people', 'not_humanitarian', 'other_relevant_information', 'requests_or_urgent_needs', 'rescue_volunteering_or_donation_effort', 'sympathy_and_support']
2026-02-25 13:03:48,381 - lg_cotrain - INFO - D_l1: 117, D_l2: 108, D_LG: 4159
2026-02-25 13:03:48,383 - lg_cotrain - INFO - === Phase 1: Weight Generation ===
2026-02-25 13:04:04,746 - lg_cotrain - INFO - Phase 1 epoch 1/7: mean_prob1=0.1218, mean_prob2=0.1255
2026-02-25 13:04:20,107 - lg_cotrain - INFO - Phase 1 epoch 2/7: mean_prob1=0.1179, mean_prob2=0.1471
2026-02-25 13:04:35,486 - lg_cotrain - INFO - Phase 1 epoch 3/7: mean_prob1=0.1170, mean_prob2=0.1776
2026-02-25 13:04:50,871 - lg_cotrain - INFO - Phase 1 epoch 4/7: mean_prob1=0.1247, mean_prob2=0.3047
2026-02-25 13:05:06,322 - lg_cotrain - INFO - Phase 1 epoch 5/7: mean_prob1=0.1661, mean_prob2=0.3127
2026-02-25 13:05:21,722 - lg_cotrain - INFO - Phase 1 epoch 6/7: mean_prob1=0.2128, mean_prob2=0.3881
2026-02-25 13:05:37,136 - lg_cotrain - INFO - Phase 1 epoch 7/7: mean_prob1=0.2104, mean_prob2=0.4525
2026-02-25 13:05:37,136 - lg_cotrain - INFO - === Phase 2: Co-Training ===
2026-02-25 13:05:38,289 - lg_cotrain - INFO - LR scheduler: total_steps_1=3400, warmup=314; total_steps_2=3300, warmup=304
2026-02-25 13:05:38,290 - lg_cotrain - INFO - Phase 1 done -> seeded Phase 2 trackers. lambda1: mean=0.2104, range=[0.0077, 0.8328]
2026-02-25 13:05:38,290 - lg_cotrain - INFO - Phase 1 done -> seeded Phase 2 trackers. lambda2: mean=0.4525, range=[0.0018, 0.9755]
2026-02-25 13:06:37,006 - lg_cotrain - INFO - Phase 2 epoch 1/10: loss1=0.4575, loss2=0.2307, dev_macro_f1=0.5590, dev_err=32.24%
2026-02-25 13:07:35,775 - lg_cotrain - INFO - Phase 2 epoch 2/10: loss1=0.1017, loss2=0.3328, dev_macro_f1=0.5935, dev_err=28.01%
2026-02-25 13:08:34,516 - lg_cotrain - INFO - Phase 2 epoch 3/10: loss1=0.0569, loss2=0.2806, dev_macro_f1=0.5761, dev_err=28.48%
2026-02-25 13:09:33,304 - lg_cotrain - INFO - Phase 2 epoch 4/10: loss1=0.0423, loss2=0.1853, dev_macro_f1=0.6123, dev_err=24.57%
2026-02-25 13:10:32,031 - lg_cotrain - INFO - Phase 2 epoch 5/10: loss1=0.0242, loss2=0.1280, dev_macro_f1=0.6364, dev_err=23.63%
2026-02-25 13:11:30,774 - lg_cotrain - INFO - Phase 2 epoch 6/10: loss1=0.0177, loss2=0.0700, dev_macro_f1=0.6453, dev_err=22.38%
2026-02-25 13:12:29,536 - lg_cotrain - INFO - Phase 2 epoch 7/10: loss1=0.0136, loss2=0.0428, dev_macro_f1=0.6476, dev_err=23.00%
2026-02-25 13:13:28,076 - lg_cotrain - INFO - Phase 2 epoch 8/10: loss1=0.0223, loss2=0.0489, dev_macro_f1=0.6487, dev_err=23.32%
2026-02-25 13:14:26,686 - lg_cotrain - INFO - Phase 2 epoch 9/10: loss1=0.0216, loss2=0.0315, dev_macro_f1=0.6285, dev_err=24.41%
2026-02-25 13:15:25,240 - lg_cotrain - INFO - Phase 2 epoch 10/10: loss1=0.0102, loss2=0.0263, dev_macro_f1=0.6402, dev_err=24.10%
2026-02-25 13:15:25,240 - lg_cotrain - INFO - === Phase 3: Fine-Tuning ===
2026-02-25 13:15:28,467 - lg_cotrain - INFO - Phase 3 epoch 1: dev_macro_f1=0.6271, dev_err=28.17%, es_counter1=0, es_counter2=0
2026-02-25 13:15:31,693 - lg_cotrain - INFO - Phase 3 epoch 2: dev_macro_f1=0.6526, dev_err=29.42%, es_counter1=0, es_counter2=0
2026-02-25 13:15:34,927 - lg_cotrain - INFO - Phase 3 epoch 3: dev_macro_f1=0.6690, dev_err=26.13%, es_counter1=0, es_counter2=0
2026-02-25 13:15:38,156 - lg_cotrain - INFO - Phase 3 epoch 4: dev_macro_f1=0.6691, dev_err=26.45%, es_counter1=0, es_counter2=0
2026-02-25 13:15:41,409 - lg_cotrain - INFO - Phase 3 epoch 5: dev_macro_f1=0.6703, dev_err=26.76%, es_counter1=0, es_counter2=0
2026-02-25 13:15:44,638 - lg_cotrain - INFO - Phase 3 epoch 6: dev_macro_f1=0.6659, dev_err=27.39%, es_counter1=1, es_counter2=1
2026-02-25 13:15:47,863 - lg_cotrain - INFO - Phase 3 epoch 7: dev_macro_f1=0.6580, dev_err=28.48%, es_counter1=2, es_counter2=2
2026-02-25 13:15:51,067 - lg_cotrain - INFO - Phase 3 epoch 8: dev_macro_f1=0.6572, dev_err=28.48%, es_counter1=3, es_counter2=3
2026-02-25 13:15:54,289 - lg_cotrain - INFO - Phase 3 epoch 9: dev_macro_f1=0.6596, dev_err=28.17%, es_counter1=4, es_counter2=4
2026-02-25 13:15:57,505 - lg_cotrain - INFO - Phase 3 epoch 10: dev_macro_f1=0.6577, dev_err=28.48%, es_counter1=5, es_counter2=5
2026-02-25 13:15:57,506 - lg_cotrain - INFO - Early stopping at epoch 10
2026-02-25 13:15:57,516 - lg_cotrain - INFO - === Final Evaluation ===
2026-02-25 13:16:03,608 - lg_cotrain - INFO - Results saved to C:\Users\anhtr\AppData\Local\Temp\tmp59sy0dng\hurricane_florence_2018\25_set2\metrics.json
2026-02-25 13:16:03,608 - lg_cotrain - INFO - Test error rate: 26.35%, Test macro-F1: 0.6747, Test ECE: 0.0623
2026-02-25 13:16:03,618 - lg_cotrain - INFO - --- Trial 10/10 done: dev_macro_f1=0.6703 ---
