2026-02-27 20:05:03,659 - lg_cotrain - INFO - === Optuna study: hurricane_maria_2017 budget=10 seed=1 | target=10 trials, 0 replayed, 10 new ===
2026-02-27 20:05:03,659 - lg_cotrain - INFO - --- Trial 1/10 ---
2026-02-27 20:05:04,232 - lg_cotrain - INFO - Starting LG-CoTrain: event=hurricane_maria_2017, budget=10, seed_set=1
2026-02-27 20:05:04,282 - lg_cotrain - INFO - Detected 9 classes for event hurricane_maria_2017: ['caution_and_advice', 'displaced_people_and_evacuations', 'infrastructure_and_utility_damage', 'injured_or_dead_people', 'not_humanitarian', 'other_relevant_information', 'requests_or_urgent_needs', 'rescue_volunteering_or_donation_effort', 'sympathy_and_support']
2026-02-27 20:05:04,295 - lg_cotrain - INFO - D_l1: 45, D_l2: 45, D_LG: 5004
2026-02-27 20:05:04,297 - lg_cotrain - INFO - === Phase 1: Weight Generation ===
2026-02-27 20:05:23,044 - lg_cotrain - INFO - Phase 1 epoch 1/7: mean_prob1=0.1165, mean_prob2=0.0953
2026-02-27 20:05:40,526 - lg_cotrain - INFO - Phase 1 epoch 2/7: mean_prob1=0.1178, mean_prob2=0.1091
2026-02-27 20:05:58,228 - lg_cotrain - INFO - Phase 1 epoch 3/7: mean_prob1=0.1170, mean_prob2=0.1049
2026-02-27 20:06:15,665 - lg_cotrain - INFO - Phase 1 epoch 4/7: mean_prob1=0.1185, mean_prob2=0.1065
2026-02-27 20:06:33,268 - lg_cotrain - INFO - Phase 1 epoch 5/7: mean_prob1=0.1564, mean_prob2=0.0932
2026-02-27 20:06:50,995 - lg_cotrain - INFO - Phase 1 epoch 6/7: mean_prob1=0.0864, mean_prob2=0.1018
2026-02-27 20:07:08,360 - lg_cotrain - INFO - Phase 1 epoch 7/7: mean_prob1=0.1839, mean_prob2=0.1059
2026-02-27 20:07:08,360 - lg_cotrain - INFO - === Phase 2: Co-Training ===
2026-02-27 20:07:09,376 - lg_cotrain - INFO - LR scheduler: total_steps_1=4056, warmup=1099; total_steps_2=4056, warmup=1099
2026-02-27 20:07:09,376 - lg_cotrain - INFO - Phase 1 done -> seeded Phase 2 trackers. lambda1: mean=0.1839, range=[0.0038, 0.7229]
2026-02-27 20:07:09,377 - lg_cotrain - INFO - Phase 1 done -> seeded Phase 2 trackers. lambda2: mean=0.1059, range=[0.0688, 0.1711]
2026-02-27 20:08:19,605 - lg_cotrain - INFO - Phase 2 epoch 1/12: loss1=0.1319, loss2=0.1987, dev_macro_f1=0.6202, dev_err=32.75%
2026-02-27 20:09:29,577 - lg_cotrain - INFO - Phase 2 epoch 2/12: loss1=0.0561, loss2=0.5641, dev_macro_f1=0.6091, dev_err=34.10%
2026-02-27 20:10:39,425 - lg_cotrain - INFO - Phase 2 epoch 3/12: loss1=0.2700, loss2=1.2320, dev_macro_f1=0.0476, dev_err=72.78%
2026-02-27 20:11:49,191 - lg_cotrain - INFO - Phase 2 epoch 4/12: loss1=0.1522, loss2=1.2947, dev_macro_f1=0.0476, dev_err=72.78%
2026-02-27 20:12:59,131 - lg_cotrain - INFO - Phase 2 epoch 5/12: loss1=0.0831, loss2=1.1954, dev_macro_f1=0.0476, dev_err=72.78%
2026-02-27 20:14:08,890 - lg_cotrain - INFO - Phase 2 epoch 6/12: loss1=0.0632, loss2=1.1196, dev_macro_f1=0.0476, dev_err=72.78%
2026-02-27 20:15:18,659 - lg_cotrain - INFO - Phase 2 epoch 7/12: loss1=0.0616, loss2=1.0569, dev_macro_f1=0.0476, dev_err=72.78%
2026-02-27 20:16:28,401 - lg_cotrain - INFO - Phase 2 epoch 8/12: loss1=0.0602, loss2=0.9965, dev_macro_f1=0.0476, dev_err=72.78%
2026-02-27 20:17:38,198 - lg_cotrain - INFO - Phase 2 epoch 9/12: loss1=0.0564, loss2=0.9510, dev_macro_f1=0.0476, dev_err=72.78%
2026-02-27 20:18:48,107 - lg_cotrain - INFO - Phase 2 epoch 10/12: loss1=0.0560, loss2=0.9092, dev_macro_f1=0.0476, dev_err=72.78%
2026-02-27 20:19:57,950 - lg_cotrain - INFO - Phase 2 epoch 11/12: loss1=0.0561, loss2=0.8737, dev_macro_f1=0.0476, dev_err=72.78%
2026-02-27 20:21:07,720 - lg_cotrain - INFO - Phase 2 epoch 12/12: loss1=0.0579, loss2=0.8425, dev_macro_f1=0.0476, dev_err=72.78%
2026-02-27 20:21:07,721 - lg_cotrain - INFO - === Phase 3: Fine-Tuning ===
2026-02-27 20:21:10,538 - lg_cotrain - INFO - Phase 3 epoch 1: dev_macro_f1=0.0476, dev_err=72.78%, es_counter1=0, es_counter2=0
2026-02-27 20:21:13,341 - lg_cotrain - INFO - Phase 3 epoch 2: dev_macro_f1=0.0476, dev_err=72.78%, es_counter1=1, es_counter2=1
2026-02-27 20:21:16,137 - lg_cotrain - INFO - Phase 3 epoch 3: dev_macro_f1=0.0476, dev_err=72.78%, es_counter1=2, es_counter2=2
2026-02-27 20:21:18,931 - lg_cotrain - INFO - Phase 3 epoch 4: dev_macro_f1=0.0476, dev_err=72.78%, es_counter1=3, es_counter2=3
2026-02-27 20:21:21,732 - lg_cotrain - INFO - Phase 3 epoch 5: dev_macro_f1=0.0476, dev_err=72.78%, es_counter1=4, es_counter2=4
2026-02-27 20:21:21,732 - lg_cotrain - INFO - Early stopping at epoch 5
2026-02-27 20:21:21,741 - lg_cotrain - INFO - === Final Evaluation ===
2026-02-27 20:21:28,632 - lg_cotrain - INFO - Results saved to C:\Users\anhtr\AppData\Local\Temp\tmp4i2zdjfn\hurricane_maria_2017\10_set1\metrics.json
2026-02-27 20:21:28,632 - lg_cotrain - INFO - Test error rate: 72.88%, Test macro-F1: 0.0474, Test ECE: 0.3764
2026-02-27 20:21:28,642 - lg_cotrain - INFO - --- Trial 1/10 done: dev_macro_f1=0.0476 ---
2026-02-27 20:21:28,643 - lg_cotrain - INFO - --- Trial 2/10 ---
2026-02-27 20:21:29,205 - lg_cotrain - INFO - Starting LG-CoTrain: event=hurricane_maria_2017, budget=10, seed_set=1
2026-02-27 20:21:29,265 - lg_cotrain - INFO - Detected 9 classes for event hurricane_maria_2017: ['caution_and_advice', 'displaced_people_and_evacuations', 'infrastructure_and_utility_damage', 'injured_or_dead_people', 'not_humanitarian', 'other_relevant_information', 'requests_or_urgent_needs', 'rescue_volunteering_or_donation_effort', 'sympathy_and_support']
2026-02-27 20:21:29,275 - lg_cotrain - INFO - D_l1: 45, D_l2: 45, D_LG: 5004
2026-02-27 20:21:29,277 - lg_cotrain - INFO - === Phase 1: Weight Generation ===
2026-02-27 20:21:47,750 - lg_cotrain - INFO - Phase 1 epoch 1/7: mean_prob1=0.1175, mean_prob2=0.1138
2026-02-27 20:22:05,122 - lg_cotrain - INFO - Phase 1 epoch 2/7: mean_prob1=0.1189, mean_prob2=0.1295
2026-02-27 20:22:22,540 - lg_cotrain - INFO - Phase 1 epoch 3/7: mean_prob1=0.1135, mean_prob2=0.1402
2026-02-27 20:22:39,906 - lg_cotrain - INFO - Phase 1 epoch 4/7: mean_prob1=0.1316, mean_prob2=0.1510
2026-02-27 20:22:57,319 - lg_cotrain - INFO - Phase 1 epoch 5/7: mean_prob1=0.1472, mean_prob2=0.1553
2026-02-27 20:23:14,787 - lg_cotrain - INFO - Phase 1 epoch 6/7: mean_prob1=0.1543, mean_prob2=0.1601
2026-02-27 20:23:32,151 - lg_cotrain - INFO - Phase 1 epoch 7/7: mean_prob1=0.1976, mean_prob2=0.1718
2026-02-27 20:23:32,151 - lg_cotrain - INFO - === Phase 2: Co-Training ===
2026-02-27 20:23:33,211 - lg_cotrain - INFO - LR scheduler: total_steps_1=3117, warmup=389; total_steps_2=3117, warmup=389
2026-02-27 20:23:33,211 - lg_cotrain - INFO - Phase 1 done -> seeded Phase 2 trackers. lambda1: mean=0.1976, range=[0.0139, 0.6071]
2026-02-27 20:23:33,211 - lg_cotrain - INFO - Phase 1 done -> seeded Phase 2 trackers. lambda2: mean=0.1718, range=[0.0106, 0.5815]
2026-02-27 20:24:43,351 - lg_cotrain - INFO - Phase 2 epoch 1/9: loss1=0.1991, loss2=0.2075, dev_macro_f1=0.5859, dev_err=35.58%
2026-02-27 20:25:53,551 - lg_cotrain - INFO - Phase 2 epoch 2/9: loss1=0.0644, loss2=0.3516, dev_macro_f1=0.6336, dev_err=32.48%
2026-02-27 20:27:03,765 - lg_cotrain - INFO - Phase 2 epoch 3/9: loss1=0.0495, loss2=0.2726, dev_macro_f1=0.6421, dev_err=31.40%
2026-02-27 20:28:14,146 - lg_cotrain - INFO - Phase 2 epoch 4/9: loss1=0.0418, loss2=0.1779, dev_macro_f1=0.6408, dev_err=31.94%
2026-02-27 20:29:24,505 - lg_cotrain - INFO - Phase 2 epoch 5/9: loss1=0.0420, loss2=0.1081, dev_macro_f1=0.6803, dev_err=28.71%
2026-02-27 20:30:34,698 - lg_cotrain - INFO - Phase 2 epoch 6/9: loss1=0.0178, loss2=0.0578, dev_macro_f1=0.6472, dev_err=31.27%
2026-02-27 20:31:47,561 - lg_cotrain - INFO - Phase 2 epoch 7/9: loss1=0.0098, loss2=0.0314, dev_macro_f1=0.6571, dev_err=30.19%
2026-02-27 20:33:00,748 - lg_cotrain - INFO - Phase 2 epoch 8/9: loss1=0.0086, loss2=0.0231, dev_macro_f1=0.6580, dev_err=30.59%
2026-02-27 20:34:13,911 - lg_cotrain - INFO - Phase 2 epoch 9/9: loss1=0.0057, loss2=0.0106, dev_macro_f1=0.6649, dev_err=29.92%
2026-02-27 20:34:13,911 - lg_cotrain - INFO - === Phase 3: Fine-Tuning ===
2026-02-27 20:34:16,823 - lg_cotrain - INFO - Phase 3 epoch 1: dev_macro_f1=0.6642, dev_err=30.05%, es_counter1=0, es_counter2=0
2026-02-27 20:34:20,104 - lg_cotrain - INFO - Phase 3 epoch 2: dev_macro_f1=0.6555, dev_err=30.46%, es_counter1=1, es_counter2=1
2026-02-27 20:34:22,985 - lg_cotrain - INFO - Phase 3 epoch 3: dev_macro_f1=0.6595, dev_err=30.19%, es_counter1=2, es_counter2=2
2026-02-27 20:34:25,855 - lg_cotrain - INFO - Phase 3 epoch 4: dev_macro_f1=0.6554, dev_err=30.19%, es_counter1=3, es_counter2=3
2026-02-27 20:34:28,714 - lg_cotrain - INFO - Phase 3 epoch 5: dev_macro_f1=0.6550, dev_err=30.46%, es_counter1=4, es_counter2=4
2026-02-27 20:34:31,712 - lg_cotrain - INFO - Phase 3 epoch 6: dev_macro_f1=0.6531, dev_err=30.59%, es_counter1=5, es_counter2=5
2026-02-27 20:34:34,580 - lg_cotrain - INFO - Phase 3 epoch 7: dev_macro_f1=0.6560, dev_err=30.32%, es_counter1=6, es_counter2=6
2026-02-27 20:34:34,580 - lg_cotrain - INFO - Early stopping at epoch 7
2026-02-27 20:34:34,588 - lg_cotrain - INFO - === Final Evaluation ===
2026-02-27 20:34:41,649 - lg_cotrain - INFO - Results saved to C:\Users\anhtr\AppData\Local\Temp\tmp5ni4fsgy\hurricane_maria_2017\10_set1\metrics.json
2026-02-27 20:34:41,649 - lg_cotrain - INFO - Test error rate: 32.80%, Test macro-F1: 0.6411, Test ECE: 0.2529
2026-02-27 20:34:41,658 - lg_cotrain - INFO - --- Trial 2/10 done: dev_macro_f1=0.6642 ---
2026-02-27 20:34:41,658 - lg_cotrain - INFO - --- Trial 3/10 ---
2026-02-27 20:34:42,224 - lg_cotrain - INFO - Starting LG-CoTrain: event=hurricane_maria_2017, budget=10, seed_set=1
2026-02-27 20:34:42,258 - lg_cotrain - INFO - Detected 9 classes for event hurricane_maria_2017: ['caution_and_advice', 'displaced_people_and_evacuations', 'infrastructure_and_utility_damage', 'injured_or_dead_people', 'not_humanitarian', 'other_relevant_information', 'requests_or_urgent_needs', 'rescue_volunteering_or_donation_effort', 'sympathy_and_support']
2026-02-27 20:34:42,268 - lg_cotrain - INFO - D_l1: 45, D_l2: 45, D_LG: 5004
2026-02-27 20:34:42,271 - lg_cotrain - INFO - === Phase 1: Weight Generation ===
2026-02-27 20:35:01,309 - lg_cotrain - INFO - Phase 1 epoch 1/7: mean_prob1=0.1104, mean_prob2=0.0970
2026-02-27 20:35:19,473 - lg_cotrain - INFO - Phase 1 epoch 2/7: mean_prob1=0.1230, mean_prob2=0.1069
2026-02-27 20:35:37,254 - lg_cotrain - INFO - Phase 1 epoch 3/7: mean_prob1=0.1112, mean_prob2=0.1111
2026-02-27 20:35:55,531 - lg_cotrain - INFO - Phase 1 epoch 4/7: mean_prob1=0.1255, mean_prob2=0.1149
2026-02-27 20:36:13,136 - lg_cotrain - INFO - Phase 1 epoch 5/7: mean_prob1=0.1156, mean_prob2=0.1223
2026-02-27 20:36:30,845 - lg_cotrain - INFO - Phase 1 epoch 6/7: mean_prob1=0.1765, mean_prob2=0.1259
2026-02-27 20:36:49,203 - lg_cotrain - INFO - Phase 1 epoch 7/7: mean_prob1=0.1459, mean_prob2=0.1174
2026-02-27 20:36:49,203 - lg_cotrain - INFO - === Phase 2: Co-Training ===
2026-02-27 20:36:50,321 - lg_cotrain - INFO - LR scheduler: total_steps_1=4056, warmup=801; total_steps_2=4056, warmup=801
2026-02-27 20:36:50,322 - lg_cotrain - INFO - Phase 1 done -> seeded Phase 2 trackers. lambda1: mean=0.1459, range=[0.0054, 0.6660]
2026-02-27 20:36:50,322 - lg_cotrain - INFO - Phase 1 done -> seeded Phase 2 trackers. lambda2: mean=0.1174, range=[0.0057, 0.6480]
2026-02-27 20:38:03,688 - lg_cotrain - INFO - Phase 2 epoch 1/12: loss1=0.1609, loss2=0.1672, dev_macro_f1=0.6341, dev_err=33.02%
2026-02-27 20:39:16,566 - lg_cotrain - INFO - Phase 2 epoch 2/12: loss1=0.0711, loss2=0.4487, dev_macro_f1=0.5478, dev_err=38.95%
2026-02-27 20:40:28,411 - lg_cotrain - INFO - Phase 2 epoch 3/12: loss1=0.1565, loss2=1.4313, dev_macro_f1=0.0476, dev_err=72.78%
2026-02-27 20:41:39,332 - lg_cotrain - INFO - Phase 2 epoch 4/12: loss1=0.1205, loss2=1.3468, dev_macro_f1=0.0476, dev_err=72.78%
2026-02-27 20:42:50,592 - lg_cotrain - INFO - Phase 2 epoch 5/12: loss1=0.0744, loss2=1.2370, dev_macro_f1=0.0476, dev_err=72.78%
2026-02-27 20:44:03,090 - lg_cotrain - INFO - Phase 2 epoch 6/12: loss1=0.0557, loss2=1.1564, dev_macro_f1=0.0476, dev_err=72.78%
2026-02-27 20:45:14,561 - lg_cotrain - INFO - Phase 2 epoch 7/12: loss1=0.0500, loss2=1.0934, dev_macro_f1=0.0476, dev_err=72.78%
2026-02-27 20:46:26,610 - lg_cotrain - INFO - Phase 2 epoch 8/12: loss1=0.0487, loss2=1.0408, dev_macro_f1=0.0476, dev_err=72.78%
2026-02-27 20:47:38,059 - lg_cotrain - INFO - Phase 2 epoch 9/12: loss1=0.0453, loss2=0.9991, dev_macro_f1=0.0476, dev_err=72.78%
2026-02-27 20:48:49,468 - lg_cotrain - INFO - Phase 2 epoch 10/12: loss1=0.0445, loss2=0.9578, dev_macro_f1=0.0476, dev_err=72.78%
2026-02-27 20:50:01,621 - lg_cotrain - INFO - Phase 2 epoch 11/12: loss1=0.0456, loss2=0.9232, dev_macro_f1=0.0476, dev_err=72.78%
2026-02-27 20:51:12,975 - lg_cotrain - INFO - Phase 2 epoch 12/12: loss1=0.0466, loss2=0.8914, dev_macro_f1=0.0476, dev_err=72.78%
2026-02-27 20:51:12,975 - lg_cotrain - INFO - === Phase 3: Fine-Tuning ===
2026-02-27 20:51:16,032 - lg_cotrain - INFO - Phase 3 epoch 1: dev_macro_f1=0.0476, dev_err=72.78%, es_counter1=0, es_counter2=0
2026-02-27 20:51:19,008 - lg_cotrain - INFO - Phase 3 epoch 2: dev_macro_f1=0.0476, dev_err=72.78%, es_counter1=1, es_counter2=1
2026-02-27 20:51:21,920 - lg_cotrain - INFO - Phase 3 epoch 3: dev_macro_f1=0.0476, dev_err=72.78%, es_counter1=2, es_counter2=2
2026-02-27 20:51:24,909 - lg_cotrain - INFO - Phase 3 epoch 4: dev_macro_f1=0.0476, dev_err=72.78%, es_counter1=3, es_counter2=3
2026-02-27 20:51:27,741 - lg_cotrain - INFO - Phase 3 epoch 5: dev_macro_f1=0.0476, dev_err=72.78%, es_counter1=4, es_counter2=4
2026-02-27 20:51:30,581 - lg_cotrain - INFO - Phase 3 epoch 6: dev_macro_f1=0.0476, dev_err=72.78%, es_counter1=5, es_counter2=5
2026-02-27 20:51:33,412 - lg_cotrain - INFO - Phase 3 epoch 7: dev_macro_f1=0.0476, dev_err=72.78%, es_counter1=6, es_counter2=6
2026-02-27 20:51:36,245 - lg_cotrain - INFO - Phase 3 epoch 8: dev_macro_f1=0.0476, dev_err=72.78%, es_counter1=7, es_counter2=7
2026-02-27 20:51:36,245 - lg_cotrain - INFO - Early stopping at epoch 8
2026-02-27 20:51:36,254 - lg_cotrain - INFO - === Final Evaluation ===
2026-02-27 20:51:43,302 - lg_cotrain - INFO - Results saved to C:\Users\anhtr\AppData\Local\Temp\tmpf5qg9tt6\hurricane_maria_2017\10_set1\metrics.json
2026-02-27 20:51:43,302 - lg_cotrain - INFO - Test error rate: 72.88%, Test macro-F1: 0.0474, Test ECE: 0.3946
2026-02-27 20:51:43,312 - lg_cotrain - INFO - --- Trial 3/10 done: dev_macro_f1=0.0476 ---
2026-02-27 20:51:43,312 - lg_cotrain - INFO - --- Trial 4/10 ---
2026-02-27 20:51:43,870 - lg_cotrain - INFO - Starting LG-CoTrain: event=hurricane_maria_2017, budget=10, seed_set=1
2026-02-27 20:51:43,903 - lg_cotrain - INFO - Detected 9 classes for event hurricane_maria_2017: ['caution_and_advice', 'displaced_people_and_evacuations', 'infrastructure_and_utility_damage', 'injured_or_dead_people', 'not_humanitarian', 'other_relevant_information', 'requests_or_urgent_needs', 'rescue_volunteering_or_donation_effort', 'sympathy_and_support']
2026-02-27 20:51:43,910 - lg_cotrain - INFO - D_l1: 45, D_l2: 45, D_LG: 5004
2026-02-27 20:51:43,911 - lg_cotrain - INFO - === Phase 1: Weight Generation ===
2026-02-27 20:52:03,939 - lg_cotrain - INFO - Phase 1 epoch 1/7: mean_prob1=0.1042, mean_prob2=0.1052
2026-02-27 20:52:23,071 - lg_cotrain - INFO - Phase 1 epoch 2/7: mean_prob1=0.1134, mean_prob2=0.1193
2026-02-27 20:52:42,112 - lg_cotrain - INFO - Phase 1 epoch 3/7: mean_prob1=0.1114, mean_prob2=0.1308
2026-02-27 20:53:00,937 - lg_cotrain - INFO - Phase 1 epoch 4/7: mean_prob1=0.1341, mean_prob2=0.1540
2026-02-27 20:53:19,795 - lg_cotrain - INFO - Phase 1 epoch 5/7: mean_prob1=0.1320, mean_prob2=0.1512
2026-02-27 20:53:38,732 - lg_cotrain - INFO - Phase 1 epoch 6/7: mean_prob1=0.1861, mean_prob2=0.1854
2026-02-27 20:53:58,083 - lg_cotrain - INFO - Phase 1 epoch 7/7: mean_prob1=0.1758, mean_prob2=0.1503
2026-02-27 20:53:58,083 - lg_cotrain - INFO - === Phase 2: Co-Training ===
2026-02-27 20:53:59,146 - lg_cotrain - INFO - LR scheduler: total_steps_1=12494, warmup=533; total_steps_2=12494, warmup=533
2026-02-27 20:53:59,146 - lg_cotrain - INFO - Phase 1 done -> seeded Phase 2 trackers. lambda1: mean=0.1758, range=[0.0056, 0.7560]
2026-02-27 20:53:59,146 - lg_cotrain - INFO - Phase 1 done -> seeded Phase 2 trackers. lambda2: mean=0.1503, range=[0.0077, 0.8165]
2026-02-27 20:55:22,769 - lg_cotrain - INFO - Phase 2 epoch 1/19: loss1=0.1731, loss2=0.1853, dev_macro_f1=0.5009, dev_err=41.91%
2026-02-27 20:56:48,252 - lg_cotrain - INFO - Phase 2 epoch 2/19: loss1=0.1095, loss2=0.9374, dev_macro_f1=0.1398, dev_err=69.00%
2026-02-27 20:58:13,143 - lg_cotrain - INFO - Phase 2 epoch 3/19: loss1=0.1145, loss2=0.9220, dev_macro_f1=0.0476, dev_err=72.78%
2026-02-27 20:59:38,291 - lg_cotrain - INFO - Phase 2 epoch 4/19: loss1=0.0799, loss2=0.8548, dev_macro_f1=0.0476, dev_err=72.78%
2026-02-27 21:01:02,038 - lg_cotrain - INFO - Phase 2 epoch 5/19: loss1=0.0682, loss2=0.8037, dev_macro_f1=0.0476, dev_err=72.78%
2026-02-27 21:02:25,470 - lg_cotrain - INFO - Phase 2 epoch 6/19: loss1=0.0684, loss2=0.7600, dev_macro_f1=0.0476, dev_err=72.78%
2026-02-27 21:03:48,534 - lg_cotrain - INFO - Phase 2 epoch 7/19: loss1=0.0724, loss2=0.7237, dev_macro_f1=0.0476, dev_err=72.78%
2026-02-27 21:05:12,846 - lg_cotrain - INFO - Phase 2 epoch 8/19: loss1=0.0751, loss2=0.6932, dev_macro_f1=0.0476, dev_err=72.78%
2026-02-27 21:06:37,514 - lg_cotrain - INFO - Phase 2 epoch 9/19: loss1=0.0751, loss2=0.6656, dev_macro_f1=0.0476, dev_err=72.78%
2026-02-27 21:08:01,542 - lg_cotrain - INFO - Phase 2 epoch 10/19: loss1=0.0758, loss2=0.6418, dev_macro_f1=0.0476, dev_err=72.78%
2026-02-27 21:09:24,418 - lg_cotrain - INFO - Phase 2 epoch 11/19: loss1=0.0767, loss2=0.6200, dev_macro_f1=0.0476, dev_err=72.78%
2026-02-27 21:10:47,635 - lg_cotrain - INFO - Phase 2 epoch 12/19: loss1=0.0783, loss2=0.6006, dev_macro_f1=0.0476, dev_err=72.78%
2026-02-27 21:12:09,904 - lg_cotrain - INFO - Phase 2 epoch 13/19: loss1=0.0798, loss2=0.5837, dev_macro_f1=0.0476, dev_err=72.78%
2026-02-27 21:13:31,627 - lg_cotrain - INFO - Phase 2 epoch 14/19: loss1=0.0798, loss2=0.5679, dev_macro_f1=0.0476, dev_err=72.78%
2026-02-27 21:14:53,274 - lg_cotrain - INFO - Phase 2 epoch 15/19: loss1=0.0798, loss2=0.5541, dev_macro_f1=0.0476, dev_err=72.78%
2026-02-27 21:16:16,810 - lg_cotrain - INFO - Phase 2 epoch 16/19: loss1=0.0801, loss2=0.5409, dev_macro_f1=0.0476, dev_err=72.78%
2026-02-27 21:17:40,605 - lg_cotrain - INFO - Phase 2 epoch 17/19: loss1=0.0794, loss2=0.5294, dev_macro_f1=0.0476, dev_err=72.78%
2026-02-27 21:19:03,538 - lg_cotrain - INFO - Phase 2 epoch 18/19: loss1=0.0801, loss2=0.5238, dev_macro_f1=0.0476, dev_err=72.78%
2026-02-27 21:20:25,647 - lg_cotrain - INFO - Phase 2 epoch 19/19: loss1=0.0803, loss2=0.3972, dev_macro_f1=0.0476, dev_err=72.78%
2026-02-27 21:20:25,648 - lg_cotrain - INFO - === Phase 3: Fine-Tuning ===
2026-02-27 21:20:28,752 - lg_cotrain - INFO - Phase 3 epoch 1: dev_macro_f1=0.0476, dev_err=72.78%, es_counter1=0, es_counter2=0
2026-02-27 21:20:31,827 - lg_cotrain - INFO - Phase 3 epoch 2: dev_macro_f1=0.0476, dev_err=72.78%, es_counter1=1, es_counter2=1
2026-02-27 21:20:34,918 - lg_cotrain - INFO - Phase 3 epoch 3: dev_macro_f1=0.0476, dev_err=72.78%, es_counter1=2, es_counter2=2
2026-02-27 21:20:38,008 - lg_cotrain - INFO - Phase 3 epoch 4: dev_macro_f1=0.0476, dev_err=72.78%, es_counter1=3, es_counter2=3
2026-02-27 21:20:41,103 - lg_cotrain - INFO - Phase 3 epoch 5: dev_macro_f1=0.0089, dev_err=95.82%, es_counter1=4, es_counter2=4
2026-02-27 21:20:44,208 - lg_cotrain - INFO - Phase 3 epoch 6: dev_macro_f1=0.1231, dev_err=65.09%, es_counter1=0, es_counter2=0
2026-02-27 21:20:47,311 - lg_cotrain - INFO - Phase 3 epoch 7: dev_macro_f1=0.1444, dev_err=54.31%, es_counter1=0, es_counter2=0
2026-02-27 21:20:50,418 - lg_cotrain - INFO - Phase 3 epoch 8: dev_macro_f1=0.1447, dev_err=54.31%, es_counter1=0, es_counter2=0
2026-02-27 21:20:53,504 - lg_cotrain - INFO - Phase 3 epoch 9: dev_macro_f1=0.0923, dev_err=71.16%, es_counter1=1, es_counter2=1
2026-02-27 21:20:56,629 - lg_cotrain - INFO - Phase 3 epoch 10: dev_macro_f1=0.0878, dev_err=70.89%, es_counter1=2, es_counter2=2
2026-02-27 21:20:59,752 - lg_cotrain - INFO - Phase 3 epoch 11: dev_macro_f1=0.1202, dev_err=71.43%, es_counter1=3, es_counter2=3
2026-02-27 21:21:02,882 - lg_cotrain - INFO - Phase 3 epoch 12: dev_macro_f1=0.1143, dev_err=71.83%, es_counter1=4, es_counter2=4
2026-02-27 21:21:06,000 - lg_cotrain - INFO - Phase 3 epoch 13: dev_macro_f1=0.0447, dev_err=88.14%, es_counter1=5, es_counter2=5
2026-02-27 21:21:09,110 - lg_cotrain - INFO - Phase 3 epoch 14: dev_macro_f1=0.0389, dev_err=88.68%, es_counter1=6, es_counter2=6
2026-02-27 21:21:12,226 - lg_cotrain - INFO - Phase 3 epoch 15: dev_macro_f1=0.1238, dev_err=65.50%, es_counter1=7, es_counter2=7
2026-02-27 21:21:12,226 - lg_cotrain - INFO - Early stopping at epoch 15
2026-02-27 21:21:12,235 - lg_cotrain - INFO - === Final Evaluation ===
2026-02-27 21:21:19,745 - lg_cotrain - INFO - Results saved to C:\Users\anhtr\AppData\Local\Temp\tmp2d010em4\hurricane_maria_2017\10_set1\metrics.json
2026-02-27 21:21:19,746 - lg_cotrain - INFO - Test error rate: 54.16%, Test macro-F1: 0.1458, Test ECE: 0.2835
2026-02-27 21:21:19,759 - lg_cotrain - INFO - --- Trial 4/10 done: dev_macro_f1=0.1447 ---
2026-02-27 21:21:19,759 - lg_cotrain - INFO - --- Trial 5/10 ---
2026-02-27 21:21:20,307 - lg_cotrain - INFO - Starting LG-CoTrain: event=hurricane_maria_2017, budget=10, seed_set=1
2026-02-27 21:21:20,342 - lg_cotrain - INFO - Detected 9 classes for event hurricane_maria_2017: ['caution_and_advice', 'displaced_people_and_evacuations', 'infrastructure_and_utility_damage', 'injured_or_dead_people', 'not_humanitarian', 'other_relevant_information', 'requests_or_urgent_needs', 'rescue_volunteering_or_donation_effort', 'sympathy_and_support']
2026-02-27 21:21:20,351 - lg_cotrain - INFO - D_l1: 45, D_l2: 45, D_LG: 5004
2026-02-27 21:21:20,353 - lg_cotrain - INFO - === Phase 1: Weight Generation ===
2026-02-27 21:21:38,909 - lg_cotrain - INFO - Phase 1 epoch 1/7: mean_prob1=0.1209, mean_prob2=0.1255
2026-02-27 21:21:56,356 - lg_cotrain - INFO - Phase 1 epoch 2/7: mean_prob1=0.1206, mean_prob2=0.1271
2026-02-27 21:22:13,750 - lg_cotrain - INFO - Phase 1 epoch 3/7: mean_prob1=0.1187, mean_prob2=0.1323
2026-02-27 21:22:31,290 - lg_cotrain - INFO - Phase 1 epoch 4/7: mean_prob1=0.1183, mean_prob2=0.1349
2026-02-27 21:22:48,941 - lg_cotrain - INFO - Phase 1 epoch 5/7: mean_prob1=0.1240, mean_prob2=0.1364
2026-02-27 21:23:06,391 - lg_cotrain - INFO - Phase 1 epoch 6/7: mean_prob1=0.1302, mean_prob2=0.1355
2026-02-27 21:23:24,028 - lg_cotrain - INFO - Phase 1 epoch 7/7: mean_prob1=0.1379, mean_prob2=0.1335
2026-02-27 21:23:24,028 - lg_cotrain - INFO - === Phase 2: Co-Training ===
2026-02-27 21:23:25,222 - lg_cotrain - INFO - LR scheduler: total_steps_1=2491, warmup=59; total_steps_2=2491, warmup=59
2026-02-27 21:23:25,222 - lg_cotrain - INFO - Phase 1 done -> seeded Phase 2 trackers. lambda1: mean=0.1379, range=[0.0340, 0.2873]
2026-02-27 21:23:25,223 - lg_cotrain - INFO - Phase 1 done -> seeded Phase 2 trackers. lambda2: mean=0.1335, range=[0.0205, 0.3426]
2026-02-27 21:24:36,163 - lg_cotrain - INFO - Phase 2 epoch 1/7: loss1=0.1565, loss2=0.1545, dev_macro_f1=0.6060, dev_err=34.37%
2026-02-27 21:25:47,250 - lg_cotrain - INFO - Phase 2 epoch 2/7: loss1=0.0493, loss2=0.1708, dev_macro_f1=0.6347, dev_err=33.29%
2026-02-27 21:26:58,247 - lg_cotrain - INFO - Phase 2 epoch 3/7: loss1=0.0252, loss2=0.1247, dev_macro_f1=0.6193, dev_err=32.21%
2026-02-27 21:28:09,845 - lg_cotrain - INFO - Phase 2 epoch 4/7: loss1=0.0185, loss2=0.0743, dev_macro_f1=0.6472, dev_err=31.54%
2026-02-27 21:29:20,555 - lg_cotrain - INFO - Phase 2 epoch 5/7: loss1=0.0135, loss2=0.0377, dev_macro_f1=0.6421, dev_err=31.81%
2026-02-27 21:30:31,563 - lg_cotrain - INFO - Phase 2 epoch 6/7: loss1=0.0122, loss2=0.0254, dev_macro_f1=0.6346, dev_err=32.21%
2026-02-27 21:31:42,356 - lg_cotrain - INFO - Phase 2 epoch 7/7: loss1=0.0078, loss2=0.0182, dev_macro_f1=0.6411, dev_err=32.21%
2026-02-27 21:31:42,357 - lg_cotrain - INFO - === Phase 3: Fine-Tuning ===
2026-02-27 21:31:45,237 - lg_cotrain - INFO - Phase 3 epoch 1: dev_macro_f1=0.6387, dev_err=32.35%, es_counter1=0, es_counter2=0
2026-02-27 21:31:48,117 - lg_cotrain - INFO - Phase 3 epoch 2: dev_macro_f1=0.6450, dev_err=32.35%, es_counter1=0, es_counter2=0
2026-02-27 21:31:50,974 - lg_cotrain - INFO - Phase 3 epoch 3: dev_macro_f1=0.6435, dev_err=32.35%, es_counter1=1, es_counter2=1
2026-02-27 21:31:53,830 - lg_cotrain - INFO - Phase 3 epoch 4: dev_macro_f1=0.6374, dev_err=32.21%, es_counter1=2, es_counter2=2
2026-02-27 21:31:56,688 - lg_cotrain - INFO - Phase 3 epoch 5: dev_macro_f1=0.6358, dev_err=32.21%, es_counter1=3, es_counter2=3
2026-02-27 21:31:59,548 - lg_cotrain - INFO - Phase 3 epoch 6: dev_macro_f1=0.6250, dev_err=32.35%, es_counter1=4, es_counter2=4
2026-02-27 21:31:59,548 - lg_cotrain - INFO - Early stopping at epoch 6
2026-02-27 21:31:59,564 - lg_cotrain - INFO - === Final Evaluation ===
2026-02-27 21:32:06,774 - lg_cotrain - INFO - Results saved to C:\Users\anhtr\AppData\Local\Temp\tmpz6lt6y07\hurricane_maria_2017\10_set1\metrics.json
2026-02-27 21:32:06,774 - lg_cotrain - INFO - Test error rate: 31.41%, Test macro-F1: 0.6561, Test ECE: 0.2443
2026-02-27 21:32:06,786 - lg_cotrain - INFO - --- Trial 5/10 done: dev_macro_f1=0.6450 ---
2026-02-27 21:32:06,786 - lg_cotrain - INFO - --- Trial 6/10 ---
2026-02-27 21:32:07,359 - lg_cotrain - INFO - Starting LG-CoTrain: event=hurricane_maria_2017, budget=10, seed_set=1
2026-02-27 21:32:07,386 - lg_cotrain - INFO - Detected 9 classes for event hurricane_maria_2017: ['caution_and_advice', 'displaced_people_and_evacuations', 'infrastructure_and_utility_damage', 'injured_or_dead_people', 'not_humanitarian', 'other_relevant_information', 'requests_or_urgent_needs', 'rescue_volunteering_or_donation_effort', 'sympathy_and_support']
2026-02-27 21:32:07,396 - lg_cotrain - INFO - D_l1: 45, D_l2: 45, D_LG: 5004
2026-02-27 21:32:07,398 - lg_cotrain - INFO - === Phase 1: Weight Generation ===
2026-02-27 21:32:26,302 - lg_cotrain - INFO - Phase 1 epoch 1/7: mean_prob1=0.1080, mean_prob2=0.1144
2026-02-27 21:32:43,908 - lg_cotrain - INFO - Phase 1 epoch 2/7: mean_prob1=0.1190, mean_prob2=0.1331
2026-02-27 21:33:01,491 - lg_cotrain - INFO - Phase 1 epoch 3/7: mean_prob1=0.1128, mean_prob2=0.1447
2026-02-27 21:33:19,052 - lg_cotrain - INFO - Phase 1 epoch 4/7: mean_prob1=0.1121, mean_prob2=0.1500
2026-02-27 21:33:36,705 - lg_cotrain - INFO - Phase 1 epoch 5/7: mean_prob1=0.1476, mean_prob2=0.1549
2026-02-27 21:33:54,298 - lg_cotrain - INFO - Phase 1 epoch 6/7: mean_prob1=0.1368, mean_prob2=0.1432
2026-02-27 21:34:11,886 - lg_cotrain - INFO - Phase 1 epoch 7/7: mean_prob1=0.1573, mean_prob2=0.1524
2026-02-27 21:34:11,886 - lg_cotrain - INFO - === Phase 2: Co-Training ===
2026-02-27 21:34:12,931 - lg_cotrain - INFO - LR scheduler: total_steps_1=5621, warmup=1375; total_steps_2=5621, warmup=1375
2026-02-27 21:34:12,932 - lg_cotrain - INFO - Phase 1 done -> seeded Phase 2 trackers. lambda1: mean=0.1573, range=[0.0195, 0.4776]
2026-02-27 21:34:12,932 - lg_cotrain - INFO - Phase 1 done -> seeded Phase 2 trackers. lambda2: mean=0.1524, range=[0.0157, 0.4657]
2026-02-27 21:35:23,604 - lg_cotrain - INFO - Phase 2 epoch 1/17: loss1=0.2338, loss2=0.2281, dev_macro_f1=0.5401, dev_err=37.74%
2026-02-27 21:36:34,449 - lg_cotrain - INFO - Phase 2 epoch 2/17: loss1=0.0751, loss2=0.1901, dev_macro_f1=0.6328, dev_err=33.15%
2026-02-27 21:37:45,304 - lg_cotrain - INFO - Phase 2 epoch 3/17: loss1=0.0494, loss2=0.2216, dev_macro_f1=0.6552, dev_err=30.19%
2026-02-27 21:38:56,194 - lg_cotrain - INFO - Phase 2 epoch 4/17: loss1=0.0462, loss2=0.2128, dev_macro_f1=0.6138, dev_err=34.50%
2026-02-27 21:40:07,047 - lg_cotrain - INFO - Phase 2 epoch 5/17: loss1=0.0562, loss2=0.1965, dev_macro_f1=0.6533, dev_err=30.86%
2026-02-27 21:41:17,825 - lg_cotrain - INFO - Phase 2 epoch 6/17: loss1=0.0505, loss2=0.1025, dev_macro_f1=0.6426, dev_err=31.67%
2026-02-27 21:42:28,660 - lg_cotrain - INFO - Phase 2 epoch 7/17: loss1=0.0343, loss2=0.0720, dev_macro_f1=0.6444, dev_err=31.54%
2026-02-27 21:43:39,507 - lg_cotrain - INFO - Phase 2 epoch 8/17: loss1=0.0357, loss2=0.0618, dev_macro_f1=0.6535, dev_err=31.27%
2026-02-27 21:44:50,440 - lg_cotrain - INFO - Phase 2 epoch 9/17: loss1=0.0284, loss2=0.0500, dev_macro_f1=0.6460, dev_err=32.21%
2026-02-27 21:46:01,651 - lg_cotrain - INFO - Phase 2 epoch 10/17: loss1=0.0152, loss2=0.0510, dev_macro_f1=0.6315, dev_err=31.81%
2026-02-27 21:47:13,067 - lg_cotrain - INFO - Phase 2 epoch 11/17: loss1=0.0113, loss2=0.0332, dev_macro_f1=0.6319, dev_err=32.21%
2026-02-27 21:48:26,383 - lg_cotrain - INFO - Phase 2 epoch 12/17: loss1=0.0116, loss2=0.0134, dev_macro_f1=0.6455, dev_err=31.40%
2026-02-27 21:49:38,165 - lg_cotrain - INFO - Phase 2 epoch 13/17: loss1=0.0140, loss2=0.0044, dev_macro_f1=0.6404, dev_err=31.27%
2026-02-27 21:50:51,341 - lg_cotrain - INFO - Phase 2 epoch 14/17: loss1=0.0093, loss2=0.0083, dev_macro_f1=0.6396, dev_err=31.81%
2026-02-27 21:52:05,695 - lg_cotrain - INFO - Phase 2 epoch 15/17: loss1=0.0048, loss2=0.0042, dev_macro_f1=0.6487, dev_err=31.67%
2026-02-27 21:53:19,345 - lg_cotrain - INFO - Phase 2 epoch 16/17: loss1=0.0037, loss2=0.0026, dev_macro_f1=0.6383, dev_err=31.67%
2026-02-27 21:54:33,765 - lg_cotrain - INFO - Phase 2 epoch 17/17: loss1=0.0033, loss2=0.0023, dev_macro_f1=0.6409, dev_err=31.81%
2026-02-27 21:54:33,765 - lg_cotrain - INFO - === Phase 3: Fine-Tuning ===
2026-02-27 21:54:36,793 - lg_cotrain - INFO - Phase 3 epoch 1: dev_macro_f1=0.6355, dev_err=31.94%, es_counter1=0, es_counter2=0
2026-02-27 21:54:39,789 - lg_cotrain - INFO - Phase 3 epoch 2: dev_macro_f1=0.6333, dev_err=31.94%, es_counter1=1, es_counter2=1
2026-02-27 21:54:42,844 - lg_cotrain - INFO - Phase 3 epoch 3: dev_macro_f1=0.6520, dev_err=30.86%, es_counter1=0, es_counter2=0
2026-02-27 21:54:45,879 - lg_cotrain - INFO - Phase 3 epoch 4: dev_macro_f1=0.6570, dev_err=30.73%, es_counter1=0, es_counter2=0
2026-02-27 21:54:48,882 - lg_cotrain - INFO - Phase 3 epoch 5: dev_macro_f1=0.6547, dev_err=31.13%, es_counter1=1, es_counter2=1
2026-02-27 21:54:51,885 - lg_cotrain - INFO - Phase 3 epoch 6: dev_macro_f1=0.6529, dev_err=31.54%, es_counter1=2, es_counter2=2
2026-02-27 21:54:54,885 - lg_cotrain - INFO - Phase 3 epoch 7: dev_macro_f1=0.6428, dev_err=32.08%, es_counter1=3, es_counter2=3
2026-02-27 21:54:57,885 - lg_cotrain - INFO - Phase 3 epoch 8: dev_macro_f1=0.6420, dev_err=32.21%, es_counter1=4, es_counter2=4
2026-02-27 21:55:00,882 - lg_cotrain - INFO - Phase 3 epoch 9: dev_macro_f1=0.6455, dev_err=32.35%, es_counter1=5, es_counter2=5
2026-02-27 21:55:03,889 - lg_cotrain - INFO - Phase 3 epoch 10: dev_macro_f1=0.6430, dev_err=32.61%, es_counter1=6, es_counter2=6
2026-02-27 21:55:06,898 - lg_cotrain - INFO - Phase 3 epoch 11: dev_macro_f1=0.6408, dev_err=32.75%, es_counter1=7, es_counter2=7
2026-02-27 21:55:09,898 - lg_cotrain - INFO - Phase 3 epoch 12: dev_macro_f1=0.6361, dev_err=33.15%, es_counter1=8, es_counter2=8
2026-02-27 21:55:12,901 - lg_cotrain - INFO - Phase 3 epoch 13: dev_macro_f1=0.6427, dev_err=32.75%, es_counter1=9, es_counter2=9
2026-02-27 21:55:12,901 - lg_cotrain - INFO - Early stopping at epoch 13
2026-02-27 21:55:12,911 - lg_cotrain - INFO - === Final Evaluation ===
2026-02-27 21:55:20,336 - lg_cotrain - INFO - Results saved to C:\Users\anhtr\AppData\Local\Temp\tmptv4bp0nq\hurricane_maria_2017\10_set1\metrics.json
2026-02-27 21:55:20,336 - lg_cotrain - INFO - Test error rate: 32.45%, Test macro-F1: 0.6347, Test ECE: 0.2338
2026-02-27 21:55:20,345 - lg_cotrain - INFO - --- Trial 6/10 done: dev_macro_f1=0.6570 ---
2026-02-27 21:55:20,345 - lg_cotrain - INFO - --- Trial 7/10 ---
2026-02-27 21:55:20,911 - lg_cotrain - INFO - Starting LG-CoTrain: event=hurricane_maria_2017, budget=10, seed_set=1
2026-02-27 21:55:20,941 - lg_cotrain - INFO - Detected 9 classes for event hurricane_maria_2017: ['caution_and_advice', 'displaced_people_and_evacuations', 'infrastructure_and_utility_damage', 'injured_or_dead_people', 'not_humanitarian', 'other_relevant_information', 'requests_or_urgent_needs', 'rescue_volunteering_or_donation_effort', 'sympathy_and_support']
2026-02-27 21:55:20,952 - lg_cotrain - INFO - D_l1: 45, D_l2: 45, D_LG: 5004
2026-02-27 21:55:20,953 - lg_cotrain - INFO - === Phase 1: Weight Generation ===
2026-02-27 21:55:42,251 - lg_cotrain - INFO - Phase 1 epoch 1/7: mean_prob1=0.1064, mean_prob2=0.1253
2026-02-27 21:56:02,413 - lg_cotrain - INFO - Phase 1 epoch 2/7: mean_prob1=0.1110, mean_prob2=0.1320
2026-02-27 21:56:22,491 - lg_cotrain - INFO - Phase 1 epoch 3/7: mean_prob1=0.1241, mean_prob2=0.1331
2026-02-27 21:56:42,615 - lg_cotrain - INFO - Phase 1 epoch 4/7: mean_prob1=0.1247, mean_prob2=0.1388
2026-02-27 21:57:02,652 - lg_cotrain - INFO - Phase 1 epoch 5/7: mean_prob1=0.1239, mean_prob2=0.1396
2026-02-27 21:57:22,666 - lg_cotrain - INFO - Phase 1 epoch 6/7: mean_prob1=0.1242, mean_prob2=0.1374
2026-02-27 21:57:42,893 - lg_cotrain - INFO - Phase 1 epoch 7/7: mean_prob1=0.1319, mean_prob2=0.1426
2026-02-27 21:57:42,894 - lg_cotrain - INFO - === Phase 2: Co-Training ===
2026-02-27 21:57:44,016 - lg_cotrain - INFO - LR scheduler: total_steps_1=8738, warmup=1553; total_steps_2=8738, warmup=1553
2026-02-27 21:57:44,017 - lg_cotrain - INFO - Phase 1 done -> seeded Phase 2 trackers. lambda1: mean=0.1319, range=[0.0291, 0.3490]
2026-02-27 21:57:44,017 - lg_cotrain - INFO - Phase 1 done -> seeded Phase 2 trackers. lambda2: mean=0.1426, range=[0.0201, 0.4453]
2026-02-27 21:59:11,188 - lg_cotrain - INFO - Phase 2 epoch 1/13: loss1=0.2168, loss2=0.1976, dev_macro_f1=0.5166, dev_err=37.20%
2026-02-27 22:00:37,011 - lg_cotrain - INFO - Phase 2 epoch 2/13: loss1=0.0684, loss2=0.2001, dev_macro_f1=0.6215, dev_err=33.69%
2026-02-27 22:02:03,992 - lg_cotrain - INFO - Phase 2 epoch 3/13: loss1=0.0405, loss2=0.2037, dev_macro_f1=0.6164, dev_err=33.69%
2026-02-27 22:03:30,717 - lg_cotrain - INFO - Phase 2 epoch 4/13: loss1=0.0312, loss2=0.1280, dev_macro_f1=0.6458, dev_err=31.67%
2026-02-27 22:04:55,013 - lg_cotrain - INFO - Phase 2 epoch 5/13: loss1=0.0227, loss2=0.0785, dev_macro_f1=0.6242, dev_err=32.48%
2026-02-27 22:06:19,694 - lg_cotrain - INFO - Phase 2 epoch 6/13: loss1=0.0183, loss2=0.0391, dev_macro_f1=0.6238, dev_err=32.88%
2026-02-27 22:07:42,963 - lg_cotrain - INFO - Phase 2 epoch 7/13: loss1=0.0149, loss2=0.0301, dev_macro_f1=0.6399, dev_err=31.67%
2026-02-27 22:09:06,221 - lg_cotrain - INFO - Phase 2 epoch 8/13: loss1=0.0144, loss2=0.0225, dev_macro_f1=0.6441, dev_err=31.40%
2026-02-27 22:10:29,418 - lg_cotrain - INFO - Phase 2 epoch 9/13: loss1=0.0098, loss2=0.0283, dev_macro_f1=0.6450, dev_err=31.81%
2026-02-27 22:11:52,577 - lg_cotrain - INFO - Phase 2 epoch 10/13: loss1=0.0058, loss2=0.0133, dev_macro_f1=0.6460, dev_err=31.67%
2026-02-27 22:13:15,683 - lg_cotrain - INFO - Phase 2 epoch 11/13: loss1=0.0045, loss2=0.0077, dev_macro_f1=0.6402, dev_err=32.21%
2026-02-27 22:14:38,823 - lg_cotrain - INFO - Phase 2 epoch 12/13: loss1=0.0067, loss2=0.0062, dev_macro_f1=0.6387, dev_err=32.21%
2026-02-27 22:16:01,943 - lg_cotrain - INFO - Phase 2 epoch 13/13: loss1=0.0054, loss2=0.0045, dev_macro_f1=0.6484, dev_err=31.54%
2026-02-27 22:16:01,943 - lg_cotrain - INFO - === Phase 3: Fine-Tuning ===
2026-02-27 22:16:05,124 - lg_cotrain - INFO - Phase 3 epoch 1: dev_macro_f1=0.6501, dev_err=31.81%, es_counter1=0, es_counter2=0
2026-02-27 22:16:08,309 - lg_cotrain - INFO - Phase 3 epoch 2: dev_macro_f1=0.6395, dev_err=32.48%, es_counter1=1, es_counter2=1
2026-02-27 22:16:11,488 - lg_cotrain - INFO - Phase 3 epoch 3: dev_macro_f1=0.6364, dev_err=32.61%, es_counter1=2, es_counter2=2
2026-02-27 22:16:14,669 - lg_cotrain - INFO - Phase 3 epoch 4: dev_macro_f1=0.6345, dev_err=32.75%, es_counter1=3, es_counter2=3
2026-02-27 22:16:17,858 - lg_cotrain - INFO - Phase 3 epoch 5: dev_macro_f1=0.6348, dev_err=32.21%, es_counter1=4, es_counter2=4
2026-02-27 22:16:21,049 - lg_cotrain - INFO - Phase 3 epoch 6: dev_macro_f1=0.6391, dev_err=31.81%, es_counter1=5, es_counter2=5
2026-02-27 22:16:24,244 - lg_cotrain - INFO - Phase 3 epoch 7: dev_macro_f1=0.6389, dev_err=31.94%, es_counter1=6, es_counter2=6
2026-02-27 22:16:27,426 - lg_cotrain - INFO - Phase 3 epoch 8: dev_macro_f1=0.6392, dev_err=31.94%, es_counter1=7, es_counter2=7
2026-02-27 22:16:30,625 - lg_cotrain - INFO - Phase 3 epoch 9: dev_macro_f1=0.6417, dev_err=31.67%, es_counter1=8, es_counter2=8
2026-02-27 22:16:30,625 - lg_cotrain - INFO - Early stopping at epoch 9
2026-02-27 22:16:30,635 - lg_cotrain - INFO - === Final Evaluation ===
2026-02-27 22:16:38,254 - lg_cotrain - INFO - Results saved to C:\Users\anhtr\AppData\Local\Temp\tmpmas6uqtd\hurricane_maria_2017\10_set1\metrics.json
2026-02-27 22:16:38,255 - lg_cotrain - INFO - Test error rate: 31.76%, Test macro-F1: 0.6545, Test ECE: 0.2519
2026-02-27 22:16:38,265 - lg_cotrain - INFO - --- Trial 7/10 done: dev_macro_f1=0.6501 ---
2026-02-27 22:16:38,266 - lg_cotrain - INFO - --- Trial 8/10 ---
2026-02-27 22:16:38,818 - lg_cotrain - INFO - Starting LG-CoTrain: event=hurricane_maria_2017, budget=10, seed_set=1
2026-02-27 22:16:38,852 - lg_cotrain - INFO - Detected 9 classes for event hurricane_maria_2017: ['caution_and_advice', 'displaced_people_and_evacuations', 'infrastructure_and_utility_damage', 'injured_or_dead_people', 'not_humanitarian', 'other_relevant_information', 'requests_or_urgent_needs', 'rescue_volunteering_or_donation_effort', 'sympathy_and_support']
2026-02-27 22:16:38,860 - lg_cotrain - INFO - D_l1: 45, D_l2: 45, D_LG: 5004
2026-02-27 22:16:38,861 - lg_cotrain - INFO - === Phase 1: Weight Generation ===
2026-02-27 22:16:55,523 - lg_cotrain - INFO - Phase 1 epoch 1/7: mean_prob1=0.0998, mean_prob2=0.0957
2026-02-27 22:17:11,086 - lg_cotrain - INFO - Phase 1 epoch 2/7: mean_prob1=0.1195, mean_prob2=0.0974
2026-02-27 22:17:26,571 - lg_cotrain - INFO - Phase 1 epoch 3/7: mean_prob1=0.1202, mean_prob2=0.1060
2026-02-27 22:17:42,168 - lg_cotrain - INFO - Phase 1 epoch 4/7: mean_prob1=0.1267, mean_prob2=0.1341
2026-02-27 22:17:57,834 - lg_cotrain - INFO - Phase 1 epoch 5/7: mean_prob1=0.1460, mean_prob2=0.1436
2026-02-27 22:18:13,407 - lg_cotrain - INFO - Phase 1 epoch 6/7: mean_prob1=0.1718, mean_prob2=0.1346
2026-02-27 22:18:29,188 - lg_cotrain - INFO - Phase 1 epoch 7/7: mean_prob1=0.1603, mean_prob2=0.1639
2026-02-27 22:18:29,189 - lg_cotrain - INFO - === Phase 2: Co-Training ===
2026-02-27 22:18:30,448 - lg_cotrain - INFO - LR scheduler: total_steps_1=969, warmup=265; total_steps_2=969, warmup=265
2026-02-27 22:18:30,448 - lg_cotrain - INFO - Phase 1 done -> seeded Phase 2 trackers. lambda1: mean=0.1603, range=[0.0175, 0.5806]
2026-02-27 22:18:30,449 - lg_cotrain - INFO - Phase 1 done -> seeded Phase 2 trackers. lambda2: mean=0.1639, range=[0.0162, 0.5293]
2026-02-27 22:19:30,769 - lg_cotrain - INFO - Phase 2 epoch 1/11: loss1=0.2267, loss2=0.2338, dev_macro_f1=0.5554, dev_err=38.54%
2026-02-27 22:20:31,239 - lg_cotrain - INFO - Phase 2 epoch 2/11: loss1=0.0717, loss2=0.2206, dev_macro_f1=0.6197, dev_err=35.58%
2026-02-27 22:21:32,243 - lg_cotrain - INFO - Phase 2 epoch 3/11: loss1=0.0586, loss2=0.2922, dev_macro_f1=0.6281, dev_err=33.69%
2026-02-27 22:22:33,484 - lg_cotrain - INFO - Phase 2 epoch 4/11: loss1=0.0934, loss2=0.2654, dev_macro_f1=0.6292, dev_err=31.94%
2026-02-27 22:23:34,378 - lg_cotrain - INFO - Phase 2 epoch 5/11: loss1=0.1120, loss2=0.2119, dev_macro_f1=0.6431, dev_err=32.75%
2026-02-27 22:24:34,812 - lg_cotrain - INFO - Phase 2 epoch 6/11: loss1=0.0670, loss2=0.1255, dev_macro_f1=0.6541, dev_err=31.27%
2026-02-27 22:25:34,522 - lg_cotrain - INFO - Phase 2 epoch 7/11: loss1=0.0606, loss2=0.1125, dev_macro_f1=0.6444, dev_err=31.67%
2026-02-27 22:26:33,929 - lg_cotrain - INFO - Phase 2 epoch 8/11: loss1=0.0436, loss2=0.0596, dev_macro_f1=0.6579, dev_err=30.46%
2026-02-27 22:27:33,354 - lg_cotrain - INFO - Phase 2 epoch 9/11: loss1=0.0245, loss2=0.0228, dev_macro_f1=0.6473, dev_err=31.67%
2026-02-27 22:28:32,887 - lg_cotrain - INFO - Phase 2 epoch 10/11: loss1=0.0181, loss2=0.0202, dev_macro_f1=0.6624, dev_err=30.19%
2026-02-27 22:29:32,354 - lg_cotrain - INFO - Phase 2 epoch 11/11: loss1=0.0147, loss2=0.0118, dev_macro_f1=0.6626, dev_err=30.19%
2026-02-27 22:29:32,355 - lg_cotrain - INFO - === Phase 3: Fine-Tuning ===
2026-02-27 22:29:34,909 - lg_cotrain - INFO - Phase 3 epoch 1: dev_macro_f1=0.6591, dev_err=30.05%, es_counter1=0, es_counter2=0
2026-02-27 22:29:37,464 - lg_cotrain - INFO - Phase 3 epoch 2: dev_macro_f1=0.6594, dev_err=29.92%, es_counter1=0, es_counter2=0
2026-02-27 22:29:40,019 - lg_cotrain - INFO - Phase 3 epoch 3: dev_macro_f1=0.6626, dev_err=29.92%, es_counter1=0, es_counter2=0
2026-02-27 22:29:42,581 - lg_cotrain - INFO - Phase 3 epoch 4: dev_macro_f1=0.6667, dev_err=29.78%, es_counter1=0, es_counter2=0
2026-02-27 22:29:45,116 - lg_cotrain - INFO - Phase 3 epoch 5: dev_macro_f1=0.6662, dev_err=30.05%, es_counter1=1, es_counter2=1
2026-02-27 22:29:47,648 - lg_cotrain - INFO - Phase 3 epoch 6: dev_macro_f1=0.6518, dev_err=30.46%, es_counter1=2, es_counter2=2
2026-02-27 22:29:50,144 - lg_cotrain - INFO - Phase 3 epoch 7: dev_macro_f1=0.6449, dev_err=31.54%, es_counter1=3, es_counter2=3
2026-02-27 22:29:52,674 - lg_cotrain - INFO - Phase 3 epoch 8: dev_macro_f1=0.6436, dev_err=32.08%, es_counter1=4, es_counter2=4
2026-02-27 22:29:55,206 - lg_cotrain - INFO - Phase 3 epoch 9: dev_macro_f1=0.6474, dev_err=31.81%, es_counter1=5, es_counter2=5
2026-02-27 22:29:57,757 - lg_cotrain - INFO - Phase 3 epoch 10: dev_macro_f1=0.6391, dev_err=32.08%, es_counter1=6, es_counter2=6
2026-02-27 22:29:57,757 - lg_cotrain - INFO - Early stopping at epoch 10
2026-02-27 22:29:57,773 - lg_cotrain - INFO - === Final Evaluation ===
2026-02-27 22:30:04,254 - lg_cotrain - INFO - Results saved to C:\Users\anhtr\AppData\Local\Temp\tmp84fnyd75\hurricane_maria_2017\10_set1\metrics.json
2026-02-27 22:30:04,256 - lg_cotrain - INFO - Test error rate: 31.69%, Test macro-F1: 0.6453, Test ECE: 0.2060
2026-02-27 22:30:04,269 - lg_cotrain - INFO - --- Trial 8/10 done: dev_macro_f1=0.6667 ---
2026-02-27 22:30:04,269 - lg_cotrain - INFO - --- Trial 9/10 ---
2026-02-27 22:30:04,848 - lg_cotrain - INFO - Starting LG-CoTrain: event=hurricane_maria_2017, budget=10, seed_set=1
2026-02-27 22:30:04,884 - lg_cotrain - INFO - Detected 9 classes for event hurricane_maria_2017: ['caution_and_advice', 'displaced_people_and_evacuations', 'infrastructure_and_utility_damage', 'injured_or_dead_people', 'not_humanitarian', 'other_relevant_information', 'requests_or_urgent_needs', 'rescue_volunteering_or_donation_effort', 'sympathy_and_support']
2026-02-27 22:30:04,895 - lg_cotrain - INFO - D_l1: 45, D_l2: 45, D_LG: 5004
2026-02-27 22:30:04,898 - lg_cotrain - INFO - === Phase 1: Weight Generation ===
2026-02-27 22:30:25,618 - lg_cotrain - INFO - Phase 1 epoch 1/7: mean_prob1=0.1032, mean_prob2=0.0944
2026-02-27 22:30:45,138 - lg_cotrain - INFO - Phase 1 epoch 2/7: mean_prob1=0.1155, mean_prob2=0.1065
2026-02-27 22:31:04,644 - lg_cotrain - INFO - Phase 1 epoch 3/7: mean_prob1=0.1159, mean_prob2=0.1058
2026-02-27 22:31:24,155 - lg_cotrain - INFO - Phase 1 epoch 4/7: mean_prob1=0.1123, mean_prob2=0.1133
2026-02-27 22:31:43,845 - lg_cotrain - INFO - Phase 1 epoch 5/7: mean_prob1=0.1447, mean_prob2=0.1057
2026-02-27 22:32:03,449 - lg_cotrain - INFO - Phase 1 epoch 6/7: mean_prob1=0.1026, mean_prob2=0.1449
2026-02-27 22:32:23,000 - lg_cotrain - INFO - Phase 1 epoch 7/7: mean_prob1=0.1237, mean_prob2=0.0959
2026-02-27 22:32:23,001 - lg_cotrain - INFO - === Phase 2: Co-Training ===
2026-02-27 22:32:24,096 - lg_cotrain - INFO - LR scheduler: total_steps_1=4982, warmup=730; total_steps_2=4982, warmup=730
2026-02-27 22:32:24,096 - lg_cotrain - INFO - Phase 1 done -> seeded Phase 2 trackers. lambda1: mean=0.1237, range=[0.0188, 0.2887]
2026-02-27 22:32:24,096 - lg_cotrain - INFO - Phase 1 done -> seeded Phase 2 trackers. lambda2: mean=0.0959, range=[0.0590, 0.1986]
2026-02-27 22:33:48,539 - lg_cotrain - INFO - Phase 2 epoch 1/7: loss1=0.1249, loss2=0.1799, dev_macro_f1=0.0363, dev_err=80.46%
2026-02-27 22:35:12,882 - lg_cotrain - INFO - Phase 2 epoch 2/7: loss1=0.1045, loss2=0.3096, dev_macro_f1=0.0363, dev_err=80.46%
2026-02-27 22:36:37,331 - lg_cotrain - INFO - Phase 2 epoch 3/7: loss1=0.1214, loss2=0.3326, dev_macro_f1=0.0363, dev_err=80.46%
2026-02-27 22:38:02,019 - lg_cotrain - INFO - Phase 2 epoch 4/7: loss1=0.1146, loss2=0.3600, dev_macro_f1=0.0363, dev_err=80.46%
2026-02-27 22:39:26,695 - lg_cotrain - INFO - Phase 2 epoch 5/7: loss1=0.1143, loss2=0.3589, dev_macro_f1=0.0476, dev_err=72.78%
2026-02-27 22:40:51,369 - lg_cotrain - INFO - Phase 2 epoch 6/7: loss1=0.1170, loss2=0.3571, dev_macro_f1=0.0363, dev_err=80.46%
2026-02-27 22:42:16,056 - lg_cotrain - INFO - Phase 2 epoch 7/7: loss1=0.1208, loss2=0.3524, dev_macro_f1=0.0363, dev_err=80.46%
2026-02-27 22:42:16,057 - lg_cotrain - INFO - === Phase 3: Fine-Tuning ===
2026-02-27 22:42:19,288 - lg_cotrain - INFO - Phase 3 epoch 1: dev_macro_f1=0.0363, dev_err=80.46%, es_counter1=0, es_counter2=0
2026-02-27 22:42:22,518 - lg_cotrain - INFO - Phase 3 epoch 2: dev_macro_f1=0.0476, dev_err=72.78%, es_counter1=0, es_counter2=0
2026-02-27 22:42:25,731 - lg_cotrain - INFO - Phase 3 epoch 3: dev_macro_f1=0.0038, dev_err=98.25%, es_counter1=1, es_counter2=1
2026-02-27 22:42:28,924 - lg_cotrain - INFO - Phase 3 epoch 4: dev_macro_f1=0.0038, dev_err=98.25%, es_counter1=2, es_counter2=2
2026-02-27 22:42:32,130 - lg_cotrain - INFO - Phase 3 epoch 5: dev_macro_f1=0.0038, dev_err=98.25%, es_counter1=3, es_counter2=3
2026-02-27 22:42:35,332 - lg_cotrain - INFO - Phase 3 epoch 6: dev_macro_f1=0.0189, dev_err=90.70%, es_counter1=4, es_counter2=4
2026-02-27 22:42:38,533 - lg_cotrain - INFO - Phase 3 epoch 7: dev_macro_f1=0.0189, dev_err=90.70%, es_counter1=5, es_counter2=5
2026-02-27 22:42:38,533 - lg_cotrain - INFO - Early stopping at epoch 7
2026-02-27 22:42:38,542 - lg_cotrain - INFO - === Final Evaluation ===
2026-02-27 22:42:46,214 - lg_cotrain - INFO - Results saved to C:\Users\anhtr\AppData\Local\Temp\tmp9wkp_10k\hurricane_maria_2017\10_set1\metrics.json
2026-02-27 22:42:46,214 - lg_cotrain - INFO - Test error rate: 72.88%, Test macro-F1: 0.0474, Test ECE: 0.0684
2026-02-27 22:42:46,226 - lg_cotrain - INFO - --- Trial 9/10 done: dev_macro_f1=0.0476 ---
2026-02-27 22:42:46,226 - lg_cotrain - INFO - --- Trial 10/10 ---
2026-02-27 22:42:46,810 - lg_cotrain - INFO - Starting LG-CoTrain: event=hurricane_maria_2017, budget=10, seed_set=1
2026-02-27 22:42:46,845 - lg_cotrain - INFO - Detected 9 classes for event hurricane_maria_2017: ['caution_and_advice', 'displaced_people_and_evacuations', 'infrastructure_and_utility_damage', 'injured_or_dead_people', 'not_humanitarian', 'other_relevant_information', 'requests_or_urgent_needs', 'rescue_volunteering_or_donation_effort', 'sympathy_and_support']
2026-02-27 22:42:46,854 - lg_cotrain - INFO - D_l1: 45, D_l2: 45, D_LG: 5004
2026-02-27 22:42:46,855 - lg_cotrain - INFO - === Phase 1: Weight Generation ===
2026-02-27 22:43:07,494 - lg_cotrain - INFO - Phase 1 epoch 1/7: mean_prob1=0.1240, mean_prob2=0.1075
2026-02-27 22:43:27,089 - lg_cotrain - INFO - Phase 1 epoch 2/7: mean_prob1=0.0969, mean_prob2=0.1199
2026-02-27 22:43:46,791 - lg_cotrain - INFO - Phase 1 epoch 3/7: mean_prob1=0.1250, mean_prob2=0.1323
2026-02-27 22:44:06,385 - lg_cotrain - INFO - Phase 1 epoch 4/7: mean_prob1=0.1338, mean_prob2=0.1400
2026-02-27 22:44:25,945 - lg_cotrain - INFO - Phase 1 epoch 5/7: mean_prob1=0.1486, mean_prob2=0.1750
2026-02-27 22:44:45,520 - lg_cotrain - INFO - Phase 1 epoch 6/7: mean_prob1=0.1841, mean_prob2=0.1673
2026-02-27 22:45:05,267 - lg_cotrain - INFO - Phase 1 epoch 7/7: mean_prob1=0.1834, mean_prob2=0.1506
2026-02-27 22:45:05,267 - lg_cotrain - INFO - === Phase 2: Co-Training ===
2026-02-27 22:45:06,376 - lg_cotrain - INFO - LR scheduler: total_steps_1=7486, warmup=439; total_steps_2=7486, warmup=439
2026-02-27 22:45:06,377 - lg_cotrain - INFO - Phase 1 done -> seeded Phase 2 trackers. lambda1: mean=0.1834, range=[0.0072, 0.6616]
2026-02-27 22:45:06,377 - lg_cotrain - INFO - Phase 1 done -> seeded Phase 2 trackers. lambda2: mean=0.1506, range=[0.0071, 0.7882]
2026-02-27 22:46:31,109 - lg_cotrain - INFO - Phase 2 epoch 1/11: loss1=0.1806, loss2=0.1924, dev_macro_f1=0.6541, dev_err=31.67%
2026-02-27 22:47:55,883 - lg_cotrain - INFO - Phase 2 epoch 2/11: loss1=0.0654, loss2=0.3976, dev_macro_f1=0.6376, dev_err=32.35%
2026-02-27 22:49:20,575 - lg_cotrain - INFO - Phase 2 epoch 3/11: loss1=0.0498, loss2=0.3948, dev_macro_f1=0.6284, dev_err=32.48%
2026-02-27 22:50:44,956 - lg_cotrain - INFO - Phase 2 epoch 4/11: loss1=0.0570, loss2=0.2770, dev_macro_f1=0.6645, dev_err=30.19%
2026-02-27 22:52:09,223 - lg_cotrain - INFO - Phase 2 epoch 5/11: loss1=0.0372, loss2=0.1609, dev_macro_f1=0.6359, dev_err=32.61%
2026-02-27 22:53:33,561 - lg_cotrain - INFO - Phase 2 epoch 6/11: loss1=0.0334, loss2=0.1181, dev_macro_f1=0.6490, dev_err=30.86%
2026-02-27 22:54:57,983 - lg_cotrain - INFO - Phase 2 epoch 7/11: loss1=0.0228, loss2=0.0780, dev_macro_f1=0.6546, dev_err=31.67%
2026-02-27 22:56:22,247 - lg_cotrain - INFO - Phase 2 epoch 8/11: loss1=0.0233, loss2=0.0654, dev_macro_f1=0.6581, dev_err=30.59%
2026-02-27 22:57:46,434 - lg_cotrain - INFO - Phase 2 epoch 9/11: loss1=0.0181, loss2=0.0417, dev_macro_f1=0.6514, dev_err=31.00%
2026-02-27 22:59:10,589 - lg_cotrain - INFO - Phase 2 epoch 10/11: loss1=0.0100, loss2=0.0222, dev_macro_f1=0.6629, dev_err=30.46%
2026-02-27 23:00:34,808 - lg_cotrain - INFO - Phase 2 epoch 11/11: loss1=0.0073, loss2=0.0158, dev_macro_f1=0.6535, dev_err=31.27%
2026-02-27 23:00:34,808 - lg_cotrain - INFO - === Phase 3: Fine-Tuning ===
2026-02-27 23:00:38,025 - lg_cotrain - INFO - Phase 3 epoch 1: dev_macro_f1=0.6407, dev_err=32.08%, es_counter1=0, es_counter2=0
2026-02-27 23:00:41,232 - lg_cotrain - INFO - Phase 3 epoch 2: dev_macro_f1=0.6424, dev_err=31.54%, es_counter1=0, es_counter2=0
2026-02-27 23:00:44,454 - lg_cotrain - INFO - Phase 3 epoch 3: dev_macro_f1=0.6471, dev_err=31.27%, es_counter1=0, es_counter2=0
2026-02-27 23:00:47,660 - lg_cotrain - INFO - Phase 3 epoch 4: dev_macro_f1=0.6477, dev_err=31.40%, es_counter1=0, es_counter2=0
2026-02-27 23:00:50,920 - lg_cotrain - INFO - Phase 3 epoch 5: dev_macro_f1=0.6615, dev_err=30.19%, es_counter1=0, es_counter2=0
2026-02-27 23:00:54,131 - lg_cotrain - INFO - Phase 3 epoch 6: dev_macro_f1=0.6565, dev_err=30.73%, es_counter1=1, es_counter2=1
2026-02-27 23:00:57,340 - lg_cotrain - INFO - Phase 3 epoch 7: dev_macro_f1=0.6570, dev_err=30.59%, es_counter1=2, es_counter2=2
2026-02-27 23:01:00,552 - lg_cotrain - INFO - Phase 3 epoch 8: dev_macro_f1=0.6590, dev_err=30.32%, es_counter1=3, es_counter2=3
2026-02-27 23:01:03,783 - lg_cotrain - INFO - Phase 3 epoch 9: dev_macro_f1=0.6643, dev_err=30.19%, es_counter1=0, es_counter2=0
2026-02-27 23:01:06,998 - lg_cotrain - INFO - Phase 3 epoch 10: dev_macro_f1=0.6630, dev_err=30.19%, es_counter1=1, es_counter2=1
2026-02-27 23:01:10,222 - lg_cotrain - INFO - Phase 3 epoch 11: dev_macro_f1=0.6659, dev_err=30.05%, es_counter1=0, es_counter2=0
2026-02-27 23:01:13,484 - lg_cotrain - INFO - Phase 3 epoch 12: dev_macro_f1=0.6667, dev_err=29.92%, es_counter1=0, es_counter2=0
2026-02-27 23:01:16,739 - lg_cotrain - INFO - Phase 3 epoch 13: dev_macro_f1=0.6668, dev_err=29.92%, es_counter1=0, es_counter2=0
2026-02-27 23:01:19,959 - lg_cotrain - INFO - Phase 3 epoch 14: dev_macro_f1=0.6688, dev_err=29.65%, es_counter1=0, es_counter2=0
2026-02-27 23:01:23,171 - lg_cotrain - INFO - Phase 3 epoch 15: dev_macro_f1=0.6688, dev_err=29.65%, es_counter1=1, es_counter2=1
2026-02-27 23:01:26,390 - lg_cotrain - INFO - Phase 3 epoch 16: dev_macro_f1=0.6688, dev_err=29.65%, es_counter1=2, es_counter2=2
2026-02-27 23:01:29,591 - lg_cotrain - INFO - Phase 3 epoch 17: dev_macro_f1=0.6688, dev_err=29.65%, es_counter1=3, es_counter2=3
2026-02-27 23:01:32,823 - lg_cotrain - INFO - Phase 3 epoch 18: dev_macro_f1=0.6715, dev_err=29.51%, es_counter1=0, es_counter2=0
2026-02-27 23:01:36,014 - lg_cotrain - INFO - Phase 3 epoch 19: dev_macro_f1=0.6715, dev_err=29.51%, es_counter1=1, es_counter2=1
2026-02-27 23:01:39,209 - lg_cotrain - INFO - Phase 3 epoch 20: dev_macro_f1=0.6699, dev_err=29.65%, es_counter1=2, es_counter2=2
2026-02-27 23:01:42,405 - lg_cotrain - INFO - Phase 3 epoch 21: dev_macro_f1=0.6689, dev_err=29.78%, es_counter1=3, es_counter2=3
2026-02-27 23:01:45,594 - lg_cotrain - INFO - Phase 3 epoch 22: dev_macro_f1=0.6685, dev_err=29.78%, es_counter1=4, es_counter2=4
2026-02-27 23:01:48,788 - lg_cotrain - INFO - Phase 3 epoch 23: dev_macro_f1=0.6685, dev_err=29.78%, es_counter1=5, es_counter2=5
2026-02-27 23:01:48,788 - lg_cotrain - INFO - Early stopping at epoch 23
2026-02-27 23:01:48,798 - lg_cotrain - INFO - === Final Evaluation ===
2026-02-27 23:01:56,508 - lg_cotrain - INFO - Results saved to C:\Users\anhtr\AppData\Local\Temp\tmpp1hw7p9x\hurricane_maria_2017\10_set1\metrics.json
2026-02-27 23:01:56,508 - lg_cotrain - INFO - Test error rate: 33.50%, Test macro-F1: 0.6375, Test ECE: 0.1499
2026-02-27 23:01:56,525 - lg_cotrain - INFO - --- Trial 10/10 done: dev_macro_f1=0.6715 ---
