2026-02-25 20:01:10,382 - lg_cotrain - INFO - === Optuna study: hurricane_harvey_2017 budget=5 seed=3 | target=10 trials, 0 replayed, 10 new ===
2026-02-25 20:01:10,383 - lg_cotrain - INFO - --- Trial 1/10 ---
2026-02-25 20:01:10,892 - lg_cotrain - INFO - Starting LG-CoTrain: event=hurricane_harvey_2017, budget=5, seed_set=3
2026-02-25 20:01:10,935 - lg_cotrain - INFO - Detected 9 classes for event hurricane_harvey_2017: ['caution_and_advice', 'displaced_people_and_evacuations', 'infrastructure_and_utility_damage', 'injured_or_dead_people', 'not_humanitarian', 'other_relevant_information', 'requests_or_urgent_needs', 'rescue_volunteering_or_donation_effort', 'sympathy_and_support']
2026-02-25 20:01:10,946 - lg_cotrain - INFO - D_l1: 27, D_l2: 18, D_LG: 6333
2026-02-25 20:01:10,948 - lg_cotrain - INFO - === Phase 1: Weight Generation ===
2026-02-25 20:01:33,590 - lg_cotrain - INFO - Phase 1 epoch 1/7: mean_prob1=0.1138, mean_prob2=0.1136
2026-02-25 20:01:55,078 - lg_cotrain - INFO - Phase 1 epoch 2/7: mean_prob1=0.1211, mean_prob2=0.1067
2026-02-25 20:02:16,432 - lg_cotrain - INFO - Phase 1 epoch 3/7: mean_prob1=0.1106, mean_prob2=0.0951
2026-02-25 20:02:37,774 - lg_cotrain - INFO - Phase 1 epoch 4/7: mean_prob1=0.1085, mean_prob2=0.0950
2026-02-25 20:02:59,282 - lg_cotrain - INFO - Phase 1 epoch 5/7: mean_prob1=0.1104, mean_prob2=0.1079
2026-02-25 20:03:20,718 - lg_cotrain - INFO - Phase 1 epoch 6/7: mean_prob1=0.1046, mean_prob2=0.1090
2026-02-25 20:03:41,959 - lg_cotrain - INFO - Phase 1 epoch 7/7: mean_prob1=0.1042, mean_prob2=0.1167
2026-02-25 20:03:41,960 - lg_cotrain - INFO - === Phase 2: Co-Training ===
2026-02-25 20:03:42,933 - lg_cotrain - INFO - LR scheduler: total_steps_1=2180, warmup=240; total_steps_2=2180, warmup=240
2026-02-25 20:03:42,933 - lg_cotrain - INFO - Phase 1 done -> seeded Phase 2 trackers. lambda1: mean=0.1042, range=[0.0844, 0.1352]
2026-02-25 20:03:42,934 - lg_cotrain - INFO - Phase 1 done -> seeded Phase 2 trackers. lambda2: mean=0.1167, range=[0.0524, 0.1910]
2026-02-25 20:05:10,499 - lg_cotrain - INFO - Phase 2 epoch 1/5: loss1=0.2116, loss2=0.2019, dev_macro_f1=0.0526, dev_err=69.00%
2026-02-25 20:06:38,180 - lg_cotrain - INFO - Phase 2 epoch 2/5: loss1=0.1860, loss2=0.3106, dev_macro_f1=0.0096, dev_err=95.48%
2026-02-25 20:08:05,885 - lg_cotrain - INFO - Phase 2 epoch 3/5: loss1=0.1652, loss2=0.3256, dev_macro_f1=0.0526, dev_err=69.00%
2026-02-25 20:09:33,429 - lg_cotrain - INFO - Phase 2 epoch 4/5: loss1=0.1580, loss2=0.3526, dev_macro_f1=0.0526, dev_err=69.00%
2026-02-25 20:11:00,983 - lg_cotrain - INFO - Phase 2 epoch 5/5: loss1=0.1512, loss2=0.3524, dev_macro_f1=0.0526, dev_err=69.00%
2026-02-25 20:11:00,983 - lg_cotrain - INFO - === Phase 3: Fine-Tuning ===
2026-02-25 20:11:04,189 - lg_cotrain - INFO - Phase 3 epoch 1: dev_macro_f1=0.0526, dev_err=69.00%, es_counter1=0, es_counter2=0
2026-02-25 20:11:07,361 - lg_cotrain - INFO - Phase 3 epoch 2: dev_macro_f1=0.0526, dev_err=69.00%, es_counter1=1, es_counter2=1
2026-02-25 20:11:10,545 - lg_cotrain - INFO - Phase 3 epoch 3: dev_macro_f1=0.0526, dev_err=69.00%, es_counter1=2, es_counter2=2
2026-02-25 20:11:13,719 - lg_cotrain - INFO - Phase 3 epoch 4: dev_macro_f1=0.0526, dev_err=69.00%, es_counter1=3, es_counter2=3
2026-02-25 20:11:16,899 - lg_cotrain - INFO - Phase 3 epoch 5: dev_macro_f1=0.0526, dev_err=69.00%, es_counter1=4, es_counter2=4
2026-02-25 20:11:20,078 - lg_cotrain - INFO - Phase 3 epoch 6: dev_macro_f1=0.0526, dev_err=69.00%, es_counter1=5, es_counter2=5
2026-02-25 20:11:23,252 - lg_cotrain - INFO - Phase 3 epoch 7: dev_macro_f1=0.0526, dev_err=69.00%, es_counter1=6, es_counter2=6
2026-02-25 20:11:26,429 - lg_cotrain - INFO - Phase 3 epoch 8: dev_macro_f1=0.0078, dev_err=96.34%, es_counter1=7, es_counter2=7
2026-02-25 20:11:29,604 - lg_cotrain - INFO - Phase 3 epoch 9: dev_macro_f1=0.0078, dev_err=96.34%, es_counter1=8, es_counter2=8
2026-02-25 20:11:32,775 - lg_cotrain - INFO - Phase 3 epoch 10: dev_macro_f1=0.0078, dev_err=96.34%, es_counter1=9, es_counter2=9
2026-02-25 20:11:35,968 - lg_cotrain - INFO - Phase 3 epoch 11: dev_macro_f1=0.0078, dev_err=96.34%, es_counter1=10, es_counter2=10
2026-02-25 20:11:35,969 - lg_cotrain - INFO - Early stopping at epoch 11
2026-02-25 20:11:35,980 - lg_cotrain - INFO - === Final Evaluation ===
2026-02-25 20:11:44,606 - lg_cotrain - INFO - Results saved to C:\Users\anhtr\AppData\Local\Temp\tmp83psc4de\hurricane_harvey_2017\5_set3\metrics.json
2026-02-25 20:11:44,606 - lg_cotrain - INFO - Test error rate: 69.03%, Test macro-F1: 0.0525, Test ECE: 0.1566
2026-02-25 20:11:44,617 - lg_cotrain - INFO - --- Trial 1/10 done: dev_macro_f1=0.0526 ---
2026-02-25 20:11:44,617 - lg_cotrain - INFO - --- Trial 2/10 ---
2026-02-25 20:11:45,135 - lg_cotrain - INFO - Starting LG-CoTrain: event=hurricane_harvey_2017, budget=5, seed_set=3
2026-02-25 20:11:45,174 - lg_cotrain - INFO - Detected 9 classes for event hurricane_harvey_2017: ['caution_and_advice', 'displaced_people_and_evacuations', 'infrastructure_and_utility_damage', 'injured_or_dead_people', 'not_humanitarian', 'other_relevant_information', 'requests_or_urgent_needs', 'rescue_volunteering_or_donation_effort', 'sympathy_and_support']
2026-02-25 20:11:45,183 - lg_cotrain - INFO - D_l1: 27, D_l2: 18, D_LG: 6333
2026-02-25 20:11:45,184 - lg_cotrain - INFO - === Phase 1: Weight Generation ===
2026-02-25 20:12:05,757 - lg_cotrain - INFO - Phase 1 epoch 1/7: mean_prob1=0.1140, mean_prob2=0.1147
2026-02-25 20:12:25,350 - lg_cotrain - INFO - Phase 1 epoch 2/7: mean_prob1=0.1153, mean_prob2=0.1150
2026-02-25 20:12:44,947 - lg_cotrain - INFO - Phase 1 epoch 3/7: mean_prob1=0.1162, mean_prob2=0.1160
2026-02-25 20:13:04,477 - lg_cotrain - INFO - Phase 1 epoch 4/7: mean_prob1=0.1175, mean_prob2=0.1175
2026-02-25 20:13:24,078 - lg_cotrain - INFO - Phase 1 epoch 5/7: mean_prob1=0.1185, mean_prob2=0.1195
2026-02-25 20:13:43,668 - lg_cotrain - INFO - Phase 1 epoch 6/7: mean_prob1=0.1195, mean_prob2=0.1219
2026-02-25 20:14:03,243 - lg_cotrain - INFO - Phase 1 epoch 7/7: mean_prob1=0.1210, mean_prob2=0.1242
2026-02-25 20:14:03,243 - lg_cotrain - INFO - === Phase 2: Co-Training ===
2026-02-25 20:14:04,211 - lg_cotrain - INFO - LR scheduler: total_steps_1=3862, warmup=30; total_steps_2=3862, warmup=30
2026-02-25 20:14:04,211 - lg_cotrain - INFO - Phase 1 done -> seeded Phase 2 trackers. lambda1: mean=0.1210, range=[0.0502, 0.2809]
2026-02-25 20:14:04,212 - lg_cotrain - INFO - Phase 1 done -> seeded Phase 2 trackers. lambda2: mean=0.1242, range=[0.0309, 0.2917]
2026-02-25 20:15:22,278 - lg_cotrain - INFO - Phase 2 epoch 1/19: loss1=0.1438, loss2=0.1403, dev_macro_f1=0.5722, dev_err=34.77%
2026-02-25 20:16:40,585 - lg_cotrain - INFO - Phase 2 epoch 2/19: loss1=0.0476, loss2=0.1681, dev_macro_f1=0.5763, dev_err=35.09%
2026-02-25 20:17:59,125 - lg_cotrain - INFO - Phase 2 epoch 3/19: loss1=0.0295, loss2=0.1356, dev_macro_f1=0.6086, dev_err=34.23%
2026-02-25 20:19:17,404 - lg_cotrain - INFO - Phase 2 epoch 4/19: loss1=0.0179, loss2=0.0825, dev_macro_f1=0.5962, dev_err=34.88%
2026-02-25 20:20:35,821 - lg_cotrain - INFO - Phase 2 epoch 5/19: loss1=0.0167, loss2=0.0532, dev_macro_f1=0.6252, dev_err=32.40%
2026-02-25 20:21:54,044 - lg_cotrain - INFO - Phase 2 epoch 6/19: loss1=0.0183, loss2=0.0366, dev_macro_f1=0.6183, dev_err=32.72%
2026-02-25 20:23:12,209 - lg_cotrain - INFO - Phase 2 epoch 7/19: loss1=0.0122, loss2=0.0209, dev_macro_f1=0.6225, dev_err=32.51%
2026-02-25 20:24:30,547 - lg_cotrain - INFO - Phase 2 epoch 8/19: loss1=0.0102, loss2=0.0147, dev_macro_f1=0.6106, dev_err=32.51%
2026-02-25 20:25:48,818 - lg_cotrain - INFO - Phase 2 epoch 9/19: loss1=0.0077, loss2=0.0148, dev_macro_f1=0.6238, dev_err=33.26%
2026-02-25 20:27:06,966 - lg_cotrain - INFO - Phase 2 epoch 10/19: loss1=0.0053, loss2=0.0097, dev_macro_f1=0.6104, dev_err=33.15%
2026-02-25 20:28:25,217 - lg_cotrain - INFO - Phase 2 epoch 11/19: loss1=0.0083, loss2=0.0120, dev_macro_f1=0.6169, dev_err=33.69%
2026-02-25 20:29:43,368 - lg_cotrain - INFO - Phase 2 epoch 12/19: loss1=0.0069, loss2=0.0052, dev_macro_f1=0.6218, dev_err=33.05%
2026-02-25 20:31:01,542 - lg_cotrain - INFO - Phase 2 epoch 13/19: loss1=0.0041, loss2=0.0049, dev_macro_f1=0.6243, dev_err=32.29%
2026-02-25 20:32:19,957 - lg_cotrain - INFO - Phase 2 epoch 14/19: loss1=0.0051, loss2=0.0070, dev_macro_f1=0.6185, dev_err=33.69%
2026-02-25 20:33:38,379 - lg_cotrain - INFO - Phase 2 epoch 15/19: loss1=0.0047, loss2=0.0045, dev_macro_f1=0.6160, dev_err=33.15%
2026-02-25 20:34:58,557 - lg_cotrain - INFO - Phase 2 epoch 16/19: loss1=0.0042, loss2=0.0047, dev_macro_f1=0.6187, dev_err=33.05%
2026-02-25 20:36:17,225 - lg_cotrain - INFO - Phase 2 epoch 17/19: loss1=0.0037, loss2=0.0031, dev_macro_f1=0.6219, dev_err=32.72%
2026-02-25 20:37:35,906 - lg_cotrain - INFO - Phase 2 epoch 18/19: loss1=0.0036, loss2=0.0028, dev_macro_f1=0.6204, dev_err=32.94%
2026-02-25 20:38:54,532 - lg_cotrain - INFO - Phase 2 epoch 19/19: loss1=0.0035, loss2=0.0030, dev_macro_f1=0.6173, dev_err=33.15%
2026-02-25 20:38:54,532 - lg_cotrain - INFO - === Phase 3: Fine-Tuning ===
2026-02-25 20:38:57,474 - lg_cotrain - INFO - Phase 3 epoch 1: dev_macro_f1=0.6151, dev_err=33.37%, es_counter1=0, es_counter2=0
2026-02-25 20:39:00,419 - lg_cotrain - INFO - Phase 3 epoch 2: dev_macro_f1=0.6177, dev_err=33.15%, es_counter1=0, es_counter2=0
2026-02-25 20:39:03,325 - lg_cotrain - INFO - Phase 3 epoch 3: dev_macro_f1=0.6173, dev_err=33.37%, es_counter1=1, es_counter2=1
2026-02-25 20:39:06,286 - lg_cotrain - INFO - Phase 3 epoch 4: dev_macro_f1=0.6186, dev_err=33.26%, es_counter1=0, es_counter2=0
2026-02-25 20:39:09,222 - lg_cotrain - INFO - Phase 3 epoch 5: dev_macro_f1=0.6178, dev_err=33.37%, es_counter1=1, es_counter2=1
2026-02-25 20:39:12,195 - lg_cotrain - INFO - Phase 3 epoch 6: dev_macro_f1=0.6219, dev_err=33.26%, es_counter1=0, es_counter2=0
2026-02-25 20:39:15,126 - lg_cotrain - INFO - Phase 3 epoch 7: dev_macro_f1=0.6215, dev_err=33.37%, es_counter1=1, es_counter2=1
2026-02-25 20:39:18,100 - lg_cotrain - INFO - Phase 3 epoch 8: dev_macro_f1=0.6247, dev_err=33.26%, es_counter1=0, es_counter2=0
2026-02-25 20:39:21,012 - lg_cotrain - INFO - Phase 3 epoch 9: dev_macro_f1=0.6261, dev_err=33.15%, es_counter1=0, es_counter2=0
2026-02-25 20:39:23,986 - lg_cotrain - INFO - Phase 3 epoch 10: dev_macro_f1=0.6286, dev_err=33.15%, es_counter1=0, es_counter2=0
2026-02-25 20:39:26,923 - lg_cotrain - INFO - Phase 3 epoch 11: dev_macro_f1=0.6281, dev_err=33.15%, es_counter1=1, es_counter2=1
2026-02-25 20:39:29,868 - lg_cotrain - INFO - Phase 3 epoch 12: dev_macro_f1=0.6282, dev_err=33.05%, es_counter1=2, es_counter2=2
2026-02-25 20:39:32,799 - lg_cotrain - INFO - Phase 3 epoch 13: dev_macro_f1=0.6300, dev_err=32.83%, es_counter1=0, es_counter2=0
2026-02-25 20:39:35,711 - lg_cotrain - INFO - Phase 3 epoch 14: dev_macro_f1=0.6290, dev_err=32.94%, es_counter1=1, es_counter2=1
2026-02-25 20:39:38,628 - lg_cotrain - INFO - Phase 3 epoch 15: dev_macro_f1=0.6298, dev_err=32.83%, es_counter1=2, es_counter2=2
2026-02-25 20:39:41,560 - lg_cotrain - INFO - Phase 3 epoch 16: dev_macro_f1=0.6320, dev_err=32.62%, es_counter1=0, es_counter2=0
2026-02-25 20:39:44,473 - lg_cotrain - INFO - Phase 3 epoch 17: dev_macro_f1=0.6320, dev_err=32.62%, es_counter1=1, es_counter2=1
2026-02-25 20:39:47,384 - lg_cotrain - INFO - Phase 3 epoch 18: dev_macro_f1=0.6320, dev_err=32.62%, es_counter1=2, es_counter2=2
2026-02-25 20:39:50,324 - lg_cotrain - INFO - Phase 3 epoch 19: dev_macro_f1=0.6349, dev_err=32.51%, es_counter1=0, es_counter2=0
2026-02-25 20:39:53,268 - lg_cotrain - INFO - Phase 3 epoch 20: dev_macro_f1=0.6370, dev_err=32.29%, es_counter1=0, es_counter2=0
2026-02-25 20:39:56,182 - lg_cotrain - INFO - Phase 3 epoch 21: dev_macro_f1=0.6370, dev_err=32.29%, es_counter1=1, es_counter2=1
2026-02-25 20:39:59,112 - lg_cotrain - INFO - Phase 3 epoch 22: dev_macro_f1=0.6350, dev_err=32.51%, es_counter1=2, es_counter2=2
2026-02-25 20:40:02,361 - lg_cotrain - INFO - Phase 3 epoch 23: dev_macro_f1=0.6350, dev_err=32.51%, es_counter1=3, es_counter2=3
2026-02-25 20:40:05,373 - lg_cotrain - INFO - Phase 3 epoch 24: dev_macro_f1=0.6377, dev_err=32.29%, es_counter1=0, es_counter2=0
2026-02-25 20:40:08,336 - lg_cotrain - INFO - Phase 3 epoch 25: dev_macro_f1=0.6377, dev_err=32.29%, es_counter1=1, es_counter2=1
2026-02-25 20:40:11,287 - lg_cotrain - INFO - Phase 3 epoch 26: dev_macro_f1=0.6374, dev_err=32.29%, es_counter1=2, es_counter2=2
2026-02-25 20:40:14,219 - lg_cotrain - INFO - Phase 3 epoch 27: dev_macro_f1=0.6374, dev_err=32.29%, es_counter1=3, es_counter2=3
2026-02-25 20:40:17,159 - lg_cotrain - INFO - Phase 3 epoch 28: dev_macro_f1=0.6353, dev_err=32.40%, es_counter1=4, es_counter2=4
2026-02-25 20:40:17,160 - lg_cotrain - INFO - Early stopping at epoch 28
2026-02-25 20:40:17,169 - lg_cotrain - INFO - === Final Evaluation ===
2026-02-25 20:40:25,238 - lg_cotrain - INFO - Results saved to C:\Users\anhtr\AppData\Local\Temp\tmpcyaknrxv\hurricane_harvey_2017\5_set3\metrics.json
2026-02-25 20:40:25,238 - lg_cotrain - INFO - Test error rate: 34.07%, Test macro-F1: 0.6194, Test ECE: 0.2693
2026-02-25 20:40:25,251 - lg_cotrain - INFO - --- Trial 2/10 done: dev_macro_f1=0.6377 ---
2026-02-25 20:40:25,252 - lg_cotrain - INFO - --- Trial 3/10 ---
2026-02-25 20:40:25,765 - lg_cotrain - INFO - Starting LG-CoTrain: event=hurricane_harvey_2017, budget=5, seed_set=3
2026-02-25 20:40:25,827 - lg_cotrain - INFO - Detected 9 classes for event hurricane_harvey_2017: ['caution_and_advice', 'displaced_people_and_evacuations', 'infrastructure_and_utility_damage', 'injured_or_dead_people', 'not_humanitarian', 'other_relevant_information', 'requests_or_urgent_needs', 'rescue_volunteering_or_donation_effort', 'sympathy_and_support']
2026-02-25 20:40:25,837 - lg_cotrain - INFO - D_l1: 27, D_l2: 18, D_LG: 6333
2026-02-25 20:40:25,839 - lg_cotrain - INFO - === Phase 1: Weight Generation ===
2026-02-25 20:40:48,763 - lg_cotrain - INFO - Phase 1 epoch 1/7: mean_prob1=0.1110, mean_prob2=0.1157
2026-02-25 20:41:10,607 - lg_cotrain - INFO - Phase 1 epoch 2/7: mean_prob1=0.1127, mean_prob2=0.1169
2026-02-25 20:41:32,721 - lg_cotrain - INFO - Phase 1 epoch 3/7: mean_prob1=0.1150, mean_prob2=0.1188
2026-02-25 20:41:54,530 - lg_cotrain - INFO - Phase 1 epoch 4/7: mean_prob1=0.1167, mean_prob2=0.1201
2026-02-25 20:42:16,253 - lg_cotrain - INFO - Phase 1 epoch 5/7: mean_prob1=0.1172, mean_prob2=0.1214
2026-02-25 20:42:37,987 - lg_cotrain - INFO - Phase 1 epoch 6/7: mean_prob1=0.1170, mean_prob2=0.1233
2026-02-25 20:42:59,781 - lg_cotrain - INFO - Phase 1 epoch 7/7: mean_prob1=0.1184, mean_prob2=0.1247
2026-02-25 20:42:59,782 - lg_cotrain - INFO - === Phase 2: Co-Training ===
2026-02-25 20:43:00,857 - lg_cotrain - INFO - LR scheduler: total_steps_1=7724, warmup=129; total_steps_2=7724, warmup=129
2026-02-25 20:43:00,857 - lg_cotrain - INFO - Phase 1 done -> seeded Phase 2 trackers. lambda1: mean=0.1184, range=[0.0477, 0.2787]
2026-02-25 20:43:00,857 - lg_cotrain - INFO - Phase 1 done -> seeded Phase 2 trackers. lambda2: mean=0.1247, range=[0.0283, 0.3176]
2026-02-25 20:44:29,941 - lg_cotrain - INFO - Phase 2 epoch 1/19: loss1=0.1415, loss2=0.1414, dev_macro_f1=0.5574, dev_err=35.74%
2026-02-25 20:45:58,816 - lg_cotrain - INFO - Phase 2 epoch 2/19: loss1=0.0474, loss2=0.1724, dev_macro_f1=0.5913, dev_err=34.02%
2026-02-25 20:47:27,798 - lg_cotrain - INFO - Phase 2 epoch 3/19: loss1=0.0306, loss2=0.1195, dev_macro_f1=0.6069, dev_err=33.80%
2026-02-25 20:48:57,981 - lg_cotrain - INFO - Phase 2 epoch 4/19: loss1=0.0245, loss2=0.0795, dev_macro_f1=0.5997, dev_err=34.66%
2026-02-25 20:50:27,229 - lg_cotrain - INFO - Phase 2 epoch 5/19: loss1=0.0181, loss2=0.0549, dev_macro_f1=0.5932, dev_err=34.88%
2026-02-25 20:51:56,586 - lg_cotrain - INFO - Phase 2 epoch 6/19: loss1=0.0162, loss2=0.0279, dev_macro_f1=0.6183, dev_err=33.26%
2026-02-25 20:53:25,759 - lg_cotrain - INFO - Phase 2 epoch 7/19: loss1=0.0114, loss2=0.0263, dev_macro_f1=0.5993, dev_err=34.77%
2026-02-25 20:54:55,051 - lg_cotrain - INFO - Phase 2 epoch 8/19: loss1=0.0103, loss2=0.0212, dev_macro_f1=0.6090, dev_err=33.48%
2026-02-25 20:56:26,341 - lg_cotrain - INFO - Phase 2 epoch 9/19: loss1=0.0114, loss2=0.0229, dev_macro_f1=0.6128, dev_err=34.12%
2026-02-25 20:57:56,836 - lg_cotrain - INFO - Phase 2 epoch 10/19: loss1=0.0060, loss2=0.0175, dev_macro_f1=0.6085, dev_err=34.23%
2026-02-25 20:59:26,537 - lg_cotrain - INFO - Phase 2 epoch 11/19: loss1=0.0063, loss2=0.0093, dev_macro_f1=0.6113, dev_err=33.80%
2026-02-25 21:00:56,260 - lg_cotrain - INFO - Phase 2 epoch 12/19: loss1=0.0066, loss2=0.0047, dev_macro_f1=0.6126, dev_err=34.34%
2026-02-25 21:02:27,395 - lg_cotrain - INFO - Phase 2 epoch 13/19: loss1=0.0043, loss2=0.0056, dev_macro_f1=0.6137, dev_err=33.69%
2026-02-25 21:03:58,776 - lg_cotrain - INFO - Phase 2 epoch 14/19: loss1=0.0045, loss2=0.0086, dev_macro_f1=0.6091, dev_err=34.66%
2026-02-25 21:05:30,585 - lg_cotrain - INFO - Phase 2 epoch 15/19: loss1=0.0034, loss2=0.0064, dev_macro_f1=0.6121, dev_err=33.80%
2026-02-25 21:07:01,914 - lg_cotrain - INFO - Phase 2 epoch 16/19: loss1=0.0030, loss2=0.0046, dev_macro_f1=0.6112, dev_err=34.12%
2026-02-25 21:08:32,603 - lg_cotrain - INFO - Phase 2 epoch 17/19: loss1=0.0022, loss2=0.0040, dev_macro_f1=0.6143, dev_err=33.80%
2026-02-25 21:10:02,322 - lg_cotrain - INFO - Phase 2 epoch 18/19: loss1=0.0025, loss2=0.0027, dev_macro_f1=0.6120, dev_err=33.91%
2026-02-25 21:11:31,551 - lg_cotrain - INFO - Phase 2 epoch 19/19: loss1=0.0027, loss2=0.0023, dev_macro_f1=0.6142, dev_err=33.80%
2026-02-25 21:11:31,551 - lg_cotrain - INFO - === Phase 3: Fine-Tuning ===
2026-02-25 21:11:34,836 - lg_cotrain - INFO - Phase 3 epoch 1: dev_macro_f1=0.6154, dev_err=33.69%, es_counter1=0, es_counter2=0
2026-02-25 21:11:38,077 - lg_cotrain - INFO - Phase 3 epoch 2: dev_macro_f1=0.6151, dev_err=33.80%, es_counter1=1, es_counter2=1
2026-02-25 21:11:41,324 - lg_cotrain - INFO - Phase 3 epoch 3: dev_macro_f1=0.6144, dev_err=33.80%, es_counter1=2, es_counter2=2
2026-02-25 21:11:44,580 - lg_cotrain - INFO - Phase 3 epoch 4: dev_macro_f1=0.6144, dev_err=33.80%, es_counter1=3, es_counter2=3
2026-02-25 21:11:47,843 - lg_cotrain - INFO - Phase 3 epoch 5: dev_macro_f1=0.6124, dev_err=33.91%, es_counter1=4, es_counter2=4
2026-02-25 21:11:51,105 - lg_cotrain - INFO - Phase 3 epoch 6: dev_macro_f1=0.6119, dev_err=34.02%, es_counter1=5, es_counter2=5
2026-02-25 21:11:54,364 - lg_cotrain - INFO - Phase 3 epoch 7: dev_macro_f1=0.6149, dev_err=33.69%, es_counter1=6, es_counter2=6
2026-02-25 21:11:57,635 - lg_cotrain - INFO - Phase 3 epoch 8: dev_macro_f1=0.6167, dev_err=33.48%, es_counter1=0, es_counter2=0
2026-02-25 21:12:00,922 - lg_cotrain - INFO - Phase 3 epoch 9: dev_macro_f1=0.6205, dev_err=33.26%, es_counter1=0, es_counter2=0
2026-02-25 21:12:04,206 - lg_cotrain - INFO - Phase 3 epoch 10: dev_macro_f1=0.6216, dev_err=33.15%, es_counter1=0, es_counter2=0
2026-02-25 21:12:07,462 - lg_cotrain - INFO - Phase 3 epoch 11: dev_macro_f1=0.6212, dev_err=33.05%, es_counter1=1, es_counter2=1
2026-02-25 21:12:10,744 - lg_cotrain - INFO - Phase 3 epoch 12: dev_macro_f1=0.6223, dev_err=32.94%, es_counter1=0, es_counter2=0
2026-02-25 21:12:13,992 - lg_cotrain - INFO - Phase 3 epoch 13: dev_macro_f1=0.6203, dev_err=33.26%, es_counter1=1, es_counter2=1
2026-02-25 21:12:17,282 - lg_cotrain - INFO - Phase 3 epoch 14: dev_macro_f1=0.6232, dev_err=33.15%, es_counter1=0, es_counter2=0
2026-02-25 21:12:20,575 - lg_cotrain - INFO - Phase 3 epoch 15: dev_macro_f1=0.6253, dev_err=33.15%, es_counter1=0, es_counter2=0
2026-02-25 21:12:23,815 - lg_cotrain - INFO - Phase 3 epoch 16: dev_macro_f1=0.6240, dev_err=33.26%, es_counter1=1, es_counter2=1
2026-02-25 21:12:27,088 - lg_cotrain - INFO - Phase 3 epoch 17: dev_macro_f1=0.6266, dev_err=33.15%, es_counter1=0, es_counter2=0
2026-02-25 21:12:30,365 - lg_cotrain - INFO - Phase 3 epoch 18: dev_macro_f1=0.6279, dev_err=33.15%, es_counter1=0, es_counter2=0
2026-02-25 21:12:33,619 - lg_cotrain - INFO - Phase 3 epoch 19: dev_macro_f1=0.6266, dev_err=33.26%, es_counter1=1, es_counter2=1
2026-02-25 21:12:36,885 - lg_cotrain - INFO - Phase 3 epoch 20: dev_macro_f1=0.6265, dev_err=33.26%, es_counter1=2, es_counter2=2
2026-02-25 21:12:40,140 - lg_cotrain - INFO - Phase 3 epoch 21: dev_macro_f1=0.6252, dev_err=33.37%, es_counter1=3, es_counter2=3
2026-02-25 21:12:43,393 - lg_cotrain - INFO - Phase 3 epoch 22: dev_macro_f1=0.6252, dev_err=33.37%, es_counter1=4, es_counter2=4
2026-02-25 21:12:46,668 - lg_cotrain - INFO - Phase 3 epoch 23: dev_macro_f1=0.6252, dev_err=33.37%, es_counter1=5, es_counter2=5
2026-02-25 21:12:49,933 - lg_cotrain - INFO - Phase 3 epoch 24: dev_macro_f1=0.6252, dev_err=33.37%, es_counter1=6, es_counter2=6
2026-02-25 21:12:53,201 - lg_cotrain - INFO - Phase 3 epoch 25: dev_macro_f1=0.6252, dev_err=33.37%, es_counter1=7, es_counter2=7
2026-02-25 21:12:56,454 - lg_cotrain - INFO - Phase 3 epoch 26: dev_macro_f1=0.6247, dev_err=33.37%, es_counter1=8, es_counter2=8
2026-02-25 21:12:56,455 - lg_cotrain - INFO - Early stopping at epoch 26
2026-02-25 21:12:56,469 - lg_cotrain - INFO - === Final Evaluation ===
2026-02-25 21:13:05,316 - lg_cotrain - INFO - Results saved to C:\Users\anhtr\AppData\Local\Temp\tmppeodsdtk\hurricane_harvey_2017\5_set3\metrics.json
2026-02-25 21:13:05,316 - lg_cotrain - INFO - Test error rate: 34.74%, Test macro-F1: 0.6105, Test ECE: 0.2833
2026-02-25 21:13:05,330 - lg_cotrain - INFO - --- Trial 3/10 done: dev_macro_f1=0.6279 ---
2026-02-25 21:13:05,331 - lg_cotrain - INFO - --- Trial 4/10 ---
2026-02-25 21:13:05,828 - lg_cotrain - INFO - Starting LG-CoTrain: event=hurricane_harvey_2017, budget=5, seed_set=3
2026-02-25 21:13:05,863 - lg_cotrain - INFO - Detected 9 classes for event hurricane_harvey_2017: ['caution_and_advice', 'displaced_people_and_evacuations', 'infrastructure_and_utility_damage', 'injured_or_dead_people', 'not_humanitarian', 'other_relevant_information', 'requests_or_urgent_needs', 'rescue_volunteering_or_donation_effort', 'sympathy_and_support']
2026-02-25 21:13:05,875 - lg_cotrain - INFO - D_l1: 27, D_l2: 18, D_LG: 6333
2026-02-25 21:13:05,876 - lg_cotrain - INFO - === Phase 1: Weight Generation ===
2026-02-25 21:13:26,350 - lg_cotrain - INFO - Phase 1 epoch 1/7: mean_prob1=0.1024, mean_prob2=0.1089
2026-02-25 21:13:45,653 - lg_cotrain - INFO - Phase 1 epoch 2/7: mean_prob1=0.1159, mean_prob2=0.1049
2026-02-25 21:14:04,986 - lg_cotrain - INFO - Phase 1 epoch 3/7: mean_prob1=0.1119, mean_prob2=0.1065
2026-02-25 21:14:24,299 - lg_cotrain - INFO - Phase 1 epoch 4/7: mean_prob1=0.1118, mean_prob2=0.1173
2026-02-25 21:14:43,477 - lg_cotrain - INFO - Phase 1 epoch 5/7: mean_prob1=0.1156, mean_prob2=0.1073
2026-02-25 21:15:02,630 - lg_cotrain - INFO - Phase 1 epoch 6/7: mean_prob1=0.1032, mean_prob2=0.1062
2026-02-25 21:15:21,779 - lg_cotrain - INFO - Phase 1 epoch 7/7: mean_prob1=0.0989, mean_prob2=0.1332
2026-02-25 21:15:21,779 - lg_cotrain - INFO - === Phase 2: Co-Training ===
2026-02-25 21:15:22,838 - lg_cotrain - INFO - LR scheduler: total_steps_1=1387, warmup=41; total_steps_2=1387, warmup=41
2026-02-25 21:15:22,839 - lg_cotrain - INFO - Phase 1 done -> seeded Phase 2 trackers. lambda1: mean=0.0989, range=[0.0646, 0.1447]
2026-02-25 21:15:22,839 - lg_cotrain - INFO - Phase 1 done -> seeded Phase 2 trackers. lambda2: mean=0.1332, range=[0.0264, 0.6406]
2026-02-25 21:16:36,646 - lg_cotrain - INFO - Phase 2 epoch 1/13: loss1=0.1495, loss2=0.1330, dev_macro_f1=0.5623, dev_err=36.49%
2026-02-25 21:17:50,051 - lg_cotrain - INFO - Phase 2 epoch 2/13: loss1=0.1515, loss2=1.1190, dev_macro_f1=0.0526, dev_err=69.00%
2026-02-25 21:19:02,629 - lg_cotrain - INFO - Phase 2 epoch 3/13: loss1=0.0976, loss2=0.9897, dev_macro_f1=0.0526, dev_err=69.00%
2026-02-25 21:20:15,122 - lg_cotrain - INFO - Phase 2 epoch 4/13: loss1=0.0649, loss2=0.9116, dev_macro_f1=0.0526, dev_err=69.00%
2026-02-25 21:21:27,636 - lg_cotrain - INFO - Phase 2 epoch 5/13: loss1=0.0573, loss2=0.8467, dev_macro_f1=0.0526, dev_err=69.00%
2026-02-25 21:22:40,154 - lg_cotrain - INFO - Phase 2 epoch 6/13: loss1=0.0507, loss2=0.7934, dev_macro_f1=0.0526, dev_err=69.00%
2026-02-25 21:23:52,935 - lg_cotrain - INFO - Phase 2 epoch 7/13: loss1=0.0468, loss2=0.7498, dev_macro_f1=0.0526, dev_err=69.00%
2026-02-25 21:25:07,158 - lg_cotrain - INFO - Phase 2 epoch 8/13: loss1=0.0469, loss2=0.7146, dev_macro_f1=0.0526, dev_err=69.00%
2026-02-25 21:26:21,350 - lg_cotrain - INFO - Phase 2 epoch 9/13: loss1=0.0468, loss2=0.6782, dev_macro_f1=0.0526, dev_err=69.00%
2026-02-25 21:27:35,290 - lg_cotrain - INFO - Phase 2 epoch 10/13: loss1=0.0437, loss2=0.6501, dev_macro_f1=0.0526, dev_err=69.00%
2026-02-25 21:28:48,757 - lg_cotrain - INFO - Phase 2 epoch 11/13: loss1=0.0408, loss2=0.6255, dev_macro_f1=0.0526, dev_err=69.00%
2026-02-25 21:30:01,761 - lg_cotrain - INFO - Phase 2 epoch 12/13: loss1=0.0380, loss2=0.6027, dev_macro_f1=0.0526, dev_err=69.00%
2026-02-25 21:31:15,604 - lg_cotrain - INFO - Phase 2 epoch 13/13: loss1=0.0363, loss2=0.5833, dev_macro_f1=0.0526, dev_err=69.00%
2026-02-25 21:31:15,604 - lg_cotrain - INFO - === Phase 3: Fine-Tuning ===
2026-02-25 21:31:18,389 - lg_cotrain - INFO - Phase 3 epoch 1: dev_macro_f1=0.0526, dev_err=69.00%, es_counter1=0, es_counter2=0
2026-02-25 21:31:21,157 - lg_cotrain - INFO - Phase 3 epoch 2: dev_macro_f1=0.0526, dev_err=69.00%, es_counter1=1, es_counter2=1
2026-02-25 21:31:23,922 - lg_cotrain - INFO - Phase 3 epoch 3: dev_macro_f1=0.0526, dev_err=69.00%, es_counter1=2, es_counter2=2
2026-02-25 21:31:26,684 - lg_cotrain - INFO - Phase 3 epoch 4: dev_macro_f1=0.0526, dev_err=69.00%, es_counter1=3, es_counter2=3
2026-02-25 21:31:29,458 - lg_cotrain - INFO - Phase 3 epoch 5: dev_macro_f1=0.0526, dev_err=69.00%, es_counter1=4, es_counter2=4
2026-02-25 21:31:32,225 - lg_cotrain - INFO - Phase 3 epoch 6: dev_macro_f1=0.0526, dev_err=69.00%, es_counter1=5, es_counter2=5
2026-02-25 21:31:32,225 - lg_cotrain - INFO - Early stopping at epoch 6
2026-02-25 21:31:32,236 - lg_cotrain - INFO - === Final Evaluation ===
2026-02-25 21:31:39,792 - lg_cotrain - INFO - Results saved to C:\Users\anhtr\AppData\Local\Temp\tmppo__wzrn\hurricane_harvey_2017\5_set3\metrics.json
2026-02-25 21:31:39,793 - lg_cotrain - INFO - Test error rate: 69.03%, Test macro-F1: 0.0525, Test ECE: 0.4968
2026-02-25 21:31:39,805 - lg_cotrain - INFO - --- Trial 4/10 done: dev_macro_f1=0.0526 ---
2026-02-25 21:31:39,805 - lg_cotrain - INFO - --- Trial 5/10 ---
2026-02-25 21:31:40,314 - lg_cotrain - INFO - Starting LG-CoTrain: event=hurricane_harvey_2017, budget=5, seed_set=3
2026-02-25 21:31:40,362 - lg_cotrain - INFO - Detected 9 classes for event hurricane_harvey_2017: ['caution_and_advice', 'displaced_people_and_evacuations', 'infrastructure_and_utility_damage', 'injured_or_dead_people', 'not_humanitarian', 'other_relevant_information', 'requests_or_urgent_needs', 'rescue_volunteering_or_donation_effort', 'sympathy_and_support']
2026-02-25 21:31:40,374 - lg_cotrain - INFO - D_l1: 27, D_l2: 18, D_LG: 6333
2026-02-25 21:31:40,376 - lg_cotrain - INFO - === Phase 1: Weight Generation ===
2026-02-25 21:32:04,578 - lg_cotrain - INFO - Phase 1 epoch 1/7: mean_prob1=0.0755, mean_prob2=0.1122
2026-02-25 21:32:27,748 - lg_cotrain - INFO - Phase 1 epoch 2/7: mean_prob1=0.1565, mean_prob2=0.1097
2026-02-25 21:32:50,884 - lg_cotrain - INFO - Phase 1 epoch 3/7: mean_prob1=0.0963, mean_prob2=0.1018
2026-02-25 21:33:14,099 - lg_cotrain - INFO - Phase 1 epoch 4/7: mean_prob1=0.1258, mean_prob2=0.1263
2026-02-25 21:33:37,318 - lg_cotrain - INFO - Phase 1 epoch 5/7: mean_prob1=0.1092, mean_prob2=0.1197
2026-02-25 21:34:00,287 - lg_cotrain - INFO - Phase 1 epoch 6/7: mean_prob1=0.0962, mean_prob2=0.1216
2026-02-25 21:34:23,427 - lg_cotrain - INFO - Phase 1 epoch 7/7: mean_prob1=0.1074, mean_prob2=0.1112
2026-02-25 21:34:23,428 - lg_cotrain - INFO - === Phase 2: Co-Training ===
2026-02-25 21:34:24,441 - lg_cotrain - INFO - LR scheduler: total_steps_1=9904, warmup=2043; total_steps_2=9804, warmup=2022
2026-02-25 21:34:24,442 - lg_cotrain - INFO - Phase 1 done -> seeded Phase 2 trackers. lambda1: mean=0.1074, range=[0.0694, 0.1626]
2026-02-25 21:34:24,442 - lg_cotrain - INFO - Phase 1 done -> seeded Phase 2 trackers. lambda2: mean=0.1112, range=[0.0591, 0.2194]
2026-02-25 21:36:09,376 - lg_cotrain - INFO - Phase 2 epoch 1/12: loss1=0.1552, loss2=0.1604, dev_macro_f1=0.0761, dev_err=69.43%
2026-02-25 21:37:53,761 - lg_cotrain - INFO - Phase 2 epoch 2/12: loss1=0.1563, loss2=0.3020, dev_macro_f1=0.0526, dev_err=69.00%
2026-02-25 21:39:37,888 - lg_cotrain - INFO - Phase 2 epoch 3/12: loss1=0.1453, loss2=0.3268, dev_macro_f1=0.0526, dev_err=69.00%
2026-02-25 21:41:22,125 - lg_cotrain - INFO - Phase 2 epoch 4/12: loss1=0.1378, loss2=0.3449, dev_macro_f1=0.0526, dev_err=69.00%
2026-02-25 21:43:06,862 - lg_cotrain - INFO - Phase 2 epoch 5/12: loss1=0.1185, loss2=0.3376, dev_macro_f1=0.0526, dev_err=69.00%
2026-02-25 21:44:52,388 - lg_cotrain - INFO - Phase 2 epoch 6/12: loss1=0.1096, loss2=0.3327, dev_macro_f1=0.0526, dev_err=69.00%
2026-02-25 21:46:39,528 - lg_cotrain - INFO - Phase 2 epoch 7/12: loss1=0.0999, loss2=0.3239, dev_macro_f1=0.0526, dev_err=69.00%
2026-02-25 21:48:25,488 - lg_cotrain - INFO - Phase 2 epoch 8/12: loss1=0.0864, loss2=0.3185, dev_macro_f1=0.0526, dev_err=69.00%
2026-02-25 21:50:11,741 - lg_cotrain - INFO - Phase 2 epoch 9/12: loss1=0.0775, loss2=0.3109, dev_macro_f1=0.0526, dev_err=69.00%
2026-02-25 21:51:58,202 - lg_cotrain - INFO - Phase 2 epoch 10/12: loss1=0.0733, loss2=0.3027, dev_macro_f1=0.0526, dev_err=69.00%
2026-02-25 21:53:44,399 - lg_cotrain - INFO - Phase 2 epoch 11/12: loss1=0.0705, loss2=0.2953, dev_macro_f1=0.0526, dev_err=69.00%
2026-02-25 21:55:27,954 - lg_cotrain - INFO - Phase 2 epoch 12/12: loss1=0.0685, loss2=0.2881, dev_macro_f1=0.0526, dev_err=69.00%
2026-02-25 21:55:27,955 - lg_cotrain - INFO - === Phase 3: Fine-Tuning ===
2026-02-25 21:55:31,639 - lg_cotrain - INFO - Phase 3 epoch 1: dev_macro_f1=0.0526, dev_err=69.00%, es_counter1=0, es_counter2=0
2026-02-25 21:55:35,134 - lg_cotrain - INFO - Phase 3 epoch 2: dev_macro_f1=0.0526, dev_err=69.00%, es_counter1=1, es_counter2=1
2026-02-25 21:55:38,793 - lg_cotrain - INFO - Phase 3 epoch 3: dev_macro_f1=0.0526, dev_err=69.00%, es_counter1=2, es_counter2=2
2026-02-25 21:55:42,315 - lg_cotrain - INFO - Phase 3 epoch 4: dev_macro_f1=0.0526, dev_err=69.00%, es_counter1=3, es_counter2=3
2026-02-25 21:55:45,825 - lg_cotrain - INFO - Phase 3 epoch 5: dev_macro_f1=0.0526, dev_err=69.00%, es_counter1=4, es_counter2=4
2026-02-25 21:55:49,319 - lg_cotrain - INFO - Phase 3 epoch 6: dev_macro_f1=0.0526, dev_err=69.00%, es_counter1=5, es_counter2=5
2026-02-25 21:55:49,320 - lg_cotrain - INFO - Early stopping at epoch 6
2026-02-25 21:55:49,331 - lg_cotrain - INFO - === Final Evaluation ===
2026-02-25 21:55:58,680 - lg_cotrain - INFO - Results saved to C:\Users\anhtr\AppData\Local\Temp\tmp5nlessqc\hurricane_harvey_2017\5_set3\metrics.json
2026-02-25 21:55:58,681 - lg_cotrain - INFO - Test error rate: 69.03%, Test macro-F1: 0.0525, Test ECE: 0.5378
2026-02-25 21:55:58,692 - lg_cotrain - INFO - --- Trial 5/10 done: dev_macro_f1=0.0526 ---
2026-02-25 21:55:58,692 - lg_cotrain - INFO - --- Trial 6/10 ---
2026-02-25 21:55:59,193 - lg_cotrain - INFO - Starting LG-CoTrain: event=hurricane_harvey_2017, budget=5, seed_set=3
2026-02-25 21:55:59,239 - lg_cotrain - INFO - Detected 9 classes for event hurricane_harvey_2017: ['caution_and_advice', 'displaced_people_and_evacuations', 'infrastructure_and_utility_damage', 'injured_or_dead_people', 'not_humanitarian', 'other_relevant_information', 'requests_or_urgent_needs', 'rescue_volunteering_or_donation_effort', 'sympathy_and_support']
2026-02-25 21:55:59,248 - lg_cotrain - INFO - D_l1: 27, D_l2: 18, D_LG: 6333
2026-02-25 21:55:59,250 - lg_cotrain - INFO - === Phase 1: Weight Generation ===
2026-02-25 21:56:20,056 - lg_cotrain - INFO - Phase 1 epoch 1/7: mean_prob1=0.1130, mean_prob2=0.1145
2026-02-25 21:56:39,858 - lg_cotrain - INFO - Phase 1 epoch 2/7: mean_prob1=0.1143, mean_prob2=0.1150
2026-02-25 21:56:59,903 - lg_cotrain - INFO - Phase 1 epoch 3/7: mean_prob1=0.1149, mean_prob2=0.1153
2026-02-25 21:57:20,003 - lg_cotrain - INFO - Phase 1 epoch 4/7: mean_prob1=0.1151, mean_prob2=0.1155
2026-02-25 21:57:40,013 - lg_cotrain - INFO - Phase 1 epoch 5/7: mean_prob1=0.1156, mean_prob2=0.1161
2026-02-25 21:57:59,998 - lg_cotrain - INFO - Phase 1 epoch 6/7: mean_prob1=0.1166, mean_prob2=0.1172
2026-02-25 21:58:19,721 - lg_cotrain - INFO - Phase 1 epoch 7/7: mean_prob1=0.1174, mean_prob2=0.1187
2026-02-25 21:58:19,721 - lg_cotrain - INFO - === Phase 2: Co-Training ===
2026-02-25 21:58:20,918 - lg_cotrain - INFO - LR scheduler: total_steps_1=1882, warmup=305; total_steps_2=1882, warmup=305
2026-02-25 21:58:20,919 - lg_cotrain - INFO - Phase 1 done -> seeded Phase 2 trackers. lambda1: mean=0.1174, range=[0.0537, 0.2526]
2026-02-25 21:58:20,919 - lg_cotrain - INFO - Phase 1 done -> seeded Phase 2 trackers. lambda2: mean=0.1187, range=[0.0370, 0.2976]
2026-02-25 21:59:36,161 - lg_cotrain - INFO - Phase 2 epoch 1/18: loss1=0.2300, loss2=0.2448, dev_macro_f1=0.1654, dev_err=62.76%
2026-02-25 22:00:52,295 - lg_cotrain - INFO - Phase 2 epoch 2/18: loss1=0.1444, loss2=0.2474, dev_macro_f1=0.4962, dev_err=39.94%
2026-02-25 22:02:05,925 - lg_cotrain - INFO - Phase 2 epoch 3/18: loss1=0.0718, loss2=0.1805, dev_macro_f1=0.5509, dev_err=35.31%
2026-02-25 22:03:19,894 - lg_cotrain - INFO - Phase 2 epoch 4/18: loss1=0.0347, loss2=0.1308, dev_macro_f1=0.5439, dev_err=35.95%
2026-02-25 22:04:33,735 - lg_cotrain - INFO - Phase 2 epoch 5/18: loss1=0.0238, loss2=0.0980, dev_macro_f1=0.5448, dev_err=36.49%
2026-02-25 22:05:50,037 - lg_cotrain - INFO - Phase 2 epoch 6/18: loss1=0.0198, loss2=0.0796, dev_macro_f1=0.5678, dev_err=35.74%
2026-02-25 22:07:05,681 - lg_cotrain - INFO - Phase 2 epoch 7/18: loss1=0.0178, loss2=0.0643, dev_macro_f1=0.5792, dev_err=34.98%
2026-02-25 22:08:21,142 - lg_cotrain - INFO - Phase 2 epoch 8/18: loss1=0.0130, loss2=0.0423, dev_macro_f1=0.5811, dev_err=34.88%
2026-02-25 22:09:34,618 - lg_cotrain - INFO - Phase 2 epoch 9/18: loss1=0.0121, loss2=0.0368, dev_macro_f1=0.5898, dev_err=34.23%
2026-02-25 22:10:50,619 - lg_cotrain - INFO - Phase 2 epoch 10/18: loss1=0.0084, loss2=0.0260, dev_macro_f1=0.5910, dev_err=33.80%
2026-02-25 22:12:06,121 - lg_cotrain - INFO - Phase 2 epoch 11/18: loss1=0.0076, loss2=0.0210, dev_macro_f1=0.5869, dev_err=34.45%
2026-02-25 22:13:20,283 - lg_cotrain - INFO - Phase 2 epoch 12/18: loss1=0.0083, loss2=0.0177, dev_macro_f1=0.5813, dev_err=35.09%
2026-02-25 22:14:35,520 - lg_cotrain - INFO - Phase 2 epoch 13/18: loss1=0.0081, loss2=0.0167, dev_macro_f1=0.5962, dev_err=33.91%
2026-02-25 22:15:49,958 - lg_cotrain - INFO - Phase 2 epoch 14/18: loss1=0.0079, loss2=0.0159, dev_macro_f1=0.6060, dev_err=33.05%
2026-02-25 22:17:04,569 - lg_cotrain - INFO - Phase 2 epoch 15/18: loss1=0.0087, loss2=0.0134, dev_macro_f1=0.6145, dev_err=33.15%
2026-02-25 22:18:19,177 - lg_cotrain - INFO - Phase 2 epoch 16/18: loss1=0.0074, loss2=0.0125, dev_macro_f1=0.6115, dev_err=33.58%
2026-02-25 22:19:33,557 - lg_cotrain - INFO - Phase 2 epoch 17/18: loss1=0.0072, loss2=0.0118, dev_macro_f1=0.6179, dev_err=33.26%
2026-02-25 22:20:46,732 - lg_cotrain - INFO - Phase 2 epoch 18/18: loss1=0.0072, loss2=0.0111, dev_macro_f1=0.6150, dev_err=33.58%
2026-02-25 22:20:46,732 - lg_cotrain - INFO - === Phase 3: Fine-Tuning ===
2026-02-25 22:20:49,562 - lg_cotrain - INFO - Phase 3 epoch 1: dev_macro_f1=0.6155, dev_err=33.48%, es_counter1=0, es_counter2=0
2026-02-25 22:20:52,403 - lg_cotrain - INFO - Phase 3 epoch 2: dev_macro_f1=0.6165, dev_err=33.37%, es_counter1=0, es_counter2=0
2026-02-25 22:20:55,218 - lg_cotrain - INFO - Phase 3 epoch 3: dev_macro_f1=0.6135, dev_err=33.80%, es_counter1=1, es_counter2=1
2026-02-25 22:20:58,036 - lg_cotrain - INFO - Phase 3 epoch 4: dev_macro_f1=0.6158, dev_err=33.37%, es_counter1=2, es_counter2=2
2026-02-25 22:21:00,862 - lg_cotrain - INFO - Phase 3 epoch 5: dev_macro_f1=0.6174, dev_err=33.37%, es_counter1=0, es_counter2=0
2026-02-25 22:21:03,701 - lg_cotrain - INFO - Phase 3 epoch 6: dev_macro_f1=0.6198, dev_err=33.15%, es_counter1=0, es_counter2=0
2026-02-25 22:21:06,521 - lg_cotrain - INFO - Phase 3 epoch 7: dev_macro_f1=0.6170, dev_err=33.58%, es_counter1=1, es_counter2=1
2026-02-25 22:21:09,348 - lg_cotrain - INFO - Phase 3 epoch 8: dev_macro_f1=0.6306, dev_err=32.83%, es_counter1=0, es_counter2=0
2026-02-25 22:21:12,179 - lg_cotrain - INFO - Phase 3 epoch 9: dev_macro_f1=0.6240, dev_err=33.37%, es_counter1=1, es_counter2=1
2026-02-25 22:21:14,988 - lg_cotrain - INFO - Phase 3 epoch 10: dev_macro_f1=0.6211, dev_err=33.80%, es_counter1=2, es_counter2=2
2026-02-25 22:21:17,810 - lg_cotrain - INFO - Phase 3 epoch 11: dev_macro_f1=0.6188, dev_err=34.12%, es_counter1=3, es_counter2=3
2026-02-25 22:21:20,615 - lg_cotrain - INFO - Phase 3 epoch 12: dev_macro_f1=0.6195, dev_err=34.34%, es_counter1=4, es_counter2=4
2026-02-25 22:21:23,436 - lg_cotrain - INFO - Phase 3 epoch 13: dev_macro_f1=0.6199, dev_err=34.45%, es_counter1=5, es_counter2=5
2026-02-25 22:21:23,436 - lg_cotrain - INFO - Early stopping at epoch 13
2026-02-25 22:21:23,448 - lg_cotrain - INFO - === Final Evaluation ===
2026-02-25 22:21:31,268 - lg_cotrain - INFO - Results saved to C:\Users\anhtr\AppData\Local\Temp\tmpbjpqx49z\hurricane_harvey_2017\5_set3\metrics.json
2026-02-25 22:21:31,268 - lg_cotrain - INFO - Test error rate: 33.96%, Test macro-F1: 0.6188, Test ECE: 0.2603
2026-02-25 22:21:31,282 - lg_cotrain - INFO - --- Trial 6/10 done: dev_macro_f1=0.6306 ---
2026-02-25 22:21:31,282 - lg_cotrain - INFO - --- Trial 7/10 ---
2026-02-25 22:21:31,794 - lg_cotrain - INFO - Starting LG-CoTrain: event=hurricane_harvey_2017, budget=5, seed_set=3
2026-02-25 22:21:31,842 - lg_cotrain - INFO - Detected 9 classes for event hurricane_harvey_2017: ['caution_and_advice', 'displaced_people_and_evacuations', 'infrastructure_and_utility_damage', 'injured_or_dead_people', 'not_humanitarian', 'other_relevant_information', 'requests_or_urgent_needs', 'rescue_volunteering_or_donation_effort', 'sympathy_and_support']
2026-02-25 22:21:31,852 - lg_cotrain - INFO - D_l1: 27, D_l2: 18, D_LG: 6333
2026-02-25 22:21:31,853 - lg_cotrain - INFO - === Phase 1: Weight Generation ===
2026-02-25 22:21:52,785 - lg_cotrain - INFO - Phase 1 epoch 1/7: mean_prob1=0.1145, mean_prob2=0.1146
2026-02-25 22:22:12,711 - lg_cotrain - INFO - Phase 1 epoch 2/7: mean_prob1=0.1150, mean_prob2=0.1151
2026-02-25 22:22:32,622 - lg_cotrain - INFO - Phase 1 epoch 3/7: mean_prob1=0.1156, mean_prob2=0.1167
2026-02-25 22:22:52,492 - lg_cotrain - INFO - Phase 1 epoch 4/7: mean_prob1=0.1186, mean_prob2=0.1187
2026-02-25 22:23:12,406 - lg_cotrain - INFO - Phase 1 epoch 5/7: mean_prob1=0.1199, mean_prob2=0.1206
2026-02-25 22:23:32,338 - lg_cotrain - INFO - Phase 1 epoch 6/7: mean_prob1=0.1218, mean_prob2=0.1227
2026-02-25 22:23:52,266 - lg_cotrain - INFO - Phase 1 epoch 7/7: mean_prob1=0.1234, mean_prob2=0.1245
2026-02-25 22:23:52,267 - lg_cotrain - INFO - === Phase 2: Co-Training ===
2026-02-25 22:23:53,325 - lg_cotrain - INFO - LR scheduler: total_steps_1=4060, warmup=282; total_steps_2=4060, warmup=282
2026-02-25 22:23:53,327 - lg_cotrain - INFO - Phase 1 done -> seeded Phase 2 trackers. lambda1: mean=0.1234, range=[0.0401, 0.2881]
2026-02-25 22:23:53,327 - lg_cotrain - INFO - Phase 1 done -> seeded Phase 2 trackers. lambda2: mean=0.1245, range=[0.0301, 0.3039]
2026-02-25 22:25:11,975 - lg_cotrain - INFO - Phase 2 epoch 1/20: loss1=0.1815, loss2=0.1918, dev_macro_f1=0.5490, dev_err=36.28%
2026-02-25 22:26:30,604 - lg_cotrain - INFO - Phase 2 epoch 2/20: loss1=0.0575, loss2=0.1809, dev_macro_f1=0.5680, dev_err=35.41%
2026-02-25 22:27:49,825 - lg_cotrain - INFO - Phase 2 epoch 3/20: loss1=0.0340, loss2=0.1567, dev_macro_f1=0.5947, dev_err=34.12%
2026-02-25 22:29:08,853 - lg_cotrain - INFO - Phase 2 epoch 4/20: loss1=0.0230, loss2=0.1047, dev_macro_f1=0.5896, dev_err=34.34%
2026-02-25 22:30:29,150 - lg_cotrain - INFO - Phase 2 epoch 5/20: loss1=0.0224, loss2=0.0607, dev_macro_f1=0.5853, dev_err=34.88%
2026-02-25 22:31:49,943 - lg_cotrain - INFO - Phase 2 epoch 6/20: loss1=0.0150, loss2=0.0422, dev_macro_f1=0.6034, dev_err=33.69%
2026-02-25 22:33:10,246 - lg_cotrain - INFO - Phase 2 epoch 7/20: loss1=0.0144, loss2=0.0326, dev_macro_f1=0.6115, dev_err=33.37%
2026-02-25 22:34:29,795 - lg_cotrain - INFO - Phase 2 epoch 8/20: loss1=0.0111, loss2=0.0259, dev_macro_f1=0.6145, dev_err=33.58%
2026-02-25 22:35:49,280 - lg_cotrain - INFO - Phase 2 epoch 9/20: loss1=0.0125, loss2=0.0236, dev_macro_f1=0.6131, dev_err=33.58%
2026-02-25 22:37:09,068 - lg_cotrain - INFO - Phase 2 epoch 10/20: loss1=0.0082, loss2=0.0181, dev_macro_f1=0.6108, dev_err=34.34%
2026-02-25 22:38:28,762 - lg_cotrain - INFO - Phase 2 epoch 11/20: loss1=0.0139, loss2=0.0132, dev_macro_f1=0.6128, dev_err=33.15%
2026-02-25 22:39:48,439 - lg_cotrain - INFO - Phase 2 epoch 12/20: loss1=0.0072, loss2=0.0077, dev_macro_f1=0.6079, dev_err=34.55%
2026-02-25 22:41:07,092 - lg_cotrain - INFO - Phase 2 epoch 13/20: loss1=0.0046, loss2=0.0104, dev_macro_f1=0.6198, dev_err=33.15%
2026-02-25 22:42:25,575 - lg_cotrain - INFO - Phase 2 epoch 14/20: loss1=0.0031, loss2=0.0077, dev_macro_f1=0.6227, dev_err=32.94%
2026-02-25 22:43:43,954 - lg_cotrain - INFO - Phase 2 epoch 15/20: loss1=0.0028, loss2=0.0051, dev_macro_f1=0.6155, dev_err=33.91%
2026-02-25 22:45:02,270 - lg_cotrain - INFO - Phase 2 epoch 16/20: loss1=0.0029, loss2=0.0067, dev_macro_f1=0.6125, dev_err=34.23%
2026-02-25 22:46:20,579 - lg_cotrain - INFO - Phase 2 epoch 17/20: loss1=0.0033, loss2=0.0054, dev_macro_f1=0.6171, dev_err=33.26%
2026-02-25 22:47:38,867 - lg_cotrain - INFO - Phase 2 epoch 18/20: loss1=0.0041, loss2=0.0031, dev_macro_f1=0.6128, dev_err=34.02%
2026-02-25 22:48:57,139 - lg_cotrain - INFO - Phase 2 epoch 19/20: loss1=0.0034, loss2=0.0024, dev_macro_f1=0.6175, dev_err=33.69%
2026-02-25 22:50:15,515 - lg_cotrain - INFO - Phase 2 epoch 20/20: loss1=0.0038, loss2=0.0026, dev_macro_f1=0.6195, dev_err=33.58%
2026-02-25 22:50:15,516 - lg_cotrain - INFO - === Phase 3: Fine-Tuning ===
2026-02-25 22:50:18,453 - lg_cotrain - INFO - Phase 3 epoch 1: dev_macro_f1=0.6187, dev_err=33.69%, es_counter1=0, es_counter2=0
2026-02-25 22:50:21,362 - lg_cotrain - INFO - Phase 3 epoch 2: dev_macro_f1=0.6178, dev_err=33.80%, es_counter1=1, es_counter2=1
2026-02-25 22:50:24,285 - lg_cotrain - INFO - Phase 3 epoch 3: dev_macro_f1=0.6169, dev_err=33.91%, es_counter1=2, es_counter2=2
2026-02-25 22:50:27,200 - lg_cotrain - INFO - Phase 3 epoch 4: dev_macro_f1=0.6178, dev_err=33.80%, es_counter1=3, es_counter2=3
2026-02-25 22:50:30,119 - lg_cotrain - INFO - Phase 3 epoch 5: dev_macro_f1=0.6156, dev_err=33.91%, es_counter1=4, es_counter2=4
2026-02-25 22:50:33,031 - lg_cotrain - INFO - Phase 3 epoch 6: dev_macro_f1=0.6163, dev_err=33.91%, es_counter1=5, es_counter2=5
2026-02-25 22:50:35,976 - lg_cotrain - INFO - Phase 3 epoch 7: dev_macro_f1=0.6188, dev_err=33.80%, es_counter1=0, es_counter2=0
2026-02-25 22:50:38,912 - lg_cotrain - INFO - Phase 3 epoch 8: dev_macro_f1=0.6194, dev_err=34.02%, es_counter1=0, es_counter2=0
2026-02-25 22:50:41,853 - lg_cotrain - INFO - Phase 3 epoch 9: dev_macro_f1=0.6225, dev_err=33.91%, es_counter1=0, es_counter2=0
2026-02-25 22:50:44,772 - lg_cotrain - INFO - Phase 3 epoch 10: dev_macro_f1=0.6242, dev_err=33.69%, es_counter1=0, es_counter2=0
2026-02-25 22:50:47,696 - lg_cotrain - INFO - Phase 3 epoch 11: dev_macro_f1=0.6242, dev_err=33.69%, es_counter1=1, es_counter2=1
2026-02-25 22:50:50,623 - lg_cotrain - INFO - Phase 3 epoch 12: dev_macro_f1=0.6243, dev_err=33.69%, es_counter1=0, es_counter2=0
2026-02-25 22:50:53,549 - lg_cotrain - INFO - Phase 3 epoch 13: dev_macro_f1=0.6207, dev_err=33.91%, es_counter1=1, es_counter2=1
2026-02-25 22:50:56,495 - lg_cotrain - INFO - Phase 3 epoch 14: dev_macro_f1=0.6264, dev_err=33.58%, es_counter1=0, es_counter2=0
2026-02-25 22:50:59,399 - lg_cotrain - INFO - Phase 3 epoch 15: dev_macro_f1=0.6256, dev_err=33.80%, es_counter1=1, es_counter2=1
2026-02-25 22:51:02,317 - lg_cotrain - INFO - Phase 3 epoch 16: dev_macro_f1=0.6262, dev_err=33.69%, es_counter1=2, es_counter2=2
2026-02-25 22:51:05,248 - lg_cotrain - INFO - Phase 3 epoch 17: dev_macro_f1=0.6272, dev_err=33.58%, es_counter1=0, es_counter2=0
2026-02-25 22:51:08,189 - lg_cotrain - INFO - Phase 3 epoch 18: dev_macro_f1=0.6282, dev_err=33.48%, es_counter1=0, es_counter2=0
2026-02-25 22:51:11,127 - lg_cotrain - INFO - Phase 3 epoch 19: dev_macro_f1=0.6300, dev_err=33.48%, es_counter1=0, es_counter2=0
2026-02-25 22:51:14,065 - lg_cotrain - INFO - Phase 3 epoch 20: dev_macro_f1=0.6326, dev_err=33.37%, es_counter1=0, es_counter2=0
2026-02-25 22:51:17,001 - lg_cotrain - INFO - Phase 3 epoch 21: dev_macro_f1=0.6348, dev_err=33.26%, es_counter1=0, es_counter2=0
2026-02-25 22:51:19,906 - lg_cotrain - INFO - Phase 3 epoch 22: dev_macro_f1=0.6339, dev_err=33.37%, es_counter1=1, es_counter2=1
2026-02-25 22:51:22,828 - lg_cotrain - INFO - Phase 3 epoch 23: dev_macro_f1=0.6339, dev_err=33.37%, es_counter1=2, es_counter2=2
2026-02-25 22:51:25,745 - lg_cotrain - INFO - Phase 3 epoch 24: dev_macro_f1=0.6340, dev_err=33.37%, es_counter1=3, es_counter2=3
2026-02-25 22:51:28,648 - lg_cotrain - INFO - Phase 3 epoch 25: dev_macro_f1=0.6323, dev_err=33.48%, es_counter1=4, es_counter2=4
2026-02-25 22:51:31,561 - lg_cotrain - INFO - Phase 3 epoch 26: dev_macro_f1=0.6323, dev_err=33.48%, es_counter1=5, es_counter2=5
2026-02-25 22:51:34,477 - lg_cotrain - INFO - Phase 3 epoch 27: dev_macro_f1=0.6311, dev_err=33.69%, es_counter1=6, es_counter2=6
2026-02-25 22:51:34,477 - lg_cotrain - INFO - Early stopping at epoch 27
2026-02-25 22:51:34,488 - lg_cotrain - INFO - === Final Evaluation ===
2026-02-25 22:51:42,451 - lg_cotrain - INFO - Results saved to C:\Users\anhtr\AppData\Local\Temp\tmpj3jo2zv8\hurricane_harvey_2017\5_set3\metrics.json
2026-02-25 22:51:42,451 - lg_cotrain - INFO - Test error rate: 33.63%, Test macro-F1: 0.6272, Test ECE: 0.2578
2026-02-25 22:51:42,463 - lg_cotrain - INFO - --- Trial 7/10 done: dev_macro_f1=0.6348 ---
2026-02-25 22:51:42,464 - lg_cotrain - INFO - --- Trial 8/10 ---
2026-02-25 22:51:43,003 - lg_cotrain - INFO - Starting LG-CoTrain: event=hurricane_harvey_2017, budget=5, seed_set=3
2026-02-25 22:51:43,051 - lg_cotrain - INFO - Detected 9 classes for event hurricane_harvey_2017: ['caution_and_advice', 'displaced_people_and_evacuations', 'infrastructure_and_utility_damage', 'injured_or_dead_people', 'not_humanitarian', 'other_relevant_information', 'requests_or_urgent_needs', 'rescue_volunteering_or_donation_effort', 'sympathy_and_support']
2026-02-25 22:51:43,062 - lg_cotrain - INFO - D_l1: 27, D_l2: 18, D_LG: 6333
2026-02-25 22:51:43,064 - lg_cotrain - INFO - === Phase 1: Weight Generation ===
2026-02-25 22:52:07,488 - lg_cotrain - INFO - Phase 1 epoch 1/7: mean_prob1=0.1067, mean_prob2=0.1137
2026-02-25 22:52:30,884 - lg_cotrain - INFO - Phase 1 epoch 2/7: mean_prob1=0.1133, mean_prob2=0.1161
2026-02-25 22:52:54,265 - lg_cotrain - INFO - Phase 1 epoch 3/7: mean_prob1=0.1165, mean_prob2=0.1194
2026-02-25 22:53:17,684 - lg_cotrain - INFO - Phase 1 epoch 4/7: mean_prob1=0.1171, mean_prob2=0.1227
2026-02-25 22:53:40,922 - lg_cotrain - INFO - Phase 1 epoch 5/7: mean_prob1=0.1147, mean_prob2=0.1247
2026-02-25 22:54:04,161 - lg_cotrain - INFO - Phase 1 epoch 6/7: mean_prob1=0.1147, mean_prob2=0.1248
2026-02-25 22:54:27,518 - lg_cotrain - INFO - Phase 1 epoch 7/7: mean_prob1=0.1168, mean_prob2=0.1273
2026-02-25 22:54:27,519 - lg_cotrain - INFO - === Phase 2: Co-Training ===
2026-02-25 22:54:28,551 - lg_cotrain - INFO - LR scheduler: total_steps_1=14656, warmup=1317; total_steps_2=14556, warmup=1308
2026-02-25 22:54:28,552 - lg_cotrain - INFO - Phase 1 done -> seeded Phase 2 trackers. lambda1: mean=0.1168, range=[0.0335, 0.2935]
2026-02-25 22:54:28,552 - lg_cotrain - INFO - Phase 1 done -> seeded Phase 2 trackers. lambda2: mean=0.1273, range=[0.0267, 0.3187]
2026-02-25 22:56:11,824 - lg_cotrain - INFO - Phase 2 epoch 1/18: loss1=0.1728, loss2=0.1590, dev_macro_f1=0.5701, dev_err=35.52%
2026-02-25 22:57:54,742 - lg_cotrain - INFO - Phase 2 epoch 2/18: loss1=0.0547, loss2=0.2270, dev_macro_f1=0.5865, dev_err=35.52%
2026-02-25 22:59:37,521 - lg_cotrain - INFO - Phase 2 epoch 3/18: loss1=0.0396, loss2=0.2057, dev_macro_f1=0.5988, dev_err=34.55%
2026-02-25 23:01:20,342 - lg_cotrain - INFO - Phase 2 epoch 4/18: loss1=0.0282, loss2=0.1243, dev_macro_f1=0.5976, dev_err=34.12%
2026-02-25 23:03:03,160 - lg_cotrain - INFO - Phase 2 epoch 5/18: loss1=0.0244, loss2=0.0806, dev_macro_f1=0.5887, dev_err=34.55%
2026-02-25 23:04:45,956 - lg_cotrain - INFO - Phase 2 epoch 6/18: loss1=0.0208, loss2=0.0547, dev_macro_f1=0.6007, dev_err=34.45%
2026-02-25 23:06:28,882 - lg_cotrain - INFO - Phase 2 epoch 7/18: loss1=0.0199, loss2=0.0488, dev_macro_f1=0.6185, dev_err=33.80%
2026-02-25 23:08:11,672 - lg_cotrain - INFO - Phase 2 epoch 8/18: loss1=0.0189, loss2=0.0348, dev_macro_f1=0.6289, dev_err=32.83%
2026-02-25 23:09:54,558 - lg_cotrain - INFO - Phase 2 epoch 9/18: loss1=0.0097, loss2=0.0283, dev_macro_f1=0.6208, dev_err=33.58%
2026-02-25 23:11:38,019 - lg_cotrain - INFO - Phase 2 epoch 10/18: loss1=0.0084, loss2=0.0152, dev_macro_f1=0.6288, dev_err=32.94%
2026-02-25 23:13:21,755 - lg_cotrain - INFO - Phase 2 epoch 11/18: loss1=0.0120, loss2=0.0088, dev_macro_f1=0.6305, dev_err=32.72%
2026-02-25 23:15:04,911 - lg_cotrain - INFO - Phase 2 epoch 12/18: loss1=0.0086, loss2=0.0056, dev_macro_f1=0.6315, dev_err=32.40%
2026-02-25 23:16:48,011 - lg_cotrain - INFO - Phase 2 epoch 13/18: loss1=0.0051, loss2=0.0062, dev_macro_f1=0.6370, dev_err=31.86%
2026-02-25 23:18:31,059 - lg_cotrain - INFO - Phase 2 epoch 14/18: loss1=0.0064, loss2=0.0070, dev_macro_f1=0.6326, dev_err=32.51%
2026-02-25 23:20:14,216 - lg_cotrain - INFO - Phase 2 epoch 15/18: loss1=0.0061, loss2=0.0052, dev_macro_f1=0.6390, dev_err=32.51%
2026-02-25 23:21:57,353 - lg_cotrain - INFO - Phase 2 epoch 16/18: loss1=0.0033, loss2=0.0027, dev_macro_f1=0.6373, dev_err=32.51%
2026-02-25 23:23:40,353 - lg_cotrain - INFO - Phase 2 epoch 17/18: loss1=0.0030, loss2=0.0015, dev_macro_f1=0.6388, dev_err=32.51%
2026-02-25 23:25:23,612 - lg_cotrain - INFO - Phase 2 epoch 18/18: loss1=0.0033, loss2=0.0012, dev_macro_f1=0.6390, dev_err=32.40%
2026-02-25 23:25:23,613 - lg_cotrain - INFO - === Phase 3: Fine-Tuning ===
2026-02-25 23:25:27,159 - lg_cotrain - INFO - Phase 3 epoch 1: dev_macro_f1=0.6372, dev_err=32.51%, es_counter1=0, es_counter2=0
2026-02-25 23:25:30,641 - lg_cotrain - INFO - Phase 3 epoch 2: dev_macro_f1=0.6364, dev_err=32.72%, es_counter1=1, es_counter2=1
2026-02-25 23:25:34,167 - lg_cotrain - INFO - Phase 3 epoch 3: dev_macro_f1=0.6368, dev_err=32.62%, es_counter1=2, es_counter2=2
2026-02-25 23:25:37,737 - lg_cotrain - INFO - Phase 3 epoch 4: dev_macro_f1=0.6428, dev_err=32.29%, es_counter1=0, es_counter2=0
2026-02-25 23:25:41,253 - lg_cotrain - INFO - Phase 3 epoch 5: dev_macro_f1=0.6448, dev_err=32.19%, es_counter1=0, es_counter2=0
2026-02-25 23:25:44,758 - lg_cotrain - INFO - Phase 3 epoch 6: dev_macro_f1=0.6419, dev_err=32.40%, es_counter1=1, es_counter2=1
2026-02-25 23:25:48,270 - lg_cotrain - INFO - Phase 3 epoch 7: dev_macro_f1=0.6398, dev_err=32.51%, es_counter1=2, es_counter2=2
2026-02-25 23:25:51,812 - lg_cotrain - INFO - Phase 3 epoch 8: dev_macro_f1=0.6457, dev_err=32.19%, es_counter1=0, es_counter2=0
2026-02-25 23:25:55,327 - lg_cotrain - INFO - Phase 3 epoch 9: dev_macro_f1=0.6431, dev_err=32.40%, es_counter1=1, es_counter2=1
2026-02-25 23:25:58,843 - lg_cotrain - INFO - Phase 3 epoch 10: dev_macro_f1=0.6408, dev_err=32.51%, es_counter1=2, es_counter2=2
2026-02-25 23:26:02,346 - lg_cotrain - INFO - Phase 3 epoch 11: dev_macro_f1=0.6382, dev_err=32.83%, es_counter1=3, es_counter2=3
2026-02-25 23:26:05,859 - lg_cotrain - INFO - Phase 3 epoch 12: dev_macro_f1=0.6368, dev_err=32.94%, es_counter1=4, es_counter2=4
2026-02-25 23:26:09,363 - lg_cotrain - INFO - Phase 3 epoch 13: dev_macro_f1=0.6368, dev_err=32.94%, es_counter1=5, es_counter2=5
2026-02-25 23:26:12,847 - lg_cotrain - INFO - Phase 3 epoch 14: dev_macro_f1=0.6377, dev_err=32.83%, es_counter1=6, es_counter2=6
2026-02-25 23:26:16,328 - lg_cotrain - INFO - Phase 3 epoch 15: dev_macro_f1=0.6362, dev_err=32.94%, es_counter1=7, es_counter2=7
2026-02-25 23:26:19,820 - lg_cotrain - INFO - Phase 3 epoch 16: dev_macro_f1=0.6354, dev_err=33.05%, es_counter1=8, es_counter2=8
2026-02-25 23:26:23,298 - lg_cotrain - INFO - Phase 3 epoch 17: dev_macro_f1=0.6345, dev_err=33.15%, es_counter1=9, es_counter2=9
2026-02-25 23:26:26,813 - lg_cotrain - INFO - Phase 3 epoch 18: dev_macro_f1=0.6337, dev_err=33.26%, es_counter1=10, es_counter2=10
2026-02-25 23:26:26,813 - lg_cotrain - INFO - Early stopping at epoch 18
2026-02-25 23:26:26,828 - lg_cotrain - INFO - === Final Evaluation ===
2026-02-25 23:26:36,229 - lg_cotrain - INFO - Results saved to C:\Users\anhtr\AppData\Local\Temp\tmp4xu0tjlh\hurricane_harvey_2017\5_set3\metrics.json
2026-02-25 23:26:36,229 - lg_cotrain - INFO - Test error rate: 34.13%, Test macro-F1: 0.6171, Test ECE: 0.2664
2026-02-25 23:26:36,239 - lg_cotrain - INFO - --- Trial 8/10 done: dev_macro_f1=0.6457 ---
2026-02-25 23:26:36,240 - lg_cotrain - INFO - --- Trial 9/10 ---
2026-02-25 23:26:36,757 - lg_cotrain - INFO - Starting LG-CoTrain: event=hurricane_harvey_2017, budget=5, seed_set=3
2026-02-25 23:26:36,800 - lg_cotrain - INFO - Detected 9 classes for event hurricane_harvey_2017: ['caution_and_advice', 'displaced_people_and_evacuations', 'infrastructure_and_utility_damage', 'injured_or_dead_people', 'not_humanitarian', 'other_relevant_information', 'requests_or_urgent_needs', 'rescue_volunteering_or_donation_effort', 'sympathy_and_support']
2026-02-25 23:26:36,810 - lg_cotrain - INFO - D_l1: 27, D_l2: 18, D_LG: 6333
2026-02-25 23:26:36,813 - lg_cotrain - INFO - === Phase 1: Weight Generation ===
2026-02-25 23:26:57,121 - lg_cotrain - INFO - Phase 1 epoch 1/7: mean_prob1=0.1150, mean_prob2=0.1124
2026-02-25 23:27:16,267 - lg_cotrain - INFO - Phase 1 epoch 2/7: mean_prob1=0.1151, mean_prob2=0.1147
2026-02-25 23:27:35,287 - lg_cotrain - INFO - Phase 1 epoch 3/7: mean_prob1=0.1168, mean_prob2=0.1184
2026-02-25 23:27:54,233 - lg_cotrain - INFO - Phase 1 epoch 4/7: mean_prob1=0.1224, mean_prob2=0.1222
2026-02-25 23:28:13,180 - lg_cotrain - INFO - Phase 1 epoch 5/7: mean_prob1=0.1251, mean_prob2=0.1257
2026-02-25 23:28:32,201 - lg_cotrain - INFO - Phase 1 epoch 6/7: mean_prob1=0.1328, mean_prob2=0.1284
2026-02-25 23:28:51,495 - lg_cotrain - INFO - Phase 1 epoch 7/7: mean_prob1=0.1388, mean_prob2=0.1298
2026-02-25 23:28:51,495 - lg_cotrain - INFO - === Phase 2: Co-Training ===
2026-02-25 23:28:52,583 - lg_cotrain - INFO - LR scheduler: total_steps_1=892, warmup=241; total_steps_2=892, warmup=241
2026-02-25 23:28:52,585 - lg_cotrain - INFO - Phase 1 done -> seeded Phase 2 trackers. lambda1: mean=0.1388, range=[0.0327, 0.3387]
2026-02-25 23:28:52,585 - lg_cotrain - INFO - Phase 1 done -> seeded Phase 2 trackers. lambda2: mean=0.1298, range=[0.0263, 0.3300]
2026-02-25 23:30:05,076 - lg_cotrain - INFO - Phase 2 epoch 1/8: loss1=0.2015, loss2=0.2296, dev_macro_f1=0.5241, dev_err=37.03%
2026-02-25 23:31:17,924 - lg_cotrain - INFO - Phase 2 epoch 2/8: loss1=0.0623, loss2=0.1751, dev_macro_f1=0.5629, dev_err=34.98%
2026-02-25 23:32:30,786 - lg_cotrain - INFO - Phase 2 epoch 3/8: loss1=0.0351, loss2=0.1975, dev_macro_f1=0.5628, dev_err=37.35%
2026-02-25 23:33:43,799 - lg_cotrain - INFO - Phase 2 epoch 4/8: loss1=0.0283, loss2=0.1289, dev_macro_f1=0.5683, dev_err=35.41%
2026-02-25 23:34:56,432 - lg_cotrain - INFO - Phase 2 epoch 5/8: loss1=0.0234, loss2=0.0679, dev_macro_f1=0.5859, dev_err=34.98%
2026-02-25 23:36:09,075 - lg_cotrain - INFO - Phase 2 epoch 6/8: loss1=0.0141, loss2=0.0414, dev_macro_f1=0.6021, dev_err=33.58%
2026-02-25 23:37:21,610 - lg_cotrain - INFO - Phase 2 epoch 7/8: loss1=0.0096, loss2=0.0243, dev_macro_f1=0.6004, dev_err=34.12%
2026-02-25 23:38:34,292 - lg_cotrain - INFO - Phase 2 epoch 8/8: loss1=0.0062, loss2=0.0137, dev_macro_f1=0.5965, dev_err=34.45%
2026-02-25 23:38:34,292 - lg_cotrain - INFO - === Phase 3: Fine-Tuning ===
2026-02-25 23:38:37,105 - lg_cotrain - INFO - Phase 3 epoch 1: dev_macro_f1=0.5989, dev_err=34.34%, es_counter1=0, es_counter2=0
2026-02-25 23:38:39,929 - lg_cotrain - INFO - Phase 3 epoch 2: dev_macro_f1=0.6033, dev_err=34.23%, es_counter1=0, es_counter2=0
2026-02-25 23:38:42,726 - lg_cotrain - INFO - Phase 3 epoch 3: dev_macro_f1=0.6129, dev_err=33.80%, es_counter1=0, es_counter2=0
2026-02-25 23:38:45,552 - lg_cotrain - INFO - Phase 3 epoch 4: dev_macro_f1=0.6172, dev_err=34.02%, es_counter1=0, es_counter2=0
2026-02-25 23:38:48,332 - lg_cotrain - INFO - Phase 3 epoch 5: dev_macro_f1=0.6164, dev_err=34.45%, es_counter1=1, es_counter2=1
2026-02-25 23:38:51,131 - lg_cotrain - INFO - Phase 3 epoch 6: dev_macro_f1=0.6104, dev_err=35.41%, es_counter1=2, es_counter2=2
2026-02-25 23:38:53,925 - lg_cotrain - INFO - Phase 3 epoch 7: dev_macro_f1=0.6136, dev_err=35.52%, es_counter1=3, es_counter2=3
2026-02-25 23:38:56,716 - lg_cotrain - INFO - Phase 3 epoch 8: dev_macro_f1=0.6088, dev_err=36.38%, es_counter1=4, es_counter2=4
2026-02-25 23:38:59,507 - lg_cotrain - INFO - Phase 3 epoch 9: dev_macro_f1=0.6039, dev_err=37.35%, es_counter1=5, es_counter2=5
2026-02-25 23:38:59,507 - lg_cotrain - INFO - Early stopping at epoch 9
2026-02-25 23:38:59,518 - lg_cotrain - INFO - === Final Evaluation ===
2026-02-25 23:39:07,162 - lg_cotrain - INFO - Results saved to C:\Users\anhtr\AppData\Local\Temp\tmphch4b8q9\hurricane_harvey_2017\5_set3\metrics.json
2026-02-25 23:39:07,162 - lg_cotrain - INFO - Test error rate: 33.13%, Test macro-F1: 0.6242, Test ECE: 0.2319
2026-02-25 23:39:07,172 - lg_cotrain - INFO - --- Trial 9/10 done: dev_macro_f1=0.6172 ---
2026-02-25 23:39:07,173 - lg_cotrain - INFO - --- Trial 10/10 ---
2026-02-25 23:39:07,678 - lg_cotrain - INFO - Starting LG-CoTrain: event=hurricane_harvey_2017, budget=5, seed_set=3
2026-02-25 23:39:07,720 - lg_cotrain - INFO - Detected 9 classes for event hurricane_harvey_2017: ['caution_and_advice', 'displaced_people_and_evacuations', 'infrastructure_and_utility_damage', 'injured_or_dead_people', 'not_humanitarian', 'other_relevant_information', 'requests_or_urgent_needs', 'rescue_volunteering_or_donation_effort', 'sympathy_and_support']
2026-02-25 23:39:07,727 - lg_cotrain - INFO - D_l1: 27, D_l2: 18, D_LG: 6333
2026-02-25 23:39:07,729 - lg_cotrain - INFO - === Phase 1: Weight Generation ===
2026-02-25 23:39:27,802 - lg_cotrain - INFO - Phase 1 epoch 1/7: mean_prob1=0.1088, mean_prob2=0.1110
2026-02-25 23:39:46,705 - lg_cotrain - INFO - Phase 1 epoch 2/7: mean_prob1=0.1160, mean_prob2=0.1077
2026-02-25 23:40:05,884 - lg_cotrain - INFO - Phase 1 epoch 3/7: mean_prob1=0.1151, mean_prob2=0.1088
2026-02-25 23:40:24,909 - lg_cotrain - INFO - Phase 1 epoch 4/7: mean_prob1=0.1115, mean_prob2=0.1112
2026-02-25 23:40:43,853 - lg_cotrain - INFO - Phase 1 epoch 5/7: mean_prob1=0.1228, mean_prob2=0.1161
2026-02-25 23:41:02,735 - lg_cotrain - INFO - Phase 1 epoch 6/7: mean_prob1=0.1385, mean_prob2=0.1203
2026-02-25 23:41:21,652 - lg_cotrain - INFO - Phase 1 epoch 7/7: mean_prob1=0.1471, mean_prob2=0.1248
2026-02-25 23:41:21,652 - lg_cotrain - INFO - === Phase 2: Co-Training ===
2026-02-25 23:41:22,623 - lg_cotrain - INFO - LR scheduler: total_steps_1=1981, warmup=396; total_steps_2=1981, warmup=396
2026-02-25 23:41:22,624 - lg_cotrain - INFO - Phase 1 done -> seeded Phase 2 trackers. lambda1: mean=0.1471, range=[0.0169, 0.5397]
2026-02-25 23:41:22,624 - lg_cotrain - INFO - Phase 1 done -> seeded Phase 2 trackers. lambda2: mean=0.1248, range=[0.0197, 0.3840]
2026-02-25 23:42:35,123 - lg_cotrain - INFO - Phase 2 epoch 1/19: loss1=0.1988, loss2=0.2295, dev_macro_f1=0.5267, dev_err=38.00%
2026-02-25 23:43:47,618 - lg_cotrain - INFO - Phase 2 epoch 2/19: loss1=0.0540, loss2=0.2111, dev_macro_f1=0.5738, dev_err=34.55%
2026-02-25 23:45:00,025 - lg_cotrain - INFO - Phase 2 epoch 3/19: loss1=0.0461, loss2=0.2289, dev_macro_f1=0.5781, dev_err=36.06%
2026-02-25 23:46:12,672 - lg_cotrain - INFO - Phase 2 epoch 4/19: loss1=0.0595, loss2=0.2043, dev_macro_f1=0.5629, dev_err=35.84%
2026-02-25 23:47:25,030 - lg_cotrain - INFO - Phase 2 epoch 5/19: loss1=0.0919, loss2=0.2074, dev_macro_f1=0.5851, dev_err=34.12%
2026-02-25 23:48:37,499 - lg_cotrain - INFO - Phase 2 epoch 6/19: loss1=0.0762, loss2=0.1318, dev_macro_f1=0.5862, dev_err=34.66%
2026-02-25 23:49:50,196 - lg_cotrain - INFO - Phase 2 epoch 7/19: loss1=0.0671, loss2=0.1143, dev_macro_f1=0.6043, dev_err=33.69%
2026-02-25 23:51:02,528 - lg_cotrain - INFO - Phase 2 epoch 8/19: loss1=0.0374, loss2=0.0632, dev_macro_f1=0.5915, dev_err=34.45%
2026-02-25 23:52:14,975 - lg_cotrain - INFO - Phase 2 epoch 9/19: loss1=0.0272, loss2=0.0364, dev_macro_f1=0.5982, dev_err=35.20%
2026-02-25 23:53:27,544 - lg_cotrain - INFO - Phase 2 epoch 10/19: loss1=0.0218, loss2=0.0525, dev_macro_f1=0.5910, dev_err=35.52%
2026-02-25 23:54:39,978 - lg_cotrain - INFO - Phase 2 epoch 11/19: loss1=0.0375, loss2=0.0252, dev_macro_f1=0.5999, dev_err=34.77%
2026-02-25 23:55:52,745 - lg_cotrain - INFO - Phase 2 epoch 12/19: loss1=0.0257, loss2=0.0149, dev_macro_f1=0.5922, dev_err=35.31%
2026-02-25 23:57:07,268 - lg_cotrain - INFO - Phase 2 epoch 13/19: loss1=0.0223, loss2=0.0122, dev_macro_f1=0.6169, dev_err=32.72%
2026-02-25 23:58:20,090 - lg_cotrain - INFO - Phase 2 epoch 14/19: loss1=0.0222, loss2=0.0092, dev_macro_f1=0.5987, dev_err=34.34%
2026-02-25 23:59:32,881 - lg_cotrain - INFO - Phase 2 epoch 15/19: loss1=0.0145, loss2=0.0047, dev_macro_f1=0.6216, dev_err=32.94%
2026-02-26 00:00:45,462 - lg_cotrain - INFO - Phase 2 epoch 16/19: loss1=0.0130, loss2=0.0028, dev_macro_f1=0.6197, dev_err=33.26%
2026-02-26 00:01:57,975 - lg_cotrain - INFO - Phase 2 epoch 17/19: loss1=0.0118, loss2=0.0033, dev_macro_f1=0.6138, dev_err=33.58%
2026-02-26 00:03:10,644 - lg_cotrain - INFO - Phase 2 epoch 18/19: loss1=0.0104, loss2=0.0024, dev_macro_f1=0.6294, dev_err=32.62%
2026-02-26 00:04:23,147 - lg_cotrain - INFO - Phase 2 epoch 19/19: loss1=0.0092, loss2=0.0023, dev_macro_f1=0.6274, dev_err=32.72%
2026-02-26 00:04:23,147 - lg_cotrain - INFO - === Phase 3: Fine-Tuning ===
2026-02-26 00:04:25,966 - lg_cotrain - INFO - Phase 3 epoch 1: dev_macro_f1=0.6246, dev_err=32.94%, es_counter1=0, es_counter2=0
2026-02-26 00:04:28,801 - lg_cotrain - INFO - Phase 3 epoch 2: dev_macro_f1=0.6281, dev_err=32.94%, es_counter1=0, es_counter2=0
2026-02-26 00:04:31,609 - lg_cotrain - INFO - Phase 3 epoch 3: dev_macro_f1=0.6233, dev_err=33.37%, es_counter1=1, es_counter2=1
2026-02-26 00:04:34,413 - lg_cotrain - INFO - Phase 3 epoch 4: dev_macro_f1=0.6235, dev_err=33.69%, es_counter1=2, es_counter2=2
2026-02-26 00:04:37,225 - lg_cotrain - INFO - Phase 3 epoch 5: dev_macro_f1=0.6234, dev_err=34.02%, es_counter1=3, es_counter2=3
2026-02-26 00:04:40,063 - lg_cotrain - INFO - Phase 3 epoch 6: dev_macro_f1=0.6286, dev_err=34.12%, es_counter1=0, es_counter2=0
2026-02-26 00:04:42,860 - lg_cotrain - INFO - Phase 3 epoch 7: dev_macro_f1=0.6280, dev_err=34.55%, es_counter1=1, es_counter2=1
2026-02-26 00:04:45,650 - lg_cotrain - INFO - Phase 3 epoch 8: dev_macro_f1=0.6258, dev_err=35.20%, es_counter1=2, es_counter2=2
2026-02-26 00:04:48,451 - lg_cotrain - INFO - Phase 3 epoch 9: dev_macro_f1=0.6267, dev_err=35.52%, es_counter1=3, es_counter2=3
2026-02-26 00:04:51,257 - lg_cotrain - INFO - Phase 3 epoch 10: dev_macro_f1=0.6281, dev_err=35.95%, es_counter1=4, es_counter2=4
2026-02-26 00:04:54,044 - lg_cotrain - INFO - Phase 3 epoch 11: dev_macro_f1=0.6205, dev_err=36.92%, es_counter1=5, es_counter2=5
2026-02-26 00:04:56,838 - lg_cotrain - INFO - Phase 3 epoch 12: dev_macro_f1=0.6175, dev_err=37.46%, es_counter1=6, es_counter2=6
2026-02-26 00:04:59,634 - lg_cotrain - INFO - Phase 3 epoch 13: dev_macro_f1=0.6176, dev_err=37.67%, es_counter1=7, es_counter2=7
2026-02-26 00:05:02,411 - lg_cotrain - INFO - Phase 3 epoch 14: dev_macro_f1=0.6184, dev_err=37.67%, es_counter1=8, es_counter2=8
2026-02-26 00:05:02,411 - lg_cotrain - INFO - Early stopping at epoch 14
2026-02-26 00:05:02,428 - lg_cotrain - INFO - === Final Evaluation ===
2026-02-26 00:05:10,083 - lg_cotrain - INFO - Results saved to C:\Users\anhtr\AppData\Local\Temp\tmp8np5vj98\hurricane_harvey_2017\5_set3\metrics.json
2026-02-26 00:05:10,083 - lg_cotrain - INFO - Test error rate: 33.80%, Test macro-F1: 0.6265, Test ECE: 0.2146
2026-02-26 00:05:10,095 - lg_cotrain - INFO - --- Trial 10/10 done: dev_macro_f1=0.6286 ---
