2026-02-28 23:54:54,623 - lg_cotrain - INFO - === Optuna study: kerala_floods_2018 budget=25 seed=1 | target=10 trials, 0 replayed, 10 new ===
2026-02-28 23:54:54,623 - lg_cotrain - INFO - --- Trial 1/10 ---
2026-02-28 23:54:55,127 - lg_cotrain - INFO - Starting LG-CoTrain: event=kerala_floods_2018, budget=25, seed_set=1
2026-02-28 23:54:55,187 - lg_cotrain - INFO - Detected 9 classes for event kerala_floods_2018: ['caution_and_advice', 'displaced_people_and_evacuations', 'infrastructure_and_utility_damage', 'injured_or_dead_people', 'not_humanitarian', 'other_relevant_information', 'requests_or_urgent_needs', 'rescue_volunteering_or_donation_effort', 'sympathy_and_support']
2026-02-28 23:54:55,195 - lg_cotrain - INFO - D_l1: 117, D_l2: 108, D_LG: 5363
2026-02-28 23:54:55,197 - lg_cotrain - INFO - === Phase 1: Weight Generation ===
2026-02-28 23:55:18,031 - lg_cotrain - INFO - Phase 1 epoch 1/7: mean_prob1=0.1304, mean_prob2=0.0773
2026-02-28 23:55:39,926 - lg_cotrain - INFO - Phase 1 epoch 2/7: mean_prob1=0.1089, mean_prob2=0.0854
2026-02-28 23:56:01,169 - lg_cotrain - INFO - Phase 1 epoch 3/7: mean_prob1=0.1067, mean_prob2=0.1065
2026-02-28 23:56:22,588 - lg_cotrain - INFO - Phase 1 epoch 4/7: mean_prob1=0.1155, mean_prob2=0.1022
2026-02-28 23:56:44,188 - lg_cotrain - INFO - Phase 1 epoch 5/7: mean_prob1=0.1146, mean_prob2=0.0674
2026-02-28 23:57:06,219 - lg_cotrain - INFO - Phase 1 epoch 6/7: mean_prob1=0.1029, mean_prob2=0.1574
2026-02-28 23:57:28,176 - lg_cotrain - INFO - Phase 1 epoch 7/7: mean_prob1=0.1255, mean_prob2=0.1095
2026-02-28 23:57:28,176 - lg_cotrain - INFO - === Phase 2: Co-Training ===
2026-02-28 23:57:29,195 - lg_cotrain - INFO - LR scheduler: total_steps_1=10894, warmup=627; total_steps_2=10794, warmup=621
2026-02-28 23:57:29,196 - lg_cotrain - INFO - Phase 1 done -> seeded Phase 2 trackers. lambda1: mean=0.1255, range=[0.0719, 0.1848]
2026-02-28 23:57:29,197 - lg_cotrain - INFO - Phase 1 done -> seeded Phase 2 trackers. lambda2: mean=0.1095, range=[0.0487, 0.1837]
2026-02-28 23:59:06,969 - lg_cotrain - INFO - Phase 2 epoch 1/14: loss1=0.1763, loss2=0.1914, dev_macro_f1=0.0777, dev_err=46.19%
2026-03-01 00:00:38,935 - lg_cotrain - INFO - Phase 2 epoch 2/14: loss1=0.1230, loss2=0.2877, dev_macro_f1=0.0777, dev_err=46.19%
2026-03-01 00:02:08,319 - lg_cotrain - INFO - Phase 2 epoch 3/14: loss1=0.0590, loss2=0.3099, dev_macro_f1=0.0777, dev_err=46.19%
2026-03-01 00:03:39,137 - lg_cotrain - INFO - Phase 2 epoch 4/14: loss1=0.0452, loss2=0.2978, dev_macro_f1=0.0777, dev_err=46.19%
2026-03-01 00:05:09,161 - lg_cotrain - INFO - Phase 2 epoch 5/14: loss1=0.0282, loss2=0.2814, dev_macro_f1=0.0777, dev_err=46.19%
2026-03-01 00:06:39,138 - lg_cotrain - INFO - Phase 2 epoch 6/14: loss1=0.0140, loss2=0.2675, dev_macro_f1=0.0777, dev_err=46.19%
2026-03-01 00:08:08,342 - lg_cotrain - INFO - Phase 2 epoch 7/14: loss1=0.0044, loss2=0.2544, dev_macro_f1=0.0777, dev_err=46.19%
2026-03-01 00:09:38,117 - lg_cotrain - INFO - Phase 2 epoch 8/14: loss1=0.0062, loss2=0.2397, dev_macro_f1=0.0777, dev_err=46.19%
2026-03-01 00:11:09,034 - lg_cotrain - INFO - Phase 2 epoch 9/14: loss1=0.0025, loss2=0.2276, dev_macro_f1=0.0777, dev_err=46.19%
2026-03-01 00:12:40,948 - lg_cotrain - INFO - Phase 2 epoch 10/14: loss1=0.0008, loss2=0.2172, dev_macro_f1=0.0777, dev_err=46.19%
2026-03-01 00:14:11,261 - lg_cotrain - INFO - Phase 2 epoch 11/14: loss1=0.0000, loss2=0.2070, dev_macro_f1=0.0777, dev_err=46.19%
2026-03-01 00:15:39,580 - lg_cotrain - INFO - Phase 2 epoch 12/14: loss1=0.0000, loss2=0.1983, dev_macro_f1=0.0777, dev_err=46.19%
2026-03-01 00:17:08,920 - lg_cotrain - INFO - Phase 2 epoch 13/14: loss1=0.0000, loss2=0.1905, dev_macro_f1=0.0777, dev_err=46.19%
2026-03-01 00:18:38,549 - lg_cotrain - INFO - Phase 2 epoch 14/14: loss1=0.0000, loss2=0.1836, dev_macro_f1=0.0777, dev_err=46.19%
2026-03-01 00:18:38,550 - lg_cotrain - INFO - === Phase 3: Fine-Tuning ===
2026-03-01 00:18:42,818 - lg_cotrain - INFO - Phase 3 epoch 1: dev_macro_f1=0.0038, dev_err=98.28%, es_counter1=0, es_counter2=0
2026-03-01 00:18:47,096 - lg_cotrain - INFO - Phase 3 epoch 2: dev_macro_f1=0.0153, dev_err=92.63%, es_counter1=0, es_counter2=0
2026-03-01 00:18:51,401 - lg_cotrain - INFO - Phase 3 epoch 3: dev_macro_f1=0.0777, dev_err=46.19%, es_counter1=0, es_counter2=0
2026-03-01 00:18:55,685 - lg_cotrain - INFO - Phase 3 epoch 4: dev_macro_f1=0.0097, dev_err=95.45%, es_counter1=1, es_counter2=1
2026-03-01 00:18:59,954 - lg_cotrain - INFO - Phase 3 epoch 5: dev_macro_f1=0.0038, dev_err=98.28%, es_counter1=2, es_counter2=2
2026-03-01 00:19:04,177 - lg_cotrain - INFO - Phase 3 epoch 6: dev_macro_f1=0.0210, dev_err=89.56%, es_counter1=3, es_counter2=3
2026-03-01 00:19:08,403 - lg_cotrain - INFO - Phase 3 epoch 7: dev_macro_f1=0.0016, dev_err=99.26%, es_counter1=4, es_counter2=4
2026-03-01 00:19:12,789 - lg_cotrain - INFO - Phase 3 epoch 8: dev_macro_f1=0.0038, dev_err=98.28%, es_counter1=5, es_counter2=5
2026-03-01 00:19:17,047 - lg_cotrain - INFO - Phase 3 epoch 9: dev_macro_f1=0.0121, dev_err=94.23%, es_counter1=6, es_counter2=6
2026-03-01 00:19:17,047 - lg_cotrain - INFO - Early stopping at epoch 9
2026-03-01 00:19:17,058 - lg_cotrain - INFO - === Final Evaluation ===
2026-03-01 00:19:25,385 - lg_cotrain - INFO - Results saved to C:\Users\anhtr\AppData\Local\Temp\tmptxe8qpb8\kerala_floods_2018\25_set1\metrics.json
2026-03-01 00:19:25,385 - lg_cotrain - INFO - Test error rate: 46.21%, Test macro-F1: 0.0777, Test ECE: 0.3921
2026-03-01 00:19:25,395 - lg_cotrain - INFO - --- Trial 1/10 done: dev_macro_f1=0.0777 ---
2026-03-01 00:19:25,395 - lg_cotrain - INFO - --- Trial 2/10 ---
2026-03-01 00:19:25,898 - lg_cotrain - INFO - Starting LG-CoTrain: event=kerala_floods_2018, budget=25, seed_set=1
2026-03-01 00:19:25,940 - lg_cotrain - INFO - Detected 9 classes for event kerala_floods_2018: ['caution_and_advice', 'displaced_people_and_evacuations', 'infrastructure_and_utility_damage', 'injured_or_dead_people', 'not_humanitarian', 'other_relevant_information', 'requests_or_urgent_needs', 'rescue_volunteering_or_donation_effort', 'sympathy_and_support']
2026-03-01 00:19:25,951 - lg_cotrain - INFO - D_l1: 117, D_l2: 108, D_LG: 5363
2026-03-01 00:19:25,952 - lg_cotrain - INFO - === Phase 1: Weight Generation ===
2026-03-01 00:19:45,053 - lg_cotrain - INFO - Phase 1 epoch 1/7: mean_prob1=0.1212, mean_prob2=0.1340
2026-03-01 00:20:03,190 - lg_cotrain - INFO - Phase 1 epoch 2/7: mean_prob1=0.1197, mean_prob2=0.1369
2026-03-01 00:20:21,579 - lg_cotrain - INFO - Phase 1 epoch 3/7: mean_prob1=0.1343, mean_prob2=0.1206
2026-03-01 00:20:40,180 - lg_cotrain - INFO - Phase 1 epoch 4/7: mean_prob1=0.1349, mean_prob2=0.1347
2026-03-01 00:20:58,522 - lg_cotrain - INFO - Phase 1 epoch 5/7: mean_prob1=0.1341, mean_prob2=0.1512
2026-03-01 00:21:16,950 - lg_cotrain - INFO - Phase 1 epoch 6/7: mean_prob1=0.1464, mean_prob2=0.1394
2026-03-01 00:21:35,384 - lg_cotrain - INFO - Phase 1 epoch 7/7: mean_prob1=0.1565, mean_prob2=0.1514
2026-03-01 00:21:35,384 - lg_cotrain - INFO - === Phase 2: Co-Training ===
2026-03-01 00:21:36,488 - lg_cotrain - INFO - LR scheduler: total_steps_1=2248, warmup=282; total_steps_2=2248, warmup=282
2026-03-01 00:21:36,489 - lg_cotrain - INFO - Phase 1 done -> seeded Phase 2 trackers. lambda1: mean=0.1565, range=[0.0388, 0.3077]
2026-03-01 00:21:36,489 - lg_cotrain - INFO - Phase 1 done -> seeded Phase 2 trackers. lambda2: mean=0.1514, range=[0.0265, 0.3854]
2026-03-01 00:22:44,891 - lg_cotrain - INFO - Phase 2 epoch 1/11: loss1=0.2282, loss2=0.2263, dev_macro_f1=0.2445, dev_err=37.35%
2026-03-01 00:23:53,208 - lg_cotrain - INFO - Phase 2 epoch 2/11: loss1=0.0787, loss2=0.1674, dev_macro_f1=0.4720, dev_err=27.15%
2026-03-01 00:25:01,851 - lg_cotrain - INFO - Phase 2 epoch 3/11: loss1=0.0324, loss2=0.1425, dev_macro_f1=0.4999, dev_err=26.66%
2026-03-01 00:26:11,656 - lg_cotrain - INFO - Phase 2 epoch 4/11: loss1=0.0181, loss2=0.0995, dev_macro_f1=0.5153, dev_err=26.29%
2026-03-01 00:27:19,663 - lg_cotrain - INFO - Phase 2 epoch 5/11: loss1=0.0148, loss2=0.0643, dev_macro_f1=0.5414, dev_err=27.27%
2026-03-01 00:28:27,083 - lg_cotrain - INFO - Phase 2 epoch 6/11: loss1=0.0148, loss2=0.0465, dev_macro_f1=0.5313, dev_err=26.78%
2026-03-01 00:29:34,499 - lg_cotrain - INFO - Phase 2 epoch 7/11: loss1=0.0144, loss2=0.0283, dev_macro_f1=0.5361, dev_err=27.03%
2026-03-01 00:30:42,071 - lg_cotrain - INFO - Phase 2 epoch 8/11: loss1=0.0097, loss2=0.0202, dev_macro_f1=0.5551, dev_err=26.78%
2026-03-01 00:31:49,564 - lg_cotrain - INFO - Phase 2 epoch 9/11: loss1=0.0066, loss2=0.0150, dev_macro_f1=0.5548, dev_err=27.03%
2026-03-01 00:32:56,970 - lg_cotrain - INFO - Phase 2 epoch 10/11: loss1=0.0069, loss2=0.0105, dev_macro_f1=0.5508, dev_err=26.54%
2026-03-01 00:34:04,915 - lg_cotrain - INFO - Phase 2 epoch 11/11: loss1=0.0061, loss2=0.0093, dev_macro_f1=0.5576, dev_err=27.03%
2026-03-01 00:34:04,915 - lg_cotrain - INFO - === Phase 3: Fine-Tuning ===
2026-03-01 00:34:08,331 - lg_cotrain - INFO - Phase 3 epoch 1: dev_macro_f1=0.5860, dev_err=27.64%, es_counter1=0, es_counter2=0
2026-03-01 00:34:11,726 - lg_cotrain - INFO - Phase 3 epoch 2: dev_macro_f1=0.5409, dev_err=33.66%, es_counter1=1, es_counter2=1
2026-03-01 00:34:15,115 - lg_cotrain - INFO - Phase 3 epoch 3: dev_macro_f1=0.5270, dev_err=37.10%, es_counter1=2, es_counter2=2
2026-03-01 00:34:18,502 - lg_cotrain - INFO - Phase 3 epoch 4: dev_macro_f1=0.5501, dev_err=36.36%, es_counter1=3, es_counter2=3
2026-03-01 00:34:21,877 - lg_cotrain - INFO - Phase 3 epoch 5: dev_macro_f1=0.5718, dev_err=34.15%, es_counter1=4, es_counter2=4
2026-03-01 00:34:25,281 - lg_cotrain - INFO - Phase 3 epoch 6: dev_macro_f1=0.5820, dev_err=32.56%, es_counter1=5, es_counter2=5
2026-03-01 00:34:28,675 - lg_cotrain - INFO - Phase 3 epoch 7: dev_macro_f1=0.5898, dev_err=31.33%, es_counter1=0, es_counter2=0
2026-03-01 00:34:32,059 - lg_cotrain - INFO - Phase 3 epoch 8: dev_macro_f1=0.5892, dev_err=30.84%, es_counter1=1, es_counter2=1
2026-03-01 00:34:35,476 - lg_cotrain - INFO - Phase 3 epoch 9: dev_macro_f1=0.5913, dev_err=30.22%, es_counter1=0, es_counter2=0
2026-03-01 00:34:38,861 - lg_cotrain - INFO - Phase 3 epoch 10: dev_macro_f1=0.5895, dev_err=30.22%, es_counter1=1, es_counter2=1
2026-03-01 00:34:42,278 - lg_cotrain - INFO - Phase 3 epoch 11: dev_macro_f1=0.5930, dev_err=29.85%, es_counter1=0, es_counter2=0
2026-03-01 00:34:45,670 - lg_cotrain - INFO - Phase 3 epoch 12: dev_macro_f1=0.5917, dev_err=29.85%, es_counter1=1, es_counter2=1
2026-03-01 00:34:49,076 - lg_cotrain - INFO - Phase 3 epoch 13: dev_macro_f1=0.5939, dev_err=29.85%, es_counter1=0, es_counter2=0
2026-03-01 00:34:52,478 - lg_cotrain - INFO - Phase 3 epoch 14: dev_macro_f1=0.5963, dev_err=29.73%, es_counter1=0, es_counter2=0
2026-03-01 00:34:55,871 - lg_cotrain - INFO - Phase 3 epoch 15: dev_macro_f1=0.5933, dev_err=30.10%, es_counter1=1, es_counter2=1
2026-03-01 00:34:59,252 - lg_cotrain - INFO - Phase 3 epoch 16: dev_macro_f1=0.5938, dev_err=30.10%, es_counter1=2, es_counter2=2
2026-03-01 00:35:02,648 - lg_cotrain - INFO - Phase 3 epoch 17: dev_macro_f1=0.5934, dev_err=30.10%, es_counter1=3, es_counter2=3
2026-03-01 00:35:06,033 - lg_cotrain - INFO - Phase 3 epoch 18: dev_macro_f1=0.5907, dev_err=30.22%, es_counter1=4, es_counter2=4
2026-03-01 00:35:09,419 - lg_cotrain - INFO - Phase 3 epoch 19: dev_macro_f1=0.5903, dev_err=30.22%, es_counter1=5, es_counter2=5
2026-03-01 00:35:12,813 - lg_cotrain - INFO - Phase 3 epoch 20: dev_macro_f1=0.5905, dev_err=30.22%, es_counter1=6, es_counter2=6
2026-03-01 00:35:16,240 - lg_cotrain - INFO - Phase 3 epoch 21: dev_macro_f1=0.5909, dev_err=30.22%, es_counter1=7, es_counter2=7
2026-03-01 00:35:16,240 - lg_cotrain - INFO - Early stopping at epoch 21
2026-03-01 00:35:16,250 - lg_cotrain - INFO - === Final Evaluation ===
2026-03-01 00:35:23,322 - lg_cotrain - INFO - Results saved to C:\Users\anhtr\AppData\Local\Temp\tmp5ifb5_0z\kerala_floods_2018\25_set1\metrics.json
2026-03-01 00:35:23,322 - lg_cotrain - INFO - Test error rate: 34.26%, Test macro-F1: 0.5405, Test ECE: 0.1656
2026-03-01 00:35:23,334 - lg_cotrain - INFO - --- Trial 2/10 done: dev_macro_f1=0.5963 ---
2026-03-01 00:35:23,334 - lg_cotrain - INFO - --- Trial 3/10 ---
2026-03-01 00:35:23,842 - lg_cotrain - INFO - Starting LG-CoTrain: event=kerala_floods_2018, budget=25, seed_set=1
2026-03-01 00:35:23,882 - lg_cotrain - INFO - Detected 9 classes for event kerala_floods_2018: ['caution_and_advice', 'displaced_people_and_evacuations', 'infrastructure_and_utility_damage', 'injured_or_dead_people', 'not_humanitarian', 'other_relevant_information', 'requests_or_urgent_needs', 'rescue_volunteering_or_donation_effort', 'sympathy_and_support']
2026-03-01 00:35:23,891 - lg_cotrain - INFO - D_l1: 117, D_l2: 108, D_LG: 5363
2026-03-01 00:35:23,893 - lg_cotrain - INFO - === Phase 1: Weight Generation ===
2026-03-01 00:35:42,657 - lg_cotrain - INFO - Phase 1 epoch 1/7: mean_prob1=0.1229, mean_prob2=0.1381
2026-03-01 00:36:00,342 - lg_cotrain - INFO - Phase 1 epoch 2/7: mean_prob1=0.1140, mean_prob2=0.1362
2026-03-01 00:36:18,120 - lg_cotrain - INFO - Phase 1 epoch 3/7: mean_prob1=0.1178, mean_prob2=0.1434
2026-03-01 00:36:35,869 - lg_cotrain - INFO - Phase 1 epoch 4/7: mean_prob1=0.1266, mean_prob2=0.1323
2026-03-01 00:36:53,682 - lg_cotrain - INFO - Phase 1 epoch 5/7: mean_prob1=0.1292, mean_prob2=0.1365
2026-03-01 00:37:11,361 - lg_cotrain - INFO - Phase 1 epoch 6/7: mean_prob1=0.1309, mean_prob2=0.1363
2026-03-01 00:37:29,156 - lg_cotrain - INFO - Phase 1 epoch 7/7: mean_prob1=0.1327, mean_prob2=0.1281
2026-03-01 00:37:29,156 - lg_cotrain - INFO - === Phase 2: Co-Training ===
2026-03-01 00:37:30,175 - lg_cotrain - INFO - LR scheduler: total_steps_1=2416, warmup=169; total_steps_2=2416, warmup=169
2026-03-01 00:37:30,176 - lg_cotrain - INFO - Phase 1 done -> seeded Phase 2 trackers. lambda1: mean=0.1327, range=[0.0444, 0.2778]
2026-03-01 00:37:30,176 - lg_cotrain - INFO - Phase 1 done -> seeded Phase 2 trackers. lambda2: mean=0.1281, range=[0.0294, 0.3649]
2026-03-01 00:38:36,908 - lg_cotrain - INFO - Phase 2 epoch 1/12: loss1=0.2057, loss2=0.2012, dev_macro_f1=0.2079, dev_err=41.40%
2026-03-01 00:39:43,802 - lg_cotrain - INFO - Phase 2 epoch 2/12: loss1=0.0798, loss2=0.1680, dev_macro_f1=0.4371, dev_err=28.99%
2026-03-01 00:40:50,851 - lg_cotrain - INFO - Phase 2 epoch 3/12: loss1=0.0422, loss2=0.1342, dev_macro_f1=0.4687, dev_err=28.38%
2026-03-01 00:41:57,893 - lg_cotrain - INFO - Phase 2 epoch 4/12: loss1=0.0278, loss2=0.1003, dev_macro_f1=0.4863, dev_err=27.52%
2026-03-01 00:43:05,112 - lg_cotrain - INFO - Phase 2 epoch 5/12: loss1=0.0209, loss2=0.0732, dev_macro_f1=0.4807, dev_err=28.62%
2026-03-01 00:44:12,436 - lg_cotrain - INFO - Phase 2 epoch 6/12: loss1=0.0183, loss2=0.0550, dev_macro_f1=0.4826, dev_err=28.38%
2026-03-01 00:45:19,723 - lg_cotrain - INFO - Phase 2 epoch 7/12: loss1=0.0139, loss2=0.0419, dev_macro_f1=0.4973, dev_err=26.78%
2026-03-01 00:46:26,896 - lg_cotrain - INFO - Phase 2 epoch 8/12: loss1=0.0120, loss2=0.0352, dev_macro_f1=0.5069, dev_err=27.89%
2026-03-01 00:47:33,974 - lg_cotrain - INFO - Phase 2 epoch 9/12: loss1=0.0101, loss2=0.0298, dev_macro_f1=0.5138, dev_err=27.15%
2026-03-01 00:48:42,168 - lg_cotrain - INFO - Phase 2 epoch 10/12: loss1=0.0106, loss2=0.0232, dev_macro_f1=0.5086, dev_err=27.52%
2026-03-01 00:49:50,000 - lg_cotrain - INFO - Phase 2 epoch 11/12: loss1=0.0087, loss2=0.0204, dev_macro_f1=0.5212, dev_err=27.76%
2026-03-01 00:50:57,713 - lg_cotrain - INFO - Phase 2 epoch 12/12: loss1=0.0091, loss2=0.0184, dev_macro_f1=0.5176, dev_err=27.89%
2026-03-01 00:50:57,713 - lg_cotrain - INFO - === Phase 3: Fine-Tuning ===
2026-03-01 00:51:01,151 - lg_cotrain - INFO - Phase 3 epoch 1: dev_macro_f1=0.5361, dev_err=27.40%, es_counter1=0, es_counter2=0
2026-03-01 00:51:04,596 - lg_cotrain - INFO - Phase 3 epoch 2: dev_macro_f1=0.5573, dev_err=33.05%, es_counter1=0, es_counter2=0
2026-03-01 00:51:08,027 - lg_cotrain - INFO - Phase 3 epoch 3: dev_macro_f1=0.5201, dev_err=38.94%, es_counter1=1, es_counter2=1
2026-03-01 00:51:11,636 - lg_cotrain - INFO - Phase 3 epoch 4: dev_macro_f1=0.5056, dev_err=41.40%, es_counter1=2, es_counter2=2
2026-03-01 00:51:15,182 - lg_cotrain - INFO - Phase 3 epoch 5: dev_macro_f1=0.5156, dev_err=40.42%, es_counter1=3, es_counter2=3
2026-03-01 00:51:18,649 - lg_cotrain - INFO - Phase 3 epoch 6: dev_macro_f1=0.5504, dev_err=35.75%, es_counter1=4, es_counter2=4
2026-03-01 00:51:18,650 - lg_cotrain - INFO - Early stopping at epoch 6
2026-03-01 00:51:18,660 - lg_cotrain - INFO - === Final Evaluation ===
2026-03-01 00:51:26,003 - lg_cotrain - INFO - Results saved to C:\Users\anhtr\AppData\Local\Temp\tmpa1t1s6n0\kerala_floods_2018\25_set1\metrics.json
2026-03-01 00:51:26,004 - lg_cotrain - INFO - Test error rate: 34.83%, Test macro-F1: 0.5034, Test ECE: 0.1922
2026-03-01 00:51:26,015 - lg_cotrain - INFO - --- Trial 3/10 done: dev_macro_f1=0.5573 ---
2026-03-01 00:51:26,016 - lg_cotrain - INFO - --- Trial 4/10 ---
2026-03-01 00:51:26,518 - lg_cotrain - INFO - Starting LG-CoTrain: event=kerala_floods_2018, budget=25, seed_set=1
2026-03-01 00:51:26,566 - lg_cotrain - INFO - Detected 9 classes for event kerala_floods_2018: ['caution_and_advice', 'displaced_people_and_evacuations', 'infrastructure_and_utility_damage', 'injured_or_dead_people', 'not_humanitarian', 'other_relevant_information', 'requests_or_urgent_needs', 'rescue_volunteering_or_donation_effort', 'sympathy_and_support']
2026-03-01 00:51:26,578 - lg_cotrain - INFO - D_l1: 117, D_l2: 108, D_LG: 5363
2026-03-01 00:51:26,581 - lg_cotrain - INFO - === Phase 1: Weight Generation ===
2026-03-01 00:51:45,953 - lg_cotrain - INFO - Phase 1 epoch 1/7: mean_prob1=0.0979, mean_prob2=0.1028
2026-03-01 00:52:04,025 - lg_cotrain - INFO - Phase 1 epoch 2/7: mean_prob1=0.0995, mean_prob2=0.1210
2026-03-01 00:52:22,123 - lg_cotrain - INFO - Phase 1 epoch 3/7: mean_prob1=0.1181, mean_prob2=0.1140
2026-03-01 00:52:40,336 - lg_cotrain - INFO - Phase 1 epoch 4/7: mean_prob1=0.1137, mean_prob2=0.1001
2026-03-01 00:52:58,392 - lg_cotrain - INFO - Phase 1 epoch 5/7: mean_prob1=0.1054, mean_prob2=0.1062
2026-03-01 00:53:16,539 - lg_cotrain - INFO - Phase 1 epoch 6/7: mean_prob1=0.0967, mean_prob2=0.1063
2026-03-01 00:53:34,623 - lg_cotrain - INFO - Phase 1 epoch 7/7: mean_prob1=0.1191, mean_prob2=0.1123
2026-03-01 00:53:34,623 - lg_cotrain - INFO - === Phase 2: Co-Training ===
2026-03-01 00:53:35,778 - lg_cotrain - INFO - LR scheduler: total_steps_1=3760, warmup=1075; total_steps_2=3760, warmup=1075
2026-03-01 00:53:35,779 - lg_cotrain - INFO - Phase 1 done -> seeded Phase 2 trackers. lambda1: mean=0.1191, range=[0.0804, 0.1326]
2026-03-01 00:53:35,779 - lg_cotrain - INFO - Phase 1 done -> seeded Phase 2 trackers. lambda2: mean=0.1123, range=[0.0739, 0.1952]
2026-03-01 00:54:43,924 - lg_cotrain - INFO - Phase 2 epoch 1/20: loss1=0.1323, loss2=0.1310, dev_macro_f1=0.4683, dev_err=30.10%
2026-03-01 00:55:51,720 - lg_cotrain - INFO - Phase 2 epoch 2/20: loss1=0.0544, loss2=0.3769, dev_macro_f1=0.5151, dev_err=29.85%
2026-03-01 00:56:59,464 - lg_cotrain - INFO - Phase 2 epoch 3/20: loss1=0.1757, loss2=0.8839, dev_macro_f1=0.0777, dev_err=46.19%
2026-03-01 00:58:06,831 - lg_cotrain - INFO - Phase 2 epoch 4/20: loss1=0.1153, loss2=1.0382, dev_macro_f1=0.0777, dev_err=46.19%
2026-03-01 00:59:14,516 - lg_cotrain - INFO - Phase 2 epoch 5/20: loss1=0.0532, loss2=0.9657, dev_macro_f1=0.0777, dev_err=46.19%
2026-03-01 01:00:37,435 - lg_cotrain - INFO - Phase 2 epoch 6/20: loss1=0.0239, loss2=0.9037, dev_macro_f1=0.0777, dev_err=46.19%
2026-03-01 01:02:01,028 - lg_cotrain - INFO - Phase 2 epoch 7/20: loss1=0.0136, loss2=0.8571, dev_macro_f1=0.0777, dev_err=46.19%
2026-03-01 01:03:24,522 - lg_cotrain - INFO - Phase 2 epoch 8/20: loss1=0.0126, loss2=0.8032, dev_macro_f1=0.0777, dev_err=46.19%
2026-03-01 01:04:48,163 - lg_cotrain - INFO - Phase 2 epoch 9/20: loss1=0.0099, loss2=0.7666, dev_macro_f1=0.0777, dev_err=46.19%
2026-03-01 01:06:11,918 - lg_cotrain - INFO - Phase 2 epoch 10/20: loss1=0.0093, loss2=0.7250, dev_macro_f1=0.0777, dev_err=46.19%
2026-03-01 01:07:35,656 - lg_cotrain - INFO - Phase 2 epoch 11/20: loss1=0.0089, loss2=0.6971, dev_macro_f1=0.0777, dev_err=46.19%
2026-03-01 01:08:59,451 - lg_cotrain - INFO - Phase 2 epoch 12/20: loss1=0.0092, loss2=0.6687, dev_macro_f1=0.0777, dev_err=46.19%
2026-03-01 01:10:22,785 - lg_cotrain - INFO - Phase 2 epoch 13/20: loss1=0.0094, loss2=0.6424, dev_macro_f1=0.0777, dev_err=46.19%
2026-03-01 01:11:46,488 - lg_cotrain - INFO - Phase 2 epoch 14/20: loss1=0.0096, loss2=0.6224, dev_macro_f1=0.0777, dev_err=46.19%
2026-03-01 01:13:10,706 - lg_cotrain - INFO - Phase 2 epoch 15/20: loss1=0.0086, loss2=0.6004, dev_macro_f1=0.0777, dev_err=46.19%
2026-03-01 01:14:34,283 - lg_cotrain - INFO - Phase 2 epoch 16/20: loss1=0.0087, loss2=0.5836, dev_macro_f1=0.0777, dev_err=46.19%
2026-03-01 01:15:57,614 - lg_cotrain - INFO - Phase 2 epoch 17/20: loss1=0.0085, loss2=0.5655, dev_macro_f1=0.0777, dev_err=46.19%
2026-03-01 01:17:21,092 - lg_cotrain - INFO - Phase 2 epoch 18/20: loss1=0.0084, loss2=0.5498, dev_macro_f1=0.0777, dev_err=46.19%
2026-03-01 01:18:44,509 - lg_cotrain - INFO - Phase 2 epoch 19/20: loss1=0.0080, loss2=0.5364, dev_macro_f1=0.0777, dev_err=46.19%
2026-03-01 01:20:07,891 - lg_cotrain - INFO - Phase 2 epoch 20/20: loss1=0.0077, loss2=0.5223, dev_macro_f1=0.0777, dev_err=46.19%
2026-03-01 01:20:07,891 - lg_cotrain - INFO - === Phase 3: Fine-Tuning ===
2026-03-01 01:20:12,793 - lg_cotrain - INFO - Phase 3 epoch 1: dev_macro_f1=0.0777, dev_err=46.19%, es_counter1=0, es_counter2=0
2026-03-01 01:20:17,314 - lg_cotrain - INFO - Phase 3 epoch 2: dev_macro_f1=0.0038, dev_err=98.28%, es_counter1=1, es_counter2=1
2026-03-01 01:20:21,753 - lg_cotrain - INFO - Phase 3 epoch 3: dev_macro_f1=0.0121, dev_err=94.23%, es_counter1=2, es_counter2=2
2026-03-01 01:20:26,205 - lg_cotrain - INFO - Phase 3 epoch 4: dev_macro_f1=0.0038, dev_err=98.28%, es_counter1=3, es_counter2=3
2026-03-01 01:20:30,606 - lg_cotrain - INFO - Phase 3 epoch 5: dev_macro_f1=0.0777, dev_err=46.19%, es_counter1=4, es_counter2=4
2026-03-01 01:20:35,003 - lg_cotrain - INFO - Phase 3 epoch 6: dev_macro_f1=0.0777, dev_err=46.19%, es_counter1=5, es_counter2=5
2026-03-01 01:20:35,003 - lg_cotrain - INFO - Early stopping at epoch 6
2026-03-01 01:20:35,014 - lg_cotrain - INFO - === Final Evaluation ===
2026-03-01 01:20:45,884 - lg_cotrain - INFO - Results saved to C:\Users\anhtr\AppData\Local\Temp\tmp7bmtvp7n\kerala_floods_2018\25_set1\metrics.json
2026-03-01 01:20:45,884 - lg_cotrain - INFO - Test error rate: 46.21%, Test macro-F1: 0.0777, Test ECE: 0.0496
2026-03-01 01:20:45,897 - lg_cotrain - INFO - --- Trial 4/10 done: dev_macro_f1=0.0777 ---
2026-03-01 01:20:45,897 - lg_cotrain - INFO - --- Trial 5/10 ---
2026-03-01 01:20:46,413 - lg_cotrain - INFO - Starting LG-CoTrain: event=kerala_floods_2018, budget=25, seed_set=1
2026-03-01 01:20:46,453 - lg_cotrain - INFO - Detected 9 classes for event kerala_floods_2018: ['caution_and_advice', 'displaced_people_and_evacuations', 'infrastructure_and_utility_damage', 'injured_or_dead_people', 'not_humanitarian', 'other_relevant_information', 'requests_or_urgent_needs', 'rescue_volunteering_or_donation_effort', 'sympathy_and_support']
2026-03-01 01:20:46,461 - lg_cotrain - INFO - D_l1: 117, D_l2: 108, D_LG: 5363
2026-03-01 01:20:46,462 - lg_cotrain - INFO - === Phase 1: Weight Generation ===
2026-03-01 01:21:20,458 - lg_cotrain - INFO - Phase 1 epoch 1/7: mean_prob1=0.1207, mean_prob2=0.1122
2026-03-01 01:21:53,440 - lg_cotrain - INFO - Phase 1 epoch 2/7: mean_prob1=0.1199, mean_prob2=0.1200
2026-03-01 01:22:26,496 - lg_cotrain - INFO - Phase 1 epoch 3/7: mean_prob1=0.1469, mean_prob2=0.1257
2026-03-01 01:22:59,487 - lg_cotrain - INFO - Phase 1 epoch 4/7: mean_prob1=0.1658, mean_prob2=0.1306
2026-03-01 01:23:32,587 - lg_cotrain - INFO - Phase 1 epoch 5/7: mean_prob1=0.2161, mean_prob2=0.1218
2026-03-01 01:24:05,646 - lg_cotrain - INFO - Phase 1 epoch 6/7: mean_prob1=0.2756, mean_prob2=0.1919
2026-03-01 01:24:38,693 - lg_cotrain - INFO - Phase 1 epoch 7/7: mean_prob1=0.2769, mean_prob2=0.1648
2026-03-01 01:24:38,693 - lg_cotrain - INFO - === Phase 2: Co-Training ===
2026-03-01 01:24:39,730 - lg_cotrain - INFO - LR scheduler: total_steps_1=1408, warmup=314; total_steps_2=1408, warmup=314
2026-03-01 01:24:39,730 - lg_cotrain - INFO - Phase 1 done -> seeded Phase 2 trackers. lambda1: mean=0.2769, range=[0.0091, 0.6987]
2026-03-01 01:24:39,731 - lg_cotrain - INFO - Phase 1 done -> seeded Phase 2 trackers. lambda2: mean=0.1648, range=[0.0153, 0.6034]
2026-03-01 01:26:04,097 - lg_cotrain - INFO - Phase 2 epoch 1/6: loss1=0.2097, loss2=0.3097, dev_macro_f1=0.4586, dev_err=30.71%
2026-03-01 01:27:27,769 - lg_cotrain - INFO - Phase 2 epoch 2/6: loss1=0.0609, loss2=0.2582, dev_macro_f1=0.5096, dev_err=28.38%
2026-03-01 01:28:52,214 - lg_cotrain - INFO - Phase 2 epoch 3/6: loss1=0.0492, loss2=0.2036, dev_macro_f1=0.5558, dev_err=27.89%
2026-03-01 01:30:17,054 - lg_cotrain - INFO - Phase 2 epoch 4/6: loss1=0.0261, loss2=0.1243, dev_macro_f1=0.5583, dev_err=27.15%
2026-03-01 01:31:41,195 - lg_cotrain - INFO - Phase 2 epoch 5/6: loss1=0.0195, loss2=0.0623, dev_macro_f1=0.5418, dev_err=28.38%
2026-03-01 01:33:05,069 - lg_cotrain - INFO - Phase 2 epoch 6/6: loss1=0.0137, loss2=0.0410, dev_macro_f1=0.5694, dev_err=27.89%
2026-03-01 01:33:05,070 - lg_cotrain - INFO - === Phase 3: Fine-Tuning ===
2026-03-01 01:33:10,124 - lg_cotrain - INFO - Phase 3 epoch 1: dev_macro_f1=0.5431, dev_err=32.31%, es_counter1=0, es_counter2=0
2026-03-01 01:33:15,014 - lg_cotrain - INFO - Phase 3 epoch 2: dev_macro_f1=0.5044, dev_err=42.14%, es_counter1=1, es_counter2=1
2026-03-01 01:33:19,607 - lg_cotrain - INFO - Phase 3 epoch 3: dev_macro_f1=0.5479, dev_err=38.82%, es_counter1=0, es_counter2=0
2026-03-01 01:33:24,300 - lg_cotrain - INFO - Phase 3 epoch 4: dev_macro_f1=0.5774, dev_err=35.01%, es_counter1=0, es_counter2=0
2026-03-01 01:33:28,988 - lg_cotrain - INFO - Phase 3 epoch 5: dev_macro_f1=0.5682, dev_err=35.01%, es_counter1=1, es_counter2=1
2026-03-01 01:33:33,196 - lg_cotrain - INFO - Phase 3 epoch 6: dev_macro_f1=0.5618, dev_err=34.64%, es_counter1=2, es_counter2=2
2026-03-01 01:33:37,712 - lg_cotrain - INFO - Phase 3 epoch 7: dev_macro_f1=0.5528, dev_err=34.89%, es_counter1=3, es_counter2=3
2026-03-01 01:33:42,490 - lg_cotrain - INFO - Phase 3 epoch 8: dev_macro_f1=0.5512, dev_err=35.14%, es_counter1=4, es_counter2=4
2026-03-01 01:33:47,489 - lg_cotrain - INFO - Phase 3 epoch 9: dev_macro_f1=0.5527, dev_err=34.89%, es_counter1=5, es_counter2=5
2026-03-01 01:33:52,477 - lg_cotrain - INFO - Phase 3 epoch 10: dev_macro_f1=0.5570, dev_err=34.28%, es_counter1=6, es_counter2=6
2026-03-01 01:33:52,477 - lg_cotrain - INFO - Early stopping at epoch 10
2026-03-01 01:33:52,486 - lg_cotrain - INFO - === Final Evaluation ===
2026-03-01 01:34:04,718 - lg_cotrain - INFO - Results saved to C:\Users\anhtr\AppData\Local\Temp\tmpkmfjzq3l\kerala_floods_2018\25_set1\metrics.json
2026-03-01 01:34:04,718 - lg_cotrain - INFO - Test error rate: 36.28%, Test macro-F1: 0.5346, Test ECE: 0.0848
2026-03-01 01:34:04,728 - lg_cotrain - INFO - --- Trial 5/10 done: dev_macro_f1=0.5774 ---
2026-03-01 01:34:04,728 - lg_cotrain - INFO - --- Trial 6/10 ---
2026-03-01 01:34:05,209 - lg_cotrain - INFO - Starting LG-CoTrain: event=kerala_floods_2018, budget=25, seed_set=1
2026-03-01 01:34:05,245 - lg_cotrain - INFO - Detected 9 classes for event kerala_floods_2018: ['caution_and_advice', 'displaced_people_and_evacuations', 'infrastructure_and_utility_damage', 'injured_or_dead_people', 'not_humanitarian', 'other_relevant_information', 'requests_or_urgent_needs', 'rescue_volunteering_or_donation_effort', 'sympathy_and_support']
2026-03-01 01:34:05,254 - lg_cotrain - INFO - D_l1: 117, D_l2: 108, D_LG: 5363
2026-03-01 01:34:05,255 - lg_cotrain - INFO - === Phase 1: Weight Generation ===
2026-03-01 01:34:38,602 - lg_cotrain - INFO - Phase 1 epoch 1/7: mean_prob1=0.1123, mean_prob2=0.0962
2026-03-01 01:35:10,975 - lg_cotrain - INFO - Phase 1 epoch 2/7: mean_prob1=0.1009, mean_prob2=0.1073
2026-03-01 01:35:43,645 - lg_cotrain - INFO - Phase 1 epoch 3/7: mean_prob1=0.1175, mean_prob2=0.1224
2026-03-01 01:36:16,059 - lg_cotrain - INFO - Phase 1 epoch 4/7: mean_prob1=0.1130, mean_prob2=0.1091
2026-03-01 01:36:48,315 - lg_cotrain - INFO - Phase 1 epoch 5/7: mean_prob1=0.1145, mean_prob2=0.1099
2026-03-01 01:37:21,044 - lg_cotrain - INFO - Phase 1 epoch 6/7: mean_prob1=0.1463, mean_prob2=0.1094
2026-03-01 01:37:53,454 - lg_cotrain - INFO - Phase 1 epoch 7/7: mean_prob1=0.2297, mean_prob2=0.1097
2026-03-01 01:37:53,454 - lg_cotrain - INFO - === Phase 2: Co-Training ===
2026-03-01 01:37:54,461 - lg_cotrain - INFO - LR scheduler: total_steps_1=1460, warmup=209; total_steps_2=1460, warmup=209
2026-03-01 01:37:54,462 - lg_cotrain - INFO - Phase 1 done -> seeded Phase 2 trackers. lambda1: mean=0.2297, range=[0.0180, 0.5556]
2026-03-01 01:37:54,462 - lg_cotrain - INFO - Phase 1 done -> seeded Phase 2 trackers. lambda2: mean=0.1097, range=[0.0704, 0.1703]
2026-03-01 01:39:14,553 - lg_cotrain - INFO - Phase 2 epoch 1/15: loss1=0.1393, loss2=0.2187, dev_macro_f1=0.4352, dev_err=30.10%
2026-03-01 01:40:34,338 - lg_cotrain - INFO - Phase 2 epoch 2/15: loss1=0.0528, loss2=0.3461, dev_macro_f1=0.4778, dev_err=27.76%
2026-03-01 01:41:54,622 - lg_cotrain - INFO - Phase 2 epoch 3/15: loss1=0.0697, loss2=0.7260, dev_macro_f1=0.2620, dev_err=37.84%
2026-03-01 01:43:14,210 - lg_cotrain - INFO - Phase 2 epoch 4/15: loss1=0.0444, loss2=1.1231, dev_macro_f1=0.2165, dev_err=40.29%
2026-03-01 01:44:33,330 - lg_cotrain - INFO - Phase 2 epoch 5/15: loss1=0.0442, loss2=1.1120, dev_macro_f1=0.0777, dev_err=46.19%
2026-03-01 01:45:52,279 - lg_cotrain - INFO - Phase 2 epoch 6/15: loss1=0.0333, loss2=1.0543, dev_macro_f1=0.0777, dev_err=46.19%
2026-03-01 01:47:11,657 - lg_cotrain - INFO - Phase 2 epoch 7/15: loss1=0.0285, loss2=1.0019, dev_macro_f1=0.0777, dev_err=46.19%
2026-03-01 01:48:30,613 - lg_cotrain - INFO - Phase 2 epoch 8/15: loss1=0.0265, loss2=0.9486, dev_macro_f1=0.0777, dev_err=46.19%
2026-03-01 01:49:49,914 - lg_cotrain - INFO - Phase 2 epoch 9/15: loss1=0.0238, loss2=0.9046, dev_macro_f1=0.0777, dev_err=46.19%
2026-03-01 01:51:09,117 - lg_cotrain - INFO - Phase 2 epoch 10/15: loss1=0.0230, loss2=0.8649, dev_macro_f1=0.0777, dev_err=46.19%
2026-03-01 01:52:28,239 - lg_cotrain - INFO - Phase 2 epoch 11/15: loss1=0.0224, loss2=0.8272, dev_macro_f1=0.0777, dev_err=46.19%
2026-03-01 01:53:47,661 - lg_cotrain - INFO - Phase 2 epoch 12/15: loss1=0.0228, loss2=0.7987, dev_macro_f1=0.0777, dev_err=46.19%
2026-03-01 01:55:06,941 - lg_cotrain - INFO - Phase 2 epoch 13/15: loss1=0.0223, loss2=0.7705, dev_macro_f1=0.0777, dev_err=46.19%
2026-03-01 01:56:26,321 - lg_cotrain - INFO - Phase 2 epoch 14/15: loss1=0.0212, loss2=0.7420, dev_macro_f1=0.0777, dev_err=46.19%
2026-03-01 01:57:45,680 - lg_cotrain - INFO - Phase 2 epoch 15/15: loss1=0.0213, loss2=0.7205, dev_macro_f1=0.0777, dev_err=46.19%
2026-03-01 01:57:45,680 - lg_cotrain - INFO - === Phase 3: Fine-Tuning ===
2026-03-01 01:57:50,370 - lg_cotrain - INFO - Phase 3 epoch 1: dev_macro_f1=0.0777, dev_err=46.19%, es_counter1=0, es_counter2=0
2026-03-01 01:57:54,838 - lg_cotrain - INFO - Phase 3 epoch 2: dev_macro_f1=0.0777, dev_err=46.19%, es_counter1=1, es_counter2=1
2026-03-01 01:57:59,070 - lg_cotrain - INFO - Phase 3 epoch 3: dev_macro_f1=0.0777, dev_err=46.19%, es_counter1=2, es_counter2=2
2026-03-01 01:58:03,072 - lg_cotrain - INFO - Phase 3 epoch 4: dev_macro_f1=0.0777, dev_err=46.19%, es_counter1=3, es_counter2=3
2026-03-01 01:58:06,904 - lg_cotrain - INFO - Phase 3 epoch 5: dev_macro_f1=0.0777, dev_err=46.19%, es_counter1=4, es_counter2=4
2026-03-01 01:58:10,926 - lg_cotrain - INFO - Phase 3 epoch 6: dev_macro_f1=0.0777, dev_err=46.19%, es_counter1=5, es_counter2=5
2026-03-01 01:58:15,010 - lg_cotrain - INFO - Phase 3 epoch 7: dev_macro_f1=0.0079, dev_err=96.31%, es_counter1=6, es_counter2=6
2026-03-01 01:58:18,941 - lg_cotrain - INFO - Phase 3 epoch 8: dev_macro_f1=0.0079, dev_err=96.31%, es_counter1=7, es_counter2=7
2026-03-01 01:58:18,941 - lg_cotrain - INFO - Early stopping at epoch 8
2026-03-01 01:58:18,951 - lg_cotrain - INFO - === Final Evaluation ===
2026-03-01 01:58:29,171 - lg_cotrain - INFO - Results saved to C:\Users\anhtr\AppData\Local\Temp\tmpjxwe4d5g\kerala_floods_2018\25_set1\metrics.json
2026-03-01 01:58:29,171 - lg_cotrain - INFO - Test error rate: 46.21%, Test macro-F1: 0.0777, Test ECE: 0.3159
2026-03-01 01:58:29,182 - lg_cotrain - INFO - --- Trial 6/10 done: dev_macro_f1=0.0777 ---
2026-03-01 01:58:29,182 - lg_cotrain - INFO - --- Trial 7/10 ---
2026-03-01 01:58:29,746 - lg_cotrain - INFO - Starting LG-CoTrain: event=kerala_floods_2018, budget=25, seed_set=1
2026-03-01 01:58:29,787 - lg_cotrain - INFO - Detected 9 classes for event kerala_floods_2018: ['caution_and_advice', 'displaced_people_and_evacuations', 'infrastructure_and_utility_damage', 'injured_or_dead_people', 'not_humanitarian', 'other_relevant_information', 'requests_or_urgent_needs', 'rescue_volunteering_or_donation_effort', 'sympathy_and_support']
2026-03-01 01:58:29,795 - lg_cotrain - INFO - D_l1: 117, D_l2: 108, D_LG: 5363
2026-03-01 01:58:29,796 - lg_cotrain - INFO - === Phase 1: Weight Generation ===
2026-03-01 01:59:04,227 - lg_cotrain - INFO - Phase 1 epoch 1/7: mean_prob1=0.1282, mean_prob2=0.1032
2026-03-01 01:59:37,308 - lg_cotrain - INFO - Phase 1 epoch 2/7: mean_prob1=0.1051, mean_prob2=0.1047
2026-03-01 02:00:10,460 - lg_cotrain - INFO - Phase 1 epoch 3/7: mean_prob1=0.1778, mean_prob2=0.1193
2026-03-01 02:00:43,815 - lg_cotrain - INFO - Phase 1 epoch 4/7: mean_prob1=0.2149, mean_prob2=0.1112
2026-03-01 02:01:17,048 - lg_cotrain - INFO - Phase 1 epoch 5/7: mean_prob1=0.2689, mean_prob2=0.1155
2026-03-01 02:01:50,123 - lg_cotrain - INFO - Phase 1 epoch 6/7: mean_prob1=0.3271, mean_prob2=0.1090
2026-03-01 02:02:23,545 - lg_cotrain - INFO - Phase 1 epoch 7/7: mean_prob1=0.3724, mean_prob2=0.1116
2026-03-01 02:02:23,546 - lg_cotrain - INFO - === Phase 2: Co-Training ===
2026-03-01 02:02:24,572 - lg_cotrain - INFO - LR scheduler: total_steps_1=3256, warmup=704; total_steps_2=3256, warmup=704
2026-03-01 02:02:24,573 - lg_cotrain - INFO - Phase 1 done -> seeded Phase 2 trackers. lambda1: mean=0.3724, range=[0.0036, 0.8719]
2026-03-01 02:02:24,573 - lg_cotrain - INFO - Phase 1 done -> seeded Phase 2 trackers. lambda2: mean=0.1116, range=[0.0749, 0.2255]
2026-03-01 02:03:49,287 - lg_cotrain - INFO - Phase 2 epoch 1/17: loss1=0.1534, loss2=0.4190, dev_macro_f1=0.4226, dev_err=30.59%
2026-03-01 02:05:13,492 - lg_cotrain - INFO - Phase 2 epoch 2/17: loss1=0.0582, loss2=0.2818, dev_macro_f1=0.5231, dev_err=26.90%
2026-03-01 02:06:37,807 - lg_cotrain - INFO - Phase 2 epoch 3/17: loss1=0.0476, loss2=0.2642, dev_macro_f1=0.5521, dev_err=27.03%
2026-03-01 02:08:01,804 - lg_cotrain - INFO - Phase 2 epoch 4/17: loss1=0.0667, loss2=0.2707, dev_macro_f1=0.5123, dev_err=29.85%
2026-03-01 02:09:25,569 - lg_cotrain - INFO - Phase 2 epoch 5/17: loss1=0.0985, loss2=0.3220, dev_macro_f1=0.5373, dev_err=29.36%
2026-03-01 02:10:49,643 - lg_cotrain - INFO - Phase 2 epoch 6/17: loss1=0.0872, loss2=0.1960, dev_macro_f1=0.4917, dev_err=29.24%
2026-03-01 02:12:13,691 - lg_cotrain - INFO - Phase 2 epoch 7/17: loss1=0.0870, loss2=0.1134, dev_macro_f1=0.5708, dev_err=28.62%
2026-03-01 02:13:37,656 - lg_cotrain - INFO - Phase 2 epoch 8/17: loss1=0.0810, loss2=0.0751, dev_macro_f1=0.5358, dev_err=29.24%
2026-03-01 02:15:02,015 - lg_cotrain - INFO - Phase 2 epoch 9/17: loss1=0.0424, loss2=0.0724, dev_macro_f1=0.5463, dev_err=28.75%
2026-03-01 02:16:25,968 - lg_cotrain - INFO - Phase 2 epoch 10/17: loss1=0.0253, loss2=0.0448, dev_macro_f1=0.5228, dev_err=29.61%
2026-03-01 02:17:49,645 - lg_cotrain - INFO - Phase 2 epoch 11/17: loss1=0.0202, loss2=0.0274, dev_macro_f1=0.5420, dev_err=29.98%
2026-03-01 02:19:13,407 - lg_cotrain - INFO - Phase 2 epoch 12/17: loss1=0.0185, loss2=0.0190, dev_macro_f1=0.5571, dev_err=28.87%
2026-03-01 02:20:36,967 - lg_cotrain - INFO - Phase 2 epoch 13/17: loss1=0.0127, loss2=0.0194, dev_macro_f1=0.5755, dev_err=30.34%
2026-03-01 02:22:00,781 - lg_cotrain - INFO - Phase 2 epoch 14/17: loss1=0.0111, loss2=0.0161, dev_macro_f1=0.5593, dev_err=28.62%
2026-03-01 02:23:24,247 - lg_cotrain - INFO - Phase 2 epoch 15/17: loss1=0.0091, loss2=0.0039, dev_macro_f1=0.5521, dev_err=29.12%
2026-03-01 02:24:47,672 - lg_cotrain - INFO - Phase 2 epoch 16/17: loss1=0.0078, loss2=0.0029, dev_macro_f1=0.5564, dev_err=28.75%
2026-03-01 02:26:11,249 - lg_cotrain - INFO - Phase 2 epoch 17/17: loss1=0.0061, loss2=0.0047, dev_macro_f1=0.5589, dev_err=28.99%
2026-03-01 02:26:11,249 - lg_cotrain - INFO - === Phase 3: Fine-Tuning ===
2026-03-01 02:26:16,229 - lg_cotrain - INFO - Phase 3 epoch 1: dev_macro_f1=0.5467, dev_err=32.68%, es_counter1=0, es_counter2=0
2026-03-01 02:26:20,765 - lg_cotrain - INFO - Phase 3 epoch 2: dev_macro_f1=0.4924, dev_err=40.54%, es_counter1=1, es_counter2=1
2026-03-01 02:26:25,184 - lg_cotrain - INFO - Phase 3 epoch 3: dev_macro_f1=0.5095, dev_err=41.77%, es_counter1=2, es_counter2=2
2026-03-01 02:26:29,686 - lg_cotrain - INFO - Phase 3 epoch 4: dev_macro_f1=0.5117, dev_err=41.40%, es_counter1=3, es_counter2=3
2026-03-01 02:26:34,185 - lg_cotrain - INFO - Phase 3 epoch 5: dev_macro_f1=0.5172, dev_err=39.07%, es_counter1=4, es_counter2=4
2026-03-01 02:26:38,733 - lg_cotrain - INFO - Phase 3 epoch 6: dev_macro_f1=0.5060, dev_err=38.94%, es_counter1=5, es_counter2=5
2026-03-01 02:26:43,373 - lg_cotrain - INFO - Phase 3 epoch 7: dev_macro_f1=0.5101, dev_err=37.71%, es_counter1=6, es_counter2=6
2026-03-01 02:26:47,938 - lg_cotrain - INFO - Phase 3 epoch 8: dev_macro_f1=0.5132, dev_err=36.98%, es_counter1=7, es_counter2=7
2026-03-01 02:26:52,439 - lg_cotrain - INFO - Phase 3 epoch 9: dev_macro_f1=0.5025, dev_err=37.71%, es_counter1=8, es_counter2=8
2026-03-01 02:26:56,820 - lg_cotrain - INFO - Phase 3 epoch 10: dev_macro_f1=0.4968, dev_err=38.08%, es_counter1=9, es_counter2=9
2026-03-01 02:27:01,244 - lg_cotrain - INFO - Phase 3 epoch 11: dev_macro_f1=0.5000, dev_err=37.96%, es_counter1=10, es_counter2=10
2026-03-01 02:27:01,244 - lg_cotrain - INFO - Early stopping at epoch 11
2026-03-01 02:27:01,254 - lg_cotrain - INFO - === Final Evaluation ===
2026-03-01 02:27:12,379 - lg_cotrain - INFO - Results saved to C:\Users\anhtr\AppData\Local\Temp\tmpongb5iex\kerala_floods_2018\25_set1\metrics.json
2026-03-01 02:27:12,379 - lg_cotrain - INFO - Test error rate: 33.82%, Test macro-F1: 0.5269, Test ECE: 0.1844
2026-03-01 02:27:12,390 - lg_cotrain - INFO - --- Trial 7/10 done: dev_macro_f1=0.5467 ---
2026-03-01 02:27:12,391 - lg_cotrain - INFO - --- Trial 8/10 ---
2026-03-01 02:27:12,883 - lg_cotrain - INFO - Starting LG-CoTrain: event=kerala_floods_2018, budget=25, seed_set=1
2026-03-01 02:27:12,922 - lg_cotrain - INFO - Detected 9 classes for event kerala_floods_2018: ['caution_and_advice', 'displaced_people_and_evacuations', 'infrastructure_and_utility_damage', 'injured_or_dead_people', 'not_humanitarian', 'other_relevant_information', 'requests_or_urgent_needs', 'rescue_volunteering_or_donation_effort', 'sympathy_and_support']
2026-03-01 02:27:12,931 - lg_cotrain - INFO - D_l1: 117, D_l2: 108, D_LG: 5363
2026-03-01 02:27:12,933 - lg_cotrain - INFO - === Phase 1: Weight Generation ===
2026-03-01 02:27:46,909 - lg_cotrain - INFO - Phase 1 epoch 1/7: mean_prob1=0.1225, mean_prob2=0.1452
2026-03-01 02:28:19,923 - lg_cotrain - INFO - Phase 1 epoch 2/7: mean_prob1=0.1201, mean_prob2=0.1400
2026-03-01 02:28:52,738 - lg_cotrain - INFO - Phase 1 epoch 3/7: mean_prob1=0.1243, mean_prob2=0.1423
2026-03-01 02:29:25,732 - lg_cotrain - INFO - Phase 1 epoch 4/7: mean_prob1=0.1272, mean_prob2=0.1308
2026-03-01 02:29:58,689 - lg_cotrain - INFO - Phase 1 epoch 5/7: mean_prob1=0.1274, mean_prob2=0.1339
2026-03-01 02:30:31,698 - lg_cotrain - INFO - Phase 1 epoch 6/7: mean_prob1=0.1288, mean_prob2=0.1372
2026-03-01 02:31:04,611 - lg_cotrain - INFO - Phase 1 epoch 7/7: mean_prob1=0.1307, mean_prob2=0.1281
2026-03-01 02:31:04,611 - lg_cotrain - INFO - === Phase 2: Co-Training ===
2026-03-01 02:31:05,623 - lg_cotrain - INFO - LR scheduler: total_steps_1=1744, warmup=191; total_steps_2=1744, warmup=191
2026-03-01 02:31:05,623 - lg_cotrain - INFO - Phase 1 done -> seeded Phase 2 trackers. lambda1: mean=0.1307, range=[0.0421, 0.2663]
2026-03-01 02:31:05,624 - lg_cotrain - INFO - Phase 1 done -> seeded Phase 2 trackers. lambda2: mean=0.1281, range=[0.0332, 0.3371]
2026-03-01 02:32:29,731 - lg_cotrain - INFO - Phase 2 epoch 1/8: loss1=0.2115, loss2=0.2087, dev_macro_f1=0.1192, dev_err=44.59%
2026-03-01 02:33:53,431 - lg_cotrain - INFO - Phase 2 epoch 2/8: loss1=0.0977, loss2=0.1858, dev_macro_f1=0.3635, dev_err=31.70%
2026-03-01 02:35:17,453 - lg_cotrain - INFO - Phase 2 epoch 3/8: loss1=0.0530, loss2=0.1454, dev_macro_f1=0.4437, dev_err=29.12%
2026-03-01 02:36:41,862 - lg_cotrain - INFO - Phase 2 epoch 4/8: loss1=0.0361, loss2=0.1171, dev_macro_f1=0.4776, dev_err=27.64%
2026-03-01 02:38:06,158 - lg_cotrain - INFO - Phase 2 epoch 5/8: loss1=0.0269, loss2=0.0909, dev_macro_f1=0.5014, dev_err=26.54%
2026-03-01 02:39:30,029 - lg_cotrain - INFO - Phase 2 epoch 6/8: loss1=0.0228, loss2=0.0724, dev_macro_f1=0.4888, dev_err=27.27%
2026-03-01 02:40:53,902 - lg_cotrain - INFO - Phase 2 epoch 7/8: loss1=0.0207, loss2=0.0591, dev_macro_f1=0.4912, dev_err=27.52%
2026-03-01 02:42:17,917 - lg_cotrain - INFO - Phase 2 epoch 8/8: loss1=0.0186, loss2=0.0505, dev_macro_f1=0.4939, dev_err=27.64%
2026-03-01 02:42:17,917 - lg_cotrain - INFO - === Phase 3: Fine-Tuning ===
2026-03-01 02:42:23,140 - lg_cotrain - INFO - Phase 3 epoch 1: dev_macro_f1=0.4925, dev_err=29.24%, es_counter1=0, es_counter2=0
2026-03-01 02:42:28,027 - lg_cotrain - INFO - Phase 3 epoch 2: dev_macro_f1=0.4693, dev_err=34.77%, es_counter1=1, es_counter2=1
2026-03-01 02:42:32,658 - lg_cotrain - INFO - Phase 3 epoch 3: dev_macro_f1=0.4827, dev_err=38.70%, es_counter1=2, es_counter2=2
2026-03-01 02:42:37,144 - lg_cotrain - INFO - Phase 3 epoch 4: dev_macro_f1=0.4975, dev_err=36.24%, es_counter1=0, es_counter2=0
2026-03-01 02:42:41,681 - lg_cotrain - INFO - Phase 3 epoch 5: dev_macro_f1=0.5240, dev_err=32.31%, es_counter1=0, es_counter2=0
2026-03-01 02:42:46,290 - lg_cotrain - INFO - Phase 3 epoch 6: dev_macro_f1=0.5604, dev_err=30.59%, es_counter1=0, es_counter2=0
2026-03-01 02:42:51,045 - lg_cotrain - INFO - Phase 3 epoch 7: dev_macro_f1=0.5617, dev_err=30.10%, es_counter1=0, es_counter2=0
2026-03-01 02:42:56,019 - lg_cotrain - INFO - Phase 3 epoch 8: dev_macro_f1=0.5611, dev_err=30.34%, es_counter1=1, es_counter2=1
2026-03-01 02:43:00,914 - lg_cotrain - INFO - Phase 3 epoch 9: dev_macro_f1=0.5602, dev_err=30.10%, es_counter1=2, es_counter2=2
2026-03-01 02:43:05,791 - lg_cotrain - INFO - Phase 3 epoch 10: dev_macro_f1=0.5642, dev_err=29.61%, es_counter1=0, es_counter2=0
2026-03-01 02:43:10,715 - lg_cotrain - INFO - Phase 3 epoch 11: dev_macro_f1=0.5789, dev_err=29.48%, es_counter1=0, es_counter2=0
2026-03-01 02:43:15,608 - lg_cotrain - INFO - Phase 3 epoch 12: dev_macro_f1=0.5776, dev_err=29.36%, es_counter1=1, es_counter2=1
2026-03-01 02:43:20,096 - lg_cotrain - INFO - Phase 3 epoch 13: dev_macro_f1=0.5719, dev_err=29.73%, es_counter1=2, es_counter2=2
2026-03-01 02:43:24,581 - lg_cotrain - INFO - Phase 3 epoch 14: dev_macro_f1=0.5701, dev_err=29.61%, es_counter1=3, es_counter2=3
2026-03-01 02:43:29,107 - lg_cotrain - INFO - Phase 3 epoch 15: dev_macro_f1=0.5641, dev_err=29.73%, es_counter1=4, es_counter2=4
2026-03-01 02:43:33,570 - lg_cotrain - INFO - Phase 3 epoch 16: dev_macro_f1=0.5617, dev_err=29.73%, es_counter1=5, es_counter2=5
2026-03-01 02:43:33,570 - lg_cotrain - INFO - Early stopping at epoch 16
2026-03-01 02:43:33,581 - lg_cotrain - INFO - === Final Evaluation ===
2026-03-01 02:43:44,896 - lg_cotrain - INFO - Results saved to C:\Users\anhtr\AppData\Local\Temp\tmp8uhac7cj\kerala_floods_2018\25_set1\metrics.json
2026-03-01 02:43:44,896 - lg_cotrain - INFO - Test error rate: 33.12%, Test macro-F1: 0.5151, Test ECE: 0.0998
2026-03-01 02:43:44,908 - lg_cotrain - INFO - --- Trial 8/10 done: dev_macro_f1=0.5789 ---
2026-03-01 02:43:44,909 - lg_cotrain - INFO - --- Trial 9/10 ---
2026-03-01 02:43:45,410 - lg_cotrain - INFO - Starting LG-CoTrain: event=kerala_floods_2018, budget=25, seed_set=1
2026-03-01 02:43:45,448 - lg_cotrain - INFO - Detected 9 classes for event kerala_floods_2018: ['caution_and_advice', 'displaced_people_and_evacuations', 'infrastructure_and_utility_damage', 'injured_or_dead_people', 'not_humanitarian', 'other_relevant_information', 'requests_or_urgent_needs', 'rescue_volunteering_or_donation_effort', 'sympathy_and_support']
2026-03-01 02:43:45,456 - lg_cotrain - INFO - D_l1: 117, D_l2: 108, D_LG: 5363
2026-03-01 02:43:45,457 - lg_cotrain - INFO - === Phase 1: Weight Generation ===
2026-03-01 02:44:19,486 - lg_cotrain - INFO - Phase 1 epoch 1/7: mean_prob1=0.1534, mean_prob2=0.1054
2026-03-01 02:44:52,624 - lg_cotrain - INFO - Phase 1 epoch 2/7: mean_prob1=0.1144, mean_prob2=0.1158
2026-03-01 02:45:25,642 - lg_cotrain - INFO - Phase 1 epoch 3/7: mean_prob1=0.1102, mean_prob2=0.1088
2026-03-01 02:45:58,722 - lg_cotrain - INFO - Phase 1 epoch 4/7: mean_prob1=0.0948, mean_prob2=0.1004
2026-03-01 02:46:31,703 - lg_cotrain - INFO - Phase 1 epoch 5/7: mean_prob1=0.1053, mean_prob2=0.1304
2026-03-01 02:47:04,718 - lg_cotrain - INFO - Phase 1 epoch 6/7: mean_prob1=0.0912, mean_prob2=0.1001
2026-03-01 02:47:37,865 - lg_cotrain - INFO - Phase 1 epoch 7/7: mean_prob1=0.1410, mean_prob2=0.0989
2026-03-01 02:47:37,865 - lg_cotrain - INFO - === Phase 2: Co-Training ===
2026-03-01 02:47:38,916 - lg_cotrain - INFO - LR scheduler: total_steps_1=3424, warmup=398; total_steps_2=3424, warmup=398
2026-03-01 02:47:38,916 - lg_cotrain - INFO - Phase 1 done -> seeded Phase 2 trackers. lambda1: mean=0.1410, range=[0.0260, 0.2084]
2026-03-01 02:47:38,916 - lg_cotrain - INFO - Phase 1 done -> seeded Phase 2 trackers. lambda2: mean=0.0989, range=[0.0823, 0.1506]
2026-03-01 02:49:03,507 - lg_cotrain - INFO - Phase 2 epoch 1/18: loss1=0.1204, loss2=0.1427, dev_macro_f1=0.4986, dev_err=34.77%
2026-03-01 02:50:27,544 - lg_cotrain - INFO - Phase 2 epoch 2/18: loss1=0.0715, loss2=0.7624, dev_macro_f1=0.2395, dev_err=38.57%
2026-03-01 02:51:51,836 - lg_cotrain - INFO - Phase 2 epoch 3/18: loss1=0.0358, loss2=1.0161, dev_macro_f1=0.0779, dev_err=46.19%
2026-03-01 02:53:16,401 - lg_cotrain - INFO - Phase 2 epoch 4/18: loss1=0.0362, loss2=0.9471, dev_macro_f1=0.0777, dev_err=46.19%
2026-03-01 02:54:41,257 - lg_cotrain - INFO - Phase 2 epoch 5/18: loss1=0.0398, loss2=0.8914, dev_macro_f1=0.0777, dev_err=46.19%
2026-03-01 02:56:05,306 - lg_cotrain - INFO - Phase 2 epoch 6/18: loss1=0.0280, loss2=0.8327, dev_macro_f1=0.0777, dev_err=46.19%
2026-03-01 02:57:28,937 - lg_cotrain - INFO - Phase 2 epoch 7/18: loss1=0.0232, loss2=0.7795, dev_macro_f1=0.0777, dev_err=46.19%
2026-03-01 02:58:52,463 - lg_cotrain - INFO - Phase 2 epoch 8/18: loss1=0.0200, loss2=0.7359, dev_macro_f1=0.0777, dev_err=46.19%
2026-03-01 03:00:16,116 - lg_cotrain - INFO - Phase 2 epoch 9/18: loss1=0.0179, loss2=0.7023, dev_macro_f1=0.0777, dev_err=46.19%
2026-03-01 03:01:39,710 - lg_cotrain - INFO - Phase 2 epoch 10/18: loss1=0.0167, loss2=0.6687, dev_macro_f1=0.0777, dev_err=46.19%
2026-03-01 03:03:03,804 - lg_cotrain - INFO - Phase 2 epoch 11/18: loss1=0.0153, loss2=0.6397, dev_macro_f1=0.0777, dev_err=46.19%
2026-03-01 03:04:27,874 - lg_cotrain - INFO - Phase 2 epoch 12/18: loss1=0.0156, loss2=0.6168, dev_macro_f1=0.0777, dev_err=46.19%
2026-03-01 03:05:52,015 - lg_cotrain - INFO - Phase 2 epoch 13/18: loss1=0.0152, loss2=0.5917, dev_macro_f1=0.0777, dev_err=46.19%
2026-03-01 03:07:15,778 - lg_cotrain - INFO - Phase 2 epoch 14/18: loss1=0.0148, loss2=0.5737, dev_macro_f1=0.0777, dev_err=46.19%
2026-03-01 03:08:39,505 - lg_cotrain - INFO - Phase 2 epoch 15/18: loss1=0.0141, loss2=0.5531, dev_macro_f1=0.0777, dev_err=46.19%
2026-03-01 03:10:03,513 - lg_cotrain - INFO - Phase 2 epoch 16/18: loss1=0.0135, loss2=0.5364, dev_macro_f1=0.0777, dev_err=46.19%
2026-03-01 03:11:27,638 - lg_cotrain - INFO - Phase 2 epoch 17/18: loss1=0.0132, loss2=0.5219, dev_macro_f1=0.0777, dev_err=46.19%
2026-03-01 03:12:51,868 - lg_cotrain - INFO - Phase 2 epoch 18/18: loss1=0.0129, loss2=0.5074, dev_macro_f1=0.0777, dev_err=46.19%
2026-03-01 03:12:51,868 - lg_cotrain - INFO - === Phase 3: Fine-Tuning ===
2026-03-01 03:12:57,088 - lg_cotrain - INFO - Phase 3 epoch 1: dev_macro_f1=0.0777, dev_err=46.19%, es_counter1=0, es_counter2=0
2026-03-01 03:13:02,104 - lg_cotrain - INFO - Phase 3 epoch 2: dev_macro_f1=0.0777, dev_err=46.19%, es_counter1=1, es_counter2=1
2026-03-01 03:13:06,878 - lg_cotrain - INFO - Phase 3 epoch 3: dev_macro_f1=0.0097, dev_err=95.45%, es_counter1=2, es_counter2=2
2026-03-01 03:13:11,603 - lg_cotrain - INFO - Phase 3 epoch 4: dev_macro_f1=0.0153, dev_err=92.63%, es_counter1=3, es_counter2=3
2026-03-01 03:13:16,156 - lg_cotrain - INFO - Phase 3 epoch 5: dev_macro_f1=0.0016, dev_err=99.26%, es_counter1=4, es_counter2=4
2026-03-01 03:13:20,704 - lg_cotrain - INFO - Phase 3 epoch 6: dev_macro_f1=0.0038, dev_err=98.28%, es_counter1=5, es_counter2=5
2026-03-01 03:13:25,312 - lg_cotrain - INFO - Phase 3 epoch 7: dev_macro_f1=0.0038, dev_err=98.28%, es_counter1=6, es_counter2=6
2026-03-01 03:13:25,312 - lg_cotrain - INFO - Early stopping at epoch 7
2026-03-01 03:13:25,322 - lg_cotrain - INFO - === Final Evaluation ===
2026-03-01 03:13:36,956 - lg_cotrain - INFO - Results saved to C:\Users\anhtr\AppData\Local\Temp\tmpck87c3dv\kerala_floods_2018\25_set1\metrics.json
2026-03-01 03:13:36,956 - lg_cotrain - INFO - Test error rate: 46.21%, Test macro-F1: 0.0777, Test ECE: 0.3210
2026-03-01 03:13:36,967 - lg_cotrain - INFO - --- Trial 9/10 done: dev_macro_f1=0.0777 ---
2026-03-01 03:13:36,968 - lg_cotrain - INFO - --- Trial 10/10 ---
2026-03-01 03:13:37,485 - lg_cotrain - INFO - Starting LG-CoTrain: event=kerala_floods_2018, budget=25, seed_set=1
2026-03-01 03:13:37,561 - lg_cotrain - INFO - Detected 9 classes for event kerala_floods_2018: ['caution_and_advice', 'displaced_people_and_evacuations', 'infrastructure_and_utility_damage', 'injured_or_dead_people', 'not_humanitarian', 'other_relevant_information', 'requests_or_urgent_needs', 'rescue_volunteering_or_donation_effort', 'sympathy_and_support']
2026-03-01 03:13:37,575 - lg_cotrain - INFO - D_l1: 117, D_l2: 108, D_LG: 5363
2026-03-01 03:13:37,576 - lg_cotrain - INFO - === Phase 1: Weight Generation ===
2026-03-01 03:14:11,188 - lg_cotrain - INFO - Phase 1 epoch 1/7: mean_prob1=0.1181, mean_prob2=0.1331
2026-03-01 03:14:43,836 - lg_cotrain - INFO - Phase 1 epoch 2/7: mean_prob1=0.1247, mean_prob2=0.1347
2026-03-01 03:15:16,246 - lg_cotrain - INFO - Phase 1 epoch 3/7: mean_prob1=0.1290, mean_prob2=0.1432
2026-03-01 03:15:48,640 - lg_cotrain - INFO - Phase 1 epoch 4/7: mean_prob1=0.1353, mean_prob2=0.1382
2026-03-01 03:16:20,936 - lg_cotrain - INFO - Phase 1 epoch 5/7: mean_prob1=0.1395, mean_prob2=0.1291
2026-03-01 03:16:53,397 - lg_cotrain - INFO - Phase 1 epoch 6/7: mean_prob1=0.1456, mean_prob2=0.1398
2026-03-01 03:17:25,774 - lg_cotrain - INFO - Phase 1 epoch 7/7: mean_prob1=0.1542, mean_prob2=0.1552
2026-03-01 03:17:25,774 - lg_cotrain - INFO - === Phase 2: Co-Training ===
2026-03-01 03:17:26,803 - lg_cotrain - INFO - LR scheduler: total_steps_1=788, warmup=117; total_steps_2=788, warmup=117
2026-03-01 03:17:26,803 - lg_cotrain - INFO - Phase 1 done -> seeded Phase 2 trackers. lambda1: mean=0.1542, range=[0.0435, 0.3087]
2026-03-01 03:17:26,803 - lg_cotrain - INFO - Phase 1 done -> seeded Phase 2 trackers. lambda2: mean=0.1552, range=[0.0270, 0.3619]
2026-03-01 03:18:46,825 - lg_cotrain - INFO - Phase 2 epoch 1/7: loss1=0.2321, loss2=0.2322, dev_macro_f1=0.1874, dev_err=40.91%
2026-03-01 03:20:05,990 - lg_cotrain - INFO - Phase 2 epoch 2/7: loss1=0.0880, loss2=0.1777, dev_macro_f1=0.4785, dev_err=26.78%
2026-03-01 03:21:25,350 - lg_cotrain - INFO - Phase 2 epoch 3/7: loss1=0.0362, loss2=0.1399, dev_macro_f1=0.4756, dev_err=27.64%
2026-03-01 03:22:44,825 - lg_cotrain - INFO - Phase 2 epoch 4/7: loss1=0.0232, loss2=0.0969, dev_macro_f1=0.4998, dev_err=26.66%
2026-03-01 03:24:04,080 - lg_cotrain - INFO - Phase 2 epoch 5/7: loss1=0.0182, loss2=0.0598, dev_macro_f1=0.5333, dev_err=27.27%
2026-03-01 03:25:23,150 - lg_cotrain - INFO - Phase 2 epoch 6/7: loss1=0.0125, loss2=0.0424, dev_macro_f1=0.5159, dev_err=28.38%
2026-03-01 03:26:42,897 - lg_cotrain - INFO - Phase 2 epoch 7/7: loss1=0.0100, loss2=0.0308, dev_macro_f1=0.5133, dev_err=28.38%
2026-03-01 03:26:42,898 - lg_cotrain - INFO - === Phase 3: Fine-Tuning ===
2026-03-01 03:26:47,834 - lg_cotrain - INFO - Phase 3 epoch 1: dev_macro_f1=0.5244, dev_err=29.48%, es_counter1=0, es_counter2=0
2026-03-01 03:26:52,265 - lg_cotrain - INFO - Phase 3 epoch 2: dev_macro_f1=0.5351, dev_err=33.17%, es_counter1=0, es_counter2=0
2026-03-01 03:26:56,386 - lg_cotrain - INFO - Phase 3 epoch 3: dev_macro_f1=0.5430, dev_err=37.71%, es_counter1=0, es_counter2=0
2026-03-01 03:27:00,575 - lg_cotrain - INFO - Phase 3 epoch 4: dev_macro_f1=0.5423, dev_err=37.71%, es_counter1=1, es_counter2=1
2026-03-01 03:27:04,772 - lg_cotrain - INFO - Phase 3 epoch 5: dev_macro_f1=0.5622, dev_err=34.52%, es_counter1=0, es_counter2=0
2026-03-01 03:27:09,037 - lg_cotrain - INFO - Phase 3 epoch 6: dev_macro_f1=0.5788, dev_err=31.70%, es_counter1=0, es_counter2=0
2026-03-01 03:27:13,155 - lg_cotrain - INFO - Phase 3 epoch 7: dev_macro_f1=0.5813, dev_err=30.71%, es_counter1=0, es_counter2=0
2026-03-01 03:27:17,450 - lg_cotrain - INFO - Phase 3 epoch 8: dev_macro_f1=0.5819, dev_err=30.34%, es_counter1=0, es_counter2=0
2026-03-01 03:27:21,685 - lg_cotrain - INFO - Phase 3 epoch 9: dev_macro_f1=0.5796, dev_err=29.98%, es_counter1=1, es_counter2=1
2026-03-01 03:27:25,764 - lg_cotrain - INFO - Phase 3 epoch 10: dev_macro_f1=0.5741, dev_err=30.10%, es_counter1=2, es_counter2=2
2026-03-01 03:27:29,818 - lg_cotrain - INFO - Phase 3 epoch 11: dev_macro_f1=0.5692, dev_err=30.34%, es_counter1=3, es_counter2=3
2026-03-01 03:27:33,887 - lg_cotrain - INFO - Phase 3 epoch 12: dev_macro_f1=0.5731, dev_err=30.34%, es_counter1=4, es_counter2=4
2026-03-01 03:27:37,933 - lg_cotrain - INFO - Phase 3 epoch 13: dev_macro_f1=0.5716, dev_err=30.59%, es_counter1=5, es_counter2=5
2026-03-01 03:27:42,037 - lg_cotrain - INFO - Phase 3 epoch 14: dev_macro_f1=0.5714, dev_err=30.84%, es_counter1=6, es_counter2=6
2026-03-01 03:27:45,951 - lg_cotrain - INFO - Phase 3 epoch 15: dev_macro_f1=0.5711, dev_err=31.82%, es_counter1=7, es_counter2=7
2026-03-01 03:27:45,951 - lg_cotrain - INFO - Early stopping at epoch 15
2026-03-01 03:27:45,961 - lg_cotrain - INFO - === Final Evaluation ===
2026-03-01 03:27:56,684 - lg_cotrain - INFO - Results saved to C:\Users\anhtr\AppData\Local\Temp\tmpwhe4uxk6\kerala_floods_2018\25_set1\metrics.json
2026-03-01 03:27:56,684 - lg_cotrain - INFO - Test error rate: 32.49%, Test macro-F1: 0.5602, Test ECE: 0.0830
2026-03-01 03:27:56,694 - lg_cotrain - INFO - --- Trial 10/10 done: dev_macro_f1=0.5819 ---
